0 0
1 1825
2 3150
3 2075
4 1950
5 2200
6 3675
7 3050
8 3175
9 3175
10 2525
11 2950
12 4100
13 4175
14 5150
15 3150
16 2925
17 4075
18 5625
19 7775
20 4775
21 4600
22 4175
23 3025
24 2500
25 3975
26 3525
27 3100
28 2025
29 2850
30 3000
31 3100
32 2450
33 6150
34 4900
35 3475
36 2525
37 3200
38 3825
39 3000
40 3775
41 4100
42 3200
43 2975
44 4275
45 5000
46 6475
47 2825
48 2875
49 2825
50 3250
51 4050
52 3500
53 2325
54 4425
55 3925
56 2375
57 2025
58 3750
59 2950
60 2625
61 4325
62 2475
63 3375
64 1900
65 2175
66 3200
67 3025
68 3475
69 2700
70 3675
71 1800
72 3625
73 2475
74 2800
75 3650
76 2400
77 1700
78 2550
79 3200
80 4875
81 2100
82 3200
83 2000
84 5325
85 2575
86 2700
87 6650
88 3000
89 2400
90 1800
91 2950
92 2200
93 2300
94 3100
95 3950
96 1800
97 4250
98 4600
99 2625
100 2600
101 1900
102 2350
103 3575
104 3000
105 2075
106 3075
107 3350
108 2825
109 1475
110 2200
111 1900
112 3375
113 3150
114 1975
115 1950
116 2125
117 1650
118 1650
119 2175
120 1625
121 2675
122 5075
123 4175
124 2775
125 2850
126 1650
127 1725
128 1675
129 2800
130 2075
131 1475
132 2850
133 3150
134 2850
135 1375
136 1575
137 2150
138 2100
139 3100
140 2675
141 5575
142 4950
143 1350
144 3225
145 1775
146 1725
147 1725
148 2250
149 2100
150 1625
151 1950
152 2325
153 1275
154 1550
155 2150
156 2050
157 2950
158 2050
159 2450
160 2100
161 1275
162 2400
163 1425
164 2775
165 2975
166 2225
167 2500
168 2250
169 2450
170 2175
171 1825
172 2050
173 1525
174 1800
175 2125
176 1800
177 2100
178 2625
179 1700
180 1600
181 1500
182 2875
183 3000
184 1625
185 2225
186 2025
187 1825
188 1525
189 3150
190 2575
191 1525
192 1675
193 2875
194 1950
195 3350
196 1775
197 1525
198 1600
199 1675
200 2075
201 2075
202 1975
203 1350
204 1600
205 1475
206 1750
207 1550
208 1775
209 1575
210 2350
211 1750
212 1475
213 1650
214 1650
215 1775
216 1600
217 2475
218 2300
219 2850
220 1450
221 2700
222 3150
223 2225
224 1700
225 1550
226 1850
227 2200
228 2425
229 1675
230 2350
231 2100
232 1550
233 1800
234 1375
235 1800
236 2375
237 1925
238 1950
239 1500
240 1900
241 2050
242 1450
243 1550
244 1800
245 1775
246 2175
247 2275
248 1600
249 2050
250 2700
251 2825
252 1300
253 1625
254 1625
255 1550
256 1750
257 2225
258 3175
259 1750
260 1500
261 1575
262 1800
263 2175
264 1725
265 1950
266 2175
267 1800
268 1400
269 2775
270 1825
271 1225
272 2175
273 1750
274 1650
275 1250
276 2100
277 2075
278 1325
279 1350
280 1875
281 1600
282 2700
283 1775
284 1675
285 1825
286 2025
287 2425
288 2150
289 1450
290 1525
291 1400
292 1425
293 1475
294 1425
295 1425
296 2450
297 1850
298 1475
299 1425
300 1500
301 1175
302 1575
303 1675
304 1450
305 1625
306 1625
307 1325
308 1475
309 1250
310 1200
311 1350
312 2125
313 1275
314 1975
315 2000
316 1575
317 1725
318 1325
319 1575
320 1150
321 1450
322 2300
323 1200
324 1250
325 1475
326 1550
327 1200
328 1450
329 1200
330 1300
331 1325
332 1450
333 1175
334 1225
335 1225
336 1125
337 1350
338 1800
339 1575
340 1550
341 1400
342 1250
343 1375
344 1275
345 1275
346 1150
347 1225
348 1500
349 1450
350 1200
351 1375
352 1825
353 1375
354 1925
355 1700
356 1250
357 1400
358 1825
359 1225
360 1550
361 1300
362 1225
363 1100
364 1225
365 1325
366 1525
367 1375
368 1325
369 1225
370 1675
371 1150
372 1475
373 1300
374 1375
375 1800
376 1225
377 1275
378 1450
379 1175
380 1225
381 1175
382 1300
383 1100
384 1150
385 1475
386 1275
387 1450
388 1125
389 1125
390 1275
391 1175
392 1200
393 1125
394 2350
395 1125
396 1100
397 1200
398 1125
399 1800
400 1325
401 1850
402 1225
403 1175
404 1150
405 1325
406 1475
407 1200
408 1200
409 2225
410 1150
411 2450
412 1125
413 1300
414 1250
415 1075
416 1175
417 1325
418 2000
419 1150
420 1200
421 1425
422 1300
423 1250
424 1150
425 1100
426 1200
427 1150
428 1300
429 1325
430 1325
431 1125
432 1125
433 1275
434 1150
435 1350
436 1150
437 1325
438 1225
439 1325
440 1150
441 1125
442 1125
443 1100
444 1275
445 1725
446 1150
447 1150
448 1800
449 1175
450 1125
451 1200
452 1050
453 1275
454 1250
455 1600
456 1250
457 1250
458 1875
459 1050
460 1175
461 1200
462 1125
463 1200
464 1125
465 1375
466 1125
467 1350
468 1250
469 1400
470 1250
471 1100
472 1375
473 1150
474 1700
475 1250
476 1925
477 1175
478 1475
479 1300
480 1400
481 1150
482 1350
483 1525
484 1850
485 1175
486 1375
487 1475
488 1300
489 1150
490 1175
491 1225
492 1575
493 1325
494 1750
495 1250
496 1375
497 1425
498 1400
499 1125
500 1275
501 1175
502 1250
503 1300
504 1225
505 1450
506 1225
507 1300
508 1275
509 1225
510 1175
511 1150
512 1200
513 1325
514 1100
515 1150
516 1125
517 1200
518 1275
519 1175
520 1125
521 1400
522 1150
523 1100
524 1150
525 1200
526 1275
527 1350
528 1250
529 1375
530 1100
531 1150
532 1150
533 1325
534 1400
535 1275
536 1150
537 1125
538 1125
539 1075
540 1075
541 1300
542 1150
543 1175
544 1350
545 1175
546 1400
547 1325
548 1250
549 1475
550 1250
551 1150
552 1600
553 1150
554 1100
555 1175
556 1125
557 1250
558 1275
559 1650
560 1150
561 1175
562 1100
563 1275
564 1325
565 1200
566 1150
567 1100
568 1200
569 1250
570 1375
571 1100
572 1225
573 1275
574 1325
575 1425
576 1250
577 1175
578 1200
579 1275
580 1125
581 1025
582 1075
583 1075
584 1100
585 1175
586 1175
587 1125
588 1125
589 1150
590 1150
591 1100
592 1300
593 1325
594 1275
595 1125
596 1225
597 1100
598 1150
599 1200
600 1150
601 1100
602 1175
603 1100
604 1250
605 1150
606 1225
607 1200
608 1275
609 1350
610 1250
611 1175
612 1350
613 1425
614 1225
615 1275
616 1400
617 1925
618 1650
619 1100
620 1275
621 1125
622 1225
623 1175
624 1150
625 1300
626 1200
627 1125
628 1075
629 1250
630 1150
631 1225
632 1175
633 1075
634 1100
635 1275
636 1150
637 1100
638 1050
639 1050
640 1100
641 1225
642 1150
643 1125
644 1075
645 1100
646 1125
647 1225
648 1075
649 1150
650 1075
651 1150
652 1175
653 1150
654 1075
655 1100
656 1150
657 1250
658 1200
659 1000
660 1225
661 1150
662 1075
663 1125
664 1150
665 1275
666 1175
667 1125
668 1100
669 1075
670 1300
671 1100
672 1200
673 1200
674 1125
675 1175
676 950
677 1050
678 1125
679 1075
680 1225
681 1300
682 1100
683 1175
684 1175
685 1300
686 1550
687 1125
688 1125
689 1125
690 1200
691 1100
692 1150
693 1050
694 1200
695 1225
696 1025
697 1650
698 1075
699 1150
700 1275
701 1100
702 1225
703 1125
704 1150
705 1150
706 1200
707 1150
708 1125
709 1225
710 1100
711 1150
712 1150
713 1025
714 1275
715 1100
716 1175
717 1100
718 1125
719 1750
720 1250
721 1125
722 1200
723 1075
724 1100
725 1200
726 1150
727 1225
728 1075
729 1375
730 2400
731 1225
732 1175
733 1375
734 1575
735 1625
736 1225
737 1125
738 1125
739 1125
740 1125
741 1150
742 1175
743 1225
744 1125
745 1175
746 1150
747 1225
748 1125
749 1150
750 1275
751 1500
752 1250
753 1200
754 1100
755 1125
756 1100
757 1125
758 1100
759 1200
760 1125
761 2125
762 1125
763 1225
764 1100
765 1150
766 1175
767 1250
768 1075
769 1225
770 1325
771 1200
772 1150
773 1050
774 1200
775 1175
776 1125
777 1150
778 1250
779 1100
780 1250
781 1200
782 1200
783 1200
784 1150
785 1250
786 1225
787 1175
788 1250
789 1150
790 1175
791 1175
792 1125
793 1050
794 1225
795 1100
796 1250
797 1150
798 1225
799 1125
800 1125
801 1100
802 1125
803 1075
804 1150
805 1125
806 1275
807 1300
808 1425
809 1175
810 1050
811 1200
812 1175
813 1100
814 1200
815 1075
816 1150
817 1125
818 1200
819 1150
820 1175
821 1250
822 1100
823 1225
824 1225
825 1100
826 1175
827 1150
828 1100
829 1225
830 1150
831 1150
832 1225
833 1150
834 1100
835 1200
836 1125
837 1175
838 1325
839 1225
840 1250
841 1375
842 1175
843 1125
844 1100
845 1025
846 1100
847 1175
848 1150
849 1200
850 1150
851 1025
852 1100
853 1300
854 1075
855 1025
856 1050
857 1150
858 1350
859 1325
860 1375
861 1225
862 1150
863 1150
864 1150
865 1200
866 1225
867 1100
868 1300
869 1125
870 1200
871 1125
872 1150
873 1100
874 1100
875 1250
876 1125
877 1200
878 1075
879 1200
880 1125
881 1050
882 1125
883 1125
884 1125
885 1100
886 1100
887 1125
888 1125
889 1100
890 1150
891 1100
892 2050
893 1075
894 1100
895 1125
896 1100
897 1175
898 1275
899 1100
900 1050
901 1150
902 1100
903 1100
904 1250
905 1000
906 1175
907 1150
908 1225
909 1075
910 1100
911 1225
912 1125
913 1100
914 1175
915 1250
916 1125
917 1125
918 1125
919 1175
920 1100
921 1200
922 1125
923 1250
924 1150
925 1175
926 1100
927 1075
928 1200
929 1150
930 1125
931 1025
932 1100
933 1100
934 1100
935 1250
936 1150
937 1075
938 1075
939 1175
940 1125
941 1150
942 1075
943 1150
944 1075
945 1200
946 1150
947 1075
948 1100
949 1125
950 1050
951 2500
952 1300
953 1150
954 1100
955 1100
956 1125
957 1075
958 1100
959 1125
960 1125
961 1050
962 1225
963 1150
964 1250
965 1250
966 1300
967 1100
968 1175
969 1025
970 1125
971 1175
972 1075
973 1300
974 1150
975 1125
976 1250
977 1100
978 1325
979 1200
980 1200
981 1175
982 1225
983 1125
984 1125
985 1225
986 1100
987 1200
988 1250
989 1225
990 1175
991 1250
992 1350
993 1100
994 1050
995 1150
996 1125
997 1150
998 1125
999 1200
1000 1125
1001 1150
1002 1225
1003 1050
1004 1100
1005 1050
1006 1250
1007 1200
1008 1375
1009 1125
1010 1100
1011 1100
1012 1125
1013 1125
1014 1050
1015 1150
1016 1125
1017 1125
1018 1100
1019 1125
1020 1025
1021 1275
1022 1125
1023 1050
1024 1100
1025 1075
1026 1200
1027 1150
1028 1225
1029 1100
1030 1075
1031 1100
1032 1100
1033 1125
1034 1075
1035 1150
1036 1075
1037 1150
1038 1100
1039 1125
1040 1100
1041 1225
1042 1125
1043 1175
1044 1125
1045 1100
1046 1125
1047 1100
1048 1200
1049 1100
1050 1075
1051 1100
1052 1350
1053 1425
1054 1200
1055 1250
1056 1200
1057 1075
1058 1175
1059 1175
1060 1125
1061 1100
1062 1100
1063 1050
1064 1175
1065 1125
1066 1125
1067 1100
1068 1100
1069 1175
1070 1150
1071 1075
1072 1150
1073 1100
1074 1150
1075 1050
1076 1125
1077 1150
1078 1150
1079 1075
1080 1150
1081 1100
1082 1125
1083 1125
1084 1100
1085 1050
1086 1100
1087 1050
1088 1050
1089 1425
1090 1125
1091 1150
1092 1125
1093 1175
1094 1150
1095 1125
1096 1100
1097 1025
1098 1150
1099 1025
1100 1150
1101 1075
1102 1075
1103 1150
1104 1050
1105 1125
1106 1100
1107 1050
1108 1125
1109 1050
1110 1100
1111 1075
1112 1075
1113 1125
1114 1200
1115 1100
1116 1125
1117 1100
1118 1075
1119 1125
1120 1250
1121 1025
1122 1025
1123 1050
1124 1175
1125 1100
1126 1100
1127 1125
1128 1150
1129 1100
1130 1000
1131 1100
1132 1075
1133 1100
1134 1150
1135 1075
1136 1075
1137 1150
1138 1175
1139 1100
1140 1025
1141 1125
1142 1075
1143 1075
1144 1125
1145 1125
1146 1050
1147 1150
1148 1100
1149 1100
1150 1075
1151 1075
1152 1100
1153 1075
1154 1075
1155 1150
1156 1225
1157 1100
1158 1050
1159 1075
1160 1125
1161 1075
1162 1100
1163 1175
1164 1100
1165 1075
1166 1125
1167 1150
1168 1075
1169 1100
1170 1150
1171 1175
1172 1175
1173 1175
1174 1075
1175 1125
1176 1100
1177 1075
1178 1100
1179 1100
1180 1075
1181 1050
1182 1075
1183 1075
1184 1050
1185 1175
1186 1150
1187 1150
1188 1100
1189 1075
1190 1075
1191 1175
1192 1100
1193 1150
1194 1175
1195 1150
1196 1100
1197 1100
1198 1075
1199 1100
1200 1200
1201 1125
1202 1050
1203 1050
1204 1125
1205 1100
1206 1100
1207 1050
1208 1125
1209 1075
1210 1150
1211 1150
1212 1100
1213 1050
1214 1050
1215 1100
1216 1150
1217 1100
1218 1150
1219 1150
1220 1025
1221 1125
1222 1150
1223 1100
1224 1050
1225 1075
1226 1125
1227 1125
1228 1075
1229 1075
1230 1050
1231 1075
1232 1075
1233 1050
1234 1100
1235 1100
1236 1100
1237 1100
1238 1100
1239 1075
1240 1025
1241 1050
1242 1075
1243 1200
1244 1050
1245 1150
1246 1175
1247 1075
1248 1150
1249 1125
1250 1025
1251 1125
1252 1000
1253 1100
1254 1100
1255 1150
1256 1100
1257 1225
1258 1100
1259 1050
1260 1225
1261 1075
1262 1075
1263 1075
1264 1225
1265 1100
1266 1175
1267 1225
1268 1125
1269 1100
1270 1175
1271 1100
1272 1125
1273 1075
1274 1150
1275 1075
1276 1100
1277 1050
1278 1100
1279 1050
1280 1150
1281 1150
1282 1300
1283 1175
1284 1175
1285 1025
1286 1050
1287 1050
1288 1100
1289 1175
1290 1125
1291 1125
1292 1150
1293 1200
1294 1100
1295 1075
1296 1050
1297 1225
1298 1100
1299 1075
1300 1100
1301 1050
1302 1050
1303 1200
1304 1100
1305 1050
1306 1150
1307 1100
1308 1125
1309 1100
1310 1150
1311 1100
1312 1175
1313 1125
1314 1125
1315 1150
1316 1125
1317 1250
1318 1300
1319 1175
1320 1075
1321 1100
1322 1100
1323 1000
1324 1050
1325 1150
1326 1175
1327 1075
1328 1100
1329 1050
1330 1075
1331 1125
1332 1100
1333 1125
1334 1125
1335 1200
1336 1075
1337 1050
1338 1225
1339 1150
1340 1125
1341 1125
1342 1075
1343 1075
1344 1125
1345 1225
1346 1200
1347 1175
1348 1175
1349 1175
1350 1175
1351 1175
1352 1075
1353 1125
1354 1100
1355 1125
1356 1100
1357 1125
1358 1050
1359 1050
1360 1050
1361 1075
1362 1050
1363 1075
1364 1075
1365 1125
1366 1100
1367 1150
1368 1100
1369 1125
1370 1075
1371 1075
1372 1075
1373 1000
1374 1100
1375 1025
1376 1200
1377 1150
1378 1000
1379 1050
1380 1150
1381 1075
1382 1050
1383 1075
1384 1075
1385 1175
1386 1200
1387 1100
1388 1050
1389 1100
1390 1250
1391 1100
1392 1075
1393 1075
1394 1125
1395 1125
1396 1100
1397 1000
1398 1075
1399 1125
1400 1125
1401 1125
1402 1150
1403 1050
1404 1100
1405 1100
1406 1125
1407 1100
1408 1100
1409 1050
1410 1075
1411 1125
1412 1050
1413 1100
1414 1150
1415 1075
1416 1125
1417 1125
1418 1000
1419 1050
1420 1050
1421 1100
1422 1175
1423 1225
1424 1100
1425 1075
1426 1050
1427 1125
1428 1125
1429 1150
1430 1175
1431 1050
1432 1025
1433 1100
1434 1100
1435 1100
1436 1075
1437 1075
1438 1050
1439 1025
1440 1225
1441 1050
1442 1100
1443 1075
1444 1100
1445 1100
1446 1075
1447 1100
1448 1100
1449 1025
1450 1025
1451 1050
1452 1125
1453 1200
1454 1075
1455 1075
1456 1075
1457 1200
1458 1100
1459 1100
1460 1150
1461 1100
1462 1100
1463 1175
1464 1000
1465 1150
1466 1100
1467 1100
1468 1075
1469 1075
1470 1100
1471 1100
1472 1125
1473 1075
1474 1075
1475 1050
1476 1075
1477 1200
1478 1125
1479 1100
1480 1025
1481 1100
1482 1175
1483 1150
1484 1075
1485 1075
1486 1125
1487 1025
1488 1150
1489 1075
1490 1050
1491 1100
1492 1100
1493 1150
1494 1075
1495 1225
1496 1075
1497 1125
1498 1200
1499 1100
1500 1050
1501 1175
1502 1125
1503 1150
1504 1100
1505 1075
1506 1125
1507 1150
1508 1125
1509 1125
1510 1175
1511 1100
1512 1100
1513 1100
1514 1175
1515 1050
1516 1125
1517 1125
1518 1075
1519 1100
1520 1100
1521 1100
1522 1200
1523 1175
1524 1150
1525 1050
1526 1100
1527 1075
1528 1075
1529 1100
1530 1100
1531 1175
1532 1050
1533 1150
1534 975
1535 1075
1536 1075
1537 1100
1538 1075
1539 1075
1540 1050
1541 1150
1542 1100
1543 1025
1544 1150
1545 1100
1546 1075
1547 1150
1548 1075
1549 1075
1550 1050
1551 1100
1552 1200
1553 1100
1554 1100
1555 1100
1556 1075
1557 1100
1558 1150
1559 1100
1560 1175
1561 1100
1562 1100
1563 1150
1564 1150
1565 1075
1566 1075
1567 1075
1568 1100
1569 1100
1570 1050
1571 1175
1572 1125
1573 1075
1574 1150
1575 1100
1576 1100
1577 1175
1578 1150
1579 1100
1580 1150
1581 1075
1582 1050
1583 1125
1584 1075
1585 1125
1586 1075
1587 1100
1588 1100
1589 1100
1590 1075
1591 1125
1592 1075
1593 1025
1594 1050
1595 1075
1596 1050
1597 1050
1598 1050
1599 1125
1600 1075
1601 1100
1602 1050
1603 1075
1604 1175
1605 1125
1606 1225
1607 1150
1608 1075
1609 1150
1610 1150
1611 1150
1612 1175
1613 1150
1614 1100
1615 1100
1616 1125
1617 1000
1618 1150
1619 1150
1620 1150
1621 1175
1622 1125
1623 1100
1624 1150
1625 1175
1626 1150
1627 1100
1628 1075
1629 1175
1630 1100
1631 1025
1632 1100
1633 1150
1634 1075
1635 1125
1636 1025
1637 1075
1638 1150
1639 1100
1640 1200
1641 1125
1642 1075
1643 1150
1644 1075
1645 1100
1646 1075
1647 1125
1648 1050
1649 1125
1650 1100
1651 1100
1652 1100
1653 1150
1654 1125
1655 1075
1656 1100
1657 1100
1658 1075
1659 1100
1660 1075
1661 1125
1662 1050
1663 1125
1664 1100
1665 1150
1666 1125
1667 1100
1668 1100
1669 1050
1670 1175
1671 1000
1672 1150
1673 1200
1674 1100
1675 1100
1676 1075
1677 1050
1678 1100
1679 1100
1680 1175
1681 1175
1682 1125
1683 1100
1684 1125
1685 1125
1686 1075
1687 1125
1688 1100
1689 1150
1690 1075
1691 1125
1692 1125
1693 1150
1694 1075
1695 1125
1696 1150
1697 1100
1698 1075
1699 1100
1700 1175
1701 1125
1702 1075
1703 1050
1704 1075
1705 1100
1706 1125
1707 1100
1708 1050
1709 1175
1710 1125
1711 1150
1712 1125
1713 1150
1714 1075
1715 1100
1716 1175
1717 1100
1718 1075
1719 1025
1720 1175
1721 1075
1722 1075
1723 1075
1724 1075
1725 1075
1726 1025
1727 975
1728 1175
1729 1100
1730 1075
1731 1100
1732 1250
1733 1125
1734 1125
1735 1100
1736 1050
1737 1150
1738 1075
1739 1125
1740 1050
1741 1075
1742 1175
1743 1125
1744 1075
1745 1050
1746 1050
1747 1075
1748 1025
1749 1100
1750 1100
1751 1075
1752 1100
1753 1000
1754 1150
1755 1025
1756 1100
1757 1100
1758 1075
1759 1050
1760 1125
1761 1050
1762 1125
1763 1075
1764 1075
1765 1025
1766 1125
1767 1125
1768 1200
1769 1075
1770 1075
1771 1150
1772 1100
1773 1125
1774 1075
1775 1050
1776 1125
1777 1050
1778 1125
1779 1100
1780 1125
1781 1025
1782 1175
1783 1225
1784 1100
1785 1075
1786 1100
1787 1050
1788 1050
1789 1025
1790 1150
1791 1150
1792 1075
1793 1050
1794 1075
1795 1100
1796 1100
1797 1025
1798 1100
1799 1025
1800 1075
1801 1050
1802 1025
1803 1100
1804 1050
1805 1150
1806 1125
1807 1050
1808 1100
1809 1100
1810 1125
1811 1075
1812 1050
1813 1075
1814 1150
1815 1100
1816 1050
1817 1025
1818 1050
1819 1100
1820 1100
1821 1075
1822 1050
1823 1050
1824 1150
1825 1125
1826 1100
1827 1125
1828 1050
1829 1050
1830 1100
1831 1075
1832 1225
1833 1175
1834 1050
1835 1075
1836 1125
1837 1050
1838 1150
1839 1075
1840 1125
1841 1100
1842 1150
1843 1125
1844 1100
1845 1100
1846 1175
1847 1025
1848 1075
1849 1100
1850 1075
1851 1075
1852 1075
1853 1100
1854 1125
1855 1075
1856 1075
1857 1150
1858 1150
1859 1100
1860 1150
1861 1050
1862 1025
1863 1150
1864 1125
1865 1100
1866 1050
1867 1150
1868 1075
1869 1075
1870 1125
1871 1050
1872 1075
1873 1025
1874 1100
1875 1075
1876 1050
1877 1125
1878 1150
1879 1125
1880 1125
1881 1075
1882 1125
1883 1125
1884 1125
1885 1100
1886 1125
1887 1125
1888 1050
1889 1075
1890 1075
1891 1100
1892 1050
1893 1100
1894 1050
1895 1100
1896 1125
1897 1025
1898 1125
1899 1050
1900 1050
1901 1100
1902 1125
1903 1125
1904 1075
1905 1050
1906 1125
1907 1150
1908 1100
1909 1200
1910 1100
1911 1075
1912 1075
1913 1100
1914 1125
1915 1125
1916 1075
1917 1050
1918 1075
1919 1075
1920 1075
1921 1050
1922 1125
1923 1050
1924 1200
1925 1075
1926 1075
1927 1050
1928 1050
1929 1050
1930 1050
1931 1150
1932 1175
1933 1025
1934 1200
1935 1100
1936 1100
1937 1050
1938 1100
1939 1075
1940 1150
1941 1100
1942 1150
1943 1100
1944 1150
1945 1075
1946 1175
1947 1075
1948 1150
1949 1075
1950 1125
1951 1100
1952 1075
1953 1125
1954 1075
1955 1025
1956 1200
1957 1125
1958 1150
1959 1150
1960 1150
1961 1025
1962 1175
1963 1125
1964 1150
1965 1100
1966 1100
1967 1100
1968 1125
1969 1125
1970 1100
1971 1050
1972 1125
1973 1125
1974 1125
1975 1150
1976 1025
1977 1075
1978 1025
1979 1100
1980 1150
1981 1125
1982 1100
1983 1100
1984 1075
1985 1100
1986 1125
1987 1125
1988 1075
1989 1125
1990 1075
1991 1125
1992 1125
1993 1050
1994 1075
1995 1125
1996 1125
1997 1075
1998 1075
1999 1225
2000 1125
2001 1125
2002 1050
2003 1125
2004 1125
2005 1150
2006 1100
2007 1050
2008 1075
2009 1100
2010 1050
2011 1150
2012 1075
2013 1100
2014 1075
2015 1075
2016 1075
2017 1175
2018 1025
2019 1100
2020 1125
2021 1125
2022 1100
2023 1150
2024 1125
2025 1125
2026 1150
2027 1050
2028 1050
2029 1100
2030 1150
2031 1125
2032 1075
2033 1050
2034 1100
2035 1150
2036 1050
2037 1150
2038 1100
2039 1100
2040 1150
2041 1050
2042 1075
2043 1025
2044 1025
2045 1075
2046 1150
2047 1125
2048 1075
2049 1075
2050 1100
2051 1075
2052 1125
2053 1050
2054 1125
2055 1100
2056 1150
2057 1150
2058 1100
2059 1150
2060 1100
2061 1075
2062 1075
2063 1075
2064 1150
2065 1075
2066 1050
2067 1075
2068 1100
2069 1175
2070 1050
2071 1125
2072 1075
2073 1150
2074 1025
2075 1100
2076 1125
2077 1125
2078 1125
2079 1150
2080 1125
2081 1150
2082 1125
2083 1100
2084 1175
2085 1150
2086 1050
2087 1150
2088 1175
2089 1125
2090 1100
2091 1050
2092 1175
2093 1200
2094 1250
2095 1075
2096 1225
2097 1275
2098 1100
2099 1100
2100 1100
2101 1200
2102 1000
2103 1025
2104 1125
2105 1125
2106 1075
2107 1075
2108 1050
2109 1100
2110 1100
2111 1050
2112 1175
2113 1125
2114 1050
2115 1100
2116 1075
2117 1075
2118 1150
2119 1125
2120 1100
2121 1100
2122 1100
2123 1050
2124 1075
2125 1125
2126 1075
2127 1150
2128 1175
2129 1125
2130 1050
2131 1075
2132 1100
2133 1150
2134 1050
2135 1100
2136 1100
2137 1150
2138 1150
2139 1125
2140 1125
2141 1050
2142 1100
2143 1100
2144 1025
2145 1075
2146 1075
2147 1100
2148 1075
2149 1125
2150 1075
2151 1150
2152 1075
2153 1050
2154 1075
2155 1100
2156 1175
2157 1050
2158 1075
2159 1125
2160 1175
2161 1050
2162 1050
2163 1150
2164 1025
2165 1125
2166 1050
2167 1125
2168 1125
2169 1075
2170 1100
2171 1050
2172 1000
2173 1125
2174 1150
2175 1075
2176 1150
2177 1100
2178 1175
2179 1100
2180 1100
2181 1050
2182 1025
2183 1050
2184 1100
2185 1100
2186 1125
2187 1075
2188 1075
2189 1100
2190 1125
2191 1100
2192 1050
2193 1075
2194 1050
2195 1100
2196 1025
2197 1125
2198 1125
2199 1100
2200 1100
2201 1150
2202 1100
2203 1075
2204 1075
2205 1050
2206 1075
2207 1125
2208 1125
2209 1125
2210 1100
2211 1100
2212 1075
2213 1075
2214 1100
2215 1100
2216 1025
2217 1075
2218 1125
2219 1025
2220 1150
2221 1100
2222 1100
2223 1100
2224 1100
2225 1150
2226 1125
2227 1075
2228 1100
2229 1100
2230 1050
2231 1075
2232 1125
2233 1025
2234 1100
2235 1050
2236 1100
2237 1125
2238 1050
2239 1075
2240 1050
2241 1075
2242 1150
2243 1175
2244 1025
2245 1200
2246 1075
2247 1050
2248 1025
2249 1150
2250 1050
2251 1075
2252 1025
2253 1125
2254 1075
2255 1125
2256 1150
2257 1075
2258 1075
2259 1075
2260 1125
2261 1125
2262 1025
2263 1100
2264 1125
2265 1075
2266 1125
2267 1100
2268 1075
2269 1100
2270 1150
2271 1050
2272 1050
2273 1125
2274 1125
2275 1075
2276 1050
2277 1100
2278 1100
2279 1100
2280 1075
2281 1075
2282 1100
2283 1075
2284 1150
2285 1100
2286 1100
2287 1175
2288 1050
2289 1125
2290 1125
2291 1100
2292 1050
2293 1075
2294 1050
2295 1075
2296 1100
2297 1075
2298 1050
2299 1100
2300 1050
2301 1025
2302 1175
2303 1150
2304 1100
2305 1000
2306 1125
2307 1175
2308 1000
2309 1050
2310 1050
2311 1050
2312 1125
2313 1100
2314 1075
2315 1175
2316 1175
2317 1075
2318 1125
2319 1200
2320 1025
2321 1075
2322 1075
2323 1150
2324 1050
2325 1075
2326 1125
2327 1000
2328 1075
2329 1050
2330 1050
2331 1025
2332 1075
2333 1175
2334 1150
2335 1125
2336 1150
2337 1075
2338 1075
2339 1075
2340 1075
2341 1075
2342 1125
2343 1075
2344 1100
2345 1150
2346 1100
2347 1125
2348 1075
2349 1150
2350 1050
2351 1100
2352 1075
2353 1125
2354 1125
2355 1075
2356 1100
2357 1100
2358 1125
2359 1100
2360 1075
2361 1125
2362 1050
2363 1050
2364 1075
2365 1075
2366 1100
2367 1175
2368 1150
2369 1000
2370 1100
2371 1075
2372 1075
2373 1050
2374 1175
2375 1125
2376 1050
2377 1100
2378 1100
2379 1150
2380 1125
2381 1125
2382 1100
2383 1125
2384 1050
2385 1075
2386 1075
Unexpected message received for job 1049292
2387 1175
2388 1100
2389 1000
2390 1075
2391 1025
2392 1100
2393 1075
2394 1050
2395 1000
2396 1075
2397 1100
2398 1025
2399 1050
2400 1025
Unexpected message received for job 1049292
2401 1075
2402 1025
2403 1050
2404 1100
2405 1100
2406 1050
2407 1075
2408 1125
2409 1100
2410 1050
2411 1075
2412 1100
2413 1175
2414 1075
2415 1150
2416 1125
2417 1075
2418 1125
2419 1000
2420 1025
2421 1175
2422 1175
2423 1150
2424 1175
2425 1025
2426 1125
2427 1075
2428 1025
2429 1025
2430 1075
2431 1150
2432 1175
2433 1175
2434 1025
2435 1100
2436 1075
2437 1075
2438 1150
2439 1175
2440 1100
2441 1050
2442 1100
2443 1100
2444 1075
2445 1075
2446 1075
2447 1175
2448 1100
2449 1075
2450 1150
2451 1025
2452 1125
2453 1075
2454 1100
2455 1075
2456 1100
2457 1100
2458 1050
2459 1125
2460 1125
2461 1125
2462 1150
2463 1025
2464 1075
2465 1100
2466 1125
2467 1125
2468 1075
2469 1100
2470 1100
2471 1125
2472 1050
2473 1075
2474 1100
2475 1050
2476 1050
2477 1075
2478 1075
2479 1100
2480 1075
2481 1075
2482 1000
2483 1075
2484 1125
2485 1075
2486 1025
2487 1075
2488 1050
2489 1100
2490 1150
2491 1050
2492 1100
2493 1075
2494 1100
2495 1075
2496 1125
2497 1150
2498 1100
2499 1050
2500 1075
2501 1050
2502 1125
2503 1150
2504 1075
2505 1075
2506 1075
2507 1050
2508 1125
2509 1125
2510 1050
2511 1150
2512 1050
2513 1100
2514 1000
2515 1075
2516 1075
2517 1100
2518 1100
2519 1100
2520 1150
2521 1100
2522 1125
2523 1050
2524 1075
2525 1125
2526 1100
2527 1100
2528 1100
2529 1150
2530 1125
2531 1100
2532 1075
2533 1050
2534 1050
2535 1175
2536 1075
2537 1000
2538 1125
2539 1125
2540 1100
2541 1075
2542 1075
2543 1050
2544 1125
2545 1100
2546 1050
2547 1050
2548 1050
2549 1175
2550 1150
2551 1100
2552 1075
2553 1100
2554 1075
2555 1125
2556 1125
2557 1000
2558 1150
2559 1100
2560 1100
2561 1100
2562 1025
2563 1000
2564 1100
2565 1100
2566 1100
2567 1125
2568 1075
2569 1075
2570 1125
2571 1100
2572 1125
2573 1075
2574 1150
2575 1050
2576 1100
2577 1075
2578 1075
2579 1050
2580 1100
2581 1075
2582 1100
2583 1100
2584 1100
2585 1075
2586 1100
2587 1100
2588 1125
2589 1075
2590 1025
2591 1050
2592 1050
2593 1075
2594 1050
2595 1100
2596 1075
2597 1100
2598 1100
2599 1025
2600 1075
2601 1100
2602 1050
2603 1100
2604 1025
2605 1050
2606 1050
2607 1200
2608 1050
2609 1025
2610 1125
2611 1050
2612 1000
2613 1100
2614 1025
2615 1000
2616 1100
2617 1025
2618 1050
2619 1050
2620 1125
2621 1050
2622 1150
2623 1000
2624 1150
2625 1100
2626 1100
2627 1100
2628 1000
2629 1125
2630 1050
2631 1075
2632 1100
2633 1100
2634 1125
2635 1075
2636 1025
2637 1150
2638 1075
2639 1125
2640 1075
2641 1050
2642 1100
2643 1100
2644 1100
2645 1100
2646 1075
2647 1000
2648 1150
2649 1050
2650 1125
2651 1025
2652 1100
2653 1025
2654 1050
2655 1075
2656 1125
2657 1175
2658 1125
2659 1100
2660 1100
2661 1150
2662 1050
2663 1025
2664 1150
2665 1125
2666 1150
2667 1050
2668 1050
2669 1100
2670 1075
2671 1125
2672 1075
2673 1025
2674 1150
2675 1075
2676 1050
2677 1050
2678 1050
2679 1050
2680 1100
2681 1075
2682 1025
2683 1100
2684 1150
2685 1175
2686 1125
2687 1050
2688 1025
2689 1100
2690 1175
2691 1100
2692 1075
2693 1125
2694 1025
2695 1050
2696 1100
2697 1075
2698 1050
2699 1100
2700 1100
2701 1050
2702 1050
2703 1100
2704 1000
2705 1050
2706 1025
2707 1100
2708 1100
2709 1050
2710 1050
2711 1075
2712 1200
2713 1125
2714 1100
2715 1075
2716 1125
2717 975
2718 1125
2719 1125
2720 1100
2721 1025
2722 1175
2723 1125
2724 1075
2725 1100
2726 1075
2727 1000
2728 1150
2729 1100
2730 1100
2731 1050
2732 1025
2733 1125
2734 1125
2735 1150
2736 1150
2737 1100
2738 1175
2739 1025
2740 1100
2741 1075
2742 1075
2743 1050
2744 1000
2745 1075
2746 1075
2747 1025
2748 1125
2749 1100
2750 1150
2751 1100
2752 1150
2753 1025
2754 1050
2755 1075
2756 1125
2757 1025
2758 1100
2759 1150
2760 1075
2761 1050
2762 1100
2763 1050
2764 1075
2765 1100
2766 1050
2767 1025
2768 1050
2769 1050
2770 1100
2771 1100
2772 1075
2773 1100
2774 1000
2775 1075
2776 1100
2777 1075
2778 1000
2779 1050
2780 1075
2781 1050
2782 1100
2783 1025
2784 1150
2785 1050
2786 1100
2787 1075
2788 1175
2789 1025
2790 1150
2791 1100
2792 1150
2793 1075
2794 1125
2795 1075
2796 1100
2797 1050
2798 1125
2799 1150
2800 1125
2801 1000
2802 1075
2803 1075
2804 1025
2805 1100
2806 1025
2807 1125
2808 1100
2809 1075
2810 1050
2811 1075
2812 1075
2813 1100
2814 1125
2815 1075
2816 1025
2817 1100
2818 1125
2819 1025
2820 1100
2821 1100
2822 1075
2823 1100
2824 1075
2825 1075
2826 1075
2827 1025
2828 1025
2829 1150
2830 1075
2831 1125
2832 1150
2833 1100
2834 1100
2835 1050
2836 1125
2837 1125
2838 1075
2839 1050
2840 1100
2841 1075
2842 1125
2843 1100
2844 1150
2845 1075
2846 1125
2847 1050
2848 1075
2849 1125
2850 1100
2851 1150
2852 1075
2853 1000
2854 1025
2855 1075
2856 1075
2857 1075
2858 1125
2859 1125
2860 1100
2861 1025
2862 1125
2863 1150
2864 1075
2865 1025
2866 1125
2867 1050
2868 1125
2869 1075
2870 1125
2871 1050
2872 1150
2873 1175
2874 1125
2875 1150
2876 1100
2877 1075
2878 1100
2879 1125
2880 1050
2881 1100
2882 1075
2883 1150
2884 1100
2885 1075
2886 1125
2887 1125
2888 1075
2889 1075
2890 1125
2891 1125
2892 1025
2893 1100
2894 1075
2895 1150
2896 1125
2897 1100
2898 1100
2899 1025
2900 1100
2901 1050
2902 1025
2903 1150
2904 1075
2905 1075
2906 1100
2907 1100
2908 1125
2909 1075
2910 1100
2911 1100
2912 1050
2913 1025
2914 1150
2915 1100
2916 1075
2917 1050
2918 1100
2919 1100
2920 1100
2921 1075
2922 1075
2923 1125
2924 1150
2925 1125
2926 1025
2927 1075
2928 1150
2929 1100
2930 1100
2931 1050
2932 1025
2933 1050
2934 1100
2935 1050
2936 1075
2937 1075
2938 1075
2939 1075
2940 1075
2941 1075
2942 1125
2943 1125
2944 1100
2945 1075
2946 1050
2947 1075
2948 1075
2949 1125
2950 1050
2951 1175
2952 1075
2953 1050
2954 1125
2955 1150
2956 1025
2957 1125
2958 1025
2959 1225
2960 1075
2961 1025
2962 1050
2963 1075
2964 1100
2965 1050
2966 1075
2967 1025
2968 1100
2969 1125
2970 1025
2971 1050
2972 1050
2973 1075
2974 1050
2975 1100
2976 1125
2977 1050
2978 1125
2979 1025
2980 1100
2981 1100
2982 1075
2983 1075
2984 1100
2985 1100
2986 1200
2987 1050
2988 1150
2989 1075
2990 1075
2991 1050
2992 1125
2993 1125
2994 1075
2995 1075
2996 1125
2997 1050
2998 1050
2999 1150
3000 1075
3001 1100
3002 1100
3003 1075
3004 1050
3005 1050
3006 1075
3007 1175
3008 1000
3009 1025
3010 1125
3011 1125
3012 1100
3013 1050
3014 1075
3015 1000
3016 1100
3017 1125
3018 1125
3019 1125
3020 1100
3021 1025
3022 1100
3023 1025
3024 1050
3025 1075
3026 1175
3027 1100
3028 1050
3029 1225
3030 1100
3031 1025
3032 1100
3033 1025
3034 1125
3035 1050
3036 1025
3037 1075
3038 1000
3039 1050
3040 1100
3041 1025
3042 1100
3043 1025
3044 1050
3045 1075
3046 1100
3047 1150
3048 1125
3049 1050
3050 1075
3051 1150
3052 1075
3053 1025
3054 1050
3055 1025
3056 1150
3057 1075
3058 1100
3059 1075
3060 1075
3061 1125
3062 1050
3063 1075
3064 1075
3065 1075
3066 1050
3067 1125
3068 1150
3069 1075
3070 1100
3071 1075
3072 1150
3073 1000
3074 1050
3075 1125
3076 1125
3077 1100
3078 1125
3079 1050
3080 1050
3081 1075
3082 1075
3083 1050
3084 1175
3085 1075
3086 1075
3087 1150
3088 1050
3089 1050
3090 1100
3091 1150
3092 1025
3093 1050
3094 1075
3095 1000
3096 1100
3097 1125
3098 1050
3099 975
3100 1125
3101 1100
3102 1050
3103 1100
3104 1125
3105 1100
3106 1100
3107 1225
3108 1100
3109 1025
3110 1150
3111 1150
3112 1025
3113 1150
3114 1025
3115 1050
3116 1075
3117 1075
3118 1125
3119 1150
3120 1175
3121 1025
3122 1075
3123 1075
3124 1100
3125 1100
3126 1075
3127 1100
3128 1050
3129 1125
3130 1025
3131 1150
3132 1075
3133 1025
3134 1100
3135 1100
3136 1100
3137 1075
3138 1150
3139 1125
3140 1100
3141 1050
3142 1025
3143 1100
3144 1125
3145 1075
3146 1150
3147 1125
3148 1125
3149 1125
3150 1050
3151 1075
3152 1075
3153 1050
3154 1025
3155 1075
3156 1175
3157 1050
3158 1075
3159 1150
3160 1075
3161 1100
3162 1150
3163 1050
3164 1125
3165 1100
3166 1150
3167 1075
3168 1100
3169 1100
3170 1100
3171 1050
3172 1000
3173 1075
3174 1050
3175 1050
3176 1100
3177 1150
3178 1150
3179 1150
3180 1075
3181 1050
3182 1075
3183 1125
3184 1100
3185 1075
3186 1125
3187 1175
3188 1100
3189 1075
3190 1100
3191 1125
3192 1050
3193 1075
3194 1100
3195 1075
3196 1150
3197 1025
3198 1050
3199 1075
3200 1100
3201 1125
3202 1100
3203 1125
3204 1000
3205 1150
3206 1075
3207 1050
3208 1075
3209 1125
3210 1050
3211 1075
3212 1050
3213 1025
3214 1100
3215 1075
3216 1050
3217 1125
3218 1025
3219 1050
3220 1050
3221 1125
3222 1025
3223 1050
3224 1100
3225 1050
3226 1075
3227 1025
3228 1075
3229 1075
3230 1000
3231 1075
3232 1050
3233 1100
3234 1075
3235 1050
3236 1125
3237 1125
3238 1100
3239 1000
3240 1100
3241 1050
3242 1000
3243 1075
3244 1100
3245 1100
3246 1125
3247 1050
3248 1050
3249 1100
3250 1050
3251 1000
3252 1050
3253 1125
3254 950
3255 1125
3256 1075
3257 1075
3258 1100
3259 1050
3260 1075
3261 1100
3262 1050
3263 1100
3264 1075
3265 1025
3266 1050
3267 1100
3268 1075
3269 1050
3270 1075
3271 1075
3272 1125
3273 1075
3274 1075
3275 1000
3276 1175
3277 1100
3278 1100
3279 1050
3280 1100
3281 1050
3282 1100
3283 1075
3284 1075
3285 1075
3286 1025
3287 1075
3288 1100
3289 1175
3290 1050
3291 1025
3292 1100
3293 1075
3294 1100
3295 975
3296 1125
3297 1025
3298 1050
3299 975
3300 1075
3301 1125
3302 1100
3303 1100
3304 1050
3305 1150
3306 1125
3307 1075
3308 1075
3309 1075
3310 1075
3311 975
3312 1050
3313 1175
3314 1000
3315 1050
3316 1125
3317 1125
3318 1075
3319 1075
3320 1100
3321 1050
3322 1100
3323 1075
3324 1100
3325 1125
3326 1100
3327 1025
3328 1100
3329 1075
3330 1125
3331 1125
3332 1050
3333 1025
3334 1000
3335 1125
3336 1050
3337 1075
3338 1025
3339 1125
3340 1100
3341 1050
3342 1125
3343 1100
3344 1175
3345 1075
3346 1100
3347 1125
3348 1150
3349 1100
3350 1100
3351 1175
3352 1125
3353 1100
3354 1150
3355 1050
3356 1050
3357 1075
3358 1075
3359 1025
3360 1100
3361 1100
3362 1025
3363 1150
3364 1150
3365 1000
3366 1075
3367 1050
3368 1100
3369 1025
3370 1150
3371 1075
3372 1100
3373 1100
3374 1100
3375 1025
3376 1075
3377 1125
3378 1025
3379 1100
3380 1100
3381 1050
3382 1100
3383 1075
3384 1075
3385 1050
3386 1025
3387 1100
3388 1100
3389 1125
3390 1150
3391 1100
3392 1050
3393 1100
3394 1050
3395 1100
3396 1050
3397 1125
3398 1125
3399 1125
3400 1100
3401 1075
3402 1100
3403 1075
3404 1075
3405 1100
3406 1100
3407 1000
3408 1075
3409 1100
3410 1025
3411 1025
3412 1125
3413 1025
3414 1025
3415 1125
3416 1025
3417 1100
3418 1075
3419 1075
3420 1000
3421 1100
3422 1050
3423 1025
3424 1075
3425 1075
3426 1050
3427 1100
3428 1050
3429 1100
3430 1050
3431 1125
3432 1075
3433 1150
3434 1200
3435 1075
3436 1050
3437 1075
3438 1100
3439 1100
3440 1100
3441 1025
3442 1075
3443 1100
3444 1050
3445 1125
3446 1025
3447 1050
3448 1075
3449 1025
3450 1025
3451 1100
3452 1050
3453 1025
3454 1150
3455 1100
3456 1100
3457 1075
3458 1075
3459 1075
3460 1150
3461 1075
3462 1100
3463 1075
3464 1075
3465 1175
3466 1100
3467 975
3468 1125
3469 1125
3470 1075
3471 1150
3472 1100
3473 1075
3474 1050
3475 1050
3476 1125
3477 1075
3478 1100
3479 1075
3480 1100
3481 1075
3482 1025
3483 1125
3484 1100
3485 1100
3486 1025
3487 1025
3488 1100
3489 1050
3490 1125
3491 1200
3492 1125
3493 1100
3494 1125
3495 1100
3496 1100
3497 1150
3498 1025
3499 1050
3500 1150
3501 975
3502 1100
3503 1100
3504 1100
3505 1150
3506 1050
3507 1075
3508 1125
3509 1075
3510 1175
3511 1075
3512 1075
3513 1050
3514 1025
3515 1100
3516 1050
3517 1025
3518 1100
3519 1025
3520 1050
3521 1050
3522 1150
3523 1100
3524 975
3525 1075
3526 1050
3527 1050
3528 1100
3529 1100
3530 1050
3531 1025
3532 1075
3533 1100
3534 1075
3535 1025
3536 1050
3537 1125
3538 1125
3539 1125
3540 1125
3541 1125
3542 1100
3543 1075
3544 1025
3545 1100
3546 1075
3547 1125
3548 1075
3549 1100
3550 1075
3551 1075
3552 1025
3553 1125
3554 1025
3555 1050
3556 1075
3557 1075
3558 1125
3559 1050
3560 1075
3561 1175
3562 1075
3563 1000
3564 1000
3565 1075
3566 1075
3567 1125
3568 1075
3569 1075
3570 1100
3571 1100
3572 1100
3573 1025
3574 1050
3575 1050
3576 1150
3577 1025
3578 1075
3579 1175
3580 1075
3581 1075
3582 1100
3583 1100
3584 1075
3585 1100
3586 1050
3587 1125
3588 1025
3589 1100
3590 1150
3591 1100
3592 1175
3593 1050
3594 1075
3595 1025
3596 1075
3597 1100
3598 1150
3599 1050
3600 1025
3601 1100
3602 1100
3603 1050
3604 1125
3605 1075
3606 1050
3607 1075
3608 1075
3609 1075
3610 1050
3611 1025
3612 1075
3613 1050
3614 1100
3615 1025
3616 1075
3617 1150
3618 1075
3619 1150
3620 1075
3621 1075
3622 1075
3623 1050
3624 1075
3625 1025
3626 1125
3627 1075
3628 1100
3629 1050
3630 1075
3631 1050
3632 1025
3633 1125
3634 1050
3635 1075
3636 1100
3637 1100
3638 1075
3639 975
3640 1100
3641 1100
3642 1025
3643 1025
3644 1100
3645 1050
3646 1050
3647 1025
3648 1150
3649 1100
3650 1075
3651 1125
3652 1075
3653 1075
3654 1150
3655 1050
3656 1075
3657 1125
3658 1075
3659 1025
3660 1050
3661 1000
3662 1050
3663 1050
3664 1100
3665 1150
3666 1075
3667 1075
3668 1100
3669 1050
3670 1075
3671 1075
3672 1125
3673 1025
3674 1125
3675 1075
3676 1075
3677 1075
3678 1100
3679 1150
3680 1100
3681 1050
3682 1125
3683 1075
3684 1100
3685 1075
3686 1075
3687 1000
3688 1075
3689 1125
3690 1125
3691 1075
3692 1100
3693 1125
3694 1100
3695 1125
3696 1000
3697 1025
3698 1075
3699 1075
3700 1100
3701 1050
3702 1125
3703 1125
3704 1075
3705 1050
3706 1075
3707 1150
3708 1075
3709 1125
3710 1125
3711 1075
3712 1050
3713 1125
3714 1075
3715 1125
3716 1150
3717 1025
3718 1150
3719 1000
3720 1075
3721 1025
3722 1050
3723 1150
3724 1125
3725 1100
3726 1025
3727 1075
3728 1125
3729 1050
3730 1125
3731 1000
3732 1050
3733 1075
3734 1175
3735 1100
3736 1050
3737 1025
3738 1125
3739 1125
3740 1100
3741 1100
3742 1125
3743 1050
3744 1025
3745 1025
3746 1075
3747 1125
3748 1175
3749 1050
3750 1175
3751 1100
3752 1100
3753 1100
3754 1150
3755 1175
3756 1075
3757 1050
3758 1025
3759 1125
3760 1225
3761 1075
3762 1125
3763 1100
3764 1125
3765 1075
3766 1100
3767 1200
3768 1100
3769 1075
3770 1100
3771 1150
3772 1050
3773 1075
3774 1075
3775 1050
3776 1100
3777 1125
3778 1100
3779 1200
3780 1000
3781 1100
3782 1025
3783 1125
3784 1075
3785 1075
3786 1075
3787 1075
3788 1000
3789 1125
3790 1025
3791 1050
3792 1175
3793 1100
3794 1100
3795 1125
3796 1075
3797 1100
3798 1025
3799 1050
3800 1150
3801 1150
3802 1125
3803 1075
3804 1050
3805 1100
3806 1075
3807 1025
3808 1175
3809 1075
3810 1100
3811 1075
3812 1075
3813 1125
3814 1050
3815 1050
3816 975
3817 1150
3818 1050
3819 1100
3820 1100
3821 1075
3822 1150
3823 1125
3824 1200
3825 1100
3826 1050
3827 1175
3828 1150
3829 1075
3830 1050
3831 1200
3832 1150
3833 1100
3834 1000
3835 1050
3836 1125
3837 1025
3838 1050
3839 1050
3840 1100
3841 1150
3842 1050
3843 1100
3844 1150
3845 1050
3846 1125
3847 1100
3848 1025
3849 1100
3850 1000
3851 1075
3852 1050
3853 1050
3854 1050
3855 1100
3856 1075
3857 1100
3858 1050
3859 1050
3860 1125
3861 1125
3862 1050
3863 1175
3864 1050
3865 1025
3866 1100
3867 1100
3868 1075
3869 1050
3870 1050
3871 1175
3872 1175
3873 1075
3874 1125
3875 1100
3876 1100
3877 1075
3878 1100
3879 1050
3880 1075
3881 1025
3882 1100
3883 1100
3884 1025
3885 1075
3886 1100
3887 1125
3888 1050
3889 1025
3890 1000
3891 1150
3892 1100
3893 1075
3894 1025
3895 1050
3896 1100
3897 1150
3898 1125
3899 1075
3900 1050
3901 1075
3902 1025
3903 1075
3904 1050
3905 1100
3906 1050
3907 1100
3908 1125
3909 1150
3910 1100
3911 1125
3912 1100
3913 1125
3914 1000
3915 1075
3916 1100
3917 1050
3918 1050
3919 1125
3920 1075
3921 1125
3922 1025
3923 1125
3924 1050
3925 1125
3926 1075
3927 1125
3928 1075
3929 1175
3930 1025
3931 1150
3932 1175
3933 1075
3934 1100
3935 1050
3936 1050
3937 1050
3938 1100
3939 1025
3940 1075
3941 1075
3942 1025
3943 1075
3944 1000
3945 1075
3946 1125
3947 1175
3948 1100
3949 1125
3950 1075
3951 1075
3952 1075
3953 1150
3954 1050
3955 1075
3956 1100
3957 1175
3958 1000
3959 1125
3960 1125
3961 1100
3962 1050
3963 1150
3964 1025
3965 1125
3966 1025
3967 1125
3968 975
3969 1075
3970 1100
3971 1100
3972 1175
3973 1075
3974 1125
3975 1025
3976 1150
3977 1100
3978 1125
3979 1050
3980 1175
3981 1050
3982 1075
3983 1050
3984 1075
3985 1125
3986 1125
3987 1025
3988 1125
3989 1075
3990 1025
3991 1075
3992 1025
3993 1100
3994 1125
3995 1125
3996 1125
3997 1100
3998 1025
3999 1200
4000 1050
4001 1100
4002 1125
4003 1125
4004 1100
4005 1125
4006 1075
4007 1050
4008 1150
4009 1150
4010 1100
4011 1000
4012 1125
4013 1075
4014 1100
4015 1075
4016 1050
4017 1125
4018 1075
4019 1100
4020 1150
4021 1100
4022 1100
4023 1125
4024 1050
4025 1075
4026 1175
4027 1050
4028 1025
4029 1100
4030 1075
4031 1125
4032 1050
4033 1150
4034 1125
4035 1075
4036 1025
4037 1050
4038 1050
4039 1075
4040 1075
4041 1075
4042 1125
4043 1075
4044 1100
4045 1025
4046 1050
4047 1075
4048 1050
4049 1100
4050 1075
4051 1025
4052 1175
4053 1000
4054 1100
4055 1150
4056 1050
4057 1075
4058 1025
4059 1075
4060 1025
4061 1050
4062 1125
4063 1100
4064 1025
4065 1125
4066 1125
4067 1000
4068 1050
4069 1100
4070 1075
4071 1075
4072 1150
4073 1100
4074 1075
4075 975
4076 1050
4077 1075
4078 1075
4079 1025
4080 1050
4081 1050
4082 1025
4083 1125
4084 1125
4085 1075
4086 1125
4087 1050
4088 1075
4089 1150
4090 1075
4091 1075
4092 1150
4093 1025
4094 1125
4095 1100
4096 1050
4097 1075
4098 1100
4099 1075
4100 1075
4101 1125
4102 1125
4103 1025
4104 1100
4105 1075
4106 1100
4107 1175
4108 1050
4109 1025
4110 1050
4111 1100
4112 1075
4113 1100
4114 1125
4115 1125
4116 1100
4117 1075
4118 1150
4119 1075
4120 1075
4121 1150
4122 1075
4123 1100
4124 1100
4125 1075
4126 1100
4127 1225
4128 1075
4129 1075
4130 1075
4131 1100
4132 1000
4133 1000
4134 1050
4135 1075
4136 1050
4137 1075
4138 1075
4139 1025
4140 1050
4141 1125
4142 1150
4143 1100
4144 1075
4145 1050
4146 1025
4147 1050
4148 1075
4149 1075
4150 1050
4151 1050
4152 1025
4153 1075
4154 1125
4155 1125
4156 1150
4157 1050
4158 1100
4159 1100
4160 1075
4161 1150
4162 1075
4163 1075
4164 1125
4165 1075
4166 1075
4167 1050
4168 975
4169 1125
4170 1075
4171 1100
4172 1100
4173 1175
4174 1000
4175 1125
4176 1050
4177 1075
4178 1050
4179 1075
4180 1050
4181 1025
4182 1000
4183 1075
4184 1000
4185 1075
4186 1150
4187 1075
4188 1050
4189 1125
4190 1200
4191 1125
4192 1075
4193 1075
4194 1075
4195 1050
4196 1025
4197 1150
4198 1100
4199 1050
4200 1050
4201 1050
4202 1175
4203 1100
4204 1075
4205 1175
4206 1025
4207 1075
4208 1025
4209 1050
4210 1075
4211 1175
4212 1125
4213 1025
4214 1100
4215 1100
4216 1125
4217 1150
4218 1125
4219 1075
4220 1125
4221 1125
4222 1075
4223 1125
4224 1025
4225 1075
4226 1075
4227 1150
4228 1100
4229 1150
4230 1050
4231 1075
4232 1075
4233 1075
4234 1025
4235 1000
4236 1150
4237 1175
4238 1050
4239 1075
4240 1050
4241 1050
4242 1125
4243 1125
4244 1100
4245 1100
4246 1075
4247 1075
4248 1000
4249 1075
4250 1025
4251 1125
4252 1025
4253 1050
4254 1100
4255 1150
4256 1075
4257 1075
4258 1150
4259 1050
4260 1100
4261 1150
4262 1075
4263 1075
4264 1125
4265 1175
4266 1075
4267 1050
4268 1075
4269 1000
4270 1150
4271 1050
4272 1100
4273 1100
4274 1125
4275 1075
4276 1025
4277 1100
4278 1175
4279 1075
4280 1075
4281 1050
4282 1050
4283 1100
4284 1200
4285 1150
4286 1075
4287 1075
4288 1175
4289 1125
4290 1050
4291 1075
4292 1050
4293 1100
4294 1150
4295 1150
4296 1025
4297 1075
4298 1100
4299 1100
4300 1075
4301 1100
4302 1100
4303 1125
4304 1050
4305 1075
4306 1100
4307 1075
4308 1100
4309 1175
4310 1050
4311 1075
4312 1000
4313 1025
4314 1075
4315 1050
4316 1025
4317 1075
4318 1075
4319 1125
4320 1075
4321 1075
4322 1150
4323 1050
4324 1050
4325 1100
4326 1050
4327 1050
4328 1150
4329 1125
4330 1050
4331 1050
4332 1150
4333 1150
4334 1150
4335 1075
4336 1175
4337 1050
4338 1050
4339 1125
4340 1025
4341 1100
4342 1050
4343 1075
4344 1050
4345 1100
4346 1075
4347 1050
4348 1100
4349 1075
4350 1100
4351 1200
4352 1100
4353 1100
4354 1125
4355 1100
4356 1050
4357 975
4358 1150
4359 1125
4360 1200
4361 1125
4362 1150
4363 1125
4364 1050
4365 1050
4366 1150
4367 1075
4368 1150
4369 1125
4370 1125
4371 1075
4372 1100
4373 1050
4374 1025
4375 1025
4376 1050
4377 1150
4378 1050
4379 1100
4380 1100
4381 1050
4382 1075
4383 1075
4384 1050
4385 1025
4386 1175
4387 1100
4388 1100
4389 1050
4390 1075
4391 1050
4392 1075
4393 1100
4394 1100
4395 1125
4396 1025
4397 1100
4398 1125
4399 1100
4400 1075
4401 1100
4402 1150
4403 1150
4404 1100
4405 1100
4406 1025
4407 1100
4408 1125
4409 1050
4410 1050
4411 1100
4412 1075
4413 1025
4414 1025
4415 1125
4416 1075
4417 1125
4418 1125
4419 1075
4420 1025
4421 1125
4422 1050
4423 1150
4424 1100
4425 1150
4426 1000
4427 1125
4428 1075
4429 1025
4430 1100
4431 1050
4432 1075
4433 1125
4434 1075
4435 1075
4436 1050
4437 1075
4438 1125
4439 1100
4440 1000
4441 1175
4442 1050
4443 1125
4444 1075
4445 1075
4446 1050
4447 1075
4448 1075
4449 1075
4450 1150
4451 1075
4452 1075
4453 1075
4454 1150
4455 1075
4456 1175
4457 1125
4458 1075
4459 1075
4460 1125
4461 1100
4462 1050
4463 1050
4464 1050
4465 1075
4466 1175
4467 1025
4468 1075
4469 1050
4470 1050
4471 1050
4472 1050
4473 1125
4474 1075
4475 1150
4476 1150
4477 1050
4478 1100
4479 1100
4480 1050
4481 1050
4482 1250
4483 1050
4484 1075
4485 1100
4486 1050
4487 1075
4488 1050
4489 1175
4490 1175
4491 1075
4492 1125
4493 1075
4494 1075
4495 1100
4496 1075
4497 1075
4498 1100
4499 1100
4500 1075
4501 1075
4502 1075
4503 1050
4504 1100
4505 1125
4506 1025
4507 1025
4508 1100
4509 1075
4510 975
4511 1075
4512 1075
4513 1075
4514 1100
4515 1125
4516 1125
4517 1075
4518 1050
4519 1075
4520 1050
4521 1025
4522 1050
4523 1175
4524 1050
4525 1100
4526 1025
4527 1175
4528 1050
4529 1125
4530 1025
4531 1100
4532 1050
4533 1050
4534 1025
4535 1050
4536 1125
4537 1075
4538 1075
4539 1125
4540 1075
4541 1100
4542 1075
4543 1125
4544 1150
4545 1125
4546 1050
4547 1100
4548 1100
4549 1050
4550 1025
4551 1075
4552 1025
4553 1100
4554 1075
4555 1125
4556 1100
4557 1100
4558 1175
4559 1125
4560 1100
4561 1075
4562 1100
4563 1050
4564 1175
4565 1025
4566 1075
4567 1050
4568 1075
4569 1075
4570 1075
4571 1050
4572 1025
4573 1100
4574 1050
4575 1100
4576 1075
4577 1100
4578 1125
4579 1050
4580 1100
4581 1075
4582 1100
4583 1075
4584 1125
4585 1100
4586 1025
4587 1075
4588 1025
4589 1025
4590 1075
4591 1075
4592 1050
4593 1000
4594 1125
4595 1125
4596 1100
4597 1150
4598 1125
4599 1100
4600 1075
4601 1125
4602 1075
4603 1075
4604 1050
4605 1050
4606 1150
4607 975
4608 1175
4609 1050
4610 1050
4611 1150
4612 1050
4613 1125
4614 1100
4615 1050
4616 1100
4617 1100
4618 975
4619 1075
4620 1075
4621 1150
4622 1150
4623 1175
4624 1150
4625 1050
4626 1175
4627 1150
4628 1075
4629 1100
4630 1050
4631 1075
4632 1125
4633 1125
4634 1100
4635 1150
4636 1075
4637 1075
4638 1150
4639 1100
4640 1100
4641 1075
4642 1075
4643 1100
4644 1025
4645 1125
4646 1150
4647 1075
4648 1125
4649 1075
4650 1100
4651 1075
4652 1175
4653 1150
4654 1075
4655 1050
4656 1075
4657 1025
4658 1150
4659 1050
4660 1050
4661 1125
4662 1100
4663 1175
4664 1125
4665 1050
4666 1125
4667 1100
4668 1050
4669 1075
4670 1050
4671 1075
4672 1050
4673 1075
4674 1075
4675 1075
4676 1050
4677 1050
4678 1075
4679 1025
4680 1125
4681 1200
4682 1075
4683 1150
4684 1050
4685 1100
4686 975
4687 1075
4688 1075
4689 1075
4690 1050
4691 1050
4692 1025
4693 1150
4694 1075
4695 1025
4696 1100
4697 1150
4698 1100
4699 1025
4700 1075
4701 1100
4702 1075
4703 1175
4704 1075
4705 1150
4706 1050
4707 1025
4708 1050
4709 1075
4710 1050
4711 1075
4712 1100
4713 1075
4714 1075
4715 1025
4716 1150
4717 1100
4718 1075
4719 1125
4720 1075
4721 1125
4722 1150
4723 1100
4724 1050
4725 1100
4726 1100
4727 1225
4728 1000
4729 1150
4730 1075
4731 1100
4732 1100
4733 1125
4734 1075
4735 1100
4736 1100
4737 1175
4738 1125
4739 1150
4740 1050
4741 1175
4742 1050
4743 1100
4744 1050
4745 1100
4746 1100
4747 1100
4748 1125
4749 1200
4750 1175
4751 1050
4752 1100
4753 1100
4754 1100
4755 1075
4756 1025
4757 1025
4758 1050
4759 1075
4760 1025
4761 1125
4762 1075
4763 1125
4764 1150
4765 1075
4766 1050
4767 1075
4768 1075
4769 1150
4770 1075
4771 1150
4772 1000
4773 1100
4774 1075
4775 1075
4776 1050
4777 1125
4778 1175
4779 1125
4780 1125
4781 1075
4782 1100
4783 1050
4784 1125
4785 1075
4786 1200
4787 1075
4788 1075
4789 1150
4790 1075
4791 1100
4792 1075
4793 1075
4794 1000
4795 1075
4796 1050
4797 1025
4798 1075
4799 1100
4800 1050
4801 1075
4802 1050
4803 1150
4804 1075
4805 1125
4806 1100
4807 1050
4808 1100
4809 1075
4810 1100
4811 1075
4812 1100
4813 1050
4814 1050
4815 1050
4816 1150
4817 1025
4818 1075
4819 975
4820 1075
4821 1075
4822 1050
4823 1100
4824 1100
4825 1100
4826 1000
4827 1100
4828 1125
4829 1100
4830 1050
4831 1075
4832 1025
4833 1075
4834 1100
4835 1050
4836 1125
4837 1075
4838 1050
4839 1050
4840 1100
4841 1150
4842 1075
4843 1100
4844 1050
4845 1150
4846 1100
4847 1100
4848 1075
4849 1075
4850 1025
4851 1025
4852 1100
4853 1075
4854 1150
4855 1050
4856 1100
4857 1075
4858 1100
4859 1100
4860 1050
4861 1075
4862 1025
4863 1100
4864 1100
4865 1025
4866 1050
4867 1100
4868 1075
4869 1050
4870 1075
4871 1075
4872 1075
4873 1075
4874 1075
4875 1025
4876 1075
4877 1100
4878 1075
4879 1100
4880 1125
4881 1125
4882 1050
4883 1075
4884 1075
4885 1150
4886 1025
4887 1050
4888 1125
4889 1100
4890 1125
4891 1125
4892 1175
4893 1050
4894 1075
4895 1075
4896 1125
4897 1075
4898 1050
4899 1150
4900 1075
4901 1125
4902 1100
4903 1025
4904 1075
4905 1000
4906 1050
4907 1025
4908 1100
4909 1125
4910 1025
4911 1125
4912 1075
4913 1100
4914 1050
4915 1100
4916 1125
4917 1175
4918 1025
4919 1125
4920 1100
4921 1150
4922 1050
4923 1100
4924 1075
4925 1100
4926 1100
4927 1125
4928 1050
4929 1100
4930 1050
4931 1075
4932 1075
4933 1125
4934 1125
4935 1025
4936 1125
4937 1200
4938 1125
4939 1175
4940 1200
4941 1075
4942 1075
4943 1125
4944 1075
4945 1100
4946 1075
4947 1125
4948 1125
4949 1075
4950 1050
4951 1125
4952 1125
4953 1125
4954 1125
4955 1050
4956 1075
4957 1125
4958 1075
4959 1050
4960 1050
4961 1125
4962 1150
4963 1075
4964 1125
4965 1075
4966 1050
4967 1150
4968 1125
4969 1075
4970 1125
4971 1100
4972 1000
4973 1000
4974 1125
4975 1150
4976 1100
4977 1075
4978 1100
4979 1100
4980 1050
4981 1175
4982 1075
4983 1050
4984 1025
4985 1075
4986 1100
4987 1025
4988 1100
4989 1125
4990 1050
4991 1050
4992 1175
4993 1025
4994 1125
4995 1100
4996 1125
4997 1050
4998 1175
4999 1075
5000 1250
5001 1100
5002 1050
5003 1075
5004 1125
5005 1050
5006 1025
5007 1150
5008 1075
5009 1150
5010 1075
5011 1100
5012 1100
5013 1025
5014 1075
5015 1125
5016 1050
5017 1100
5018 1100
5019 1125
5020 1150
5021 1150
5022 1100
5023 1075
5024 1150
5025 1025
5026 1000
5027 1000
5028 1100
5029 1075
5030 1125
5031 1100
5032 1050
5033 1150
5034 1075
5035 1050
5036 1150
5037 1025
5038 1100
5039 1150
5040 1050
5041 1075
5042 1050
5043 1050
5044 1075
5045 1175
5046 1100
5047 1025
5048 1125
5049 1000
5050 1025
5051 1075
5052 1075
5053 1150
5054 1100
5055 1050
5056 1200
5057 1075
5058 1075
5059 975
5060 1125
5061 1100
5062 1075
5063 1100
5064 1100
5065 1075
5066 1050
5067 1075
5068 1125
5069 1100
5070 1025
5071 1050
5072 1150
5073 1025
5074 1100
5075 1100
5076 1075
5077 1075
5078 1100
5079 1025
5080 1075
5081 1025
5082 1100
5083 1050
5084 1200
5085 1100
5086 1125
5087 1050
5088 1025
5089 1000
5090 1075
5091 1050
5092 1100
5093 1150
5094 1100
5095 1075
5096 1100
5097 1050
5098 1100
5099 1100
5100 1100
5101 1050
5102 1125
5103 1075
5104 1075
5105 1025
5106 1075
5107 1125
5108 1150
5109 1150
5110 1100
5111 1075
5112 1150
5113 1050
5114 1100
5115 1125
5116 1150
5117 1075
5118 1000
5119 1050
5120 1100
5121 1025
5122 1050
5123 1050
5124 1000
5125 1025
5126 1025
5127 1075
5128 1075
5129 1075
5130 1075
5131 1175
5132 1050
5133 1150
5134 1000
5135 1100
5136 1100
5137 1075
5138 1025
5139 1175
5140 1050
5141 1175
5142 1125
5143 1050
5144 1125
5145 1000
5146 1150
5147 1075
5148 1075
5149 1125
5150 1100
5151 1100
5152 1075
5153 1100
5154 1025
5155 1125
5156 1150
5157 1075
5158 1025
5159 1075
5160 1100
5161 1050
5162 1050
5163 1175
5164 1100
5165 1075
5166 1075
5167 1150
5168 1000
5169 1150
5170 1025
5171 1125
5172 1150
5173 1175
5174 1050
5175 1075
5176 1025
5177 1050
5178 1150
5179 1075
5180 1075
5181 1075
5182 1100
5183 1075
5184 1150
5185 1050
5186 1100
5187 1075
5188 1075
5189 1075
5190 1075
5191 1100
5192 1075
5193 1125
5194 1075
5195 1075
5196 1050
5197 1125
5198 1075
5199 1050
5200 1150
5201 1050
5202 1100
5203 1075
5204 1050
5205 1075
5206 1075
5207 1000
5208 1075
5209 1125
5210 1050
5211 1100
5212 1050
5213 1125
5214 1100
5215 1100
5216 1125
5217 1050
5218 1025
5219 1050
5220 1175
5221 1175
5222 1125
5223 1075
5224 1075
5225 1050
5226 1050
5227 1025
5228 1125
5229 1075
5230 1075
5231 1125
5232 1100
5233 1050
5234 1075
5235 1200
5236 1100
5237 1075
5238 1075
5239 1050
5240 1075
5241 1075
5242 1100
5243 1125
5244 1075
5245 1150
5246 1100
5247 1025
5248 1050
5249 1050
5250 1025
5251 1000
5252 1025
5253 1100
5254 1050
5255 1075
5256 1025
5257 1100
5258 1025
5259 1125
5260 1025
5261 1100
5262 1125
5263 1075
5264 1150
5265 1025
5266 1100
5267 1050
5268 1100
5269 1075
5270 1125
5271 1050
5272 1050
5273 1075
5274 1125
5275 1050
5276 1150
5277 1125
5278 1050
5279 1025
5280 1050
5281 1100
5282 1050
5283 1150
5284 1125
5285 1000
5286 1100
5287 1100
5288 1025
5289 1075
5290 1075
5291 1175
5292 1000
5293 1100
5294 1125
5295 1075
5296 1025
5297 1100
5298 1100
5299 1025
5300 1025
5301 1175
5302 1175
5303 1075
5304 1050
5305 1050
5306 1050
5307 1150
5308 1075
5309 1075
5310 1175
5311 1000
5312 1075
5313 1050
5314 1100
5315 1075
5316 1125
5317 1000
5318 1075
5319 1050
5320 1125
5321 1075
5322 1075
5323 1025
5324 1050
5325 1025
5326 1150
5327 1050
5328 1075
5329 1025
5330 1100
5331 1075
5332 1150
5333 1100
5334 1075
5335 1075
5336 1025
5337 1250
5338 1025
5339 1100
5340 1050
5341 1050
5342 1125
5343 1100
5344 1125
5345 1050
5346 1100
5347 1100
5348 1150
5349 1000
5350 1125
5351 1075
5352 1025
5353 1125
5354 1050
5355 1075
5356 1050
5357 1100
5358 1050
5359 1150
5360 1150
5361 1050
5362 1050
5363 1100
5364 1075
5365 1075
5366 1125
5367 1025
5368 1050
5369 1025
5370 1100
5371 1050
5372 1075
5373 1125
5374 1100
5375 1050
5376 1100
5377 1125
5378 1050
5379 1200
5380 1100
5381 1100
5382 1125
5383 1100
5384 1050
5385 1100
5386 1025
5387 1125
5388 1100
5389 1025
5390 1200
5391 1075
5392 1050
5393 1075
5394 1100
5395 1200
5396 1000
5397 1075
5398 1075
5399 1100
5400 1100
5401 1100
5402 1075
5403 1125
5404 1050
5405 1050
5406 1050
5407 1075
5408 1000
5409 1100
5410 1100
5411 1050
5412 1025
5413 1075
5414 1025
5415 1050
5416 1150
5417 1125
5418 1100
5419 1050
5420 1075
5421 1050
5422 1125
5423 1100
5424 1025
5425 1125
5426 1050
5427 1100
5428 1050
5429 1050
5430 1025
5431 1025
5432 1150
5433 1100
5434 1050
5435 1075
5436 1150
5437 1100
5438 1075
5439 1075
5440 1125
5441 1050
5442 1050
5443 1100
5444 1075
5445 1100
5446 1150
5447 1125
5448 1050
5449 1100
5450 1050
5451 1075
5452 1150
5453 1125
5454 1100
5455 1050
5456 1150
5457 1075
5458 1125
5459 1075
5460 1025
5461 1125
5462 1050
5463 1050
5464 1025
5465 1125
5466 1100
5467 1075
5468 1075
5469 1075
5470 1150
5471 1100
5472 1025
5473 1125
5474 1075
5475 1050
5476 1025
5477 1100
5478 1100
5479 1000
5480 1050
5481 1175
5482 1150
5483 1100
5484 1175
5485 1050
5486 1075
5487 1175
5488 1100
5489 1025
5490 1125
5491 1075
5492 1125
5493 1000
5494 1125
5495 1075
5496 1050
5497 1125
5498 1075
5499 1075
5500 1100
5501 1025
5502 1150
5503 1225
5504 1100
5505 1125
5506 1125
5507 1075
5508 1000
5509 1100
5510 1000
5511 1125
5512 1100
5513 1150
5514 1125
5515 1000
5516 1100
5517 1150
5518 1100
5519 1075
5520 1025
5521 1050
5522 1150
5523 1050
5524 1075
5525 1050
5526 1075
5527 1025
5528 1125
5529 1050
5530 1100
5531 1175
5532 1050
5533 1050
5534 1100
5535 975
5536 1050
5537 1100
5538 1050
5539 1075
5540 1075
5541 1075
5542 1100
5543 1175
5544 1075
5545 1100
5546 1075
5547 1150
5548 1050
5549 1050
5550 1025
5551 1225
5552 1075
5553 1050
5554 1025
5555 1100
5556 1050
5557 1025
5558 1100
5559 1100
5560 1050
5561 1100
5562 1050
5563 1100
5564 1050
5565 1000
5566 1050
5567 1150
5568 1075
5569 1100
5570 1075
5571 1075
5572 1075
5573 1100
5574 1050
5575 1175
5576 1025
5577 1025
5578 1150
5579 1100
5580 1050
5581 1175
5582 1025
5583 1050
5584 1050
5585 1000
5586 1075
5587 1050
5588 1075
5589 1125
5590 1100
5591 1100
5592 1050
5593 1050
5594 1125
5595 1100
5596 1150
5597 1150
5598 1225
5599 1075
5600 1075
5601 1100
5602 1125
5603 1050
5604 1000
5605 1125
5606 1100
5607 1100
5608 1025
5609 1075
5610 1100
5611 1050
5612 1050
5613 1125
5614 1075
5615 1075
5616 1050
5617 1050
5618 1000
5619 1075
5620 1075
5621 1125
5622 1175
5623 1100
5624 1075
5625 1100
5626 1025
5627 1125
5628 1000
5629 1075
5630 1075
5631 1075
5632 1050
5633 1025
5634 1050
5635 1100
5636 1025
5637 1175
5638 1100
5639 1125
5640 1075
5641 1100
5642 1075
5643 1025
5644 1150
5645 1100
5646 1100
5647 1075
5648 1000
5649 1075
5650 1050
5651 1025
5652 1075
5653 1125
5654 1100
5655 1150
5656 1075
5657 1175
5658 1050
5659 1100
5660 1125
5661 1075
5662 1100
5663 1150
5664 1100
5665 1075
5666 1150
5667 1075
5668 1000
5669 1075
5670 1125
5671 1025
5672 1050
5673 1075
5674 1050
5675 1150
5676 1125
5677 1050
5678 1075
5679 1050
5680 1150
5681 1100
5682 1125
5683 1075
5684 1050
5685 1125
5686 1125
5687 1075
5688 1075
5689 1100
5690 1025
5691 1075
5692 1050
5693 1125
5694 1100
5695 1050
5696 1050
5697 1025
5698 1050
5699 1125
5700 1075
5701 1050
5702 1175
5703 1125
5704 1125
5705 1125
5706 1050
5707 1100
5708 1125
5709 1175
5710 1050
5711 1125
5712 1150
5713 1075
5714 1100
5715 1100
5716 1125
Unexpected message received for job 1049292
5717 1050
5718 1050
5719 1075
5720 1050
5721 1075
5722 1100
5723 1150
5724 1050
5725 1125
5726 1075
5727 1100
5728 1100
5729 1050
5730 1125
Unexpected message received for job 1049292
5731 1025
5732 1125
5733 1125
5734 1075
5735 1050
5736 1100
5737 1025
5738 1050
5739 1050
5740 1100
5741 1075
5742 1125
5743 1075
5744 1100
5745 1125
5746 1050
5747 1125
5748 1050
5749 1000
5750 1075
5751 1150
5752 1000
5753 1075
5754 1075
5755 1075
5756 1150
5757 1075
5758 1100
5759 1050
5760 1050
5761 1075
5762 1050
5763 1100
5764 1050
5765 1075
5766 1075
5767 1025
5768 1125
5769 1125
5770 1100
5771 1125
5772 1075
5773 1150
5774 1050
5775 1125
5776 1100
5777 1050
5778 1075
5779 1175
5780 1075
5781 1100
5782 1025
5783 1075
5784 1075
5785 1000
5786 1075
5787 1100
5788 1025
5789 1100
5790 1100
5791 1150
5792 1100
5793 1150
5794 1025
5795 1025
5796 1050
5797 1150
5798 1075
5799 1125
5800 1000
5801 1025
5802 1075
5803 1150
5804 1075
5805 1075
5806 1150
5807 1100
5808 1025
5809 1075
5810 1050
5811 1100
5812 1050
5813 1100
5814 1050
5815 1075
5816 1025
5817 1125
5818 1025
5819 1125
5820 1150
5821 1050
5822 1050
5823 1125
5824 1075
5825 1125
5826 1075
5827 1100
5828 1125
5829 1100
5830 1000
5831 1175
5832 1075
5833 1100
5834 1050
5835 1000
5836 1100
5837 1050
5838 1050
5839 1075
5840 1050
5841 1050
5842 1050
5843 1050
5844 1125
5845 1125
5846 1050
5847 1100
5848 1125
5849 1100
5850 1050
5851 1050
5852 1025
5853 1025
5854 1100
5855 1050
5856 1100
5857 1100
5858 1075
5859 1100
5860 1050
5861 1050
5862 1125
5863 1050
5864 1075
5865 1075
5866 1100
5867 1200
5868 1100
5869 1025
5870 1075
5871 1150
5872 1125
5873 1100
5874 1100
5875 1050
5876 1150
5877 1050
5878 1150
5879 1025
5880 1200
5881 1050
5882 1175
5883 1100
5884 1075
5885 1075
5886 1150
5887 1100
5888 1150
5889 1050
5890 1025
5891 1125
5892 1000
5893 1050
5894 1075
5895 1100
5896 1075
5897 1125
5898 1125
5899 1050
5900 1075
5901 1100
5902 1025
5903 1100
5904 1075
5905 1025
5906 1100
5907 1100
5908 1050
5909 1175
5910 1025
5911 1050
5912 1050
5913 1025
5914 1100
5915 1150
5916 1075
5917 1100
5918 1075
5919 1075
5920 1050
5921 1075
5922 1050
5923 1150
5924 1075
5925 1025
5926 1050
5927 1100
5928 1100
5929 1100
5930 1075
5931 1100
5932 1075
5933 1075
5934 1125
5935 1050
5936 1100
5937 1125
5938 1100
5939 1050
5940 1125
5941 1150
5942 1025
5943 1075
5944 1075
5945 1025
5946 1075
5947 1100
5948 1100
5949 1150
5950 1050
5951 1050
5952 1150
5953 1000
5954 1075
5955 1100
5956 1075
5957 1125
5958 1075
5959 1075
5960 1075
5961 1075
5962 1125
5963 1150
5964 1050
5965 1100
5966 1050
5967 1100
5968 1025
5969 1075
5970 1050
5971 1050
5972 1075
5973 1025
5974 1075
5975 1075
5976 1025
5977 1075
5978 1075
5979 1100
5980 1050
5981 1025
5982 1150
5983 1100
5984 1075
5985 1050
5986 1050
5987 1125
5988 1050
5989 1100
5990 1075
5991 1050
5992 1100
5993 1150
5994 975
5995 1100
5996 1075
5997 1050
5998 1025
5999 1075
6000 1025
6001 1025
6002 1150
6003 1000
6004 1075
6005 1025
6006 1125
6007 1175
6008 1100
6009 1100
6010 1100
6011 1000
6012 1100
6013 1100
6014 1050
6015 1050
6016 1100
6017 1150
6018 1050
6019 1075
6020 1075
6021 1125
6022 1100
6023 1150
6024 1050
6025 1075
6026 1075
6027 1050
6028 1075
6029 1100
6030 1100
6031 1125
6032 1050
6033 1050
6034 1050
6035 1125
6036 1150
6037 1050
6038 1150
6039 1025
6040 1050
6041 1100
6042 1225
6043 1125
6044 1150
6045 1075
6046 1075
6047 1100
6048 1050
6049 1075
6050 1050
6051 1125
6052 1125
6053 1025
6054 1125
6055 1150
6056 1000
6057 1075
6058 1100
6059 1050
6060 1075
6061 1075
6062 1000
6063 1075
6064 1075
6065 1075
6066 1125
6067 1050
6068 1050
6069 1125
6070 1175
6071 1225
6072 1025
6073 1100
6074 1075
6075 1025
6076 1050
6077 1025
6078 1050
6079 1075
6080 1050
6081 1100
6082 1075
6083 1125
6084 1100
6085 1000
6086 1075
6087 1075
6088 1150
6089 1125
6090 1125
6091 1025
6092 1050
6093 1075
6094 1025
6095 1000
6096 1100
6097 1075
6098 1100
6099 1075
6100 1025
6101 1100
6102 1100
6103 1100
6104 1050
6105 1050
6106 1100
6107 1025
6108 1150
6109 1225
6110 1025
6111 1100
6112 1150
6113 1050
6114 1075
6115 1125
6116 1150
6117 1075
6118 1150
6119 1100
6120 1125
6121 1075
6122 1075
6123 1125
6124 1025
6125 1100
6126 1025
6127 1150
6128 1100
6129 1000
6130 1125
6131 1100
6132 1050
6133 1100
6134 1000
6135 1000
6136 1100
6137 1075
6138 1075
6139 1125
6140 1125
6141 1075
6142 1100
6143 1075
6144 1100
6145 975
6146 1100
6147 1100
6148 1075
6149 1100
6150 1050
6151 1075
6152 1050
6153 1100
6154 1150
6155 1050
6156 1050
6157 1075
6158 1050
6159 1125
6160 1050
6161 1050
6162 1025
6163 1075
6164 1050
6165 1150
6166 1150
6167 1100
6168 1125
6169 1100
6170 1025
6171 1075
6172 1125
6173 1150
6174 1075
6175 1100
6176 950
6177 1100
6178 1125
6179 975
6180 1075
6181 1025
6182 1175
6183 1150
6184 1125
6185 1075
6186 1075
6187 1150
6188 1125
6189 1000
6190 1100
6191 1025
6192 1125
6193 1000
6194 1075
6195 1050
6196 1050
6197 1025
6198 1100
6199 1100
6200 1100
6201 1075
6202 1125
6203 1050
6204 1150
6205 1175
6206 1100
6207 1125
6208 1125
6209 1125
6210 1025
6211 1125
6212 1050
6213 1150
6214 1075
6215 1075
6216 1150
6217 1100
6218 1125
6219 1150
6220 1075
6221 1050
6222 1075
6223 1125
6224 1025
6225 1075
6226 1025
6227 1100
6228 1075
6229 1075
6230 1050
6231 1050
6232 1025
6233 1200
6234 1175
6235 1000
6236 1050
6237 1150
6238 1050
6239 1025
6240 1050
6241 1200
6242 1050
6243 1100
6244 1025
6245 1100
6246 1125
6247 1125
6248 1125
6249 1100
6250 1075
6251 1100
6252 1200
6253 1075
6254 1025
6255 1050
6256 1150
6257 1150
6258 1100
6259 1000
6260 1050
6261 1075
6262 1075
6263 1075
6264 1050
6265 1050
6266 1100
6267 1125
6268 1100
6269 1050
6270 1075
6271 1100
6272 1175
6273 1025
6274 1050
6275 1075
6276 1025
6277 1075
6278 1075
6279 1025
6280 1150
6281 1125
6282 1125
6283 1100
6284 1075
6285 1150
6286 1150
6287 1025
6288 1200
6289 1125
6290 1075
6291 1075
6292 1025
6293 1125
6294 1150
6295 1050
6296 975
6297 1100
6298 1100
6299 1075
6300 1125
6301 1000
6302 1150
6303 1100
6304 1150
6305 1125
6306 1050
6307 1075
6308 1075
6309 1025
6310 1100
6311 1075
6312 1125
6313 1075
6314 1175
6315 1025
6316 1025
6317 1075
6318 1050
6319 1100
6320 1050
6321 1125
6322 1200
6323 1125
6324 1050
6325 1100
6326 1150
6327 1175
6328 1050
6329 1100
6330 1075
6331 1075
6332 1125
6333 1075
6334 1025
6335 1000
6336 1100
6337 1200
6338 1125
6339 1075
6340 1125
6341 1025
6342 1150
6343 1100
6344 1150
6345 1050
6346 1100
6347 1050
6348 1125
6349 1100
6350 1075
6351 1125
6352 1000
6353 1200
6354 1125
6355 1075
6356 1150
6357 1150
6358 1000
6359 1050
6360 1125
6361 1050
6362 1050
6363 1075
6364 1150
6365 1075
6366 1125
6367 1125
6368 1100
6369 1150
6370 1150
6371 1075
6372 1100
6373 1050
6374 1150
6375 1050
6376 1175
6377 1075
6378 1075
6379 1050
6380 1150
6381 1125
6382 1075
6383 1050
6384 1075
6385 1175
6386 1075
6387 1150
6388 1100
6389 1150
6390 1100
6391 1100
6392 1050
6393 1050
6394 1075
6395 1025
6396 1075
6397 1075
6398 1025
6399 1100
6400 1125
6401 1050
6402 1100
6403 1000
6404 1150
6405 1050
6406 1075
6407 1125
6408 1050
6409 1050
6410 1150
6411 1025
6412 1050
6413 1050
6414 1100
6415 1075
6416 1100
6417 1075
6418 1050
6419 1100
6420 1050
6421 1125
6422 1125
6423 975
6424 1150
6425 1025
6426 1125
6427 1125
6428 1125
6429 1025
6430 1100
6431 1075
6432 1125
6433 1050
6434 1075
6435 1150
6436 1075
6437 1075
6438 1025
6439 1075
6440 1075
6441 1075
6442 1075
6443 1025
6444 1125
6445 1100
6446 1025
6447 1100
6448 1075
6449 1075
6450 1075
6451 1075
6452 1100
6453 1050
6454 1100
6455 1100
6456 1000
6457 1075
6458 1025
6459 1175
6460 1100
6461 1050
6462 1075
6463 1100
6464 1050
6465 1100
6466 1125
6467 1075
6468 1025
6469 1075
6470 1075
6471 1075
6472 1025
6473 1050
6474 1100
6475 1050
6476 1050
6477 1175
6478 1100
6479 1100
6480 1100
6481 1125
6482 1025
6483 1100
6484 1175
6485 1100
6486 1075
6487 1125
6488 1075
6489 1075
6490 1025
6491 1050
6492 1100
6493 1100
6494 1075
6495 1050
6496 1100
6497 1125
6498 1075
6499 1125
6500 1100
6501 1150
6502 1075
6503 1125
6504 1100
6505 1050
6506 1125
6507 1150
6508 1100
6509 1100
6510 1100
6511 1100
6512 1000
6513 1075
6514 1025
6515 1050
6516 1100
6517 1125
6518 1125
6519 1125
6520 1100
6521 1125
6522 1050
6523 1125
6524 1150
6525 1100
6526 1125
6527 1025
6528 1125
6529 1075
6530 1100
6531 1100
6532 1075
6533 1025
6534 1100
6535 1150
6536 1075
6537 1075
6538 1100
6539 1100
6540 1100
6541 1000
6542 1100
6543 1075
6544 1200
6545 1075
6546 1075
6547 1025
6548 1125
6549 1100
6550 1050
6551 1075
6552 1125
6553 1075
6554 1075
6555 1150
6556 1125
6557 1175
6558 1125
6559 1050
6560 1100
6561 1050
6562 1075
6563 1150
6564 1100
6565 1125
6566 1050
6567 1075
6568 1025
6569 1000
6570 1075
6571 1000
6572 1100
6573 1050
6574 1050
6575 1150
6576 1175
6577 1125
6578 1075
6579 1125
6580 1150
6581 1125
6582 1050
6583 1075
6584 1075
6585 1075
6586 1075
6587 1100
6588 1125
6589 1075
6590 1100
6591 1075
6592 1075
6593 1000
6594 1150
6595 1175
6596 1075
6597 1100
6598 1050
6599 1050
6600 1075
6601 1050
6602 1100
6603 1075
6604 1100
6605 1150
6606 1050
6607 1050
6608 1100
6609 1150
6610 1075
6611 1125
6612 1100
6613 1100
6614 1075
6615 1100
6616 1025
6617 1100
6618 1075
6619 1050
6620 1075
6621 1075
6622 1025
6623 1050
6624 1050
6625 1075
6626 1050
6627 1150
6628 1125
6629 1175
6630 1125
6631 1075
6632 1025
6633 1000
6634 1100
6635 1075
6636 1025
6637 1125
6638 1075
6639 1100
6640 1125
6641 950
6642 1025
6643 1075
6644 1125
6645 1125
6646 1050
6647 1075
6648 1125
6649 1100
6650 1075
6651 1075
6652 1150
6653 1075
6654 1075
6655 1100
6656 1125
6657 1050
6658 1125
6659 1025
6660 1100
6661 1150
6662 1050
6663 1100
6664 1100
6665 1100
6666 1175
6667 1075
6668 1050
6669 1150
6670 1100
6671 1100
6672 1100
6673 1100
6674 1100
6675 1125
6676 1125
6677 1050
6678 1150
6679 1100
6680 1050
6681 1050
6682 1050
6683 1075
6684 1075
6685 1175
6686 1100
6687 1100
6688 1175
6689 1025
6690 1100
6691 1050
6692 1175
6693 1100
6694 1025
6695 1000
6696 1150
6697 1100
6698 1125
6699 1025
6700 1000
6701 1025
6702 1125
6703 1125
6704 1050
6705 1075
6706 1075
6707 1150
6708 1000
6709 1025
6710 975
6711 1075
6712 1200
6713 1100
6714 1100
6715 1175
6716 1100
6717 1100
6718 1075
6719 1125
6720 1050
6721 1100
6722 1100
6723 1100
6724 1025
6725 1075
6726 1125
6727 1150
6728 1075
6729 1075
6730 1125
6731 1100
6732 1050
6733 1000
6734 1050
6735 1050
6736 1100
6737 1125
6738 1075
6739 1100
6740 1050
6741 1125
6742 1075
6743 1125
6744 1150
6745 1100
6746 975
6747 1050
6748 1075
6749 1075
6750 1100
6751 1100
6752 1150
6753 1125
6754 1075
6755 1050
6756 1125
6757 1125
6758 1075
6759 1000
6760 1050
6761 1100
6762 1150
6763 1000
6764 1125
6765 1150
6766 1125
6767 1100
6768 1025
6769 1050
6770 1100
6771 1050
6772 1100
6773 1150
6774 1075
6775 1050
6776 1100
6777 1150
6778 1175
6779 1150
6780 1100
6781 1100
6782 1100
6783 1100
6784 1175
6785 1050
6786 1125
6787 1075
6788 1025
6789 1100
6790 1000
6791 1025
6792 1050
6793 1100
6794 1075
6795 1100
6796 1125
6797 1025
6798 1050
6799 1025
6800 1075
6801 1100
6802 1100
6803 1050
6804 1100
6805 1075
6806 1125
6807 1075
6808 1150
6809 1050
6810 1100
6811 1075
6812 1025
6813 1075
6814 1100
6815 1050
6816 1050
6817 1050
6818 1075
6819 1100
6820 1150
6821 1025
6822 1075
6823 1125
6824 1125
6825 1100
6826 1075
6827 1025
6828 1100
6829 1100
6830 1225
6831 1050
6832 1150
6833 1075
6834 1100
6835 1075
6836 1075
6837 1075
6838 1125
6839 1075
6840 1125
6841 1100
6842 1075
6843 1100
6844 1150
6845 1150
6846 1050
6847 1075
6848 1025
6849 1075
6850 1075
6851 1100
6852 1100
6853 1100
6854 1000
6855 1100
6856 1075
6857 1100
6858 1050
6859 1125
6860 1075
6861 1050
6862 1100
6863 1050
6864 1075
6865 1150
6866 1050
6867 1025
6868 1050
6869 1075
6870 1100
6871 1050
6872 1075
6873 1050
6874 1000
6875 1125
6876 1050
6877 1150
6878 1225
6879 1100
6880 1125
6881 1050
6882 1125
6883 1075
6884 1125
6885 1050
6886 1025
6887 1125
6888 1150
6889 1150
6890 1100
6891 1100
6892 1125
6893 1125
6894 1075
6895 1100
6896 1125
6897 1025
6898 1125
6899 1075
6900 1075
6901 1100
6902 1075
6903 1150
6904 1050
6905 1100
6906 1100
6907 1050
6908 1050
6909 1100
6910 1075
6911 1100
6912 1125
6913 1075
6914 1125
6915 1075
6916 1150
6917 975
6918 1175
6919 1125
6920 1125
6921 1150
6922 1100
6923 1050
6924 1175
6925 1075
6926 1000
6927 1125
6928 1075
6929 1025
6930 1050
6931 1050
6932 1075
6933 1100
6934 1075
6935 1050
6936 1125
6937 1075
6938 1125
6939 1100
6940 1100
6941 1050
6942 1000
6943 1125
6944 1075
6945 1000
6946 1100
6947 1100
6948 1075
6949 1175
6950 1075
6951 1025
6952 1125
6953 1100
6954 1100
6955 1100
6956 1050
6957 1150
6958 1100
6959 1225
6960 1000
6961 1100
6962 1125
6963 1025
6964 1100
6965 1150
6966 1100
6967 1100
6968 1175
6969 1125
6970 1150
6971 1050
6972 1000
6973 1075
6974 1175
6975 1150
6976 1125
6977 1100
6978 1100
6979 1250
6980 1100
6981 1100
6982 1175
6983 1100
6984 1075
6985 1100
6986 1150
6987 1025
6988 1025
6989 1050
6990 1125
6991 1125
6992 1150
6993 1100
6994 1075
6995 1075
6996 1150
6997 1125
6998 1150
6999 1050
7000 1050
7001 1100
7002 1050
7003 1050
7004 1100
7005 1050
7006 1050
7007 1075
7008 1050
7009 1075
7010 1100
7011 1100
7012 1125
7013 1075
7014 1025
7015 1075
7016 1100
7017 1050
7018 1050
7019 1025
7020 1125
7021 1050
7022 1025
7023 1050
7024 1100
7025 1075
7026 1125
7027 1025
7028 1075
7029 1125
7030 1100
7031 1075
7032 1100
7033 1025
7034 1150
7035 1050
7036 1125
7037 1025
7038 1150
7039 1150
7040 1150
7041 1100
7042 1125
7043 1050
7044 1025
7045 1100
7046 1050
7047 1075
7048 1150
7049 1050
7050 1050
7051 1175
7052 1125
7053 1150
7054 1075
7055 1075
7056 1075
7057 1100
7058 1100
7059 1050
7060 1075
7061 1100
7062 1075
7063 1100
7064 1050
7065 1025
7066 1075
7067 1025
7068 1075
7069 1100
7070 1075
7071 1150
7072 1125
7073 1050
7074 1000
7075 1075
7076 1100
7077 1100
7078 1100
7079 1050
7080 1150
7081 1125
7082 1150
7083 1125
7084 1100
7085 1100
7086 1150
7087 1050
7088 1075
7089 1075
7090 1050
7091 1100
7092 1100
7093 1100
7094 1125
7095 1075
7096 1075
7097 1100
7098 1150
7099 1025
7100 1075
7101 1025
7102 1150
7103 1100
7104 1050
7105 1025
7106 1075
7107 1075
7108 1050
7109 1100
7110 1100
7111 1100
7112 1125
7113 1025
7114 1125
7115 1125
7116 1150
7117 1100
7118 1100
7119 1075
7120 1000
7121 1025
7122 1125
7123 1050
7124 1250
7125 1025
7126 1125
7127 1050
7128 1125
7129 1075
7130 1025
7131 1100
7132 1150
7133 1075
7134 1075
7135 1050
7136 1100
7137 1100
7138 1050
7139 1050
7140 1050
7141 1150
7142 1075
7143 1100
7144 1050
7145 1100
7146 1075
7147 1100
7148 1075
7149 1075
7150 1075
7151 1025
7152 1125
7153 975
7154 1075
7155 1050
7156 1125
7157 1175
7158 1100
7159 1050
7160 1100
7161 1075
7162 1100
7163 1075
7164 1050
7165 1075
7166 1025
7167 1100
7168 1100
7169 1150
7170 1175
7171 1025
7172 1000
7173 1050
7174 1050
7175 1075
7176 1050
7177 1000
7178 1050
7179 1250
7180 1075
7181 1050
7182 1075
7183 1025
7184 1000
7185 1100
7186 1025
7187 1100
7188 1100
7189 1075
7190 1125
7191 1150
7192 1075
7193 1100
7194 1075
7195 1075
7196 1125
7197 1175
7198 1050
7199 1075
7200 1050
7201 1000
7202 1050
7203 1075
7204 1050
7205 1100
7206 1050
7207 1075
7208 1075
7209 1025
7210 1100
7211 1125
7212 1100
7213 1075
7214 1100
7215 1125
7216 1075
7217 1050
7218 1100
7219 1075
7220 1075
7221 1175
7222 1100
7223 1075
7224 1100
7225 1125
7226 1100
7227 1125
7228 1100
7229 1200
7230 1125
7231 1100
7232 1075
7233 1125
7234 1175
7235 1075
7236 1150
7237 1125
7238 1050
7239 1125
7240 1025
7241 1075
7242 1225
7243 1075
7244 1025
7245 1100
7246 1075
7247 1075
7248 1050
7249 1075
7250 1075
7251 1175
7252 1000
7253 1050
7254 1125
7255 1075
7256 1050
7257 1050
7258 1150
7259 1100
7260 1025
7261 1050
7262 1100
7263 1150
7264 1025
7265 1100
7266 1125
7267 1100
7268 1150
7269 1125
7270 1075
7271 1075
7272 1075
7273 1025
7274 1025
7275 1125
7276 1175
7277 1075
7278 1050
7279 1050
7280 1075
7281 1075
7282 1100
7283 1125
7284 1075
7285 1025
7286 1150
7287 1100
7288 1050
7289 1025
7290 1150
7291 1075
7292 1125
7293 1100
7294 1075
7295 1075
7296 1050
7297 1000
7298 1075
7299 1150
7300 1050
7301 1025
7302 1050
7303 1075
7304 1125
7305 1225
7306 1075
7307 1125
7308 1050
7309 1100
7310 1150
7311 1100
7312 1100
7313 1175
7314 1125
7315 1100
7316 1125
7317 1125
7318 1050
7319 1025
7320 1200
7321 1075
7322 1075
7323 1100
7324 1125
7325 1100
7326 1075
7327 1075
7328 1075
7329 1075
7330 1150
7331 1100
7332 1075
7333 1125
7334 1050
7335 1075
7336 1200
7337 1050
7338 1025
7339 1100
7340 1075
7341 1050
7342 1125
7343 1125
7344 1075
7345 1125
7346 1050
7347 1075
7348 1050
7349 1200
7350 1075
7351 1025
7352 1075
7353 1125
7354 1150
7355 1150
7356 1125
7357 1075
7358 1075
7359 1125
7360 1100
7361 1100
7362 1175
7363 1050
7364 1050
7365 1100
7366 1175
7367 1125
7368 1125
7369 1075
7370 1100
7371 1125
7372 1175
7373 1150
7374 1125
7375 1025
7376 1125
7377 1050
7378 1050
7379 1025
7380 1025
7381 1125
7382 1100
7383 1075
7384 1075
7385 1100
7386 1075
7387 1125
7388 1125
7389 1125
7390 1125
7391 1175
7392 1075
7393 1175
7394 1075
7395 1050
7396 1075
7397 1100
7398 1125
7399 1025
7400 1100
7401 1150
7402 1100
7403 1050
7404 1125
7405 1000
7406 1050
7407 1075
7408 1150
7409 1100
7410 1125
7411 1050
7412 1025
7413 1125
7414 1075
7415 1050
7416 1075
7417 1100
7418 1075
7419 1075
7420 1025
7421 1125
7422 1075
7423 1075
7424 1000
7425 1000
7426 1050
7427 1075
7428 1125
7429 1000
7430 1075
7431 1150
7432 1100
7433 1100
7434 1100
7435 1125
7436 1125
7437 1075
7438 1125
7439 1000
7440 1050
7441 1200
7442 1100
7443 1000
7444 1100
7445 1050
7446 1075
7447 1075
7448 1125
7449 1075
7450 1075
7451 1100
7452 1100
7453 1150
7454 1100
7455 1100
7456 1025
7457 1075
7458 1050
7459 1075
7460 1125
7461 1125
7462 1125
7463 1075
7464 1025
7465 1100
7466 1025
7467 1125
7468 1125
7469 1125
7470 1025
7471 1150
7472 1150
7473 1050
7474 1125
7475 1075
7476 1100
7477 1050
7478 1075
7479 1100
7480 1100
7481 1125
7482 1050
7483 1150
7484 1125
7485 1150
7486 1000
7487 1025
7488 1025
7489 1100
7490 1100
7491 1100
7492 1125
7493 1100
7494 1100
7495 1175
7496 1050
7497 1025
7498 1125
7499 1100
7500 1075
7501 1125
7502 1100
7503 1075
7504 1150
7505 1175
7506 1100
7507 1100
7508 1100
7509 1150
7510 1100
7511 1050
7512 1025
7513 1050
7514 1075
7515 1050
7516 1050
7517 1000
7518 1075
7519 1125
7520 1050
7521 1050
7522 1050
7523 1050
7524 1075
7525 1100
7526 1100
7527 1150
7528 1125
7529 1075
7530 1075
7531 1075
7532 1125
7533 1100
7534 1050
7535 1025
7536 1075
7537 1100
7538 1125
7539 1025
7540 1100
7541 1050
7542 1125
7543 1075
7544 1175
7545 1050
7546 1025
7547 1100
7548 1075
7549 1125
7550 1150
7551 1125
7552 1125
7553 1100
7554 1125
7555 1075
7556 1050
7557 1100
7558 1075
7559 950
7560 1125
7561 1175
7562 1100
7563 1025
7564 1050
7565 1000
7566 1075
7567 1125
7568 1100
7569 1100
7570 1125
7571 1150
7572 1150
7573 1100
7574 1125
7575 1000
7576 1075
7577 1075
7578 1100
7579 1075
7580 1100
7581 1075
7582 1100
7583 1100
7584 1100
7585 1075
7586 1025
7587 1100
7588 1025
7589 1075
7590 1075
7591 1100
7592 1025
7593 1125
7594 1175
7595 1075
7596 1050
7597 1225
7598 1100
7599 1050
7600 1125
7601 1100
7602 1075
7603 1100
7604 1100
7605 1075
7606 1100
7607 1100
7608 1200
7609 1075
7610 1075
7611 1050
7612 1000
7613 1100
7614 1075
7615 1075
7616 1125
7617 1150
7618 1125
7619 1175
7620 1000
7621 1150
7622 1150
7623 1100
7624 1225
7625 1100
7626 1050
7627 1050
7628 1150
7629 1075
7630 1125
7631 1025
7632 1125
7633 1075
7634 1100
7635 1175
7636 1100
7637 1100
7638 1075
7639 1050
7640 1125
7641 1050
7642 1100
7643 1150
7644 1100
7645 1125
7646 1150
7647 1100
7648 1125
7649 1025
7650 1050
7651 1100
7652 1050
7653 1100
7654 1075
7655 1075
7656 1000
7657 1050
7658 1125
7659 1150
7660 1025
7661 1150
7662 1000
7663 1100
7664 1100
7665 1050
7666 1075
7667 1075
7668 1075
7669 1075
7670 1125
7671 1050
7672 1075
7673 1075
7674 1075
7675 1075
7676 1050
7677 1125
7678 1125
7679 1250
7680 1100
7681 1100
7682 1075
7683 1075
7684 1150
7685 1100
7686 1050
7687 1100
7688 1075
7689 1050
7690 1175
7691 1050
7692 1000
7693 1075
7694 1050
7695 1125
7696 1075
7697 1050
7698 1150
7699 1125
7700 1100
7701 1100
7702 1075
7703 1125
7704 1125
7705 1075
7706 1100
7707 1050
7708 1100
7709 1025
7710 1125
7711 1075
7712 1025
7713 1000
7714 1150
7715 1125
7716 1025
7717 1100
7718 1075
7719 1100
7720 1050
7721 1050
7722 1125
7723 1050
7724 1125
7725 1125
7726 1075
7727 1100
7728 1125
7729 1050
7730 1075
7731 1100
7732 1100
7733 1075
7734 1025
7735 1125
7736 1150
7737 1075
7738 1075
7739 1025
7740 1150
7741 1075
7742 1075
7743 1100
7744 1100
7745 1050
7746 1025
7747 1025
7748 1050
7749 1125
7750 1050
7751 1150
7752 1025
7753 1125
7754 1100
7755 1075
7756 1125
7757 1125
7758 1125
7759 1150
7760 1075
7761 1100
7762 1125
7763 1075
7764 1175
7765 1025
7766 1125
7767 1125
7768 1175
7769 1050
7770 1075
7771 1075
7772 1125
7773 1075
7774 1125
7775 1075
7776 1075
7777 1075
7778 975
7779 1075
7780 1075
7781 1125
7782 1050
7783 1100
7784 1075
7785 1025
7786 1075
7787 1075
7788 1125
7789 1025
7790 1075
7791 1050
7792 1175
7793 1075
7794 1125
7795 1075
7796 1200
7797 1075
7798 1100
7799 1100
7800 1150
7801 1000
7802 1075
7803 1100
7804 1100
7805 1075
7806 1125
7807 1075
7808 1050
7809 1100
7810 1075
7811 1125
7812 1075
7813 1075
7814 1050
7815 1050
7816 1125
7817 1150
7818 1100
7819 1125
7820 1025
7821 1050
7822 1100
7823 1075
7824 1075
7825 1025
7826 1050
7827 1125
7828 1075
7829 1175
7830 1050
7831 1050
7832 1075
7833 1025
7834 1050
7835 1100
7836 1025
7837 1125
7838 1050
7839 1075
7840 1075
7841 1075
7842 1025
7843 1050
7844 1075
7845 1100
7846 1025
7847 1100
7848 1075
7849 1125
7850 1125
7851 1050
7852 1125
7853 1100
7854 1175
7855 1125
7856 1125
7857 1125
7858 1075
7859 1125
7860 1050
7861 1150
7862 1075
7863 1100
7864 1125
7865 1025
7866 1125
7867 1125
7868 1125
7869 1150
7870 1075
7871 1100
7872 1075
7873 1125
7874 1075
7875 1100
7876 1100
7877 1100
7878 1050
7879 1050
7880 1150
7881 1075
7882 1025
7883 1075
7884 1150
7885 1075
7886 1050
7887 1050
7888 1025
7889 1100
7890 1100
7891 1075
7892 1175
7893 1050
7894 1175
7895 1075
7896 1025
7897 1025
7898 1025
7899 1100
7900 1075
7901 1100
7902 1050
7903 1075
7904 1100
7905 1175
7906 1075
7907 1050
7908 1000
7909 1100
7910 1150
7911 1150
7912 1100
7913 1150
7914 1125
7915 1125
7916 1100
7917 1100
7918 1150
7919 1050
7920 1075
7921 1025
7922 1125
7923 1150
7924 1100
7925 1050
7926 1150
7927 1050
7928 1075
7929 1025
7930 1050
7931 1150
7932 1050
7933 1100
7934 1075
7935 1075
7936 1050
7937 1050
7938 1050
7939 1100
7940 1075
7941 1075
7942 1075
7943 1075
7944 1175
7945 1125
7946 1150
7947 1050
7948 1100
7949 1125
7950 1100
7951 1125
7952 1100
7953 1050
7954 1125
7955 1075
7956 1100
7957 1050
7958 1050
7959 1125
7960 1100
7961 1050
7962 1100
7963 1125
7964 1125
7965 1100
7966 1075
7967 1075
7968 1050
7969 1125
7970 1075
7971 1125
7972 1150
7973 1125
7974 1075
7975 1100
7976 1050
7977 1000
7978 1100
7979 1075
7980 1050
7981 1225
7982 1075
7983 1075
7984 1050
7985 1050
7986 1050
7987 1075
7988 1075
7989 1125
7990 1075
7991 1075
7992 1050
7993 1000
7994 1125
7995 1100
7996 1025
7997 1100
7998 1050
7999 1025
8000 1175
8001 1125
8002 1050
8003 1125
8004 1100
8005 1100
8006 1150
8007 1025
8008 1050
8009 1000
8010 1100
8011 1100
8012 1075
8013 1125
8014 1100
8015 1100
8016 1100
8017 1075
8018 1175
8019 1150
8020 1075
8021 1075
8022 1025
8023 1150
8024 1075
8025 1075
8026 1050
8027 1050
8028 1150
8029 1100
8030 1025
8031 1050
8032 1100
8033 1025
8034 1100
8035 1150
8036 1050
8037 1075
8038 1050
8039 1000
8040 1050
8041 1025
8042 1075
8043 1125
8044 1100
8045 1075
8046 1050
8047 1100
8048 1075
8049 1125
8050 1050
8051 1025
8052 1100
8053 1075
8054 1075
8055 1025
8056 1175
8057 1075
8058 1000
8059 1075
8060 1100
8061 1050
8062 950
8063 1100
8064 1150
8065 1100
8066 1125
8067 1100
8068 1100
8069 1075
8070 1075
8071 1075
8072 1075
8073 1125
8074 1075
8075 1175
8076 1075
8077 1125
8078 1025
8079 1075
8080 1100
8081 1050
8082 1000
8083 1075
8084 1100
8085 1025
8086 1125
8087 1000
8088 1100
8089 1075
8090 1075
8091 1125
8092 1000
8093 1075
8094 1175
8095 1125
8096 1075
8097 1075
8098 1125
8099 1075
8100 1050
8101 1150
8102 1100
8103 1025
8104 1075
8105 1125
8106 1050
8107 1050
8108 1000
8109 1050
8110 1050
8111 1100
8112 1075
8113 1100
8114 1075
8115 1125
8116 1025
8117 1125
8118 1050
8119 1050
8120 1050
8121 1125
8122 1150
8123 1075
8124 1100
8125 1075
8126 1050
8127 1100
8128 1075
8129 1100
8130 1025
8131 1050
8132 1075
8133 975
8134 1100
8135 1150
8136 1075
8137 1075
8138 1075
8139 1075
8140 1075
8141 1050
8142 1100
8143 1075
8144 1125
8145 1175
8146 1150
8147 1075
8148 1075
8149 1125
8150 1075
8151 1050
8152 1125
8153 1050
8154 1125
8155 1100
8156 1125
8157 1175
8158 1050
8159 1050
8160 1125
8161 1075
8162 1200
8163 1150
8164 1100
8165 1025
8166 1100
8167 1100
8168 1050
8169 1100
8170 1100
8171 1025
8172 1175
8173 1050
8174 1125
8175 1000
8176 1125
8177 1100
8178 1100
8179 1000
8180 1100
8181 1125
8182 1125
8183 1150
8184 1025
8185 1050
8186 1050
8187 1050
8188 1050
8189 1025
8190 1125
8191 1100
8192 1050
8193 1200
8194 1150
8195 1075
8196 1200
8197 1050
8198 1075
8199 1075
8200 1175
8201 1050
8202 1100
8203 1100
8204 1125
8205 1075
8206 1075
8207 1125
8208 1075
8209 1075
8210 1050
8211 1125
8212 1050
8213 1100
8214 1050
8215 1075
8216 1100
8217 1075
8218 1100
8219 1050
8220 1075
8221 1125
8222 1050
8223 1150
8224 1125
8225 1050
8226 1125
8227 1075
8228 1050
8229 1075
8230 1000
8231 1125
8232 1075
8233 1075
8234 1075
8235 1050
8236 1050
8237 1025
8238 1100
8239 1075
8240 1125
8241 1075
8242 1125
8243 1075
8244 1100
8245 1025
8246 1100
8247 1075
8248 1075
8249 1125
8250 1075
8251 1075
8252 1075
8253 1125
8254 1125
8255 1125
8256 1075
8257 1075
8258 1100
8259 1075
8260 1100
8261 1075
8262 1050
8263 1075
8264 975
8265 1050
8266 1125
8267 1075
8268 1100
8269 1125
8270 1025
8271 1075
8272 1075
8273 1025
8274 1125
8275 1050
8276 1150
8277 1075
8278 1050
8279 1100
8280 1075
8281 1100
8282 1050
8283 1025
8284 1100
8285 1125
8286 1100
8287 1075
8288 1025
8289 1100
8290 1050
8291 1100
8292 1025
8293 1175
8294 1125
8295 1050
8296 1200
8297 1075
8298 1050
8299 1175
8300 1025
8301 1025
8302 1100
8303 1100
8304 1125
8305 1100
8306 1125
8307 1075
8308 1100
8309 1125
8310 1125
8311 1050
8312 1100
8313 1175
8314 1075
8315 1050
8316 1050
8317 1125
8318 1050
8319 1050
8320 1125
8321 1100
8322 950
8323 1075
8324 1125
8325 1075
8326 1150
8327 1050
8328 1025
8329 1100
8330 1150
8331 1050
8332 1050
8333 1100
8334 1075
8335 1100
8336 1050
8337 1125
8338 1100
8339 1125
8340 1025
8341 1125
8342 1025
8343 1100
8344 1125
8345 1150
8346 1100
8347 1125
8348 1075
8349 1050
8350 1100
8351 1025
8352 1075
8353 1125
8354 1075
8355 1200
8356 1025
8357 1100
8358 1075
8359 1075
8360 1075
8361 1125
8362 1050
8363 1075
8364 1050
8365 1125
8366 1100
8367 1050
8368 1150
8369 1100
8370 1050
8371 1050
8372 1075
8373 1100
8374 1050
8375 1075
8376 1050
8377 1075
8378 1125
8379 1150
8380 1100
8381 1075
8382 1075
8383 1150
8384 1075
8385 1075
8386 1075
8387 1025
8388 1000
8389 1075
8390 1050
8391 1100
8392 1125
8393 1150
8394 1025
8395 1050
8396 1050
8397 1150
8398 1150
8399 1100
8400 1025
8401 1100
8402 1050
8403 1025
8404 1200
8405 1125
8406 1025
8407 1075
8408 1075
8409 1100
8410 1025
8411 1050
8412 1075
8413 1100
8414 1125
8415 1150
8416 1100
8417 1025
8418 1150
8419 1150
8420 1125
8421 1075
8422 1125
8423 1100
8424 1100
8425 1125
8426 1150
8427 1075
8428 1025
8429 1075
8430 1100
8431 1100
8432 1225
8433 1125
8434 1050
8435 1125
8436 1100
8437 1050
8438 1125
8439 1150
8440 1125
8441 1125
8442 1000
8443 1100
8444 1100
8445 1100
8446 1225
8447 1025
8448 1125
8449 1050
8450 1075
8451 1125
8452 1125
8453 1125
8454 1125
8455 1125
8456 1100
8457 1100
8458 1075
8459 1050
8460 1175
8461 1100
8462 1075
8463 1075
8464 1100
8465 1075
8466 1025
8467 1150
8468 1075
8469 1025
8470 1100
8471 1175
8472 1050
8473 1075
8474 1100
8475 1175
8476 1050
8477 1000
8478 1050
8479 1175
8480 1125
8481 1100
8482 1025
8483 1100
8484 1075
8485 1050
8486 1200
8487 1050
8488 1100
8489 1100
8490 1075
8491 1125
8492 1150
8493 1100
8494 1075
8495 1075
8496 1150
8497 1025
8498 1075
8499 1175
8500 1025
8501 1075
8502 1025
8503 1050
8504 1050
8505 1075
8506 1075
8507 1125
8508 1100
8509 1150
8510 1050
8511 1100
8512 1075
8513 1100
8514 1200
8515 1125
8516 1075
8517 1100
8518 1025
8519 1075
8520 1050
8521 1100
8522 1100
8523 1100
8524 1100
8525 1100
8526 1025
8527 1150
8528 1000
8529 1100
8530 1050
8531 1050
8532 1100
8533 1025
8534 1150
8535 1150
8536 1100
8537 1075
8538 1075
8539 1075
8540 1050
8541 1125
8542 1100
8543 1025
8544 1100
8545 1000
8546 1125
8547 1075
8548 1050
8549 1075
8550 1125
8551 1075
8552 1050
8553 1150
8554 1100
8555 1100
8556 1100
8557 1075
8558 1150
8559 1100
8560 1150
8561 1125
8562 1100
8563 1100
8564 1075
8565 1050
8566 1100
8567 1100
8568 1100
8569 1125
8570 1100
8571 1100
8572 1125
8573 1150
8574 1025
8575 1100
8576 1125
8577 1075
8578 1150
8579 1075
8580 1075
8581 1150
8582 1100
8583 1125
8584 1125
8585 1050
8586 1025
8587 1150
8588 1075
8589 1100
8590 1125
8591 1125
8592 1100
8593 1050
8594 1050
8595 1100
8596 1075
8597 1125
8598 1200
8599 1100
8600 1000
8601 1125
8602 1200
8603 1075
8604 1000
8605 1100
8606 1125
8607 1100
8608 1075
8609 1075
8610 1100
8611 1075
8612 1075
8613 1125
8614 1025
8615 1150
8616 1025
8617 1075
8618 1125
8619 1125
8620 1100
8621 1025
8622 1125
8623 1075
8624 1125
8625 1075
8626 1150
8627 1100
8628 1000
8629 1050
8630 1075
8631 1150
8632 1025
8633 1100
8634 1025
8635 1075
8636 1075
8637 1100
8638 1100
8639 1100
8640 1025
8641 1125
8642 1025
8643 1100
8644 1100
8645 1075
8646 1075
8647 1100
8648 1075
8649 1125
8650 1025
8651 1075
8652 1150
8653 1100
8654 1075
8655 1025
8656 1075
8657 1050
8658 1050
8659 1050
8660 1075
8661 1075
8662 1000
8663 1050
8664 1125
8665 1100
8666 1000
8667 1100
8668 1125
8669 1225
8670 1075
8671 1050
8672 1075
8673 1100
8674 1050
8675 1125
8676 1025
8677 1075
8678 1125
8679 1100
8680 1075
8681 1025
8682 1050
8683 1175
8684 1075
8685 1175
8686 1050
8687 1100
8688 1150
8689 1100
8690 1075
8691 1025
8692 1025
8693 1075
8694 1025
8695 1075
8696 1150
8697 1100
8698 1125
8699 1050
8700 1100
8701 1025
8702 1125
8703 1025
8704 1050
8705 1050
8706 1025
8707 1050
8708 1125
8709 1050
8710 1000
8711 1100
8712 1125
8713 1125
8714 1050
8715 1100
8716 1125
8717 1000
8718 1050
8719 1100
8720 1100
8721 1050
8722 1050
8723 1000
8724 1025
8725 1150
8726 1125
8727 1100
8728 1050
8729 1200
8730 1025
8731 1075
8732 1100
8733 1100
8734 1125
8735 1025
8736 1100
8737 1100
8738 1125
8739 1175
8740 1075
8741 1025
8742 1075
8743 1075
8744 1125
8745 1100
8746 1050
8747 1075
8748 1075
8749 1100
8750 1125
8751 1075
8752 1150
8753 1025
8754 1050
8755 1125
8756 1075
8757 1125
8758 1200
8759 1100
8760 1050
8761 1150
8762 1075
8763 1050
8764 1125
8765 1100
8766 1100
8767 1125
8768 1025
8769 1125
8770 1100
8771 1125
8772 1075
8773 1100
8774 1150
8775 1100
8776 1075
8777 1075
8778 1075
8779 1125
8780 1050
8781 1050
8782 1050
8783 1100
8784 1075
8785 1050
8786 1075
8787 1050
8788 1075
8789 1075
8790 1125
8791 1025
8792 1025
8793 1125
8794 1050
8795 1125
8796 1125
8797 1100
8798 1075
8799 1100
8800 1050
8801 1075
8802 1100
8803 1075
8804 1025
8805 1125
8806 1100
8807 1100
8808 1100
8809 1150
8810 1150
8811 1000
8812 1150
8813 1075
8814 1175
8815 1100
8816 1100
8817 1050
8818 1150
8819 1125
8820 1125
8821 1050
8822 1075
8823 1050
8824 1075
8825 1125
8826 1100
8827 1125
8828 1100
8829 1100
8830 1100
8831 1025
8832 1075
8833 1150
8834 1100
8835 1100
8836 1100
8837 1100
8838 1125
8839 1125
8840 1100
8841 1050
8842 1000
8843 1100
8844 1125
8845 1050
8846 1100
8847 1125
8848 1025
8849 1000
8850 1075
8851 1050
8852 1100
8853 1100
8854 1050
8855 1075
8856 1025
8857 1075
8858 1075
8859 1075
8860 1150
8861 1150
8862 1125
8863 1150
8864 1050
8865 1125
8866 1150
8867 1025
8868 1000
8869 1225
8870 1100
8871 1050
8872 1050
8873 1050
8874 1000
8875 1075
8876 1150
8877 1075
8878 1075
8879 1200
8880 1050
8881 1100
8882 1125
8883 1025
8884 1100
8885 1050
8886 1050
8887 1075
8888 1100
8889 1075
8890 1075
8891 1075
8892 1125
8893 1150
8894 1025
8895 1100
8896 1125
8897 1100
8898 1100
8899 1125
8900 1075
8901 1200
8902 1050
8903 1125
8904 1100
8905 1050
8906 1125
8907 975
8908 1050
8909 1075
8910 1075
8911 1125
8912 1075
8913 1100
8914 1050
8915 1075
8916 1175
8917 1075
8918 1025
8919 1100
8920 1125
8921 1050
8922 1050
8923 1025
8924 1050
8925 1125
8926 1100
8927 950
8928 1050
8929 1150
8930 1075
8931 1125
8932 1100
8933 1075
8934 1075
8935 1075
8936 1100
8937 1050
8938 1025
8939 1100
8940 1100
8941 1100
8942 1050
8943 1075
8944 1100
8945 1100
8946 1050
8947 1025
8948 1050
8949 1075
8950 1125
8951 1025
8952 1125
8953 1100
8954 1100
8955 1075
8956 1125
8957 1050
8958 1025
8959 1025
8960 1125
8961 1100
8962 1025
8963 1075
8964 1025
8965 1025
8966 1025
8967 1050
8968 1100
8969 1025
8970 1050
8971 1100
8972 1075
8973 1050
8974 1050
8975 1050
8976 1100
8977 1050
8978 1100
8979 1075
8980 1125
8981 1100
8982 1050
8983 1050
8984 1075
8985 1075
8986 1075
8987 1175
8988 1125
8989 1050
8990 1150
8991 1050
8992 1075
8993 1075
8994 1150
8995 1025
8996 1125
8997 1100
8998 1075
8999 1150
9000 1125
9001 1100
9002 1075
9003 1075
9004 1100
9005 1050
9006 1150
9007 1100
9008 1075
9009 1125
9010 1050
9011 1100
9012 1050
9013 1100
9014 1100
9015 1100
9016 1075
9017 1150
9018 1075
9019 1075
9020 1050
9021 1075
9022 1075
9023 1075
9024 1100
9025 1125
9026 1100
9027 1050
9028 1050
9029 1175
9030 1200
9031 1050
9032 1100
9033 1100
9034 1125
9035 1050
9036 1075
9037 1100
9038 1125
9039 1125
9040 1075
9041 1075
9042 1025
Unexpected message received for job 1049292
9043 1100
9044 1100
9045 1050
9046 1025
9047 1075
9048 1125
9049 1150
9050 1125
9051 1100
9052 1050
9053 1075
9054 1000
9055 1150
9056 1075
9057 1100
Unexpected message received for job 1049292
9058 1050
9059 1025
9060 1125
9061 1050
9062 1025
9063 1050
9064 1075
9065 1050
9066 1125
9067 1050
9068 1100
9069 1075
9070 1075
9071 1075
9072 1075
9073 1125
9074 1075
9075 1075
9076 1100
9077 1125
9078 1050
9079 1075
9080 1075
9081 1050
9082 1075
9083 1100
9084 1075
9085 1075
9086 1100
9087 1275
9088 1125
9089 1150
9090 1050
9091 1125
9092 1175
9093 1125
9094 1075
9095 1125
9096 1100
9097 1100
9098 1075
9099 1025
9100 1100
9101 1100
9102 1125
9103 1050
9104 1025
9105 1150
9106 1000
9107 1075
9108 1075
9109 1075
9110 1075
9111 1150
9112 1125
9113 1050
9114 1125
9115 1050
9116 1125
9117 1000
9118 1075
9119 1100
9120 1100
9121 1100
9122 1050
9123 1050
9124 1100
9125 1100
9126 1150
9127 1050
9128 1175
9129 1100
9130 1125
9131 1150
9132 1100
9133 1075
9134 1075
9135 1125
9136 1125
9137 1050
9138 975
9139 1200
9140 1075
9141 1075
9142 1125
9143 1100
9144 1025
9145 1100
9146 1075
9147 1150
9148 975
9149 1150
9150 1050
9151 1075
9152 1025
9153 1150
9154 1075
9155 1125
9156 1075
9157 1050
9158 1150
9159 1175
9160 1075
9161 1125
9162 1100
9163 1125
9164 1100
9165 1100
9166 1050
9167 1100
9168 1175
9169 1075
9170 1100
9171 1125
9172 1050
9173 1075
9174 1025
9175 1100
9176 1125
9177 1100
9178 1100
9179 1075
9180 1050
9181 1125
9182 1100
9183 1100
9184 1150
9185 1125
9186 1175
9187 1100
9188 1100
9189 1050
9190 1150
9191 1050
9192 1075
9193 1075
9194 1075
9195 1175
9196 1150
9197 975
9198 1100
9199 1175
9200 1025
9201 1100
9202 1050
9203 1000
9204 1150
9205 1150
9206 1125
9207 1000
9208 1100
9209 1025
9210 1075
9211 1150
9212 1100
9213 1075
9214 1100
9215 1125
9216 1075
9217 1075
9218 1075
9219 1100
9220 1075
9221 1075
9222 1175
9223 1125
9224 1050
9225 1075
9226 1075
9227 1125
9228 1000
9229 1025
9230 1075
9231 1175
9232 1025
9233 1025
9234 1150
9235 1125
9236 1050
9237 1125
9238 1125
9239 1025
9240 1075
9241 1075
9242 1050
9243 1050
9244 1075
9245 1050
9246 1175
9247 1100
9248 1075
9249 1150
9250 1025
9251 1050
9252 1050
9253 1125
9254 1100
9255 1150
9256 1125
9257 1050
9258 1175
9259 1150
9260 1025
9261 975
9262 1025
9263 1075
9264 1075
9265 1075
9266 1100
9267 1075
9268 1100
9269 1025
9270 1125
9271 1000
9272 1150
9273 1125
9274 1100
9275 1050
9276 1075
9277 1075
9278 1050
9279 1125
9280 1075
9281 1050
9282 1100
9283 1125
9284 1050
9285 1050
9286 1125
9287 1100
9288 1050
9289 1100
9290 1000
9291 1075
9292 1075
9293 1075
9294 1075
9295 1050
9296 1100
9297 1100
9298 1050
9299 1125
9300 1100
9301 1125
9302 1125
9303 1075
9304 1050
9305 1075
9306 1075
9307 1150
9308 1050
9309 1100
9310 1100
9311 1175
9312 975
9313 1000
9314 1050
9315 1175
9316 1075
9317 1100
9318 1050
9319 1075
9320 1075
9321 1025
9322 1075
9323 1075
9324 1125
9325 1075
9326 1150
9327 1075
9328 1025
9329 1050
9330 1000
9331 1025
9332 1100
9333 1150
9334 1125
9335 1125
9336 1075
9337 1050
9338 1125
9339 1075
9340 1075
9341 1025
9342 1100
9343 1050
9344 1100
9345 1100
9346 975
9347 1125
9348 1125
9349 1025
9350 1125
9351 1150
9352 1125
9353 1075
9354 1150
9355 1050
9356 1125
9357 1175
9358 1050
9359 1050
9360 1100
9361 1025
9362 975
9363 1100
9364 1000
9365 1075
9366 1150
9367 1125
9368 1100
9369 1150
9370 1025
9371 1050
9372 1225
9373 1125
9374 1000
9375 1050
9376 1025
9377 1175
9378 1150
9379 1225
9380 1200
9381 1025
9382 1100
9383 1050
9384 1100
9385 1075
9386 1000
9387 1075
9388 1125
9389 1075
9390 1050
9391 1025
9392 1050
9393 1075
9394 1025
9395 1050
9396 1125
9397 1125
9398 1125
9399 1050
9400 1100
9401 1075
9402 1000
9403 1050
9404 1050
9405 1075
9406 1100
9407 1150
9408 975
9409 1050
9410 1125
9411 1100
9412 1050
9413 1050
9414 1100
9415 1000
9416 1025
9417 1075
9418 1075
9419 1050
9420 1025
9421 1075
9422 1050
9423 1050
9424 1200
9425 1075
9426 1025
9427 1075
9428 1075
9429 1175
9430 1050
9431 1125
9432 1000
9433 1050
9434 1075
9435 1150
9436 1075
9437 1075
9438 1125
9439 1000
9440 1200
9441 1100
9442 1125
9443 1100
9444 1125
9445 1025
9446 1075
9447 1075
9448 1100
9449 1125
9450 1150
9451 1075
9452 1150
9453 1075
9454 1075
9455 1100
9456 1125
9457 1100
9458 1150
9459 1100
9460 1075
9461 1175
9462 1075
9463 1100
9464 1200
9465 1100
9466 1175
9467 1125
9468 1075
9469 1125
9470 1050
9471 1150
9472 1100
9473 1150
9474 1150
9475 1050
9476 1175
9477 1050
9478 1100
9479 1050
9480 1075
9481 1125
9482 1050
9483 1050
9484 1050
9485 1100
9486 1125
9487 1100
9488 1050
9489 1100
9490 1100
9491 1050
9492 1150
9493 1150
9494 1150
9495 1100
9496 1125
9497 1125
9498 1175
9499 1100
9500 1200
9501 1025
9502 1125
9503 1175
9504 1050
9505 1100
9506 1075
9507 1100
9508 1200
9509 1125
9510 1100
9511 1050
9512 1125
9513 1050
9514 1075
9515 1050
9516 1100
9517 1125
9518 1050
9519 1100
9520 1050
9521 1100
9522 1125
9523 1075
9524 1100
9525 1075
9526 1050
9527 1025
9528 1125
9529 1175
9530 1100
9531 1075
9532 1025
9533 1100
9534 1100
9535 1025
9536 1025
9537 1100
9538 1075
9539 1125
9540 1100
9541 1050
9542 1050
9543 1100
9544 1100
9545 1075
9546 1175
9547 1100
9548 1175
9549 1100
9550 1050
9551 1100
9552 1100
9553 1050
9554 1100
9555 1075
9556 1075
9557 1050
9558 1050
9559 1050
9560 1125
9561 1025
9562 1075
9563 1050
9564 1100
9565 1075
9566 1025
9567 1150
9568 1050
9569 1125
9570 1100
9571 1125
9572 1100
9573 1050
9574 1125
9575 1125
9576 1125
9577 1050
9578 1125
9579 1175
9580 1175
9581 1175
9582 1000
9583 1050
9584 1175
9585 1075
9586 1100
9587 1150
9588 1025
9589 1075
9590 1050
9591 1075
9592 1050
9593 1125
9594 1100
9595 1075
9596 1050
9597 1075
9598 1025
9599 1150
9600 1025
9601 1050
9602 1100
9603 1125
9604 1100
9605 1025
9606 1125
9607 1125
9608 1125
9609 1025
9610 1075
9611 1125
9612 1075
9613 1125
9614 1075
9615 1100
9616 1075
9617 1075
9618 1000
9619 1100
9620 1025
9621 1075
9622 1050
9623 1050
9624 1125
9625 1050
9626 1075
9627 1075
9628 1125
9629 1125
9630 1125
9631 1075
9632 1100
9633 1200
9634 1075
9635 1075
9636 1050
9637 1075
9638 1100
9639 1100
9640 1025
9641 1100
9642 1025
9643 1125
9644 1100
9645 1100
9646 1100
9647 1125
9648 1075
9649 1025
9650 1075
9651 1125
9652 1100
9653 1075
9654 1150
9655 1100
9656 1075
9657 1050
9658 1075
9659 1075
9660 1075
9661 1050
9662 1050
9663 1100
9664 1025
9665 1100
9666 1175
9667 1050
9668 1075
9669 1125
9670 1125
9671 1025
9672 1025
9673 1200
9674 1125
9675 1150
9676 1000
9677 1100
9678 1175
9679 1125
9680 1050
9681 1075
9682 1050
9683 1050
9684 1050
9685 1125
9686 1150
9687 1125
9688 1100
9689 1150
9690 1150
9691 1075
9692 1125
9693 1050
9694 1150
9695 1125
9696 1100
9697 1000
9698 1075
9699 1100
9700 1125
9701 1050
9702 1125
9703 1075
9704 1075
9705 1075
9706 1100
9707 1025
9708 1050
9709 1100
9710 1075
9711 1050
9712 1050
9713 1050
9714 1100
9715 1050
9716 1075
9717 1100
9718 1125
9719 1100
9720 1125
9721 1075
9722 1050
9723 1075
9724 1075
9725 1025
9726 1125
9727 1050
9728 1050
9729 1100
9730 1025
9731 1100
9732 1100
9733 1050
9734 1025
9735 1075
9736 1100
9737 1150
9738 1075
9739 1100
9740 1050
9741 1050
9742 1025
9743 1075
9744 1000
9745 1200
9746 1050
9747 1050
9748 1075
9749 1050
9750 1025
9751 1050
9752 1050
9753 1125
9754 1125
9755 1100
9756 1075
9757 1075
9758 1075
9759 1175
9760 1050
9761 1025
9762 1100
9763 1000
9764 1125
9765 1125
9766 1050
9767 1050
9768 1075
9769 1100
9770 1075
9771 1100
9772 1150
9773 1100
9774 1075
9775 1100
9776 1125
9777 1075
9778 1125
9779 1100
9780 1075
9781 1075
9782 1125
9783 1100
9784 1100
9785 1100
9786 1100
9787 1125
9788 1050
9789 1100
9790 1100
9791 1050
9792 1025
9793 1050
9794 1100
9795 1075
9796 1075
9797 1075
9798 1025
9799 1075
9800 1100
9801 1100
9802 1125
9803 1075
9804 1050
9805 1000
9806 1050
9807 1125
9808 1075
9809 1150
9810 1150
9811 1050
9812 1025
9813 1025
9814 1075
9815 1100
9816 1100
9817 1100
9818 1000
9819 1025
9820 1125
9821 1000
9822 1050
9823 1075
9824 1100
9825 1050
9826 1100
9827 1075
9828 1125
9829 1075
9830 1125
9831 1150
9832 1075
9833 1100
9834 1075
9835 1025
9836 1075
9837 1075
9838 1050
9839 1050
9840 1075
9841 1025
9842 1125
9843 1050
9844 1100
9845 1025
9846 1100
9847 1025
9848 1050
9849 1025
9850 1050
9851 1050
9852 1100
9853 1100
9854 1075
9855 1075
9856 1100
9857 1050
9858 1050
9859 1075
9860 1150
9861 1075
9862 1100
9863 1075
9864 1150
9865 1100
9866 1125
9867 1075
9868 1025
9869 1100
9870 1100
9871 1075
9872 1075
9873 1050
9874 1075
9875 1125
9876 1050
9877 1125
9878 1075
9879 1025
9880 1100
9881 1100
9882 1050
9883 1100
9884 1100
9885 1025
9886 1050
9887 1125
9888 1150
9889 1100
9890 1150
9891 1075
9892 1025
9893 1050
9894 1000
9895 1050
9896 1050
9897 1100
9898 1075
9899 1150
9900 1050
9901 1150
9902 1075
9903 1050
9904 1125
9905 1050
9906 1075
9907 1075
9908 1075
9909 1100
9910 1125
9911 1150
9912 1000
9913 1000
9914 1050
9915 1100
9916 1075
9917 1125
9918 1000
9919 1075
9920 1050
9921 1175
9922 1075
9923 1025
9924 1075
9925 1100
9926 1025
9927 1150
9928 1100
9929 1200
9930 1100
9931 1100
9932 1075
9933 1125
9934 1050
9935 1100
9936 1125
9937 1125
9938 1100
9939 1100
9940 1100
9941 1125
9942 1075
9943 1175
9944 1100
9945 1050
9946 1025
9947 1075
9948 1125
9949 1075
9950 1075
9951 1100
9952 1100
9953 1125
9954 1075
9955 1075
9956 1100
9957 1100
9958 1100
9959 1100
9960 1075
9961 1050
9962 1125
9963 1125
9964 1025
9965 1100
9966 1000
9967 1150
9968 1075
9969 1075
9970 1075
9971 1075
9972 1100
9973 1075
9974 1100
9975 1125
9976 1175
9977 1025
9978 1175
9979 1075
9980 1125
9981 1075
9982 1175
9983 1025
9984 1150
9985 1075
9986 1100
9987 1150
9988 1050
9989 1125
9990 1050
9991 1075
9992 1100
9993 1100
9994 1125
9995 1025
9996 1075
9997 1050
9998 1050
9999 1075
Record :  950
