0 0
1 2388
2 3930
3 3468
4 3498
5 3378
6 3888
7 3576
8 4500
9 4434
10 4152
11 2982
12 4350
13 3918
14 5778
15 3516
16 4854
17 5376
18 6504
19 5478
20 7860
21 8592
22 5724
23 5088
24 10812
25 7032
26 6672
27 1728
28 9966
29 11946
30 7722
31 8412
32 7248
33 8688
34 5046
35 12510
36 8700
37 7206
38 7344
39 7734
40 3882
41 8586
42 4968
43 6804
44 6420
45 5124
46 7932
47 5724
48 6540
49 7482
50 7638
51 516
52 8034
53 4584
54 4098
55 7302
56 3282
57 4842
58 5064
59 5352
60 7782
61 5964
62 8922
63 8424
64 3996
65 5280
66 9366
67 6720
68 408
69 3708
70 486
71 5736
72 276
73 8394
74 666
75 6462
76 7062
77 2562
78 6888
79 5094
80 468
81 4770
82 7632
83 10932
84 8826
85 10452
86 7164
87 7260
88 5460
89 7644
90 5220
91 5718
92 3666
93 4386
94 3666
95 7002
96 7236
97 7392
98 4992
99 5760
100 4668
Unexpected message received for job 1041500
Unexpected message received for job 1041500
101 9366
102 6360
103 3372
104 4980
105 2838
106 504
107 6624
108 8994
109 498
110 9684
111 6384
112 744
113 3978
114 7188
115 5544
116 4734
117 3852
118 5826
119 3846
120 4734
121 5916
122 3792
123 5142
124 3906
125 8646
126 4518
127 5622
128 3588
129 8130
130 6732
131 6768
132 6042
133 4968
134 4704
135 3858
136 6744
137 336
138 12330
139 7104
140 3726
141 774
142 5316
143 4476
144 5586
145 492
146 6372
147 5658
148 4788
149 4446
150 4458
151 3378
152 4902
153 4836
154 5964
155 5052
156 5946
157 5364
158 3996
159 5130
160 5808
161 5946
162 4410
163 486
164 5232
165 7008
166 3636
167 4290
168 11766
169 9324
170 3576
171 5724
172 720
173 3870
174 7728
175 2874
176 4926
177 5268
178 4872
179 6846
180 9360
181 7722
182 8382
183 3594
184 5862
185 8262
186 486
187 6936
188 9408
189 3924
190 7032
191 6660
192 3240
193 3312
194 8118
195 5136
196 5178
197 4986
198 9720
199 11772
200 7812
201 6954
202 9462
203 6570
204 4932
205 5388
206 4506
207 2736
208 5052
209 5574
210 4740
211 738
212 6732
213 1026
214 6510
215 3216
Unexpected message received for job 1041500
216 5646
Unexpected message received for job 1041500
217 2220
218 4800
219 3606
220 4398
221 4482
222 6228
223 5802
224 4476
225 5718
226 4968
227 5952
228 5994
229 3024
230 9606
231 4062
232 6942
233 6582
234 2784
235 6150
236 3876
237 7488
238 408
239 4758
240 5352
241 6000
242 7032
243 9822
244 7626
245 8910
246 8580
247 6906
248 4536
249 8532
250 6786
251 7278
252 5196
253 8634
254 5130
255 7284
256 9990
257 3354
258 7614
259 6252
260 7416
261 3864
262 4992
263 7062
264 3642
265 5694
266 492
267 7494
268 8466
269 6402
270 4776
271 7344
272 7170
273 8124
274 9594
275 4626
276 4986
277 6522
278 4836
279 3666
280 6252
281 5034
282 6726
283 4542
284 3858
285 7206
286 3996
287 8772
288 4680
289 8814
290 5136
291 5916
292 4872
293 426
294 4410
295 4518
296 3780
297 498
298 5358
299 6792
300 4950
301 5982
302 3048
303 5820
304 6252
305 6186
306 6810
307 5178
308 4368
309 4770
310 6690
311 7110
312 4392
313 5262
314 2418
315 2904
316 4230
317 5106
318 8370
319 6330
320 6030
321 6042
322 4572
323 4212
324 3030
Unexpected message received for job 1041500
325 3924
Unexpected message received for job 1041500
326 3066
327 4836
328 10152
329 7824
330 5898
331 5622
332 5184
333 5946
334 4440
335 7182
336 8082
337 7812
338 654
339 7470
340 7848
341 5934
342 6972
343 4056
344 666
345 5964
346 8610
347 5166
348 4260
349 6768
350 3708
351 5784
352 264
353 3360
354 3720
355 3552
356 3894
357 8310
358 2112
359 5922
360 6696
361 8706
362 6900
363 3726
364 2952
365 7110
366 4374
367 630
368 5388
369 6270
370 4794
371 4410
372 5778
373 9306
374 12522
375 4056
376 12540
377 3258
378 6996
379 6024
380 7842
381 5844
382 3600
383 474
384 3420
385 7320
386 8274
387 6768
388 9390
389 5088
390 3468
391 9666
392 5550
393 7608
394 6558
395 9990
396 7800
397 9918
398 3636
399 5634
400 6822
401 3696
402 6822
403 8154
404 3846
405 5418
406 492
407 6522
408 6714
409 5940
410 3888
411 6516
412 4908
413 492
414 4062
415 6390
416 8094
417 4764
418 7230
419 9762
420 6762
421 4470
422 4962
423 8262
424 8376
425 4638
426 5322
427 4992
428 6384
429 3042
430 8796
431 5592
432 5706
433 4962
434 11148
435 7164
Unexpected message received for job 1041500
Unexpected message received for job 1041500
436 6084
437 3744
438 4434
439 8172
440 6132
441 7080
442 6276
443 3276
444 4416
445 6000
446 7572
447 5880
448 6030
449 2736
450 5496
451 3000
452 2976
453 930
454 9246
455 4422
456 10458
457 636
458 5232
459 7224
460 6090
461 3900
462 5640
463 8694
464 5712
465 10326
466 3396
467 6516
468 6414
469 5340
470 4854
471 7536
472 696
473 5352
474 8016
475 3390
476 774
477 4008
478 4296
479 7512
480 5022
481 7572
482 3966
483 4374
484 4272
485 336
486 858
487 4464
488 9636
489 3834
490 5520
491 4284
492 11022
493 8514
494 6132
495 1008
496 5832
497 9948
498 3672
499 948
500 8910
501 4212
502 5022
503 3522
504 4794
505 3732
506 10560
507 7062
508 5346
509 3384
510 3288
511 9588
512 498
513 2688
514 4026
515 6114
516 3252
517 4620
518 5928
519 4866
520 5100
521 6936
522 9540
523 4644
524 8550
525 4014
526 4074
527 10704
528 4548
529 3384
530 4626
531 4836
532 3036
533 3822
534 10416
535 9840
536 3570
537 5238
538 6210
539 4740
540 5208
541 3432
542 7062
543 9930
544 6300
545 6840
546 5874
547 6738
548 6192
549 7368
550 5622
551 4404
552 3732
Unexpected message received for job 1041500
Unexpected message received for job 1041500
553 4752
554 5520
555 6312
556 9312
557 9558
558 9480
559 4794
560 9090
561 4692
562 4416
563 5610
564 9612
565 10140
566 5646
567 522
568 6858
569 4218
570 6294
571 4164
572 5838
573 2640
574 3576
575 7728
576 10110
577 8592
578 7494
579 6678
580 8088
581 3918
582 5064
583 9198
584 4794
585 4290
586 7110
587 6204
588 6498
589 7686
590 3456
591 3558
592 8970
593 7872
594 6804
595 6642
596 6732
597 6852
598 8340
599 5844
600 6306
601 6390
602 7968
603 4824
604 8220
605 10002
606 6378
607 9474
608 6552
609 9858
610 8550
611 9174
612 4824
613 6702
614 6492
615 4104
616 11106
617 9318
618 3882
619 6918
620 5484
621 3090
622 6678
623 7794
624 5856
625 4158
626 7884
627 4770
628 5916
629 3834
630 6270
631 4560
632 4500
633 3552
634 3870
635 3396
636 2634
637 4806
638 3216
639 3192
640 5730
641 5394
642 2538
643 8922
644 480
645 7704
646 4530
647 5838
648 5448
649 2940
650 3840
651 4560
652 9408
653 7242
654 3900
655 5280
656 7152
657 6324
658 7488
Unexpected message received for job 1041500
Unexpected message received for job 1041500
659 10134
660 6126
661 4524
662 6864
663 3462
664 7956
665 6840
666 7428
667 5088
668 3390
669 3060
670 3384
671 2334
672 4074
673 7536
674 5052
675 6198
676 7560
677 4608
678 9036
679 8442
680 5772
681 3780
682 10056
683 5688
684 4986
685 7092
686 8148
687 3588
688 4110
689 8274
690 4104
691 4458
692 9300
693 4428
694 5094
695 3714
696 4422
697 6096
698 6498
699 3462
700 7434
701 4668
702 9948
703 3096
704 6924
705 7158
706 7218
707 498
708 7014
709 4674
710 6858
711 816
712 6384
713 6186
714 3948
715 4092
716 2724
717 4668
718 6246
719 6894
720 5712
721 8466
722 4710
723 7380
724 7032
725 5784
726 4926
727 9750
728 6744
729 6030
730 5094
731 7068
732 7224
733 4380
734 7500
735 7944
736 7320
737 8022
738 8874
739 822
740 4236
741 9000
742 7320
743 6882
744 5634
745 6552
746 6096
747 6510
748 6144
749 6582
750 6750
751 7140
752 4794
753 4518
754 9114
755 5604
756 5706
757 5238
758 3390
759 5424
760 8178
761 7818
762 4644
763 5106
764 3024
765 5682
766 3858
767 7140
Unexpected message received for job 1041500
Unexpected message received for job 1041500
768 10356
769 6306
770 4182
771 7308
772 6714
773 9504
774 7962
775 4122
776 3768
777 4368
778 5610
779 5700
780 4314
781 4548
782 2586
783 6030
784 5262
785 7920
786 3462
787 4314
788 4116
789 7014
790 7044
791 4230
792 3612
793 534
794 3042
795 3474
796 2874
797 10584
798 5298
799 3090
800 5028
801 3984
802 9498
803 10992
804 5472
805 420
806 750
807 4644
808 3570
809 660
810 6000
811 5544
812 4848
813 7482
814 2538
815 5592
816 5718
817 3972
818 2694
819 4626
820 10410
821 11136
822 9870
823 2100
824 330
825 6150
826 3924
827 2304
828 7344
829 5778
830 6642
831 5166
832 612
833 750
834 7218
835 3246
836 5016
837 6402
838 8442
839 3258
840 7590
841 9270
842 6612
843 4782
844 6366
845 7968
846 5136
847 7428
848 2880
849 4764
850 834
851 7062
852 3120
853 7002
854 6408
855 672
856 6030
857 3090
858 4146
859 7482
860 5040
861 5106
862 7332
863 6792
864 5652
865 5862
866 4416
867 5538
868 11382
869 6822
870 8784
871 3396
872 9822
873 4458
874 5058
875 6450
876 6312
877 4854
878 5700
879 534
880 5280
881 5376
882 8010
883 6696
884 7818
Unexpected message received for job 1041500
885 5520
Unexpected message received for job 1041500
886 4068
887 3606
888 5238
889 4674
890 8220
891 5808
892 10578
893 6576
894 8754
895 5106
896 12504
897 432
898 6654
899 7710
900 5568
901 6096
902 5298
903 5250
904 7704
905 10776
906 6114
907 7398
908 8568
909 9336
910 11142
911 10140
912 6492
913 7326
914 7704
915 8040
916 3840
917 7506
918 6948
919 7902
920 6090
921 8562
922 3930
923 4134
924 3600
925 4236
926 4230
927 7398
928 5580
929 6108
930 6738
931 4500
932 6126
933 8832
934 3504
935 6672
936 6462
937 6000
938 282
939 6510
940 3138
941 6282
942 4152
943 3354
944 9726
945 8832
946 9066
947 3756
948 9210
949 8328
950 7128
951 660
952 5562
953 5748
954 7164
955 8526
956 8820
957 6954
958 7344
959 480
960 6414
961 4800
962 5214
963 4938
964 5724
965 6414
966 3990
967 4152
968 6906
969 3690
970 4806
971 6306
972 5550
973 9864
974 4722
975 486
976 2502
977 5232
978 6420
979 4584
980 5334
981 12516
982 3960
983 7800
984 594
985 7830
986 7698
987 5316
988 3480
989 3780
990 3114
991 10080
992 5844
993 3936
994 5316
Unexpected message received for job 1041500
995 7386
Unexpected message received for job 1041500
996 5664
997 7008
998 9210
999 8814
1000 4926
1001 4554
1002 7908
1003 6660
1004 3030
1005 5196
1006 2736
1007 7302
1008 5358
1009 6810
1010 2778
1011 4038
1012 3234
1013 6492
1014 3180
1015 6564
1016 2772
1017 2748
1018 4488
1019 4446
1020 5832
1021 2778
1022 4452
1023 4656
1024 5520
1025 12522
1026 5868
1027 4938
1028 2922
1029 9318
1030 3942
1031 4770
1032 5766
1033 4002
1034 4866
1035 10692
1036 7080
1037 5466
1038 4032
1039 12516
1040 366
1041 4062
1042 8268
1043 2880
1044 5328
1045 4728
1046 6048
1047 6474
1048 5088
1049 3552
1050 5556
1051 510
1052 4602
1053 8634
1054 9864
1055 10374
1056 8520
1057 5568
1058 4710
1059 744
1060 486
1061 7446
1062 9108
1063 9840
1064 4326
1065 7152
1066 12144
1067 9354
1068 5880
1069 5478
1070 8592
1071 7524
1072 6894
1073 4422
1074 8784
1075 5364
1076 5556
1077 8442
1078 4002
1079 6048
1080 6654
1081 6036
1082 6732
1083 6972
1084 4026
1085 5100
1086 6924
1087 7014
1088 12480
1089 9462
1090 4392
1091 7038
1092 5922
1093 5202
1094 4230
1095 4560
1096 936
1097 4464
1098 4278
1099 8910
1100 6378
1101 9054
1102 9588
1103 4362
1104 7158
1105 438
1106 5358
Unexpected message received for job 1041500
1107 4776
Unexpected message received for job 1041500
1108 4698
1109 10590
1110 6138
1111 4860
1112 6672
1113 5934
1114 336
1115 6204
1116 6546
1117 6666
1118 864
1119 3504
1120 5208
1121 348
1122 5856
1123 5478
1124 6108
1125 6534
1126 5778
1127 6786
1128 7296
1129 8742
1130 9018
1131 2748
1132 9228
1133 1356
1134 7428
1135 3516
1136 6318
1137 6090
1138 5946
1139 11916
1140 5718
1141 9486
1142 6552
1143 7080
1144 7074
1145 4302
1146 6018
1147 8394
1148 6546
1149 6426
1150 4134
1151 7476
1152 3948
1153 5226
1154 3438
1155 3384
1156 7452
1157 10830
1158 528
1159 5166
1160 7326
1161 6858
1162 276
1163 5568
1164 2580
1165 6144
1166 6384
1167 6000
1168 9294
1169 4686
1170 3636
1171 8292
1172 6504
1173 642
1174 6684
1175 4266
1176 4680
1177 6342
1178 5424
1179 6648
1180 3978
1181 4872
1182 7338
1183 9924
1184 4584
1185 756
1186 4542
1187 9792
1188 504
1189 3132
1190 8220
1191 5526
1192 6174
1193 7650
1194 8166
1195 3240
1196 6972
1197 6066
1198 10062
1199 6594
1200 3972
1201 5928
1202 7386
1203 6588
1204 5844
1205 3168
1206 5502
1207 4962
1208 3528
1209 5574
1210 5796
1211 6876
1212 6750
1213 5712
1214 2364
1215 2958
1216 8022
1217 486
1218 7728
Unexpected message received for job 1041500
Unexpected message received for job 1041500
1219 5364
1220 7092
1221 5664
1222 7776
1223 6864
1224 4764
1225 9840
1226 5718
1227 5472
1228 1200
1229 6096
1230 3786
1231 6672
1232 6384
1233 10464
1234 6600
1235 5472
1236 5586
1237 4410
1238 8934
1239 4668
1240 3084
1241 6264
1242 6594
1243 7470
1244 8628
1245 8616
1246 4986
1247 4494
1248 8424
1249 6426
1250 9060
1251 7674
1252 8982
1253 9408
1254 5286
1255 7932
1256 8928
1257 6246
1258 10602
1259 9870
1260 6600
1261 6732
1262 9036
1263 7122
1264 9222
1265 7302
1266 9996
1267 6972
1268 7956
1269 8112
1270 7950
1271 7212
1272 11472
1273 6198
1274 7548
1275 8070
1276 8748
1277 7488
1278 11634
1279 6210
1280 8964
1281 5028
1282 9768
1283 7284
1284 7248
1285 6372
1286 4434
1287 8250
1288 4422
1289 828
1290 6330
1291 12408
1292 6390
1293 3612
1294 8376
1295 6468
1296 8340
1297 8178
1298 7746
1299 6012
1300 4134
1301 6300
1302 7236
1303 9468
1304 6138
1305 7782
1306 9540
1307 7608
1308 7086
1309 9768
1310 4518
1311 4674
1312 9432
1313 5664
1314 7116
1315 5136
Unexpected message received for job 1041500
Unexpected message received for job 1041500
1316 4440
1317 8070
1318 8952
1319 7416
1320 5274
1321 5322
1322 5172
1323 4074
1324 7254
1325 5736
1326 7230
1327 4398
1328 9318
1329 4428
1330 9564
1331 480
1332 7452
1333 3696
1334 492
1335 8016
1336 4500
1337 3660
1338 2502
1339 4608
1340 276
1341 4218
1342 5394
1343 11412
1344 4086
1345 7776
1346 5130
1347 4788
1348 10668
1349 3882
1350 9042
1351 10698
1352 7356
1353 4554
1354 4590
1355 4158
1356 2712
1357 8682
1358 8172
1359 5256
1360 2952
1361 5052
1362 1032
1363 6702
1364 6876
1365 4140
1366 5460
1367 3546
1368 3924
1369 2538
1370 630
1371 3804
1372 3912
1373 4740
1374 3498
1375 4644
1376 4860
1377 1038
1378 5700
1379 3186
1380 714
1381 4518
1382 6750
1383 3936
1384 3642
1385 4398
1386 4476
1387 4812
1388 3060
1389 5520
1390 9678
1391 10008
1392 3414
1393 3438
1394 2790
1395 11034
1396 8244
1397 6630
1398 4632
1399 4326
1400 11838
1401 6984
1402 5694
1403 6660
1404 5682
1405 3912
1406 6420
1407 6630
1408 5238
1409 4080
1410 7704
1411 8328
1412 6990
1413 4152
1414 10080
1415 6948
1416 7236
1417 8340
1418 4872
1419 7710
1420 8190
1421 3282
1422 9522
1423 7824
1424 4434
1425 5844
1426 336
1427 10290
1428 3558
1429 11964
1430 3732
1431 4554
1432 3072
1433 4884
1434 5244
1435 492
1436 4392
1437 7416
1438 3558
Unexpected message received for job 1041500
Unexpected message received for job 1041500
1439 5496
1440 2454
1441 4818
1442 7338
1443 5004
1444 6828
1445 6534
1446 6426
1447 4050
1448 7986
1449 4992
1450 3234
1451 6348
1452 5862
1453 4320
1454 6408
1455 354
1456 9042
1457 486
1458 9012
1459 4488
1460 6630
1461 7266
1462 9018
1463 4596
1464 6108
1465 7212
1466 5280
1467 3594
1468 4338
1469 2910
1470 5556
1471 4164
1472 2964
1473 3966
1474 6324
1475 6714
1476 3258
1477 6690
1478 6516
1479 3390
1480 7728
1481 4236
1482 9882
1483 3444
1484 3678
1485 7764
1486 8328
1487 9396
1488 6564
1489 6768
1490 8010
1491 2850
1492 5022
1493 4776
1494 3810
1495 5100
1496 12504
1497 336
1498 7170
1499 7884
1500 8184
1501 6672
1502 8310
1503 720
1504 12186
1505 8940
1506 9306
1507 8778
1508 5856
1509 5826
1510 11412
1511 6192
1512 8310
1513 7230
1514 4896
1515 5628
1516 5118
1517 5448
1518 5856
1519 5352
1520 4854
1521 5292
1522 7386
1523 7080
1524 6366
1525 5994
1526 4998
1527 8112
1528 7500
1529 3414
1530 6510
1531 6006
1532 6228
1533 4116
1534 7686
1535 1014
1536 9030
1537 4158
1538 7938
1539 5034
1540 4176
1541 4032
1542 3756
1543 11916
1544 3888
1545 5790
Unexpected message received for job 1041500
1546 7872
Unexpected message received for job 1041500
1547 12126
1548 7644
1549 1338
1550 7614
1551 9120
1552 9600
1553 7248
1554 4608
1555 5448
1556 5400
1557 9876
1558 9456
1559 9450
1560 6120
1561 10374
1562 8526
1563 11790
1564 7896
1565 5400
1566 7452
1567 7068
1568 5526
1569 5754
1570 5574
1571 7260
1572 9084
1573 8646
1574 11454
1575 7416
1576 8868
1577 5058
1578 5148
1579 10014
1580 4296
1581 5592
1582 5622
1583 6900
1584 4194
1585 4452
1586 5538
1587 4206
1588 8178
1589 9180
1590 5010
1591 11772
1592 5820
1593 8154
1594 10962
1595 10950
1596 9078
1597 4746
1598 4884
1599 5658
1600 9246
1601 4872
1602 7350
1603 5340
1604 9006
1605 4164
1606 3732
1607 5400
1608 7290
1609 10422
1610 6066
1611 6396
1612 7182
1613 9726
1614 12294
1615 9672
1616 6972
1617 10260
1618 10464
1619 8526
1620 5946
1621 7656
1622 6150
1623 11190
1624 6522
1625 9030
1626 7326
1627 5502
1628 6162
1629 7830
1630 5616
1631 8208
1632 8430
1633 9228
1634 6444
1635 9972
Unexpected message received for job 1041500
1636 8706
Unexpected message received for job 1041500
1637 8034
1638 8346
1639 7470
1640 7050
1641 8166
1642 11292
1643 8958
1644 6876
1645 6966
1646 6546
1647 10014
1648 8778
1649 7752
1650 9402
1651 9402
1652 7488
1653 11898
1654 10380
1655 6198
1656 9048
1657 10266
1658 8880
1659 7080
1660 10338
1661 10236
1662 6588
1663 7950
1664 10308
1665 5400
1666 6372
1667 10464
1668 4656
1669 9006
1670 5646
1671 11502
1672 486
1673 10626
1674 7938
1675 10248
1676 8820
1677 3702
1678 4344
1679 4476
1680 7866
1681 8142
1682 4260
1683 4368
1684 6612
1685 5562
1686 7254
1687 5754
1688 3876
1689 4698
1690 5232
1691 5040
1692 8670
1693 7914
1694 666
1695 5952
1696 7878
1697 8784
1698 738
1699 4554
1700 6816
1701 5838
1702 546
1703 8724
1704 3654
1705 8484
1706 4554
1707 5532
1708 5874
1709 6648
1710 4728
1711 3282
1712 4386
1713 6894
1714 4638
1715 7200
1716 12504
1717 5928
1718 612
1719 4362
1720 8934
1721 5706
1722 3714
1723 6618
1724 3480
1725 2856
1726 7410
1727 7440
1728 8946
1729 6498
1730 3996
1731 6114
Unexpected message received for job 1041500
Unexpected message received for job 1041500
1732 5874
1733 10152
1734 3660
1735 4692
1736 6432
1737 6906
1738 4956
1739 6702
1740 6768
1741 3666
1742 8526
1743 11766
1744 8460
1745 7248
1746 6774
1747 9186
1748 6006
1749 12528
1750 7368
1751 6972
1752 9444
1753 6678
1754 7464
1755 4998
1756 612
1757 6216
1758 9042
1759 8466
1760 336
1761 4440
1762 5304
1763 10776
1764 6012
1765 6804
1766 6696
1767 5586
1768 4998
1769 10776
1770 822
1771 6408
1772 10842
1773 10284
1774 11316
1775 3768
1776 3084
1777 5580
1778 9636
1779 7926
1780 6666
1781 4806
1782 4974
1783 7122
1784 9156
1785 6216
1786 7758
1787 3276
1788 11208
1789 6204
1790 5166
1791 4758
1792 7890
1793 7326
1794 4800
1795 3642
1796 5256
1797 6102
1798 5472
1799 9216
1800 3708
1801 3588
1802 10848
1803 504
1804 3894
1805 3078
1806 6690
1807 5676
1808 2568
1809 4836
1810 4404
1811 9372
1812 4278
1813 5640
1814 7170
1815 4194
1816 5778
1817 3330
1818 2868
1819 6984
1820 4812
1821 8202
1822 6558
1823 7032
1824 4980
1825 5544
1826 3552
1827 6102
1828 6324
1829 3750
1830 5292
1831 4014
1832 3150
1833 6012
1834 6270
1835 4488
1836 4314
1837 6504
Unexpected message received for job 1041500
Unexpected message received for job 1041500
1838 4644
1839 3216
1840 5256
1841 2166
1842 3906
1843 7470
1844 7086
1845 3744
1846 7194
1847 7146
1848 8064
1849 6492
1850 498
1851 6264
1852 9450
1853 5730
1854 5940
1855 7506
1856 7524
1857 4704
1858 5220
1859 8196
1860 5442
1861 4536
1862 6360
1863 3330
1864 7980
1865 9114
1866 6420
1867 4116
1868 6978
1869 7218
1870 7374
1871 11520
1872 8850
1873 6612
1874 6714
1875 7044
1876 3594
1877 10116
1878 6324
1879 10200
1880 4440
1881 4470
1882 7146
1883 5292
1884 7566
1885 9570
1886 5424
1887 4446
1888 5490
1889 7560
1890 6024
1891 7284
1892 8478
1893 8514
1894 8394
1895 4758
1896 4986
1897 10092
1898 7284
1899 7824
1900 702
1901 5118
1902 7314
1903 4740
1904 5292
1905 7506
1906 8922
1907 8112
1908 9126
1909 9306
1910 450
1911 9282
1912 6960
1913 11028
1914 6684
1915 6402
1916 8640
1917 7416
1918 8622
1919 5400
1920 9636
1921 10164
1922 5298
1923 5034
1924 9924
1925 9804
1926 9084
1927 8604
1928 7602
1929 8304
1930 11232
1931 7788
1932 5490
1933 8088
1934 9666
1935 4896
1936 6390
1937 5826
1938 6240
1939 8532
Unexpected message received for job 1041500
Unexpected message received for job 1041500
1940 4416
1941 4482
1942 7302
1943 5478
1944 516
1945 8412
1946 4104
1947 4338
1948 492
1949 5094
1950 756
1951 7110
1952 8586
1953 10668
1954 9912
1955 8784
1956 4380
1957 816
1958 468
1959 9666
1960 5136
1961 9504
1962 7386
1963 6708
1964 4200
1965 8472
1966 8688
1967 708
1968 8958
1969 6600
1970 8148
1971 10578
1972 7368
1973 6714
1974 8658
1975 10254
1976 4566
1977 7746
1978 6786
1979 7362
1980 6396
1981 7326
1982 6930
1983 5580
1984 10476
1985 9138
1986 5370
1987 3732
1988 5688
1989 5724
1990 6840
1991 7278
1992 8352
1993 8958
1994 7248
1995 5898
1996 6528
1997 6282
1998 8226
1999 8202
2000 10302
2001 9342
2002 7986
2003 7626
2004 6624
2005 6540
2006 5010
2007 4584
2008 732
2009 7020
2010 4446
2011 10362
2012 4266
2013 11166
2014 5190
2015 8382
2016 11298
2017 10494
2018 5688
2019 8406
2020 8946
2021 8982
2022 7572
2023 5394
2024 9252
2025 3804
2026 5556
2027 6696
2028 654
2029 5640
2030 8190
2031 5160
2032 6396
2033 3336
2034 8832
2035 6246
2036 6336
2037 4206
2038 8190
2039 5298
2040 10032
2041 8316
2042 10158
Unexpected message received for job 1041500
2043 9072
Unexpected message received for job 1041500
2044 4842
2045 9762
2046 4890
2047 6366
2048 8562
2049 3978
2050 1038
2051 7170
2052 9852
2053 4086
2054 7590
2055 7314
2056 9606
2057 10806
2058 9342
2059 7806
2060 8742
2061 10068
2062 7170
2063 486
2064 732
2065 9444
2066 12528
2067 5454
2068 4992
2069 7806
2070 954
2071 6294
2072 4422
2073 5946
2074 8298
2075 6504
2076 5100
2077 4488
2078 12174
2079 6618
2080 5442
2081 7878
2082 7692
2083 6618
2084 6408
2085 8370
2086 11160
2087 4572
2088 10698
2089 7536
2090 5358
2091 3396
2092 8442
2093 9132
2094 8022
2095 11214
2096 8268
2097 8142
2098 8118
2099 7104
2100 8034
2101 7068
2102 330
2103 9456
2104 4062
2105 6054
2106 10566
2107 5580
2108 6258
2109 3810
2110 8154
2111 8460
2112 4212
2113 8058
2114 10338
2115 10578
2116 11124
2117 12234
2118 11976
2119 9198
2120 11154
2121 726
2122 11790
2123 11976
2124 11664
2125 10596
2126 8544
Unexpected message received for job 1041500
2127 10164
Unexpected message received for job 1041500
2128 9648
2129 6558
2130 11262
2131 10410
2132 6474
2133 8514
2134 6600
2135 8796
2136 7134
2137 7134
2138 6678
2139 5946
2140 9180
2141 9210
2142 9984
2143 8184
2144 8154
2145 7596
2146 7818
2147 7788
2148 8772
2149 11076
2150 7146
2151 7800
2152 8100
2153 7716
2154 10014
2155 5244
2156 5568
2157 8892
2158 7482
2159 10038
2160 7686
2161 7110
2162 4896
2163 5610
2164 10152
2165 10422
2166 10614
2167 8730
2168 6636
2169 5112
2170 6756
2171 4086
2172 8388
2173 5898
2174 6900
2175 8520
2176 5838
2177 5622
2178 8886
2179 6678
2180 8004
2181 3984
2182 7182
2183 5568
2184 10404
2185 10146
2186 7386
2187 9468
2188 6444
2189 7164
2190 10068
2191 5622
2192 7122
2193 9060
2194 5748
2195 6762
2196 5448
2197 10212
2198 7506
2199 12510
2200 12504
2201 5862
2202 756
2203 7416
2204 10008
Unexpected message received for job 1041500
2205 9396
Unexpected message received for job 1041500
2206 7038
2207 8256
2208 7242
2209 8508
2210 12108
2211 10668
2212 10242
2213 9102
2214 3384
2215 7530
2216 9522
2217 9870
2218 798
2219 4752
2220 5262
2221 6000
2222 10440
2223 6468
2224 954
2225 3144
2226 4158
2227 5106
2228 498
2229 6996
2230 6792
2231 4158
2232 5904
2233 5058
2234 5028
2235 3582
2236 5838
2237 4734
2238 5976
2239 8958
2240 10290
2241 7722
2242 7314
2243 3276
2244 672
2245 6138
2246 6258
2247 10152
2248 5898
2249 8106
2250 8370
2251 10848
2252 8814
2253 5772
2254 6204
2255 7116
2256 7722
2257 5238
2258 6636
2259 9648
2260 9144
2261 5670
2262 6576
2263 6030
2264 10458
2265 5484
2266 3672
2267 9522
2268 8994
2269 7872
2270 5472
2271 7572
2272 6978
2273 9066
2274 9312
2275 7704
2276 4518
2277 492
2278 5988
2279 666
2280 9396
2281 6534
2282 5556
2283 8376
2284 8394
2285 6030
2286 8556
2287 7998
2288 6456
2289 8988
2290 4968
2291 8256
2292 11592
2293 12510
Unexpected message received for job 1041500
Unexpected message received for job 1041500
2294 11670
2295 486
2296 12492
2297 10398
2298 12510
2299 11664
2300 690
2301 11736
2302 12516
2303 11346
2304 10866
2305 11940
2306 10056
2307 10350
2308 9738
2309 10062
2310 6954
2311 7626
2312 5868
2313 6234
2314 7788
2315 9654
2316 7020
2317 4686
2318 10404
2319 9864
2320 10026
2321 6738
2322 6930
2323 10566
2324 4182
2325 8712
2326 7278
2327 9114
2328 5454
2329 7302
2330 7248
2331 6060
2332 4308
2333 6516
2334 10026
2335 2640
2336 9864
2337 9222
2338 6150
2339 1590
2340 8706
2341 6492
2342 8592
2343 4524
2344 11220
2345 7554
2346 6102
2347 7866
2348 8442
2349 7038
2350 9588
2351 6648
2352 11304
2353 6138
2354 7968
2355 5754
2356 7932
2357 7848
2358 6240
2359 7692
2360 8460
2361 6090
2362 8922
2363 5988
2364 7500
2365 5724
2366 6720
2367 5784
2368 9042
2369 5124
2370 10020
Unexpected message received for job 1041500
Unexpected message received for job 1041500
2371 8562
2372 4626
2373 5958
2374 7038
2375 7638
2376 4614
2377 1104
2378 3756
2379 6114
2380 6540
2381 5556
2382 6486
2383 8142
2384 5268
2385 9564
2386 9498
2387 6120
2388 6438
2389 6696
2390 10770
2391 7626
2392 9666
2393 7176
2394 8352
2395 10536
2396 6204
2397 6408
2398 9060
2399 5718
2400 10014
2401 7860
2402 8916
2403 9666
2404 7608
2405 9168
2406 11418
2407 8130
2408 9528
2409 10338
2410 7842
2411 9354
2412 7104
2413 6888
2414 11580
2415 6858
2416 11532
2417 654
2418 10398
2419 7896
2420 7770
2421 9180
2422 9156
2423 10698
2424 7584
2425 8748
2426 6864
2427 9708
2428 11658
2429 12510
2430 7680
2431 11100
2432 8424
2433 558
2434 7272
2435 10584
2436 9354
2437 8394
2438 7830
2439 6078
2440 6834
2441 5850
2442 7302
2443 7050
Unexpected message received for job 1041500
2444 4212
Unexpected message received for job 1041500
2445 9156
2446 1044
2447 5850
2448 5208
2449 9414
2450 5664
2451 8292
2452 816
2453 6786
2454 8994
2455 7620
2456 4950
2457 7464
2458 8682
2459 5514
2460 10614
2461 6774
2462 6054
2463 1026
2464 9156
2465 10176
2466 8922
2467 9480
2468 7638
2469 8370
2470 7158
2471 9030
2472 12336
2473 5550
2474 8160
2475 7686
2476 6864
2477 9276
2478 6210
2479 744
2480 7032
2481 6660
2482 7650
2483 8868
2484 9072
2485 7650
2486 6552
2487 9792
2488 6678
2489 6600
2490 7476
2491 6966
2492 8514
2493 7410
2494 11250
2495 7158
2496 9048
2497 9666
2498 9966
2499 8244
2500 4986
2501 5928
2502 5244
2503 5400
2504 8826
2505 6288
2506 7890
2507 9678
2508 6162
2509 7770
2510 10038
2511 6204
2512 8196
2513 9030
2514 10782
2515 1020
Unexpected message received for job 1041500
Unexpected message received for job 1041500
2516 7650
2517 10116
2518 1026
2519 4800
2520 7194
2521 5196
2522 5250
2523 8334
2524 7050
2525 6750
2526 5388
2527 5718
2528 9552
2529 3210
2530 4146
2531 8412
2532 9504
2533 10518
2534 7854
2535 10554
2536 7074
2537 9888
2538 12528
2539 8484
2540 10164
2541 8190
2542 10776
2543 7356
2544 9348
2545 7452
2546 7560
2547 8220
2548 7236
2549 8142
2550 8088
2551 8850
2552 6642
2553 8940
2554 8262
2555 7272
2556 7422
2557 6558
2558 8232
2559 12510
2560 6666
2561 2832
2562 2436
2563 4620
2564 8280
2565 6750
2566 9654
2567 5328
2568 5136
2569 5658
2570 5544
2571 10776
2572 6540
2573 10626
2574 3330
2575 6966
2576 8718
2577 9942
2578 3420
2579 7182
2580 8694
2581 9222
2582 5136
2583 5766
2584 4812
2585 6600
2586 8310
2587 10344
2588 8448
Unexpected message received for job 1041500
Unexpected message received for job 1041500
2589 5436
2590 10428
2591 7260
2592 8982
2593 4596
2594 6924
2595 9600
2596 8622
2597 9624
2598 9306
2599 5580
2600 8592
2601 7902
2602 6042
2603 7812
2604 10044
2605 10290
2606 10242
2607 10470
2608 9654
2609 6282
2610 8532
2611 7836
2612 10266
2613 8022
2614 10020
2615 7788
2616 10596
2617 5352
2618 9528
2619 10884
2620 10458
2621 7746
2622 12510
2623 11424
2624 7200
2625 11388
2626 5988
2627 7686
2628 12228
2629 7638
2630 7608
2631 9408
2632 7140
2633 9444
2634 7626
2635 11028
2636 8868
2637 816
2638 8280
2639 4716
2640 5178
2641 9846
2642 7038
2643 10044
2644 10908
2645 8964
2646 516
2647 3630
2648 9024
2649 8088
2650 7344
2651 9048
2652 7680
2653 9516
Unexpected message received for job 1041500
Unexpected message received for job 1041500
2654 12522
2655 10398
2656 6492
2657 12504
2658 12402
2659 12510
2660 7842
2661 8034
2662 7146
2663 11178
2664 10362
2665 486
2666 11196
2667 7644
2668 12516
2669 9990
2670 9132
2671 9768
2672 8694
2673 11988
2674 10758
2675 10020
2676 7386
2677 9834
2678 7296
2679 8580
2680 10548
2681 8520
2682 9228
2683 7200
2684 10410
2685 9804
2686 10230
2687 654
2688 6726
2689 8640
2690 8592
2691 6210
2692 8412
2693 7308
2694 12510
2695 10860
2696 10020
2697 10248
2698 8376
2699 10632
2700 11970
2701 8352
2702 10032
2703 12522
2704 8568
2705 5880
2706 8346
2707 8766
2708 8820
2709 10080
2710 10542
2711 9282
2712 12126
2713 9708
2714 336
2715 12402
2716 12510
2717 12468
2718 336
2719 6798
2720 9102
Unexpected message received for job 1041500
2721 8772
2722 12510
2723 8976
2724 8904
2725 11616
2726 10098
2727 7266
2728 9600
2729 8562
2730 9636
2731 11412
2732 12444
2733 8922
2734 10812
2735 12102
2736 6114
2737 8508
2738 10524
2739 8670
2740 12528
2741 486
2742 9900
2743 8586
2744 7854
2745 9678
2746 11934
2747 11286
2748 8328
2749 8850
2750 9582
2751 8820
2752 12228
2753 8898
2754 9714
2755 10854
2756 12510
2757 10104
2758 9324
2759 12522
2760 11262
2761 9306
2762 10080
2763 8472
2764 7866
2765 8514
2766 7278
2767 10236
2768 7986
2769 9228
2770 7188
2771 1128
2772 9264
2773 822
2774 12522
2775 9438
2776 6558
2777 10968
2778 7110
2779 7446
2780 9684
2781 9510
Unexpected message received for job 1041500
2782 8532
Unexpected message received for job 1041500
2783 8208
2784 9486
2785 336
2786 8538
2787 12096
2788 11430
2789 8988
2790 11178
2791 7398
2792 10500
2793 12450
2794 12516
2795 336
2796 12222
2797 9174
2798 786
2799 8298
2800 9594
2801 11172
2802 5106
2803 8322
2804 10056
2805 8016
2806 6978
2807 8334
2808 11982
2809 9366
2810 8580
2811 8352
2812 9426
2813 12522
2814 10128
2815 12510
2816 12042
2817 492
2818 8982
2819 11016
2820 8760
2821 8178
2822 10866
2823 10032
2824 9840
2825 10812
2826 12528
2827 11784
2828 9924
2829 10302
2830 6948
2831 10206
2832 9810
2833 8910
2834 10326
2835 714
2836 12504
2837 10356
2838 8262
2839 10590
2840 7248
2841 9948
2842 12504
2843 9114
2844 9972
2845 10308
2846 11640
2847 10410
2848 10872
2849 9360
Unexpected message received for job 1041500
2850 10122
Unexpected message received for job 1041500
2851 8322
2852 9666
2853 12174
2854 8316
2855 9000
2856 8802
2857 9702
2858 8790
2859 11616
2860 11436
2861 10674
2862 9018
2863 9582
2864 10074
2865 9090
2866 11910
2867 7548
2868 11052
2869 7578
2870 10836
2871 9768
2872 6672
2873 8004
2874 11178
2875 10746
2876 12528
2877 9366
2878 11886
2879 9684
2880 8244
2881 9066
2882 9756
2883 9120
2884 10872
2885 11226
2886 762
2887 8964
2888 6450
2889 8256
2890 8652
2891 7686
2892 9924
2893 8214
2894 9294
2895 11784
2896 9222
2897 9138
2898 8112
2899 8598
2900 10632
2901 10044
2902 612
2903 10866
2904 9948
2905 12372
2906 8754
2907 6282
2908 10644
2909 10428
2910 10194
2911 8466
2912 492
2913 8892
2914 7002
2915 10374
2916 6876
2917 7188
2918 7314
2919 12456
2920 6618
2921 702
Unexpected message received for job 1041500
2922 10122
Unexpected message received for job 1041500
2923 8010
2924 7572
2925 8436
2926 9414
2927 7950
2928 8634
2929 8874
2930 10098
2931 9246
2932 9912
2933 10416
2934 7920
2935 7224
2936 9978
2937 7548
2938 10128
2939 9870
2940 11382
2941 7476
2942 636
2943 6840
2944 9846
2945 10140
2946 12504
2947 9504
2948 5658
2949 9726
2950 12432
2951 12510
2952 12504
2953 9186
2954 11766
2955 9132
2956 612
2957 11400
2958 9102
2959 10944
2960 11832
2961 6276
2962 8286
2963 8448
2964 12060
2965 10740
2966 9306
2967 8334
2968 10392
2969 12528
2970 6780
2971 9942
2972 9546
2973 12504
2974 7506
2975 9564
2976 12072
2977 9582
2978 7632
2979 8340
2980 9120
2981 11898
2982 9750
2983 10026
2984 7494
2985 7098
2986 10092
2987 7704
2988 10674
2989 9924
2990 10470
Unexpected message received for job 1041500
2991 11856
Unexpected message received for job 1041500
2992 12510
2993 8862
2994 7194
2995 6066
2996 8934
2997 6888
2998 7080
2999 12036
3000 7788
3001 8340
3002 6438
3003 7380
3004 9576
3005 11316
3006 8478
3007 6582
3008 6162
3009 10014
3010 8964
3011 6750
3012 486
3013 7194
3014 720
3015 5442
3016 6150
3017 9066
3018 10890
3019 11976
3020 10584
3021 9462
3022 6834
3023 12516
3024 12528
3025 8922
3026 11466
3027 10470
3028 11802
3029 10326
3030 12516
3031 11556
3032 8496
3033 8634
3034 11016
3035 8808
3036 6714
3037 7038
3038 9936
3039 11406
3040 9102
3041 7050
3042 12048
3043 10830
3044 10074
3045 6756
3046 10878
3047 7998
3048 7416
3049 7302
3050 12228
3051 9426
3052 9654
3053 9792
3054 9906
3055 9132
3056 7812
3057 9444
3058 8010
3059 8532
3060 9546
3061 8874
Unexpected message received for job 1041500
3062 7734
Unexpected message received for job 1041500
3063 10950
3064 10560
3065 8154
3066 11904
3067 11988
3068 8928
3069 6894
3070 11394
3071 12522
3072 6804
3073 9954
3074 7518
3075 7308
3076 1554
3077 10890
3078 10968
3079 10254
3080 9852
3081 12408
3082 6786
3083 7230
3084 8844
3085 9564
3086 9396
3087 630
3088 8292
3089 12504
3090 9456
3091 10152
3092 10464
3093 12120
3094 10572
3095 11754
3096 9312
3097 10194
3098 6084
3099 8334
3100 9654
3101 9048
3102 11472
3103 9468
3104 7308
3105 7320
3106 9258
3107 8574
3108 6840
3109 9450
3110 7062
3111 10482
3112 11550
3113 8988
3114 6648
3115 8574
3116 8550
3117 9978
3118 11088
3119 8502
3120 5982
3121 7734
3122 10368
3123 9426
3124 8898
3125 792
3126 9072
3127 11412
3128 10968
3129 498
3130 540
3131 7416
3132 8328
3133 5658
3134 8334
Unexpected message received for job 1041500
3135 9954
Unexpected message received for job 1041500
3136 12390
3137 9672
3138 9264
3139 7122
3140 10410
3141 10572
3142 8238
3143 8862
3144 9042
3145 6684
3146 11766
3147 9684
3148 11772
3149 10656
3150 7602
3151 10770
3152 10176
3153 9552
3154 11364
3155 11496
3156 9834
3157 11016
3158 8586
3159 11424
3160 11694
3161 9378
3162 10818
3163 12438
3164 9714
3165 8562
3166 7314
3167 9984
3168 9006
3169 7428
3170 7788
3171 11616
3172 7830
3173 9318
3174 9672
3175 5940
3176 10596
3177 9288
3178 8904
3179 5964
3180 8574
3181 9648
3182 11172
3183 7842
3184 7590
3185 9528
3186 10560
3187 7458
3188 12174
3189 10446
3190 8880
3191 11124
3192 7584
3193 11238
3194 9402
Unexpected message received for job 1041500
Unexpected message received for job 1041500
3195 8970
3196 10596
3197 12504
3198 10014
3199 8340
3200 4902
3201 10632
3202 11244
3203 9846
3204 8946
3205 12522
3206 10128
3207 11778
3208 10920
3209 10230
3210 10494
3211 10524
3212 10404
3213 9912
3214 10074
3215 8784
3216 10134
3217 9786
3218 7104
3219 9192
3220 9660
3221 10884
3222 7608
3223 8070
3224 8670
3225 7554
3226 7464
3227 6780
3228 11778
3229 7146
3230 7560
3231 4146
3232 9522
3233 6720
3234 9828
3235 8484
3236 7614
3237 11274
3238 7590
3239 10554
3240 10332
3241 10542
3242 12516
3243 8976
3244 6816
3245 7080
3246 8862
3247 7302
3248 12522
3249 9126
3250 12528
3251 8940
3252 9786
3253 8688
3254 11784
3255 8766
3256 9516
3257 11346
Unexpected message received for job 1041500
Unexpected message received for job 1041500
3258 8160
3259 10062
3260 9702
3261 8100
3262 8118
3263 8556
3264 9624
3265 8892
3266 9822
3267 10896
3268 11652
3269 8250
3270 7770
3271 4974
3272 6114
3273 9450
3274 8766
3275 7578
3276 9342
3277 10836
3278 9078
3279 9456
3280 6672
3281 5886
3282 10314
3283 8400
3284 9342
3285 10452
3286 10272
3287 10548
3288 8838
3289 8028
3290 9180
3291 8082
3292 8796
3293 828
3294 7494
3295 9618
3296 9726
3297 9780
3298 12528
3299 8922
3300 10380
3301 12528
3302 12528
3303 8976
3304 8472
3305 8070
3306 12516
3307 7392
3308 12378
3309 12504
3310 10326
3311 11760
3312 8442
3313 10200
3314 10566
3315 8976
3316 12522
3317 11226
3318 8586
Unexpected message received for job 1041500
Unexpected message received for job 1041500
3319 7800
3320 7488
3321 11040
3322 10920
3323 7986
3324 10986
3325 9528
3326 9972
3327 11142
3328 8556
3329 9288
3330 822
3331 9552
3332 8778
3333 9096
3334 10944
3335 8334
3336 8238
3337 10092
3338 9156
3339 11790
3340 8124
3341 9264
3342 8526
3343 11796
3344 8880
3345 10950
3346 10488
3347 7206
3348 11208
3349 9312
3350 11298
3351 10986
3352 10308
3353 11268
3354 9912
3355 11004
3356 8970
3357 11772
3358 10404
3359 9888
3360 10506
3361 6198
3362 9864
3363 9408
3364 12516
3365 11058
3366 684
3367 10980
3368 7482
3369 9636
3370 10626
3371 516
3372 10686
3373 10488
3374 11280
3375 8898
3376 12516
3377 12516
3378 9468
3379 7710
3380 9714
Unexpected message received for job 1041500
Unexpected message received for job 1041500
3381 11574
3382 10968
3383 5418
3384 7770
3385 5610
3386 11220
3387 11328
3388 11784
3389 12522
3390 10734
3391 7320
3392 8892
3393 11580
3394 9678
3395 9588
3396 12504
3397 12528
3398 11094
3399 7800
3400 10014
3401 7680
3402 12504
3403 10488
3404 12018
3405 11916
3406 11814
3407 12504
3408 11028
3409 9438
3410 8664
3411 12258
3412 8892
3413 7482
3414 11916
3415 11172
3416 11166
3417 8124
3418 10416
3419 750
3420 1002
3421 10122
3422 10632
3423 8466
3424 11328
3425 9930
3426 10098
3427 10572
3428 7338
3429 10344
3430 9792
3431 6264
3432 9906
3433 7974
3434 5676
3435 8550
3436 7860
3437 10848
3438 9540
3439 9780
3440 10038
3441 11244
3442 9384
3443 9720
Unexpected message received for job 1041500
Unexpected message received for job 1041500
3444 9384
3445 10542
3446 11718
3447 11778
3448 11712
3449 11058
3450 9720
3451 12522
3452 12120
3453 9576
3454 12180
3455 8028
3456 9810
3457 9960
3458 9510
3459 10824
3460 10212
3461 12522
3462 9696
3463 6396
3464 7908
3465 5136
3466 9978
3467 9606
3468 6288
3469 12108
3470 6930
3471 12330
3472 792
3473 8346
3474 10182
3475 12516
3476 7092
3477 9852
3478 8256
3479 8154
3480 5376
3481 6738
3482 9198
3483 6900
3484 5136
3485 12516
3486 7008
3487 9894
3488 8628
3489 10092
3490 11538
3491 10008
3492 8280
3493 480
3494 12510
3495 6930
3496 10590
3497 7368
3498 9306
3499 9030
3500 11784
3501 9354
3502 9612
3503 12132
3504 9780
3505 8088
3506 9078
3507 7806
3508 7920
Unexpected message received for job 1041500
Unexpected message received for job 1041500
3509 12528
3510 8370
3511 8106
3512 7626
3513 9774
3514 9192
3515 10260
3516 6990
3517 7896
3518 10062
3519 11778
3520 5808
3521 8922
3522 11784
3523 10056
3524 9264
3525 7566
3526 8562
3527 498
3528 7452
3529 6258
3530 12306
3531 10044
3532 8070
3533 9972
3534 9828
3535 9150
3536 10104
3537 10248
3538 7422
3539 8424
3540 7158
3541 8790
3542 10608
3543 9282
3544 9762
3545 7374
3546 9258
3547 10542
3548 7488
3549 10452
3550 12216
3551 9198
3552 7320
3553 9144
3554 9144
3555 5346
3556 8964
3557 9780
3558 9414
3559 7554
3560 9774
3561 10224
3562 7740
3563 6384
3564 9828
3565 10716
3566 11760
3567 9726
3568 5892
3569 10086
3570 9228
3571 10302
Unexpected message received for job 1041500
Unexpected message received for job 1041500
3572 12018
3573 10146
3574 12510
3575 12522
3576 11916
3577 11778
3578 9390
3579 8376
3580 10716
3581 11238
3582 12486
3583 10824
3584 10968
3585 9444
3586 10494
3587 10620
3588 744
3589 918
3590 10482
3591 11088
3592 10488
3593 12528
3594 9486
3595 8814
3596 9390
3597 9516
3598 11634
3599 10086
3600 12114
3601 8154
3602 11172
3603 9360
3604 12108
3605 11748
3606 9528
3607 10248
3608 12138
3609 7890
3610 7992
3611 12528
3612 7158
3613 12282
3614 8532
3615 12180
3616 8988
3617 8058
3618 9264
3619 7950
3620 9996
3621 10116
3622 9564
3623 9360
3624 9186
3625 486
3626 486
3627 7728
3628 9444
3629 7818
3630 6660
3631 8760
3632 10950
3633 7308
3634 7278
3635 7578
3636 9942
3637 5982
3638 7902
3639 11070
Unexpected message received for job 1041500
Unexpected message received for job 1041500
3640 10056
3641 10614
3642 8940
3643 486
3644 7368
3645 11664
3646 10122
3647 8880
3648 7986
3649 10320
3650 5940
3651 10050
3652 5694
3653 9960
3654 9780
3655 6954
3656 9750
3657 9240
3658 6342
3659 11772
3660 846
3661 6000
3662 486
3663 6348
3664 9966
3665 4194
3666 9234
3667 7746
3668 9096
3669 8322
3670 7056
3671 486
3672 9978
3673 7668
3674 8358
3675 9210
3676 10656
3677 486
3678 486
3679 12402
3680 12504
3681 7098
3682 786
3683 8604
3684 10662
3685 10554
3686 11454
3687 7206
3688 10278
3689 7836
3690 9006
3691 7662
3692 9228
3693 4236
3694 7164
3695 9558
3696 7950
3697 7938
3698 9420
3699 8664
3700 9984
3701 12504
3702 9378
3703 456
3704 10692
3705 10998
3706 12510
3707 9750
3708 12462
3709 9876
3710 7842
Unexpected message received for job 1041500
Unexpected message received for job 1041500
3711 7842
3712 12510
3713 12504
3714 12330
3715 9228
3716 12504
3717 11106
3718 9786
3719 678
3720 10080
3721 12216
3722 12096
3723 7290
3724 6138
3725 11136
3726 12522
3727 10452
3728 10518
3729 11214
3730 12504
3731 10986
3732 9462
3733 12036
3734 9624
3735 10896
3736 9360
3737 4824
3738 9318
3739 9384
3740 4938
3741 7350
3742 7482
3743 12516
3744 7788
3745 7770
3746 6498
3747 10194
3748 8820
3749 9024
3750 8916
3751 7932
3752 9180
3753 10038
3754 10656
3755 10554
3756 9450
3757 10518
3758 9210
3759 9402
3760 10116
3761 12096
3762 10878
3763 9462
3764 8370
3765 9276
3766 9864
3767 618
Unexpected message received for job 1041500
Unexpected message received for job 1041500
3768 10008
3769 8478
3770 8346
3771 12504
3772 10734
3773 12102
3774 9390
3775 11100
3776 216
3777 612
3778 480
3779 11478
3780 9828
3781 10920
3782 9354
3783 8364
3784 9966
3785 8028
3786 9624
3787 1056
3788 7392
3789 6552
3790 8454
3791 6618
3792 9504
3793 9252
3794 9918
3795 9126
3796 9744
3797 5538
3798 9432
3799 420
3800 420
3801 12528
3802 342
3803 12480
3804 8592
3805 7812
3806 9132
3807 8916
3808 8256
3809 420
3810 10602
3811 10770
3812 10524
3813 7722
3814 12054
3815 6042
3816 10398
3817 7188
3818 8082
3819 7992
3820 9132
3821 9798
3822 6420
3823 9840
3824 9648
3825 8952
3826 11202
3827 9642
3828 11310
3829 10824
3830 6120
3831 9726
3832 6312
3833 8982
3834 7992
3835 8724
3836 7464
3837 10086
3838 7956
3839 516
3840 6114
3841 8622
Unexpected message received for job 1041500
Unexpected message received for job 1041500
3842 8058
3843 9000
3844 10692
3845 9738
3846 12282
3847 12300
3848 7764
3849 8910
3850 9570
3851 11484
3852 8946
3853 10764
3854 10386
3855 7404
3856 10110
3857 9858
3858 10302
3859 9264
3860 8904
3861 9438
3862 10854
3863 8346
3864 7980
3865 9486
3866 1044
3867 9000
3868 8196
3869 8802
3870 8796
3871 9354
3872 11790
3873 12504
3874 9306
3875 10344
3876 678
3877 12084
3878 9804
3879 7368
3880 9450
3881 9900
3882 7866
3883 10050
3884 7080
3885 7824
3886 12516
3887 6900
3888 9990
3889 7092
3890 9972
3891 9804
3892 10260
3893 12006
3894 7026
3895 444
3896 9342
3897 6684
3898 10512
3899 9792
3900 7692
3901 9240
3902 10986
3903 7734
3904 9702
Unexpected message received for job 1041500
Unexpected message received for job 1041500
3905 8472
3906 9738
3907 8412
3908 10026
3909 7668
3910 444
3911 7962
3912 6798
3913 8136
3914 6504
3915 9438
3916 8298
3917 5934
3918 9918
3919 9876
3920 7794
3921 9852
3922 10794
3923 8736
3924 11100
3925 9756
3926 12516
3927 8424
3928 10164
3929 6954
3930 9594
3931 450
3932 11658
3933 8184
3934 426
3935 7830
3936 12522
3937 10506
3938 7566
3939 11136
3940 8532
3941 12174
3942 10140
3943 11382
3944 11028
3945 12474
3946 12522
3947 11676
3948 9618
3949 8904
3950 6012
3951 7308
3952 12516
3953 12510
3954 822
3955 7950
3956 9558
3957 12510
3958 9234
3959 8472
3960 9258
3961 792
3962 9834
3963 11634
3964 7590
3965 8064
3966 8604
3967 8922
3968 8982
3969 11286
3970 8610
3971 720
3972 11298
3973 9942
Unexpected message received for job 1041500
Unexpected message received for job 1041500
3974 9708
3975 7794
3976 6822
3977 9324
3978 8370
3979 8928
3980 7086
3981 8412
3982 492
3983 9756
3984 7326
3985 7920
3986 7668
3987 6492
3988 11796
3989 6660
3990 336
3991 7872
3992 9630
3993 9492
3994 9504
3995 7632
3996 10524
3997 6612
3998 8034
3999 8448
Record :  216
