0 0
1 1554
2 1236
3 1374
4 1122
5 1458
6 2190
7 1206
8 1362
9 1704
10 1584
11 1326
12 1962
13 2526
14 2148
15 2226
16 2184
17 2688
18 3588
19 2886
20 2130
21 3834
22 1782
23 3618
24 1506
25 4524
26 1788
27 2472
28 4062
29 3294
30 2244
31 4206
32 2934
33 3210
34 2400
35 3282
36 3402
37 2886
38 4608
39 5184
40 3276
41 4554
42 3246
43 3768
44 3534
45 4470
46 3288
47 4110
48 1926
49 3882
50 2568
51 3600
52 2280
53 2052
54 3522
55 1782
56 6282
57 4218
58 2328
59 2052
60 6534
61 4284
62 3030
63 384
64 4614
65 6000
66 6282
67 5130
68 5088
69 3780
70 3594
71 2268
72 5184
73 2868
74 4914
75 3390
76 3480
77 4194
78 3534
79 3948
80 1698
81 3192
82 4926
83 3774
84 6264
85 3078
86 4212
87 3450
88 3300
89 5538
90 2460
91 2586
92 6276
93 5196
94 2958
95 3882
96 2016
97 4434
98 3606
99 1350
100 3768
101 4338
102 4476
103 3030
104 3756
105 3354
106 3432
107 2142
108 5268
109 3954
110 3510
111 5142
112 3942
113 4206
114 1902
115 2574
116 2394
117 2070
118 4668
119 3432
120 2976
121 4650
122 2976
123 1944
124 4608
125 4674
126 3294
127 3492
128 3120
129 5022
130 2670
131 2316
132 2820
133 6588
134 6264
135 3048
136 3084
137 3378
138 1890
139 3930
140 1776
141 2436
142 6246
143 3228
144 3510
145 5292
146 4740
147 3930
148 4860
149 5340
150 3906
151 4254
152 2760
153 1860
154 5394
155 5028
156 5004
157 4590
158 3702
159 1842
160 3324
161 2820
162 3312
163 6588
164 3780
165 2640
166 3288
167 6492
168 3810
169 2826
170 4752
171 5352
172 3834
173 4164
174 4506
175 1482
176 3774
177 4062
178 3030
179 2886
180 3288
181 1830
182 6294
183 2016
184 2952
185 3924
186 3810
187 3162
188 3558
189 3420
190 3606
191 4680
192 3684
193 2832
194 2730
195 4212
196 2364
197 6252
198 5124
199 3642
200 2226
201 4494
202 5364
203 3168
204 3468
205 2136
206 2892
207 3060
208 2844
209 2052
210 2022
211 3630
212 2742
213 2436
214 3090
215 3216
216 3984
217 3390
218 3258
219 2988
220 2796
221 2484
222 5706
223 2406
224 2682
225 3906
226 3012
227 3048
228 2076
229 3216
230 4422
231 2244
232 2076
233 3870
234 4374
235 3360
236 4290
237 2652
238 4830
239 3474
240 2472
241 2988
242 2184
243 1998
244 3576
245 3288
246 3174
247 3408
248 3168
249 1926
250 2322
251 3354
252 3744
253 4116
254 3234
255 2250
256 4452
257 3402
258 2598
259 2394
260 3264
261 4554
262 2100
263 3306
264 4566
265 2412
266 3084
267 4206
268 3462
269 2202
270 3564
271 2502
272 1212
273 4260
274 4200
275 3294
276 5364
277 2052
278 2160
279 2268
280 3270
281 6000
282 1704
283 4002
284 3222
285 3252
286 3294
287 1776
288 5022
289 3858
290 4038
291 3570
292 3468
293 2208
294 2790
295 2190
296 3684
297 3990
298 1176
299 2796
300 3270
301 4758
302 4212
303 1320
304 4440
305 2556
306 1920
307 3330
308 2034
309 5790
310 4266
311 3756
312 2136
313 2862
314 1548
315 5382
316 3384
317 4728
318 3030
319 3432
320 2340
321 2808
322 2658
323 1902
324 3102
325 2688
326 3120
327 4602
328 5388
329 3240
330 2334
331 3174
332 2268
333 4356
334 2706
335 2904
336 3486
337 4446
338 3930
339 3432
340 4848
341 4104
342 4296
343 4248
344 3276
345 2604
346 2880
347 5460
348 4218
349 4512
350 3390
351 3462
352 2250
353 2898
354 3534
355 7758
356 3726
357 2748
358 2388
359 4026
360 4608
361 5856
362 3606
363 3348
364 6576
365 4788
366 3114
367 3174
368 3234
369 4530
370 2556
371 3414
372 3726
373 3672
374 1836
375 3624
376 3348
377 3204
378 4602
379 3312
380 5322
381 4374
382 5388
383 2838
384 3702
385 5040
386 4188
387 3594
388 3426
389 4800
390 4734
391 4914
392 2172
393 2652
394 5628
395 3342
396 2856
397 1902
398 5796
399 1716
400 2082
401 2754
402 4572
403 2100
404 3054
405 3270
406 3654
407 3060
408 3726
409 2940
410 5136
411 3240
412 4020
413 6582
414 2952
415 3660
416 3696
417 3078
418 3330
419 4494
420 3768
421 2238
422 3564
423 3384
424 4686
425 4200
426 3852
427 4200
428 2940
429 3258
430 3168
431 5958
432 2622
433 5526
434 3006
435 4602
436 3414
437 3576
438 3492
439 2766
440 3420
441 2070
442 3048
443 3354
444 2082
445 4122
446 3618
447 3366
448 3834
449 5274
450 3390
Unexpected message received for job 1044496
451 2790
452 5424
453 3276
Unexpected message received for job 1044496
454 3378
455 2478
456 5916
457 3342
458 3312
459 3084
460 2526
461 4530
462 1746
463 2592
464 3300
465 2766
466 3210
467 4482
468 2934
469 3372
470 3606
471 3750
472 3894
473 3192
474 2952
475 3600
476 2868
477 2850
478 3036
479 4092
480 3252
481 2850
482 3792
483 3450
484 2328
485 2040
486 3552
487 1458
488 4854
489 2322
490 2580
491 3942
492 4506
493 2478
494 3528
495 4500
496 3600
497 3462
498 3414
499 2130
500 2568
501 3462
502 5634
503 2712
504 3168
505 3540
506 2994
507 3066
508 3240
509 6276
510 3540
511 6456
512 1974
513 2106
514 3564
515 3174
516 2520
517 5382
518 2208
519 3330
520 4266
521 4494
522 3030
523 3876
524 3396
525 3780
526 3204
527 3462
528 4710
529 3828
530 3330
531 3186
532 2232
533 5226
534 2592
535 1548
536 4032
537 3180
538 3108
539 4512
540 2940
541 3516
542 5196
543 4326
544 3054
545 3654
546 2376
547 2244
548 2904
549 3006
550 1620
551 3276
552 2496
553 3228
554 4938
555 2442
556 3930
557 2940
558 2724
559 2982
560 2748
561 5412
562 2412
563 3090
564 1968
565 3576
566 2418
567 3618
568 2598
569 2100
570 2736
571 4980
572 1758
573 3564
574 3996
575 1854
576 3708
577 2070
578 3366
579 4764
580 3300
581 2628
582 3966
583 2070
584 3684
585 3162
586 4344
587 3060
588 5700
589 3366
590 2790
591 3042
592 3264
593 3906
594 4242
595 5106
596 4464
597 2280
598 3348
599 3414
600 2466
601 4020
602 2742
603 5280
604 2394
605 3870
606 3702
607 6258
608 2358
609 3516
610 3444
611 4488
612 3174
613 6264
614 5406
615 1698
616 1248
617 1968
618 3408
619 2664
620 3600
621 3552
622 4458
623 3144
624 2640
625 1410
626 6006
627 2964
628 2340
629 2376
630 2286
631 3480
632 2676
633 4926
634 4002
635 3354
636 3474
637 4044
638 2274
639 2712
640 3432
641 3252
642 1944
643 3390
644 3456
645 3288
646 3888
647 2562
648 2586
649 4992
650 2922
651 4014
652 2202
653 2940
654 2976
655 1998
656 2628
657 2346
658 2790
659 3462
660 2202
661 3846
662 2436
663 2562
664 2514
665 2208
666 2604
667 1650
668 4662
669 6258
670 3366
671 3012
672 3504
673 2148
674 2034
675 3966
676 4398
677 2700
678 4548
679 2982
680 1512
681 2742
682 2544
683 2358
684 1620
685 3744
686 2202
687 3678
688 2952
689 2838
690 3528
691 2334
692 3000
693 3276
694 2112
695 2700
696 3882
697 2724
698 3480
699 2754
700 3450
701 4644
702 1620
703 3942
704 6240
705 1518
706 3948
707 3168
708 2010
709 1836
710 4134
711 2814
712 3996
713 6432
714 4254
715 3810
716 3324
717 6882
718 2982
719 3870
720 3036
721 3660
722 3672
723 2976
724 4986
725 3606
726 6282
727 4266
728 2448
729 1944
730 3348
731 2226
732 4992
733 5352
734 1740
735 2886
736 2382
737 2556
738 2994
739 2172
740 2820
741 2304
742 1722
743 5424
744 3222
745 2988
746 3132
747 3372
748 3102
749 2928
750 4476
751 2268
752 2904
753 1344
754 2340
755 4080
756 3636
757 3564
758 2568
759 3558
760 5976
761 1488
762 3870
763 3240
764 3474
765 3792
766 2970
767 2136
768 1776
769 1986
770 2928
771 3282
772 1782
773 2610
774 2328
775 3612
776 3606
777 2466
778 5226
779 2628
780 4362
781 1944
782 4788
783 2670
784 2154
785 3600
786 2418
787 3846
788 2454
789 4902
790 1974
791 1914
792 3846
793 2244
794 1962
795 4632
796 1734
797 4488
798 2058
799 2730
800 4590
801 4608
802 3378
803 3000
804 2718
805 2454
806 3576
807 3816
808 4770
809 2622
810 1890
811 3396
812 2136
813 3288
814 3690
815 3078
816 2730
817 3612
818 4080
819 1740
820 4278
821 1452
822 3966
823 2022
824 1692
825 3384
826 1914
827 2892
828 4788
829 1794
830 2994
831 2892
832 3972
833 2034
834 4134
835 3096
836 2256
837 6102
838 5814
839 3330
840 4608
841 1788
842 3822
843 3168
844 2322
845 3126
846 4194
847 3486
848 3402
849 3474
850 3744
851 2814
852 3618
853 4782
854 2802
855 2466
856 2346
857 3798
858 2796
859 1626
860 2154
861 1764
862 4302
863 2616
864 3228
865 2388
866 2958
867 3348
868 2994
869 4518
870 2286
871 2172
872 2568
873 3198
874 2442
875 5064
876 3114
877 2004
878 3606
879 2310
880 3090
881 2424
882 4518
883 2634
884 3384
885 2844
886 1914
887 2436
888 4266
889 2076
890 2070
891 3204
892 2802
893 1686
894 2850
895 4284
896 4752
897 3480
898 3918
899 1680
900 1986
901 3546
902 3234
903 3534
904 2754
905 1986
906 3618
907 3636
908 4158
909 2268
910 5268
911 354
912 2286
913 2622
914 2874
915 2412
916 2118
917 1176
918 4470
919 3360
920 3480
921 3570
922 2076
923 2472
924 1302
925 4086
926 2124
927 3000
928 2874
929 1746
930 2802
931 2976
Unexpected message received for job 1044496
932 2124
933 3114
Unexpected message received for job 1044496
934 5310
935 1506
936 2616
937 2628
938 3030
939 2790
940 5040
941 3132
942 2502
943 2370
944 3174
945 3438
946 2364
947 3168
948 2166
949 3714
950 3354
951 5418
952 3492
953 3636
954 1920
955 2544
956 2184
957 1458
958 1860
959 5646
960 3198
961 2160
962 1440
963 4170
964 2358
965 2388
966 4392
967 2868
968 4902
969 1824
970 3516
971 3360
972 2232
973 5544
974 2514
975 2958
976 4032
977 2556
978 1752
979 2340
980 2058
981 2352
982 2022
983 4782
984 2904
985 2160
986 2766
987 3522
988 3192
989 1902
990 1596
991 3138
992 3312
993 2688
994 1860
995 2694
996 3084
997 2988
998 4032
999 5436
1000 3540
1001 3750
1002 2370
1003 2574
1004 3600
1005 4104
1006 4098
1007 2532
1008 3066
1009 2406
1010 2940
1011 2880
1012 4536
1013 2628
1014 2718
1015 1608
1016 1350
1017 4554
1018 3480
1019 1806
1020 3066
1021 2664
1022 1836
1023 2982
1024 2556
1025 1770
1026 2364
1027 4410
1028 1362
1029 2532
1030 2052
1031 5172
1032 3774
1033 2484
1034 2718
1035 1224
1036 2388
1037 2940
1038 2820
1039 2652
1040 2538
1041 3606
1042 2454
1043 3438
1044 5166
1045 3948
1046 1872
1047 3114
1048 2496
1049 2922
1050 3360
1051 3102
1052 2160
1053 2064
1054 3246
1055 3600
1056 4446
1057 3630
1058 1524
1059 2160
1060 3252
1061 1476
1062 3798
1063 1812
1064 3924
1065 1308
1066 2130
1067 2250
1068 3066
1069 3870
1070 2988
1071 4080
1072 2466
1073 1638
1074 2724
1075 1686
1076 3210
1077 3132
1078 3102
1079 2874
1080 2220
1081 2520
1082 2364
1083 4230
1084 2058
1085 2700
1086 1974
1087 2232
1088 3300
1089 2886
1090 3396
1091 5406
1092 3000
1093 2412
1094 3120
1095 3492
1096 3906
1097 2370
1098 3012
1099 2892
1100 3036
1101 3684
1102 1272
1103 2418
1104 2232
1105 2352
1106 3984
1107 3270
1108 3684
1109 3126
1110 1524
1111 3546
1112 2424
1113 2790
1114 4062
1115 3054
1116 5424
1117 3066
1118 2778
1119 2310
1120 3468
1121 4278
1122 2328
1123 2460
1124 2082
1125 1608
1126 2886
1127 3144
1128 4404
1129 3462
1130 4926
1131 2418
1132 1980
1133 3288
1134 3558
1135 2214
1136 2448
1137 3438
1138 1590
1139 2880
1140 2832
1141 2178
1142 5082
1143 2382
1144 2868
1145 1788
1146 1824
1147 3888
1148 2472
1149 2580
1150 2880
1151 2802
1152 2946
1153 1752
1154 2988
1155 2550
1156 2082
1157 1542
1158 2670
1159 2838
1160 3984
1161 2418
1162 4536
1163 2202
1164 2274
1165 3702
1166 2892
1167 1890
1168 2190
1169 1440
1170 2658
1171 1542
1172 2250
1173 3234
1174 2826
1175 2220
1176 1632
1177 2484
1178 360
1179 2868
1180 1854
1181 2820
1182 3714
1183 3222
1184 3012
1185 1998
1186 1698
1187 1920
1188 2442
1189 3030
1190 3246
1191 2088
1192 3732
1193 1890
1194 3324
1195 1260
1196 4818
1197 3228
1198 2568
1199 2016
1200 2046
1201 2490
1202 1824
1203 3036
1204 2184
1205 1950
1206 2340
1207 2256
1208 1614
1209 1938
1210 2838
1211 3888
1212 1686
1213 5112
1214 2946
1215 2592
1216 3420
1217 2784
1218 2760
1219 1374
1220 2610
1221 1770
1222 1914
1223 2682
1224 2280
1225 2124
1226 3096
1227 1932
1228 3828
1229 3906
1230 3174
1231 1512
1232 1122
1233 2646
1234 2796
1235 2670
1236 2274
1237 3612
1238 2976
1239 3972
1240 1944
1241 1812
1242 1818
1243 2478
1244 2706
1245 1212
1246 2058
1247 2028
1248 2652
1249 5496
1250 2622
1251 1800
1252 3294
1253 4854
1254 4044
1255 1938
1256 2754
1257 1926
1258 2916
1259 2064
1260 2202
1261 1728
1262 2118
1263 2316
1264 1488
1265 2076
1266 2058
1267 3408
1268 1980
1269 2850
1270 2460
1271 2952
1272 3072
1273 2544
1274 2484
1275 1848
1276 3420
1277 3078
1278 3108
1279 1488
1280 1524
1281 2604
1282 4776
1283 2736
1284 4824
1285 1776
1286 1554
1287 1794
1288 1470
1289 3174
1290 4200
1291 2178
1292 3504
1293 2220
1294 3000
1295 5982
1296 3654
1297 3756
1298 1506
1299 1722
1300 3642
1301 3852
1302 4728
1303 4728
1304 1212
1305 1452
1306 1686
1307 4638
1308 2670
1309 3918
1310 1650
1311 2976
1312 2958
1313 3186
1314 5226
1315 1590
1316 2376
1317 3354
1318 2802
1319 2826
1320 4548
1321 2958
1322 3654
1323 2556
1324 4680
1325 3714
1326 3354
1327 2658
1328 2130
1329 3036
1330 3060
1331 3288
1332 1950
1333 3210
1334 2496
1335 1794
1336 3030
1337 2100
1338 3720
1339 3402
1340 2838
1341 3672
1342 1626
1343 1938
1344 2916
1345 3078
1346 3120
1347 1824
1348 3246
1349 2352
1350 2238
1351 3408
1352 3162
1353 3318
1354 3330
1355 1830
1356 3504
1357 3390
1358 2016
1359 2910
1360 3288
1361 2574
1362 4440
1363 1062
1364 2460
1365 3702
1366 2904
1367 3534
1368 2250
1369 3822
1370 2340
1371 2286
1372 3012
1373 2820
1374 1482
1375 2916
1376 2388
1377 2232
1378 1704
1379 2820
1380 4632
1381 1710
1382 3498
1383 2580
1384 2268
1385 1092
1386 3456
1387 3384
1388 3750
1389 2862
1390 2034
1391 2592
1392 2106
1393 2424
1394 3270
1395 6252
1396 2730
1397 3228
1398 2952
1399 2604
1400 2586
1401 4278
1402 2004
1403 1506
1404 3204
1405 3606
1406 2088
1407 2568
1408 2244
1409 1146
1410 4614
1411 2610
1412 2208
1413 2730
1414 3294
1415 1944
1416 1596
1417 4722
1418 2466
1419 1536
1420 3372
1421 3108
1422 2376
1423 2274
Unexpected message received for job 1044496
1424 6288
1425 1698
Unexpected message received for job 1044496
1426 2262
1427 1788
1428 3624
1429 2166
1430 3684
1431 1566
1432 2568
1433 2898
1434 2034
1435 2496
1436 3396
1437 2376
1438 2652
1439 2472
1440 3648
1441 2382
1442 3492
1443 3714
1444 2820
1445 3600
1446 2604
1447 3120
1448 2766
1449 4104
1450 4098
1451 3954
1452 4692
1453 3798
1454 5490
1455 2406
1456 3120
1457 2184
1458 1860
1459 1794
1460 1536
1461 1464
1462 2604
1463 2982
1464 2502
1465 3546
1466 3072
1467 2796
1468 2316
1469 1842
1470 3324
1471 2178
1472 2160
1473 1938
1474 1614
1475 2706
1476 2454
1477 3582
1478 2796
1479 2130
1480 2652
1481 1224
1482 4476
1483 3426
1484 3864
1485 6030
1486 2562
1487 3528
1488 1920
1489 1848
1490 2832
1491 1518
1492 3852
1493 5622
1494 2202
1495 2214
1496 2208
1497 2778
1498 2988
1499 2550
1500 1512
1501 1878
1502 2712
1503 3204
1504 2844
1505 2274
1506 1902
1507 2268
1508 1914
1509 3612
1510 2082
1511 3240
1512 4794
1513 3414
1514 3348
1515 3174
1516 2538
1517 2880
1518 3042
1519 1488
1520 1308
1521 1272
1522 3138
1523 2166
1524 3372
1525 2316
1526 2922
1527 3666
1528 2328
1529 3444
1530 2370
1531 3408
1532 2592
1533 2508
1534 3780
1535 1656
1536 1968
1537 4242
1538 2478
1539 1932
1540 2946
1541 1572
1542 2250
1543 3960
1544 1668
1545 2094
1546 2112
1547 1578
1548 3594
1549 3000
1550 5124
1551 1422
1552 2298
1553 3648
1554 1830
1555 3948
1556 1476
1557 2010
1558 2106
1559 1986
1560 2550
1561 4026
1562 2526
1563 1428
1564 3006
1565 1464
1566 2010
1567 3768
1568 2670
1569 1698
1570 1434
1571 3078
1572 1776
1573 2694
1574 3288
1575 3636
1576 3216
1577 1980
1578 7182
1579 2268
1580 2622
1581 2358
1582 2214
1583 3078
1584 2862
1585 2178
1586 3306
1587 3390
1588 1434
1589 2178
1590 2022
1591 2034
1592 2724
1593 2544
1594 2634
1595 2112
1596 2580
1597 2520
1598 2148
1599 1344
1600 2130
1601 2514
1602 2004
1603 2658
1604 4392
1605 2136
1606 3900
1607 1974
1608 2796
1609 2586
1610 2730
1611 2958
1612 5220
1613 4524
1614 2910
1615 3516
1616 2358
1617 2676
1618 2244
1619 2958
1620 2832
1621 1476
1622 2004
1623 1422
1624 1596
1625 2592
1626 2760
1627 1512
1628 1404
1629 2538
1630 2022
1631 1674
1632 1680
1633 3450
1634 504
1635 2628
1636 2808
1637 1590
1638 1878
1639 2202
1640 2010
1641 3810
1642 4272
1643 4248
1644 4866
1645 3630
1646 1974
1647 2748
1648 2766
1649 1740
1650 3318
1651 2388
1652 2214
1653 1692
1654 3228
1655 2184
1656 1938
1657 3354
1658 2952
1659 1608
1660 2142
1661 1740
1662 3186
1663 1752
1664 1836
1665 3120
1666 1368
1667 2868
1668 3336
1669 1710
1670 3540
1671 2760
1672 3582
1673 3804
1674 5202
1675 2070
1676 2592
1677 1920
1678 2634
1679 3228
1680 2784
1681 2154
1682 1338
1683 2532
1684 3516
1685 3282
1686 2952
1687 1944
1688 3762
1689 2826
1690 1770
1691 4866
1692 5424
1693 3990
1694 2844
1695 3786
1696 2460
1697 2622
1698 4116
1699 3552
1700 5178
1701 2418
1702 2352
1703 2670
1704 3186
1705 2622
1706 1656
1707 2178
1708 3228
1709 2214
1710 2448
1711 3342
1712 2562
1713 2784
1714 2760
1715 4542
1716 2952
1717 3558
1718 1974
1719 2496
1720 4302
1721 3330
1722 3762
1723 3492
1724 2118
1725 3600
1726 1926
1727 2736
1728 1818
1729 4752
1730 2196
1731 1950
1732 1632
1733 1812
1734 2442
1735 2220
1736 4038
1737 1914
1738 1794
1739 1476
1740 3192
1741 2166
1742 1992
1743 1728
1744 3714
1745 1914
1746 2484
1747 378
1748 3018
1749 2826
1750 3684
1751 2370
1752 2274
1753 1860
1754 2130
1755 2376
1756 1500
1757 4116
1758 2442
1759 2070
1760 2658
1761 1626
1762 1662
1763 2760
1764 2058
1765 3780
1766 1554
1767 4200
1768 2094
1769 1914
1770 3594
1771 2526
1772 1416
1773 1836
1774 2124
1775 3108
1776 1734
1777 2034
1778 1392
1779 3216
1780 2796
1781 2256
1782 1896
1783 3300
1784 2172
1785 2238
1786 1686
1787 2610
1788 3540
1789 1398
1790 3276
1791 2436
1792 2112
1793 4800
1794 2064
1795 1962
1796 1956
1797 3510
1798 1800
1799 1464
1800 1926
1801 2634
1802 2268
1803 1602
1804 3018
1805 1542
1806 3906
1807 2676
1808 1284
1809 2052
1810 2844
1811 1974
1812 1698
1813 2202
1814 2550
1815 3132
1816 5394
1817 2538
1818 1896
1819 3090
1820 1836
1821 2166
1822 2880
1823 3324
1824 1794
1825 1638
1826 2982
1827 1962
1828 6126
1829 2052
1830 1536
1831 1878
1832 1512
1833 3090
1834 1518
1835 4050
1836 1968
1837 1800
1838 1668
1839 1662
1840 2286
1841 3084
1842 3294
1843 1206
1844 1770
1845 2208
1846 1926
1847 1302
1848 2376
1849 2400
1850 2418
1851 1656
1852 1236
1853 1338
1854 1848
1855 4008
1856 2232
1857 1932
1858 3984
1859 378
1860 1302
1861 2772
1862 1284
1863 2154
1864 1506
1865 1296
1866 1176
1867 1548
1868 3378
1869 1554
1870 1884
1871 2448
1872 3432
1873 2892
1874 2376
1875 1476
1876 1950
1877 2628
1878 2358
1879 1224
1880 2790
1881 2244
1882 4578
1883 4854
1884 3498
1885 1914
1886 3564
1887 1854
1888 1926
1889 3636
1890 468
1891 1716
1892 2664
1893 2442
1894 1686
1895 1764
1896 1824
1897 1206
1898 2406
1899 1884
1900 1356
1901 4788
1902 1164
Unexpected message received for job 1044496
1903 2364
1904 1284
Unexpected message received for job 1044496
1905 1422
1906 1578
1907 1386
1908 2202
1909 2202
1910 2052
1911 2436
1912 1674
1913 1182
1914 3954
1915 1134
1916 2430
1917 2988
1918 2808
1919 1716
1920 2232
1921 1128
1922 2310
1923 3882
1924 1644
1925 4008
1926 1836
1927 1368
1928 2190
1929 4944
1930 2268
1931 2490
1932 1482
1933 2766
1934 1920
1935 1674
1936 1338
1937 5412
1938 2700
1939 3036
1940 2358
1941 1974
1942 2394
1943 1170
1944 2622
1945 1770
1946 2250
1947 2928
1948 2394
1949 2322
1950 1614
1951 1584
1952 1374
1953 1746
1954 1716
1955 2730
1956 2958
1957 2148
1958 4890
1959 4542
1960 2148
1961 3606
1962 1746
1963 1434
1964 2244
1965 1476
1966 4272
1967 4338
1968 2094
1969 1968
1970 3318
1971 1422
1972 3528
1973 2844
1974 3468
1975 1704
1976 1248
1977 2184
1978 2664
1979 1944
1980 1572
1981 1908
1982 2448
1983 3534
1984 1956
1985 1938
1986 3168
1987 3996
1988 2526
1989 1542
1990 4044
1991 1782
1992 3054
1993 1464
1994 1548
1995 1908
1996 4158
1997 1416
1998 2088
1999 1878
2000 3084
2001 1536
2002 1590
2003 1296
2004 2004
2005 2250
2006 2226
2007 2706
2008 1362
2009 3210
2010 2040
2011 2106
2012 3444
2013 2586
2014 1590
2015 2808
2016 1686
2017 1950
2018 1152
2019 2040
2020 2118
2021 2466
2022 4866
2023 1596
2024 1602
2025 1482
2026 2358
2027 2424
2028 1872
2029 2160
2030 3636
2031 2808
2032 1350
2033 1878
2034 1944
2035 2580
2036 1674
2037 2892
2038 3426
2039 2556
2040 2082
2041 1284
2042 1344
2043 1962
2044 1908
2045 4734
2046 1386
2047 2016
2048 1662
2049 3246
2050 3762
2051 1908
2052 1626
2053 4092
2054 2052
2055 1656
2056 2826
2057 2370
2058 1938
2059 2220
2060 1386
2061 1608
2062 1842
2063 1836
2064 1716
2065 1650
2066 1938
2067 2916
2068 2802
2069 2328
2070 1242
2071 1890
2072 2196
2073 1362
2074 4116
2075 1164
2076 1134
2077 2364
2078 1908
2079 3390
2080 2490
2081 1020
2082 1350
2083 1422
2084 1800
2085 2376
2086 1614
2087 1914
2088 1212
2089 3084
2090 4602
2091 1308
2092 3132
2093 1662
2094 1878
2095 996
2096 2058
2097 1710
2098 2304
2099 960
2100 1986
2101 1986
2102 1620
2103 1206
2104 1266
2105 1788
2106 1800
2107 2238
2108 3282
2109 5196
2110 2106
2111 3654
2112 1590
2113 2088
2114 1224
2115 1356
2116 1734
2117 1056
2118 1380
2119 1398
2120 2142
2121 1326
2122 2148
2123 2034
2124 3108
2125 2286
2126 2502
2127 1608
2128 1704
2129 1326
2130 1728
2131 2604
2132 2040
2133 1998
2134 1752
2135 1926
2136 2154
2137 1092
2138 1602
2139 2160
2140 3342
2141 1338
2142 2028
2143 1554
2144 3084
2145 1896
2146 1560
2147 1350
2148 1500
2149 1548
2150 1776
2151 1380
2152 1230
2153 1638
2154 906
2155 1368
2156 2694
2157 1728
2158 3636
2159 1560
2160 1440
2161 1518
2162 1506
2163 1404
2164 1590
2165 2148
2166 2388
2167 4470
2168 1770
2169 1422
2170 2976
2171 2118
2172 1308
2173 1278
2174 1518
2175 1380
2176 2430
2177 1500
2178 1938
2179 1962
2180 1254
2181 2178
2182 2622
2183 1278
2184 1542
2185 1230
2186 1392
2187 1014
2188 1380
2189 1896
2190 1452
2191 1506
2192 1764
2193 2370
2194 2130
2195 1716
2196 3306
2197 1854
2198 3468
2199 1890
2200 2646
2201 1386
2202 1476
2203 1818
2204 1152
2205 3534
2206 1572
2207 1494
2208 2832
2209 2736
2210 4344
2211 2058
2212 2652
2213 2274
2214 3606
2215 1488
2216 2922
2217 1686
2218 1332
2219 2520
2220 1836
2221 1806
2222 2526
2223 2616
2224 2400
2225 2760
2226 1470
2227 2208
2228 1722
2229 1350
2230 4266
2231 1986
2232 1530
2233 2820
2234 2706
2235 912
2236 3264
2237 1662
2238 1458
2239 1758
2240 1368
2241 3426
2242 1500
2243 1170
2244 2880
2245 1926
2246 2244
2247 1602
2248 1926
2249 2526
2250 1134
2251 2682
2252 1200
2253 2550
2254 2136
2255 1668
2256 2532
2257 3600
2258 1182
2259 1500
2260 1926
2261 1332
2262 1944
2263 1686
2264 882
2265 1944
2266 1620
2267 2592
2268 1104
2269 1356
2270 2316
2271 1620
2272 2298
2273 1338
2274 1116
2275 984
2276 1278
2277 2562
2278 2232
2279 1608
2280 1884
2281 2448
2282 1362
2283 3180
2284 3666
2285 1794
2286 2052
2287 2838
2288 1356
2289 1932
2290 1530
2291 1698
2292 1290
2293 2376
2294 1914
2295 2298
2296 1854
2297 2118
2298 1434
2299 2304
2300 1344
2301 1266
2302 1422
2303 1818
2304 1086
2305 1380
2306 1716
2307 1548
2308 1152
2309 1980
2310 378
2311 1446
2312 1638
2313 2670
2314 2256
2315 1488
2316 1908
2317 1428
2318 1632
2319 4662
2320 1152
2321 2832
2322 1344
2323 2850
2324 1482
2325 1440
2326 4962
2327 2742
2328 3186
2329 4542
2330 3384
2331 3852
2332 1056
2333 1014
2334 2364
2335 1860
2336 1794
2337 1320
2338 2166
2339 1836
2340 3036
2341 4776
2342 2664
2343 2682
2344 1632
2345 2370
2346 5016
2347 2520
2348 1632
2349 1344
2350 1506
2351 2436
2352 3228
2353 2178
2354 1548
2355 1524
2356 1662
2357 1272
2358 1488
2359 2424
2360 2028
2361 1698
2362 996
2363 1554
2364 1848
2365 1854
2366 834
2367 1254
2368 1932
2369 1218
2370 1428
2371 1272
2372 1470
2373 2442
2374 1782
2375 1332
2376 2046
2377 2550
2378 1284
2379 1284
2380 1212
2381 2172
2382 1824
2383 1974
2384 3432
2385 2538
2386 2124
2387 1326
2388 1086
2389 3372
2390 1260
2391 2682
2392 2280
2393 1422
2394 1764
2395 4026
2396 1122
2397 1986
2398 1842
2399 2670
2400 1752
2401 1692
2402 1872
2403 1872
2404 1176
2405 1086
2406 1764
2407 2286
2408 1242
2409 1866
2410 1410
2411 1602
2412 1872
2413 1932
2414 2208
2415 1662
2416 2946
2417 3276
2418 1662
2419 2178
2420 2874
2421 1386
2422 1668
2423 1920
2424 1644
2425 1374
2426 1986
2427 1812
2428 1452
2429 1998
Unexpected message received for job 1044496
2430 3714
2431 1290
Unexpected message received for job 1044496
2432 1782
2433 2640
2434 3438
2435 2100
2436 1416
2437 2466
2438 1278
2439 2454
2440 1944
2441 2934
2442 1452
2443 1980
2444 2400
2445 1704
2446 2514
2447 2022
2448 3084
2449 2874
2450 1806
2451 1482
2452 1440
2453 2034
2454 2250
2455 2262
2456 1596
2457 2520
2458 1416
2459 1998
2460 1818
2461 2004
2462 1638
2463 2436
2464 1506
2465 2154
2466 1380
2467 1602
2468 2838
2469 2808
2470 3486
2471 3774
2472 1848
2473 1962
2474 1806
2475 3084
2476 1710
2477 1260
2478 936
2479 2460
2480 1596
2481 1710
2482 1734
2483 2862
2484 1650
2485 2790
2486 3102
2487 1890
2488 2286
2489 1716
2490 2904
2491 3600
2492 1470
2493 3114
2494 1902
2495 2850
2496 1080
2497 1362
2498 3090
2499 3540
2500 2154
2501 1890
2502 1770
2503 2376
2504 1446
2505 1782
2506 1740
2507 3264
2508 2628
2509 3984
2510 3354
2511 2046
2512 1734
2513 1734
2514 1602
2515 1188
2516 1770
2517 1704
2518 3150
2519 2958
2520 1662
2521 1932
2522 1818
2523 1302
2524 1326
2525 1878
2526 1476
2527 2190
2528 2094
2529 1290
2530 1470
2531 2442
2532 1248
2533 1476
2534 1536
2535 3870
2536 2256
2537 2508
2538 1512
2539 1590
2540 1344
2541 1632
2542 2628
2543 2448
2544 2190
2545 1860
2546 1116
2547 2538
2548 4194
2549 2286
2550 1446
2551 2772
2552 2610
2553 1434
2554 1290
2555 2622
2556 3822
2557 1326
2558 4908
2559 2556
2560 1716
2561 1578
2562 1296
2563 1404
2564 2688
2565 1770
2566 3486
2567 2694
2568 1566
2569 2304
2570 1434
2571 1572
2572 1578
2573 1896
2574 1362
2575 2094
2576 1716
2577 1098
2578 1086
2579 1980
2580 1836
2581 1338
2582 1362
2583 2916
2584 1584
2585 2472
2586 1200
2587 1356
2588 1440
2589 1998
2590 2370
2591 1806
2592 1842
2593 1974
2594 3564
2595 2460
2596 3126
2597 2088
2598 1122
2599 1386
2600 1440
2601 1980
2602 1530
2603 1704
2604 1530
2605 3012
2606 1452
2607 2736
2608 1176
2609 2826
2610 1176
2611 1182
2612 2592
2613 2712
2614 2988
2615 1332
2616 2922
2617 1260
2618 1374
2619 1644
2620 1482
2621 3588
2622 2772
2623 1626
2624 1926
2625 1332
2626 3090
2627 1914
2628 1584
2629 2334
2630 1836
2631 1716
2632 1578
2633 2346
2634 2106
2635 3162
2636 1992
2637 1626
2638 1632
2639 1398
2640 3240
2641 2034
2642 2538
2643 3774
2644 4176
2645 3270
2646 4104
2647 2580
2648 1488
2649 2298
2650 3474
2651 1698
2652 1134
2653 3540
2654 1644
2655 1764
2656 1182
2657 1380
2658 1950
2659 2190
2660 1296
2661 1770
2662 2136
2663 1596
2664 2088
2665 1224
2666 1944
2667 2430
2668 4806
2669 2298
2670 1386
2671 1770
2672 1302
2673 1746
2674 1716
2675 2376
2676 1824
2677 1740
2678 3270
2679 1980
2680 1866
2681 1440
2682 2472
2683 2898
2684 1230
2685 1728
2686 1776
2687 2196
2688 2922
2689 2034
2690 1884
2691 1422
2692 2034
2693 1920
2694 1788
2695 3138
2696 5136
2697 2268
2698 2160
2699 6870
2700 3060
2701 2478
2702 2460
2703 2292
2704 1722
2705 2832
2706 4008
2707 1842
2708 1104
2709 1920
2710 1692
2711 2832
2712 2436
2713 2658
2714 7404
2715 1476
2716 4854
2717 1530
2718 2526
2719 1734
2720 1638
2721 2202
2722 2736
2723 2886
2724 1662
2725 1548
2726 3096
2727 2166
2728 2040
2729 3174
2730 1986
2731 2466
2732 1698
2733 2136
2734 4566
2735 3558
2736 3984
2737 4236
2738 1446
2739 2220
2740 3096
2741 4434
2742 3138
2743 2316
2744 3090
2745 1620
2746 1512
2747 2088
2748 2814
2749 3810
2750 3366
2751 1536
2752 1668
2753 2706
2754 3558
2755 2052
2756 2358
2757 5688
2758 1566
2759 2394
2760 2178
2761 3426
2762 1494
2763 1062
2764 2148
2765 3354
2766 1908
2767 2148
2768 1422
2769 2826
2770 1236
2771 3258
2772 3546
2773 4290
2774 1746
2775 3246
2776 3186
2777 4128
2778 3318
2779 1566
2780 1308
2781 2250
2782 1662
2783 3132
2784 1890
2785 3348
2786 2400
2787 792
2788 1398
2789 3252
2790 2094
2791 2850
2792 2064
2793 2166
2794 2454
2795 1722
2796 1944
2797 2508
2798 2706
2799 1380
2800 2424
2801 2016
2802 1314
2803 1464
2804 1734
2805 3036
2806 2940
2807 1308
2808 2178
2809 2442
2810 3744
2811 2886
2812 1536
2813 1782
2814 1752
2815 3234
2816 3282
2817 1446
2818 2718
2819 1698
2820 2196
2821 2076
2822 2154
2823 3306
2824 2706
2825 2838
2826 1878
2827 1452
2828 1392
2829 3216
2830 1920
2831 1986
2832 2598
2833 1602
2834 2826
2835 2484
2836 1986
2837 2586
2838 1548
2839 2124
2840 2832
2841 1824
2842 1698
2843 1734
2844 1524
2845 2190
2846 2058
2847 2424
2848 4200
2849 1764
2850 1434
2851 2712
2852 3498
2853 1428
2854 5658
2855 2964
2856 2550
2857 2118
2858 1908
2859 1986
2860 1608
2861 1434
2862 2766
2863 1638
2864 1986
2865 2046
2866 2418
2867 2082
2868 2454
2869 1974
2870 1602
2871 1638
2872 1134
2873 2088
2874 2148
2875 2916
2876 3858
2877 1878
2878 1758
2879 1824
2880 2676
2881 2706
2882 1872
2883 2142
2884 2922
2885 1896
2886 1422
2887 1698
2888 1884
2889 1512
2890 2016
2891 2502
2892 1734
2893 1914
2894 1812
2895 2838
2896 6528
2897 1926
2898 1812
2899 4806
2900 2856
2901 1644
2902 2634
2903 2346
2904 1014
2905 2016
2906 1284
2907 6648
2908 2082
2909 2430
2910 3966
2911 2292
2912 3246
2913 1368
Unexpected message received for job 1044496
2914 2772
2915 1524
2916 1740
Unexpected message received for job 1044496
2917 1578
2918 2454
2919 3048
2920 3312
2921 3198
2922 2268
2923 474
2924 2154
2925 1488
2926 1170
2927 1878
2928 6546
2929 3570
2930 1692
2931 1728
2932 1404
2933 2100
2934 2340
2935 1902
2936 1494
2937 1404
2938 2496
2939 3186
2940 2754
2941 4218
2942 2604
2943 1872
2944 1464
2945 1902
2946 1452
2947 1254
2948 1620
2949 1800
2950 1716
2951 2070
2952 1614
2953 2424
2954 2160
2955 1524
2956 1134
2957 2442
2958 1086
2959 1284
2960 1332
2961 270
2962 3132
2963 1398
2964 3234
2965 5088
2966 1518
2967 1038
2968 2262
2969 1758
2970 1824
2971 1548
2972 2358
2973 2844
2974 1596
2975 3480
2976 1542
2977 360
2978 1734
2979 1350
2980 1884
2981 2472
2982 1884
2983 1464
2984 2268
2985 1866
2986 2082
2987 2658
2988 2256
2989 1122
2990 1974
2991 2310
2992 1368
2993 3852
2994 2304
2995 1578
2996 3876
2997 2454
2998 2070
2999 1860
3000 2514
3001 2436
3002 1806
3003 1638
3004 1158
3005 1104
3006 3108
3007 1026
3008 1452
3009 924
3010 1950
3011 876
3012 2076
3013 1530
3014 3072
3015 1578
3016 3240
3017 882
3018 2298
3019 2028
3020 1296
3021 1596
3022 2394
3023 1842
3024 1368
3025 2172
3026 960
3027 3060
3028 1266
3029 1332
3030 1716
3031 2094
3032 1728
3033 1512
3034 2382
3035 2076
3036 1854
3037 6252
3038 1056
3039 1314
3040 1680
3041 1488
3042 2286
3043 1272
3044 1068
3045 1224
3046 1956
3047 996
3048 1362
3049 1572
3050 1542
3051 1386
3052 1530
3053 1554
3054 3162
3055 1212
3056 3096
3057 1614
3058 2196
3059 1002
3060 1866
3061 1434
3062 2940
3063 1680
3064 2064
3065 1440
3066 2088
3067 2634
3068 1674
3069 1116
3070 1176
3071 2184
3072 1770
3073 996
3074 1194
3075 1200
3076 960
3077 2040
3078 2424
3079 2082
3080 1410
3081 924
3082 1386
3083 2364
3084 1692
3085 894
3086 1146
3087 1716
3088 1356
3089 1470
3090 2154
3091 978
3092 972
3093 1272
3094 1140
3095 1806
3096 1050
3097 1386
3098 2106
3099 1962
3100 1002
3101 2118
3102 1032
3103 2250
3104 1632
3105 1170
3106 1206
3107 3180
3108 2196
3109 1596
3110 1962
3111 1188
3112 996
3113 1464
3114 1674
3115 2364
3116 1908
3117 2898
3118 1812
3119 1944
3120 3228
3121 1164
3122 1566
3123 1662
3124 1134
3125 1380
3126 1182
3127 1542
3128 1218
3129 2694
3130 2136
3131 966
3132 2160
3133 1560
3134 4008
3135 1032
3136 1632
3137 1272
3138 2388
3139 1362
3140 1050
3141 2376
3142 1422
3143 1674
3144 1392
3145 3264
3146 918
3147 1308
3148 1440
3149 1806
3150 1332
3151 1128
3152 1038
3153 2328
3154 1314
3155 1344
3156 1440
3157 1800
3158 1860
3159 1620
3160 1374
3161 2376
3162 1416
3163 1476
3164 1308
3165 1416
3166 2598
3167 1386
3168 1668
3169 2490
3170 1536
3171 2472
3172 1248
3173 2076
3174 1314
3175 1722
3176 870
3177 2586
3178 2220
3179 2646
3180 1920
3181 2406
3182 2706
3183 2028
3184 1788
3185 2232
3186 1818
3187 2034
3188 2862
3189 1506
3190 1356
3191 1386
3192 2598
3193 5238
3194 1128
3195 1548
3196 1740
3197 960
3198 1968
3199 3306
3200 1986
3201 2280
3202 2262
3203 1746
3204 1356
3205 1458
3206 2718
3207 2766
3208 1284
3209 1680
3210 3408
3211 1602
3212 2100
3213 1950
3214 2184
3215 3324
3216 2148
3217 1914
3218 2286
3219 2718
3220 1122
3221 1068
3222 1878
3223 1464
3224 1578
3225 2736
3226 1176
3227 1800
3228 1566
3229 2088
3230 2334
3231 3624
3232 1518
3233 1890
3234 1938
3235 1332
3236 3192
3237 2730
3238 1002
3239 1770
3240 2028
3241 1344
3242 1050
3243 1458
3244 2220
3245 1482
3246 1152
3247 1422
3248 1218
3249 3786
3250 1482
3251 1500
3252 942
3253 2190
3254 1608
3255 2730
3256 1020
3257 2028
3258 1842
3259 1830
3260 1662
3261 2250
3262 2472
3263 2316
3264 1164
3265 1656
3266 2010
3267 2154
3268 1068
3269 3696
3270 1638
3271 5388
3272 4326
3273 1704
3274 1710
3275 4872
3276 978
3277 4086
3278 2886
3279 1842
3280 1260
3281 1434
3282 1362
3283 876
3284 2190
3285 1974
3286 1578
3287 2328
3288 2226
3289 1068
3290 2142
3291 2814
3292 1326
3293 1320
3294 2010
3295 2250
3296 1836
3297 2916
3298 1518
3299 1290
3300 2466
3301 1740
3302 2292
3303 870
3304 1620
3305 1140
3306 1128
3307 1818
3308 1842
3309 1344
3310 1596
3311 972
3312 2868
3313 3030
3314 1338
3315 1956
3316 1596
3317 2436
3318 1464
3319 2268
3320 2664
3321 1812
3322 1542
3323 1272
3324 1824
3325 1320
3326 1602
3327 2646
3328 1764
3329 3876
3330 3072
3331 2796
3332 2028
3333 1410
3334 2046
3335 474
3336 1590
3337 1518
3338 1788
3339 1200
3340 1536
3341 2820
3342 1446
3343 1878
3344 1488
3345 2916
3346 1980
3347 4074
3348 1584
3349 2082
3350 1956
3351 972
3352 1284
3353 1458
3354 1602
3355 3612
3356 1266
3357 1770
3358 4704
3359 1440
3360 1476
3361 1518
3362 2136
3363 1344
3364 1548
3365 924
3366 2520
3367 1554
3368 2382
3369 1524
3370 2286
3371 1722
3372 1098
3373 2958
3374 1656
3375 1206
3376 2934
3377 2040
3378 2748
3379 1140
3380 3234
3381 1200
3382 1470
3383 1752
3384 3318
3385 1410
3386 1998
3387 2076
3388 2232
3389 2520
3390 1554
3391 1974
3392 2862
3393 1446
3394 4158
3395 1626
3396 1410
3397 1506
3398 2250
3399 1128
3400 4320
3401 1710
3402 1752
3403 1776
3404 1704
3405 1422
3406 3048
3407 1542
3408 1980
3409 1374
3410 2544
3411 3060
3412 1548
3413 1902
3414 2226
3415 2676
3416 1656
3417 1080
3418 1680
3419 2454
3420 1662
3421 1404
3422 1680
3423 1626
3424 948
3425 2736
3426 1422
3427 2304
3428 1326
3429 2046
3430 2580
3431 1452
3432 2610
3433 1806
3434 2952
3435 2154
3436 1326
3437 1836
3438 2814
3439 2112
3440 4266
3441 3480
3442 1110
3443 2532
3444 1674
3445 1422
3446 1914
3447 2214
3448 1446
3449 1134
3450 2208
3451 1356
3452 1668
3453 1098
3454 1134
3455 2400
3456 1980
3457 1422
3458 1410
3459 1638
3460 3252
3461 1860
3462 1134
3463 2394
3464 1908
3465 1146
3466 1374
3467 1476
3468 1500
3469 1236
3470 948
3471 1650
3472 1092
3473 1902
3474 4326
3475 2586
3476 2610
3477 1968
3478 936
3479 2538
3480 1854
3481 1368
3482 1422
3483 1380
3484 2160
3485 1632
3486 1578
3487 1380
3488 912
3489 1860
3490 3042
3491 2334
3492 2010
3493 1434
3494 2436
3495 2700
3496 1218
3497 1578
3498 1524
3499 3054
3500 972
3501 2154
3502 1842
3503 2196
3504 1158
3505 2538
3506 1410
3507 1872
3508 1788
3509 1368
3510 1308
3511 1806
3512 1086
3513 1080
3514 1692
3515 1902
3516 2202
Unexpected message received for job 1044496
3517 2010
3518 3282
Unexpected message received for job 1044496
3519 3972
3520 2886
3521 1110
3522 396
3523 2454
3524 5394
3525 3192
3526 2400
3527 1374
3528 1548
3529 3324
3530 1062
3531 2082
3532 1974
3533 1668
3534 1200
3535 2880
3536 1368
3537 1476
3538 1872
3539 1914
3540 2082
3541 1626
3542 1464
3543 1518
3544 2112
3545 1782
3546 1866
3547 2400
3548 1674
3549 3366
3550 2070
3551 1434
3552 1962
3553 948
3554 1392
3555 1596
3556 2250
3557 1224
3558 1680
3559 2136
3560 1230
3561 1686
3562 1776
3563 2454
3564 1302
3565 882
3566 2418
3567 1128
3568 1650
3569 1806
3570 774
3571 2112
3572 3636
3573 2286
3574 1512
3575 1650
3576 1974
3577 1806
3578 1152
3579 1524
3580 1122
3581 2082
3582 2340
3583 1218
3584 1446
3585 1206
3586 1500
3587 1818
3588 1440
3589 1902
3590 1110
3591 1086
3592 2892
3593 1050
3594 1818
3595 1692
3596 3720
3597 942
3598 1776
3599 1062
3600 1056
3601 1566
3602 2478
3603 1446
3604 1734
3605 930
3606 1356
3607 2364
3608 1200
3609 1308
3610 1950
3611 1356
3612 1014
3613 1470
3614 2646
3615 2196
3616 912
3617 1500
3618 1254
3619 1218
3620 2208
3621 930
3622 1056
3623 1242
3624 900
3625 1338
3626 1854
3627 1722
3628 1812
3629 1128
3630 924
3631 2970
3632 1374
3633 2670
3634 1014
3635 1842
3636 1362
3637 2316
3638 1890
3639 1086
3640 978
3641 2226
3642 1674
3643 1524
3644 2016
3645 1098
3646 1932
3647 1014
3648 2214
3649 1488
3650 2130
3651 1218
3652 1188
3653 2226
3654 1116
3655 1746
3656 1188
3657 3114
3658 1542
3659 4278
3660 3078
3661 1542
3662 2184
3663 1338
3664 1950
3665 1104
3666 1458
3667 2484
3668 1254
3669 1464
3670 2208
3671 1116
3672 1950
3673 1830
3674 1062
3675 1992
3676 1380
3677 2268
3678 1224
3679 1200
3680 1962
3681 1794
3682 2082
3683 1584
3684 1542
3685 1590
3686 1296
3687 1746
3688 1212
3689 1398
3690 1440
3691 1710
3692 1236
3693 1416
3694 1410
3695 1290
3696 1788
3697 1782
3698 2154
3699 948
3700 2844
3701 1650
3702 1506
3703 2172
3704 2214
3705 1614
3706 1794
3707 1848
3708 1008
3709 1476
3710 960
3711 1644
3712 1182
3713 1164
3714 828
3715 1710
3716 810
3717 1134
3718 2016
3719 1590
3720 3012
3721 1224
3722 1800
3723 1188
3724 1878
3725 1536
3726 1632
3727 1728
3728 1650
3729 1368
3730 1170
3731 1446
3732 1758
3733 3006
3734 1266
3735 1890
3736 1044
3737 1314
3738 1764
3739 1188
3740 870
3741 1614
3742 1578
3743 1104
3744 5370
3745 1374
3746 2418
3747 1644
3748 1368
3749 1212
3750 2154
3751 1662
3752 1038
3753 5154
3754 1494
3755 1680
3756 1752
3757 1110
3758 858
3759 1776
3760 1428
3761 1338
3762 900
3763 1536
3764 1068
3765 3366
3766 1176
3767 1980
3768 1350
3769 2196
3770 2250
3771 1656
3772 2394
3773 2088
3774 1170
3775 1128
3776 1746
3777 2190
3778 1254
3779 1182
3780 1680
3781 1272
3782 1740
3783 1830
3784 1356
3785 1278
3786 1212
3787 1446
3788 1518
3789 1572
3790 1332
3791 1566
3792 1818
3793 1332
3794 3072
3795 1716
3796 1062
3797 1176
3798 3210
3799 1512
3800 1872
3801 1146
3802 1674
3803 1176
3804 906
3805 2904
3806 2760
3807 2388
3808 1464
3809 2454
3810 2844
3811 1074
3812 474
3813 1608
3814 1866
3815 1212
3816 1422
3817 1722
3818 1560
3819 1044
3820 1104
3821 1266
3822 2682
3823 3714
3824 822
3825 1560
3826 1098
3827 954
3828 2502
3829 1602
3830 1764
3831 852
3832 732
3833 1362
3834 1932
3835 2088
3836 1374
3837 2760
3838 3132
3839 936
3840 1584
3841 2766
3842 1434
3843 1308
3844 2208
3845 1428
3846 2322
3847 1386
3848 2940
3849 2100
3850 2328
3851 2220
3852 2652
3853 1224
3854 1692
3855 2604
3856 1698
3857 1032
3858 1662
3859 3582
3860 1470
3861 1986
3862 2118
3863 3240
3864 1236
3865 1236
3866 1020
3867 1308
3868 1908
3869 1560
3870 1038
3871 2220
3872 978
3873 1530
3874 1206
3875 1458
3876 2022
3877 1554
3878 1686
3879 1104
3880 1062
3881 948
3882 1056
3883 972
3884 1482
3885 1068
3886 1608
3887 1080
3888 1482
3889 1728
3890 1260
3891 1146
3892 2016
3893 1410
3894 2448
3895 1386
3896 1140
3897 1122
3898 1290
3899 990
3900 1944
3901 1146
3902 1410
3903 1242
3904 942
3905 1260
3906 1662
3907 1404
3908 2178
3909 1746
3910 1752
3911 2178
3912 1302
3913 2256
3914 1290
3915 1182
3916 1740
3917 1428
3918 1164
3919 984
3920 1932
3921 1278
3922 1386
3923 1722
3924 1404
3925 1548
3926 1968
3927 1722
3928 1128
3929 1434
3930 1104
3931 1134
3932 3522
3933 1956
3934 2094
3935 906
3936 1512
3937 990
3938 2256
3939 1104
3940 1158
3941 1116
3942 1248
3943 1668
3944 2460
3945 1818
3946 3354
3947 3966
3948 2016
3949 990
3950 1356
3951 2706
3952 1338
3953 2178
3954 1950
3955 2028
3956 3456
3957 4860
3958 2580
3959 1062
3960 1248
3961 1746
3962 1530
3963 1194
3964 1446
3965 984
3966 1110
3967 4104
3968 1320
3969 2172
3970 1356
3971 1242
3972 1716
3973 2346
3974 900
3975 1968
3976 2142
3977 2058
3978 1590
3979 2226
3980 1758
3981 1446
3982 1152
3983 1272
3984 1464
3985 1608
3986 966
3987 2436
3988 1068
3989 1920
3990 1854
3991 1494
3992 906
3993 1362
3994 1782
3995 2046
3996 2418
3997 1284
3998 1092
3999 1176
4000 2748
4001 2508
4002 1140
4003 954
4004 1068
4005 2778
4006 1926
4007 1758
4008 1386
4009 930
4010 1446
4011 3216
4012 3654
4013 1788
4014 2256
4015 1644
4016 2106
4017 1668
4018 2220
4019 1008
4020 2346
4021 1452
4022 1638
4023 1602
4024 1344
4025 1410
4026 2130
4027 1332
4028 3330
4029 1170
4030 1416
4031 1830
4032 1206
4033 1074
4034 1380
4035 2130
4036 1566
4037 1338
4038 3114
4039 1764
4040 1734
4041 1026
4042 1416
4043 1194
4044 1452
4045 1404
4046 3762
4047 1200
4048 1200
4049 1050
4050 942
4051 1704
4052 1626
4053 2160
4054 1062
4055 5424
4056 1680
4057 1488
4058 948
4059 1578
4060 1044
4061 1356
4062 1830
4063 1680
4064 1410
4065 1500
4066 2034
4067 1704
4068 1740
4069 1524
4070 1680
4071 1452
4072 2562
4073 1956
4074 1056
4075 3228
4076 3204
4077 1704
4078 1422
4079 1716
4080 1506
4081 1464
4082 1392
4083 3648
4084 1956
4085 1440
4086 1074
4087 2016
4088 1428
4089 1332
4090 2418
4091 1734
4092 456
4093 1722
4094 978
4095 1140
4096 1818
4097 966
4098 1098
4099 2058
4100 1248
4101 1332
4102 5382
4103 1218
4104 1866
4105 2178
4106 1410
4107 936
4108 1308
4109 1464
4110 2052
4111 2976
4112 1902
4113 4974
4114 1242
4115 1218
4116 1746
4117 870
4118 1500
4119 1170
4120 1356
4121 1992
4122 1398
4123 1578
4124 1710
4125 1200
4126 1308
4127 1650
4128 1422
4129 1338
4130 1284
4131 1554
4132 1440
4133 1692
4134 1164
4135 1248
4136 1014
4137 2022
4138 1386
4139 1698
4140 1620
4141 1650
4142 1428
4143 3300
4144 1446
4145 1074
4146 990
4147 1500
4148 1356
4149 1374
4150 1476
4151 1224
4152 1404
4153 1956
4154 1170
4155 1140
4156 894
4157 1176
4158 1020
4159 786
4160 1020
4161 1392
4162 1362
4163 1152
4164 1032
4165 2040
4166 1782
4167 2124
4168 1488
4169 1476
4170 1542
4171 1236
4172 1416
4173 4068
4174 1068
4175 2430
4176 1152
4177 1206
4178 1296
4179 1794
4180 1530
4181 2070
4182 4302
4183 1968
Unexpected message received for job 1044496
4184 936
4185 2880
4186 1350
Unexpected message received for job 1044496
4187 1482
4188 1686
4189 1512
4190 2196
4191 1596
4192 1224
4193 1662
4194 2850
4195 1704
4196 1512
4197 2490
4198 1956
4199 792
4200 1500
4201 2154
4202 1446
4203 1854
4204 1200
4205 2430
4206 1980
4207 2412
4208 1326
4209 1626
4210 1794
4211 1614
4212 2232
4213 3006
4214 2010
4215 810
4216 1482
4217 1218
4218 1830
4219 1428
4220 1164
4221 1068
4222 1998
4223 2640
4224 1314
4225 1290
4226 936
4227 1086
4228 2070
4229 1344
4230 1842
4231 1068
4232 948
4233 1518
4234 1776
4235 2148
4236 960
4237 1044
4238 2022
4239 1170
4240 1158
4241 1530
4242 912
4243 1656
4244 1146
4245 1494
4246 1482
4247 1236
4248 2328
4249 864
4250 1818
4251 1104
4252 1128
4253 1338
4254 1362
4255 3030
4256 1590
4257 2058
4258 2118
4259 1242
4260 984
4261 1380
4262 1626
4263 2142
4264 1236
4265 1188
4266 1434
4267 1248
4268 1032
4269 1410
4270 2154
4271 3048
4272 2076
4273 1944
4274 1566
4275 3552
4276 3594
4277 1854
4278 1332
4279 1632
4280 1800
4281 906
4282 1122
4283 1296
4284 1026
4285 1074
4286 1584
4287 1134
4288 1872
4289 1470
4290 1710
4291 2262
4292 1308
4293 1062
4294 1416
4295 1248
4296 1446
4297 912
4298 2082
4299 1836
4300 1626
4301 1836
4302 900
4303 1002
4304 1632
4305 2466
4306 1116
4307 2778
4308 1962
4309 1014
4310 1434
4311 960
4312 1266
4313 1500
4314 1032
4315 2352
4316 2148
4317 3372
4318 1734
4319 1284
4320 1776
4321 1386
4322 1932
4323 1884
4324 954
4325 1722
4326 1854
4327 2220
4328 3090
4329 2460
4330 882
4331 1314
4332 1512
4333 1026
4334 1776
4335 1236
4336 1518
4337 2064
4338 2214
4339 1380
4340 2646
4341 1206
4342 1188
4343 1620
4344 858
4345 1338
4346 1296
4347 1206
4348 918
4349 900
4350 2244
4351 1140
4352 1260
4353 1164
4354 1572
4355 1140
4356 1374
4357 1686
4358 1392
4359 1560
4360 3228
4361 1344
4362 1314
4363 1410
4364 834
4365 1158
4366 858
4367 1584
4368 1224
4369 1422
4370 1188
4371 1080
4372 978
4373 1356
4374 2208
4375 1164
4376 1188
4377 1170
4378 282
4379 1002
4380 2220
4381 1248
4382 1350
4383 2844
4384 1362
4385 1476
4386 1320
4387 972
4388 1176
4389 1716
4390 852
4391 1290
4392 1452
4393 1632
4394 1818
4395 1230
4396 1284
4397 1290
4398 960
4399 1146
4400 1284
4401 966
4402 1560
4403 1182
4404 1122
4405 1668
4406 1674
4407 2916
4408 1356
4409 1656
4410 1668
4411 1506
4412 1278
4413 924
4414 1764
4415 1146
4416 1218
4417 1176
4418 1140
4419 1314
4420 1152
4421 1320
4422 1056
4423 1188
4424 1662
4425 1908
4426 2004
4427 1914
4428 2202
4429 1152
4430 480
4431 3318
4432 4578
4433 1218
4434 1260
4435 1674
4436 1356
4437 1626
4438 1146
4439 1662
4440 1896
4441 1404
4442 1452
4443 1266
4444 1650
4445 1290
4446 1398
4447 3018
4448 1920
4449 882
4450 1014
4451 1554
4452 1224
4453 2808
4454 1536
4455 1152
4456 1008
4457 1644
4458 1410
4459 1110
4460 1104
4461 1326
4462 1638
4463 2340
4464 1698
4465 1836
4466 1392
4467 1266
4468 1146
4469 1374
4470 2832
4471 1164
4472 1446
4473 1698
4474 1446
4475 1494
4476 1578
4477 1494
4478 1158
4479 1026
4480 1194
4481 2730
4482 1026
4483 1182
4484 1596
4485 456
4486 1590
4487 1950
4488 2406
4489 1326
4490 1248
4491 1938
4492 2052
4493 1176
4494 1272
4495 1548
4496 1218
4497 1374
4498 1440
4499 1386
4500 1128
4501 1356
4502 1254
4503 1410
4504 1458
4505 2196
4506 1296
4507 1776
4508 1374
4509 1380
4510 1290
4511 2448
4512 1224
4513 1404
4514 1188
4515 1050
4516 1524
4517 1218
4518 1314
4519 2142
4520 1536
4521 1164
4522 966
4523 1236
4524 1176
4525 1302
4526 1158
4527 1368
4528 1410
4529 1962
4530 1566
4531 882
4532 1038
4533 1218
4534 834
4535 1158
4536 2160
4537 2022
4538 2226
4539 1362
4540 1548
4541 990
4542 1194
4543 2058
4544 1170
4545 1332
4546 864
4547 1224
4548 1860
4549 1710
4550 1902
4551 1200
4552 1686
4553 2826
4554 1290
4555 1056
4556 924
4557 1824
4558 1638
4559 1020
4560 1740
4561 906
4562 1566
4563 1632
4564 1146
4565 1740
4566 1092
4567 1854
4568 1392
4569 1386
4570 1104
4571 1530
4572 1710
4573 1704
4574 1296
4575 1266
4576 1116
4577 1614
4578 1236
4579 1932
4580 1236
4581 1332
4582 2280
4583 1626
4584 2262
4585 2472
4586 1980
4587 1392
4588 930
4589 1428
4590 1404
4591 1098
4592 1236
4593 1338
4594 924
4595 1542
4596 1128
4597 2418
4598 1710
4599 1872
4600 1062
4601 924
4602 1752
4603 2670
4604 930
4605 1266
4606 1212
4607 1320
4608 1020
4609 972
4610 1224
4611 1446
4612 1122
4613 1590
4614 1446
4615 1434
4616 1572
4617 1446
4618 1086
4619 1326
4620 792
4621 1506
4622 1824
4623 1800
4624 1008
4625 816
4626 1188
4627 1008
4628 888
4629 1674
4630 2970
4631 1608
4632 1464
4633 792
4634 1248
4635 1230
4636 1320
4637 1452
4638 438
4639 1674
4640 1086
4641 1506
4642 1056
4643 360
4644 1782
4645 1584
4646 1362
4647 1308
4648 1704
4649 1188
4650 1224
4651 1638
4652 870
4653 1182
4654 1308
4655 978
4656 1212
4657 930
4658 2286
4659 2130
4660 1290
4661 1236
4662 1140
4663 1344
4664 1098
4665 1182
4666 2208
4667 1422
4668 468
4669 792
4670 1290
4671 1482
4672 990
4673 1398
4674 1062
4675 1650
4676 804
4677 1800
4678 1416
4679 1344
4680 1536
4681 1236
4682 1464
4683 1320
4684 1722
4685 1164
4686 1446
4687 1206
4688 1182
4689 1800
4690 1380
4691 1212
4692 972
4693 1374
4694 1488
4695 1068
4696 1104
4697 990
4698 2598
4699 2184
4700 816
4701 1608
4702 906
4703 2034
4704 1260
4705 1734
4706 810
4707 1254
4708 1170
4709 990
4710 1098
4711 2604
4712 888
4713 1086
4714 948
4715 2304
4716 990
4717 1290
4718 1860
4719 1302
4720 2034
4721 1320
4722 1140
4723 1542
4724 1164
4725 1104
4726 1170
4727 1464
4728 1194
4729 1260
4730 1356
4731 1266
4732 930
4733 1008
4734 1428
4735 870
4736 936
4737 876
4738 1548
4739 1074
4740 1128
4741 1056
4742 2082
4743 990
4744 1320
4745 870
4746 1134
4747 1632
4748 1566
4749 1206
4750 1680
4751 1134
4752 1320
4753 1620
4754 1020
4755 1548
4756 870
4757 1236
4758 1824
4759 1242
4760 948
4761 870
4762 1344
4763 972
4764 1332
4765 2118
4766 1818
4767 1296
4768 1380
4769 1044
4770 1014
4771 1200
4772 2214
4773 1254
4774 936
4775 1368
4776 1212
4777 1680
4778 1518
4779 924
4780 1494
4781 366
4782 792
4783 2160
4784 1332
4785 1836
4786 2646
4787 1092
4788 1854
4789 3312
4790 2232
4791 1680
4792 2292
4793 1446
4794 1632
4795 2082
4796 1260
4797 1308
4798 888
4799 900
4800 1098
4801 816
4802 1524
4803 2010
4804 1014
4805 2076
4806 942
4807 852
4808 1146
4809 1080
4810 1038
4811 1812
4812 1374
4813 1446
4814 1368
4815 1134
4816 990
4817 2340
4818 2148
4819 3024
4820 852
4821 1338
4822 1188
4823 822
4824 1038
4825 1242
4826 1308
4827 1308
4828 1032
4829 1416
4830 1716
4831 1290
4832 1890
4833 3468
4834 1338
4835 1140
4836 1266
4837 828
4838 1266
4839 1350
4840 2418
4841 1098
4842 1038
4843 948
4844 1524
4845 1362
4846 816
4847 864
4848 1248
4849 1350
4850 1026
4851 732
4852 2970
4853 1164
4854 972
4855 1056
4856 1194
4857 1176
4858 1734
4859 894
4860 2844
4861 1158
4862 996
4863 1068
4864 834
4865 1878
4866 1008
4867 2484
4868 1320
4869 1542
4870 912
4871 1482
4872 942
4873 1140
4874 942
4875 1074
4876 1374
4877 1134
4878 1242
4879 1080
4880 282
4881 1032
4882 1788
4883 2238
4884 2094
4885 1056
Unexpected message received for job 1044496
4886 1332
4887 1398
4888 990
4889 948
Unexpected message received for job 1044496
4890 1182
4891 1800
4892 1116
4893 876
4894 1062
4895 2232
4896 1218
4897 1458
4898 930
4899 1464
4900 1050
4901 1806
4902 1494
4903 1686
4904 1062
4905 1200
4906 1386
4907 3168
4908 1044
4909 996
4910 1560
4911 1662
4912 1530
4913 1482
4914 1620
4915 2268
4916 1992
4917 1332
4918 1524
4919 1212
4920 2166
4921 876
4922 1038
4923 1314
4924 1614
4925 1416
4926 1164
4927 864
4928 1770
4929 876
4930 1236
4931 1434
4932 1608
4933 1134
4934 948
4935 2514
4936 1728
4937 1200
4938 456
4939 1272
4940 942
4941 1524
4942 1098
4943 2160
4944 1518
4945 1584
4946 2970
4947 1548
4948 1134
4949 1944
4950 1206
4951 1836
4952 924
4953 2610
4954 2316
4955 1338
4956 1566
4957 1356
4958 1182
4959 1662
4960 1044
4961 1644
4962 1974
4963 1086
4964 996
4965 1152
4966 1578
4967 1968
4968 1224
4969 1518
4970 1116
4971 1206
4972 978
4973 846
4974 1080
4975 900
4976 1380
4977 1536
4978 1422
4979 1320
4980 1512
4981 1944
4982 1302
4983 1092
4984 1818
4985 1512
4986 972
4987 972
4988 918
4989 1740
4990 1050
4991 2142
4992 1962
4993 888
4994 2034
4995 906
4996 1350
4997 1614
4998 912
4999 1824
5000 1536
5001 732
5002 1146
5003 2010
5004 1380
5005 1002
5006 1116
5007 2964
5008 1308
5009 1362
5010 1104
5011 1854
5012 1206
5013 1620
5014 1518
5015 1404
5016 1092
5017 1542
5018 1680
5019 1236
5020 1146
5021 1596
5022 2214
5023 1866
5024 1746
5025 1170
5026 1044
5027 2016
5028 1410
5029 1536
5030 1698
5031 894
5032 774
5033 2910
5034 1446
5035 912
5036 1368
5037 1458
5038 1092
5039 2196
5040 1074
5041 1212
5042 1338
5043 1206
5044 1392
5045 2532
5046 900
5047 1062
5048 1272
5049 1362
5050 900
5051 1200
5052 1434
5053 1452
5054 1566
5055 1224
5056 1578
5057 828
5058 1836
5059 384
5060 858
5061 912
5062 1032
5063 1068
5064 1626
5065 978
5066 1092
5067 1464
5068 1416
5069 1170
5070 2832
5071 2670
5072 1170
5073 2292
5074 1380
5075 1500
5076 1512
5077 1362
5078 1032
5079 1374
5080 1086
5081 1374
5082 2676
5083 1122
5084 1224
5085 1116
5086 1086
5087 1362
5088 888
5089 750
5090 1398
5091 942
5092 1344
5093 1182
5094 1182
5095 1200
5096 1218
5097 2214
5098 894
5099 1512
5100 1362
5101 996
5102 2310
5103 1254
5104 888
5105 846
5106 1146
5107 828
5108 822
5109 984
5110 1314
5111 1266
5112 2118
5113 2070
5114 900
5115 1836
5116 1008
5117 1176
5118 870
5119 1056
5120 2016
5121 1674
5122 1452
5123 1026
5124 1542
5125 1986
5126 834
5127 5700
5128 1344
5129 1632
5130 1152
5131 1176
5132 2022
5133 2412
5134 1248
5135 2292
5136 960
5137 1116
5138 1002
5139 2322
5140 2028
5141 2076
5142 1110
5143 1740
5144 1218
5145 798
5146 918
5147 1392
5148 1542
5149 1038
5150 3516
5151 1344
5152 1182
5153 2292
5154 1122
5155 1278
5156 1206
5157 828
5158 2208
5159 1794
5160 888
5161 1344
5162 1884
5163 1182
5164 1476
5165 930
5166 1320
5167 2112
5168 1746
5169 1536
5170 960
5171 1578
5172 1470
5173 978
5174 786
5175 1044
5176 1398
5177 1446
5178 1698
5179 1008
5180 786
5181 1356
5182 1230
5183 858
5184 2148
5185 816
5186 954
5187 1620
5188 870
5189 756
5190 1164
5191 1290
5192 1464
5193 732
5194 1302
5195 912
5196 1116
5197 1452
5198 786
5199 816
5200 1368
5201 1620
5202 1272
5203 798
5204 1698
5205 1314
5206 1542
5207 1140
5208 966
5209 1002
5210 942
5211 828
5212 1374
5213 1308
5214 888
5215 504
5216 1326
5217 3402
5218 1752
5219 1560
5220 816
5221 1404
5222 1566
5223 924
5224 1842
5225 3846
5226 1824
5227 2754
5228 816
5229 2676
5230 1560
5231 1164
5232 894
5233 1734
5234 834
5235 1296
5236 1308
5237 1086
5238 870
5239 990
5240 1350
5241 804
5242 1614
5243 1032
5244 1170
5245 1734
5246 1332
5247 840
5248 1356
5249 1350
5250 1926
5251 1506
5252 804
5253 1014
5254 936
5255 1002
5256 894
5257 1770
5258 1218
5259 1152
5260 1998
5261 1404
5262 1074
5263 1758
5264 1230
5265 858
5266 1536
5267 924
5268 990
5269 864
5270 1218
5271 1716
5272 1362
5273 1434
5274 936
5275 1086
5276 600
5277 1362
5278 966
5279 1284
5280 816
5281 1386
5282 840
5283 1662
5284 1116
5285 1950
5286 1434
5287 2460
5288 1332
5289 1392
5290 1200
5291 2028
5292 1986
5293 1554
5294 1362
5295 1116
5296 1098
5297 870
5298 4608
5299 1146
5300 1176
5301 2562
5302 888
5303 924
5304 1266
5305 1626
5306 1014
5307 1230
5308 1020
5309 1236
5310 1404
5311 1260
5312 900
5313 1164
5314 1194
5315 1182
5316 1572
5317 1248
5318 1974
5319 984
5320 1974
5321 3372
5322 900
5323 996
5324 1002
5325 1182
5326 816
5327 1140
5328 1242
5329 774
5330 798
5331 996
5332 2514
5333 1338
5334 1296
5335 1332
5336 840
5337 942
5338 1458
5339 1044
5340 870
5341 960
5342 786
5343 870
5344 1134
5345 1800
5346 1140
5347 1002
5348 798
5349 1032
5350 1554
5351 1950
5352 2040
5353 1026
5354 804
5355 2370
5356 1074
5357 822
5358 1524
5359 816
5360 858
5361 960
5362 1518
5363 1590
5364 1566
5365 1170
5366 858
5367 1410
5368 1992
5369 2844
5370 2130
5371 942
5372 978
5373 1146
5374 1152
5375 900
5376 804
5377 876
5378 1350
5379 1662
5380 2016
5381 3378
5382 978
5383 1884
5384 1104
5385 1410
5386 2424
5387 924
5388 1038
5389 1296
5390 936
5391 822
5392 804
5393 1170
5394 1098
5395 1488
5396 882
5397 840
5398 786
5399 936
5400 1062
5401 1014
5402 792
5403 1008
5404 1050
5405 1002
5406 912
5407 978
5408 1158
5409 1572
5410 1386
5411 1380
5412 1536
5413 1434
5414 1002
5415 864
5416 834
5417 1500
5418 1122
5419 1362
5420 834
5421 1062
5422 834
5423 906
5424 1140
5425 912
5426 2022
5427 1086
5428 960
5429 846
5430 900
5431 906
5432 1224
5433 2100
5434 1356
5435 1320
5436 1338
5437 1086
5438 1560
5439 1872
5440 960
5441 1302
5442 816
5443 1440
5444 978
5445 1674
5446 924
5447 1032
5448 2142
5449 1692
5450 1626
5451 1566
5452 1632
5453 2814
5454 1350
5455 1212
5456 1506
5457 1014
5458 1056
5459 978
5460 936
5461 1272
5462 1716
5463 1128
5464 1050
5465 1242
5466 1152
5467 1044
5468 972
5469 954
5470 1146
5471 1392
5472 1026
5473 888
5474 1212
5475 1038
5476 1236
5477 1350
5478 804
5479 1110
5480 1926
5481 1146
5482 2250
5483 984
5484 1350
5485 1164
5486 1104
5487 1014
5488 1062
5489 1056
5490 1506
5491 1374
5492 1416
5493 1140
5494 804
5495 1278
5496 906
5497 996
5498 1098
5499 1206
5500 822
5501 1140
5502 1392
5503 858
5504 1116
5505 828
5506 1338
5507 1044
5508 828
5509 882
5510 1224
5511 1368
5512 1098
5513 870
5514 1080
5515 786
5516 774
5517 816
5518 900
5519 1074
5520 1086
5521 1176
5522 1050
5523 936
5524 1158
5525 1212
5526 1356
5527 2172
5528 846
5529 786
5530 1740
5531 1344
5532 846
5533 1146
5534 336
5535 1050
5536 1254
5537 774
5538 750
5539 786
5540 1362
5541 1170
5542 918
5543 1050
5544 888
5545 1158
5546 732
5547 822
5548 852
5549 882
5550 960
5551 270
5552 1380
5553 1032
5554 774
5555 846
5556 1884
5557 1212
5558 1236
5559 1644
5560 1110
5561 792
5562 930
5563 1062
5564 1242
5565 870
5566 1548
5567 810
5568 1158
5569 1638
5570 1050
5571 1056
5572 960
5573 1170
5574 924
5575 1680
5576 1092
5577 912
5578 990
5579 1014
5580 1548
5581 876
5582 798
5583 834
5584 1140
5585 846
5586 1164
5587 1746
5588 828
5589 1206
5590 888
5591 1692
5592 1218
5593 1782
5594 1062
5595 1296
5596 1974
5597 984
5598 1020
5599 1332
5600 1038
5601 1062
5602 1200
5603 804
5604 1122
5605 1476
5606 906
5607 834
5608 792
5609 1092
5610 1122
5611 1134
5612 984
5613 1560
5614 1098
5615 948
5616 798
5617 1608
5618 966
5619 1566
5620 1404
5621 1368
5622 1404
5623 1422
5624 996
5625 1272
5626 1266
5627 786
5628 990
5629 960
5630 828
5631 2202
5632 840
5633 906
5634 1188
5635 1380
5636 1026
5637 1080
5638 1512
5639 798
5640 348
5641 936
5642 1344
5643 732
5644 1398
5645 1248
5646 2268
5647 1212
5648 870
5649 1464
5650 984
5651 978
5652 444
5653 1050
5654 846
5655 1194
5656 1014
5657 732
5658 804
5659 732
5660 786
5661 762
5662 1446
5663 954
5664 2604
5665 786
5666 1596
5667 1200
5668 1062
5669 816
5670 996
5671 978
5672 936
5673 1206
5674 870
5675 822
5676 1008
5677 1194
5678 816
5679 858
5680 1254
5681 1062
5682 1476
5683 1398
5684 2970
5685 1722
5686 870
5687 3162
5688 2562
5689 2040
5690 1176
5691 1398
5692 1302
5693 1284
5694 1452
5695 1308
5696 1812
5697 1788
5698 1584
5699 1062
5700 1512
5701 1620
5702 1782
5703 1164
5704 1692
5705 798
5706 1560
5707 1068
5708 1140
5709 1032
5710 2136
5711 1998
5712 846
5713 2202
5714 2280
5715 888
5716 1152
5717 1098
5718 744
5719 1830
5720 1356
5721 1380
5722 1236
5723 1254
5724 1068
5725 948
5726 816
5727 864
5728 1056
5729 1914
5730 1206
5731 1050
5732 828
5733 804
5734 876
5735 1050
5736 1056
5737 1362
5738 2382
5739 1152
5740 708
5741 858
5742 1614
5743 1074
5744 1302
5745 1128
5746 1932
5747 1212
5748 1050
5749 1536
5750 882
5751 1146
5752 1158
5753 948
5754 1338
5755 1692
5756 1278
5757 2172
5758 1206
5759 954
5760 1314
5761 846
5762 1116
5763 798
5764 1326
5765 1458
5766 1152
5767 1296
5768 1992
5769 1452
5770 798
5771 1314
5772 1134
5773 1536
5774 792
5775 1434
5776 828
5777 1206
5778 990
5779 1944
Unexpected message received for job 1044496
5780 972
5781 1356
5782 1440
5783 1362
Unexpected message received for job 1044496
5784 1242
5785 846
5786 960
5787 1872
5788 900
5789 1128
5790 924
5791 1452
5792 1422
5793 1152
5794 1854
5795 1164
5796 930
5797 1992
5798 1908
5799 990
5800 1134
5801 1338
5802 1278
5803 1098
5804 924
5805 942
5806 1578
5807 1458
5808 1206
5809 1296
5810 1494
5811 1038
5812 840
5813 930
5814 1176
5815 1620
5816 810
5817 1344
5818 828
5819 1008
5820 1032
5821 816
5822 858
5823 1044
5824 1242
5825 936
5826 1086
5827 1152
5828 1830
5829 990
5830 1356
5831 1584
5832 774
5833 1734
5834 744
5835 996
5836 1632
5837 1056
5838 1404
5839 1080
5840 1500
5841 1260
5842 948
5843 1350
5844 918
5845 870
5846 1134
5847 1398
5848 1356
5849 1296
5850 846
5851 1368
5852 1350
5853 732
5854 1218
5855 990
5856 2778
5857 804
5858 984
5859 996
5860 816
5861 990
5862 1428
5863 900
5864 906
5865 1014
5866 1062
5867 918
5868 1110
5869 1176
5870 1038
5871 894
5872 1104
5873 1272
5874 888
5875 834
5876 768
5877 786
5878 1062
5879 834
5880 1902
5881 804
5882 942
5883 1230
5884 1056
5885 1110
5886 1098
5887 1218
5888 990
5889 732
5890 882
5891 1758
5892 1110
5893 768
5894 1674
5895 1254
5896 1014
5897 1362
5898 852
5899 2274
5900 1944
5901 1374
5902 966
5903 804
5904 1038
5905 990
5906 912
5907 882
5908 996
5909 1320
5910 1080
5911 1026
5912 1284
5913 894
5914 354
5915 1080
5916 1344
5917 762
5918 1062
5919 816
5920 1650
5921 942
5922 756
5923 1746
5924 804
5925 756
5926 1152
5927 486
5928 1008
5929 1098
5930 2022
5931 1662
5932 966
5933 1272
5934 1530
5935 2754
5936 1116
5937 876
5938 1188
5939 1038
5940 1074
5941 972
5942 864
5943 774
5944 1140
5945 948
5946 1704
5947 1014
5948 1248
5949 1374
5950 1116
5951 960
5952 1068
5953 1740
5954 816
5955 822
5956 978
5957 1248
5958 1164
5959 822
5960 870
5961 840
5962 1110
5963 786
5964 882
5965 786
5966 978
5967 1008
5968 1104
5969 1716
5970 1224
5971 1158
5972 702
5973 1722
5974 1122
5975 1086
5976 1056
5977 960
5978 1110
5979 774
5980 1128
5981 1440
5982 774
5983 792
5984 1038
5985 912
5986 798
5987 786
5988 774
5989 786
5990 762
5991 798
5992 1320
5993 1014
5994 1500
5995 762
5996 828
5997 1398
5998 1152
5999 1326
6000 1092
6001 1092
6002 1722
6003 1422
6004 1038
6005 1272
6006 948
6007 1194
6008 780
6009 990
6010 774
6011 1050
6012 1470
6013 984
6014 1128
6015 924
6016 1656
6017 870
6018 1278
6019 912
6020 1128
6021 1410
6022 1026
6023 834
6024 1170
6025 996
6026 1944
6027 1002
6028 1332
6029 1044
6030 942
6031 1506
6032 1074
6033 1032
6034 852
6035 972
6036 894
6037 1506
6038 1278
6039 906
6040 858
6041 834
6042 882
6043 942
6044 888
6045 1230
6046 864
6047 1422
6048 1260
6049 924
6050 606
6051 1794
6052 1026
6053 1212
6054 1560
6055 936
6056 1716
6057 1428
6058 1434
6059 1272
6060 1062
6061 1344
6062 1008
6063 924
6064 924
6065 1272
6066 1116
6067 882
6068 870
6069 906
6070 1128
6071 930
6072 1260
6073 978
6074 1302
6075 990
6076 906
6077 1722
6078 936
6079 1176
6080 1512
6081 1662
6082 1044
6083 1098
6084 1530
6085 1464
6086 1032
6087 1482
6088 1002
6089 1728
6090 2226
6091 1410
6092 1494
6093 1230
6094 810
6095 2232
6096 2088
6097 2520
6098 876
6099 888
6100 954
6101 888
6102 816
6103 1158
6104 960
6105 1014
6106 930
6107 1014
6108 1488
6109 1050
6110 1620
6111 1866
6112 864
6113 798
6114 1350
6115 1494
6116 1104
6117 1764
6118 966
6119 1992
6120 1692
6121 1512
6122 1152
6123 1770
6124 1932
6125 4800
6126 1884
6127 1122
6128 1254
6129 1722
6130 2124
6131 972
6132 2664
6133 2232
6134 1038
6135 1110
6136 1806
6137 990
6138 1128
6139 1092
6140 1464
6141 1614
6142 1158
6143 1026
6144 1080
6145 1056
6146 924
6147 1884
6148 1026
6149 876
6150 822
6151 906
6152 1236
6153 846
6154 1140
6155 1308
6156 1062
6157 1572
6158 882
6159 846
6160 960
6161 1272
6162 1068
6163 4902
6164 972
6165 984
6166 1080
6167 1026
6168 846
6169 960
6170 1608
6171 828
6172 894
6173 846
6174 858
6175 996
6176 1044
6177 834
6178 1164
6179 894
6180 1590
6181 2574
6182 804
6183 816
6184 768
6185 912
6186 1068
6187 1056
6188 1062
6189 864
6190 894
6191 1368
6192 1068
6193 1590
6194 972
6195 1008
6196 1500
6197 954
6198 936
6199 1242
6200 600
6201 1362
6202 900
6203 1056
6204 852
6205 1578
6206 1224
6207 912
6208 846
6209 996
6210 1332
6211 2580
6212 1548
6213 996
6214 882
6215 990
6216 1008
6217 1068
6218 1896
6219 924
6220 1062
6221 1854
6222 1050
6223 1320
6224 1278
6225 936
6226 912
6227 1026
6228 894
6229 1620
6230 996
6231 1242
6232 960
6233 954
6234 972
6235 816
6236 2106
6237 1002
6238 930
6239 960
6240 888
6241 1308
6242 1020
6243 450
6244 450
6245 1578
6246 1050
6247 1476
6248 816
6249 1020
6250 744
6251 1074
6252 834
6253 906
6254 1830
6255 1050
6256 1314
6257 828
6258 804
6259 858
6260 1146
6261 882
6262 792
6263 1122
6264 996
6265 828
6266 804
6267 960
6268 1152
6269 828
6270 1638
6271 876
6272 816
6273 858
6274 1026
6275 948
6276 984
6277 1242
6278 1086
6279 996
6280 930
6281 1062
6282 912
6283 816
6284 942
6285 1296
6286 942
6287 912
6288 846
6289 798
6290 846
6291 774
6292 936
6293 972
6294 960
6295 1080
6296 786
6297 1338
6298 864
6299 1122
6300 1068
6301 840
6302 1110
6303 774
6304 882
6305 1008
6306 936
6307 948
6308 1164
6309 996
6310 1728
6311 786
6312 1194
6313 1584
6314 1488
6315 1278
6316 1176
6317 1086
6318 1116
6319 930
6320 1338
6321 1698
6322 2034
6323 1728
6324 1206
6325 1002
6326 1104
6327 804
6328 864
6329 2106
6330 948
6331 924
6332 1116
6333 1458
6334 1356
6335 1416
6336 1062
6337 2538
6338 846
6339 786
6340 1074
6341 744
6342 966
6343 1056
6344 2148
6345 888
6346 1290
6347 3228
6348 1092
6349 864
6350 798
6351 966
6352 450
6353 762
6354 1590
6355 1086
6356 1134
6357 786
6358 1224
6359 1044
6360 882
6361 1836
6362 1248
6363 744
6364 1080
6365 900
6366 828
6367 990
6368 774
6369 924
6370 798
6371 1728
6372 1056
6373 804
6374 870
6375 870
6376 1122
6377 942
6378 756
6379 2496
6380 762
6381 786
6382 1176
6383 1020
6384 1020
6385 852
6386 1152
6387 1590
6388 1380
6389 804
6390 1026
6391 828
6392 2028
6393 1626
6394 1218
6395 1188
6396 846
6397 810
6398 918
6399 870
6400 1098
6401 1182
6402 1872
6403 960
6404 1494
6405 912
6406 828
6407 1482
6408 1026
6409 1950
6410 864
6411 1842
6412 1572
6413 1050
6414 1068
6415 1020
6416 2268
6417 804
6418 1152
6419 1092
6420 816
6421 828
6422 462
6423 1560
6424 762
6425 2034
6426 1698
6427 846
6428 984
6429 1524
6430 1182
6431 1296
6432 858
6433 840
6434 1128
6435 1686
6436 1302
6437 984
6438 1560
6439 1896
6440 858
6441 1650
6442 1500
6443 912
6444 1104
6445 900
6446 1752
6447 1110
6448 894
6449 1098
6450 1038
6451 888
6452 1008
6453 1020
6454 882
6455 978
6456 1422
6457 840
6458 1566
6459 912
6460 882
6461 1668
6462 942
6463 1002
6464 1050
6465 936
6466 1032
6467 858
6468 858
6469 1068
6470 900
6471 1332
6472 1452
6473 1080
6474 1542
6475 1194
6476 1068
6477 954
6478 1566
6479 2658
6480 2154
6481 2154
6482 1902
6483 2754
6484 2628
6485 2382
6486 1212
6487 1212
6488 3870
6489 1176
6490 1842
6491 972
6492 1008
6493 2772
6494 2094
6495 828
6496 1404
6497 1506
6498 924
6499 2484
6500 1626
6501 3528
6502 1866
6503 1992
6504 1008
6505 1464
6506 1836
6507 1158
6508 1308
6509 3000
6510 1272
6511 1098
6512 1188
6513 870
6514 846
6515 996
6516 846
6517 864
6518 1032
6519 888
6520 780
6521 930
6522 750
6523 1926
6524 888
6525 858
6526 876
6527 840
6528 864
6529 906
6530 1206
6531 804
6532 846
6533 882
6534 1206
6535 774
6536 1548
6537 942
6538 858
6539 930
6540 1638
6541 840
6542 846
6543 906
6544 780
6545 864
6546 978
6547 1626
6548 1152
6549 930
6550 1134
6551 1182
6552 2004
6553 1038
6554 870
6555 1068
6556 2124
6557 1314
6558 960
6559 2094
6560 1002
6561 1164
6562 936
6563 888
6564 1242
6565 1086
6566 996
6567 1308
6568 1074
6569 1188
6570 870
6571 852
6572 1758
6573 930
6574 882
6575 870
6576 1038
6577 918
6578 888
6579 1866
6580 882
6581 1002
6582 846
6583 804
6584 1578
6585 876
6586 1266
6587 870
6588 822
6589 966
6590 858
6591 762
6592 816
6593 1260
6594 846
6595 828
6596 906
6597 918
6598 882
6599 1032
6600 1566
6601 1176
6602 900
6603 1164
6604 900
6605 1788
6606 816
6607 846
6608 858
6609 876
6610 744
6611 1122
6612 870
6613 1092
6614 2064
6615 882
6616 876
6617 816
6618 1050
6619 858
6620 852
6621 1164
6622 1164
6623 1116
6624 1296
6625 918
6626 1266
6627 954
6628 1158
6629 876
6630 918
6631 1062
6632 876
6633 996
6634 1068
6635 1092
6636 1074
6637 882
6638 1464
6639 1434
6640 1152
6641 1908
6642 1170
6643 858
6644 1248
6645 984
6646 840
6647 810
6648 924
6649 1038
6650 936
6651 810
6652 1242
6653 840
6654 840
6655 810
6656 816
6657 1752
6658 270
6659 1230
6660 846
6661 774
6662 1032
6663 1074
6664 1032
6665 888
6666 846
6667 354
6668 1254
6669 1608
6670 1200
6671 1494
6672 1578
6673 1050
6674 786
6675 1176
6676 846
6677 804
6678 846
6679 774
6680 804
6681 1170
6682 1104
6683 816
6684 972
6685 876
6686 1074
6687 1200
6688 840
6689 1602
6690 1086
6691 846
6692 2082
6693 1782
6694 450
6695 1128
6696 1176
6697 2970
6698 948
6699 3498
6700 888
6701 930
6702 960
6703 846
6704 2442
6705 1698
6706 858
6707 876
6708 1740
6709 1014
6710 1104
6711 1326
6712 1626
6713 1050
6714 1398
6715 1068
6716 1998
6717 1044
6718 1758
6719 1098
6720 924
6721 858
6722 870
6723 1068
6724 1458
6725 942
6726 876
6727 996
6728 954
6729 834
6730 1068
6731 1050
6732 1998
6733 852
6734 1008
6735 1152
6736 1578
6737 1032
6738 1314
6739 1086
6740 1038
6741 930
6742 870
6743 1056
6744 1068
6745 1050
6746 1026
6747 1278
6748 1290
6749 846
6750 786
6751 906
6752 864
6753 876
6754 984
6755 1260
6756 1320
6757 1050
6758 1002
6759 918
6760 1002
6761 888
6762 1158
6763 1518
6764 816
6765 906
6766 882
6767 810
6768 954
6769 846
6770 1050
6771 906
6772 1554
6773 846
6774 990
6775 984
6776 1350
6777 918
6778 762
6779 834
6780 906
6781 1134
6782 1260
6783 906
6784 1074
6785 912
6786 948
6787 846
6788 1314
6789 1062
6790 1110
6791 1272
6792 1104
6793 1068
6794 1158
6795 1080
6796 996
6797 1530
6798 1554
6799 1044
6800 816
6801 1266
6802 1020
6803 1050
6804 1674
6805 1038
6806 888
6807 1038
6808 822
6809 864
6810 894
6811 906
6812 930
6813 762
6814 1026
6815 1080
6816 1038
6817 1038
6818 840
6819 1038
6820 1110
6821 846
6822 876
6823 924
6824 1578
6825 1014
6826 552
6827 1020
6828 948
6829 1050
6830 1086
6831 1284
6832 1068
6833 996
6834 1578
6835 1272
6836 1080
6837 1800
6838 918
6839 1410
6840 1578
6841 1836
6842 1398
6843 972
6844 804
6845 1464
6846 606
6847 834
6848 828
6849 996
6850 1572
6851 762
6852 1068
6853 1080
6854 1002
6855 888
6856 1332
6857 1170
6858 954
6859 1056
6860 816
6861 876
6862 1056
6863 1122
Unexpected message received for job 1044496
6864 1110
6865 858
6866 1578
6867 828
6868 870
6869 1176
Unexpected message received for job 1044496
6870 1164
6871 1800
6872 888
6873 1206
6874 804
6875 804
6876 1038
6877 834
6878 1080
6879 2136
6880 2550
6881 1134
6882 1080
6883 1116
6884 876
6885 1092
6886 1092
6887 876
6888 780
6889 804
6890 1824
6891 1098
6892 1782
6893 1002
6894 1098
6895 960
6896 1308
6897 888
6898 846
6899 858
6900 918
6901 1128
6902 1692
6903 1134
6904 894
6905 1110
6906 1332
6907 786
6908 1068
6909 1314
6910 960
6911 1224
6912 1044
6913 1002
6914 1038
6915 918
6916 876
6917 870
6918 846
6919 936
6920 1626
6921 774
6922 1644
6923 828
6924 1188
6925 1116
6926 954
6927 882
6928 858
6929 1104
6930 1110
6931 822
6932 1830
6933 1440
6934 2202
6935 1056
6936 1026
6937 816
6938 1038
6939 1380
6940 858
6941 912
6942 1020
6943 1584
6944 1122
6945 1200
6946 1050
6947 1572
6948 1272
6949 990
6950 1866
6951 1674
6952 1410
6953 1026
6954 996
6955 1866
6956 1542
6957 1290
6958 1170
6959 1290
6960 1320
6961 1020
6962 1242
6963 1044
6964 966
6965 1248
6966 2292
6967 1032
6968 2100
6969 1452
6970 978
6971 2064
6972 1020
6973 2322
6974 1458
6975 1074
6976 2304
6977 2334
6978 1590
6979 1980
6980 900
6981 1572
6982 1800
6983 1248
6984 1464
6985 1812
6986 1044
6987 1176
6988 2082
6989 1164
6990 2436
6991 894
6992 888
6993 1044
6994 846
6995 888
6996 1032
6997 876
6998 858
6999 858
7000 1482
7001 972
7002 942
7003 1308
7004 888
7005 1152
7006 1194
7007 912
7008 1314
7009 1134
7010 1818
7011 1938
7012 2058
7013 1032
7014 1026
7015 996
7016 894
7017 864
7018 1374
7019 2124
7020 828
7021 1386
7022 900
7023 1080
7024 942
7025 1002
7026 912
7027 1002
7028 900
7029 1104
7030 972
7031 1398
7032 888
7033 930
7034 876
7035 1020
7036 966
7037 954
7038 1032
7039 930
7040 1404
7041 1068
7042 1038
7043 1410
7044 2136
7045 990
7046 1002
7047 1098
7048 1296
7049 918
7050 930
7051 1068
7052 858
7053 888
7054 1446
7055 858
7056 900
7057 846
7058 870
7059 948
7060 1164
7061 972
7062 912
7063 1776
7064 1158
7065 1308
7066 1098
7067 1404
7068 1296
7069 1080
7070 774
7071 858
7072 954
7073 900
7074 912
7075 1140
7076 1080
7077 912
7078 900
7079 858
7080 834
7081 1086
7082 966
7083 816
7084 918
7085 1398
7086 840
7087 888
7088 1062
7089 1638
7090 984
7091 942
7092 1320
7093 846
7094 1026
7095 774
7096 978
7097 978
7098 954
7099 1218
7100 912
7101 888
7102 1158
7103 1188
7104 900
7105 900
7106 900
7107 1032
7108 858
7109 1080
7110 1554
7111 1110
7112 1044
7113 1386
7114 900
7115 954
7116 1266
7117 972
7118 942
7119 1002
7120 1152
7121 912
7122 1122
7123 870
7124 1194
7125 1014
7126 1014
7127 1308
7128 1350
7129 2070
7130 1476
7131 3912
7132 888
7133 960
7134 960
7135 1014
7136 1134
7137 1284
7138 1398
7139 1542
7140 1302
7141 1158
7142 2466
7143 1104
7144 2334
7145 930
7146 1302
7147 1506
7148 1308
7149 1254
7150 960
7151 936
7152 858
7153 1818
7154 1326
7155 1302
7156 1044
7157 3378
7158 1032
7159 5004
7160 2466
7161 3744
7162 1122
7163 2580
7164 984
7165 1080
7166 798
7167 930
7168 912
7169 1458
7170 756
7171 972
7172 1062
7173 912
7174 1386
7175 1104
7176 870
7177 882
7178 1332
7179 1086
7180 1176
7181 858
7182 3264
7183 1026
7184 1278
7185 1176
7186 786
7187 774
7188 1176
7189 798
7190 786
7191 1410
7192 786
7193 1032
7194 840
7195 1164
7196 1470
7197 816
7198 816
7199 972
7200 1620
7201 984
7202 882
7203 984
7204 1290
7205 1494
7206 2556
7207 1512
7208 1800
7209 942
7210 1170
7211 1470
7212 1584
7213 1650
7214 2034
7215 1164
7216 2244
7217 1200
7218 1518
7219 1068
7220 1134
7221 1164
7222 1290
7223 1368
7224 1422
7225 1338
7226 1122
7227 1482
7228 1218
7229 1110
7230 1380
7231 1068
7232 1188
7233 1764
7234 1608
7235 1026
7236 1752
7237 1158
7238 1074
7239 1458
7240 1128
7241 1146
7242 3234
7243 1044
7244 1002
7245 1104
7246 1026
7247 828
7248 972
7249 1002
7250 1002
7251 1638
7252 1506
7253 1254
7254 1224
7255 2568
7256 1422
7257 1092
7258 924
7259 1254
7260 1068
7261 1116
7262 1080
7263 1116
7264 1068
7265 1170
7266 1482
7267 1302
7268 1026
7269 1014
7270 1254
7271 1362
7272 1074
7273 984
7274 1014
7275 990
7276 948
7277 996
7278 1188
7279 1254
7280 1722
7281 1062
7282 1560
7283 972
7284 984
7285 816
7286 828
7287 900
7288 900
7289 942
7290 858
7291 846
7292 1002
7293 1182
7294 1074
7295 1050
7296 1014
7297 996
7298 1026
7299 3042
7300 858
7301 1032
7302 3534
7303 816
7304 948
7305 1488
7306 828
7307 828
7308 1122
7309 828
7310 930
7311 912
7312 840
7313 840
7314 1098
7315 1212
7316 1488
7317 1074
7318 1560
7319 2142
7320 1044
7321 3054
7322 1602
7323 1176
7324 1512
7325 1554
7326 1626
7327 912
7328 828
7329 828
7330 870
7331 948
7332 870
7333 948
7334 990
7335 798
7336 1080
7337 1152
7338 1302
7339 1176
7340 1110
7341 1008
7342 1182
7343 1128
7344 1110
7345 1110
7346 1056
7347 1002
7348 1110
7349 984
7350 1122
7351 1110
7352 1548
7353 1122
7354 1344
7355 996
7356 1086
7357 1218
7358 1134
7359 1032
7360 1272
7361 1032
7362 1584
7363 1230
7364 1230
7365 1284
7366 1062
7367 1230
7368 1122
7369 1134
7370 996
7371 1326
7372 1170
7373 1086
7374 1206
7375 1074
7376 1134
7377 996
7378 1584
7379 1080
7380 1140
7381 1008
7382 1026
7383 954
7384 1086
7385 1086
7386 1008
7387 1008
7388 966
7389 1212
7390 1068
7391 966
7392 1008
7393 1080
7394 1008
7395 1284
7396 2106
7397 1086
7398 1512
7399 1434
7400 1026
7401 966
7402 1002
7403 1050
7404 1044
7405 996
7406 1008
7407 1014
7408 1050
7409 1008
7410 1008
7411 1128
7412 924
7413 1008
7414 996
7415 1008
7416 996
7417 1548
7418 1182
7419 1278
7420 1416
7421 1128
7422 1320
7423 942
7424 1050
7425 1128
7426 1050
7427 1026
7428 1254
7429 1050
7430 1032
7431 2082
7432 2490
7433 1398
7434 1254
7435 1266
7436 972
7437 996
7438 1134
7439 1086
7440 966
7441 1008
7442 1050
7443 966
7444 1266
7445 1110
7446 1092
7447 996
7448 1050
7449 984
7450 966
7451 1008
7452 954
7453 966
7454 1056
7455 900
7456 966
7457 966
7458 882
7459 1158
7460 1008
7461 1008
7462 1086
7463 966
7464 984
7465 1212
7466 1008
7467 978
7468 966
7469 1056
7470 1056
7471 1302
7472 996
7473 966
7474 966
7475 978
7476 1086
7477 1140
7478 924
7479 1380
7480 1104
7481 1602
7482 912
7483 1086
7484 1086
7485 1086
7486 1014
7487 1086
7488 1086
7489 1032
7490 996
7491 966
7492 954
7493 954
7494 954
7495 912
7496 1086
7497 1044
7498 972
7499 954
7500 840
7501 942
7502 1116
7503 1110
7504 954
7505 882
7506 882
7507 1404
7508 798
7509 1014
7510 948
7511 786
7512 954
7513 996
7514 1026
7515 1224
7516 966
7517 984
7518 1068
7519 1008
7520 966
7521 1026
7522 828
7523 882
7524 924
7525 966
7526 996
7527 870
7528 840
7529 840
7530 942
7531 1104
7532 1128
7533 1206
7534 1260
7535 1140
7536 996
7537 1386
7538 1008
7539 1020
7540 996
7541 1008
7542 924
7543 966
7544 990
7545 1788
7546 798
7547 786
7548 954
7549 462
7550 462
7551 462
7552 1086
7553 1128
7554 462
7555 1134
7556 1356
7557 840
7558 1356
7559 1182
7560 1584
7561 1278
7562 462
7563 756
7564 1068
7565 840
7566 828
7567 966
7568 1482
7569 786
7570 1428
7571 870
7572 1038
7573 870
7574 786
7575 816
7576 846
7577 774
7578 774
7579 774
7580 930
7581 816
7582 774
7583 870
7584 804
7585 804
7586 840
7587 1080
7588 816
7589 774
7590 774
7591 1092
7592 774
7593 774
7594 792
7595 834
7596 846
7597 774
7598 774
7599 774
7600 846
7601 882
7602 1656
7603 762
7604 912
7605 774
7606 870
7607 762
7608 762
7609 846
7610 774
7611 774
7612 1020
7613 990
7614 912
7615 912
7616 912
7617 774
7618 828
7619 786
7620 1092
7621 882
7622 774
7623 840
7624 1104
7625 840
7626 1104
7627 1068
7628 798
7629 1422
7630 1068
7631 1146
7632 840
7633 786
7634 756
7635 798
7636 756
7637 798
7638 798
7639 798
7640 798
7641 798
7642 870
7643 798
7644 900
7645 798
7646 1080
7647 840
7648 882
7649 798
7650 798
7651 798
7652 840
7653 798
7654 798
7655 744
7656 786
7657 798
7658 366
7659 798
7660 1062
7661 1140
7662 1056
7663 966
7664 924
7665 858
7666 924
7667 882
7668 882
7669 882
7670 882
7671 840
7672 924
7673 942
7674 882
7675 882
7676 1398
7677 870
7678 1116
7679 870
7680 798
7681 840
7682 756
7683 1140
7684 924
7685 1116
7686 1194
7687 840
7688 1062
7689 1074
7690 1056
7691 1086
7692 1080
7693 1566
7694 1038
7695 1032
7696 1026
7697 1122
7698 1074
7699 840
7700 1044
7701 882
7702 1044
7703 1110
7704 882
7705 882
7706 924
7707 1086
7708 1134
7709 1110
7710 1362
7711 1152
7712 984
7713 882
7714 1338
7715 882
7716 882
7717 882
7718 1086
7719 882
7720 924
7721 834
7722 924
7723 882
7724 930
7725 1170
7726 1122
7727 1086
7728 714
7729 924
7730 1134
7731 1482
7732 954
7733 966
7734 1176
7735 972
7736 966
7737 966
7738 1242
7739 816
7740 1134
7741 990
7742 870
7743 870
7744 870
7745 888
7746 996
7747 1038
7748 1134
7749 1134
7750 1008
7751 1152
7752 1014
7753 942
7754 870
7755 846
7756 804
7757 1080
7758 870
7759 1134
7760 1134
7761 900
7762 1092
7763 858
7764 846
7765 846
7766 1872
7767 1092
7768 960
7769 846
7770 1134
7771 870
7772 942
7773 786
7774 1212
7775 1344
7776 912
7777 846
7778 846
7779 846
7780 846
7781 846
7782 828
7783 1212
7784 828
7785 858
7786 870
7787 858
7788 858
7789 942
7790 1122
7791 858
7792 858
7793 876
7794 942
7795 882
7796 888
7797 912
7798 858
7799 882
7800 744
7801 858
7802 900
7803 900
7804 900
7805 858
7806 828
7807 858
7808 858
7809 840
7810 1014
7811 840
7812 870
7813 1884
7814 1656
7815 828
7816 756
7817 1068
7818 2256
7819 828
7820 828
7821 828
7822 870
7823 828
7824 2208
7825 786
7826 1038
7827 786
7828 786
7829 1356
7830 924
7831 756
7832 1050
7833 1362
7834 954
7835 1380
7836 1356
7837 1320
7838 1356
7839 1140
7840 1392
7841 1326
7842 1290
7843 900
7844 900
7845 786
7846 900
7847 1074
7848 912
7849 924
7850 924
7851 924
7852 954
7853 912
7854 1098
7855 798
7856 954
7857 996
7858 1038
7859 1218
7860 924
7861 870
7862 954
7863 948
7864 1002
7865 930
7866 840
7867 1014
7868 960
7869 1026
7870 870
7871 924
7872 924
7873 966
7874 924
7875 924
7876 966
7877 882
7878 924
7879 948
7880 1044
7881 924
7882 930
7883 966
7884 2106
7885 924
7886 930
7887 1110
7888 924
7889 1020
7890 1008
7891 1074
7892 960
7893 870
7894 918
7895 978
7896 930
7897 1038
7898 990
7899 840
7900 1014
7901 882
7902 1296
7903 972
7904 954
7905 882
7906 870
7907 912
7908 1098
7909 840
7910 840
7911 942
7912 858
7913 816
7914 816
7915 816
7916 966
7917 996
7918 900
7919 930
7920 912
7921 900
7922 1020
7923 1050
7924 1242
7925 1386
7926 1008
7927 1152
7928 1092
7929 816
7930 912
7931 1080
7932 870
7933 804
7934 882
7935 912
7936 1326
7937 960
7938 1020
7939 900
7940 912
7941 912
7942 1134
7943 1056
7944 960
7945 828
7946 1080
7947 996
7948 912
7949 960
7950 1026
7951 912
7952 858
7953 1014
7954 870
7955 912
7956 1062
7957 870
7958 912
7959 900
7960 846
7961 912
7962 846
7963 1182
7964 930
7965 870
7966 1152
7967 930
7968 912
7969 1020
7970 876
7971 960
7972 900
7973 912
7974 900
7975 828
7976 888
7977 1014
7978 828
7979 984
7980 870
7981 900
7982 930
7983 954
7984 1062
7985 1002
7986 960
7987 900
7988 828
7989 858
7990 960
7991 972
7992 984
7993 1002
7994 960
7995 1032
7996 984
7997 1050
7998 1032
7999 1050
8000 900
8001 900
8002 1266
8003 912
8004 900
8005 888
8006 870
8007 930
8008 1080
8009 828
8010 828
8011 918
8012 918
8013 1074
8014 1002
8015 990
8016 1032
8017 930
8018 1020
8019 1014
8020 1038
8021 900
8022 900
8023 900
8024 942
8025 900
8026 870
8027 930
8028 990
8029 942
8030 888
8031 900
8032 828
8033 858
8034 858
8035 858
8036 888
8037 888
8038 930
8039 942
8040 888
8041 900
8042 942
8043 1092
8044 870
8045 858
8046 942
8047 942
8048 870
8049 870
8050 942
8051 888
8052 870
8053 942
8054 930
8055 900
8056 900
8057 900
8058 900
8059 900
8060 972
8061 888
8062 888
8063 1332
8064 888
8065 888
8066 1656
8067 888
8068 930
8069 858
8070 912
8071 888
8072 1014
8073 834
8074 900
8075 834
8076 834
8077 930
8078 930
8079 900
8080 834
8081 888
8082 888
8083 1008
8084 888
8085 888
8086 912
Unexpected message received for job 1044496
8087 888
8088 942
8089 930
8090 900
8091 1050
8092 978
Unexpected message received for job 1044496
8093 942
8094 984
8095 942
8096 942
8097 1062
8098 900
8099 900
8100 1026
8101 942
8102 900
8103 912
8104 1302
8105 900
8106 870
8107 942
8108 1128
8109 1548
8110 1608
8111 1752
8112 1524
8113 984
8114 1482
8115 984
8116 1476
8117 1482
8118 888
8119 888
8120 1488
8121 900
8122 1488
8123 1470
8124 960
8125 1158
8126 912
8127 816
8128 822
8129 1188
8130 1188
8131 1158
8132 1188
8133 1200
8134 1158
8135 1230
8136 1038
8137 1128
8138 1092
8139 3240
8140 1062
8141 966
8142 1188
8143 1188
8144 1128
8145 972
8146 1164
8147 1062
8148 1392
8149 1194
8150 972
8151 1230
8152 1206
8153 1194
8154 1674
8155 1122
8156 972
8157 1092
8158 1014
8159 1548
8160 942
8161 972
8162 972
8163 1176
8164 918
8165 1548
8166 930
8167 906
8168 984
8169 1140
8170 930
8171 1152
8172 972
8173 1140
8174 888
8175 1140
8176 1128
8177 870
8178 1152
8179 1128
8180 1092
8181 1128
8182 1128
8183 888
8184 1170
8185 2010
8186 1422
8187 1074
8188 1116
8189 1074
8190 858
8191 918
8192 918
8193 918
8194 918
8195 954
8196 1008
8197 918
8198 846
8199 828
8200 1128
8201 918
8202 930
8203 918
8204 816
8205 918
8206 900
8207 960
8208 876
8209 876
8210 876
8211 828
8212 828
8213 990
8214 870
8215 828
8216 900
8217 828
8218 828
8219 804
8220 828
8221 840
8222 828
8223 1386
8224 1386
8225 1056
8226 1056
8227 1068
8228 1074
8229 1062
8230 1440
8231 1140
8232 1098
8233 816
8234 870
8235 1350
8236 816
8237 1062
8238 1056
8239 1224
8240 1056
8241 1164
8242 1056
8243 1056
8244 1044
8245 1056
8246 816
8247 912
8248 1188
8249 804
8250 1068
8251 1386
8252 900
8253 1056
8254 1038
8255 1122
8256 960
8257 1062
8258 1056
8259 1056
8260 804
8261 804
8262 1098
8263 462
8264 846
8265 2658
8266 828
8267 762
8268 792
8269 762
8270 804
8271 840
8272 942
8273 828
8274 828
8275 1554
8276 1128
8277 1164
8278 804
8279 762
8280 816
8281 762
8282 1068
8283 846
8284 858
8285 762
8286 762
8287 840
8288 1080
8289 1068
8290 1068
8291 1068
8292 1068
8293 918
8294 954
8295 1086
8296 804
8297 1086
8298 816
8299 1080
8300 1140
8301 1038
8302 1068
8303 804
8304 762
8305 762
8306 1068
8307 720
8308 912
8309 1530
8310 750
8311 966
8312 870
8313 960
8314 864
8315 1050
8316 954
8317 864
8318 966
8319 954
8320 954
8321 966
8322 954
8323 762
8324 762
8325 750
8326 762
8327 762
8328 858
8329 966
8330 846
8331 966
8332 912
8333 954
8334 966
8335 942
8336 1008
8337 966
8338 966
8339 1134
8340 912
8341 1440
8342 774
8343 1128
8344 996
8345 1332
8346 1194
8347 1008
8348 1404
8349 966
8350 762
8351 972
8352 762
8353 762
8354 762
8355 816
8356 762
8357 786
8358 762
8359 2418
8360 1062
8361 762
8362 762
8363 762
8364 774
8365 834
8366 762
8367 1062
8368 1104
8369 942
8370 858
8371 1104
8372 1650
8373 1116
8374 1104
8375 1050
8376 1032
8377 828
8378 1458
8379 1038
8380 1116
8381 1146
8382 966
8383 1518
8384 1470
8385 846
8386 870
8387 1524
8388 1434
8389 1404
8390 996
8391 846
8392 1506
8393 1728
8394 930
8395 960
8396 1662
8397 1734
8398 858
8399 1206
8400 954
8401 960
8402 840
8403 756
8404 912
8405 840
8406 840
8407 840
8408 870
8409 840
8410 1236
8411 996
8412 1008
8413 882
8414 1236
8415 840
8416 840
8417 840
8418 912
8419 882
8420 840
8421 840
8422 840
8423 840
8424 840
8425 828
8426 756
8427 756
8428 924
8429 882
8430 828
8431 756
8432 882
8433 864
8434 1080
8435 816
8436 864
8437 864
8438 966
8439 960
8440 954
8441 1014
8442 1398
8443 1356
8444 1356
8445 894
8446 1026
8447 870
8448 1788
8449 1596
8450 1626
8451 1506
8452 1488
8453 1314
8454 1698
8455 1734
8456 1764
8457 1164
8458 918
8459 1500
8460 948
8461 1050
8462 1536
8463 816
8464 1704
8465 990
8466 1470
8467 1470
8468 1470
8469 906
8470 1410
8471 1428
8472 1026
8473 1212
8474 1584
8475 918
8476 918
8477 906
8478 1566
8479 1572
8480 978
8481 906
8482 1020
8483 966
8484 918
8485 786
8486 1116
8487 906
8488 828
8489 906
8490 906
8491 942
8492 876
8493 918
8494 906
8495 906
8496 906
8497 1092
8498 840
8499 906
8500 882
8501 840
8502 906
8503 906
8504 1542
8505 966
8506 906
8507 972
8508 1482
8509 1686
8510 1146
8511 1758
8512 1584
8513 840
8514 1242
8515 840
8516 1440
8517 1752
8518 1680
8519 372
8520 462
8521 1098
8522 804
8523 1284
8524 1830
8525 780
8526 1560
8527 1482
8528 762
8529 1674
8530 942
8531 1518
8532 1350
8533 1584
8534 1662
8535 972
8536 840
8537 462
8538 1776
8539 1554
8540 1188
8541 840
8542 1710
8543 1518
8544 882
8545 1686
8546 1782
8547 1500
8548 840
8549 1788
8550 1452
8551 1722
8552 1752
8553 1752
8554 1494
8555 1704
8556 1638
8557 840
8558 1752
8559 1692
8560 1590
8561 1704
8562 1548
8563 1302
8564 1512
8565 1512
8566 2250
8567 822
8568 1782
8569 1710
8570 1272
8571 864
8572 1422
8573 1716
8574 2214
8575 366
8576 2220
8577 2130
8578 1464
8579 1434
8580 1656
8581 1728
8582 876
8583 834
8584 816
8585 816
8586 1344
8587 1044
8588 816
8589 1368
8590 1254
8591 1044
8592 846
8593 846
8594 816
8595 1374
8596 1152
8597 1722
8598 1572
8599 888
8600 1680
8601 846
8602 912
8603 888
8604 846
8605 804
8606 846
8607 1410
8608 846
8609 948
8610 846
8611 846
8612 930
8613 846
8614 1410
8615 888
8616 888
8617 1482
8618 1308
8619 888
8620 930
8621 930
8622 1170
8623 1290
8624 846
8625 846
8626 846
8627 1812
8628 1440
8629 1098
8630 888
8631 846
8632 1362
8633 816
8634 930
8635 846
8636 876
8637 834
8638 846
8639 846
8640 846
8641 846
8642 846
8643 846
8644 846
8645 888
8646 846
8647 846
8648 900
8649 1398
8650 1398
8651 876
8652 918
8653 1398
8654 1398
8655 1398
8656 846
8657 1116
8658 918
8659 1410
8660 1260
8661 1632
8662 1428
8663 1398
8664 864
8665 876
8666 888
8667 876
8668 876
8669 876
8670 918
8671 1062
8672 1110
8673 1374
8674 792
8675 804
8676 1170
8677 948
8678 1392
8679 1140
8680 918
8681 906
8682 918
8683 918
8684 936
8685 906
8686 990
8687 918
8688 960
8689 960
8690 1116
8691 1188
8692 1170
8693 948
8694 1248
8695 1518
8696 1170
8697 1164
8698 1014
8699 1026
8700 1014
8701 1404
8702 960
8703 1212
8704 1302
8705 1164
8706 1170
8707 1062
8708 1446
8709 996
8710 1170
8711 1920
8712 1002
8713 1194
8714 1434
8715 876
8716 1164
8717 1086
8718 1062
8719 1218
8720 1068
8721 1668
8722 1032
8723 1254
8724 1332
8725 960
8726 972
8727 1188
8728 1284
8729 1062
8730 972
8731 1194
8732 762
8733 1278
8734 1008
8735 876
8736 1038
8737 960
8738 972
8739 1218
8740 972
8741 1290
8742 1212
8743 960
8744 918
8745 1212
8746 972
8747 1056
8748 888
8749 1002
8750 1074
8751 1224
8752 846
8753 846
8754 1128
8755 1062
8756 822
8757 1050
8758 1218
8759 1080
8760 1590
8761 1002
8762 1032
8763 930
8764 1032
8765 1104
8766 1050
8767 1086
8768 918
8769 1104
8770 846
8771 846
8772 1044
8773 876
8774 1002
8775 1086
8776 1074
8777 1002
8778 1002
8779 990
8780 1044
8781 930
8782 1380
8783 1062
8784 1074
8785 1188
8786 1044
8787 1062
8788 990
8789 870
8790 1224
8791 966
8792 804
8793 1722
8794 990
8795 1008
8796 1002
8797 1032
8798 1380
8799 1002
8800 1092
8801 1092
8802 1092
8803 1092
8804 1092
8805 930
8806 1092
8807 990
8808 1152
8809 1092
8810 1122
8811 1374
8812 1092
8813 918
8814 1020
8815 1212
8816 1092
8817 1092
8818 1092
8819 876
8820 1044
8821 804
8822 972
8823 1110
8824 1074
8825 1080
8826 1176
8827 1092
8828 1074
8829 1092
8830 888
8831 1092
8832 1074
8833 888
8834 1104
8835 1116
8836 1092
8837 750
8838 1182
8839 882
8840 1092
8841 858
8842 1056
8843 1320
8844 876
8845 1062
8846 948
8847 804
8848 960
8849 888
8850 852
8851 1002
8852 918
8853 1098
8854 1086
8855 846
8856 918
8857 846
8858 1326
8859 960
8860 834
8861 834
8862 1086
8863 1236
8864 876
8865 1038
8866 972
8867 888
8868 1218
8869 840
8870 1116
8871 1122
8872 1110
8873 960
8874 1332
8875 918
8876 270
8877 1002
8878 750
8879 1152
8880 1266
8881 1716
8882 960
8883 876
8884 876
8885 876
8886 846
8887 762
8888 864
8889 804
8890 900
8891 846
8892 990
8893 864
8894 846
8895 846
8896 846
8897 750
8898 876
8899 876
8900 1140
8901 888
8902 1170
8903 960
8904 918
8905 960
8906 1470
8907 1050
8908 846
8909 876
8910 906
8911 1062
8912 876
8913 900
8914 906
8915 906
8916 960
8917 1122
8918 846
8919 846
8920 1014
8921 846
8922 846
8923 846
8924 876
8925 846
8926 924
8927 846
8928 852
8929 834
8930 816
8931 792
8932 1380
8933 864
8934 1680
8935 918
8936 1038
8937 900
8938 1386
8939 942
8940 960
8941 1422
8942 876
8943 1164
8944 1482
8945 1728
8946 918
8947 810
8948 1080
8949 906
8950 1032
8951 936
8952 906
8953 960
8954 960
8955 1002
8956 906
8957 1098
8958 1494
8959 960
8960 1368
8961 990
8962 972
8963 1002
8964 1014
8965 1014
8966 972
8967 960
8968 954
8969 1320
8970 1320
8971 972
8972 1050
8973 1050
8974 912
8975 1008
8976 1044
8977 1050
8978 1104
8979 1062
8980 1248
8981 1050
8982 918
8983 1020
8984 1062
8985 1062
8986 1134
8987 1050
8988 888
8989 1050
8990 990
8991 990
8992 960
8993 960
8994 804
8995 1134
8996 1140
8997 1092
8998 876
8999 876
9000 876
9001 918
9002 936
9003 936
9004 1716
9005 888
9006 888
9007 888
9008 270
9009 888
9010 864
9011 864
9012 1014
9013 1596
9014 804
9015 804
9016 804
9017 1098
9018 804
9019 888
9020 804
9021 846
9022 804
9023 804
9024 804
9025 804
9026 846
9027 780
9028 888
9029 846
9030 804
9031 804
9032 900
9033 846
9034 804
9035 972
9036 804
9037 1056
9038 804
9039 792
9040 804
9041 804
9042 804
9043 804
9044 804
9045 816
9046 804
9047 804
9048 792
9049 846
9050 978
9051 1068
9052 804
9053 792
9054 858
9055 846
9056 816
9057 804
9058 858
9059 846
9060 804
9061 1398
9062 804
9063 792
9064 804
9065 894
9066 816
9067 804
9068 846
9069 858
9070 858
9071 804
9072 804
9073 906
9074 804
9075 804
9076 804
9077 846
9078 900
9079 804
9080 804
9081 816
9082 846
9083 804
9084 1080
9085 1182
9086 846
9087 1746
9088 804
9089 804
9090 804
9091 1956
9092 1158
9093 984
9094 804
9095 804
9096 804
9097 882
9098 804
9099 804
9100 804
9101 804
9102 846
9103 804
9104 804
9105 858
9106 804
9107 804
9108 858
9109 804
9110 1116
9111 762
9112 762
9113 804
9114 1062
9115 762
9116 900
9117 762
9118 804
9119 804
9120 762
9121 1470
9122 762
9123 816
9124 762
9125 1194
9126 762
9127 804
9128 900
9129 762
9130 762
9131 762
9132 762
9133 1620
9134 762
9135 762
9136 762
9137 762
9138 792
9139 762
9140 762
9141 1110
9142 804
9143 1260
9144 1074
9145 762
9146 816
9147 984
9148 762
9149 816
9150 960
9151 282
9152 858
9153 1014
9154 804
9155 846
9156 804
9157 846
9158 858
9159 762
9160 762
9161 954
9162 762
9163 762
9164 816
9165 942
9166 804
9167 984
9168 804
9169 804
9170 804
9171 762
9172 816
9173 762
9174 762
9175 762
9176 840
9177 804
9178 846
9179 858
9180 846
9181 1086
9182 804
9183 762
9184 1884
9185 762
9186 762
9187 762
9188 1212
9189 762
9190 774
9191 762
9192 1152
9193 762
9194 762
9195 762
9196 804
9197 762
9198 816
9199 804
9200 846
9201 762
9202 762
9203 990
9204 762
9205 846
9206 762
9207 762
9208 804
9209 762
9210 762
9211 762
9212 762
9213 762
9214 792
9215 834
9216 1038
9217 900
9218 1044
9219 1116
9220 762
9221 762
9222 1122
9223 1104
9224 918
9225 1074
9226 1152
9227 1458
9228 1092
9229 1110
9230 1044
9231 1020
9232 954
9233 1074
9234 1086
9235 1116
9236 1068
9237 1074
9238 1074
9239 1074
9240 1284
9241 1086
9242 792
9243 1002
9244 780
9245 1326
9246 792
9247 1014
9248 1074
9249 1074
9250 804
9251 996
9252 1098
9253 1098
9254 1326
9255 1068
9256 1152
9257 792
9258 1098
9259 1074
9260 1014
9261 1104
9262 1110
9263 1110
9264 1092
9265 804
9266 1074
9267 1236
9268 990
9269 1128
9270 1098
9271 1116
9272 1074
9273 1074
9274 1074
9275 846
9276 1074
9277 1122
9278 912
9279 912
9280 1020
9281 1074
9282 1062
9283 1098
9284 1116
9285 804
9286 948
9287 1182
9288 1080
9289 1080
9290 1074
9291 1170
9292 1116
9293 804
9294 1074
9295 816
9296 1068
9297 1074
9298 1056
9299 1050
9300 816
9301 792
9302 1074
9303 1074
9304 1074
9305 1074
9306 1074
9307 792
9308 1098
9309 1050
9310 924
9311 1074
9312 792
9313 768
9314 804
9315 804
9316 846
9317 1146
9318 792
9319 762
9320 846
9321 942
9322 804
9323 924
9324 858
9325 846
9326 792
9327 1350
9328 900
9329 804
9330 1182
9331 942
9332 1068
9333 900
9334 834
9335 792
9336 792
9337 858
9338 750
9339 804
9340 1104
9341 846
9342 804
9343 792
9344 780
9345 792
9346 846
9347 846
9348 834
9349 792
9350 792
9351 792
9352 846
9353 792
9354 792
9355 792
Unexpected message received for job 1044496
9356 1182
9357 1086
9358 816
9359 834
9360 924
9361 888
9362 792
Unexpected message received for job 1044496
9363 780
9364 792
9365 834
9366 846
9367 792
9368 1410
9369 1020
9370 792
9371 792
9372 972
9373 834
9374 792
9375 792
9376 834
9377 792
9378 960
9379 948
9380 1014
9381 918
9382 888
9383 876
9384 876
9385 876
9386 834
9387 1758
9388 918
9389 876
9390 972
9391 876
9392 1080
9393 1422
9394 876
9395 942
9396 876
9397 876
9398 876
9399 924
9400 906
9401 960
9402 888
9403 846
9404 1032
9405 996
9406 972
9407 1182
9408 1080
9409 1080
9410 1212
9411 1080
9412 1038
9413 1038
9414 1056
9415 1284
9416 456
9417 1038
9418 1302
9419 1014
9420 1278
9421 1056
9422 1110
9423 888
9424 888
9425 804
9426 1152
9427 1020
9428 1080
9429 1074
9430 1266
9431 960
9432 1038
9433 900
9434 972
9435 1038
9436 1056
9437 1308
9438 954
9439 1014
9440 1026
9441 1650
9442 972
9443 966
9444 1014
9445 1014
9446 1014
9447 1014
9448 1206
9449 1014
9450 1056
9451 1002
9452 1014
9453 1014
9454 930
9455 900
9456 1032
9457 1032
9458 1014
9459 1014
9460 1398
9461 930
9462 1362
9463 1014
9464 1056
9465 1014
9466 786
9467 1014
9468 1014
9469 984
9470 942
9471 1014
9472 1014
9473 1056
9474 1026
9475 1056
9476 1194
9477 1014
9478 912
9479 1218
9480 1230
9481 1260
9482 1002
9483 924
9484 1242
9485 1272
9486 954
9487 1014
9488 1242
9489 1242
9490 1278
9491 942
9492 972
9493 1356
9494 1242
9495 870
9496 594
9497 1242
9498 1080
9499 996
9500 1242
9501 1356
9502 870
9503 954
9504 954
9505 996
9506 816
9507 954
9508 954
9509 984
9510 954
9511 1068
9512 954
9513 996
9514 1266
9515 954
9516 900
9517 996
9518 954
9519 1014
9520 954
9521 1152
9522 282
9523 1068
9524 1092
9525 282
9526 1056
9527 954
9528 900
9529 942
9530 942
9531 1038
9532 876
9533 954
9534 954
9535 954
9536 282
9537 282
9538 996
9539 282
9540 282
9541 282
9542 858
9543 984
9544 954
9545 1122
9546 1086
9547 948
9548 954
9549 282
9550 984
9551 954
9552 954
9553 984
9554 282
9555 282
9556 996
9557 912
9558 282
9559 282
9560 282
9561 1548
9562 984
9563 1128
9564 954
9565 984
9566 954
9567 942
9568 990
9569 954
9570 1194
9571 942
9572 924
9573 954
9574 996
9575 1080
9576 1248
9577 1092
9578 1428
9579 816
9580 816
9581 816
9582 930
9583 930
9584 834
9585 888
9586 888
9587 816
9588 1056
9589 996
9590 930
9591 1062
9592 1074
9593 930
9594 1086
9595 930
9596 1134
9597 930
9598 1008
9599 1146
9600 918
9601 888
9602 1044
9603 1002
9604 1002
9605 888
9606 888
9607 1002
9608 1002
9609 1002
9610 1014
9611 1080
9612 912
9613 1116
9614 1002
9615 846
9616 1056
9617 960
9618 1074
9619 918
9620 1074
9621 876
9622 1086
9623 870
9624 1044
9625 1044
9626 888
9627 1002
9628 1014
9629 1044
9630 984
9631 858
9632 1326
9633 858
9634 876
9635 1044
9636 888
9637 804
9638 930
9639 888
9640 888
9641 930
9642 888
9643 930
9644 888
9645 888
9646 924
9647 876
9648 888
9649 876
9650 1188
9651 1008
9652 942
9653 990
9654 876
9655 1002
9656 972
9657 900
9658 990
9659 960
9660 876
9661 1002
9662 990
9663 1074
9664 990
9665 948
9666 1014
9667 990
9668 990
9669 924
9670 1500
9671 1044
9672 876
9673 1026
9674 990
9675 1392
9676 1386
9677 1434
9678 996
9679 1044
9680 960
9681 1224
9682 1002
9683 990
9684 1014
9685 1002
9686 1050
9687 990
9688 1002
9689 1002
9690 990
9691 1092
9692 846
9693 990
9694 960
9695 960
9696 1002
9697 984
9698 918
9699 858
9700 888
9701 918
9702 888
9703 888
9704 918
9705 1098
9706 888
9707 888
9708 888
9709 960
9710 984
9711 1386
9712 888
9713 1032
9714 888
9715 900
9716 858
9717 888
9718 888
9719 900
9720 1278
9721 888
9722 1164
9723 912
9724 780
9725 948
9726 816
9727 1104
9728 1026
9729 942
9730 900
9731 780
9732 1086
9733 822
9734 780
9735 1452
9736 780
9737 906
9738 780
9739 780
9740 780
9741 822
9742 822
9743 792
9744 780
9745 780
9746 792
9747 792
9748 834
9749 954
9750 780
9751 762
9752 780
9753 792
9754 834
9755 864
9756 888
9757 846
9758 846
9759 846
9760 834
9761 834
9762 876
9763 876
9764 834
9765 864
9766 876
9767 1092
9768 834
9769 858
9770 846
9771 804
9772 858
9773 816
9774 1044
9775 816
9776 888
9777 990
9778 804
9779 804
9780 804
9781 774
9782 804
9783 1050
9784 1074
9785 804
9786 1188
9787 792
9788 804
9789 804
9790 888
9791 1188
9792 1104
9793 1188
9794 1146
9795 1116
9796 1158
9797 1170
9798 1476
9799 1086
9800 804
9801 1170
9802 1182
9803 900
9804 1026
9805 960
9806 804
9807 816
9808 876
9809 804
9810 816
9811 846
9812 804
9813 804
9814 804
9815 1002
9816 906
9817 846
9818 804
9819 846
9820 804
9821 804
9822 804
9823 804
9824 792
9825 846
9826 804
9827 846
9828 858
9829 804
9830 816
9831 846
9832 804
9833 900
9834 858
9835 1446
9836 1134
9837 1092
9838 954
9839 1260
9840 1116
9841 1092
9842 1140
9843 1740
9844 1104
9845 1302
9846 1350
9847 1134
9848 1260
9849 1134
9850 1326
9851 804
9852 1074
9853 1116
9854 1092
9855 1086
9856 1638
9857 1086
9858 864
9859 846
9860 846
9861 1086
9862 1062
9863 1104
9864 1140
9865 1098
9866 942
9867 1122
9868 942
9869 1098
9870 1098
9871 1098
9872 1074
9873 1086
9874 1068
9875 1116
9876 954
9877 1050
9878 1020
9879 1098
9880 1110
9881 1098
9882 1014
9883 1020
9884 1074
9885 1068
9886 1074
9887 912
9888 1086
9889 1026
9890 1086
9891 1086
9892 1068
9893 972
9894 1098
9895 1086
9896 1098
9897 990
9898 1146
9899 840
9900 1014
9901 1020
9902 1020
9903 1044
9904 996
9905 1008
9906 1110
9907 1020
9908 1020
9909 792
9910 816
9911 1056
9912 960
9913 1158
9914 1014
9915 1056
9916 984
9917 1032
9918 1008
9919 1020
9920 1020
9921 1086
9922 1020
9923 1020
9924 1032
9925 1068
9926 1098
9927 1068
9928 1068
9929 1014
9930 1428
9931 1026
9932 1068
9933 1086
9934 1086
9935 918
9936 1008
9937 1062
9938 1098
9939 1020
9940 1062
9941 1056
9942 1068
9943 1080
9944 1038
9945 1362
9946 1068
9947 1026
9948 1110
9949 1080
9950 888
9951 792
9952 834
9953 990
9954 996
9955 792
9956 1086
9957 834
9958 792
9959 792
9960 858
9961 1038
9962 792
9963 816
9964 792
9965 792
9966 792
9967 846
9968 792
9969 888
9970 834
9971 1098
9972 960
9973 792
9974 792
9975 792
9976 858
9977 888
9978 888
9979 1074
9980 960
9981 1014
9982 1098
9983 1044
9984 1014
9985 876
9986 1782
9987 972
9988 990
9989 1014
9990 1056
9991 774
9992 1014
9993 1014
9994 834
9995 1014
9996 1014
9997 978
9998 1014
9999 1014
Record :  702
