0 0
1 1806
2 1806
3 2562
4 1512
5 1428
6 1680
7 1764
8 1470
9 1932
10 3234
11 2058
12 1974
13 1848
14 3234
15 3864
16 4536
17 2058
18 2898
19 3528
20 3276
21 2814
22 2394
23 3066
24 2478
25 5334
26 3360
27 4284
28 4998
29 4956
30 8232
31 4284
32 6048
33 7140
34 6300
35 4452
36 8190
37 7812
38 8652
39 5418
40 7350
41 5460
42 5964
43 8148
44 5040
45 10122
46 9072
47 4200
48 5460
49 6762
50 9156
51 8064
52 10332
53 3780
54 9576
55 8274
56 11802
57 3444
58 4116
59 7938
60 8400
61 6468
62 5628
63 7686
64 7140
65 6216
66 6258
67 5586
68 4536
69 3528
70 6678
71 4158
72 4032
73 7476
74 6594
75 4158
76 9366
77 8274
78 8106
79 5964
80 6006
81 8862
82 7350
83 5712
84 6888
85 7980
86 4158
87 7266
88 9156
89 4326
90 5796
91 8064
92 6342
93 3528
94 2772
95 9660
96 8274
97 5334
98 8022
99 3864
100 4788
101 2394
102 4410
103 7140
104 6132
105 8106
106 11634
107 7896
108 5838
109 7266
110 8988
111 9030
112 8652
113 7896
114 6930
115 6006
116 5964
117 9744
118 7266
119 4956
120 4872
121 6216
122 9408
123 9072
124 6216
125 5082
126 5292
127 2478
128 6468
129 5712
130 3738
131 6048
132 7980
133 5712
134 5670
Unexpected message received for job 1048130
135 3906
136 4284
Unexpected message received for job 1048130
137 6510
138 3864
139 4494
140 4872
141 4200
142 3108
143 4578
144 9366
145 6972
146 4788
147 2142
148 5838
149 2646
150 9618
151 5586
152 9786
153 6216
154 7140
155 5418
156 9702
157 2352
158 6468
159 6426
160 8316
161 4326
162 1848
163 5166
164 6384
165 4032
166 6846
167 5670
168 6258
169 8232
170 6930
171 6132
172 2646
173 6090
174 3444
175 6594
176 4746
177 4032
178 4956
179 4494
180 5838
181 3990
182 4746
183 4452
184 3066
185 6048
186 9030
187 6384
188 8022
189 9618
190 7518
191 5082
192 6426
193 2520
194 7896
195 7014
196 6510
197 5628
198 5880
199 4620
200 6720
201 5124
202 3780
203 4746
204 6888
205 3822
206 6426
207 8232
208 4662
209 2520
210 3318
211 10878
212 8988
213 7518
214 7896
215 7770
216 5166
217 3906
218 2814
219 7770
220 5082
221 4746
222 6384
223 7434
224 4746
225 4872
226 6426
227 7812
228 7854
229 4704
230 2688
231 3066
232 3822
233 2730
234 2982
235 4662
236 3402
237 6048
238 7392
239 5124
240 6426
241 4872
242 6426
243 5376
244 2562
245 2226
246 5628
247 6174
248 5166
249 3486
250 3150
251 4578
252 3738
253 7518
254 4158
255 5880
256 3990
257 3570
258 1554
259 6888
260 4326
261 5628
262 3108
263 4242
264 6594
265 3654
266 5670
267 4662
268 4452
269 3066
270 5250
271 2730
272 8778
273 2016
274 3486
275 5922
276 5838
277 2016
278 4830
279 2184
280 3402
281 9408
282 5250
283 3234
284 8568
285 2646
286 2394
287 3612
288 2604
289 5796
290 9870
291 4368
292 3696
293 3024
294 2688
295 6090
296 9576
297 6720
298 5166
299 2100
300 2016
301 3612
302 5124
303 5292
304 4284
305 3318
306 3360
307 2520
308 3444
309 3906
310 1638
311 5460
312 6258
313 2814
314 3612
315 7938
316 4032
317 3990
318 4032
319 1932
320 5754
321 3066
322 3822
323 3906
324 5334
325 2982
326 2604
327 2604
328 3234
329 2394
330 1680
331 3024
332 3822
333 3024
334 3234
335 3906
336 2394
337 3906
338 4326
339 4494
340 3528
341 3738
342 5586
343 2310
344 4200
345 3234
346 1890
347 4956
348 3234
349 4410
350 3696
351 4368
352 3654
353 3822
354 5124
355 5670
356 2898
357 5460
358 4242
359 3276
360 2100
361 4830
362 5334
363 1512
364 3402
365 4536
366 5964
367 3612
368 2310
369 3780
370 2100
371 3402
372 3444
373 3276
374 3066
375 2058
376 2394
377 6048
378 3570
379 3528
380 4536
381 2730
382 4158
383 2688
384 5544
385 4956
386 2142
387 2184
388 1932
389 6048
390 1806
391 3402
392 3402
393 2478
394 3444
395 2058
396 2814
397 5292
398 3150
399 3402
400 6804
401 4074
402 7476
403 5418
404 2940
405 7560
406 9240
407 3612
408 9198
409 4032
410 2646
411 2646
412 4242
413 5460
414 5628
415 4032
416 3234
417 4578
418 4536
419 4326
420 4200
421 5586
422 2730
423 6258
424 6678
425 7896
426 4788
427 7434
428 8442
429 5628
430 5712
431 2604
432 4956
433 2814
434 2058
435 4452
436 6594
437 4158
438 3570
439 5460
440 5376
441 7140
442 7182
443 4032
444 2268
445 4704
446 3318
447 2310
448 8442
449 7224
450 2646
451 4368
452 5376
453 11256
454 6300
455 2310
456 3654
457 3276
458 3150
459 3444
460 3486
461 3822
462 3738
463 5292
464 4704
465 3654
466 5922
467 5754
468 4410
469 2604
470 2730
471 2688
472 2352
473 2856
474 3822
475 4998
476 5670
477 3948
478 3948
479 4326
480 7350
481 3654
482 2772
483 7980
484 2814
485 7434
486 5586
487 4956
488 5166
489 1974
490 4410
491 2730
492 8190
493 7602
494 3654
495 2730
496 3864
497 4410
498 4326
499 2478
500 2898
501 2394
502 4200
503 5082
504 5922
505 4116
506 2772
507 4200
508 3444
509 3948
510 6636
511 4956
512 5166
513 5964
514 9114
515 5670
516 4032
517 6846
518 6930
519 2394
520 2436
521 3654
522 5124
523 4914
524 4536
525 5586
526 7392
527 6216
528 5964
529 3024
530 5628
531 3276
532 4704
533 6132
534 4242
535 7056
536 6972
537 3234
538 3948
539 3528
540 7392
541 3444
542 3906
543 3780
544 2688
545 3948
546 3486
547 6006
548 1890
549 3612
550 2898
551 3738
552 3318
553 2226
554 5376
555 7770
556 4578
557 3570
558 6468
559 2562
560 2520
561 4872
562 6594
563 4746
564 4032
565 3444
566 2562
567 2688
568 4914
569 2520
570 3318
571 3990
572 2688
573 6258
574 2856
575 4158
576 4452
577 2772
578 2856
579 2142
580 4368
581 4368
582 2940
583 2898
584 4242
585 2814
586 2940
587 4662
588 2058
589 4998
590 3948
591 1470
592 4704
593 3066
594 4578
595 2352
596 3528
597 3696
598 4998
599 2982
600 7182
601 1848
602 2562
603 3066
604 3780
605 4074
606 2058
607 5880
608 3024
609 3444
610 3444
611 3738
612 5334
613 2772
614 4578
615 6972
616 4956
617 3066
618 2982
619 1596
620 1722
621 6006
622 4368
623 6468
624 4746
625 2730
626 4074
627 3948
628 3906
629 4704
630 2394
631 1974
632 3192
633 1890
634 3570
635 2226
636 4620
637 6510
638 3990
639 6762
640 2268
641 6804
642 1848
643 1890
644 4830
645 2646
646 9282
647 2310
648 3318
649 6342
650 2856
651 2100
652 5670
653 2016
654 2562
655 2898
656 3864
657 2352
658 6258
659 6384
660 6468
661 2856
662 3696
663 4410
664 2814
Unexpected message received for job 1048130
665 3276
666 3066
Unexpected message received for job 1048130
667 3444
668 3444
669 3318
670 2688
671 3696
672 3360
673 3486
674 3276
675 4620
676 1722
677 2604
678 3486
679 5334
680 3024
681 2394
682 3192
683 2856
684 1680
685 2226
686 2562
687 2310
688 3948
689 2772
690 3696
691 8652
692 4872
693 3024
694 3486
695 1512
696 2604
697 1974
698 2562
699 4452
700 5712
701 2940
702 9996
703 3528
704 3738
705 2898
706 2604
707 3192
708 5544
709 3276
710 2478
711 2730
712 3528
713 2604
714 6216
715 3528
716 3654
717 2268
718 2772
719 4200
720 2520
721 3654
722 3612
723 2142
724 1932
725 2940
726 2310
727 9114
728 4872
729 1512
730 3444
731 3192
732 4536
733 4662
734 4620
735 1638
736 3108
737 3234
738 2646
739 3612
740 2100
741 2898
742 1932
743 2646
744 4704
745 1470
746 2982
747 1806
748 2016
749 2856
750 3570
751 4032
752 2100
753 1470
754 2562
755 1512
756 2646
757 2184
758 2100
759 2394
760 1932
761 2730
762 3696
763 2940
764 2856
765 3738
766 2268
767 3528
768 1554
769 1512
770 2142
771 2058
772 4620
773 2394
774 2016
775 6636
776 3066
777 3024
778 4746
779 6174
780 10836
781 3528
782 3402
783 7014
784 3150
785 4326
786 2982
787 1932
788 2352
789 3654
790 2730
791 3108
792 1428
793 4956
794 4956
795 3990
796 5292
797 2058
798 4788
799 2142
800 2856
801 3276
802 2646
803 1890
804 2352
805 4998
806 2352
807 4158
808 1764
809 6678
810 2436
811 5040
812 2730
813 1596
814 1596
815 3234
816 3948
817 4704
818 2352
819 2730
820 2646
821 2562
822 2478
823 6090
824 1890
825 3822
826 2268
827 3696
828 2310
829 4326
830 2100
831 3822
832 3780
833 2982
834 9282
835 2436
836 1302
837 3234
838 3234
839 1848
840 3948
841 4158
842 2898
843 3066
844 4410
845 5670
846 3948
847 2520
848 2688
849 1596
850 2772
851 2184
852 1428
853 2310
854 2604
855 4536
856 3108
857 2310
858 2520
859 2268
860 4284
861 3276
862 1512
863 1680
864 3192
865 2016
866 4200
867 3024
868 4536
869 3570
870 1806
871 4032
872 2814
873 2856
874 1890
875 2226
876 2352
877 2394
878 2604
879 1764
880 3906
881 3360
882 2814
883 3276
884 3108
885 2940
886 1848
887 2478
888 3990
889 2016
890 1974
891 2184
892 1848
893 8904
894 3612
895 2436
896 3990
897 2856
898 3402
899 3276
900 2142
901 3528
902 2520
903 2562
904 2184
905 1890
906 2646
907 1974
908 3318
909 2478
910 3192
911 4872
912 1386
913 1890
914 3402
915 1764
916 1470
917 2688
918 1596
919 1512
920 3108
921 1680
922 3150
923 3360
924 3318
925 4074
926 2604
927 3234
928 2058
929 2604
930 2268
931 5292
932 3234
933 2016
934 4200
935 1554
936 2856
937 4158
938 2814
939 2646
940 2604
941 3276
942 3024
943 2688
944 1722
945 4284
946 2100
947 3108
948 2268
949 3528
950 3906
951 3192
952 2352
953 2352
954 1932
955 2982
956 3150
957 3486
958 3696
959 4494
960 3024
961 2436
962 2226
963 4704
964 2478
965 4620
966 3150
967 2898
968 2898
969 2772
970 2814
971 3108
972 3444
973 3108
974 4032
975 2646
976 5544
977 1848
978 4956
979 2394
980 4536
981 5796
982 2772
983 2142
984 4494
985 1974
986 2310
987 3486
988 3150
989 3234
990 2814
991 3276
992 3276
993 2142
994 2310
995 1890
996 6678
997 2268
998 5796
999 2016
1000 3948
1001 3906
1002 4158
1003 4116
1004 2394
1005 2016
1006 3738
1007 2688
1008 3990
1009 3948
1010 4368
1011 3486
1012 3444
1013 8400
1014 4872
1015 7644
1016 3570
1017 2394
1018 2478
1019 4830
1020 2478
1021 3276
1022 2856
1023 2058
1024 7392
1025 3444
1026 2100
1027 4284
1028 4074
1029 2730
1030 2982
1031 4410
1032 1932
1033 2562
1034 2058
1035 3864
1036 5418
1037 4704
1038 4074
1039 2562
1040 2562
1041 2730
1042 1512
1043 1470
1044 1890
1045 2772
1046 1806
1047 2058
1048 2688
1049 2520
1050 4284
1051 3948
1052 2646
1053 1554
1054 2142
1055 4368
1056 2940
1057 5040
1058 2100
1059 3108
1060 1806
1061 2142
1062 2688
1063 4830
1064 4242
1065 2856
1066 9030
1067 2730
1068 3360
1069 1638
1070 2856
1071 2814
1072 2016
1073 3822
1074 1680
1075 2268
1076 1932
1077 1554
1078 5334
1079 1806
1080 3318
1081 2394
1082 3738
1083 5880
1084 2436
1085 4704
1086 2646
1087 6258
1088 3234
1089 3234
1090 5082
1091 5166
1092 4116
1093 4620
1094 4284
1095 3738
1096 4956
1097 2520
1098 3108
1099 3066
1100 4032
1101 5040
1102 3234
1103 2394
1104 5082
1105 3150
1106 4200
1107 2940
1108 3696
1109 3024
1110 2394
1111 3738
1112 4872
1113 2478
1114 1386
1115 4284
1116 4284
1117 2814
1118 2814
1119 7392
1120 4914
1121 5712
1122 6468
1123 2856
1124 2478
1125 3486
1126 2268
1127 4620
1128 1638
1129 1386
1130 2394
1131 3696
1132 2982
1133 1722
1134 1806
1135 3528
1136 4368
1137 7308
1138 3024
1139 4284
1140 3444
1141 3360
1142 4158
1143 3276
1144 2226
1145 3654
1146 2982
1147 3444
1148 2100
1149 3066
1150 4536
1151 3276
1152 2352
1153 3150
1154 1890
1155 3066
1156 1680
1157 2268
1158 5880
1159 3528
1160 2982
1161 4998
1162 6426
1163 3780
1164 1848
1165 2058
1166 5082
1167 3738
1168 2898
1169 3402
1170 4410
1171 8904
1172 2184
1173 3192
1174 6888
1175 4494
1176 2562
1177 3486
1178 4788
1179 4704
1180 6342
1181 2646
1182 3486
1183 4998
1184 5628
1185 3570
1186 2730
1187 3318
1188 5040
1189 2898
1190 3864
1191 3234
1192 2016
1193 2016
1194 3360
1195 3570
1196 2394
1197 2688
1198 1554
1199 4074
1200 3024
1201 5250
1202 2856
1203 4284
1204 1848
1205 2604
1206 5250
1207 3612
1208 3402
1209 2520
1210 2688
1211 2898
1212 1638
1213 2898
1214 4074
1215 3570
1216 2016
1217 2646
1218 2016
1219 3234
1220 4368
1221 5838
1222 2016
1223 1974
1224 1260
1225 4620
1226 2394
1227 3150
1228 1302
1229 3024
1230 2268
1231 6006
1232 1302
1233 2940
1234 4032
1235 3108
1236 2058
1237 3108
1238 2646
1239 2310
1240 2352
1241 3654
1242 4536
1243 1848
1244 2436
1245 6594
1246 3864
1247 2898
1248 2898
1249 1806
1250 2478
1251 2058
1252 3990
1253 2478
1254 4788
1255 5712
1256 7476
1257 1722
1258 3108
1259 6132
1260 5418
1261 1848
1262 3990
1263 6972
1264 2016
1265 2310
1266 4032
1267 2688
1268 3948
1269 2646
1270 4662
1271 3318
1272 4662
1273 2856
1274 3864
1275 1554
1276 2982
1277 3990
1278 2814
1279 2436
1280 9828
1281 3444
1282 2520
1283 3948
1284 3696
1285 2814
1286 4788
1287 1638
1288 2100
1289 2814
1290 2898
1291 2562
1292 8484
1293 4536
1294 4872
1295 3276
1296 3150
1297 5082
1298 3108
1299 3570
1300 3948
1301 3360
1302 5754
1303 3192
1304 2646
1305 2520
1306 2856
1307 4284
1308 4032
1309 1890
1310 1680
1311 3654
1312 3360
1313 3066
1314 3738
1315 3696
1316 2478
1317 2394
1318 6552
1319 3654
1320 2352
1321 3192
1322 2184
1323 3696
1324 3990
1325 2814
1326 9324
1327 3234
1328 1848
1329 2814
1330 1470
1331 3612
1332 3066
1333 2646
1334 3192
1335 3150
1336 3780
1337 3780
1338 3696
1339 3108
1340 2898
1341 1596
1342 4536
1343 2394
1344 4116
1345 2394
1346 2478
1347 2604
1348 2814
1349 2478
1350 7392
1351 2352
1352 3738
1353 1764
1354 2982
1355 6972
1356 2058
1357 2100
1358 4284
1359 3108
1360 3612
1361 2646
1362 2982
1363 2100
1364 5292
1365 2688
1366 2100
1367 3402
1368 5040
1369 1680
1370 2352
1371 1806
1372 1806
1373 2058
1374 3402
1375 2814
1376 2604
1377 1848
1378 2562
1379 4452
1380 2478
1381 4158
1382 2352
1383 4578
1384 1554
1385 1680
1386 6384
1387 3192
1388 2814
1389 2058
1390 2520
1391 2730
1392 2058
1393 2940
1394 3570
1395 2310
1396 2142
1397 4746
1398 1764
1399 1932
1400 3318
1401 2730
1402 3444
1403 2394
1404 2646
1405 1428
1406 1848
1407 2982
1408 2982
1409 2688
1410 2058
1411 1848
1412 2100
1413 2646
1414 1848
1415 1932
1416 4746
1417 1890
1418 2436
1419 2646
1420 3822
1421 3360
1422 3024
1423 2856
1424 3360
1425 1848
1426 2016
1427 2142
1428 2436
1429 4284
1430 2814
1431 2394
1432 2814
1433 1890
1434 1848
1435 4032
1436 2058
1437 1554
1438 3570
1439 1680
1440 1974
1441 2814
1442 2058
1443 4242
1444 1554
1445 3192
1446 2646
1447 3696
1448 2352
1449 3570
1450 2772
1451 2604
1452 2226
1453 2436
1454 1890
1455 3276
1456 2394
1457 2184
1458 2016
1459 4998
1460 3444
1461 2100
1462 2604
1463 2016
1464 2730
1465 6762
1466 2520
1467 1638
1468 1554
1469 3780
1470 3318
1471 3486
1472 2646
Unexpected message received for job 1048130
1473 1974
1474 8190
1475 3402
1476 1680
Unexpected message received for job 1048130
1477 6468
1478 4998
1479 1344
1480 2100
1481 1848
1482 3822
1483 3486
1484 3024
1485 2982
1486 4830
1487 1722
1488 2016
1489 2772
1490 9324
1491 2520
1492 2016
1493 2604
1494 2058
1495 6342
1496 2604
1497 8610
1498 3234
1499 2814
1500 2562
1501 2730
1502 2142
1503 2436
1504 1386
1505 2982
1506 1512
1507 3024
1508 4074
1509 3444
1510 5754
1511 2352
1512 2100
1513 2772
1514 2520
1515 4368
1516 1596
1517 2730
1518 6552
1519 3696
1520 1806
1521 2856
1522 2562
1523 8274
1524 3906
1525 3696
1526 1932
1527 2184
1528 1974
1529 3108
1530 2226
1531 4788
1532 3528
1533 2394
1534 3318
1535 1974
1536 6468
1537 3234
1538 1974
1539 2058
1540 3024
1541 3654
1542 4830
1543 2730
1544 3024
1545 7770
1546 3024
1547 1554
1548 2772
1549 5712
1550 6678
1551 6384
1552 9030
1553 2226
1554 2310
1555 3402
1556 2520
1557 3738
1558 3528
1559 3906
1560 1470
1561 2562
1562 2478
1563 3864
1564 3906
1565 3066
1566 2310
1567 2604
1568 3654
1569 2268
1570 2814
1571 4452
1572 1890
1573 3150
1574 3024
1575 3738
1576 2520
1577 4368
1578 2604
1579 2688
1580 6048
1581 5460
1582 3948
1583 3066
1584 5166
1585 3822
1586 5922
1587 7182
1588 4284
1589 2226
1590 3864
1591 2940
1592 4872
1593 3276
1594 4158
1595 3948
1596 2016
1597 5670
1598 6468
1599 5754
1600 5586
1601 3696
1602 4788
1603 2226
1604 2562
1605 2352
1606 4956
1607 3822
1608 2688
1609 2184
1610 4914
1611 1722
1612 2184
1613 3612
1614 5250
1615 2646
1616 1512
1617 6216
1618 3612
1619 4452
1620 11172
1621 12180
1622 6720
1623 2940
1624 2604
1625 3234
1626 3444
1627 6174
1628 3780
1629 2940
1630 6930
1631 3528
1632 6804
1633 7728
1634 3486
1635 2772
1636 2268
1637 1890
1638 6132
1639 3612
1640 2436
1641 3696
1642 4452
1643 4368
1644 7518
1645 4746
1646 2058
1647 7224
1648 3696
1649 2142
1650 6090
1651 6510
1652 7728
1653 3402
1654 2184
1655 3192
1656 3990
1657 6048
1658 2730
1659 3990
1660 2058
1661 3612
1662 6930
1663 5586
1664 1806
1665 3906
1666 3654
1667 2184
1668 3360
1669 3444
1670 2478
1671 2898
1672 4410
1673 2730
1674 4662
1675 2478
1676 3066
1677 2184
1678 3150
1679 2310
1680 3402
1681 6468
1682 2604
1683 5292
1684 3318
1685 2142
1686 1806
1687 1722
1688 4032
1689 1806
1690 2016
1691 2730
1692 1596
1693 4200
1694 3612
1695 2478
1696 2814
1697 2310
1698 2268
1699 3360
1700 7392
1701 3402
1702 3360
1703 3906
1704 1428
1705 1680
1706 5124
1707 4662
1708 2100
1709 3444
1710 3108
1711 2142
1712 3024
1713 2604
1714 3780
1715 5040
1716 2730
1717 2646
1718 2436
1719 3066
1720 3318
1721 1932
1722 2520
1723 2058
1724 1848
1725 5964
1726 1764
1727 2478
1728 6384
1729 8106
1730 3864
1731 3108
1732 3612
1733 3612
1734 4158
1735 6132
1736 4662
1737 3612
1738 2478
1739 1974
1740 2688
1741 4326
1742 2646
1743 2982
1744 3192
1745 1932
1746 2478
1747 1974
1748 1512
1749 3402
1750 3150
1751 2226
1752 3990
1753 2352
1754 4074
1755 4032
1756 1806
1757 4158
1758 3150
1759 2562
1760 2058
1761 4830
1762 1806
1763 3066
1764 2436
1765 1680
1766 5124
1767 4032
1768 2394
1769 2646
1770 2436
1771 1974
1772 2898
1773 1890
1774 1260
1775 3318
1776 1680
1777 3024
1778 3528
1779 1722
1780 2436
1781 6048
1782 2604
1783 4872
1784 2604
1785 2184
1786 1638
1787 1596
1788 2814
1789 2688
1790 3318
1791 3822
1792 6888
1793 1974
1794 2310
1795 2940
1796 2478
1797 1848
1798 1848
1799 1974
1800 4620
1801 3906
1802 2310
1803 2142
1804 2688
1805 3654
1806 6888
1807 2982
1808 2772
1809 4578
1810 2352
1811 1806
1812 4074
1813 2226
1814 4494
1815 5418
1816 2184
1817 3276
1818 3738
1819 3276
1820 2688
1821 2562
1822 3234
1823 1344
1824 1764
1825 3150
1826 3024
1827 2772
1828 2604
1829 1554
1830 2310
1831 3234
1832 1806
1833 1848
1834 2100
1835 2394
1836 2058
1837 1974
1838 6216
1839 3108
1840 1428
1841 1806
1842 5166
1843 3822
1844 5040
1845 2394
1846 1764
1847 1932
1848 3360
1849 2394
1850 2058
1851 4788
1852 3486
1853 2352
1854 2856
1855 3318
1856 3276
1857 3402
1858 2604
1859 2016
1860 1680
1861 6678
1862 1806
1863 2520
1864 3528
1865 2562
1866 2352
1867 1638
1868 2688
1869 3654
1870 3654
1871 3276
1872 3108
1873 1302
1874 2352
1875 3654
1876 3654
1877 5502
1878 1722
1879 2268
1880 3024
1881 2268
1882 3276
1883 2478
1884 4536
1885 2310
1886 4116
1887 3318
1888 3990
1889 1764
1890 2268
1891 1932
1892 4116
1893 3402
1894 2436
1895 3360
1896 1806
1897 1554
1898 2142
1899 3108
1900 2100
1901 1974
1902 3486
1903 2310
1904 2100
1905 2016
1906 4662
1907 2226
1908 2310
1909 2142
1910 1596
1911 2058
1912 1848
1913 2100
1914 2688
1915 3444
1916 3864
1917 1722
1918 1428
1919 1680
1920 2940
1921 1974
1922 2898
1923 2982
1924 2100
1925 2520
1926 1848
1927 4158
1928 2730
1929 3570
1930 3696
1931 4326
1932 1680
1933 1848
1934 3150
1935 3150
1936 2814
1937 3444
1938 4872
1939 3192
1940 1470
1941 2646
1942 3528
1943 1806
1944 1932
1945 3780
1946 2268
1947 5334
1948 4536
1949 4284
1950 1806
1951 2688
1952 2100
1953 3780
1954 2646
1955 2100
1956 2520
1957 2100
1958 1722
1959 3402
1960 2478
1961 2436
1962 1974
1963 2226
1964 2520
1965 2982
1966 2016
1967 2478
1968 5082
1969 1218
1970 3444
1971 2016
1972 2100
1973 2016
1974 2226
1975 1848
1976 1806
1977 2268
1978 2688
1979 2940
1980 2310
1981 1512
1982 1806
1983 1890
1984 2772
1985 2646
1986 3318
1987 1722
1988 1680
1989 3738
1990 1806
1991 3150
1992 2436
1993 1848
1994 2898
1995 2226
1996 3234
1997 4536
1998 3444
1999 3444
2000 5544
2001 3150
2002 2730
2003 2562
2004 3444
2005 1512
2006 2478
2007 3570
2008 2310
2009 4662
2010 2688
2011 1638
2012 2856
2013 1764
2014 1428
2015 1554
2016 2478
2017 2772
2018 2730
2019 4074
2020 4074
2021 1974
2022 5082
2023 3822
2024 3234
2025 3738
2026 2856
2027 2058
2028 1596
2029 1344
2030 2184
2031 2100
2032 2226
2033 2730
2034 1974
2035 2016
2036 2058
2037 3528
2038 3276
2039 1470
2040 2646
2041 2016
2042 2184
2043 3234
2044 1764
2045 1260
2046 5166
2047 1722
2048 2142
2049 2184
2050 3150
2051 5754
2052 9450
2053 5040
2054 3486
2055 6384
2056 7896
2057 3822
2058 3486
2059 1848
2060 4788
2061 2814
2062 1638
2063 1764
2064 5628
2065 4116
2066 2436
2067 4242
2068 2604
2069 4410
2070 2226
2071 3024
2072 2058
2073 3990
2074 2940
2075 1344
2076 2898
2077 2478
2078 2688
2079 2268
2080 2268
2081 1806
2082 2016
2083 1890
2084 2646
2085 2478
2086 1638
2087 1806
2088 2142
2089 3612
2090 2436
2091 2730
2092 2478
2093 1974
2094 1722
2095 3570
2096 4410
2097 5838
2098 1344
2099 8904
2100 3780
2101 4200
2102 1974
2103 2730
2104 3528
2105 5544
2106 6972
2107 2184
2108 2814
2109 2142
2110 3654
2111 1596
2112 4368
2113 4326
2114 2772
2115 5208
2116 3780
2117 2142
2118 2856
2119 2142
2120 1470
2121 4704
2122 3864
2123 2730
2124 3402
2125 3990
2126 5166
2127 2520
2128 2436
2129 2604
2130 2940
2131 2688
2132 6426
2133 4872
2134 2520
2135 2352
2136 3318
2137 2478
2138 2394
2139 2478
2140 2268
2141 2268
2142 9492
2143 2520
2144 3234
2145 1302
2146 2268
2147 2436
2148 5964
2149 1638
2150 2772
2151 2184
2152 3360
2153 1722
2154 2688
2155 2394
2156 2436
2157 4032
2158 3738
2159 4494
2160 5964
2161 2226
2162 3192
2163 2730
2164 4998
2165 3612
2166 3864
2167 4788
2168 5502
2169 2772
2170 4872
2171 2352
2172 5418
2173 7812
2174 5292
2175 3234
2176 5712
2177 3486
2178 4074
2179 5922
2180 4788
2181 1344
2182 5418
2183 2058
2184 4536
2185 3906
2186 5292
2187 3066
2188 4704
2189 3024
2190 3024
2191 6510
2192 4410
2193 7560
2194 5502
2195 4662
2196 3654
2197 1722
2198 1680
2199 2730
2200 3234
2201 4242
2202 4746
2203 1722
2204 1806
2205 3654
2206 3654
2207 2310
2208 1974
2209 4956
2210 3738
2211 6006
2212 8946
2213 1638
2214 4914
2215 6678
2216 2058
2217 2478
2218 3906
2219 1764
2220 1806
2221 4830
2222 3192
2223 2772
2224 3570
2225 3360
2226 3276
2227 3486
2228 3024
2229 2814
2230 3528
2231 4200
2232 2184
2233 3192
2234 3066
2235 3024
2236 3402
2237 2772
2238 1890
2239 2730
2240 4368
2241 1806
2242 1974
2243 3402
2244 5418
2245 3066
2246 1680
2247 2058
2248 3192
2249 1848
2250 2184
2251 3234
2252 2016
2253 2436
2254 3402
2255 4368
2256 6510
2257 5418
2258 6216
2259 5712
2260 2814
2261 2100
2262 2142
2263 2730
2264 3192
2265 2394
2266 2478
2267 1806
2268 4200
2269 5082
2270 3234
2271 2100
2272 3066
2273 2814
2274 4158
2275 4452
2276 2604
2277 3654
2278 3738
2279 4032
Unexpected message received for job 1048130
2280 3864
2281 2058
2282 2814
Unexpected message received for job 1048130
2283 3528
2284 10080
2285 2688
2286 2100
2287 3234
2288 6090
2289 5040
2290 3822
2291 2352
2292 1848
2293 1722
2294 2352
2295 3570
2296 5250
2297 2772
2298 2478
2299 2982
2300 3360
2301 2142
2302 1806
2303 1680
2304 4368
2305 1596
2306 3150
2307 1512
2308 4998
2309 3948
2310 1848
2311 3906
2312 2100
2313 2100
2314 1554
2315 2898
2316 3024
2317 2436
2318 1974
2319 2478
2320 3108
2321 2940
2322 1848
2323 1554
2324 3276
2325 3108
2326 3780
2327 3696
2328 3906
2329 5292
2330 2688
2331 1638
2332 3360
2333 2100
2334 4242
2335 2226
2336 2814
2337 3192
2338 3948
2339 5922
2340 3234
2341 2016
2342 3234
2343 2562
2344 3780
2345 1680
2346 2856
2347 1806
2348 3150
2349 2940
2350 2226
2351 2268
2352 3612
2353 2436
2354 2856
2355 3486
2356 5670
2357 2520
2358 3318
2359 3192
2360 2268
2361 3612
2362 1974
2363 1386
2364 1806
2365 2100
2366 1722
2367 4032
2368 4620
2369 1848
2370 5964
2371 2898
2372 1596
2373 2604
2374 2772
2375 1176
2376 1764
2377 1890
2378 3108
2379 1974
2380 1764
2381 1974
2382 2688
2383 1680
2384 2940
2385 1638
2386 2268
2387 1806
2388 1722
2389 1722
2390 2184
2391 3150
2392 4368
2393 2814
2394 1596
2395 2310
2396 3570
2397 4494
2398 3402
2399 1932
2400 2688
2401 2394
2402 2394
2403 2772
2404 1596
2405 1638
2406 2478
2407 4872
2408 1470
2409 3066
2410 2562
2411 1554
2412 2436
2413 8022
2414 3780
2415 3822
2416 9702
2417 5460
2418 2268
2419 3066
2420 3360
2421 1512
2422 6342
2423 3360
2424 2562
2425 2730
2426 2436
2427 1722
2428 1764
2429 2142
2430 4242
2431 1470
2432 3696
2433 2058
2434 4284
2435 3276
2436 2688
2437 2646
2438 3066
2439 1806
2440 5124
2441 3444
2442 3906
2443 3024
2444 2142
2445 1974
2446 2142
2447 2226
2448 1764
2449 1428
2450 1344
2451 1344
2452 2142
2453 2982
2454 3486
2455 1680
2456 5628
2457 1848
2458 1470
2459 3318
2460 1512
2461 3570
2462 2016
2463 2268
2464 4830
2465 1890
2466 4662
2467 6048
2468 1806
2469 1806
2470 2310
2471 2016
2472 1890
2473 2688
2474 1680
2475 1848
2476 1932
2477 1848
2478 3444
2479 1974
2480 2520
2481 2856
2482 1722
2483 2562
2484 1512
2485 3486
2486 3864
2487 7812
2488 9366
2489 4998
2490 1764
2491 5418
2492 2184
2493 1890
2494 1386
2495 2100
2496 1764
2497 3024
2498 5544
2499 2646
2500 3192
2501 2184
2502 2604
2503 1974
2504 1890
2505 1554
2506 2898
2507 2478
2508 4788
2509 1596
2510 3066
2511 3612
2512 4704
2513 2646
2514 1512
2515 5292
2516 1680
2517 5082
2518 2268
2519 2268
2520 4704
2521 2226
2522 2100
2523 2100
2524 1806
2525 2352
2526 4872
2527 2268
2528 4074
2529 1722
2530 1806
2531 2100
2532 1680
2533 3654
2534 2268
2535 1512
2536 3486
2537 1596
2538 4452
2539 3444
2540 3402
2541 3444
2542 3276
2543 4998
2544 2268
2545 3906
2546 2226
2547 2436
2548 5166
2549 2730
2550 2898
2551 3234
2552 4872
2553 2226
2554 1554
2555 3864
2556 4914
2557 2436
2558 2268
2559 2856
2560 1890
2561 4452
2562 3192
2563 1512
2564 3444
2565 1554
2566 1344
2567 1806
2568 3402
2569 3570
2570 1974
2571 5208
2572 3234
2573 2856
2574 2394
2575 2772
2576 2646
2577 2730
2578 2268
2579 3066
2580 4914
2581 8274
2582 5082
2583 3234
2584 3318
2585 2730
2586 3696
2587 2772
2588 1638
2589 1512
2590 1554
2591 3360
2592 3024
2593 3150
2594 1764
2595 2226
2596 1554
2597 2142
2598 2604
2599 4830
2600 2478
2601 4914
2602 1512
2603 2394
2604 4452
2605 2058
2606 2100
2607 2352
2608 6636
2609 6552
2610 7266
2611 1470
2612 1596
2613 2730
2614 2478
2615 1680
2616 1890
2617 3738
2618 2940
2619 1638
2620 2856
2621 3486
2622 1218
2623 5292
2624 1470
2625 2058
2626 3192
2627 1218
2628 1806
2629 1932
2630 2058
2631 1512
2632 1638
2633 2562
2634 2898
2635 1428
2636 1428
2637 2394
2638 2436
2639 2520
2640 3234
2641 1470
2642 3570
2643 1848
2644 1680
2645 2562
2646 2394
2647 1806
2648 2436
2649 2268
2650 2562
2651 3486
2652 2436
2653 1848
2654 3990
2655 2688
2656 2226
2657 2940
2658 2898
2659 1932
2660 2142
2661 2226
2662 2268
2663 2226
2664 1554
2665 1764
2666 1596
2667 3528
2668 2352
2669 1512
2670 2562
2671 4032
2672 1890
2673 4788
2674 1512
2675 1386
2676 2562
2677 3822
2678 1848
2679 2352
2680 1764
2681 2730
2682 5922
2683 1806
2684 2310
2685 5124
2686 3360
2687 3990
2688 1428
2689 2940
2690 1932
2691 2058
2692 2436
2693 2142
2694 4032
2695 3066
2696 2814
2697 2058
2698 2352
2699 2520
2700 1722
2701 2394
2702 2142
2703 2226
2704 2016
2705 1302
2706 2772
2707 1428
2708 1974
2709 3864
2710 2226
2711 1806
2712 2562
2713 1596
2714 4242
2715 4704
2716 3738
2717 2268
2718 2100
2719 3402
2720 2730
2721 2688
2722 1470
2723 3108
2724 2352
2725 1806
2726 3108
2727 5964
2728 2772
2729 1848
2730 1848
2731 2730
2732 3234
2733 3654
2734 3864
2735 2814
2736 2520
2737 9408
2738 9660
2739 1428
2740 5124
2741 3276
2742 2184
2743 3612
2744 2604
2745 3150
2746 4032
2747 5250
2748 4242
2749 1470
2750 3486
2751 2772
2752 2142
2753 3486
2754 3738
2755 2310
2756 3822
2757 2688
2758 1890
2759 2478
2760 1890
2761 1974
2762 1680
2763 2226
2764 2646
2765 1554
2766 4158
2767 1722
2768 1302
2769 2940
2770 4200
2771 1722
2772 1638
2773 1596
2774 3570
2775 3276
2776 3486
2777 5040
2778 5880
2779 8022
2780 1722
2781 4032
2782 1554
2783 1344
2784 2646
2785 4326
2786 1680
2787 7014
2788 2352
2789 1512
2790 1848
2791 1344
2792 1302
2793 2100
2794 2142
2795 2352
2796 2184
2797 2730
2798 2478
2799 1848
2800 1890
2801 1680
2802 1722
2803 1554
2804 1722
2805 3486
2806 2562
2807 2436
2808 1932
2809 2184
2810 2730
2811 1932
2812 2394
2813 2226
2814 3402
2815 2562
2816 4158
2817 2100
2818 1638
2819 1932
2820 2352
2821 1470
2822 2016
2823 2100
2824 2352
2825 4326
2826 2226
2827 2436
2828 4158
2829 4368
2830 5166
2831 1974
2832 1218
2833 2478
2834 2226
2835 1176
2836 2478
2837 2226
2838 3192
2839 3066
2840 3360
2841 1806
2842 4116
2843 1302
2844 2226
2845 2226
2846 1974
2847 1302
2848 3780
2849 1596
2850 1806
2851 3864
2852 2562
2853 3402
2854 2310
2855 3024
2856 4704
2857 6216
2858 3822
2859 2436
2860 1932
2861 1638
2862 2856
2863 1218
2864 1428
2865 2184
2866 2058
2867 2394
2868 2478
2869 1302
2870 2394
2871 4200
2872 2688
2873 3318
2874 1638
2875 3990
2876 4410
2877 5880
2878 4662
2879 2436
2880 2100
2881 4032
2882 1890
2883 4788
2884 2016
2885 1512
2886 2310
2887 2394
2888 2016
2889 2436
2890 3108
2891 2436
2892 4200
2893 2394
2894 2604
2895 3318
2896 4368
2897 3276
2898 2058
2899 4830
2900 2226
2901 3066
2902 2394
2903 4830
2904 3486
2905 2520
2906 4788
2907 2394
2908 4746
2909 1806
2910 3234
2911 6846
2912 2436
2913 2394
2914 2520
2915 4368
2916 3696
2917 4242
2918 4914
2919 3024
2920 3066
2921 3360
2922 1176
2923 1932
2924 1428
2925 2898
2926 4620
2927 3234
2928 4788
2929 2478
2930 1470
2931 2436
2932 10458
2933 2940
2934 9492
2935 2436
2936 5334
2937 3738
2938 4116
2939 2016
2940 4326
2941 5670
2942 3150
2943 2520
2944 1638
2945 3444
2946 2772
2947 6216
2948 2268
2949 3318
2950 1596
2951 2772
2952 5418
2953 6132
2954 4704
2955 2058
2956 2982
2957 2604
2958 2016
2959 3654
2960 3738
2961 2814
2962 2982
2963 1470
2964 5082
2965 2940
2966 2226
2967 4158
2968 3192
2969 5502
2970 1764
2971 1386
2972 2688
2973 2646
2974 2814
2975 3528
2976 1596
2977 1932
2978 2646
2979 2604
2980 1512
2981 2940
2982 1512
2983 3822
2984 2520
2985 2310
2986 3024
2987 3234
2988 2604
2989 1974
2990 3318
2991 4116
2992 1932
2993 3066
2994 1890
2995 5586
2996 2730
2997 1554
2998 1722
2999 3318
3000 1932
3001 1428
3002 2352
3003 2436
3004 2814
3005 1302
3006 1722
3007 1512
3008 1302
3009 2058
3010 3360
3011 1764
3012 1386
3013 2436
3014 3108
3015 1806
3016 7686
3017 4956
3018 1680
3019 3780
3020 2142
3021 1974
3022 2142
3023 5376
3024 1848
3025 2184
3026 2730
3027 2352
3028 1512
3029 1722
3030 1176
3031 1764
3032 3318
3033 2100
3034 2016
3035 2226
3036 1722
3037 2856
3038 2100
3039 3024
3040 2016
3041 2352
3042 1470
3043 1722
3044 1806
3045 1932
3046 1512
3047 2436
3048 3108
3049 1680
3050 1932
3051 1554
3052 2016
3053 3780
3054 1680
3055 2310
3056 2268
3057 3066
3058 1512
3059 2394
3060 4032
3061 3486
3062 2982
3063 1806
3064 4914
3065 1680
3066 3024
3067 2436
3068 1302
3069 4620
3070 1722
3071 2646
3072 2226
3073 2604
3074 1722
3075 2268
3076 1092
3077 2646
3078 1260
3079 1428
3080 1176
3081 1554
3082 2646
3083 1344
3084 1974
3085 1428
3086 1428
3087 1428
3088 3738
3089 1722
3090 2058
3091 2352
3092 1638
3093 2562
3094 1680
3095 2772
3096 2394
3097 1428
3098 2268
3099 1806
3100 1344
3101 1302
3102 2436
3103 2142
3104 1638
3105 1428
3106 1680
3107 3780
3108 1680
3109 4830
3110 1806
3111 3276
3112 2310
3113 1344
3114 3402
3115 2310
3116 2688
3117 3864
3118 1806
3119 2730
3120 2268
3121 2142
3122 2352
3123 3696
3124 1596
3125 3528
3126 1638
3127 1554
3128 2142
3129 1764
3130 2814
3131 1764
3132 3024
3133 4074
3134 1638
3135 1302
3136 1596
3137 1806
3138 1386
3139 3486
3140 1806
3141 1680
3142 2268
3143 2772
3144 2268
3145 3612
3146 2772
3147 1386
3148 1974
3149 2268
3150 4158
3151 2058
3152 2940
3153 2478
3154 3066
3155 2562
3156 2310
3157 1680
3158 2184
3159 2142
3160 3948
3161 2646
3162 1512
3163 1680
3164 2772
3165 2352
3166 1344
3167 1890
3168 1974
3169 1512
3170 2184
3171 1218
3172 1764
3173 4494
3174 3696
3175 2016
3176 1722
3177 1890
3178 1974
3179 1638
3180 1134
3181 1428
3182 1344
3183 1428
3184 1974
3185 1596
3186 1680
3187 3822
3188 2646
3189 2478
3190 1848
3191 3486
3192 3318
3193 1764
3194 2016
3195 1470
3196 1386
3197 1302
3198 1470
3199 1932
3200 2940
3201 2142
3202 1974
3203 4158
3204 1596
3205 3948
3206 2646
3207 1344
3208 2142
3209 2478
3210 2226
3211 5922
3212 1722
3213 1218
3214 1764
3215 1428
3216 2184
3217 1554
3218 1302
3219 2646
3220 1512
3221 2604
3222 1554
3223 1386
3224 3444
3225 1512
3226 1806
3227 1596
3228 1974
3229 4830
3230 1974
3231 1974
Unexpected message received for job 1048130
3232 3906
3233 2226
3234 1974
3235 2394
3236 1428
Unexpected message received for job 1048130
3237 1638
3238 1554
3239 1512
3240 1554
3241 3066
3242 2226
3243 1848
3244 1932
3245 1302
3246 1806
3247 1596
3248 2184
3249 1386
3250 2142
3251 2142
3252 1890
3253 1764
3254 2394
3255 1428
3256 1470
3257 2604
3258 2478
3259 4116
3260 4200
3261 2016
3262 2478
3263 3276
3264 1638
3265 2310
3266 1386
3267 1428
3268 3486
3269 1722
3270 1764
3271 1260
3272 3150
3273 1386
3274 1512
3275 1974
3276 1554
3277 1806
3278 1764
3279 1974
3280 2016
3281 2058
3282 3024
3283 1512
3284 1596
3285 1428
3286 1512
3287 1218
3288 2730
3289 2394
3290 1974
3291 1302
3292 1806
3293 1470
3294 3108
3295 2142
3296 1848
3297 1596
3298 2058
3299 1722
3300 1386
3301 2184
3302 1638
3303 1134
3304 1470
3305 1890
3306 1218
3307 1848
3308 1638
3309 3108
3310 2226
3311 1848
3312 2226
3313 2058
3314 1554
3315 1302
3316 1428
3317 3150
3318 2982
3319 1344
3320 1386
3321 1806
3322 1512
3323 1932
3324 1932
3325 1554
3326 2898
3327 1848
3328 1302
3329 1344
3330 2562
3331 2898
3332 1932
3333 2184
3334 1344
3335 2058
3336 3276
3337 3696
3338 6132
3339 1554
3340 1428
3341 2352
3342 2142
3343 1176
3344 2058
3345 1722
3346 1764
3347 2016
3348 1638
3349 2394
3350 1680
3351 2016
3352 1134
3353 1554
3354 1386
3355 1386
3356 2520
3357 1512
3358 2184
3359 1512
3360 1554
3361 1638
3362 1176
3363 1218
3364 1260
3365 1176
3366 2226
3367 2520
3368 1176
3369 2016
3370 1554
3371 2478
3372 1218
3373 1218
3374 2604
3375 1806
3376 1512
3377 1890
3378 1848
3379 1512
3380 1554
3381 1848
3382 1596
3383 3024
3384 2226
3385 1260
3386 1806
3387 2646
3388 2352
3389 1764
3390 1428
3391 1512
3392 1806
3393 1638
3394 1512
3395 2394
3396 2982
3397 1806
3398 2058
3399 1722
3400 1596
3401 2142
3402 1890
3403 1386
3404 1260
3405 1764
3406 1176
3407 1134
3408 1848
3409 1260
3410 1260
3411 2100
3412 1260
3413 1512
3414 1302
3415 1764
3416 2226
3417 2100
3418 2436
3419 3108
3420 1638
3421 1344
3422 1764
3423 2184
3424 1302
3425 2814
3426 1596
3427 1512
3428 2520
3429 1260
3430 1470
3431 1302
3432 1596
3433 1764
3434 1428
3435 1344
3436 2730
3437 2562
3438 2688
3439 2856
3440 2562
3441 2058
3442 1134
3443 1890
3444 1722
3445 1554
3446 2604
3447 1386
3448 1428
3449 1806
3450 1470
3451 1848
3452 2394
3453 1596
3454 2058
3455 3822
3456 1344
3457 1596
3458 1848
3459 1470
3460 1596
3461 1932
3462 1512
3463 1176
3464 1260
3465 1638
3466 1428
3467 2772
3468 1092
3469 1722
3470 2226
3471 1638
3472 2436
3473 1638
3474 1512
3475 1470
3476 1764
3477 1470
3478 2058
3479 1302
3480 1680
3481 1806
3482 1512
3483 1554
3484 1722
3485 1596
3486 1428
3487 1806
3488 2100
3489 2352
3490 2016
3491 1806
3492 1302
3493 1722
3494 2268
3495 1554
3496 2898
3497 1218
3498 2730
3499 2394
3500 1386
3501 1512
3502 1764
3503 3024
3504 1092
3505 2268
3506 1974
3507 1386
3508 1176
3509 1386
3510 1176
3511 2688
3512 2058
3513 2562
3514 1806
3515 1260
3516 4452
3517 1386
3518 2940
3519 1848
3520 1932
3521 2688
3522 1806
3523 1092
3524 1722
3525 1848
3526 3948
3527 2520
3528 2226
3529 2310
3530 1638
3531 2142
3532 2268
3533 1176
3534 1554
3535 2562
3536 1890
3537 1638
3538 1344
3539 1176
3540 1890
3541 1638
3542 2730
3543 2856
3544 1260
3545 3486
3546 1680
3547 2856
3548 1554
3549 5460
3550 4788
3551 2058
3552 3696
3553 1638
3554 1176
3555 1260
3556 2226
3557 1638
3558 4284
3559 3108
3560 2268
3561 1260
3562 1974
3563 1386
3564 1554
3565 2142
3566 2016
3567 1344
3568 1134
3569 1428
3570 2226
3571 1428
3572 1344
3573 1386
3574 2226
3575 1050
3576 1302
3577 1638
3578 1806
3579 1638
3580 2226
3581 1512
3582 1386
3583 1890
3584 1764
3585 1344
3586 2100
3587 1512
3588 1176
3589 1134
3590 1386
3591 1596
3592 1512
3593 1218
3594 1134
3595 1974
3596 1848
3597 1638
3598 2310
3599 2058
3600 1176
3601 1890
3602 1554
3603 1344
3604 3822
3605 1134
3606 1134
3607 1470
3608 1260
3609 1134
3610 1512
3611 2184
3612 2016
3613 1176
3614 2142
3615 1428
3616 1050
3617 1260
3618 1302
3619 1554
3620 1680
3621 3024
3622 1848
3623 2184
3624 3276
3625 1596
3626 1428
3627 2058
3628 1932
3629 1470
3630 1344
3631 1218
3632 1260
3633 1260
3634 1302
3635 1260
3636 1386
3637 2184
3638 2814
3639 1218
3640 2100
3641 1890
3642 1470
3643 1512
3644 1512
3645 1554
3646 1974
3647 1890
3648 2016
3649 1218
3650 1722
3651 1638
3652 1596
3653 1218
3654 1344
3655 1596
3656 3948
3657 1932
3658 1218
3659 1806
3660 1260
3661 1680
3662 1344
3663 1344
3664 1176
3665 1218
3666 1806
3667 1386
3668 1134
3669 2100
3670 1260
3671 1470
3672 1218
3673 1260
3674 1218
3675 1470
3676 1848
3677 1260
3678 1638
3679 1512
3680 2184
3681 1722
3682 1512
3683 1302
3684 1722
3685 2268
3686 2688
3687 1848
3688 1974
3689 1302
3690 1596
3691 1470
3692 1470
3693 1890
3694 1344
3695 1428
3696 1428
3697 1974
3698 1176
3699 2856
3700 1176
3701 1260
3702 1050
3703 2646
3704 2352
3705 1932
3706 1344
3707 1134
3708 1512
3709 1554
3710 1512
3711 3654
3712 1848
3713 1134
3714 3192
3715 1134
3716 1806
3717 2520
3718 1260
3719 1134
3720 2100
3721 1470
3722 1974
3723 2688
3724 1764
3725 1428
3726 1218
3727 1134
3728 1512
3729 1218
3730 1134
3731 1596
3732 1218
3733 2772
3734 1848
3735 1344
3736 1344
3737 1260
3738 1092
3739 1092
3740 1470
3741 1680
3742 1428
3743 1134
3744 1134
3745 1050
3746 1512
3747 2226
3748 1470
3749 2184
3750 1638
3751 1554
3752 2058
3753 1764
3754 1260
3755 1050
3756 1134
3757 1806
3758 1302
3759 1260
3760 1470
3761 1470
3762 2814
3763 1092
3764 1092
3765 1344
3766 2184
3767 1092
3768 1176
3769 1512
3770 1722
3771 1386
3772 1890
3773 1596
3774 2058
3775 1428
3776 1386
3777 1134
3778 1722
3779 1260
3780 1344
3781 1596
3782 1134
3783 1554
3784 1134
3785 1722
3786 1176
3787 1008
3788 1176
3789 1134
3790 1638
3791 1302
3792 2184
3793 1176
3794 1428
3795 1386
3796 1176
3797 1512
3798 1218
3799 1344
3800 1722
3801 1260
3802 1848
3803 1302
3804 1176
3805 1386
3806 1344
3807 2226
3808 1092
3809 1176
3810 1176
3811 1302
3812 1680
3813 1344
3814 1596
3815 1134
3816 1386
3817 1764
3818 1176
3819 1260
3820 1134
3821 1176
3822 1470
3823 1260
3824 1638
3825 1302
3826 1596
3827 1344
3828 1134
3829 1302
3830 1260
3831 1134
3832 1512
3833 1050
3834 2562
3835 1092
3836 1722
3837 1554
3838 1092
3839 1134
3840 1176
3841 1680
3842 1344
3843 1050
3844 1092
3845 1260
3846 1050
3847 1554
3848 1974
3849 1680
3850 1470
3851 1386
3852 1932
3853 1680
3854 1134
3855 1134
3856 1302
3857 1092
3858 1386
3859 1344
3860 1134
3861 1008
3862 1008
3863 1176
3864 1554
3865 1344
3866 1260
3867 1176
3868 1176
3869 1302
3870 1050
3871 2184
3872 1386
3873 1848
3874 1428
3875 1302
3876 1050
3877 1134
3878 1890
3879 1134
3880 1260
3881 1470
3882 1260
3883 1134
3884 966
3885 1428
3886 1134
3887 1092
3888 1134
3889 1680
3890 1302
3891 1218
3892 1092
3893 1050
3894 1596
3895 1680
3896 1470
3897 1428
3898 1008
3899 1554
3900 1092
3901 2100
3902 1008
3903 1344
3904 1092
3905 1260
3906 1302
3907 1260
3908 1134
3909 1470
3910 1092
3911 1050
3912 1050
3913 1050
3914 1512
3915 1260
3916 1764
3917 1260
3918 1554
3919 1008
3920 1134
3921 1302
3922 1218
3923 1092
3924 1092
3925 1050
3926 1176
3927 1974
3928 1134
3929 966
3930 1428
3931 1218
3932 1302
3933 1218
3934 1176
3935 1554
3936 1218
3937 1176
3938 1638
3939 1176
3940 1050
3941 1302
3942 1134
3943 1176
3944 1092
3945 1260
3946 1092
3947 1134
3948 1134
3949 1092
3950 1050
3951 1134
3952 1470
3953 1344
3954 1050
3955 1596
3956 1050
3957 1218
3958 1050
3959 1008
3960 1092
3961 1050
3962 1302
3963 1092
3964 1260
3965 1092
3966 1596
3967 1008
3968 1134
3969 1176
3970 1344
3971 1260
3972 1008
3973 1806
3974 1008
3975 1050
3976 1302
3977 1176
3978 1134
3979 1218
3980 1260
3981 1050
3982 1050
3983 1218
3984 1134
3985 966
3986 1134
3987 1092
3988 1260
3989 2058
3990 1092
3991 1554
3992 1092
3993 1218
3994 1092
3995 2100
3996 1134
3997 1134
3998 1092
3999 1092
4000 1092
4001 1008
4002 1050
4003 1176
4004 1092
4005 1050
4006 1470
4007 1092
4008 1764
4009 1092
4010 1050
4011 1302
4012 1176
4013 1302
4014 1134
4015 1008
4016 1092
4017 1218
4018 1596
4019 1176
4020 1134
4021 1680
4022 1806
4023 1092
4024 1134
4025 1050
4026 1092
4027 1218
4028 1092
4029 1176
4030 1680
4031 1092
4032 1050
4033 1092
4034 1302
4035 1092
4036 1344
4037 1134
4038 1134
4039 1134
4040 1302
4041 1134
4042 1134
4043 1050
4044 1722
4045 1134
4046 1134
4047 1050
4048 1092
4049 1008
4050 1470
4051 1428
4052 1008
4053 1302
4054 1050
4055 1050
4056 1596
4057 1092
4058 2016
4059 1008
4060 1386
4061 1218
4062 1386
4063 1092
4064 1050
4065 1050
4066 1554
4067 2016
4068 1512
4069 1050
4070 1260
4071 1134
4072 2184
4073 1176
4074 1218
4075 1134
4076 1260
4077 1302
4078 1806
4079 1344
4080 1008
4081 2016
4082 1008
4083 1134
4084 1176
4085 1050
4086 1176
4087 1050
4088 1134
4089 1092
4090 1092
4091 1092
4092 1386
4093 1470
4094 1470
4095 1050
4096 1092
4097 1176
4098 1008
4099 1176
4100 1092
4101 1260
4102 1764
4103 1008
4104 1008
4105 1050
4106 1008
4107 966
4108 1092
4109 1218
4110 1722
4111 1428
4112 1428
4113 1092
4114 1176
4115 2436
4116 1092
4117 1092
4118 1134
4119 1092
4120 1050
4121 1134
4122 1008
4123 1134
4124 1134
4125 1050
4126 1092
4127 1134
4128 1050
4129 1176
4130 1092
4131 1008
4132 1218
4133 1092
4134 1092
4135 1092
4136 1008
4137 1092
4138 1344
4139 1134
4140 1050
4141 1008
4142 1050
4143 1134
4144 1008
4145 1008
4146 1008
4147 1134
4148 1050
4149 1050
4150 966
4151 1092
4152 1092
4153 1176
4154 1050
4155 1092
4156 1218
4157 1050
4158 1092
4159 924
4160 1050
4161 1092
4162 1092
4163 1092
4164 1092
4165 1344
4166 1050
4167 1008
4168 1092
4169 1134
4170 1176
4171 1134
4172 1260
4173 1260
4174 1218
4175 1218
4176 1134
4177 1134
4178 1134
4179 1134
4180 1218
4181 1176
4182 1008
4183 1008
4184 1134
4185 1050
4186 1176
4187 1344
4188 1050
4189 1050
4190 1302
4191 1050
4192 1092
4193 1050
4194 1008
4195 1092
4196 1050
4197 1092
4198 1176
4199 1008
4200 1008
4201 1008
4202 1176
4203 1134
4204 1176
4205 1218
4206 1092
4207 1092
4208 966
4209 1176
4210 1050
4211 1134
4212 1050
4213 1218
4214 1008
4215 1134
4216 1176
4217 1092
4218 1008
4219 1050
4220 1092
4221 1050
4222 1134
4223 1008
4224 1092
4225 1176
4226 1092
4227 1050
4228 1134
4229 1092
4230 1050
4231 1092
4232 1050
4233 1050
4234 1008
4235 1050
4236 1050
4237 1134
4238 1302
4239 1050
4240 1134
4241 1134
4242 1176
4243 1092
4244 1050
4245 1092
4246 1050
4247 1134
4248 1008
4249 1092
4250 1050
4251 1050
4252 1050
4253 1050
4254 966
4255 1134
4256 1050
4257 1134
4258 1176
4259 1134
4260 1050
4261 1134
4262 1134
4263 1764
4264 2982
4265 1344
4266 1428
4267 1932
4268 1260
4269 1092
4270 1218
4271 1008
4272 1134
4273 1050
4274 1008
4275 1050
4276 1092
4277 1134
4278 1050
4279 1134
4280 1008
4281 1134
4282 1050
4283 1050
4284 1260
4285 1050
4286 1092
4287 1092
4288 1092
4289 1134
4290 1092
4291 1092
4292 1176
4293 1050
4294 1092
4295 1092
4296 1134
4297 1092
4298 1050
4299 1134
4300 1092
4301 1092
4302 1134
4303 1008
4304 1134
4305 1092
4306 1050
4307 1008
4308 1218
4309 1302
4310 1092
4311 1092
4312 1050
4313 1176
4314 1260
4315 1092
4316 1596
4317 1008
4318 1092
4319 1134
4320 966
4321 1092
4322 1092
4323 1134
4324 1050
4325 1092
4326 1176
4327 1554
4328 1050
4329 1050
4330 1050
4331 1134
4332 1134
4333 1092
4334 1134
4335 1134
4336 1218
4337 1092
4338 1050
4339 1134
4340 1008
4341 1176
4342 1302
4343 1344
4344 1176
4345 1260
4346 1134
4347 1218
4348 1050
4349 1134
4350 1050
4351 1092
4352 1176
4353 1050
4354 1092
4355 1134
4356 1176
4357 1344
4358 1386
4359 1008
4360 1134
4361 1134
4362 1134
4363 1092
4364 1134
4365 1218
4366 1176
4367 1092
4368 1050
4369 1302
4370 1092
4371 1344
4372 1050
4373 1134
4374 1218
4375 1302
4376 1134
4377 1176
4378 1092
4379 1008
4380 1050
4381 1344
4382 1638
4383 1176
4384 1092
4385 1176
4386 1050
4387 1050
4388 1008
4389 1134
4390 1134
4391 1176
4392 1176
4393 1050
4394 1008
4395 1092
4396 1050
4397 1008
4398 1050
4399 1092
4400 1344
4401 966
4402 1260
4403 1008
4404 1008
4405 1092
4406 1008
4407 1386
4408 1260
4409 1092
4410 1092
4411 1092
4412 1176
4413 1176
4414 966
4415 966
4416 1218
4417 1092
4418 1134
4419 1008
4420 1092
4421 1008
4422 1134
4423 966
4424 1008
4425 966
4426 966
4427 1050
4428 1008
4429 1092
4430 1050
4431 1092
4432 1050
4433 1218
4434 1218
4435 1134
4436 1050
4437 1092
4438 1092
4439 1134
4440 1134
4441 1260
4442 1050
4443 1092
4444 1218
4445 924
4446 1386
4447 1344
4448 1050
4449 1092
4450 1050
4451 1134
4452 1050
4453 1008
4454 1050
4455 1050
4456 1218
4457 1008
4458 1176
4459 1134
4460 1344
4461 1428
4462 1092
4463 1218
4464 1302
4465 1134
4466 1134
4467 1470
4468 1344
4469 1050
4470 1134
4471 1050
4472 966
4473 1092
4474 1176
4475 1050
4476 1218
4477 924
4478 1092
4479 1092
4480 1050
4481 1344
4482 1428
4483 1512
4484 1302
4485 1302
4486 1050
4487 1092
4488 1260
4489 1092
4490 1218
4491 1050
4492 1176
4493 1260
4494 1218
4495 8148
4496 1260
4497 1428
4498 1344
4499 1050
4500 1302
4501 1134
4502 1470
4503 1386
4504 2352
4505 1176
4506 1092
4507 1050
4508 1176
4509 1092
4510 1092
4511 1008
4512 1134
4513 1302
4514 1092
4515 1092
4516 1722
4517 1638
4518 2184
4519 1638
4520 1260
4521 1050
4522 1218
4523 1302
4524 1134
4525 1176
4526 1344
4527 1092
4528 1512
4529 5460
4530 1596
4531 1218
4532 1050
4533 1428
4534 1134
4535 1050
4536 1260
4537 1050
4538 1050
4539 1050
4540 1008
4541 1302
4542 1134
4543 1134
4544 1092
4545 1092
4546 1008
4547 1302
4548 1050
4549 1050
4550 1092
4551 966
4552 1050
4553 1050
4554 1134
4555 1008
4556 1050
4557 1050
4558 1008
4559 1176
4560 1134
4561 1218
4562 1260
4563 1260
4564 1050
4565 1092
4566 1092
4567 1050
4568 1512
4569 1050
4570 1134
4571 1218
4572 1050
4573 1176
4574 1134
4575 1092
4576 1008
4577 1428
4578 1386
4579 7434
4580 4452
4581 1512
4582 1176
4583 1218
4584 1134
4585 1176
4586 1050
4587 1050
4588 1050
4589 966
4590 1092
4591 1134
4592 1680
4593 1050
4594 1134
4595 1176
4596 1050
4597 1092
4598 1176
4599 1134
4600 1092
4601 1008
4602 1092
4603 1050
4604 1008
4605 1134
4606 1050
4607 1134
4608 1176
4609 1050
4610 1050
4611 1176
4612 1050
4613 1092
4614 1008
4615 1008
4616 1176
4617 4914
4618 7182
4619 9618
4620 5712
4621 1386
4622 1302
4623 1134
4624 1092
4625 1386
4626 1722
4627 1050
4628 1050
4629 1092
4630 1050
4631 966
4632 1050
4633 1218
4634 1134
4635 1218
4636 1134
4637 1134
4638 1092
4639 1092
4640 1092
4641 1008
4642 1134
4643 1050
4644 1134
4645 1050
4646 1008
4647 1050
4648 966
4649 1092
4650 1008
4651 1050
4652 1050
4653 1050
4654 1092
4655 1134
4656 1050
4657 1176
4658 1092
4659 1092
4660 1092
4661 1050
4662 1134
4663 1176
4664 1092
4665 1092
4666 1176
4667 1092
4668 1134
4669 1050
4670 1008
4671 1050
4672 1134
4673 1050
4674 1050
4675 1008
4676 1092
4677 966
4678 1176
4679 1092
4680 1092
4681 1092
4682 1092
4683 1050
4684 1092
4685 1092
4686 1050
4687 966
4688 1134
4689 1092
4690 1050
4691 1008
4692 1344
4693 1092
4694 1092
4695 1092
4696 1050
4697 1050
4698 1050
4699 1008
4700 1134
4701 1176
4702 1134
4703 1218
4704 1050
4705 1134
4706 1050
4707 1050
4708 1092
4709 1260
4710 1008
4711 1092
4712 1050
4713 1512
4714 1092
4715 1134
4716 1008
4717 1092
4718 1050
4719 1092
4720 1176
4721 3864
4722 1050
4723 1008
4724 1008
4725 1008
4726 1134
4727 1218
4728 1050
4729 1092
4730 1218
4731 1176
4732 1050
4733 1134
4734 1050
4735 1050
4736 1218
4737 1134
4738 1050
4739 1008
4740 1134
4741 1092
4742 1134
4743 1134
4744 1092
4745 1218
4746 1260
4747 1176
4748 1092
4749 1092
4750 1092
4751 1134
4752 1134
4753 1092
4754 1050
4755 1008
4756 1134
4757 1134
4758 1050
4759 1134
4760 1092
4761 1134
4762 1050
4763 1134
4764 1050
4765 1008
4766 1050
4767 1092
4768 1092
4769 1050
4770 1092
4771 966
4772 1008
4773 1134
4774 1050
4775 1134
4776 1050
4777 1218
4778 1050
4779 1050
4780 1092
4781 1008
4782 1092
4783 1092
4784 1050
4785 1050
4786 1050
4787 1092
4788 1050
4789 1092
4790 966
4791 966
4792 1092
4793 1050
4794 1176
4795 1092
4796 1050
4797 1008
4798 966
4799 1092
4800 1050
4801 1008
4802 1176
4803 1092
4804 1008
4805 1092
4806 1092
4807 1092
4808 1218
4809 1008
4810 1050
4811 1092
4812 1050
4813 1092
4814 1134
4815 1092
4816 966
4817 1092
4818 1092
4819 1050
4820 1008
4821 1092
4822 1050
4823 1050
4824 1050
4825 1050
4826 1176
4827 1008
4828 1050
4829 966
4830 1092
4831 1092
4832 1050
4833 1050
4834 1050
4835 1092
4836 1134
4837 1050
4838 1134
4839 1050
4840 1092
4841 1092
4842 1092
4843 1008
4844 1008
4845 1260
4846 1008
4847 1050
4848 1050
4849 1092
4850 1176
4851 1260
4852 1092
4853 1050
4854 1092
4855 1050
4856 1050
4857 1176
4858 1050
4859 1050
4860 1050
4861 1050
4862 1092
4863 1050
4864 1092
4865 1050
4866 1008
4867 1050
4868 1008
4869 1008
4870 1176
4871 1134
4872 1008
4873 1218
4874 1050
4875 1176
4876 1134
4877 1176
4878 1092
4879 1092
4880 1008
4881 1008
4882 1050
4883 1008
4884 1092
4885 1008
4886 1134
4887 1050
4888 1092
4889 1092
4890 1176
4891 1050
4892 1050
4893 1134
4894 1260
4895 1092
4896 1050
4897 1008
4898 966
4899 1008
4900 1050
4901 1008
4902 1302
4903 1134
4904 1092
4905 1050
4906 1134
4907 1050
4908 1050
4909 1134
4910 1092
4911 1050
4912 1134
4913 1176
4914 1008
4915 1050
4916 1260
4917 1092
4918 1050
4919 1092
4920 1176
4921 1176
4922 1260
4923 1428
4924 1218
4925 1092
4926 1302
4927 1092
4928 1260
4929 1092
4930 1092
4931 1050
4932 966
4933 1134
4934 1134
4935 1008
4936 1050
4937 1092
4938 1176
4939 1050
4940 1092
4941 1092
4942 1176
4943 1050
4944 1008
4945 1050
4946 1008
4947 1134
4948 1176
4949 1008
4950 1050
4951 1092
4952 1050
4953 1218
4954 1008
4955 1050
4956 1050
4957 1050
4958 1008
4959 1008
4960 966
4961 1092
4962 1344
4963 1008
4964 966
4965 1008
4966 1050
4967 1092
4968 1134
4969 1176
4970 1134
4971 1134
4972 1218
4973 1134
4974 1008
4975 1008
4976 1050
4977 1134
4978 1050
4979 1050
4980 1134
4981 1134
4982 1134
4983 1134
4984 1050
4985 1092
4986 1092
4987 1050
4988 1386
4989 4662
4990 4872
4991 3150
4992 2688
4993 2562
4994 1008
4995 1008
4996 1218
4997 1050
4998 1050
4999 1008
5000 1218
5001 1050
5002 1050
5003 1134
5004 1092
5005 1050
5006 1134
5007 1008
5008 1050
5009 1008
5010 1260
5011 966
5012 1134
5013 1092
5014 1008
5015 1176
5016 2688
5017 9072
5018 3654
5019 1974
5020 2142
5021 3486
5022 3024
5023 1764
5024 1512
5025 1386
5026 1050
5027 1092
5028 1302
5029 1008
5030 1008
5031 1134
5032 1092
5033 1008
5034 1050
5035 1092
5036 1092
5037 1134
5038 1050
5039 1050
5040 1092
5041 1092
5042 966
5043 1092
5044 1134
5045 1008
5046 1008
5047 1134
5048 1092
5049 1092
5050 1008
5051 1092
5052 1008
5053 1134
5054 1092
5055 1050
5056 1050
5057 1092
5058 1050
5059 1134
5060 1134
5061 1050
5062 1092
5063 1092
5064 1092
5065 1134
5066 1008
5067 1050
5068 1092
5069 1134
5070 1092
5071 1008
5072 1260
5073 1050
5074 1260
5075 1134
5076 1260
5077 1134
5078 1260
5079 1512
5080 2730
5081 1386
5082 1008
5083 1092
5084 1176
5085 1134
5086 1092
5087 1092
5088 1008
5089 1092
5090 1050
5091 1050
5092 1050
5093 1092
5094 1050
5095 1050
5096 1092
5097 1092
5098 1050
5099 1134
5100 1134
5101 1092
5102 1134
5103 1008
5104 1008
5105 1050
5106 1050
5107 1176
5108 1092
5109 1134
5110 2016
5111 3150
5112 4956
5113 4578
5114 4956
5115 1134
5116 1092
5117 1554
5118 5082
5119 1134
5120 1050
5121 1092
5122 1092
5123 1008
5124 1134
5125 1008
5126 1050
5127 1008
5128 1008
5129 1008
5130 1092
5131 1050
5132 1008
5133 1008
5134 1176
5135 1008
5136 1050
5137 1218
5138 1050
5139 966
5140 1092
5141 1008
5142 1092
5143 1092
5144 966
5145 1050
5146 1092
5147 1092
5148 1050
5149 1008
5150 1134
5151 1050
5152 1050
5153 1092
5154 1092
5155 1050
5156 1092
5157 1008
5158 1008
5159 1008
5160 1050
5161 966
5162 1092
5163 1050
5164 1050
5165 1050
5166 1092
5167 1134
5168 1050
5169 1008
5170 1092
5171 1092
5172 966
5173 1134
5174 1092
5175 1134
5176 1344
5177 1176
5178 1218
5179 1302
5180 1092
5181 1260
5182 1218
5183 1134
5184 1260
5185 1428
5186 1260
5187 1260
5188 1218
5189 1092
5190 1218
5191 1134
5192 1092
5193 1134
5194 1134
5195 1176
5196 1134
5197 1092
5198 1176
5199 1134
5200 1008
5201 1092
5202 1050
5203 1092
5204 1092
5205 1050
5206 1008
5207 1176
5208 1050
5209 1050
5210 1890
5211 1050
5212 1218
5213 1386
5214 1134
5215 5544
5216 3192
5217 6006
5218 6300
5219 3108
5220 1386
5221 1176
5222 1218
5223 1176
5224 1134
5225 1050
5226 1176
5227 1218
5228 1008
5229 1302
5230 1176
5231 1176
5232 1134
5233 1218
5234 1134
5235 1302
5236 1008
5237 1050
5238 1218
5239 1050
5240 1050
5241 1092
5242 1050
5243 1050
5244 1176
5245 1134
5246 1092
5247 1092
5248 1134
5249 1134
5250 1050
5251 1050
5252 1134
5253 1092
5254 1050
5255 1134
5256 1050
5257 1134
5258 966
5259 1008
5260 1092
5261 1050
5262 1092
5263 1050
5264 1092
5265 1134
5266 1134
5267 1050
5268 1008
5269 1092
5270 1050
5271 1050
5272 1092
5273 1092
5274 966
5275 1008
5276 1008
5277 966
5278 1092
5279 1050
5280 1008
5281 1050
5282 1050
5283 1050
5284 1050
5285 1050
5286 1050
5287 1218
5288 1008
5289 1134
5290 1008
5291 1008
5292 1176
5293 1134
5294 1050
5295 1050
5296 1050
5297 1134
5298 1008
5299 1008
5300 1050
5301 966
5302 1134
5303 1092
5304 1050
5305 1092
5306 1092
5307 1092
5308 1050
5309 1050
5310 1092
5311 1092
5312 1134
5313 1092
5314 1218
5315 1050
5316 1050
5317 1050
5318 1008
5319 1134
5320 1050
5321 1008
5322 1176
5323 1050
5324 1008
5325 1176
5326 1218
5327 1260
5328 1092
5329 1050
5330 1092
5331 1134
5332 1176
5333 1176
5334 1050
5335 1176
5336 1092
5337 1134
5338 1050
5339 1050
5340 1176
5341 1176
5342 1134
5343 1176
5344 1092
5345 1092
5346 1092
5347 1050
5348 1134
5349 1050
5350 1134
5351 1134
5352 1008
5353 1092
5354 1218
5355 1134
5356 1134
5357 1092
5358 1008
5359 1218
5360 1218
5361 1050
5362 1050
5363 1134
5364 1176
5365 1176
5366 1134
5367 1386
5368 1008
5369 1134
5370 1260
5371 1134
5372 1092
5373 1176
5374 1134
5375 1218
5376 1176
5377 1176
5378 1050
5379 1092
5380 2352
5381 1008
5382 1722
5383 1176
5384 1092
5385 1050
5386 1134
5387 1008
5388 1050
5389 1092
5390 1218
5391 1218
5392 1302
5393 1218
5394 1344
5395 1092
5396 1092
5397 1134
5398 1134
5399 1176
5400 1050
5401 1092
5402 1092
5403 1092
5404 1092
5405 1092
5406 1050
5407 1008
5408 1134
5409 1134
5410 1008
5411 1008
5412 1008
5413 1134
5414 1218
5415 1092
5416 1050
5417 1050
5418 1050
5419 1050
5420 1008
5421 966
5422 1176
5423 1092
5424 1092
5425 1092
5426 1050
5427 1050
5428 1134
5429 1050
5430 1008
5431 1092
5432 1050
5433 1092
5434 966
5435 1008
5436 1050
5437 1050
5438 1134
5439 1134
5440 1092
5441 1008
5442 1134
5443 1008
5444 1050
5445 1176
5446 1050
5447 1050
5448 1092
5449 1176
5450 1134
5451 1176
5452 1176
5453 1092
5454 1134
5455 1008
5456 1260
5457 1134
5458 1176
5459 1008
5460 1176
5461 1134
5462 1176
5463 1134
5464 1134
5465 1134
5466 966
5467 1134
5468 1092
5469 1092
5470 1092
5471 1218
5472 1176
5473 1176
5474 1008
5475 1134
5476 1050
5477 1092
5478 1218
5479 1218
5480 1092
5481 1092
5482 1008
5483 1218
5484 1260
5485 1050
5486 1176
5487 1176
5488 1050
5489 1260
5490 1050
5491 1092
5492 1134
5493 1302
5494 1008
5495 1134
5496 1050
5497 1218
5498 1092
5499 1092
5500 1176
5501 1176
5502 1134
5503 1176
5504 1092
5505 1050
5506 1092
5507 1092
5508 1008
5509 1050
5510 1092
5511 1092
5512 1050
5513 1050
5514 1134
5515 1008
5516 1092
5517 1092
5518 1092
5519 1092
5520 1008
5521 1050
5522 1050
5523 1092
5524 1218
5525 1092
5526 1176
5527 1932
5528 1134
5529 1008
5530 1008
5531 1092
5532 1008
5533 1050
5534 966
5535 1176
5536 1092
5537 1134
5538 1218
5539 1176
5540 1134
5541 1134
5542 1050
5543 1050
5544 1092
5545 1050
5546 1134
5547 1134
5548 1008
5549 1092
5550 1050
5551 1176
5552 1092
5553 966
5554 1050
5555 1092
5556 1050
5557 1134
5558 1008
5559 1176
5560 1092
5561 1008
5562 1050
5563 1092
5564 1092
5565 1092
5566 1050
5567 1092
5568 1050
5569 1050
5570 1092
5571 1050
5572 1092
5573 1092
5574 1050
5575 1176
5576 1008
5577 1134
5578 966
5579 1134
5580 1092
5581 1092
5582 1050
5583 1008
5584 1092
5585 1050
5586 1680
5587 1050
5588 1008
5589 1092
5590 1134
5591 1092
5592 1050
5593 1050
5594 1050
5595 1050
5596 1008
5597 1134
5598 1050
5599 1092
5600 1050
5601 966
5602 2016
5603 1050
5604 1092
5605 1008
5606 1050
5607 1008
5608 1092
5609 1050
Unexpected message received for job 1048130
5610 1134
5611 1218
5612 1092
5613 966
5614 1050
5615 1092
5616 1092
5617 1050
5618 1050
5619 1218
5620 1050
5621 1050
5622 1050
5623 1008
Unexpected message received for job 1048130
5624 1008
5625 1008
5626 1050
5627 1008
5628 1176
5629 1050
5630 1008
5631 1008
5632 1008
5633 1008
5634 1008
5635 1050
5636 1092
5637 1176
5638 1008
5639 1092
5640 1092
5641 1092
5642 1050
5643 1092
5644 1050
5645 1050
5646 1050
5647 1092
5648 1176
5649 1176
5650 1050
5651 1092
5652 1050
5653 1176
5654 1092
5655 1050
5656 1092
5657 1092
5658 1134
5659 1050
5660 1050
5661 1134
5662 1050
5663 1050
5664 1050
5665 1050
5666 1092
5667 1008
5668 1176
5669 1134
5670 1050
5671 1050
5672 1008
5673 1134
5674 1050
5675 966
5676 1008
5677 1134
5678 1092
5679 966
5680 1050
5681 1134
5682 1092
5683 1050
5684 1008
5685 1008
5686 1092
5687 1092
5688 1176
5689 1092
5690 1050
5691 1092
5692 1050
5693 1008
5694 1092
5695 1176
5696 1092
5697 1050
5698 1092
5699 1092
5700 1050
5701 966
5702 1134
5703 1092
5704 1050
5705 1050
5706 966
5707 1134
5708 1134
5709 1092
5710 1050
5711 1050
5712 1092
5713 1008
5714 1218
5715 1008
5716 1050
5717 1134
5718 1092
5719 1092
5720 1176
5721 1092
5722 1092
5723 1092
5724 1092
5725 1134
5726 1050
5727 1050
5728 1050
5729 1050
5730 1050
5731 1008
5732 1092
5733 1134
5734 1092
5735 1050
5736 1050
5737 1218
5738 1050
5739 1134
5740 1008
5741 1050
5742 1050
5743 1050
5744 1008
5745 1092
5746 1134
5747 1134
5748 1260
5749 966
5750 1134
5751 1134
5752 1176
5753 1008
5754 1134
5755 966
5756 1050
5757 1050
5758 1134
5759 1092
5760 1050
5761 1008
5762 1050
5763 1008
5764 1092
5765 966
5766 1008
5767 1218
5768 1008
5769 1050
5770 1050
5771 1134
5772 1092
5773 1092
5774 1050
5775 1134
5776 1092
5777 1008
5778 1092
5779 1218
5780 1050
5781 1134
5782 1050
5783 1050
5784 1050
5785 1134
5786 1092
5787 1134
5788 1008
5789 1134
5790 1134
5791 1092
5792 1134
5793 1008
5794 1050
5795 1092
5796 1008
5797 1092
5798 1092
5799 1134
5800 1050
5801 1050
5802 1050
5803 1134
5804 1008
5805 1050
5806 1134
5807 1050
5808 1344
5809 1008
5810 1008
5811 1050
5812 1176
5813 1050
5814 1134
5815 1050
5816 1008
5817 1050
5818 1050
5819 1260
5820 1008
5821 1176
5822 1008
5823 1176
5824 1092
5825 1092
5826 1134
5827 1092
5828 1092
5829 1428
5830 1344
5831 1344
5832 1134
5833 1218
5834 1302
5835 1302
5836 1008
5837 1302
5838 1092
5839 1344
5840 1260
5841 1134
5842 1050
5843 1050
5844 1092
5845 1050
5846 1092
5847 1050
5848 1050
5849 1344
5850 1092
5851 1050
5852 1092
5853 1008
5854 1092
5855 1050
5856 1008
5857 1176
5858 1092
5859 1050
5860 1302
5861 1050
5862 1092
5863 1092
5864 1092
5865 1176
5866 1176
5867 1176
5868 1134
5869 1050
5870 1974
5871 1638
5872 2184
5873 1134
5874 1050
5875 1134
5876 1050
5877 1134
5878 1050
5879 1134
5880 1176
5881 1092
5882 1134
5883 1050
5884 1092
5885 1092
5886 1134
5887 1008
5888 966
5889 1008
5890 1092
5891 1008
5892 1008
5893 1092
5894 1176
5895 1050
5896 1302
5897 1050
5898 1176
5899 1134
5900 1218
5901 1134
5902 1092
5903 1176
5904 1218
5905 1218
5906 1050
5907 1302
5908 1134
5909 1092
5910 1344
5911 1092
5912 1848
5913 1764
5914 2982
5915 1134
5916 1218
5917 1428
5918 1050
5919 1134
5920 1050
5921 1050
5922 1050
5923 1134
5924 1092
5925 1218
5926 1050
5927 1218
5928 1092
5929 1092
5930 1008
5931 1050
5932 1134
5933 1050
5934 1092
5935 1050
5936 1008
5937 1134
5938 966
5939 1134
5940 1092
5941 1050
5942 1176
5943 1176
5944 1890
5945 1302
5946 1512
5947 966
5948 1134
5949 1092
5950 1050
5951 1134
5952 1092
5953 1176
5954 1050
5955 1092
5956 1134
5957 1008
5958 1008
5959 1092
5960 966
5961 1092
5962 1092
5963 1008
5964 1092
5965 1008
5966 1134
5967 1092
5968 1008
5969 1008
5970 1050
5971 1092
5972 1092
5973 1176
5974 1008
5975 1092
5976 1092
5977 1092
5978 1050
5979 1050
5980 1134
5981 1008
5982 1008
5983 1008
5984 1092
5985 1176
5986 1260
5987 1134
5988 1050
5989 1134
5990 1134
5991 1008
5992 1008
5993 1008
5994 1050
5995 1092
5996 1050
5997 1092
5998 1008
5999 1050
6000 1008
6001 1092
6002 1050
6003 1092
6004 1050
6005 1050
6006 1008
6007 1092
6008 1092
6009 1092
6010 1008
6011 1092
6012 1218
6013 1050
6014 1176
6015 1092
6016 1008
6017 1050
6018 1134
6019 1092
6020 1092
6021 1260
6022 1092
6023 1008
6024 1176
6025 1008
6026 1050
6027 1050
6028 1134
6029 1218
6030 1092
6031 1050
6032 1134
6033 1134
6034 1050
6035 1176
6036 1050
6037 1050
6038 1050
6039 1008
6040 1092
6041 1092
6042 1092
6043 1092
6044 1050
6045 1134
6046 1008
6047 1008
6048 1050
6049 1176
6050 1050
6051 1134
6052 1050
6053 1134
6054 1050
6055 1050
6056 1134
6057 1008
6058 1134
6059 1176
6060 1092
6061 1050
6062 1050
6063 1092
6064 1302
6065 1050
6066 1176
6067 1092
6068 1176
6069 1092
6070 1092
6071 1176
6072 1092
6073 1218
6074 1134
6075 1176
6076 1134
6077 1092
6078 966
6079 1050
6080 1134
6081 1050
6082 1008
6083 1092
6084 1050
6085 1050
6086 1092
6087 1050
6088 1050
6089 1092
6090 1050
6091 1176
6092 1134
6093 1050
6094 1050
6095 1008
6096 1092
6097 1092
6098 1134
6099 1134
6100 1092
6101 1008
6102 1134
6103 1134
6104 1092
6105 1134
6106 1092
6107 1008
6108 1008
6109 966
6110 1092
6111 1050
6112 1008
6113 1008
6114 1260
6115 1092
6116 1050
6117 1134
6118 1050
6119 1134
6120 1092
6121 1008
6122 1050
6123 1050
6124 1050
6125 1008
6126 1050
6127 1134
6128 1050
6129 1134
6130 1050
6131 1050
6132 1050
6133 1134
6134 1050
6135 1050
6136 1092
6137 1092
6138 1134
6139 1050
6140 1050
6141 1050
6142 1134
6143 1134
6144 1134
6145 1092
6146 1134
6147 1134
6148 1344
6149 1050
6150 1134
6151 1050
6152 1050
6153 1092
6154 1092
6155 1008
6156 1092
6157 1092
6158 1050
6159 1092
6160 1008
6161 1008
6162 1050
6163 1092
6164 1134
6165 1092
6166 1092
6167 1092
6168 1092
6169 1092
6170 1092
6171 1008
6172 1092
6173 1218
6174 1092
6175 1008
6176 1134
6177 1092
6178 1092
6179 1050
6180 1008
6181 1008
6182 1050
6183 1008
6184 1260
6185 1008
6186 1092
6187 1176
6188 1008
6189 1008
6190 966
6191 1008
6192 966
6193 1134
6194 1092
6195 1008
6196 966
6197 1092
6198 1050
6199 1092
6200 1008
6201 1092
6202 1092
6203 1050
6204 1134
6205 1092
6206 1050
6207 1008
6208 1008
6209 1008
6210 1050
6211 1050
6212 1008
6213 1008
6214 1008
6215 1176
6216 1176
6217 1218
6218 1050
6219 1092
6220 1008
6221 1092
6222 1050
6223 1134
6224 1092
6225 1218
6226 1092
6227 1050
6228 1050
6229 1134
6230 1050
6231 1134
6232 1092
6233 1050
6234 1008
6235 1092
6236 1134
6237 1092
6238 1092
6239 1050
6240 1134
6241 1050
6242 1134
6243 1176
6244 1008
6245 1176
6246 1092
6247 1050
6248 1134
6249 1176
6250 1092
6251 1134
6252 1008
6253 1134
6254 1050
6255 1176
6256 1092
6257 1092
6258 1008
6259 1092
6260 1050
6261 1134
6262 1092
6263 1008
6264 1302
6265 1050
6266 1008
6267 1218
6268 1176
6269 1092
6270 1134
6271 1176
6272 1092
6273 1092
6274 1134
6275 1092
6276 1050
6277 1092
6278 1008
6279 1134
6280 1092
6281 1050
6282 1008
6283 1134
6284 1134
6285 1092
6286 1092
6287 1050
6288 1218
6289 1092
6290 1050
6291 1050
6292 1092
6293 1092
6294 1134
6295 1092
6296 1176
6297 1134
6298 966
6299 1050
6300 966
6301 1050
6302 1050
6303 1008
6304 1050
6305 1050
6306 1092
6307 1092
6308 1176
6309 1050
6310 1050
6311 1092
6312 1092
6313 1092
6314 1050
6315 1050
6316 1050
6317 1092
6318 1008
6319 1050
6320 1008
6321 1008
6322 1092
6323 1050
6324 1134
6325 1134
6326 1050
6327 1008
6328 1092
6329 1008
6330 1092
6331 1050
6332 1050
6333 1008
6334 1092
6335 1050
6336 1092
6337 1176
6338 1092
6339 1050
6340 1092
6341 1092
6342 1092
6343 1008
6344 1302
6345 1092
6346 1134
6347 1134
6348 1092
6349 1218
6350 1008
6351 1008
6352 1092
6353 1176
6354 1050
6355 1092
6356 1008
6357 1134
6358 1092
6359 1092
6360 1092
6361 1176
6362 1050
6363 1134
6364 1008
6365 1092
6366 1302
6367 1050
6368 1050
6369 1176
6370 1050
6371 1092
6372 1176
6373 1092
6374 1134
6375 1092
6376 1134
6377 1050
6378 1092
6379 1050
6380 1092
6381 1092
6382 1134
6383 1176
6384 1344
6385 1176
6386 1134
6387 1428
6388 1470
6389 1176
6390 1134
6391 1092
6392 1302
6393 1176
6394 1092
6395 1134
6396 1176
6397 1134
6398 1344
6399 1050
6400 1134
6401 1050
6402 1008
6403 1050
6404 1050
6405 1176
6406 1092
6407 1134
6408 1386
6409 1050
6410 1008
6411 1092
6412 1134
6413 1092
6414 1050
6415 1008
6416 1050
6417 1092
6418 1134
6419 1134
6420 1134
6421 1092
6422 1134
6423 966
6424 1092
6425 966
6426 966
6427 1134
6428 1050
6429 1008
6430 1050
6431 1092
6432 1008
6433 1218
6434 1176
6435 1050
6436 1092
6437 1092
6438 1134
6439 1092
6440 1008
6441 1134
6442 1092
6443 1092
6444 1050
6445 1092
6446 1050
6447 1176
6448 1008
6449 1092
6450 1092
6451 1050
6452 1050
6453 1134
6454 1134
6455 1050
6456 1050
6457 1050
6458 1092
6459 1050
6460 1134
6461 1008
6462 1092
6463 1134
6464 1008
6465 1134
6466 1092
6467 1092
6468 1050
6469 1092
6470 1092
6471 1092
6472 1050
6473 1050
6474 1008
6475 1134
6476 1092
6477 966
6478 1092
6479 1050
6480 1008
6481 1050
6482 1092
6483 1134
6484 1050
6485 1134
6486 1176
6487 1092
6488 966
6489 1050
6490 1008
6491 1008
6492 1134
6493 1092
6494 1008
6495 1092
6496 1092
6497 1218
6498 1092
6499 1134
6500 1008
6501 1050
6502 1050
6503 1092
6504 1092
6505 924
6506 1050
6507 1050
6508 1050
6509 1008
6510 1008
6511 1050
6512 1176
6513 1092
6514 1092
6515 1092
6516 1260
6517 1092
6518 1092
6519 1134
6520 1092
6521 1050
6522 1092
6523 1176
6524 1302
6525 1050
6526 1134
6527 1008
6528 1134
6529 1050
6530 1050
6531 1344
6532 1176
6533 1008
6534 1050
6535 1050
6536 1050
6537 1134
6538 1134
6539 1050
6540 1134
6541 1050
6542 966
6543 1134
6544 1092
6545 1092
6546 1134
6547 1008
6548 1008
6549 1092
6550 1050
6551 1008
6552 1050
6553 1134
6554 1008
6555 1092
6556 1092
6557 1092
6558 1050
6559 1092
6560 1134
6561 1134
6562 1008
6563 1134
6564 1092
6565 1092
6566 1134
6567 1092
6568 1092
6569 1092
6570 1176
6571 1008
6572 1092
6573 1134
6574 1134
6575 1134
6576 1092
6577 1092
6578 1092
6579 1050
6580 1050
6581 1134
6582 1008
6583 1092
6584 1008
6585 1050
6586 1134
6587 1176
6588 1176
6589 1134
6590 1008
6591 1050
6592 1092
6593 1134
6594 1134
6595 1092
6596 1050
6597 1092
6598 1008
6599 1050
6600 1050
6601 1092
6602 1050
6603 1092
6604 1050
6605 1050
6606 1134
6607 1050
6608 1134
6609 1092
6610 1050
6611 1092
6612 1092
6613 1092
6614 1092
6615 1050
6616 1134
6617 1134
6618 1260
6619 1176
6620 1134
6621 1176
6622 1134
6623 1218
6624 1176
6625 1092
6626 1050
6627 1050
6628 1008
6629 1092
6630 1428
6631 1134
6632 1092
6633 1176
6634 1092
6635 1050
6636 1176
6637 1050
6638 1092
6639 1134
6640 1092
6641 1218
6642 1092
6643 1092
6644 1008
6645 1176
6646 1218
6647 1092
6648 1134
6649 1008
6650 1218
6651 1092
6652 1134
6653 1050
6654 1050
6655 1092
6656 1176
6657 1134
6658 1176
6659 1092
6660 1386
6661 1092
6662 1134
6663 1050
6664 1218
6665 1176
6666 1092
6667 1134
6668 1050
6669 1260
6670 1092
6671 1092
6672 1092
6673 1176
6674 1218
6675 1344
6676 1176
6677 1134
6678 1218
6679 1092
6680 1092
6681 1008
6682 1092
6683 1008
6684 1134
6685 1134
6686 1008
6687 1176
6688 1050
6689 1050
6690 1050
6691 1092
6692 1092
6693 1008
6694 1050
6695 1050
6696 1092
6697 1008
6698 1050
6699 1092
6700 1050
6701 1050
6702 1050
6703 1092
6704 1176
6705 1092
6706 1134
6707 1008
6708 1050
6709 966
6710 1218
6711 1050
6712 1092
6713 1134
6714 1050
6715 1050
6716 1092
6717 1050
6718 1050
6719 1092
6720 1092
6721 1218
6722 1008
6723 1008
6724 1218
6725 1008
6726 1176
6727 1050
6728 1050
6729 1134
6730 1092
6731 1008
6732 1008
6733 1134
6734 1050
6735 1134
6736 1092
6737 1092
6738 1134
6739 1092
6740 1050
6741 1218
6742 1218
6743 1092
6744 1176
6745 1176
6746 1050
6747 1092
6748 1092
6749 1092
6750 1092
6751 1092
6752 1050
6753 1176
6754 1050
6755 1008
6756 1050
6757 1092
6758 1176
6759 1176
6760 1134
6761 1050
6762 1134
6763 1008
6764 1134
6765 1092
6766 1092
6767 1176
6768 1092
6769 3612
6770 1050
6771 1050
6772 4578
6773 1302
6774 1176
6775 1092
6776 1470
6777 1176
6778 1050
6779 1008
6780 1386
6781 1218
6782 1344
6783 1092
6784 2184
6785 1092
6786 1092
6787 1302
6788 1050
6789 1386
6790 1638
6791 1764
6792 1092
6793 1092
6794 1260
6795 1932
6796 1050
6797 1554
6798 1134
6799 1302
6800 3192
6801 2184
6802 1008
6803 1134
6804 1092
6805 1092
6806 1008
6807 1092
6808 1092
6809 1050
6810 1050
6811 1134
6812 1050
6813 1050
6814 1260
6815 1050
6816 1092
6817 1176
6818 1050
6819 1092
6820 1260
6821 1092
6822 966
6823 1050
6824 1050
6825 1050
6826 966
6827 1092
6828 1050
6829 1092
6830 1176
6831 966
6832 1092
6833 1050
6834 1134
6835 1092
6836 1134
6837 1092
6838 1092
6839 1008
6840 1092
6841 1134
6842 1176
6843 1134
6844 1092
6845 1092
6846 1050
6847 1092
6848 1050
6849 1176
6850 1050
6851 1134
6852 1092
6853 1092
6854 1134
6855 1008
6856 1134
6857 1134
6858 1050
6859 1008
6860 1092
6861 1092
6862 1092
6863 1092
6864 1134
6865 1092
6866 1134
6867 1050
6868 1134
6869 1092
6870 1134
6871 1176
6872 1092
6873 1050
6874 1050
6875 1092
6876 1092
6877 1008
6878 1050
6879 1050
6880 1218
6881 1050
6882 1092
6883 966
6884 1092
6885 1092
6886 1092
6887 1092
6888 1134
6889 1092
6890 1260
6891 1134
6892 1050
6893 1134
6894 1134
6895 1050
6896 1134
6897 1134
6898 1176
6899 1092
6900 1218
6901 1176
6902 1092
6903 1134
6904 1134
6905 1008
6906 1134
6907 1092
6908 1092
6909 1092
6910 1134
6911 1050
6912 1050
6913 1134
6914 1092
6915 1134
6916 1050
6917 1092
6918 1092
6919 1008
6920 1008
6921 1008
6922 1218
6923 1176
6924 1092
6925 1050
6926 1134
6927 1176
6928 1134
6929 1134
6930 1176
6931 1134
6932 1260
6933 1218
6934 1260
6935 1092
6936 1092
6937 1176
6938 1134
6939 1134
6940 1218
6941 1134
6942 1218
6943 1302
6944 1302
6945 1134
6946 1176
6947 1092
6948 1134
6949 1176
6950 1218
6951 1008
6952 1050
6953 1260
6954 1176
6955 1050
6956 1092
6957 1218
6958 1134
6959 1134
6960 1050
6961 1050
6962 1134
6963 1092
6964 1050
6965 1134
6966 1008
6967 1092
6968 1176
6969 1092
6970 1092
6971 1092
6972 1176
6973 1134
6974 1176
6975 1218
6976 1134
6977 1176
6978 1176
6979 1134
6980 1134
6981 1050
6982 1134
6983 1134
6984 1134
6985 1134
6986 1218
6987 1092
6988 1260
6989 1218
6990 1134
6991 1134
6992 1134
6993 1512
6994 1092
6995 1092
6996 1092
6997 1134
6998 1176
6999 1092
7000 1176
7001 1134
7002 1176
7003 1092
7004 1134
7005 1176
7006 1176
7007 1092
7008 1092
7009 1134
7010 1134
7011 1134
7012 1134
7013 1134
7014 1092
7015 1176
7016 1134
7017 1134
7018 1008
7019 1092
7020 1134
7021 1092
7022 1092
7023 1092
7024 1092
7025 1092
7026 1092
7027 1134
7028 1134
7029 1050
7030 1050
7031 1134
7032 1092
7033 1176
7034 1134
7035 1050
7036 1050
7037 1134
7038 1050
7039 1134
7040 1092
7041 1134
7042 1050
7043 1134
7044 1050
7045 1260
7046 1050
7047 1092
7048 1092
7049 1134
7050 1050
7051 1218
7052 1134
7053 1092
7054 1050
7055 1050
7056 1134
7057 1008
7058 1092
7059 1092
7060 1092
7061 1050
7062 1176
7063 1092
7064 1176
7065 1050
7066 1092
7067 1050
7068 1050
7069 1050
7070 1050
7071 1092
7072 1092
7073 1176
7074 1092
7075 1050
7076 1092
7077 1176
7078 1008
7079 1092
7080 1134
7081 1176
7082 1134
7083 1092
7084 1134
7085 1134
7086 1092
7087 1134
7088 1050
7089 1092
7090 1050
7091 1260
7092 1176
7093 1218
7094 1008
7095 1050
7096 1092
7097 1176
7098 1050
7099 1134
7100 1050
7101 1092
7102 1092
7103 1092
7104 1050
7105 1092
7106 1092
7107 1050
7108 1176
7109 1260
7110 1092
7111 1092
7112 1008
7113 1134
7114 1134
7115 1218
7116 1134
7117 1092
7118 1092
7119 1134
7120 1134
7121 1092
7122 1092
7123 1176
7124 1050
7125 1050
7126 1050
7127 1176
7128 1050
7129 1050
7130 1008
7131 1092
7132 1050
7133 1134
7134 1092
7135 1176
7136 1092
7137 1554
7138 1134
7139 1134
7140 1050
7141 1092
7142 1008
7143 1092
7144 1092
7145 1092
7146 1092
7147 1050
7148 1092
7149 1092
7150 1050
7151 1050
7152 1176
7153 1134
7154 1092
7155 1008
7156 1218
7157 1092
7158 1092
7159 1218
7160 1092
7161 1008
7162 1218
7163 1176
7164 1050
7165 1260
7166 1134
7167 1176
7168 1092
7169 1050
7170 1134
7171 1050
7172 1050
7173 1092
7174 1134
7175 1134
7176 1050
7177 1176
7178 1092
7179 1176
7180 1008
7181 1134
7182 1134
7183 1176
7184 1260
7185 1050
7186 1176
7187 1092
7188 1092
7189 1092
7190 1092
7191 1050
7192 1050
7193 1092
7194 1092
7195 1134
7196 1050
7197 1092
7198 1176
7199 1134
7200 1176
7201 1134
7202 1092
7203 1134
7204 1092
7205 1176
7206 1134
7207 966
7208 1008
7209 1050
7210 1092
7211 1134
7212 1050
7213 1092
7214 1134
7215 1050
7216 1008
7217 2226
7218 1008
7219 1134
7220 1176
7221 1092
7222 1176
7223 1134
7224 1092
7225 1092
7226 1092
7227 1092
7228 1050
7229 1134
7230 1092
7231 1050
7232 1092
7233 1092
7234 1050
7235 1302
7236 1554
7237 1092
7238 1134
7239 1134
7240 1176
7241 1134
7242 1092
7243 1176
7244 1176
7245 1134
7246 1050
7247 1092
7248 1050
7249 1092
7250 1134
7251 1260
7252 1008
7253 1218
7254 1134
7255 1218
7256 1344
7257 1176
7258 1092
7259 1092
7260 1344
7261 966
7262 1050
7263 1092
7264 1050
7265 1050
7266 1008
7267 1134
7268 1092
7269 1050
7270 1134
7271 1092
7272 1050
7273 1008
7274 966
7275 1134
7276 1134
7277 1092
7278 1092
7279 1092
7280 1050
7281 1008
7282 1134
7283 1008
7284 1092
7285 1008
7286 1134
7287 966
7288 1050
7289 1050
7290 1008
7291 1092
7292 1134
7293 1050
7294 1134
7295 1092
7296 1092
7297 1050
7298 1008
7299 1092
7300 1050
7301 1008
7302 1260
7303 1092
7304 1260
7305 1092
7306 1134
7307 1050
7308 1092
7309 1134
7310 1092
7311 1050
7312 1050
7313 1092
7314 1050
7315 1008
7316 1092
7317 1050
7318 1050
7319 1092
7320 1008
7321 1176
7322 1176
7323 1008
7324 1176
7325 1134
7326 1176
7327 1050
7328 1092
7329 1218
7330 1050
7331 1050
7332 1134
7333 1134
7334 1134
7335 1176
7336 1176
7337 1218
7338 1134
7339 1134
7340 966
7341 1050
7342 1134
7343 1176
7344 1176
7345 1596
7346 1092
7347 1092
7348 966
7349 1050
7350 1092
7351 1218
7352 1134
7353 1092
7354 1092
7355 1092
7356 1134
7357 1134
7358 1092
7359 1050
7360 1050
7361 1092
7362 1008
7363 1008
7364 1092
7365 1050
7366 1092
7367 1134
7368 1092
7369 1050
7370 1134
7371 1092
7372 1092
7373 1134
7374 1176
7375 1134
7376 1176
7377 1092
7378 1008
7379 1092
7380 1092
7381 1092
7382 1050
7383 1050
7384 1176
7385 1134
7386 1176
7387 1092
7388 1092
7389 1176
7390 1176
7391 1134
7392 1176
7393 1092
7394 1218
7395 1092
7396 1092
7397 1302
7398 1050
7399 1092
7400 1176
7401 1302
7402 1050
7403 1218
7404 1134
7405 1344
7406 1134
7407 1218
7408 1218
7409 1092
7410 1176
7411 1302
7412 1050
7413 1092
7414 1050
7415 1092
7416 1008
7417 1050
7418 1050
7419 1050
7420 1134
7421 1050
7422 1050
7423 1050
7424 1176
7425 1092
7426 1260
7427 1092
7428 1134
7429 1134
7430 1050
7431 1050
7432 1134
7433 1428
7434 1764
7435 1176
7436 1134
7437 1218
7438 1218
7439 1134
7440 1092
7441 1050
7442 1008
7443 1134
7444 1176
7445 1134
7446 1134
7447 1092
7448 1134
7449 1092
7450 1134
7451 1134
7452 1008
7453 1092
7454 1050
7455 1050
7456 1008
7457 1092
7458 1050
7459 1050
7460 1092
7461 1092
7462 1008
7463 1092
7464 1008
7465 1092
7466 1092
7467 1050
7468 1092
7469 1176
7470 1092
7471 1092
7472 966
7473 1134
7474 1134
7475 1134
7476 1092
7477 966
7478 1092
7479 1050
7480 1050
7481 1092
7482 1134
7483 1092
7484 1050
7485 1008
7486 1134
7487 1050
7488 1092
7489 1134
7490 1092
7491 1092
7492 1134
7493 1134
7494 1218
7495 1134
7496 1134
7497 1092
7498 1134
7499 1092
7500 1134
7501 1218
7502 1260
7503 1176
7504 1134
7505 1134
7506 1092
7507 1176
7508 1176
7509 1218
7510 1134
7511 1092
7512 1092
7513 1092
7514 1344
7515 1554
7516 1218
7517 1092
7518 1050
7519 2268
7520 1554
7521 1092
7522 1134
7523 1092
7524 1134
7525 1134
7526 1092
7527 1134
7528 1260
7529 1218
7530 1092
7531 1218
7532 1134
7533 1218
7534 1218
7535 1218
7536 1344
7537 1134
7538 1050
7539 1302
7540 1134
7541 1218
7542 1218
7543 1386
7544 1092
7545 1260
7546 1218
7547 1344
7548 1092
7549 1008
7550 1134
7551 1050
7552 1218
7553 1134
7554 1134
7555 1134
7556 1176
7557 1218
7558 1134
7559 1176
7560 1092
7561 1134
7562 1092
7563 1092
7564 1176
7565 1092
7566 1260
7567 1176
7568 1008
7569 1134
7570 1134
7571 1260
7572 1176
7573 1092
7574 1134
7575 1008
7576 1134
7577 1092
7578 1092
7579 1134
7580 1092
7581 1134
7582 1092
7583 1176
7584 1218
7585 1050
7586 1134
7587 1050
7588 1092
7589 1176
7590 1092
7591 1050
7592 1218
7593 1134
7594 1050
7595 1092
7596 1092
7597 1344
7598 1092
7599 1176
7600 1176
7601 1176
7602 1092
7603 1176
7604 1176
7605 1470
7606 1260
7607 1344
7608 1260
7609 1134
7610 1092
7611 1134
7612 1176
7613 1134
7614 1092
7615 1134
7616 1092
7617 1218
7618 1092
7619 1176
7620 1134
7621 1092
7622 1092
7623 1932
7624 1218
7625 1176
7626 1134
7627 1134
7628 1092
7629 1050
7630 1092
7631 1134
7632 1092
7633 1134
7634 1050
7635 1134
7636 1134
7637 1134
7638 1050
7639 1092
7640 1134
7641 1134
7642 1218
7643 1092
7644 1092
7645 1050
7646 1008
7647 1050
7648 1092
7649 1134
7650 1050
7651 1050
7652 1134
7653 1050
7654 1134
7655 1008
7656 1134
7657 1260
7658 1176
7659 1050
7660 1008
7661 1092
7662 1050
7663 1176
7664 1176
7665 1050
7666 1134
7667 1260
7668 1050
7669 1050
7670 1008
7671 1134
7672 1050
7673 1092
7674 1092
7675 1176
7676 1176
7677 1092
7678 1092
7679 1176
7680 1092
7681 1050
7682 1092
7683 1092
7684 1134
7685 1176
7686 1092
7687 1092
7688 1008
7689 1092
7690 1008
7691 1134
7692 1050
7693 1092
7694 1050
7695 1176
7696 1092
7697 1176
7698 1134
7699 1050
7700 1176
7701 1134
7702 1050
7703 1176
7704 1176
7705 1134
7706 1092
7707 1176
7708 1092
7709 1176
7710 1092
7711 1008
7712 1134
7713 1176
7714 1134
7715 1176
7716 1218
7717 1008
7718 1050
7719 1050
7720 1050
7721 1092
7722 1008
7723 1092
7724 1092
7725 1050
7726 1092
7727 1176
7728 1008
7729 1050
7730 1134
7731 1092
7732 1134
7733 1176
7734 1176
7735 1134
7736 1092
7737 1008
7738 1092
7739 1092
7740 1134
7741 1176
7742 1134
7743 1050
7744 1218
7745 1176
7746 1176
7747 1218
7748 1218
7749 1218
7750 1176
7751 1092
7752 1386
7753 1092
7754 1218
7755 1176
7756 1092
7757 1092
7758 1092
7759 1302
7760 1260
7761 1302
7762 1092
7763 1092
7764 1092
7765 1134
7766 1092
7767 1218
7768 1050
7769 1092
7770 1134
7771 1134
7772 1050
7773 1134
7774 1050
7775 1134
7776 1092
7777 1092
7778 1050
7779 1092
7780 1092
7781 1092
7782 1050
7783 1050
7784 1092
7785 1218
7786 1134
7787 1050
7788 1008
7789 1134
7790 1176
7791 1092
7792 1134
7793 1008
7794 1092
7795 1134
7796 1092
7797 1050
7798 1134
7799 1050
7800 1134
7801 1092
7802 1050
7803 1050
7804 1050
7805 1176
7806 1092
7807 1134
7808 1092
7809 1092
7810 1092
7811 1134
7812 1134
7813 1092
7814 1176
7815 1134
7816 1134
7817 1134
7818 1050
7819 1302
7820 1092
7821 1008
7822 1092
7823 1092
7824 1176
7825 1344
7826 1134
7827 1092
7828 1176
7829 1092
7830 1092
7831 1176
7832 1134
7833 1260
7834 1176
7835 1092
7836 1176
7837 1134
7838 1260
7839 1134
7840 1176
7841 1134
7842 1134
7843 1092
7844 1092
7845 1092
7846 1092
7847 1176
7848 1050
7849 1218
7850 1092
7851 1218
7852 1092
7853 1092
7854 1134
7855 1176
7856 1092
7857 1176
7858 1050
7859 1134
7860 1050
7861 1134
7862 1134
7863 1050
7864 1008
7865 1092
7866 1134
7867 1134
7868 1092
7869 1050
7870 1050
7871 1176
7872 1260
7873 1092
7874 1134
7875 1008
7876 1008
7877 1134
7878 1008
7879 1134
7880 1050
7881 1050
7882 1050
7883 1134
7884 1050
7885 1092
7886 1092
7887 1092
7888 1176
7889 1134
7890 1050
7891 1008
7892 1134
7893 1134
7894 1008
7895 1134
7896 1092
7897 1092
7898 1092
7899 1050
7900 1092
7901 1134
7902 1134
7903 1050
7904 1050
7905 1008
7906 1092
7907 1176
7908 1134
7909 1176
7910 1134
7911 1218
7912 1092
7913 1050
7914 1050
7915 1134
7916 1050
7917 1428
7918 1050
7919 1134
7920 1092
7921 1092
7922 1050
7923 1092
7924 1050
7925 1176
7926 1218
7927 966
7928 1050
7929 1050
7930 1008
7931 1092
7932 1176
7933 1050
7934 1218
7935 1134
7936 1008
7937 1050
7938 1176
7939 1134
7940 1050
7941 1134
7942 1050
7943 1134
7944 1134
7945 1176
7946 1134
7947 1134
7948 1218
7949 1176
7950 1260
7951 1134
7952 1092
7953 1134
7954 1134
7955 1092
7956 1134
7957 1092
7958 1176
7959 1134
7960 1092
7961 1134
7962 1134
7963 1092
7964 1050
7965 1218
7966 1176
7967 1134
7968 1092
7969 1092
7970 1092
7971 1134
7972 1176
7973 1092
7974 1092
7975 1092
7976 1008
7977 1092
7978 1092
7979 1260
7980 1134
7981 1302
7982 1092
7983 1092
7984 1050
7985 1092
7986 1176
7987 1092
7988 1260
7989 1176
7990 1092
7991 1260
7992 1134
7993 1134
7994 1134
7995 1050
7996 1008
7997 1050
7998 1134
7999 1092
8000 1050
8001 1050
8002 1176
8003 1092
8004 1176
8005 1176
8006 1092
8007 1092
8008 1176
8009 1134
8010 1134
8011 1134
8012 1134
8013 1050
8014 1092
8015 1176
8016 1176
8017 1176
8018 1176
8019 1008
8020 1050
8021 1176
8022 1176
8023 1134
8024 1134
8025 1050
8026 1134
8027 1176
8028 1260
8029 1050
8030 1092
8031 1050
8032 1092
8033 1134
8034 1134
8035 1050
8036 1134
8037 1134
8038 1218
8039 1386
8040 1092
8041 1092
8042 1050
8043 1092
8044 1092
8045 1050
8046 1134
8047 1092
8048 1134
8049 1092
8050 1092
8051 1092
8052 1092
8053 1134
8054 2058
8055 1092
8056 1638
8057 1050
8058 1092
8059 1092
8060 1092
8061 1092
8062 1134
8063 1092
8064 1176
8065 1050
8066 1134
8067 1176
8068 1596
8069 1134
8070 1134
8071 1092
8072 1134
8073 1134
8074 1092
8075 1092
8076 1092
8077 1176
8078 1050
8079 1092
8080 1596
8081 1134
8082 1092
8083 1134
8084 1092
8085 1134
8086 1218
8087 1092
8088 1176
8089 1176
8090 1092
8091 1050
8092 1050
8093 1134
8094 1302
8095 1092
8096 1176
8097 1218
8098 1218
8099 2184
8100 1008
8101 1176
8102 1218
8103 1134
8104 1008
8105 1134
8106 1050
8107 1134
8108 1008
8109 1134
8110 1092
8111 1134
8112 1008
8113 1176
8114 1092
8115 1050
8116 1134
8117 1092
8118 1092
8119 2100
8120 1596
8121 1218
8122 1176
8123 1260
8124 1092
8125 1302
8126 2142
8127 1134
8128 1134
8129 1008
8130 1092
8131 1092
8132 1260
8133 1092
8134 1218
8135 1134
8136 1092
8137 1092
8138 1092
8139 1176
8140 1092
8141 1134
8142 1092
8143 1176
8144 1134
8145 1092
8146 1092
8147 1050
8148 1050
8149 1176
8150 1092
8151 1008
8152 1134
8153 1008
8154 1050
8155 1092
8156 1008
8157 1092
8158 1050
8159 1050
8160 1218
8161 1092
8162 1176
8163 1134
8164 1050
8165 1092
8166 1134
8167 1050
8168 1008
8169 1134
8170 1092
8171 1092
8172 1050
8173 1050
8174 1134
8175 1008
8176 1176
8177 1050
8178 1134
8179 1092
8180 1134
8181 1218
8182 1134
8183 1134
8184 1218
8185 1134
8186 1134
8187 1134
8188 1176
8189 1176
8190 1176
8191 1134
8192 1260
8193 1092
8194 1134
8195 1092
8196 1218
8197 1134
8198 1050
8199 1176
8200 1134
8201 1092
8202 1092
8203 1134
8204 1218
8205 1008
8206 1050
8207 1302
8208 1050
8209 1050
8210 1050
8211 1008
8212 1134
8213 1134
8214 1134
8215 1008
8216 1176
8217 1134
8218 1176
8219 1050
8220 1092
8221 1176
8222 1008
8223 1176
8224 1008
8225 1092
8226 1092
8227 1134
8228 1218
8229 1176
8230 1218
8231 1134
8232 1092
8233 1134
8234 1218
8235 1218
8236 1050
8237 1050
8238 1134
8239 1134
8240 1092
8241 1134
8242 1218
8243 1092
8244 1008
8245 1134
8246 1134
8247 1092
8248 1092
8249 1134
8250 1218
8251 1092
8252 1134
8253 1092
8254 1050
8255 1218
8256 1008
8257 1008
8258 1134
8259 1092
8260 1092
8261 1176
8262 1092
8263 1092
8264 1050
8265 1092
8266 1050
8267 1092
8268 1050
8269 1050
8270 1050
8271 1050
8272 1008
8273 1092
8274 1134
8275 1134
8276 1218
8277 1092
8278 1092
8279 1050
8280 1092
8281 1134
8282 1092
8283 966
8284 1218
8285 1050
8286 1092
8287 1092
8288 1176
8289 1092
8290 1050
8291 1050
8292 1176
8293 1092
8294 1008
8295 1134
8296 1176
8297 1008
8298 1050
8299 1176
8300 1092
8301 1050
8302 1092
8303 1092
8304 1176
8305 1050
8306 1134
8307 1134
8308 1008
8309 1092
8310 1134
8311 1092
8312 1050
8313 1050
8314 1218
8315 1260
8316 1176
8317 1092
8318 1050
8319 1134
8320 1134
8321 1092
8322 1050
8323 1134
8324 1008
8325 1050
8326 1092
8327 1092
8328 1050
8329 1176
8330 1176
8331 1134
8332 1092
8333 1092
8334 1176
8335 1092
8336 1134
8337 1092
8338 1092
8339 1176
8340 1092
8341 1008
8342 1050
8343 1134
8344 1134
8345 1092
8346 1134
8347 1092
8348 1134
8349 1092
8350 1134
8351 1092
8352 1092
8353 1092
8354 1092
8355 1134
8356 1050
8357 1302
8358 1050
8359 1134
8360 1134
8361 1302
8362 1092
8363 966
8364 1134
8365 1344
8366 1176
8367 1134
8368 1092
8369 1218
8370 1050
8371 1176
8372 1050
8373 1092
8374 1260
8375 1134
8376 1134
8377 1134
8378 1176
8379 1092
8380 1134
8381 1176
8382 1050
8383 1050
8384 1134
8385 1134
8386 1176
8387 1092
8388 1050
8389 1050
8390 1134
8391 1092
8392 1176
8393 1176
8394 1134
8395 1092
8396 1092
8397 1134
8398 1092
8399 1176
8400 1176
8401 1050
8402 1218
8403 1386
8404 1134
8405 1134
8406 1134
8407 1092
8408 1050
8409 1176
8410 1050
8411 1008
8412 1134
8413 1134
8414 1134
8415 1176
8416 1092
8417 1050
8418 1134
8419 1050
8420 1092
8421 1050
8422 1092
8423 1218
8424 1134
8425 1092
8426 1134
8427 1092
8428 1260
8429 1050
8430 1176
8431 1008
8432 1008
8433 1134
8434 1134
8435 1050
8436 1050
8437 1050
8438 1134
8439 1134
8440 1134
8441 1134
8442 1134
8443 1050
8444 1050
8445 1092
8446 1176
8447 966
8448 1176
8449 1092
8450 1092
8451 1092
8452 1092
8453 1134
8454 966
8455 1092
8456 1134
8457 1008
8458 1092
8459 1008
8460 1134
8461 1092
8462 1092
8463 1092
8464 1008
8465 1008
8466 1092
8467 1134
8468 1134
8469 1092
8470 1092
8471 1092
8472 1092
8473 1050
8474 1050
8475 1092
8476 1092
8477 1050
8478 1092
8479 1176
8480 1092
8481 1092
8482 1092
8483 1134
8484 1134
8485 1134
8486 1176
8487 1092
8488 1176
8489 1008
8490 1050
8491 1008
8492 1050
8493 1092
8494 1176
8495 1134
8496 1134
8497 1134
8498 1134
8499 1050
8500 1134
8501 1050
8502 1218
8503 1134
8504 1092
8505 1092
8506 1092
8507 1134
8508 1050
8509 1092
8510 1050
8511 1092
8512 1134
8513 1218
8514 1092
8515 1092
8516 1008
8517 1134
8518 1050
8519 1092
8520 1092
8521 1092
8522 1092
8523 1092
8524 1218
8525 1176
8526 1176
8527 1134
8528 1134
8529 1008
8530 1092
8531 1092
8532 1008
8533 1008
8534 1050
8535 1092
8536 1134
8537 1092
8538 1134
8539 1134
8540 1050
8541 1092
8542 1050
8543 1176
8544 1092
8545 1092
Unexpected message received for job 1048130
8546 1092
8547 1050
8548 1134
8549 1008
8550 1050
8551 1134
8552 1092
8553 1092
8554 1050
8555 1092
8556 1050
8557 1134
8558 1092
Unexpected message received for job 1048130
8559 1050
8560 1092
8561 1008
8562 1092
8563 1050
8564 1092
8565 1050
8566 1092
8567 1092
8568 1134
8569 1134
8570 1008
8571 1008
8572 1134
8573 1092
8574 1176
8575 1050
8576 1092
8577 1008
8578 1092
8579 1134
8580 1050
8581 1050
8582 1092
8583 1218
8584 1218
8585 1134
8586 1008
8587 1092
8588 1260
8589 1092
8590 1092
8591 1176
8592 966
8593 1176
8594 1134
8595 1050
8596 1134
8597 1050
8598 1050
8599 1092
8600 1092
8601 1008
8602 1050
8603 1134
8604 1050
8605 1050
8606 1134
8607 1176
8608 1050
8609 1050
8610 1134
8611 1050
8612 1050
8613 1050
8614 1092
8615 1176
8616 1092
8617 1008
8618 1134
8619 1050
8620 1134
8621 1092
8622 1134
8623 1008
8624 1134
8625 1134
8626 1008
8627 1176
8628 1092
8629 1092
8630 1134
8631 1092
8632 1134
8633 1134
8634 1176
8635 1092
8636 1134
8637 1092
8638 1176
8639 1134
8640 1176
8641 1050
8642 1176
8643 1050
8644 1134
8645 1050
8646 1092
8647 1134
8648 1092
8649 1050
8650 1092
8651 1176
8652 1050
8653 1134
8654 1134
8655 1134
8656 1050
8657 1176
8658 966
8659 1050
8660 1134
8661 1176
8662 1050
8663 1092
8664 1092
8665 1050
8666 1092
8667 1134
8668 1050
8669 1134
8670 1050
8671 1176
8672 1050
8673 1134
8674 1050
8675 1050
8676 1176
8677 1050
8678 1302
8679 1134
8680 1134
8681 1218
8682 1050
8683 1050
8684 1134
8685 1176
8686 1092
8687 1218
8688 1092
8689 1008
8690 1092
8691 1176
8692 1134
8693 1092
8694 1050
8695 1092
8696 1134
8697 1176
8698 1092
8699 2268
8700 2604
8701 1134
8702 1092
8703 1344
8704 1386
8705 1134
8706 1218
8707 1176
8708 1092
8709 1050
8710 1050
8711 1050
8712 1134
8713 1176
8714 1050
8715 1176
8716 1176
8717 1050
8718 1092
8719 1134
8720 1176
8721 1134
8722 1050
8723 1176
8724 1092
8725 1134
8726 1092
8727 1008
8728 1134
8729 1050
8730 1092
8731 1176
8732 1134
8733 1176
8734 1092
8735 1092
8736 1092
8737 1134
8738 1092
8739 1050
8740 1176
8741 1008
8742 1008
8743 1050
8744 1134
8745 1092
8746 1092
8747 1092
8748 1134
8749 1092
8750 1050
8751 1176
8752 1092
8753 1344
8754 1218
8755 1134
8756 1134
8757 1134
8758 1134
8759 1050
8760 1050
8761 1176
8762 1092
8763 1134
8764 1050
8765 1302
8766 1134
8767 1050
8768 1008
8769 1134
8770 1092
8771 1092
8772 1176
8773 1092
8774 1134
8775 1092
8776 1050
8777 1134
8778 1176
8779 1218
8780 1092
8781 1134
8782 1134
8783 1092
8784 1176
8785 1092
8786 1008
8787 1134
8788 1218
8789 1092
8790 1470
8791 1260
8792 1260
8793 1050
8794 1092
8795 1092
8796 1092
8797 1134
8798 1134
8799 1176
8800 1092
8801 1050
8802 1092
8803 1050
8804 1092
8805 1176
8806 1092
8807 1176
8808 1218
8809 1134
8810 1092
8811 1134
8812 1176
8813 1092
8814 1008
8815 1092
8816 1008
8817 1176
8818 1050
8819 1092
8820 1050
8821 1092
8822 1092
8823 1176
8824 1176
8825 1134
8826 1134
8827 1134
8828 1008
8829 1134
8830 1050
8831 1092
8832 1134
8833 1134
8834 1050
8835 1092
8836 1092
8837 1260
8838 1176
8839 1050
8840 1218
8841 1176
8842 1134
8843 1176
8844 1050
8845 1134
8846 1134
8847 1008
8848 1134
8849 1176
8850 1092
8851 1176
8852 1134
8853 1260
8854 1092
8855 1176
8856 1176
8857 1218
8858 1134
8859 1176
8860 1134
8861 1134
8862 1092
8863 1218
8864 1092
8865 1176
8866 1260
8867 1092
8868 1092
8869 1176
8870 1302
8871 1218
8872 1218
8873 1176
8874 1302
8875 1176
8876 3192
8877 1134
8878 1134
8879 1218
8880 1050
8881 1176
8882 1302
8883 1218
8884 1008
8885 1134
8886 1050
8887 1218
8888 1134
8889 1218
8890 1092
8891 1176
8892 1134
8893 1092
8894 1134
8895 1092
8896 1134
8897 1092
8898 1302
8899 1092
8900 1176
8901 1176
8902 1092
8903 1176
8904 1176
8905 1176
8906 1092
8907 1176
8908 1176
8909 1134
8910 1218
8911 1092
8912 1092
8913 1050
8914 1008
8915 1008
8916 1218
8917 1176
8918 1092
8919 1134
8920 1176
8921 1092
8922 1260
8923 1092
8924 1134
8925 1092
8926 1134
8927 1050
8928 1092
8929 1092
8930 1092
8931 1050
8932 1134
8933 1092
8934 1218
8935 1092
8936 1092
8937 1512
8938 1092
8939 1134
8940 1176
8941 1218
8942 1134
8943 1386
8944 1134
8945 1764
8946 1176
8947 1260
8948 2436
8949 1386
8950 1176
8951 1260
8952 1218
8953 1218
8954 1134
8955 1092
8956 1260
8957 1848
8958 1134
8959 1218
8960 1092
8961 1134
8962 1218
8963 1092
8964 1092
8965 1344
8966 1134
8967 1134
8968 1134
8969 1050
8970 1092
8971 1176
8972 1092
8973 1050
8974 1092
8975 1134
8976 1092
8977 1176
8978 1218
8979 1218
8980 1302
8981 1176
8982 1008
8983 1092
8984 1176
8985 1134
8986 1218
8987 1050
8988 1008
8989 1176
8990 1176
8991 1176
8992 1134
8993 1218
8994 1092
8995 1050
8996 1008
8997 1092
8998 1134
8999 1134
9000 1218
9001 1134
9002 1092
9003 1134
9004 1092
9005 1092
9006 1092
9007 1134
9008 1134
9009 1050
9010 1050
9011 1050
9012 1092
9013 1050
9014 1092
9015 1050
9016 1050
9017 1092
9018 1050
9019 1134
9020 1092
9021 1092
9022 1176
9023 1092
9024 1176
9025 1092
9026 1092
9027 1134
9028 1008
9029 1092
9030 1050
9031 1134
9032 1050
9033 1092
9034 1050
9035 1092
9036 1134
9037 1260
9038 1050
9039 1176
9040 1134
9041 1176
9042 1050
9043 1050
9044 1134
9045 1050
9046 1596
9047 1176
9048 1092
9049 1260
9050 1092
9051 1092
9052 1134
9053 1050
9054 1050
9055 1134
9056 1134
9057 1176
9058 1176
9059 1176
9060 1134
9061 1050
9062 1050
9063 1134
9064 1092
9065 1050
9066 1092
9067 1134
9068 1176
9069 1092
9070 1176
9071 1092
9072 1050
9073 1092
9074 1092
9075 1050
9076 1134
9077 1050
9078 1050
9079 1092
9080 1050
9081 1134
9082 1176
9083 1050
9084 1050
9085 1050
9086 1092
9087 1092
9088 1218
9089 1218
9090 1092
9091 1092
9092 1092
9093 1050
9094 1134
9095 1008
9096 1134
9097 1092
9098 1134
9099 1050
9100 1218
9101 1260
9102 1092
9103 1134
9104 1176
9105 1176
9106 1176
9107 1092
9108 1092
9109 1134
9110 1050
9111 1008
9112 1092
9113 1050
9114 1008
9115 1218
9116 1050
9117 1134
9118 1134
9119 1134
9120 1050
9121 1134
9122 1092
9123 1092
9124 1092
9125 1176
9126 1092
9127 1092
9128 1134
9129 1134
9130 1176
9131 1092
9132 1092
9133 1218
9134 1134
9135 1176
9136 1134
9137 1092
9138 1092
9139 966
9140 1134
9141 1176
9142 1176
9143 1134
9144 1050
9145 1134
9146 1134
9147 1176
9148 1050
9149 1050
9150 1092
9151 1176
9152 1092
9153 1134
9154 1386
9155 1050
9156 1092
9157 1134
9158 1134
9159 1176
9160 1092
9161 1134
9162 1092
9163 1176
9164 1134
9165 1050
9166 1218
9167 1092
9168 1260
9169 1008
9170 1092
9171 1050
9172 1092
9173 1092
9174 1176
9175 1134
9176 1134
9177 1134
9178 1050
9179 1134
9180 1092
9181 1134
9182 1050
9183 1176
9184 1092
9185 1050
9186 1134
9187 1134
9188 1092
9189 1092
9190 1008
9191 1134
9192 1134
9193 1092
9194 1092
9195 1092
9196 1092
9197 1050
9198 1050
9199 1176
9200 1050
9201 1134
9202 1092
9203 1092
9204 1134
9205 1050
9206 1176
9207 1092
9208 1134
9209 1092
9210 1050
9211 1092
9212 1092
9213 1260
9214 1134
9215 1764
9216 1218
9217 1134
9218 1050
9219 1134
9220 1092
9221 1092
9222 1134
9223 1176
9224 1134
9225 1218
9226 1134
9227 1092
9228 1134
9229 1092
9230 1134
9231 1134
9232 1134
9233 1092
9234 1134
9235 1092
9236 1176
9237 1176
9238 1092
9239 1050
9240 1092
9241 1050
9242 1134
9243 1092
9244 1092
9245 1134
9246 1050
9247 1050
9248 1176
9249 1050
9250 1008
9251 1176
9252 1050
9253 1176
9254 1092
9255 1008
9256 1134
9257 1176
9258 1134
9259 966
9260 1092
9261 1050
9262 1092
9263 1176
9264 1092
9265 1050
9266 1092
9267 1050
9268 1050
9269 1050
9270 1050
9271 1050
9272 1134
9273 1134
9274 1050
9275 1092
9276 1134
9277 1134
9278 1134
9279 966
9280 1176
9281 1260
9282 1134
9283 1092
9284 1050
9285 1092
9286 1176
9287 1176
9288 1050
9289 1134
9290 1050
9291 1008
9292 1050
9293 1050
9294 1134
9295 1176
9296 1092
9297 1050
9298 1260
9299 1134
9300 1134
9301 1008
9302 1134
9303 1260
9304 1008
9305 1050
9306 1092
9307 1260
9308 1134
9309 1092
9310 1050
9311 1092
9312 1092
9313 1134
9314 1134
9315 1134
9316 1176
9317 1176
9318 1134
9319 1092
9320 1176
9321 1176
9322 1092
9323 1218
9324 1176
9325 1092
9326 1134
9327 1008
9328 1092
9329 1092
9330 1134
9331 1218
9332 1092
9333 1092
9334 1092
9335 1092
9336 1176
9337 1092
9338 1050
9339 1176
9340 1092
9341 1092
9342 1050
9343 1050
9344 1092
9345 1134
9346 1092
9347 1092
9348 1008
9349 1176
9350 1134
9351 1134
9352 1050
9353 1050
9354 1050
9355 1092
9356 1134
9357 1092
9358 1176
9359 1134
9360 1050
9361 1176
9362 1134
9363 1134
9364 1050
9365 1176
9366 1176
9367 1134
9368 1134
9369 1050
9370 1092
9371 1134
9372 1050
9373 1050
9374 1050
9375 1134
9376 1050
9377 1092
9378 1050
9379 1092
9380 1050
9381 1008
9382 1092
9383 1134
9384 1134
9385 1134
9386 1092
9387 1176
9388 1050
9389 1050
9390 1092
9391 1050
9392 1218
9393 1092
9394 1092
9395 1050
9396 1176
9397 1134
9398 1134
9399 1134
9400 1134
9401 1092
9402 1134
9403 1176
9404 1134
9405 1092
9406 1134
9407 1134
9408 1092
9409 1092
9410 1092
9411 1050
9412 1134
9413 1176
9414 1050
9415 1134
9416 1176
9417 1050
9418 1092
9419 1260
9420 1050
9421 1050
9422 1176
9423 1134
9424 1050
9425 1092
9426 1134
9427 1134
9428 1092
9429 1092
9430 1134
9431 1134
9432 1218
9433 1050
9434 1050
9435 1134
9436 1092
9437 1092
9438 1050
9439 1134
9440 1092
9441 1050
9442 1218
9443 1134
9444 1134
9445 1134
9446 1176
9447 1134
9448 1050
9449 1050
9450 1092
9451 1176
9452 1050
9453 1134
9454 1050
9455 1092
9456 1134
9457 1050
9458 1008
9459 1134
9460 1092
9461 1092
9462 1092
9463 1134
9464 1134
9465 1050
9466 1218
9467 1092
9468 1176
9469 1092
9470 1134
9471 1134
9472 1092
9473 1092
9474 1092
9475 1092
9476 1134
9477 1134
9478 1134
9479 1176
9480 1092
9481 1050
9482 1092
9483 1050
9484 1218
9485 1134
9486 1176
9487 1176
9488 1218
9489 1176
9490 1218
9491 1092
9492 1092
9493 1092
9494 1050
9495 1134
9496 1344
9497 1134
9498 1134
9499 1176
9500 1092
9501 1134
9502 1218
9503 1218
9504 1218
9505 1218
9506 1050
9507 1218
9508 1176
9509 1176
9510 1176
9511 1050
9512 1218
9513 1176
9514 1092
9515 1134
9516 1092
9517 1050
9518 1134
9519 1092
9520 1134
9521 1050
9522 1134
9523 1218
9524 1134
9525 1218
9526 1134
9527 1050
9528 1092
9529 1218
9530 1092
9531 1176
9532 1302
9533 1092
9534 1176
9535 1134
9536 1092
9537 1134
9538 1050
9539 1218
9540 1176
9541 1134
9542 1134
9543 1218
9544 1008
9545 1134
9546 1218
9547 1176
9548 1176
9549 1134
9550 1176
9551 1050
9552 1260
9553 1050
9554 1008
9555 1134
9556 1134
9557 1134
9558 1176
9559 1134
9560 1134
9561 1218
9562 1176
9563 1176
9564 1218
9565 1050
9566 1260
9567 1092
9568 1134
9569 1176
9570 1092
9571 1218
9572 1134
9573 1050
9574 1050
9575 1176
9576 1008
9577 1218
9578 1176
9579 1176
9580 1092
9581 1134
9582 1134
9583 1134
9584 1176
9585 1134
9586 1176
9587 1050
9588 1176
9589 1134
9590 1176
9591 1092
9592 1092
9593 1260
9594 1218
9595 1134
9596 1050
9597 1176
9598 1176
9599 1092
9600 1134
9601 1134
9602 1134
9603 1134
9604 1092
9605 1050
9606 1134
9607 1176
9608 1134
9609 1134
9610 1218
9611 1176
9612 1134
9613 1092
9614 1008
9615 1134
9616 1092
9617 966
9618 1134
9619 1260
9620 1134
9621 1218
9622 1176
9623 1134
9624 1260
9625 1050
9626 1176
9627 1218
9628 1134
9629 1218
9630 1050
9631 1428
9632 1092
9633 1008
9634 1008
9635 1134
9636 1134
9637 1092
9638 1134
9639 1134
9640 1134
9641 1134
9642 1134
9643 1134
9644 1134
9645 1134
9646 1092
9647 1176
9648 1134
9649 1134
9650 1050
9651 1134
9652 1092
9653 1134
9654 1260
9655 1050
9656 1176
9657 1092
9658 1134
9659 1008
9660 1134
9661 1092
9662 1218
9663 1050
9664 1050
9665 1218
9666 1134
9667 1134
9668 1176
9669 1134
9670 1050
9671 1050
9672 1176
9673 1218
9674 1134
9675 1092
9676 1260
9677 1176
9678 1134
9679 1176
9680 1218
9681 1092
9682 1260
9683 1218
9684 1176
9685 1092
9686 1218
9687 1050
9688 1302
9689 1176
9690 1092
9691 1134
9692 1176
9693 1134
9694 1008
9695 1218
9696 1218
9697 1218
9698 1302
9699 1050
9700 1092
9701 1302
9702 1092
9703 1176
9704 1134
9705 1176
9706 1176
9707 1092
9708 1134
9709 1134
9710 1218
9711 1134
9712 1176
9713 1092
9714 1218
9715 1134
9716 1176
9717 1176
9718 1134
9719 1176
9720 1260
9721 1260
9722 1218
9723 1050
9724 1260
9725 1176
9726 1092
9727 1260
9728 1218
9729 1218
9730 1134
9731 1092
9732 1134
9733 1218
9734 1134
9735 1176
9736 1134
9737 1218
9738 1134
9739 1092
9740 1092
9741 1092
9742 1260
9743 1092
9744 1176
9745 1176
9746 1218
9747 1092
9748 1134
9749 1050
9750 1134
9751 1092
9752 1302
9753 1050
9754 1176
9755 1008
9756 1218
9757 1176
9758 1134
9759 1092
9760 1134
9761 1134
9762 1176
9763 1176
9764 1092
9765 1176
9766 1134
9767 1218
9768 1134
9769 1218
9770 1092
9771 1092
9772 1218
9773 1176
9774 1176
9775 1134
9776 1134
9777 1008
9778 1092
9779 1218
9780 1050
9781 1218
9782 1134
9783 1134
9784 1134
9785 1134
9786 1092
9787 1134
9788 1092
9789 1176
9790 1092
9791 1092
9792 1176
9793 1050
9794 1092
9795 1218
9796 1092
9797 1176
9798 1134
9799 1134
9800 1134
9801 1050
9802 1092
9803 1218
9804 1134
9805 1260
9806 1134
9807 1092
9808 1176
9809 1092
9810 1176
9811 1092
9812 1134
9813 1092
9814 1176
9815 1134
9816 1050
9817 1176
9818 1176
9819 1050
9820 1092
9821 1176
9822 1218
9823 1134
9824 1218
9825 1302
9826 1218
9827 1092
9828 1134
9829 1134
9830 1092
9831 1134
9832 1218
9833 1134
9834 1260
9835 1134
9836 1134
9837 1134
9838 1050
9839 1092
9840 1092
9841 1218
9842 1092
9843 1134
9844 1176
9845 1050
9846 1134
9847 1176
9848 1134
9849 1050
9850 1092
9851 1092
9852 1092
9853 1092
9854 1092
9855 1176
9856 1092
9857 1176
9858 1134
9859 1176
9860 1218
9861 1134
9862 1092
9863 1050
9864 1092
9865 1092
9866 1176
9867 1050
9868 1302
9869 1092
9870 1176
9871 1050
9872 1092
9873 1092
9874 1134
9875 1092
9876 1092
9877 1092
9878 1218
9879 1134
9880 1134
9881 1092
9882 1176
9883 1134
9884 1176
9885 1218
9886 1260
9887 1176
9888 1344
9889 1218
9890 1260
9891 1050
9892 1134
9893 1176
9894 1050
9895 1134
9896 1176
9897 1176
9898 1176
9899 1092
9900 1176
9901 1134
9902 1092
9903 1176
9904 1218
9905 1092
9906 1050
9907 1092
9908 1134
9909 1176
9910 1092
9911 1134
9912 1134
9913 1092
9914 1050
9915 1092
9916 1092
9917 1134
9918 1092
9919 1176
9920 1092
9921 1176
9922 1134
9923 1134
9924 1092
9925 1176
9926 1134
9927 1218
9928 1176
9929 1218
9930 1218
9931 1176
9932 1134
9933 1176
9934 1260
9935 1092
9936 1050
9937 1008
9938 1050
9939 1050
9940 1134
9941 1092
9942 1134
9943 1176
9944 1260
9945 1092
9946 1134
9947 1134
9948 1176
9949 1134
9950 1176
9951 1092
9952 1092
9953 1176
9954 1218
9955 1092
9956 1218
9957 1134
9958 1050
9959 1134
9960 1050
9961 1134
9962 1050
9963 1176
9964 1218
9965 1134
9966 1176
9967 1176
9968 1176
9969 1092
9970 1092
9971 1092
9972 1050
9973 1176
9974 1134
9975 1092
9976 1092
9977 1218
9978 1134
9979 1092
9980 1260
9981 1218
9982 1302
9983 1050
9984 1176
9985 1176
9986 1176
9987 1092
9988 1134
9989 1176
9990 1050
9991 1176
9992 1134
9993 1260
9994 1134
9995 1176
9996 1134
9997 1134
9998 1134
9999 1134
Record :  924
