0 0
1 1512
2 1446
3 2526
4 1878
5 1992
6 1080
7 1518
8 1674
9 1050
10 1230
11 1356
12 1644
13 1476
14 1680
15 2088
16 2076
17 2460
18 2712
19 1968
20 1896
21 2244
22 3066
23 2796
24 1992
25 2442
26 2196
27 4206
28 2124
29 2550
30 2982
31 2094
32 1992
33 3810
34 3120
35 3072
36 2598
37 3138
38 4530
39 3840
40 5880
41 5478
42 4602
43 1824
44 3000
45 2910
46 2274
47 3840
48 4902
49 3678
50 3174
51 2544
52 5844
53 4230
54 3510
55 3192
56 6276
57 2658
58 4782
59 5676
60 2946
61 3984
62 2370
63 5586
64 2508
65 2148
66 1320
67 3570
68 3660
69 4722
70 3714
71 4344
72 2460
73 4440
74 3846
75 5700
76 3288
77 3294
78 3594
79 3396
80 3096
81 5796
82 2646
83 3330
84 3696
85 1830
86 1560
87 3708
88 1566
89 3168
90 3042
91 1728
92 1602
93 2874
94 2868
95 3174
96 3420
97 3354
98 4362
99 1812
100 3474
101 3324
102 2658
103 2142
104 1986
105 3156
106 1920
107 1752
108 2244
109 2280
110 1476
111 3792
112 3306
113 1584
114 2778
115 4770
116 3510
117 1788
118 3204
119 3552
120 2610
121 2142
122 1902
123 3186
124 3462
125 2034
126 3468
127 1224
128 2616
129 2508
130 1398
131 1944
132 3792
133 2040
134 3354
135 1326
136 1950
137 5604
138 4722
139 2568
140 3618
141 2400
142 3540
143 3096
144 2376
145 978
146 2598
147 2778
148 1374
149 3348
150 3684
151 3108
152 3438
153 2646
154 1980
155 3396
156 3714
157 2358
158 1062
159 2118
160 4044
161 2502
162 3858
163 3288
164 3312
165 3282
166 1926
167 1554
168 3240
169 3870
170 3180
171 1878
172 6564
173 3786
174 5178
175 2442
176 4320
177 5376
178 3534
179 4644
180 4476
181 5664
182 4404
183 4050
184 1848
185 2466
186 2976
187 4044
188 3192
189 4314
190 1488
191 2676
192 3750
193 2052
194 4206
195 4764
196 2022
197 3282
198 2364
199 2706
200 5358
201 3714
202 1428
203 2454
204 3384
205 3234
206 2646
207 2136
208 3330
209 2334
210 2130
211 2394
212 2490
213 1614
214 3840
215 3822
216 6036
217 4314
218 2742
219 3636
220 2832
221 3426
222 3654
223 2550
224 3456
225 2088
226 3090
227 2130
228 3750
229 2772
230 3270
231 3774
232 2538
233 2598
234 3318
235 2358
236 3096
237 2772
238 4104
239 1362
240 2226
241 3246
242 3924
243 4176
244 2460
245 3972
246 4146
247 4092
248 3144
249 2472
250 3156
251 2346
252 3246
253 1038
254 2226
255 3324
256 3072
257 3678
258 2430
259 2028
260 2712
261 1974
262 3612
263 3720
264 2616
265 2652
266 1884
267 1602
268 2148
269 2286
270 2508
271 3246
272 3966
273 3210
274 3432
275 2394
276 2766
277 4362
278 4128
279 2490
280 3798
281 2826
282 2040
283 3330
284 2838
285 3126
286 3600
287 2742
288 2052
289 2508
290 2202
291 3012
292 2172
293 2346
294 2046
295 3354
296 3714
297 2376
298 1164
299 1500
300 2526
301 1620
302 1686
303 3210
304 2076
305 3258
306 2466
307 1812
308 3252
309 5772
310 2100
311 2244
312 3384
313 2844
314 3240
315 2280
316 2316
317 1860
318 3264
319 5868
320 1650
321 3072
322 2466
323 2322
324 2184
325 2334
326 1998
327 2484
328 2940
329 1710
330 4440
331 1938
332 4164
333 3594
334 3336
335 1566
336 3414
337 4488
338 3102
339 2004
340 6258
341 3840
342 2706
343 3504
344 3714
345 4218
346 2916
347 1830
348 2208
349 2940
350 4824
351 6270
352 1380
353 3390
354 3174
355 1740
356 2910
357 3030
358 1836
359 3264
360 1950
361 1704
362 2646
363 1314
364 4086
365 2442
366 3168
367 1644
368 2568
369 2514
370 2844
371 2166
372 3426
373 1716
374 1914
375 1044
376 1626
377 1698
378 3660
379 3192
380 1878
381 2514
382 4086
383 1794
384 2052
385 2952
386 2472
387 1314
388 1842
389 4332
390 2598
391 2706
392 3570
393 3264
394 4650
395 1914
396 3096
397 1770
398 2910
399 2100
400 3108
401 5214
402 2070
403 3390
404 3408
405 1608
406 3576
407 4014
408 3840
409 2334
410 2694
411 2112
412 2814
413 1176
414 3786
415 4074
416 1968
417 2394
418 2172
419 2544
420 2448
421 2022
422 5142
423 2364
424 1860
425 2436
426 2046
427 3684
428 3270
429 2874
430 2328
431 3330
432 2562
Unexpected message received for job 1043201
433 3084
434 2910
Unexpected message received for job 1043201
435 2382
436 2586
437 4080
438 1998
439 1872
440 3204
441 1824
442 2712
443 2016
444 2274
445 3204
446 2508
447 3504
448 2202
449 1686
450 5046
451 2178
452 2076
453 1440
454 2652
455 5682
456 3486
457 1866
458 1920
459 1662
460 2214
461 2082
462 2268
463 2736
464 1734
465 3696
466 1938
467 1488
468 1578
469 1290
470 1854
471 3792
472 1770
473 1926
474 3726
475 1674
476 3078
477 2694
478 1206
479 2616
480 1776
481 2202
482 1920
483 2304
484 1908
485 3084
486 2148
487 2130
488 1458
489 3762
490 2814
491 2982
492 1956
493 2160
494 1548
495 2838
496 1932
497 2094
498 3222
499 3078
500 2814
501 3174
502 3354
503 2244
504 1674
505 1386
506 2406
507 3000
508 2352
509 3090
510 3162
511 2190
512 2598
513 1728
514 4674
515 1344
516 2436
517 1698
518 3444
519 3696
520 6474
521 2028
522 2148
523 3456
524 3120
525 3504
526 2736
527 3438
528 1998
529 2316
530 3612
531 3660
532 3444
533 2352
534 2934
535 3054
536 2658
537 1452
538 3840
539 1308
540 3420
541 3138
542 4734
543 3138
544 2682
545 2406
546 2112
547 2130
548 2472
549 1578
550 3600
551 1986
552 3582
553 2622
554 1572
555 2166
556 1758
557 2376
558 3978
559 2880
560 2508
561 5364
562 1614
563 1584
564 1674
565 2472
566 2400
567 2496
568 2568
569 4686
570 3486
571 2982
572 3834
573 6342
574 1770
575 3672
576 2442
577 1650
578 3168
579 1686
580 3426
581 3258
582 2604
583 1818
584 1404
585 2208
586 3330
587 3114
588 2436
589 3672
590 2418
591 3300
592 3492
593 2604
594 1926
595 6108
596 2466
597 2154
598 4386
599 1056
600 1992
601 3042
602 2532
603 2064
604 1854
605 1908
606 3192
607 2346
608 3072
609 2568
610 1374
611 2034
612 3642
613 3114
614 2388
615 1836
616 1602
617 1860
618 2610
619 2676
620 1584
621 1500
622 3072
623 1500
624 942
625 1668
626 2226
627 2340
628 1746
629 3666
630 3090
631 1950
632 1578
633 1926
634 3042
635 2850
636 2574
637 2094
638 4158
639 1770
640 2352
641 2010
642 2022
643 2094
644 2634
645 1644
646 4068
647 1854
648 2478
649 3714
650 2046
651 1362
652 1962
653 2076
654 2280
655 1530
656 2748
657 2250
658 1680
659 1938
660 1566
661 1770
662 3222
663 3900
664 3564
665 3558
666 6402
667 2100
668 3042
669 1590
670 1128
671 5838
672 1836
673 2580
674 3168
675 2592
676 3984
677 4380
678 2976
679 2310
680 3108
681 2268
682 2526
683 2832
684 2454
685 1464
686 2124
687 3606
688 2976
689 2112
690 3282
691 1584
692 2028
693 1992
694 1278
695 2298
696 2412
697 2562
698 1200
699 2694
700 2850
701 2964
702 1698
703 4062
704 2670
705 1746
706 4260
707 2094
708 2118
709 2754
710 4962
711 2874
712 1410
713 2616
714 3732
715 2910
716 2106
717 2154
718 3102
719 3696
720 1080
721 2082
722 3144
723 3054
724 3990
725 1842
726 1560
727 2202
728 2268
729 1968
730 1860
731 3234
732 2508
733 2352
734 2112
735 2202
736 2454
737 2622
738 2412
739 2052
740 2064
741 2244
742 2598
743 6258
744 3156
745 2364
746 2706
747 1572
748 3498
749 2604
750 1830
751 1956
752 1950
753 1890
754 2862
755 4548
756 3198
757 1836
758 1806
759 2988
760 1944
761 3144
762 3918
763 3198
764 1446
765 1470
766 4068
767 2160
768 3234
769 3270
770 2058
771 2358
772 4164
773 2478
774 2760
775 3894
776 2712
777 1968
778 3252
779 2514
780 2904
781 1392
782 2076
783 2250
784 2190
785 1968
786 1272
787 1602
788 3498
789 2142
790 1770
791 3720
792 2568
793 4560
794 2052
795 2310
796 3690
797 1458
798 4476
799 3048
800 1728
801 2982
802 1926
803 2184
804 3882
805 2868
806 1602
807 2472
808 3024
809 2382
810 3672
811 1734
812 2808
813 2544
814 3066
815 2904
816 4122
817 2964
818 4692
819 1794
820 3468
821 3468
822 1386
823 1074
824 2718
825 2088
826 2676
827 2502
828 2532
829 2376
830 2460
831 1656
832 2832
833 1974
834 1896
835 2844
836 1596
837 1476
838 1866
839 2034
840 3456
841 1944
842 2724
843 2514
844 3150
845 1638
846 4356
847 3402
848 1950
849 3810
850 2556
851 3036
852 1080
853 2394
854 1866
855 2826
856 2442
857 1842
858 2214
859 2604
860 2868
861 4026
862 1872
863 2484
864 2850
865 1662
866 3342
867 2784
868 3624
869 3462
870 1998
871 2568
872 3534
873 2652
874 3132
875 1464
876 1890
877 1686
878 1176
879 1698
880 2208
881 1992
882 2988
883 1278
884 1488
885 2418
886 3222
887 1974
888 3246
889 1992
890 2898
891 3642
892 2688
893 1956
894 2496
895 3294
896 1320
897 2322
898 2004
899 3204
900 2010
901 2586
902 2346
903 1362
904 2754
905 1656
906 3492
907 1902
908 1674
909 3270
910 3318
911 1980
912 1926
913 1386
914 2820
915 2484
916 1542
917 4116
918 2178
919 3486
920 1536
921 1266
922 3876
923 2622
924 3108
925 2034
926 1704
927 3522
928 3162
929 2292
930 2094
931 2538
932 1986
933 2082
934 2592
935 3534
936 2328
937 4452
938 1332
939 2562
940 3048
941 1584
942 1464
943 2988
944 2340
945 1626
946 3738
947 1686
948 3864
949 1866
950 2988
951 1452
952 3840
953 3174
954 2670
955 2940
956 3246
957 1512
958 2778
959 1122
960 1644
961 984
962 1224
963 2766
964 1128
965 1644
966 2928
967 2748
968 3024
969 1986
970 3780
971 1980
972 1950
973 1290
974 2592
975 2388
976 1986
977 2472
978 1386
979 2934
980 2436
981 3480
982 3270
983 2196
984 4122
985 1686
986 3726
987 3408
988 1260
989 2454
990 2130
991 1344
992 1614
993 1464
994 3402
995 2382
996 2016
997 1140
998 2124
999 2388
1000 1314
1001 2718
1002 1848
1003 2418
1004 3792
1005 1536
1006 1254
1007 1302
1008 2616
1009 2610
1010 1986
1011 1116
1012 2268
1013 2346
1014 2184
1015 2892
1016 1608
1017 2304
1018 1242
1019 3480
1020 1788
1021 3552
1022 1266
1023 2094
1024 1956
1025 2214
1026 1728
1027 2610
1028 1578
1029 2106
1030 3972
1031 2892
1032 3540
1033 4224
1034 1992
1035 1458
1036 1974
1037 1170
1038 2736
1039 1584
1040 834
1041 3192
1042 1134
1043 2508
1044 1608
1045 3390
1046 1806
1047 1908
1048 2124
1049 2484
1050 3162
1051 2010
1052 2286
1053 2796
1054 2994
1055 2370
1056 2190
1057 2994
1058 1620
1059 1374
1060 1638
1061 2196
1062 1458
1063 2814
1064 1602
1065 2160
1066 1890
1067 2544
1068 2532
1069 2910
1070 3180
1071 2592
1072 1674
1073 1938
1074 3306
1075 3486
1076 1776
1077 2850
1078 1404
1079 2532
1080 1632
1081 1716
1082 1854
1083 3954
1084 2172
1085 1890
1086 3330
1087 1140
1088 1140
1089 2640
1090 2718
1091 2178
1092 5130
1093 2964
1094 2922
1095 1482
1096 1590
1097 2100
1098 1998
1099 2070
1100 3738
1101 1878
1102 1788
1103 3576
1104 2310
1105 3684
1106 3426
1107 2016
1108 2040
1109 3576
1110 3534
1111 1770
1112 1566
1113 1572
1114 2742
1115 1320
1116 1638
1117 2706
1118 1356
1119 1764
1120 1182
1121 3060
1122 2154
1123 2712
1124 1638
1125 1578
1126 2706
1127 1416
1128 1920
1129 4380
1130 2796
1131 3138
1132 1266
1133 2496
1134 3102
1135 2058
1136 1704
1137 1650
1138 2994
1139 3156
1140 1608
1141 2262
1142 2316
1143 3744
1144 1362
1145 4392
1146 2550
1147 4254
1148 2802
1149 2136
1150 2820
1151 2970
1152 2370
1153 1398
Unexpected message received for job 1043201
1154 1848
1155 1356
1156 2034
1157 1530
Unexpected message received for job 1043201
1158 3534
1159 2316
1160 1998
1161 2736
1162 3696
1163 1458
1164 2532
1165 2268
1166 2934
1167 2610
1168 1530
1169 2166
1170 1776
1171 2202
1172 1356
1173 1296
1174 2064
1175 1710
1176 3660
1177 2616
1178 1422
1179 1704
1180 1584
1181 2766
1182 3222
1183 2688
1184 1938
1185 2520
1186 3900
1187 1182
1188 1242
1189 1680
1190 1602
1191 1272
1192 1572
1193 2880
1194 2274
1195 3210
1196 1674
1197 1434
1198 1608
1199 2784
1200 1188
1201 1248
1202 1080
1203 2130
1204 1176
1205 3036
1206 3420
1207 1242
1208 1770
1209 1824
1210 3864
1211 3000
1212 2202
1213 2934
1214 4134
1215 2094
1216 1614
1217 2298
1218 2850
1219 1926
1220 2568
1221 1320
1222 1980
1223 1980
1224 3840
1225 1602
1226 3288
1227 1050
1228 1548
1229 1848
1230 2058
1231 1278
1232 3582
1233 1938
1234 2166
1235 1746
1236 1680
1237 1512
1238 2490
1239 1824
1240 1950
1241 1716
1242 2520
1243 2472
1244 4368
1245 2430
1246 1368
1247 1194
1248 2064
1249 1968
1250 2502
1251 2460
1252 1170
1253 2286
1254 2886
1255 3060
1256 1680
1257 3678
1258 2802
1259 1572
1260 1632
1261 3396
1262 1326
1263 2316
1264 2424
1265 1560
1266 3450
1267 1464
1268 1734
1269 2268
1270 2100
1271 3978
1272 1902
1273 2952
1274 2706
1275 4092
1276 2070
1277 2466
1278 1614
1279 2148
1280 1650
1281 1680
1282 1578
1283 1938
1284 1596
1285 2400
1286 3480
1287 1626
1288 1710
1289 1200
1290 1338
1291 2196
1292 2028
1293 1482
1294 1320
1295 2766
1296 1686
1297 3150
1298 3000
1299 2880
1300 2040
1301 2238
1302 1926
1303 3216
1304 2316
1305 2520
1306 2700
1307 1608
1308 1596
1309 2016
1310 1470
1311 3684
1312 2328
1313 2574
1314 1332
1315 1962
1316 2508
1317 2130
1318 1578
1319 1524
1320 1938
1321 3288
1322 1734
1323 2142
1324 1512
1325 2016
1326 1170
1327 2640
1328 1344
1329 3810
1330 1926
1331 2208
1332 2088
1333 3282
1334 3246
1335 1596
1336 1980
1337 3084
1338 2052
1339 1020
1340 3468
1341 2052
1342 2172
1343 3438
1344 2082
1345 1032
1346 2082
1347 2364
1348 3516
1349 3414
1350 2346
1351 1548
1352 2784
1353 3978
1354 996
1355 2196
1356 1536
1357 1986
1358 2028
1359 3114
1360 1596
1361 3396
1362 1992
1363 2430
1364 1692
1365 2868
1366 1596
1367 4416
1368 1536
1369 1866
1370 2334
1371 1764
1372 3318
1373 2418
1374 1824
1375 2598
1376 4344
1377 1620
1378 1656
1379 1440
1380 1230
1381 1782
1382 1998
1383 1662
1384 1542
1385 1338
1386 1830
1387 3180
1388 2544
1389 2028
1390 3966
1391 2034
1392 3312
1393 2442
1394 2274
1395 2064
1396 1494
1397 1728
1398 1206
1399 1914
1400 1062
1401 2178
1402 1650
1403 3204
1404 2298
1405 2430
1406 2394
1407 2508
1408 1278
1409 2856
1410 3168
1411 1650
1412 4200
1413 1524
1414 1590
1415 2286
1416 2088
1417 2040
1418 1284
1419 2796
1420 2946
1421 1548
1422 1992
1423 1512
1424 3768
1425 1692
1426 2496
1427 2502
1428 1638
1429 2280
1430 2232
1431 2280
1432 6054
1433 3450
1434 1590
1435 1482
1436 1824
1437 3504
1438 3012
1439 3108
1440 2754
1441 3054
1442 2040
1443 1518
1444 2268
1445 1608
1446 2178
1447 2184
1448 1194
1449 1926
1450 936
1451 2436
1452 3624
1453 2004
1454 2064
1455 2460
1456 2526
1457 1926
1458 3000
1459 2448
1460 1788
1461 2172
1462 1140
1463 1788
1464 1662
1465 1800
1466 1962
1467 2400
1468 1584
1469 2214
1470 1740
1471 1116
1472 1758
1473 2718
1474 1650
1475 1296
1476 2238
1477 3708
1478 4440
1479 3360
1480 3660
1481 2166
1482 3354
1483 2502
1484 2154
1485 2856
1486 2034
1487 3582
1488 1374
1489 1968
1490 2370
1491 1674
1492 2310
1493 5136
1494 3414
1495 1590
1496 1512
1497 2322
1498 1566
1499 2754
1500 2028
1501 3372
1502 3264
1503 2832
1504 2418
1505 2178
1506 2322
1507 1884
1508 1356
1509 1440
1510 3636
1511 1062
1512 2016
1513 2508
1514 1728
1515 1362
1516 2388
1517 2436
1518 3066
1519 3504
1520 1728
1521 2472
1522 2670
1523 2466
1524 3066
1525 2970
1526 2178
1527 1950
1528 2016
1529 2502
1530 2532
1531 1980
1532 2148
1533 1998
1534 4494
1535 1806
1536 1962
1537 2508
1538 3024
1539 2412
1540 1938
1541 1740
1542 3060
1543 3090
1544 1896
1545 2556
1546 3066
1547 2076
1548 1518
1549 1812
1550 1434
1551 1578
1552 2856
1553 1962
1554 2838
1555 2592
1556 1770
1557 2484
1558 1740
1559 2868
1560 2748
1561 4206
1562 3768
1563 2556
1564 2682
1565 1314
1566 2190
1567 1524
1568 2556
1569 2208
1570 2058
1571 1512
1572 1668
1573 2178
1574 1398
1575 2178
1576 1602
1577 2142
1578 2700
1579 4200
1580 2232
1581 2406
1582 1386
1583 1290
1584 2112
1585 1620
1586 2520
1587 2880
1588 2292
1589 2244
1590 2184
1591 3306
1592 2370
1593 2304
1594 1584
1595 2868
1596 3234
1597 3150
1598 1410
1599 1632
1600 2400
1601 1074
1602 2964
1603 2346
1604 3006
1605 1296
1606 1488
1607 3912
1608 2334
1609 1650
1610 1968
1611 2742
1612 1842
1613 1584
1614 1836
1615 1860
1616 3390
1617 2256
1618 3408
1619 1020
1620 1458
1621 1434
1622 1686
1623 2328
1624 2760
1625 3900
1626 3636
1627 1644
1628 3168
1629 1896
1630 3414
1631 2142
1632 2940
1633 2574
1634 1344
1635 1944
1636 1422
1637 1260
1638 1272
1639 1884
1640 2508
1641 3282
1642 1890
1643 3114
1644 2514
1645 1404
1646 2916
1647 2232
1648 2292
1649 1290
1650 3390
1651 1578
1652 3246
1653 1698
1654 2730
1655 1596
1656 2046
1657 2514
1658 2124
1659 1272
1660 2832
1661 828
1662 2202
1663 2940
1664 2586
1665 2442
1666 2646
1667 7206
1668 1512
1669 1206
1670 3066
1671 2502
1672 1476
1673 1218
1674 996
1675 1110
1676 3390
1677 2010
1678 1830
1679 1752
1680 1980
1681 2448
1682 1182
1683 2550
1684 1416
1685 1494
1686 1470
1687 2184
1688 888
1689 1332
1690 2622
1691 966
1692 1458
1693 954
1694 1986
1695 1824
1696 1842
1697 1440
1698 1716
1699 2688
1700 1026
1701 2178
1702 2766
1703 1722
1704 1392
1705 3990
1706 3030
1707 2964
1708 1968
1709 3396
1710 3078
1711 1368
1712 3078
1713 1668
1714 1932
1715 1704
1716 2412
1717 1068
1718 1476
1719 1398
1720 1734
1721 1752
1722 3432
1723 1626
1724 1620
1725 1248
1726 990
1727 1908
1728 984
1729 2154
1730 1962
1731 1272
1732 1860
1733 1506
1734 1278
1735 1824
1736 1176
1737 2142
1738 1308
1739 1944
1740 2058
1741 3066
1742 1626
1743 1992
1744 1698
1745 2430
1746 2556
1747 3288
1748 1974
1749 1488
1750 1854
1751 1104
1752 1326
1753 2190
1754 1938
1755 1530
1756 3138
1757 2166
1758 1122
1759 2508
1760 2322
1761 1332
1762 1782
1763 1428
1764 1590
1765 2496
1766 2484
1767 1620
1768 1224
1769 2340
1770 1584
1771 1860
1772 3012
1773 1458
1774 2820
1775 1644
1776 1956
1777 2514
1778 1878
1779 3942
1780 1194
1781 1170
1782 1086
1783 2508
1784 1098
1785 1842
1786 2010
1787 2118
1788 2250
1789 1566
1790 1266
1791 2292
1792 1572
1793 1698
1794 2436
1795 3702
1796 1686
1797 1554
1798 2478
1799 1284
1800 1326
1801 2028
1802 2070
1803 3786
1804 1536
1805 2850
1806 1920
1807 3672
1808 1326
1809 1842
1810 2940
1811 2400
1812 2538
1813 1278
1814 1074
1815 3162
1816 2034
1817 3708
1818 2520
1819 3084
1820 1950
1821 1932
1822 3366
1823 1794
1824 1878
1825 3138
1826 1230
1827 1716
1828 2328
1829 1812
1830 2448
1831 1236
1832 3180
1833 1722
1834 1752
1835 2298
1836 1830
1837 1308
1838 1404
1839 5268
1840 1644
1841 1620
1842 1932
1843 1626
1844 2826
1845 1320
1846 2130
1847 2988
1848 1404
1849 1212
1850 2094
1851 1578
1852 2712
1853 1806
1854 2712
1855 2100
1856 1398
1857 2262
1858 1194
1859 1398
1860 966
1861 2154
1862 1146
1863 1812
1864 1296
1865 1152
1866 1566
1867 1368
1868 1326
1869 2262
1870 1422
1871 1518
1872 1194
1873 1860
1874 1806
1875 1926
1876 2676
1877 2256
1878 1926
1879 1704
1880 1812
1881 3300
1882 1884
1883 2004
1884 1392
1885 1548
1886 1434
1887 1866
1888 1704
1889 2472
1890 1350
1891 3324
1892 1854
1893 1110
1894 1386
1895 1134
1896 1380
1897 1284
1898 2832
1899 1242
1900 2004
1901 2184
1902 1164
1903 3366
1904 4362
1905 1308
1906 1032
1907 5442
1908 1812
1909 1038
1910 1824
1911 1674
1912 1572
1913 1470
1914 1932
1915 3786
1916 2040
1917 2904
1918 1230
1919 936
1920 1722
1921 2124
1922 1542
1923 1500
1924 1650
1925 1524
1926 2088
1927 1674
1928 1200
1929 2442
1930 1944
1931 2892
1932 1122
1933 1350
1934 840
1935 3270
1936 2718
1937 2730
1938 2232
1939 1512
1940 1464
1941 1866
1942 2082
1943 918
1944 1320
1945 1236
1946 1944
1947 3450
1948 1152
1949 3930
1950 1644
1951 1842
1952 1836
1953 1668
1954 1056
1955 2310
1956 1632
1957 1890
1958 1920
1959 2016
1960 1194
1961 1260
1962 1794
1963 1272
1964 3384
1965 1278
1966 3846
1967 1182
1968 4224
1969 2064
1970 1632
1971 1536
1972 1062
1973 1734
1974 2172
1975 2010
1976 1968
1977 1398
1978 1506
1979 1800
1980 2940
1981 1128
1982 2082
1983 2952
1984 2118
1985 2868
1986 1512
1987 2532
1988 1638
1989 942
1990 2454
1991 1410
1992 2634
1993 1452
1994 1290
1995 1716
1996 1440
1997 2034
1998 2568
1999 1734
2000 1488
2001 1722
2002 876
2003 1752
2004 3816
2005 1800
2006 1680
2007 1704
2008 1542
2009 1956
2010 1980
2011 1002
2012 2280
2013 1512
2014 1200
2015 2130
2016 1218
2017 1110
2018 1140
2019 2454
2020 1536
2021 1344
2022 2868
2023 1236
2024 804
2025 1452
2026 1152
2027 1356
2028 2892
2029 1872
2030 1296
2031 2838
2032 1206
2033 4200
2034 2274
2035 2616
2036 1476
2037 3360
2038 1926
2039 1722
2040 1050
2041 1224
2042 1614
2043 960
2044 1068
2045 2022
2046 1002
2047 3570
2048 1104
2049 2322
2050 2244
2051 1758
2052 3078
2053 2352
2054 1362
2055 1362
2056 1956
2057 1482
2058 1206
2059 2946
2060 1458
2061 2100
2062 1518
2063 2544
2064 1890
2065 1554
2066 1404
2067 1362
2068 2166
2069 2280
2070 1392
2071 1818
2072 1602
2073 2508
2074 1212
2075 1884
2076 1590
2077 1890
2078 1182
2079 1818
2080 1566
2081 2016
2082 1194
2083 3468
2084 3426
2085 1152
2086 1668
2087 1296
2088 1452
2089 816
2090 1416
2091 1512
2092 984
2093 1146
2094 1416
2095 2664
2096 3402
2097 1452
2098 1332
2099 3024
2100 1788
2101 2538
2102 1632
2103 2376
2104 1860
2105 1770
2106 2142
2107 1296
2108 1752
2109 2346
2110 2826
2111 1710
2112 948
2113 1212
2114 1278
2115 3468
2116 1302
2117 1830
2118 2040
2119 1392
2120 1182
2121 1542
2122 1026
2123 1074
2124 1512
2125 1098
2126 1488
2127 2490
2128 1272
2129 2298
2130 2208
2131 2736
2132 1812
2133 1338
2134 1884
2135 1518
2136 966
2137 1782
2138 1668
2139 924
2140 1440
2141 1230
2142 1950
2143 1470
2144 1500
2145 1104
2146 2106
2147 1164
2148 2052
2149 1572
2150 1602
2151 3156
2152 1596
2153 1158
2154 852
2155 1092
2156 1530
2157 1032
2158 3240
2159 1314
2160 1506
2161 1056
2162 2502
2163 1110
2164 954
2165 1698
2166 1260
2167 966
2168 1260
2169 1530
2170 2700
2171 2970
2172 2232
2173 1914
2174 1260
2175 2742
2176 924
2177 2478
2178 1098
2179 1014
2180 1224
2181 1002
2182 1086
2183 1092
2184 1320
2185 2316
2186 1338
2187 2292
2188 960
2189 1722
2190 1398
2191 1320
2192 1320
2193 2652
2194 1302
2195 888
2196 2058
2197 1548
2198 1296
2199 1212
2200 1290
2201 1440
2202 1626
2203 816
2204 1290
2205 1104
2206 1050
2207 1572
2208 1860
2209 1152
2210 978
2211 1722
2212 1350
2213 1476
2214 804
2215 1320
2216 1854
2217 3564
2218 2778
2219 3600
2220 1692
2221 1452
2222 1128
2223 1020
2224 2010
2225 1164
2226 2310
2227 870
2228 828
2229 1944
2230 1332
2231 1638
2232 1356
2233 1128
2234 2196
2235 930
2236 990
2237 984
2238 1416
2239 1464
2240 3186
2241 2814
2242 1386
2243 894
2244 1452
2245 1206
2246 1602
2247 1956
2248 1338
2249 1602
2250 1740
2251 2454
2252 2028
2253 2502
2254 1248
2255 1608
2256 1806
2257 1788
2258 1902
2259 2022
2260 1470
2261 1530
2262 972
2263 1200
2264 1512
2265 1248
2266 1062
2267 1632
2268 1056
2269 888
2270 1026
2271 1326
2272 1416
2273 1332
2274 1398
2275 1338
2276 1458
2277 1560
2278 1602
2279 1992
2280 1308
2281 1680
2282 1134
2283 1434
2284 1038
2285 1584
2286 1434
2287 1158
2288 2304
2289 1656
2290 1218
2291 1278
2292 1002
2293 1866
2294 1656
2295 2010
2296 930
2297 804
2298 2730
2299 2400
2300 1008
2301 1812
2302 1500
2303 1044
2304 1020
2305 900
2306 2418
2307 1014
2308 1212
2309 1602
2310 1596
2311 1314
2312 1314
2313 1458
2314 1200
2315 1188
2316 1200
2317 1092
2318 1188
2319 1368
2320 1500
2321 990
2322 1362
2323 1842
2324 1812
2325 852
2326 1476
2327 2310
2328 1866
2329 1164
2330 1026
2331 3492
2332 978
2333 1518
2334 1782
2335 1596
2336 858
2337 1614
2338 1782
2339 876
2340 1188
2341 1704
2342 942
2343 1842
2344 1110
2345 2346
2346 2466
2347 2052
2348 966
2349 1116
2350 1764
2351 900
2352 1416
2353 1122
2354 1092
2355 822
2356 1464
2357 2046
2358 1590
2359 1620
2360 1188
2361 984
2362 822
2363 900
2364 1050
2365 858
2366 792
2367 1104
2368 816
2369 2208
2370 1770
2371 2322
2372 1950
2373 1128
2374 918
2375 2220
2376 2238
2377 894
2378 996
2379 1284
2380 1800
2381 1962
2382 864
2383 1056
2384 1230
2385 1356
2386 1566
2387 1200
2388 1092
2389 1176
2390 876
2391 840
2392 840
2393 2094
2394 834
2395 996
2396 1140
2397 1026
2398 804
2399 1134
2400 936
2401 996
2402 1860
2403 912
2404 1122
2405 876
2406 1218
2407 1302
2408 1146
2409 2334
2410 1134
2411 1608
2412 1716
2413 1362
2414 888
2415 2844
2416 2424
2417 1002
2418 1746
2419 3684
2420 1152
2421 1914
2422 1212
2423 1488
2424 1248
2425 1344
2426 906
2427 924
2428 1164
2429 2034
2430 2532
2431 2562
2432 1026
2433 1116
2434 1206
2435 1614
2436 816
2437 1080
2438 1710
2439 876
2440 1230
2441 1710
2442 2136
2443 1296
2444 1038
2445 804
2446 1356
2447 1386
2448 906
2449 846
2450 1074
2451 1020
2452 2418
2453 1734
2454 858
2455 858
2456 1278
2457 1308
2458 1446
2459 1110
2460 1308
2461 1764
2462 1068
2463 1212
2464 978
2465 1152
2466 978
2467 1200
2468 1140
2469 1362
2470 1224
2471 1512
2472 1284
2473 924
2474 846
2475 942
2476 1122
2477 1020
2478 1194
2479 1848
2480 1704
2481 954
2482 978
2483 984
2484 1356
2485 972
2486 1986
2487 1206
2488 1320
2489 990
2490 1128
2491 1266
2492 1746
2493 852
2494 936
2495 1146
2496 1074
2497 1278
2498 1452
2499 1248
2500 1254
2501 1632
2502 876
2503 1296
2504 2166
2505 2280
2506 1206
2507 1272
2508 1458
2509 1038
2510 1092
2511 954
2512 1362
2513 1134
2514 1128
2515 1212
2516 1680
2517 858
2518 936
2519 1110
2520 948
2521 948
2522 1470
2523 2538
2524 1800
2525 1146
2526 2784
2527 1080
2528 816
2529 864
2530 1158
2531 1488
2532 1320
2533 1218
2534 768
2535 1068
2536 1068
2537 1908
2538 1260
2539 1488
2540 1278
2541 1902
2542 1512
2543 1464
2544 1236
2545 774
2546 1290
2547 1302
2548 1914
2549 1026
2550 816
2551 1476
2552 1914
2553 1200
2554 954
2555 1398
2556 882
2557 1560
2558 792
2559 2712
2560 876
2561 1194
2562 996
2563 1878
2564 1140
2565 1008
2566 918
2567 786
2568 1740
2569 792
2570 918
2571 1164
2572 876
2573 1062
2574 1782
2575 1050
2576 1698
2577 900
2578 930
2579 1722
2580 1230
2581 870
2582 3786
2583 1248
2584 942
2585 1392
2586 870
2587 1458
2588 1452
2589 1134
2590 1008
2591 1632
2592 1122
2593 1884
2594 1068
2595 1008
2596 876
2597 1014
2598 1230
2599 1854
2600 1368
2601 1998
2602 1140
2603 912
2604 1692
2605 1344
2606 2082
2607 888
2608 894
2609 1272
2610 2334
2611 1602
2612 846
2613 1068
2614 1134
2615 1224
2616 1800
2617 1278
2618 1182
2619 1164
2620 876
2621 924
2622 906
2623 1908
2624 1428
2625 1014
2626 1332
2627 1248
2628 1566
2629 1032
2630 924
2631 1752
2632 1566
2633 1080
2634 1032
2635 1062
2636 1476
2637 1416
2638 1692
2639 750
2640 1068
2641 792
2642 936
2643 2010
2644 1380
2645 1992
2646 852
2647 1236
2648 1104
2649 1458
2650 828
2651 1596
2652 1656
2653 1344
2654 1272
2655 1578
2656 1098
2657 1206
2658 1212
2659 1314
2660 1686
2661 876
2662 912
2663 1254
2664 1200
2665 924
2666 1590
2667 834
2668 870
Unexpected message received for job 1043201
2669 1590
2670 1320
2671 930
2672 1902
2673 858
Unexpected message received for job 1043201
2674 1200
2675 1452
2676 1758
2677 990
2678 1794
2679 912
2680 2004
2681 1242
2682 930
2683 1650
2684 1218
2685 816
2686 888
2687 2010
2688 1452
2689 1206
2690 1182
2691 1212
2692 2712
2693 2982
2694 1278
2695 1812
2696 1086
2697 1176
2698 1074
2699 1068
2700 936
2701 1278
2702 1470
2703 1674
2704 1098
2705 1002
2706 1014
2707 1620
2708 828
2709 1476
2710 1188
2711 1326
2712 1608
2713 1950
2714 1014
2715 1050
2716 1764
2717 1302
2718 1404
2719 1440
2720 912
2721 1158
2722 2106
2723 2070
2724 924
2725 1026
2726 1476
2727 1362
2728 846
2729 1434
2730 1698
2731 1110
2732 996
2733 1176
2734 978
2735 972
2736 828
2737 774
2738 1524
2739 1782
2740 870
2741 1134
2742 900
2743 1434
2744 942
2745 2214
2746 2754
2747 3114
2748 2724
2749 3384
2750 1242
2751 1482
2752 3330
2753 792
2754 2376
2755 2388
2756 2130
2757 1026
2758 990
2759 2154
2760 990
2761 876
2762 1068
2763 852
2764 828
2765 1272
2766 1104
2767 948
2768 1800
2769 1110
2770 918
2771 876
2772 1086
2773 1242
2774 1326
2775 1398
2776 1254
2777 1554
2778 1002
2779 1368
2780 1056
2781 798
2782 1530
2783 960
2784 1482
2785 1176
2786 1056
2787 798
2788 1032
2789 840
2790 1272
2791 888
2792 930
2793 888
2794 1632
2795 1698
2796 1992
2797 1032
2798 858
2799 1260
2800 1230
2801 1146
2802 2820
2803 1086
2804 2016
2805 834
2806 1314
2807 1110
2808 1146
2809 2592
2810 1332
2811 2070
2812 2514
2813 1818
2814 840
2815 1206
2816 822
2817 864
2818 1188
2819 954
2820 1818
2821 972
2822 1098
2823 888
2824 882
2825 1212
2826 1440
2827 816
2828 1194
2829 1290
2830 1026
2831 1272
2832 840
2833 954
2834 1266
2835 1326
2836 1026
2837 918
2838 840
2839 858
2840 900
2841 1110
2842 1440
2843 1020
2844 834
2845 1356
2846 1566
2847 792
2848 3282
2849 966
2850 1296
2851 918
2852 2526
2853 1650
2854 1398
2855 1122
2856 1326
2857 876
2858 888
2859 846
2860 816
2861 1482
2862 1644
2863 2448
2864 1242
2865 972
2866 1800
2867 1422
2868 1200
2869 1032
2870 858
2871 2472
2872 1236
2873 924
2874 1014
2875 906
2876 1122
2877 1680
2878 888
2879 1938
2880 1476
2881 882
2882 828
2883 1224
2884 1890
2885 3150
2886 1842
2887 1248
2888 1842
2889 828
2890 948
2891 2058
2892 4242
2893 1044
2894 1122
2895 1752
2896 1566
2897 2322
2898 1374
2899 1086
2900 948
2901 1782
2902 1386
2903 1656
2904 1116
2905 1488
2906 1026
2907 876
2908 1356
2909 954
2910 1854
2911 1356
2912 1446
2913 1038
2914 2022
2915 4032
2916 2004
2917 1422
2918 1080
2919 1356
2920 1014
2921 1392
2922 1632
2923 1620
2924 912
2925 1812
2926 1710
2927 996
2928 864
2929 840
2930 1062
2931 1008
2932 846
2933 1968
2934 1608
2935 1152
2936 1140
2937 828
2938 1476
2939 1560
2940 1458
2941 1296
2942 858
2943 1242
2944 1830
2945 876
2946 1782
2947 1242
2948 1080
2949 774
2950 1746
2951 882
2952 840
2953 966
2954 2376
2955 1416
2956 1362
2957 930
2958 1716
2959 1182
2960 852
2961 870
2962 1332
2963 1602
2964 1308
2965 858
2966 852
2967 1272
2968 1632
2969 1872
2970 1386
2971 1296
2972 1140
2973 852
2974 864
2975 1398
2976 1482
2977 1356
2978 1608
2979 1170
2980 1968
2981 1614
2982 3414
2983 1920
2984 876
2985 996
2986 1308
2987 858
2988 1152
2989 804
2990 1056
2991 1506
2992 1200
2993 1770
2994 2724
2995 906
2996 1524
2997 894
2998 1392
2999 1506
3000 942
3001 1344
3002 834
3003 1266
3004 840
3005 1326
3006 816
3007 918
3008 888
3009 2454
3010 978
3011 1506
3012 1860
3013 1440
3014 834
3015 840
3016 1506
3017 1458
3018 828
3019 1182
3020 876
3021 882
3022 1056
3023 1482
3024 1452
3025 1506
3026 822
3027 1212
3028 2232
3029 816
3030 774
3031 2100
3032 1854
3033 1662
3034 1344
3035 1254
3036 786
3037 912
3038 1338
3039 798
3040 1314
3041 882
3042 2124
3043 1122
3044 4362
3045 3372
3046 1218
3047 1014
3048 2058
3049 2862
3050 1242
3051 1704
3052 3408
3053 2760
3054 852
3055 3282
3056 1548
3057 1194
3058 2610
3059 1308
3060 1206
3061 1218
3062 1584
3063 1830
3064 876
3065 894
3066 948
3067 1812
3068 816
3069 2094
3070 1026
3071 1176
3072 858
3073 1698
3074 882
3075 894
3076 828
3077 780
3078 1410
3079 864
3080 972
3081 1230
3082 918
3083 1788
3084 2802
3085 1110
3086 900
3087 1476
3088 1344
3089 1518
3090 2118
3091 912
3092 1014
3093 936
3094 1164
3095 3534
3096 1746
3097 816
3098 822
3099 1434
3100 792
3101 5010
3102 1332
3103 1242
3104 888
3105 888
3106 864
3107 924
3108 2706
3109 918
3110 1314
3111 822
3112 888
3113 816
3114 864
3115 1146
3116 1764
3117 792
3118 1146
3119 852
3120 2220
3121 918
3122 858
3123 1446
3124 1770
3125 840
3126 948
3127 1146
3128 864
3129 906
3130 816
3131 1002
3132 1182
3133 1254
3134 816
3135 1470
3136 918
3137 1680
3138 912
3139 1230
3140 2082
3141 870
3142 846
3143 942
3144 924
3145 1782
3146 1956
3147 2274
3148 1536
3149 1074
3150 2616
3151 858
3152 1158
3153 1098
3154 1470
3155 870
3156 1884
3157 1992
3158 1296
3159 792
3160 3858
3161 936
3162 1470
3163 1272
3164 882
3165 852
3166 846
3167 2556
3168 1680
3169 1824
3170 2154
3171 1692
3172 1686
3173 894
3174 906
3175 1680
3176 828
3177 2166
3178 1782
3179 1776
3180 1344
3181 822
3182 948
3183 936
3184 870
3185 948
3186 924
3187 1452
3188 2448
3189 2010
3190 2376
3191 864
3192 978
3193 834
3194 972
3195 2154
3196 1614
3197 1044
3198 1164
3199 846
3200 870
3201 1950
3202 1830
3203 984
3204 990
3205 858
3206 1332
3207 1218
3208 918
3209 960
3210 846
3211 888
3212 1020
3213 1422
3214 2664
3215 834
3216 1374
3217 900
3218 1836
3219 876
3220 1056
3221 900
3222 1410
3223 1050
3224 1080
3225 876
3226 924
3227 1506
3228 3108
3229 2466
3230 1560
3231 906
3232 822
3233 816
3234 1068
3235 912
3236 1206
3237 846
3238 894
3239 978
3240 888
3241 744
3242 1218
3243 1230
3244 930
3245 990
3246 900
3247 2058
3248 840
3249 894
3250 804
3251 822
3252 822
3253 3420
3254 822
3255 1386
3256 912
3257 990
3258 930
3259 1482
3260 834
3261 870
3262 2454
3263 1434
3264 1284
3265 2100
3266 1950
3267 1590
3268 876
3269 1692
3270 930
3271 942
3272 912
3273 864
3274 1008
3275 846
3276 1278
3277 936
3278 1740
3279 2394
3280 918
3281 1710
3282 918
3283 834
3284 786
3285 1200
3286 858
3287 2292
3288 1560
3289 834
3290 846
3291 930
3292 906
3293 882
3294 894
3295 906
3296 1194
3297 1944
3298 2490
3299 1356
3300 2136
3301 1560
3302 774
3303 936
3304 924
3305 1278
3306 1800
3307 1038
3308 984
3309 876
3310 1218
3311 3000
3312 930
3313 930
3314 3084
3315 1140
3316 1074
3317 906
3318 1272
3319 846
3320 870
3321 888
3322 960
3323 834
3324 834
3325 834
3326 858
3327 858
3328 858
3329 834
3330 930
3331 1134
3332 1392
3333 1704
3334 1050
3335 1824
3336 1146
3337 858
3338 888
3339 1080
3340 918
3341 774
3342 774
3343 816
3344 2136
3345 900
3346 1710
3347 846
3348 954
3349 1398
3350 906
3351 1242
3352 948
3353 1692
3354 1770
3355 2202
3356 2262
3357 1062
3358 804
3359 804
3360 864
3361 804
3362 1566
3363 900
3364 930
3365 1698
3366 876
3367 888
3368 1422
3369 3072
3370 1878
3371 2346
3372 924
3373 822
3374 930
3375 1326
3376 858
3377 864
3378 972
3379 858
3380 900
3381 1128
3382 834
3383 1008
3384 1212
3385 2424
3386 2232
3387 1404
3388 1338
3389 2700
3390 1296
3391 1104
3392 888
3393 2292
3394 1722
3395 894
3396 864
3397 2202
3398 2028
3399 1014
3400 882
3401 918
3402 1038
3403 1326
3404 858
3405 828
3406 1080
3407 990
3408 1476
3409 1050
3410 972
3411 918
3412 942
3413 1068
3414 834
3415 1854
3416 3282
3417 1578
3418 1980
3419 888
3420 1236
3421 1122
3422 894
3423 840
3424 1374
3425 822
3426 1764
3427 1704
3428 2052
3429 3150
3430 894
3431 876
3432 1506
3433 2028
3434 1686
3435 852
3436 900
3437 864
3438 954
3439 1752
3440 1200
3441 1002
3442 906
3443 1242
3444 2238
3445 3738
3446 3036
3447 1638
3448 864
3449 996
3450 2328
3451 1500
3452 1692
3453 1650
3454 960
3455 822
3456 1104
3457 834
3458 1572
3459 810
3460 870
3461 918
3462 972
3463 780
3464 882
3465 912
3466 804
3467 918
3468 912
3469 846
3470 1140
3471 1224
3472 1302
3473 846
3474 1158
3475 1122
3476 828
3477 876
3478 924
3479 852
3480 1962
3481 846
3482 816
3483 822
3484 858
3485 870
3486 1206
3487 858
3488 876
3489 804
3490 828
3491 858
3492 834
3493 900
3494 846
3495 2250
3496 1992
3497 1620
3498 1170
3499 2010
3500 918
3501 876
3502 876
3503 834
3504 858
3505 858
3506 894
3507 930
3508 876
3509 882
3510 2016
3511 1854
3512 876
3513 846
3514 864
3515 852
3516 822
3517 792
3518 888
3519 834
3520 864
3521 942
3522 846
3523 846
3524 1026
3525 822
3526 858
3527 846
3528 834
3529 846
3530 900
3531 918
3532 876
3533 2010
3534 1140
3535 948
3536 888
3537 888
3538 888
3539 888
3540 876
3541 774
3542 858
3543 942
3544 834
3545 1176
3546 864
3547 870
3548 1098
3549 1056
3550 858
3551 1842
3552 906
3553 882
3554 954
3555 834
3556 918
3557 1614
3558 840
3559 846
3560 900
3561 2658
3562 1398
3563 792
3564 858
3565 888
3566 852
3567 972
3568 1032
3569 1224
3570 846
3571 1698
3572 858
3573 948
3574 906
3575 1656
3576 1386
3577 948
3578 924
3579 876
3580 1500
3581 2496
3582 1056
3583 1416
3584 1452
3585 1776
3586 1656
3587 846
3588 942
3589 792
3590 2616
3591 8118
3592 996
3593 960
3594 1260
3595 4398
3596 1284
3597 918
3598 2022
3599 978
3600 960
3601 888
3602 948
3603 906
3604 900
3605 954
3606 876
3607 996
3608 828
3609 882
3610 1182
3611 888
3612 774
3613 798
3614 888
3615 828
3616 1176
3617 1170
3618 930
3619 2442
3620 954
3621 984
3622 1374
3623 918
3624 816
3625 1104
3626 1698
3627 2730
3628 1998
3629 852
3630 1068
3631 1278
3632 1518
3633 1020
3634 1026
3635 906
3636 840
3637 1500
3638 876
3639 888
3640 804
3641 864
3642 936
3643 996
3644 1044
3645 936
3646 1380
3647 1908
3648 1152
3649 828
3650 960
3651 1062
3652 918
3653 972
3654 846
3655 930
3656 1044
3657 876
3658 888
3659 912
3660 792
3661 960
3662 996
3663 1722
3664 900
3665 990
3666 2286
3667 846
3668 2280
3669 4080
3670 792
3671 1350
3672 804
3673 846
3674 792
3675 888
3676 804
3677 876
3678 942
3679 822
3680 834
3681 876
3682 1350
3683 942
3684 834
3685 936
3686 1068
3687 882
3688 1098
3689 852
3690 846
3691 1164
3692 888
3693 984
3694 918
3695 822
3696 816
3697 786
3698 804
3699 888
3700 858
3701 834
3702 930
3703 882
3704 1974
3705 2652
3706 852
3707 1644
3708 858
3709 930
3710 1974
3711 1680
3712 846
3713 2274
3714 864
3715 1026
3716 2352
3717 1818
3718 1548
3719 858
3720 960
3721 756
3722 930
3723 846
3724 1734
3725 846
3726 768
3727 1236
3728 900
3729 870
3730 1626
3731 804
3732 816
3733 852
3734 846
3735 834
3736 846
3737 804
3738 846
3739 936
3740 918
3741 1374
3742 1350
3743 846
3744 846
3745 846
3746 2058
3747 1608
3748 2262
3749 846
3750 846
3751 1842
3752 804
3753 1668
3754 996
3755 2280
3756 852
3757 2682
3758 2304
3759 1932
3760 924
3761 912
3762 1404
3763 876
3764 888
3765 1074
3766 900
3767 936
3768 1350
3769 1080
3770 1662
3771 1668
3772 2256
3773 1062
3774 834
3775 912
3776 846
3777 864
3778 1158
3779 1080
3780 1170
3781 1134
Unexpected message received for job 1043201
3782 936
3783 822
3784 1932
3785 1020
3786 864
3787 894
3788 876
Unexpected message received for job 1043201
3789 930
3790 1212
3791 858
3792 816
3793 834
3794 870
3795 1200
3796 870
3797 912
3798 930
3799 870
3800 834
3801 2004
3802 3294
3803 1614
3804 1692
3805 1434
3806 876
3807 900
3808 906
3809 1218
3810 1356
3811 930
3812 906
3813 900
3814 858
3815 924
3816 1344
3817 822
3818 804
3819 918
3820 888
3821 774
3822 816
3823 888
3824 912
3825 840
3826 894
3827 924
3828 810
3829 894
3830 804
3831 816
3832 864
3833 846
3834 888
3835 828
3836 834
3837 834
3838 864
3839 870
3840 888
3841 870
3842 858
3843 816
3844 834
3845 894
3846 876
3847 864
3848 912
3849 846
3850 816
3851 870
3852 858
3853 876
3854 834
3855 858
3856 810
3857 858
3858 834
3859 1026
3860 876
3861 984
3862 816
3863 846
3864 846
3865 816
3866 858
3867 864
3868 846
3869 816
3870 846
3871 816
3872 852
3873 846
3874 900
3875 816
3876 834
3877 816
3878 834
3879 846
3880 852
3881 834
3882 858
3883 906
3884 888
3885 876
3886 882
3887 882
3888 924
3889 870
3890 882
3891 876
3892 852
3893 894
3894 930
3895 858
3896 822
3897 900
3898 846
3899 822
3900 834
3901 846
3902 846
3903 900
3904 912
3905 858
3906 1056
3907 1860
3908 864
3909 834
3910 906
3911 858
3912 888
3913 864
3914 1056
3915 1002
3916 924
3917 882
3918 876
3919 912
3920 954
3921 924
3922 882
3923 900
3924 966
3925 912
3926 2190
3927 828
3928 936
3929 870
3930 858
3931 852
3932 846
3933 858
3934 858
3935 960
3936 834
3937 870
3938 804
3939 882
3940 858
3941 834
3942 876
3943 816
3944 876
3945 870
3946 834
3947 858
3948 912
3949 846
3950 828
3951 876
3952 792
3953 846
3954 876
3955 792
3956 846
3957 876
3958 828
3959 822
3960 846
3961 888
3962 834
3963 900
3964 834
3965 1026
3966 876
3967 876
3968 1296
3969 1104
3970 876
3971 2298
3972 852
3973 894
3974 852
3975 876
3976 1050
3977 864
3978 822
3979 732
3980 870
3981 984
3982 1998
3983 810
3984 834
3985 822
3986 810
3987 804
3988 834
3989 810
3990 1698
3991 834
3992 846
3993 1638
3994 810
3995 816
3996 846
3997 876
3998 858
3999 810
4000 846
4001 1608
4002 810
4003 804
4004 804
4005 822
4006 858
4007 822
4008 846
4009 1608
4010 1584
4011 822
4012 864
4013 2292
4014 2394
4015 834
4016 972
4017 792
4018 876
4019 858
4020 846
4021 942
4022 1590
4023 834
4024 888
4025 900
4026 864
4027 1236
4028 786
4029 882
4030 834
4031 816
4032 1746
4033 846
4034 834
4035 858
4036 960
4037 846
4038 888
4039 846
4040 834
4041 816
4042 864
4043 864
4044 888
4045 804
4046 828
4047 870
4048 864
4049 846
4050 864
4051 822
4052 864
4053 1584
4054 846
4055 810
4056 876
4057 816
4058 816
4059 900
4060 900
4061 846
4062 822
4063 900
4064 1092
4065 840
4066 864
4067 900
4068 858
4069 852
4070 1998
4071 900
4072 822
4073 834
4074 822
4075 996
4076 1650
4077 858
4078 900
4079 816
4080 846
4081 834
4082 858
4083 846
4084 888
4085 792
4086 906
4087 888
4088 900
4089 858
4090 858
4091 876
4092 846
4093 882
4094 858
4095 864
4096 858
4097 798
4098 840
4099 846
4100 858
4101 828
4102 1164
4103 882
4104 858
4105 828
4106 804
4107 900
4108 870
4109 882
4110 864
4111 870
4112 858
4113 840
4114 858
4115 828
4116 900
4117 810
4118 2292
4119 864
4120 1038
4121 1938
4122 804
4123 1002
4124 876
4125 858
4126 876
4127 870
4128 876
4129 876
4130 876
4131 1986
4132 1986
4133 762
4134 870
4135 1446
4136 2142
4137 5736
4138 3444
4139 2280
4140 1374
4141 1116
4142 1008
4143 870
4144 870
4145 1068
4146 834
4147 876
4148 912
4149 948
4150 3132
4151 1638
4152 1470
4153 858
4154 912
4155 858
4156 978
4157 1002
4158 954
4159 1302
4160 1308
4161 1674
4162 828
4163 858
4164 858
4165 870
4166 924
4167 846
4168 840
4169 882
4170 870
4171 876
4172 846
4173 822
4174 858
4175 984
4176 984
4177 834
4178 834
4179 1164
4180 906
4181 858
4182 912
4183 840
4184 870
4185 888
4186 924
4187 870
4188 882
4189 888
4190 870
4191 888
4192 822
4193 870
4194 834
4195 846
4196 858
4197 870
4198 840
4199 870
4200 924
4201 870
4202 870
4203 870
4204 912
4205 816
4206 870
4207 870
4208 828
4209 846
4210 816
4211 846
4212 858
4213 816
4214 834
4215 834
4216 930
4217 816
4218 822
4219 918
4220 822
4221 876
4222 858
4223 858
4224 870
4225 930
4226 1464
4227 930
4228 1542
4229 1218
4230 1710
4231 924
4232 876
4233 912
4234 816
4235 1860
4236 858
4237 822
4238 828
4239 870
4240 888
4241 828
4242 846
4243 858
4244 858
4245 858
4246 888
4247 942
4248 942
4249 858
4250 882
4251 828
4252 828
4253 870
4254 846
4255 870
4256 870
4257 870
4258 912
4259 870
4260 828
4261 828
4262 828
4263 870
4264 870
4265 870
4266 858
4267 912
4268 912
4269 870
4270 846
4271 870
4272 846
4273 888
4274 876
4275 852
4276 876
4277 882
4278 912
4279 900
4280 912
4281 912
4282 894
4283 900
4284 900
4285 864
4286 888
4287 906
4288 912
4289 852
4290 930
4291 846
4292 882
4293 834
4294 876
4295 816
4296 894
4297 822
4298 888
4299 888
4300 852
4301 942
4302 1086
4303 864
4304 906
4305 924
4306 846
4307 954
4308 888
4309 978
4310 870
4311 936
4312 876
4313 960
4314 960
4315 864
4316 948
4317 948
4318 894
4319 834
4320 864
4321 846
4322 888
4323 942
4324 930
4325 942
4326 906
4327 816
4328 816
4329 816
4330 888
4331 864
4332 1182
4333 1026
4334 936
4335 984
4336 912
4337 936
4338 1224
4339 936
4340 882
4341 990
4342 942
4343 936
4344 930
4345 1668
4346 858
4347 1014
4348 936
4349 918
4350 978
4351 918
4352 930
4353 972
4354 972
4355 894
4356 888
4357 888
4358 852
4359 960
4360 918
4361 912
4362 936
4363 912
4364 936
4365 924
4366 894
4367 852
4368 900
4369 912
4370 894
4371 936
4372 936
4373 942
4374 984
4375 792
4376 828
4377 900
4378 900
4379 888
4380 912
4381 888
4382 852
4383 858
4384 888
4385 858
4386 912
4387 876
4388 870
4389 900
4390 906
4391 858
4392 888
4393 858
4394 900
4395 870
4396 822
4397 876
4398 846
4399 900
4400 876
4401 876
4402 858
4403 858
4404 858
4405 792
4406 870
4407 834
4408 870
4409 870
4410 858
4411 918
4412 888
4413 888
4414 828
4415 900
4416 864
4417 954
4418 870
4419 870
4420 786
4421 870
4422 858
4423 870
4424 858
4425 858
4426 858
4427 846
4428 912
4429 858
4430 858
4431 816
4432 870
4433 858
4434 870
4435 888
4436 870
4437 786
4438 804
4439 858
4440 1368
4441 870
4442 858
4443 858
4444 804
4445 942
4446 858
4447 888
4448 804
4449 888
4450 846
4451 858
4452 1572
4453 846
4454 870
4455 870
4456 846
4457 870
4458 846
4459 846
4460 846
4461 846
4462 846
4463 846
4464 870
4465 870
4466 912
4467 846
4468 846
4469 846
4470 900
4471 870
4472 912
4473 870
4474 858
4475 846
4476 846
4477 846
4478 846
4479 846
4480 858
4481 846
4482 828
4483 816
4484 858
4485 918
4486 888
4487 930
4488 858
4489 846
4490 858
4491 876
4492 846
4493 834
4494 858
4495 1080
4496 846
4497 876
4498 846
4499 834
4500 846
4501 846
4502 888
4503 876
4504 834
4505 888
4506 834
4507 876
4508 834
4509 876
4510 846
4511 930
4512 846
4513 888
4514 846
4515 846
4516 846
4517 900
4518 786
4519 846
4520 846
4521 846
4522 846
4523 888
4524 858
4525 846
4526 876
4527 846
4528 846
4529 888
4530 846
4531 834
4532 846
4533 876
4534 846
4535 888
4536 846
4537 846
4538 930
4539 846
4540 822
4541 930
4542 858
4543 828
4544 834
4545 834
4546 834
4547 972
4548 876
4549 954
4550 834
4551 834
4552 834
4553 888
4554 834
4555 888
4556 834
4557 834
4558 834
4559 834
4560 834
4561 846
4562 834
4563 864
4564 834
4565 846
4566 804
4567 804
4568 858
4569 870
4570 846
4571 846
4572 858
4573 846
4574 834
4575 858
4576 858
4577 828
4578 858
4579 828
4580 828
4581 828
4582 828
4583 828
4584 1038
4585 828
4586 828
4587 786
4588 828
4589 828
4590 828
4591 828
4592 888
4593 828
4594 870
4595 828
4596 828
4597 828
4598 828
4599 924
4600 840
4601 1302
4602 828
4603 840
4604 828
4605 870
4606 828
4607 900
4608 900
4609 828
4610 828
4611 828
4612 870
4613 924
4614 828
4615 858
4616 828
4617 870
4618 828
4619 870
4620 828
4621 828
4622 870
4623 882
4624 828
4625 816
4626 912
4627 840
4628 816
4629 816
4630 816
4631 816
4632 858
4633 900
4634 870
4635 858
4636 870
4637 870
4638 870
4639 858
4640 888
4641 858
4642 870
4643 828
4644 816
4645 870
4646 870
4647 912
4648 858
4649 840
4650 858
4651 900
4652 846
4653 900
4654 924
4655 828
4656 846
4657 900
4658 816
4659 846
4660 900
4661 900
4662 942
4663 870
4664 828
4665 900
4666 858
4667 858
4668 858
4669 888
4670 942
4671 858
4672 846
4673 858
4674 846
4675 828
4676 846
4677 870
4678 912
4679 858
4680 858
4681 858
4682 870
4683 858
4684 870
4685 828
4686 804
4687 858
4688 870
4689 912
4690 828
4691 900
4692 870
4693 858
4694 870
4695 858
4696 882
4697 870
4698 882
4699 828
4700 870
4701 858
4702 882
4703 900
4704 858
4705 870
4706 828
4707 828
4708 870
4709 912
4710 828
4711 828
4712 870
4713 900
4714 900
4715 888
4716 828
4717 732
4718 870
4719 1248
4720 804
4721 732
4722 978
4723 858
4724 912
4725 858
4726 900
4727 858
4728 900
4729 870
4730 804
4731 882
4732 858
4733 858
4734 870
4735 870
4736 858
4737 858
4738 828
4739 858
4740 870
4741 858
4742 858
4743 846
4744 900
4745 900
4746 858
4747 858
4748 858
4749 858
4750 912
4751 870
4752 882
4753 846
4754 924
4755 912
4756 870
4757 900
4758 870
4759 870
4760 870
4761 858
4762 870
4763 870
4764 870
4765 870
4766 870
4767 900
4768 870
4769 858
4770 870
4771 882
4772 870
4773 912
4774 900
4775 924
4776 858
4777 870
4778 798
4779 840
4780 870
4781 888
4782 870
4783 870
4784 858
4785 870
4786 870
4787 870
4788 828
4789 870
4790 870
4791 846
4792 846
4793 870
4794 870
4795 912
4796 870
4797 786
4798 828
4799 870
4800 870
4801 912
4802 912
4803 870
4804 858
4805 882
4806 840
4807 846
4808 858
4809 846
4810 846
4811 870
4812 846
4813 888
4814 900
4815 828
4816 846
4817 858
4818 846
4819 846
4820 858
4821 870
4822 846
4823 846
4824 828
4825 870
4826 882
4827 888
4828 882
4829 846
4830 888
4831 846
4832 858
4833 846
4834 888
4835 846
4836 846
4837 846
4838 858
4839 798
4840 858
4841 870
4842 870
4843 900
4844 834
4845 816
4846 858
4847 846
4848 858
4849 858
4850 846
4851 798
4852 834
4853 870
4854 858
4855 858
4856 816
4857 846
4858 858
4859 828
4860 846
4861 858
4862 870
4863 912
4864 834
4865 858
4866 984
4867 858
4868 900
4869 858
4870 858
4871 858
4872 858
4873 870
4874 858
4875 858
4876 858
4877 900
4878 858
4879 834
4880 870
4881 918
4882 858
4883 888
4884 912
4885 900
4886 858
4887 858
4888 858
4889 828
4890 888
4891 900
4892 858
4893 888
4894 846
4895 870
4896 828
4897 900
4898 858
4899 858
4900 846
4901 858
4902 858
4903 834
4904 858
4905 900
4906 858
4907 816
4908 870
4909 924
4910 882
4911 882
4912 882
4913 882
4914 882
4915 870
4916 882
4917 840
4918 882
4919 840
4920 828
4921 882
4922 924
4923 882
4924 828
4925 858
4926 876
4927 834
4928 846
4929 870
4930 846
4931 834
4932 858
4933 846
4934 870
4935 888
4936 888
4937 882
4938 846
4939 858
4940 834
4941 834
4942 882
4943 882
4944 846
4945 834
4946 834
4947 1062
4948 870
4949 876
4950 876
4951 834
4952 834
4953 834
4954 876
4955 846
4956 858
4957 870
4958 888
4959 876
4960 834
4961 804
4962 888
4963 846
4964 858
4965 870
4966 858
4967 828
4968 858
4969 834
4970 834
4971 834
4972 834
4973 1020
4974 834
4975 876
4976 888
4977 840
4978 876
4979 888
4980 876
4981 894
4982 876
4983 876
4984 912
4985 870
4986 834
4987 834
4988 834
4989 858
4990 828
4991 966
4992 858
4993 936
4994 990
4995 846
4996 924
4997 828
4998 834
4999 834
5000 804
5001 834
5002 834
5003 912
5004 828
5005 822
5006 834
5007 858
5008 834
5009 870
5010 870
5011 876
5012 834
5013 828
5014 888
5015 888
5016 846
5017 912
5018 888
5019 876
5020 960
5021 912
5022 858
5023 846
5024 846
5025 846
5026 918
5027 828
5028 828
5029 846
5030 834
5031 846
5032 876
5033 828
5034 876
5035 870
5036 876
5037 876
5038 876
5039 876
5040 816
5041 816
5042 870
5043 930
5044 876
5045 858
5046 918
5047 876
5048 930
5049 900
5050 900
5051 876
5052 888
5053 876
5054 816
5055 870
5056 816
5057 912
5058 918
5059 870
5060 870
5061 870
5062 882
5063 882
5064 870
5065 888
5066 888
5067 816
5068 888
5069 888
5070 912
5071 858
5072 900
5073 912
5074 870
5075 870
5076 870
5077 870
5078 870
5079 870
5080 900
5081 858
5082 816
5083 900
5084 900
5085 942
5086 888
5087 882
5088 942
5089 828
5090 858
5091 858
5092 870
5093 840
5094 942
5095 912
5096 942
5097 900
5098 888
5099 900
5100 858
5101 870
5102 900
5103 900
5104 900
5105 870
5106 858
5107 858
5108 870
5109 858
5110 858
5111 870
5112 888
5113 900
5114 828
5115 900
5116 858
5117 882
5118 858
5119 858
5120 756
5121 870
5122 858
5123 870
5124 858
5125 828
5126 798
5127 828
5128 858
5129 858
5130 870
5131 858
5132 828
5133 828
5134 798
5135 942
5136 870
5137 828
5138 828
5139 840
5140 816
5141 816
5142 816
5143 816
5144 858
5145 816
5146 942
5147 954
5148 816
5149 786
5150 816
5151 870
5152 858
5153 816
5154 816
5155 816
5156 870
5157 870
5158 816
5159 816
5160 840
5161 816
5162 816
5163 828
5164 816
5165 870
5166 798
5167 816
5168 816
5169 816
5170 858
5171 840
5172 924
5173 828
5174 858
5175 840
5176 816
5177 858
5178 858
5179 828
5180 816
5181 816
5182 816
5183 816
5184 858
5185 954
5186 798
5187 786
5188 816
5189 816
5190 798
5191 912
5192 912
5193 912
5194 954
5195 786
5196 816
5197 912
5198 954
5199 828
5200 912
5201 816
5202 816
5203 816
5204 942
5205 828
5206 888
5207 858
5208 816
5209 870
5210 828
5211 924
5212 900
5213 828
5214 828
5215 924
5216 1008
5217 912
5218 816
5219 900
5220 828
5221 798
5222 900
5223 882
5224 912
5225 900
5226 924
5227 882
5228 882
5229 882
5230 900
5231 840
5232 954
5233 954
5234 870
5235 900
5236 828
5237 840
5238 912
5239 912
5240 870
5241 870
5242 828
5243 870
5244 870
5245 870
5246 828
5247 870
5248 870
5249 870
5250 828
5251 870
5252 828
5253 828
5254 828
5255 828
5256 882
5257 828
5258 942
5259 900
5260 1668
5261 870
5262 870
5263 912
5264 1188
5265 840
5266 828
5267 888
5268 786
5269 846
5270 816
5271 786
5272 828
5273 858
5274 774
5275 870
5276 912
5277 828
5278 774
5279 744
5280 1344
5281 744
5282 744
5283 744
5284 798
5285 882
5286 786
5287 870
5288 786
5289 840
5290 774
5291 744
5292 756
5293 744
5294 744
5295 786
5296 744
5297 816
5298 786
5299 744
5300 744
5301 744
5302 912
5303 882
5304 744
5305 828
5306 912
5307 882
5308 786
5309 840
5310 786
5311 786
5312 774
5313 744
5314 744
5315 714
5316 744
5317 858
5318 744
5319 798
5320 786
5321 786
5322 882
5323 786
5324 828
5325 900
5326 756
5327 828
5328 816
5329 762
5330 762
5331 762
5332 762
5333 804
5334 828
5335 786
5336 804
5337 762
5338 744
5339 786
5340 762
5341 756
5342 786
5343 774
5344 798
5345 798
5346 774
5347 762
5348 762
5349 792
5350 756
5351 828
5352 744
5353 786
5354 882
5355 744
5356 900
5357 798
5358 762
5359 858
5360 744
5361 762
5362 774
5363 870
5364 744
5365 744
5366 744
5367 816
5368 744
5369 786
5370 870
5371 774
5372 774
5373 828
5374 828
5375 828
5376 828
5377 828
5378 828
5379 774
5380 786
5381 804
5382 828
5383 828
5384 828
5385 816
5386 912
5387 828
5388 882
5389 786
5390 750
5391 906
5392 1032
5393 816
5394 840
5395 786
5396 1926
5397 840
5398 840
5399 1920
5400 774
5401 828
5402 786
5403 744
5404 786
5405 798
5406 786
5407 948
5408 798
5409 840
5410 786
5411 786
5412 1032
5413 786
5414 1038
5415 840
5416 840
5417 786
5418 786
5419 840
5420 828
5421 1440
5422 882
5423 978
5424 828
5425 1032
5426 786
5427 786
5428 786
5429 1020
5430 1080
5431 786
5432 786
5433 786
5434 828
5435 1350
5436 744
5437 786
5438 786
5439 2466
5440 990
5441 786
5442 786
5443 1338
5444 786
5445 870
5446 786
5447 786
5448 786
5449 828
5450 786
5451 828
5452 786
5453 798
5454 786
5455 786
5456 744
5457 924
5458 744
5459 798
5460 828
5461 744
5462 744
5463 786
5464 744
5465 816
5466 744
5467 774
5468 744
5469 786
5470 744
5471 798
5472 744
5473 744
5474 2136
5475 786
5476 786
5477 744
5478 744
5479 828
5480 924
5481 744
5482 744
5483 744
5484 774
5485 744
5486 798
5487 798
5488 840
5489 1338
5490 1050
5491 798
5492 786
5493 840
5494 948
5495 1308
5496 888
5497 888
5498 942
5499 912
5500 966
5501 1440
5502 882
5503 1044
5504 1146
5505 1500
5506 810
5507 1254
5508 828
5509 828
5510 786
5511 828
5512 912
5513 786
5514 744
5515 744
5516 798
5517 744
5518 744
5519 840
5520 798
5521 840
5522 744
5523 744
5524 744
5525 798
Unexpected message received for job 1043201
5526 744
5527 756
5528 840
5529 744
5530 744
5531 798
5532 786
5533 744
5534 744
5535 786
Unexpected message received for job 1043201
5536 1770
5537 744
5538 786
5539 744
5540 786
5541 798
5542 744
5543 744
5544 786
5545 804
5546 774
5547 804
5548 834
5549 780
5550 768
5551 804
5552 804
5553 774
5554 774
5555 804
5556 876
5557 792
5558 846
5559 816
5560 804
5561 792
5562 804
5563 792
5564 828
5565 852
5566 816
5567 912
5568 756
5569 780
5570 756
5571 798
5572 804
5573 816
5574 822
5575 780
5576 780
5577 900
5578 774
5579 804
5580 858
5581 816
5582 816
5583 780
5584 834
5585 816
5586 876
5587 774
5588 816
5589 774
5590 750
5591 756
5592 780
5593 768
5594 828
5595 804
5596 780
5597 792
5598 780
5599 834
5600 834
5601 780
5602 792
5603 804
5604 768
5605 780
5606 768
5607 804
5608 774
5609 774
5610 768
5611 768
5612 822
5613 774
5614 816
5615 822
5616 834
5617 816
5618 834
5619 876
5620 780
5621 822
5622 780
5623 780
5624 792
5625 792
5626 804
5627 822
5628 834
5629 816
5630 792
5631 744
5632 864
5633 828
5634 822
5635 852
5636 816
5637 804
5638 810
5639 804
5640 804
5641 816
5642 816
5643 774
5644 834
5645 804
5646 864
5647 804
5648 804
5649 786
5650 828
5651 786
5652 804
5653 828
5654 774
5655 750
5656 786
5657 774
5658 756
5659 774
5660 786
5661 786
5662 786
5663 786
5664 786
5665 798
5666 798
5667 840
5668 786
5669 870
5670 786
5671 786
5672 816
5673 828
5674 786
5675 732
5676 786
5677 858
5678 786
5679 828
5680 786
5681 840
5682 786
5683 828
5684 804
5685 816
5686 774
5687 798
5688 888
5689 870
5690 774
5691 828
5692 858
5693 798
5694 828
5695 804
5696 816
5697 798
5698 744
5699 858
5700 828
5701 1230
5702 804
5703 804
5704 816
5705 870
5706 828
5707 804
5708 828
5709 858
5710 864
5711 744
5712 816
5713 918
5714 756
5715 798
5716 786
5717 756
5718 756
5719 798
5720 1200
5721 798
5722 828
5723 870
5724 828
5725 774
5726 840
5727 870
5728 828
5729 828
5730 828
5731 870
5732 828
5733 912
5734 828
5735 804
5736 858
5737 786
5738 858
5739 858
5740 786
5741 858
5742 870
5743 816
5744 816
5745 840
5746 804
5747 876
5748 858
5749 816
5750 816
5751 762
5752 804
5753 816
5754 846
5755 978
5756 882
5757 816
5758 762
5759 846
5760 858
5761 816
5762 804
5763 858
5764 816
5765 858
5766 834
5767 804
5768 816
5769 792
5770 804
5771 816
5772 816
5773 858
5774 774
5775 774
5776 804
5777 786
5778 762
5779 840
5780 762
5781 888
5782 858
5783 858
5784 762
5785 858
5786 1128
5787 858
5788 774
5789 834
5790 858
5791 828
5792 816
5793 732
5794 858
5795 858
5796 774
5797 972
5798 804
5799 816
5800 900
5801 1038
5802 1038
5803 1038
5804 846
5805 888
5806 870
5807 816
5808 876
5809 1038
5810 870
5811 1038
5812 1260
5813 762
5814 888
5815 792
5816 840
5817 990
5818 858
5819 846
5820 762
5821 1038
5822 1038
5823 834
5824 846
5825 876
5826 834
5827 1038
5828 846
5829 1068
5830 798
5831 1038
5832 834
5833 834
5834 834
5835 1008
5836 834
5837 786
5838 1038
5839 846
5840 816
5841 834
5842 1038
5843 774
5844 822
5845 858
5846 942
5847 858
5848 816
5849 774
5850 774
5851 816
5852 750
5853 798
5854 846
5855 840
5856 774
5857 786
5858 774
5859 888
5860 816
5861 888
5862 870
5863 774
5864 936
5865 774
5866 828
5867 774
5868 774
5869 816
5870 774
5871 804
5872 798
5873 774
5874 774
5875 774
5876 798
5877 774
5878 732
5879 804
5880 762
5881 858
5882 798
5883 816
5884 816
5885 816
5886 774
5887 816
5888 858
5889 774
5890 828
5891 816
5892 816
5893 804
5894 816
5895 816
5896 846
5897 804
5898 774
5899 816
5900 798
5901 816
5902 816
5903 816
5904 846
5905 816
5906 816
5907 846
5908 816
5909 816
5910 816
5911 816
5912 1092
5913 816
5914 774
5915 786
5916 960
5917 930
5918 816
5919 816
5920 774
5921 816
5922 804
5923 762
5924 804
5925 762
5926 762
5927 762
5928 762
5929 762
5930 804
5931 774
5932 846
5933 750
5934 804
5935 798
5936 804
5937 804
5938 774
5939 762
5940 762
5941 816
5942 816
5943 762
5944 732
5945 774
5946 942
5947 816
5948 846
5949 762
5950 798
5951 762
5952 798
5953 816
5954 804
5955 762
5956 762
5957 762
5958 750
5959 762
5960 756
5961 816
5962 774
5963 774
5964 816
5965 774
5966 816
5967 732
5968 846
5969 816
5970 858
5971 798
5972 834
5973 816
5974 816
5975 774
5976 804
5977 774
5978 774
5979 774
5980 762
5981 774
5982 774
5983 816
5984 828
5985 774
5986 774
5987 774
5988 828
5989 774
5990 804
5991 816
5992 756
5993 816
5994 762
5995 774
5996 756
5997 774
5998 774
5999 774
6000 774
6001 774
6002 774
6003 774
6004 858
6005 762
6006 762
6007 774
6008 816
6009 816
6010 756
6011 774
6012 816
6013 762
6014 858
6015 774
6016 762
6017 816
6018 774
6019 786
6020 786
6021 858
6022 978
6023 774
6024 774
6025 774
6026 834
6027 804
6028 816
6029 774
6030 774
6031 774
6032 774
6033 762
6034 846
6035 762
6036 804
6037 816
6038 744
6039 804
6040 774
6041 828
6042 816
6043 774
6044 900
6045 828
6046 816
6047 816
6048 816
6049 846
6050 762
6051 876
6052 816
6053 774
6054 762
6055 732
6056 834
6057 816
6058 816
6059 774
6060 774
6061 774
6062 816
6063 774
6064 774
6065 786
6066 774
6067 846
6068 888
6069 816
6070 804
6071 744
6072 816
6073 858
6074 858
6075 918
6076 786
6077 756
6078 918
6079 774
6080 1404
6081 774
6082 774
6083 972
6084 774
6085 786
6086 918
6087 858
6088 918
6089 870
6090 816
6091 732
6092 918
6093 930
6094 900
6095 918
6096 918
6097 774
6098 762
6099 804
6100 804
6101 804
6102 804
6103 804
6104 858
6105 804
6106 846
6107 930
6108 804
6109 846
6110 786
6111 816
6112 960
6113 858
6114 732
6115 816
6116 840
6117 828
6118 816
6119 816
6120 816
6121 834
6122 900
6123 858
6124 864
6125 816
6126 930
6127 882
6128 828
6129 852
6130 816
6131 858
6132 816
6133 774
6134 858
6135 786
6136 858
6137 816
6138 816
6139 774
6140 816
6141 900
6142 762
6143 858
6144 816
6145 816
6146 816
6147 804
6148 804
6149 816
6150 798
6151 816
6152 792
6153 816
6154 774
6155 774
6156 816
6157 774
6158 858
6159 774
6160 774
6161 894
6162 762
6163 762
6164 858
6165 804
6166 774
6167 774
6168 732
6169 774
6170 816
6171 774
6172 774
6173 834
6174 864
6175 816
6176 858
6177 846
6178 858
6179 816
6180 858
6181 930
6182 834
6183 804
6184 834
6185 846
6186 984
6187 882
6188 846
6189 816
6190 804
6191 828
6192 930
6193 792
6194 816
6195 834
6196 816
6197 816
6198 816
6199 876
6200 816
6201 840
6202 816
6203 744
6204 816
6205 858
6206 858
6207 816
6208 858
6209 858
6210 756
6211 816
6212 858
6213 774
6214 762
6215 744
6216 828
6217 798
6218 882
6219 840
6220 732
6221 816
6222 792
6223 744
6224 816
6225 756
6226 744
6227 774
6228 774
6229 846
6230 774
6231 816
6232 732
6233 816
6234 816
6235 774
6236 774
6237 792
6238 816
6239 816
6240 756
6241 858
6242 750
6243 804
6244 744
6245 828
6246 828
6247 840
6248 828
6249 840
6250 744
6251 828
6252 828
6253 840
6254 828
6255 828
6256 828
6257 828
6258 798
6259 828
6260 870
6261 816
6262 882
6263 828
6264 816
6265 720
6266 804
6267 870
6268 858
6269 816
6270 792
6271 846
6272 888
6273 834
6274 816
6275 888
6276 834
6277 846
6278 858
6279 834
6280 924
6281 816
6282 816
6283 816
6284 816
6285 816
6286 828
6287 816
6288 858
6289 858
6290 834
6291 894
6292 816
6293 816
6294 816
6295 846
6296 888
6297 816
6298 816
6299 846
6300 870
6301 816
6302 732
6303 816
6304 816
6305 834
6306 834
6307 816
6308 792
6309 816
6310 816
6311 816
6312 864
6313 816
6314 816
6315 840
6316 846
6317 804
6318 858
6319 846
6320 804
6321 882
6322 816
6323 816
6324 804
6325 816
6326 816
6327 816
6328 720
6329 774
6330 816
6331 858
6332 816
6333 816
6334 804
6335 858
6336 804
6337 762
6338 816
6339 900
6340 816
6341 804
6342 792
6343 804
6344 804
6345 816
6346 858
6347 804
6348 804
6349 888
6350 846
6351 858
6352 804
6353 804
6354 816
6355 816
6356 750
6357 804
6358 828
6359 846
6360 804
6361 804
6362 804
6363 846
6364 816
6365 816
6366 804
6367 804
6368 804
6369 774
6370 816
6371 804
6372 870
6373 828
6374 774
6375 804
6376 804
6377 804
6378 840
6379 846
6380 804
6381 804
6382 816
6383 900
6384 804
6385 858
6386 816
6387 804
6388 804
6389 786
6390 804
6391 804
6392 804
6393 828
6394 804
6395 816
6396 816
6397 834
6398 804
6399 804
6400 774
6401 798
6402 762
6403 786
6404 858
6405 828
6406 798
6407 804
6408 732
6409 774
6410 900
6411 828
6412 804
6413 774
6414 858
6415 828
6416 828
6417 828
6418 714
6419 774
6420 870
6421 828
6422 828
6423 828
6424 870
6425 828
6426 870
6427 828
6428 828
6429 828
6430 828
6431 828
6432 744
6433 912
6434 834
6435 828
6436 828
6437 828
6438 858
6439 744
6440 828
6441 786
6442 744
6443 828
6444 870
6445 816
6446 870
6447 828
6448 828
6449 828
6450 828
6451 798
6452 816
6453 828
6454 816
6455 858
6456 816
6457 774
6458 816
6459 762
6460 774
6461 816
6462 816
6463 816
6464 858
6465 816
6466 816
6467 846
6468 816
6469 828
6470 816
6471 828
6472 816
6473 786
6474 816
6475 816
6476 804
6477 804
6478 804
6479 828
6480 804
6481 828
6482 804
6483 858
6484 804
6485 846
6486 804
6487 762
6488 762
6489 762
6490 828
6491 762
6492 912
6493 762
6494 762
6495 774
6496 774
6497 774
6498 774
6499 774
6500 762
6501 774
6502 774
6503 774
6504 774
6505 774
6506 762
6507 816
6508 774
6509 816
6510 774
6511 804
6512 828
6513 816
6514 786
6515 804
6516 816
6517 774
6518 786
6519 774
6520 762
6521 786
6522 774
6523 858
6524 816
6525 858
6526 858
6527 816
6528 762
6529 762
6530 858
6531 762
6532 798
6533 798
6534 774
6535 846
6536 792
6537 744
6538 774
6539 816
6540 816
6541 816
6542 762
6543 762
6544 804
6545 816
6546 804
6547 804
6548 858
6549 804
6550 786
6551 816
6552 816
6553 804
6554 804
6555 816
6556 816
6557 816
6558 816
6559 780
6560 816
6561 858
6562 858
6563 816
6564 882
6565 798
6566 798
6567 798
6568 798
6569 744
6570 798
6571 798
6572 828
6573 798
6574 882
6575 798
6576 840
6577 744
6578 798
6579 798
6580 816
6581 828
6582 774
6583 774
6584 786
6585 756
6586 798
6587 774
6588 744
6589 744
6590 798
6591 798
6592 786
6593 774
6594 798
6595 744
6596 786
6597 744
6598 786
6599 744
6600 798
6601 756
6602 798
6603 798
6604 798
6605 840
6606 798
6607 840
6608 798
6609 786
6610 816
6611 798
6612 774
6613 798
6614 744
6615 744
6616 798
6617 798
6618 798
6619 882
6620 798
6621 798
6622 744
6623 744
6624 798
6625 798
6626 786
6627 786
6628 798
6629 798
6630 798
6631 798
6632 714
6633 744
6634 744
6635 744
6636 744
6637 744
6638 744
6639 798
6640 882
6641 786
6642 786
6643 798
6644 756
6645 840
6646 798
6647 744
6648 774
6649 786
6650 798
6651 744
6652 786
6653 840
6654 798
6655 744
6656 786
6657 786
6658 744
6659 870
6660 744
6661 744
6662 744
6663 744
6664 798
6665 756
6666 744
6667 690
6668 756
6669 786
6670 828
6671 798
6672 744
6673 744
6674 840
6675 798
6676 816
6677 798
6678 756
6679 744
6680 798
6681 786
6682 798
6683 798
6684 828
6685 786
6686 798
6687 870
6688 798
6689 744
6690 714
6691 786
6692 798
6693 840
6694 828
6695 828
6696 798
6697 786
6698 786
6699 786
6700 828
6701 798
6702 744
6703 798
6704 744
6705 786
6706 744
6707 786
6708 756
6709 756
6710 816
6711 786
6712 714
6713 714
6714 744
6715 840
6716 798
6717 744
6718 756
6719 756
6720 744
6721 756
6722 744
6723 756
6724 756
6725 798
6726 798
6727 798
6728 798
6729 756
6730 798
6731 798
6732 744
6733 756
6734 798
6735 828
6736 798
6737 840
6738 798
6739 798
6740 744
6741 744
6742 798
6743 786
6744 744
6745 786
6746 840
6747 798
6748 870
6749 798
6750 798
6751 786
6752 744
6753 756
6754 744
6755 798
6756 756
6757 798
6758 786
6759 798
6760 786
6761 732
6762 798
6763 798
6764 840
6765 786
6766 840
6767 744
6768 786
6769 798
6770 798
6771 744
6772 870
6773 798
6774 744
6775 744
6776 744
6777 744
6778 744
6779 786
6780 786
6781 798
6782 798
6783 798
6784 798
6785 744
6786 744
6787 798
6788 798
6789 798
6790 744
6791 744
6792 798
6793 786
6794 744
6795 786
6796 798
6797 798
6798 798
6799 882
6800 744
6801 732
6802 744
6803 756
6804 744
6805 756
6806 702
6807 840
6808 798
6809 798
6810 798
6811 798
6812 798
6813 798
6814 798
6815 756
6816 786
6817 798
6818 798
6819 840
6820 798
6821 798
6822 840
6823 756
6824 882
6825 798
6826 744
6827 756
6828 798
6829 744
6830 786
6831 798
6832 798
6833 744
6834 798
6835 774
6836 798
6837 798
6838 798
6839 744
6840 744
6841 756
6842 756
6843 840
6844 774
6845 798
6846 798
6847 744
6848 798
6849 870
6850 798
6851 744
6852 714
6853 798
6854 798
6855 798
6856 756
6857 798
6858 798
6859 756
6860 798
6861 798
6862 798
6863 840
6864 798
6865 798
6866 798
6867 798
6868 816
6869 744
6870 798
6871 798
6872 798
6873 774
6874 756
6875 798
6876 828
6877 798
6878 798
6879 798
6880 756
6881 798
6882 798
6883 798
6884 840
6885 798
6886 828
6887 744
6888 744
6889 756
6890 744
6891 798
6892 744
6893 786
6894 744
6895 786
6896 744
6897 786
6898 756
6899 744
6900 744
6901 798
6902 756
6903 786
6904 744
6905 744
6906 744
6907 744
6908 798
6909 744
6910 744
6911 744
6912 744
6913 744
6914 744
6915 774
6916 744
6917 744
6918 798
6919 714
6920 786
6921 786
6922 756
6923 702
6924 798
6925 744
6926 744
6927 756
6928 744
6929 744
6930 744
6931 786
6932 774
6933 774
6934 816
6935 702
6936 744
6937 798
6938 774
6939 756
6940 762
6941 750
6942 774
6943 816
6944 786
6945 762
6946 702
6947 732
6948 798
6949 756
6950 756
6951 762
6952 756
6953 786
6954 804
6955 828
6956 756
6957 774
6958 756
6959 774
6960 756
6961 756
6962 756
6963 798
6964 798
6965 774
6966 762
6967 756
6968 762
6969 786
6970 828
6971 804
6972 816
6973 756
6974 774
6975 762
6976 774
6977 774
6978 774
6979 756
6980 828
6981 774
6982 798
6983 786
6984 756
6985 762
6986 858
6987 774
6988 744
6989 744
6990 774
6991 756
6992 798
6993 732
6994 744
6995 774
6996 774
6997 786
6998 798
6999 786
7000 798
7001 786
7002 798
7003 798
7004 744
7005 798
7006 744
7007 798
7008 798
7009 774
7010 762
7011 816
7012 798
7013 744
7014 756
7015 744
7016 798
7017 786
7018 840
7019 804
7020 762
7021 744
7022 762
7023 786
7024 804
7025 762
7026 774
7027 762
7028 762
7029 762
7030 774
7031 762
7032 762
7033 762
7034 798
7035 762
7036 762
7037 774
7038 774
7039 858
7040 774
7041 744
7042 774
7043 792
7044 786
7045 774
7046 750
7047 744
7048 774
7049 774
7050 774
7051 762
7052 774
7053 774
7054 804
7055 774
7056 858
7057 774
7058 774
7059 774
7060 762
7061 774
7062 804
7063 774
7064 774
7065 762
7066 762
7067 804
7068 744
7069 762
7070 774
7071 762
7072 774
7073 774
7074 762
7075 804
7076 762
7077 762
7078 846
7079 762
7080 732
7081 762
7082 774
7083 798
7084 762
7085 762
7086 804
7087 762
7088 762
7089 762
7090 714
7091 762
7092 762
7093 774
7094 762
7095 756
7096 816
7097 762
7098 762
7099 786
7100 732
7101 816
7102 924
7103 762
7104 732
7105 774
7106 774
7107 732
7108 774
7109 762
7110 732
7111 732
7112 732
7113 732
7114 732
7115 720
7116 762
7117 732
7118 816
7119 732
7120 732
7121 732
7122 732
7123 732
7124 828
7125 732
7126 774
7127 774
7128 732
7129 762
7130 732
7131 732
7132 774
7133 732
7134 756
7135 774
7136 732
7137 720
7138 774
7139 744
7140 732
7141 774
7142 732
7143 732
7144 774
7145 732
7146 816
7147 774
7148 732
7149 732
7150 762
7151 732
7152 774
7153 732
7154 756
7155 774
7156 816
7157 804
7158 732
7159 816
7160 732
7161 774
7162 816
7163 774
7164 804
7165 732
7166 828
7167 732
7168 882
7169 792
7170 756
7171 774
7172 960
7173 762
7174 762
7175 762
7176 762
7177 816
7178 774
7179 762
7180 762
7181 774
7182 744
7183 774
7184 756
7185 816
7186 798
7187 774
7188 816
7189 828
7190 762
7191 840
7192 774
7193 756
7194 786
7195 762
7196 750
7197 762
7198 816
7199 774
7200 774
7201 762
7202 762
7203 786
7204 774
7205 804
7206 744
7207 774
7208 804
7209 774
7210 774
7211 762
7212 774
7213 762
7214 804
7215 774
7216 732
7217 744
7218 762
7219 762
7220 762
7221 846
7222 804
7223 774
7224 732
7225 774
7226 762
7227 762
7228 774
7229 816
7230 762
7231 762
7232 762
7233 762
7234 762
7235 762
7236 762
7237 762
7238 816
7239 774
7240 774
7241 816
7242 774
7243 720
7244 762
7245 762
7246 774
7247 762
7248 786
7249 762
7250 762
7251 804
7252 762
7253 762
7254 774
7255 762
7256 762
7257 816
7258 762
7259 774
7260 774
7261 762
7262 804
7263 816
7264 762
7265 774
7266 762
7267 774
7268 786
7269 804
7270 774
7271 786
7272 762
7273 762
7274 774
7275 762
7276 762
7277 762
7278 762
7279 762
7280 774
7281 762
7282 762
7283 804
7284 732
7285 762
7286 762
7287 762
7288 858
7289 804
7290 774
7291 762
7292 1026
7293 828
7294 786
7295 786
7296 798
7297 2238
7298 774
7299 762
7300 2256
7301 762
7302 762
7303 762
7304 846
7305 786
7306 762
7307 762
7308 762
7309 756
7310 2172
7311 2232
7312 2862
7313 774
7314 2598
7315 2574
7316 2544
7317 2850
7318 1158
7319 744
7320 786
7321 2520
7322 2838
7323 1272
7324 1692
7325 774
7326 732
7327 2328
7328 750
7329 2550
7330 714
7331 5556
7332 1554
7333 720
7334 4506
7335 996
7336 2538
7337 744
7338 1794
7339 2676
7340 2130
7341 2550
7342 786
7343 2544
7344 1698
7345 1710
7346 2190
7347 732
7348 732
7349 2532
7350 2598
7351 858
7352 816
7353 2580
7354 732
7355 762
7356 1008
7357 732
7358 732
7359 2538
7360 1446
7361 732
7362 2544
7363 744
7364 756
7365 2484
7366 732
7367 2892
7368 732
7369 984
7370 2322
7371 2688
7372 756
7373 2532
7374 732
7375 1560
7376 690
7377 936
7378 1482
7379 1146
7380 2544
7381 1560
7382 2538
7383 2538
7384 762
7385 2766
7386 2190
7387 762
7388 804
7389 762
7390 720
7391 762
7392 786
7393 762
7394 732
7395 762
7396 804
7397 1230
7398 804
7399 792
7400 762
7401 762
7402 762
7403 762
7404 762
7405 762
7406 732
7407 816
7408 762
7409 762
7410 762
7411 720
7412 804
7413 762
7414 732
7415 774
7416 798
7417 732
7418 762
7419 774
7420 762
7421 774
7422 762
7423 762
7424 774
7425 774
7426 774
7427 774
7428 816
7429 774
7430 828
7431 1266
7432 804
7433 774
7434 762
7435 732
7436 774
7437 774
7438 774
7439 774
7440 762
7441 732
7442 786
7443 786
7444 774
7445 786
7446 828
7447 762
7448 762
7449 762
7450 774
7451 798
7452 774
7453 744
7454 786
7455 786
7456 786
7457 774
7458 774
7459 786
7460 774
7461 786
7462 774
7463 762
7464 774
7465 774
7466 756
7467 774
7468 774
7469 816
7470 786
7471 774
7472 774
7473 774
7474 774
7475 798
7476 804
7477 774
7478 756
7479 774
7480 720
7481 774
7482 816
7483 774
7484 774
7485 774
7486 774
7487 774
7488 828
7489 774
7490 774
7491 816
7492 744
7493 762
7494 774
7495 762
7496 774
7497 774
7498 774
7499 786
7500 816
7501 774
7502 774
7503 774
7504 804
7505 774
7506 786
7507 786
7508 774
7509 786
7510 828
7511 828
7512 786
7513 828
7514 786
7515 786
7516 786
7517 786
7518 798
7519 774
7520 744
7521 786
7522 828
7523 786
7524 786
7525 744
7526 828
7527 828
7528 828
7529 828
7530 744
7531 732
7532 786
7533 744
7534 732
7535 828
7536 786
7537 858
7538 786
7539 786
7540 774
7541 762
7542 828
7543 828
7544 786
7545 762
7546 786
7547 786
7548 786
7549 786
7550 786
7551 786
7552 786
7553 786
7554 816
7555 786
7556 786
7557 786
7558 786
7559 828
7560 786
7561 774
7562 744
7563 828
7564 744
7565 786
7566 828
7567 756
7568 786
7569 762
7570 786
7571 786
7572 786
7573 846
7574 744
7575 774
7576 804
7577 786
7578 786
7579 786
7580 774
7581 744
7582 720
7583 870
7584 786
7585 786
7586 786
7587 786
7588 816
7589 744
7590 786
7591 786
7592 786
7593 786
7594 828
7595 786
7596 816
7597 798
7598 786
7599 774
7600 786
7601 828
7602 828
7603 720
7604 744
7605 786
7606 774
7607 786
7608 816
7609 786
7610 744
7611 774
7612 786
7613 816
7614 786
7615 900
7616 786
7617 786
7618 786
7619 786
7620 828
7621 756
7622 786
7623 828
7624 786
7625 786
7626 828
7627 786
7628 786
7629 786
7630 828
7631 786
7632 786
7633 786
7634 786
7635 774
7636 786
7637 816
7638 744
7639 786
7640 786
7641 774
7642 744
7643 786
7644 798
7645 828
7646 786
7647 774
7648 798
7649 786
7650 786
7651 786
7652 828
7653 828
7654 786
7655 786
7656 786
7657 828
7658 744
7659 744
7660 786
7661 828
7662 828
7663 786
7664 786
7665 828
7666 786
7667 744
7668 786
7669 786
7670 816
7671 786
7672 786
7673 786
7674 786
7675 744
7676 828
7677 828
7678 786
7679 786
7680 786
7681 786
7682 786
7683 798
7684 774
7685 786
7686 786
7687 774
7688 744
7689 786
7690 774
7691 828
7692 786
7693 786
7694 774
7695 744
7696 786
7697 786
7698 786
7699 786
7700 786
7701 786
7702 786
7703 786
7704 786
7705 786
7706 786
7707 786
7708 774
7709 786
7710 774
7711 786
7712 786
7713 786
7714 786
7715 828
7716 828
7717 786
7718 786
7719 828
7720 786
7721 786
7722 786
7723 828
7724 786
7725 774
7726 786
7727 858
7728 774
Unexpected message received for job 1043201
7729 744
7730 816
7731 774
7732 774
7733 774
7734 774
7735 786
7736 774
7737 816
Unexpected message received for job 1043201
7738 828
7739 774
7740 828
7741 786
7742 774
7743 744
7744 786
7745 816
7746 744
7747 774
7748 828
7749 774
7750 816
7751 744
7752 774
7753 786
7754 774
7755 786
7756 786
7757 786
7758 786
7759 786
7760 804
7761 774
7762 774
7763 786
7764 774
7765 786
7766 786
7767 786
7768 786
7769 828
7770 786
7771 786
7772 744
7773 744
7774 786
7775 786
7776 786
7777 786
7778 786
7779 786
7780 732
7781 804
7782 858
7783 786
7784 816
7785 786
7786 774
7787 786
7788 774
7789 774
7790 828
7791 774
7792 774
7793 774
7794 774
7795 744
7796 816
7797 744
7798 732
7799 732
7800 828
7801 786
7802 786
7803 786
7804 798
7805 744
7806 774
7807 774
7808 786
7809 774
7810 828
7811 732
7812 774
7813 732
7814 732
7815 732
7816 732
7817 774
7818 732
7819 732
7820 786
7821 732
7822 744
7823 774
7824 774
7825 786
7826 732
7827 774
7828 828
7829 786
7830 732
7831 828
7832 762
7833 732
7834 708
7835 786
7836 774
7837 816
7838 774
7839 786
7840 762
7841 774
7842 816
7843 774
7844 804
7845 774
7846 774
7847 816
7848 828
7849 774
7850 774
7851 774
7852 798
7853 828
7854 786
7855 786
7856 774
7857 774
7858 816
7859 774
7860 708
7861 774
7862 786
7863 744
7864 744
7865 744
7866 744
7867 744
7868 798
7869 786
7870 732
7871 744
7872 732
7873 744
7874 744
7875 744
7876 744
7877 744
7878 744
7879 744
7880 744
7881 744
7882 786
7883 840
7884 774
7885 786
7886 900
7887 744
7888 762
7889 732
7890 744
7891 744
7892 732
7893 744
7894 774
7895 786
7896 732
7897 744
7898 744
7899 756
7900 744
7901 744
7902 762
7903 786
7904 786
7905 702
7906 744
7907 702
7908 786
7909 744
7910 732
7911 786
7912 702
7913 744
7914 744
7915 786
7916 702
7917 744
7918 774
7919 804
7920 786
7921 744
7922 786
7923 786
7924 744
7925 744
7926 720
7927 744
7928 756
7929 732
7930 744
7931 744
7932 828
7933 744
7934 744
7935 744
7936 732
7937 744
7938 786
7939 786
7940 786
7941 816
7942 744
7943 786
7944 786
7945 744
7946 786
7947 786
7948 732
7949 786
7950 786
7951 774
7952 744
7953 744
7954 786
7955 744
7956 786
7957 786
7958 732
7959 744
7960 816
7961 744
7962 744
7963 786
7964 804
7965 744
7966 744
7967 786
7968 744
7969 714
7970 744
7971 732
7972 744
7973 744
7974 756
7975 762
7976 732
7977 816
7978 744
7979 744
7980 786
7981 744
7982 702
7983 774
7984 786
7985 744
7986 744
7987 786
7988 786
7989 732
7990 744
7991 732
7992 744
7993 744
7994 774
7995 744
7996 786
7997 732
7998 744
7999 744
8000 756
8001 744
8002 756
8003 744
8004 786
8005 786
8006 702
8007 786
8008 774
8009 744
8010 786
8011 744
8012 744
8013 744
8014 744
8015 786
8016 792
8017 744
8018 786
8019 786
8020 744
8021 732
8022 744
8023 744
8024 732
8025 744
8026 774
8027 786
8028 744
8029 744
8030 744
8031 732
8032 744
8033 744
8034 732
8035 828
8036 756
8037 786
8038 774
8039 744
8040 774
8041 732
8042 786
8043 744
8044 744
8045 744
8046 744
8047 732
8048 702
8049 744
8050 786
8051 744
8052 732
8053 744
8054 786
8055 744
8056 744
8057 744
8058 744
8059 702
8060 744
8061 786
8062 744
8063 744
8064 744
8065 786
8066 804
8067 744
8068 732
8069 744
8070 816
8071 744
8072 744
8073 816
8074 744
8075 756
8076 744
8077 744
8078 786
8079 774
8080 744
8081 744
8082 744
8083 744
8084 744
8085 744
8086 744
8087 774
8088 732
8089 744
8090 786
8091 744
8092 732
8093 744
8094 744
8095 744
8096 744
8097 744
8098 744
8099 774
8100 732
8101 774
8102 786
8103 804
8104 774
8105 732
8106 774
8107 732
8108 732
8109 732
8110 732
8111 732
8112 816
8113 732
8114 732
8115 732
8116 732
8117 732
8118 732
8119 762
8120 732
8121 732
8122 792
8123 786
8124 744
8125 732
8126 732
8127 732
8128 732
8129 732
8130 732
8131 732
8132 732
8133 774
8134 732
8135 774
8136 732
8137 720
8138 702
8139 732
8140 774
8141 762
8142 816
8143 732
8144 798
8145 732
8146 744
8147 774
8148 816
8149 732
8150 732
8151 732
8152 744
8153 732
8154 732
8155 732
8156 732
8157 732
8158 744
8159 720
8160 732
8161 774
8162 762
8163 744
8164 744
8165 732
8166 732
8167 732
8168 750
8169 786
8170 732
8171 762
8172 774
8173 774
8174 732
8175 786
8176 732
8177 732
8178 1050
8179 756
8180 786
8181 744
8182 732
8183 720
8184 732
8185 732
8186 744
8187 840
8188 732
8189 786
8190 690
8191 732
8192 732
8193 816
8194 732
8195 774
8196 732
8197 804
8198 732
8199 732
8200 732
8201 744
8202 702
8203 732
8204 732
8205 732
8206 732
8207 744
8208 732
8209 732
8210 774
8211 762
8212 732
8213 702
8214 756
8215 732
8216 798
8217 732
8218 744
8219 756
8220 744
8221 732
8222 732
8223 756
8224 828
8225 774
8226 732
8227 732
8228 732
8229 732
8230 774
8231 786
8232 774
8233 762
8234 732
8235 732
8236 744
8237 798
8238 744
8239 732
8240 798
8241 786
8242 786
8243 744
8244 756
8245 744
8246 756
8247 786
8248 744
8249 744
8250 744
8251 786
8252 744
8253 732
8254 744
8255 774
8256 732
8257 732
8258 732
8259 744
8260 786
8261 732
8262 744
8263 744
8264 744
8265 732
8266 744
8267 744
8268 744
8269 744
8270 786
8271 744
8272 744
8273 786
8274 744
8275 798
8276 744
8277 798
8278 744
8279 744
8280 744
8281 744
8282 786
8283 744
8284 798
8285 786
8286 744
8287 744
8288 732
8289 732
8290 774
8291 732
8292 786
8293 744
8294 744
8295 1344
8296 786
8297 744
8298 744
8299 744
8300 744
8301 756
8302 756
8303 756
8304 756
8305 756
8306 756
8307 828
8308 756
8309 756
8310 756
8311 756
8312 756
8313 756
8314 798
8315 756
8316 756
8317 786
8318 756
8319 774
8320 1950
8321 744
8322 744
8323 756
8324 744
8325 732
8326 756
8327 876
8328 744
8329 744
8330 744
8331 744
8332 774
8333 744
8334 756
8335 786
8336 744
8337 744
8338 744
8339 756
8340 744
8341 798
8342 744
8343 744
8344 744
8345 732
8346 786
8347 744
8348 744
8349 744
8350 786
8351 744
8352 756
8353 798
8354 786
8355 744
8356 798
8357 732
8358 816
8359 702
8360 744
8361 732
8362 732
8363 828
8364 774
8365 786
8366 744
8367 720
8368 744
8369 744
8370 786
8371 732
8372 762
8373 774
8374 774
8375 744
8376 744
8377 744
8378 744
8379 762
8380 744
8381 732
8382 732
8383 732
8384 732
8385 774
8386 798
8387 786
8388 756
8389 744
8390 732
8391 744
8392 732
8393 732
8394 732
8395 816
8396 732
8397 786
8398 732
8399 774
8400 804
8401 762
8402 744
8403 774
8404 828
8405 774
8406 732
8407 732
8408 744
8409 774
8410 732
8411 732
8412 732
8413 774
8414 714
8415 756
8416 744
8417 744
8418 744
8419 828
8420 774
8421 732
8422 744
8423 744
8424 786
8425 690
8426 786
8427 798
8428 744
8429 690
8430 774
8431 744
8432 744
8433 744
8434 786
8435 744
8436 744
8437 798
8438 744
8439 756
8440 786
8441 786
8442 786
8443 816
8444 744
8445 786
8446 744
8447 744
8448 798
8449 744
8450 840
8451 744
8452 702
8453 744
8454 744
8455 714
8456 744
8457 744
8458 744
8459 786
8460 744
8461 744
8462 744
8463 798
8464 756
8465 744
8466 744
8467 840
8468 744
8469 744
8470 744
8471 702
8472 744
8473 786
8474 744
8475 744
8476 798
8477 744
8478 744
8479 744
8480 744
8481 744
8482 744
8483 744
8484 744
8485 756
8486 756
8487 798
8488 744
8489 756
8490 744
8491 744
8492 744
8493 888
8494 756
8495 744
8496 798
8497 744
8498 828
8499 702
8500 786
8501 744
8502 744
8503 744
8504 828
8505 744
8506 744
8507 786
8508 840
8509 756
8510 744
8511 744
8512 744
8513 744
8514 786
8515 756
8516 744
8517 756
8518 840
8519 786
8520 744
8521 756
8522 744
8523 786
8524 774
8525 756
8526 744
8527 786
8528 744
8529 744
8530 828
8531 786
8532 786
8533 744
8534 798
8535 744
8536 744
8537 798
8538 744
8539 786
8540 798
8541 714
8542 786
8543 744
8544 744
8545 744
8546 744
8547 786
8548 744
8549 840
8550 744
8551 744
8552 702
8553 744
8554 702
8555 744
8556 702
8557 744
8558 798
8559 744
8560 756
8561 744
8562 744
8563 744
8564 786
8565 798
8566 744
8567 702
8568 744
8569 756
8570 744
8571 744
8572 744
8573 756
8574 744
8575 744
8576 744
8577 756
8578 744
8579 786
8580 744
8581 744
8582 744
8583 744
8584 798
8585 744
8586 744
8587 744
8588 798
8589 744
8590 744
8591 744
8592 786
8593 756
8594 714
8595 714
8596 744
8597 744
8598 744
8599 744
8600 798
8601 744
8602 744
8603 756
8604 714
8605 882
8606 744
8607 714
8608 714
8609 714
8610 714
8611 744
8612 756
8613 714
8614 714
8615 744
8616 714
8617 756
8618 714
8619 744
8620 786
8621 798
8622 702
8623 744
8624 744
8625 744
8626 744
8627 744
8628 756
8629 744
8630 756
8631 744
8632 744
8633 756
8634 744
8635 744
8636 744
8637 888
8638 828
8639 744
8640 798
8641 744
8642 744
8643 948
8644 744
8645 744
8646 798
8647 756
8648 744
8649 774
8650 786
8651 756
8652 744
8653 744
8654 786
8655 786
8656 744
8657 756
8658 756
8659 744
8660 756
8661 744
8662 744
8663 786
8664 786
8665 744
8666 786
8667 756
8668 744
8669 744
8670 744
8671 756
8672 786
8673 744
8674 786
8675 744
8676 732
8677 786
8678 744
8679 798
8680 756
8681 786
8682 798
8683 756
8684 798
8685 744
8686 744
8687 786
8688 744
8689 744
8690 756
8691 744
8692 786
8693 744
8694 948
8695 744
8696 744
8697 786
8698 744
8699 786
8700 744
8701 786
8702 756
8703 744
8704 756
8705 702
8706 786
8707 828
8708 744
8709 744
8710 732
8711 732
8712 732
8713 732
8714 756
8715 828
8716 732
8717 828
8718 756
8719 732
8720 744
8721 732
8722 786
8723 744
8724 732
8725 732
8726 732
8727 744
8728 744
8729 756
8730 774
8731 732
8732 774
8733 774
8734 732
8735 732
8736 786
8737 756
8738 744
8739 732
8740 732
8741 732
8742 744
8743 774
8744 732
8745 732
8746 732
8747 732
8748 732
8749 732
8750 816
8751 774
8752 786
8753 732
8754 774
8755 786
8756 786
8757 732
8758 732
8759 744
8760 786
8761 732
8762 816
8763 732
8764 816
8765 888
8766 744
8767 744
8768 744
8769 744
8770 756
8771 786
8772 798
8773 732
8774 732
8775 732
8776 786
8777 744
8778 744
8779 744
8780 744
8781 744
8782 744
8783 744
8784 744
8785 744
8786 744
8787 786
8788 756
8789 744
8790 744
8791 786
8792 744
8793 756
8794 798
8795 756
8796 756
8797 786
8798 756
8799 756
8800 756
8801 798
8802 798
8803 756
8804 756
8805 732
8806 714
8807 756
8808 756
8809 756
8810 744
8811 756
8812 756
8813 786
8814 714
8815 756
8816 756
8817 756
8818 756
8819 756
8820 756
8821 756
8822 756
8823 756
8824 756
8825 756
8826 756
8827 756
8828 882
8829 756
8830 744
8831 744
8832 756
8833 756
8834 798
8835 798
8836 756
8837 714
8838 756
8839 954
8840 840
8841 744
8842 828
8843 756
8844 870
8845 756
8846 798
8847 756
8848 756
8849 756
8850 756
8851 756
8852 756
8853 786
8854 744
8855 756
8856 756
8857 756
8858 786
8859 756
8860 744
8861 714
8862 756
8863 756
8864 756
8865 744
8866 744
8867 756
8868 744
8869 756
8870 798
8871 756
8872 756
8873 798
8874 912
8875 756
8876 774
8877 816
8878 786
8879 732
8880 774
8881 756
8882 756
8883 756
8884 756
8885 756
8886 786
8887 756
8888 756
8889 930
8890 840
8891 744
8892 828
8893 798
8894 744
8895 744
8896 786
8897 786
8898 744
8899 744
8900 744
8901 786
8902 798
8903 798
8904 744
8905 744
8906 744
8907 744
8908 744
8909 744
8910 744
8911 744
8912 882
8913 744
8914 798
8915 786
8916 744
8917 756
8918 744
8919 786
8920 756
8921 840
8922 732
8923 744
8924 744
8925 744
8926 732
8927 786
8928 756
8929 774
8930 732
8931 774
8932 732
8933 774
8934 732
8935 732
8936 786
8937 744
8938 816
8939 732
8940 732
8941 732
8942 732
8943 756
8944 744
8945 732
8946 732
8947 732
8948 774
8949 732
8950 744
8951 732
8952 732
8953 774
8954 732
8955 732
8956 756
8957 744
8958 756
8959 786
8960 732
8961 732
8962 732
8963 732
8964 756
8965 732
8966 702
8967 744
8968 756
8969 732
8970 732
8971 732
8972 756
8973 732
8974 798
8975 756
8976 756
8977 774
8978 732
8979 756
8980 798
8981 798
8982 744
8983 798
8984 756
8985 798
8986 732
8987 732
8988 756
8989 756
8990 756
8991 756
8992 756
8993 756
8994 786
8995 732
8996 744
8997 774
8998 756
8999 774
9000 744
9001 732
9002 762
9003 756
9004 756
9005 756
9006 756
9007 756
9008 756
9009 744
9010 756
9011 756
9012 756
9013 744
9014 756
9015 756
9016 756
9017 756
9018 756
9019 756
9020 756
9021 756
9022 756
9023 756
9024 756
9025 882
9026 756
9027 756
9028 756
9029 798
9030 756
9031 756
9032 744
9033 756
9034 756
9035 798
9036 756
9037 744
9038 744
9039 798
9040 756
9041 744
9042 756
9043 756
9044 744
9045 756
9046 828
9047 744
9048 798
9049 744
9050 756
9051 714
9052 756
9053 744
9054 798
9055 702
9056 798
9057 732
9058 756
9059 840
9060 798
9061 798
9062 744
9063 744
9064 798
9065 756
9066 786
9067 744
9068 756
9069 798
9070 798
9071 744
9072 756
9073 756
9074 744
9075 756
9076 756
9077 756
9078 744
9079 744
9080 744
9081 756
9082 756
9083 756
9084 798
9085 786
9086 798
9087 756
9088 744
9089 798
9090 756
9091 714
9092 756
9093 756
9094 756
9095 798
9096 756
9097 756
9098 756
9099 756
9100 798
9101 756
9102 756
9103 756
9104 756
9105 756
9106 756
9107 798
9108 756
9109 732
9110 744
9111 732
9112 756
9113 786
9114 786
9115 732
9116 954
9117 798
9118 786
9119 756
9120 732
9121 756
9122 714
9123 786
9124 756
9125 756
9126 756
9127 756
9128 756
9129 744
9130 786
9131 756
9132 756
9133 756
9134 756
9135 756
9136 756
9137 756
9138 756
9139 798
9140 756
9141 798
9142 756
9143 744
9144 786
9145 756
9146 756
9147 744
9148 756
9149 744
9150 840
9151 744
9152 756
9153 756
9154 756
9155 756
9156 756
9157 756
9158 756
9159 786
9160 756
9161 756
9162 786
9163 798
9164 756
9165 756
9166 756
9167 756
9168 798
9169 744
9170 798
9171 756
9172 756
9173 744
9174 756
9175 744
9176 744
9177 756
9178 756
9179 756
9180 756
9181 756
9182 756
9183 822
9184 756
9185 756
9186 744
9187 744
9188 756
9189 744
9190 756
9191 774
9192 774
9193 732
9194 744
9195 840
9196 756
9197 756
9198 756
9199 798
9200 900
9201 798
9202 798
9203 744
9204 756
9205 798
9206 756
9207 756
9208 714
9209 786
9210 756
9211 756
9212 756
9213 756
9214 756
9215 798
9216 744
9217 756
9218 744
9219 756
9220 786
9221 756
9222 756
9223 798
9224 756
9225 798
9226 756
9227 798
9228 840
9229 756
9230 786
9231 756
9232 744
9233 756
9234 798
9235 756
9236 756
9237 744
9238 960
9239 786
9240 756
9241 744
9242 786
9243 828
9244 756
9245 756
9246 756
9247 744
9248 756
9249 744
9250 756
9251 756
9252 756
9253 744
9254 798
9255 744
9256 828
9257 756
9258 756
9259 798
9260 756
9261 756
9262 756
9263 828
9264 942
9265 786
9266 756
9267 756
9268 786
9269 756
9270 756
9271 756
9272 756
9273 744
9274 756
9275 756
9276 744
9277 744
9278 744
9279 798
9280 786
9281 756
9282 756
9283 756
9284 756
9285 756
9286 744
9287 786
9288 744
9289 798
9290 756
9291 756
9292 786
9293 798
9294 798
9295 756
9296 756
9297 756
9298 756
9299 744
9300 798
9301 744
9302 720
9303 702
9304 756
9305 744
9306 798
9307 744
9308 756
9309 756
9310 786
9311 798
9312 756
9313 756
9314 798
9315 756
9316 744
9317 828
9318 756
9319 756
9320 756
9321 756
9322 798
9323 990
9324 756
9325 756
9326 984
9327 756
9328 756
9329 756
9330 756
9331 756
9332 756
9333 756
9334 756
9335 756
9336 798
9337 756
9338 756
9339 756
9340 756
9341 840
9342 756
9343 756
9344 756
9345 798
9346 828
9347 756
9348 756
9349 744
9350 702
9351 714
9352 756
9353 756
9354 756
9355 756
9356 756
9357 798
9358 744
9359 756
9360 798
9361 744
9362 798
9363 756
9364 840
9365 1494
9366 756
9367 756
9368 756
9369 756
9370 756
9371 756
9372 756
9373 948
9374 744
9375 702
9376 756
9377 756
9378 732
9379 798
9380 756
9381 870
9382 744
9383 1272
9384 756
9385 786
9386 744
9387 756
9388 2226
9389 744
9390 756
9391 744
9392 756
9393 756
9394 744
9395 756
9396 744
9397 714
9398 2028
9399 756
9400 744
9401 798
9402 774
9403 756
9404 744
9405 702
9406 756
9407 756
9408 756
9409 732
9410 756
9411 798
9412 756
9413 756
9414 756
9415 756
9416 744
9417 756
9418 756
9419 732
9420 840
9421 756
9422 756
9423 744
9424 756
9425 744
9426 744
9427 744
9428 786
9429 756
9430 756
9431 756
9432 744
9433 756
9434 798
9435 744
9436 744
9437 786
9438 798
9439 744
9440 744
9441 798
9442 744
9443 744
9444 786
9445 798
9446 786
9447 744
9448 744
9449 744
9450 756
9451 732
9452 744
9453 744
9454 744
9455 744
9456 798
9457 744
9458 744
9459 744
9460 744
9461 756
9462 786
9463 744
9464 744
9465 744
9466 744
9467 714
9468 744
9469 786
9470 756
9471 756
9472 756
9473 744
9474 786
9475 756
9476 798
9477 798
9478 756
9479 756
9480 786
9481 744
9482 756
9483 756
9484 756
9485 756
9486 756
9487 744
9488 756
9489 690
9490 756
9491 912
9492 756
9493 756
9494 702
9495 786
9496 756
9497 756
9498 756
9499 756
9500 756
9501 744
9502 744
9503 786
9504 882
9505 756
9506 702
9507 756
9508 798
9509 786
9510 744
9511 744
9512 786
9513 744
9514 756
9515 798
9516 702
9517 756
9518 756
9519 756
9520 756
9521 756
9522 756
9523 756
9524 756
9525 744
9526 756
9527 840
9528 756
9529 756
9530 756
9531 798
9532 756
9533 756
9534 702
9535 786
9536 756
9537 798
9538 756
9539 702
9540 756
9541 756
9542 756
9543 756
9544 744
9545 756
9546 756
9547 756
9548 798
9549 756
9550 756
9551 744
9552 756
9553 840
9554 744
9555 714
9556 756
9557 702
9558 714
9559 840
9560 744
9561 744
9562 798
9563 744
9564 744
9565 756
9566 756
9567 744
9568 714
9569 744
9570 828
9571 744
9572 756
9573 714
9574 786
9575 798
9576 756
9577 702
9578 744
9579 756
9580 756
9581 756
9582 744
9583 756
9584 744
9585 714
9586 756
9587 756
9588 744
9589 786
9590 744
9591 702
9592 756
9593 756
9594 756
9595 798
9596 756
9597 702
9598 756
9599 744
9600 756
9601 744
9602 756
9603 798
9604 756
9605 756
9606 756
9607 798
9608 744
9609 756
9610 756
9611 756
9612 756
9613 786
9614 744
9615 756
9616 756
9617 756
9618 714
9619 702
9620 756
9621 798
9622 786
9623 744
9624 756
9625 756
9626 714
9627 756
9628 714
9629 786
9630 786
9631 756
9632 756
9633 756
9634 798
9635 756
9636 756
9637 756
9638 756
9639 702
9640 756
9641 756
9642 756
9643 714
9644 702
9645 756
9646 798
9647 756
9648 756
9649 756
9650 756
9651 756
9652 798
9653 756
9654 798
9655 756
9656 744
9657 744
9658 756
9659 756
9660 756
9661 732
9662 786
9663 744
9664 756
9665 756
9666 756
9667 756
9668 798
9669 756
9670 756
9671 744
9672 756
9673 756
9674 798
9675 702
9676 756
9677 744
9678 702
9679 786
9680 756
9681 756
9682 798
9683 756
9684 756
9685 756
9686 756
9687 756
9688 798
9689 756
9690 756
9691 756
9692 798
9693 756
9694 744
9695 756
9696 756
9697 786
9698 756
9699 756
9700 828
9701 756
9702 756
9703 774
9704 756
9705 798
9706 756
9707 744
9708 798
9709 798
9710 798
9711 798
9712 756
9713 756
9714 756
9715 756
9716 756
9717 756
9718 744
9719 786
9720 756
9721 774
9722 756
9723 744
9724 756
9725 756
9726 756
9727 798
9728 756
9729 840
9730 702
9731 756
9732 828
9733 756
9734 756
9735 744
9736 756
9737 756
9738 828
9739 756
9740 756
9741 798
9742 798
9743 756
9744 756
9745 702
9746 756
9747 756
9748 756
9749 840
9750 744
9751 702
9752 714
9753 756
9754 756
9755 756
9756 756
9757 756
9758 756
9759 756
9760 756
9761 744
9762 744
9763 756
9764 756
9765 756
9766 774
9767 786
9768 744
9769 756
9770 798
9771 786
9772 786
9773 756
9774 786
9775 756
9776 756
9777 756
9778 756
9779 798
9780 756
9781 744
9782 798
9783 702
9784 798
9785 732
9786 756
9787 756
9788 840
9789 744
9790 786
9791 756
9792 756
9793 756
9794 756
9795 798
9796 756
9797 756
9798 756
9799 756
9800 756
9801 798
9802 756
9803 786
9804 756
9805 744
9806 756
9807 786
9808 732
9809 756
9810 756
9811 756
9812 840
9813 756
9814 786
9815 798
9816 756
9817 756
9818 756
9819 744
9820 744
9821 744
9822 744
9823 756
9824 744
9825 786
9826 756
9827 756
9828 744
9829 798
9830 756
9831 702
9832 756
9833 756
9834 756
9835 798
9836 756
9837 786
9838 756
9839 786
9840 756
9841 798
9842 774
9843 786
9844 756
9845 744
9846 786
9847 756
9848 756
9849 702
9850 786
9851 756
9852 756
9853 756
9854 702
9855 798
9856 744
9857 756
9858 756
9859 798
9860 756
9861 756
9862 756
9863 756
9864 756
9865 756
9866 786
9867 756
9868 786
9869 756
9870 774
9871 744
9872 732
9873 786
9874 744
9875 756
9876 744
9877 756
9878 756
9879 702
9880 744
9881 756
9882 786
9883 840
9884 798
9885 786
9886 798
9887 732
9888 828
9889 798
9890 756
9891 732
9892 756
9893 816
9894 744
9895 756
9896 744
9897 786
9898 756
9899 744
9900 756
9901 744
9902 744
9903 744
9904 744
9905 744
9906 744
9907 786
9908 744
9909 786
9910 744
9911 744
9912 786
9913 744
9914 786
9915 744
9916 744
9917 774
9918 786
9919 786
9920 744
9921 816
9922 732
9923 732
9924 744
9925 744
9926 744
9927 786
9928 744
9929 732
9930 786
9931 756
9932 744
9933 744
9934 756
9935 786
9936 732
9937 744
9938 786
9939 744
9940 774
9941 744
9942 744
9943 744
9944 816
9945 786
9946 744
9947 744
9948 744
9949 744
9950 744
9951 732
9952 732
9953 774
9954 732
9955 786
9956 756
9957 774
9958 744
9959 774
9960 714
9961 786
9962 744
9963 828
9964 756
9965 744
9966 744
9967 744
9968 786
9969 744
9970 744
9971 744
9972 774
9973 744
9974 744
9975 744
9976 756
9977 732
9978 744
9979 786
9980 744
9981 744
9982 744
9983 690
9984 732
9985 744
9986 744
9987 798
9988 756
9989 786
9990 744
9991 798
Unexpected message received for job 1043201
9992 702
9993 744
9994 744
9995 798
9996 744
9997 744
9998 774
9999 732
Record :  690
Unexpected message received for job 1043201
