0 0
1 2425
2 2600
3 1850
4 3425
5 2425
6 3525
7 2950
8 3000
9 3600
10 3300
11 3825
12 3500
13 5525
14 4150
15 3225
16 4525
17 4350
18 7575
19 2650
20 5700
21 3750
22 4300
23 4525
24 2150
25 5175
26 3975
27 2825
28 5875
29 5700
30 1750
31 2375
32 1825
33 3425
34 3450
35 3300
36 2950
37 2150
38 2700
39 3925
40 5125
41 8975
42 7475
43 4350
44 2100
45 2625
46 3375
47 2700
48 2200
49 2775
50 5150
51 1800
52 3125
53 3850
54 4225
55 2475
56 2200
57 4550
58 2500
59 2650
60 2800
61 1550
62 2100
63 4525
64 2525
65 3950
66 3275
67 3050
Unexpected message received for job 1049131
68 2550
69 3650
70 4750
71 2400
72 3525
73 3300
74 2700
75 2875
76 2600
77 1400
78 5700
79 2275
80 7150
81 5600
82 3550
83 5325
84 3150
85 5275
86 5800
87 4750
88 3275
89 2925
90 2425
91 2425
92 2375
93 3100
94 3600
95 2250
96 2075
97 1850
98 3775
99 1825
100 3275
101 2275
102 2750
103 2375
104 2775
105 2550
106 2550
107 2400
108 1550
109 1725
110 2650
111 3025
112 2225
113 5550
114 2400
115 3075
116 2350
117 2075
118 2550
119 1750
120 1700
121 2175
122 2375
123 2500
124 2325
125 1325
126 2625
127 3700
128 2575
129 2675
130 2250
131 2075
132 4275
133 1800
134 2775
135 2200
136 2375
137 4000
138 2200
139 3375
140 3975
141 5725
142 2125
143 1950
144 2250
145 3475
146 4325
147 2125
148 3800
149 2100
150 2400
151 2025
152 2100
153 2525
154 2900
155 4450
156 1650
157 2475
158 1800
159 2175
160 3275
161 1600
162 4100
163 2600
164 2475
165 2150
166 2075
167 1825
168 1750
169 1550
170 2275
171 2100
172 2075
173 1900
174 1375
175 2225
176 1375
177 2300
178 1500
179 2025
180 2275
181 2050
182 1700
183 1725
184 2300
185 5475
186 2250
187 2000
188 4350
189 2325
190 1900
191 2000
192 1600
193 1650
194 2250
195 1800
196 1725
197 2100
198 2000
199 2375
200 1675
201 2600
202 1900
203 2000
204 1625
205 1550
206 1850
207 1925
208 1900
209 1625
210 2025
211 1300
212 2300
213 1425
214 1375
215 1700
216 1675
217 1650
218 2050
219 2625
220 1800
221 1750
222 1475
223 1500
224 2075
225 1375
226 2775
227 1625
228 1975
229 2075
230 2050
231 2100
232 1400
233 2275
234 1850
235 1375
236 2650
237 1250
238 1725
239 1475
240 1450
241 1600
242 1475
243 1575
244 1525
245 2275
246 2700
247 1775
248 1825
249 1500
250 1350
251 2075
252 1925
253 1950
254 1575
255 1475
256 1550
257 1350
258 1800
259 1950
260 1850
261 1525
262 1475
263 2525
264 2550
265 2050
266 1625
267 1800
268 1200
269 2500
270 2200
271 2325
272 2175
273 1525
274 1225
275 2000
276 1575
277 2100
278 1800
279 2075
280 1550
281 1825
282 1400
283 1875
284 1550
285 1325
286 1775
287 1600
288 1800
289 1625
290 2050
291 1975
292 1475
293 1300
294 2050
295 1450
296 1800
297 1325
298 1550
299 1150
300 1375
301 1425
302 1750
303 1550
304 1850
305 1375
306 1400
307 1425
308 1400
309 1375
310 1575
311 1225
312 1475
313 1425
314 1500
315 1350
316 1425
317 1400
318 1275
319 1425
320 1475
321 1375
322 1300
323 1650
324 1350
325 1600
326 1800
327 1125
328 1075
329 1250
330 1525
331 1350
332 1575
333 1375
334 1325
335 1250
336 1225
337 1350
338 1125
339 1175
340 1250
341 1400
342 1425
343 1625
344 1200
345 1125
346 1250
347 1750
348 1175
349 1175
350 1525
351 1325
352 1125
353 1350
354 1125
355 1225
356 1175
357 1225
358 1175
359 1200
360 1300
361 1175
362 1225
363 1150
364 1450
365 1100
366 1375
367 1375
368 1300
369 1525
370 1125
371 1225
372 1175
373 1525
374 1325
375 1475
376 1175
377 1150
378 1075
379 1375
380 1100
381 1375
382 1200
383 1150
384 1375
385 1200
386 1150
387 1100
388 1325
389 1200
390 1100
391 1350
392 1275
393 1200
394 1150
395 1175
396 1300
397 1075
398 1300
399 1175
400 1175
401 1275
402 1175
403 1175
404 1175
405 1200
406 1200
407 1150
408 1200
409 1175
410 1200
411 1200
412 1300
413 1125
414 1075
415 1325
416 1175
417 1200
418 1275
419 1075
420 1075
421 1150
422 1175
423 1300
424 1325
425 1300
426 1175
427 1150
428 1200
429 1175
430 1350
431 1225
432 1125
433 1200
434 1275
435 1275
436 1175
437 1325
438 1150
439 1125
440 1250
441 1200
442 1125
443 1300
444 1175
445 1300
446 1250
447 1125
448 1175
449 1225
450 1150
451 1200
452 1150
453 1350
454 1200
455 1200
456 1500
457 1625
458 1225
459 1200
460 1350
461 1475
462 1125
463 1150
464 1100
465 1275
466 1150
467 1250
468 1125
469 1175
470 1100
471 1275
472 1350
473 1300
474 1675
475 1700
476 1225
477 1250
478 1200
479 1500
480 1325
481 1475
482 1200
483 1250
484 1125
485 1200
486 1200
487 1175
488 1150
489 1300
490 1400
491 1225
492 1225
493 1125
494 1150
495 1025
496 1125
497 1125
498 1550
499 1100
500 1400
501 1200
502 1175
503 1150
504 1175
505 1200
506 1150
507 1200
508 1050
509 1250
510 1125
511 1375
512 1150
513 1200
514 1250
515 1300
516 1125
517 1250
518 1175
519 1225
520 1100
521 1125
522 1300
523 1075
524 1125
525 1125
526 1175
527 1050
528 1125
529 1150
530 1500
531 1050
532 1125
533 1175
534 1125
535 1225
536 1100
537 1125
538 1075
539 1150
540 1125
541 1150
542 1200
543 1150
544 1200
545 1050
546 1100
547 1375
548 1175
549 1200
550 1025
551 1200
552 1150
553 1100
554 1100
555 1425
556 1100
557 1200
558 1150
559 1250
560 1200
561 1125
562 1225
563 1275
564 1075
565 1150
566 1175
567 1175
568 1125
569 1050
570 1225
571 1075
572 1100
573 1100
574 1050
575 1100
576 1125
577 1075
578 1150
579 1175
580 1050
581 1200
582 1075
583 1200
584 1075
585 1200
586 1100
587 1150
588 1300
589 1475
590 1075
591 1075
592 1100
593 1050
594 1175
595 1150
596 1075
597 1150
598 1050
599 1125
600 1150
601 1175
602 1100
603 1175
604 1225
605 1150
606 1075
607 1125
608 1150
609 1150
610 1125
611 1100
612 1225
613 1125
614 1150
615 1100
616 1100
617 1175
618 1025
619 1100
620 1075
621 1175
622 1125
623 1100
624 1250
625 1050
626 1175
627 1225
628 1375
629 1150
630 1025
631 1200
632 1300
633 1200
634 1150
635 1150
636 1150
637 1250
638 1125
639 1000
640 1175
641 1300
642 1050
643 1125
644 1150
645 1175
646 1075
647 1150
648 1675
649 1575
650 1175
651 1125
652 1150
653 1150
654 1250
655 1175
656 1100
657 1100
658 1000
659 1125
660 1125
661 1150
662 1225
663 1175
664 1200
665 1100
666 1325
667 1050
668 1175
669 1200
670 1225
671 1125
672 1075
673 1125
674 1175
675 1050
676 1075
677 1225
678 1225
679 1225
680 1200
681 1150
682 1250
683 1150
684 1125
685 1225
686 1125
687 1100
688 1150
689 1225
690 1150
691 1150
692 1275
693 1175
694 1225
695 1050
696 1250
697 1150
698 1075
699 1125
700 1100
701 1025
702 1125
703 1275
704 1200
705 1175
706 1200
707 1000
708 1200
709 1275
710 1100
711 1175
712 1175
713 1175
714 1175
715 1175
716 1050
717 975
718 1150
719 1075
720 1075
721 1150
722 1050
723 1225
724 1125
725 1100
726 1125
727 1100
728 1175
729 1125
730 1100
731 1250
732 1175
733 1125
734 1175
735 1125
736 1200
737 1075
738 1175
739 1175
740 1075
741 1175
742 1125
743 1150
744 1175
745 1075
746 1100
747 1250
748 1000
749 1075
750 1150
751 1000
752 1125
753 1100
754 1150
755 1125
756 1225
757 1125
758 1750
759 1025
760 1100
761 1125
762 1075
763 1150
764 1150
765 1100
766 1050
767 1075
768 1125
769 1200
770 1125
771 1075
772 1100
773 1075
774 1150
775 1150
776 1150
777 1175
778 1175
779 1125
780 1125
781 1125
782 1125
783 1100
784 1125
785 1100
786 1075
787 1100
788 1075
789 1125
790 1125
791 1075
792 1125
793 1050
794 1100
795 1100
796 1075
797 1100
798 1225
799 1275
800 1025
801 1100
802 1125
803 1200
804 1125
805 1175
806 1125
807 1150
808 1075
809 1100
810 1075
811 1100
812 1100
813 1175
814 1150
815 1225
816 1100
817 1125
818 1050
819 1175
820 1125
821 1125
822 1150
823 1275
824 1275
825 1100
826 1050
827 1075
828 1025
829 1125
830 1125
831 1050
832 1175
833 1050
834 1075
835 1125
836 1150
837 1050
838 1300
839 1275
840 1175
841 1200
842 1425
843 1225
844 1125
845 1175
846 1125
847 1100
848 1250
849 1100
850 1050
851 1125
852 1050
853 1150
854 1125
855 1100
856 1150
857 1075
858 1125
859 1050
860 1150
861 1075
862 1150
863 1150
864 1200
865 1175
866 1025
867 1100
868 1200
869 1100
870 1050
871 1075
872 1050
873 1100
874 1000
875 1075
876 1100
877 1100
878 1125
879 1125
880 1175
881 1150
882 1125
883 1150
884 1100
885 1075
886 1150
887 1075
888 1200
889 1075
890 1125
891 1100
892 1150
893 1075
894 1025
895 1125
896 1075
897 1050
898 1150
899 1075
900 1150
901 1050
902 1175
903 1050
904 1050
905 1075
906 1100
907 1150
908 1150
909 1100
910 1075
911 1125
912 1175
913 1075
914 1100
915 1150
916 1150
917 1150
918 1200
919 1125
920 1175
921 1025
922 1250
923 1175
924 1100
925 1150
926 1100
927 1075
928 1150
929 1100
930 1075
931 1175
932 1300
933 1125
934 1075
935 1125
936 1075
937 1125
938 1100
939 1100
940 1175
941 1100
942 1050
943 1075
944 1100
945 1025
946 1125
947 1100
948 1075
949 1175
950 1125
951 1075
952 1050
953 1025
954 1150
955 1100
956 1125
957 1125
958 1150
959 1175
960 1125
961 1075
962 1075
963 1125
964 1150
965 1100
966 1150
967 1100
968 1175
969 1075
970 1050
971 1125
972 1100
973 1125
974 1125
975 1175
976 1125
977 1100
978 1050
979 1025
980 1100
981 1075
982 1050
983 1200
984 1100
985 1250
986 1100
987 1150
988 1125
989 1125
990 1125
991 1100
992 1075
993 1200
994 1100
995 1050
996 1000
997 1125
998 1150
999 1025
1000 1050
1001 1100
1002 1125
1003 1150
1004 1150
1005 1150
1006 1150
1007 1125
1008 1075
1009 1125
1010 1075
1011 1075
1012 1125
1013 1125
1014 1150
1015 1075
1016 1075
1017 1075
1018 1100
1019 1125
1020 1050
1021 1125
1022 1125
1023 1075
1024 1125
1025 1125
1026 1000
1027 1075
1028 1100
1029 1100
1030 1150
1031 1150
1032 1200
1033 1175
1034 1100
1035 1100
1036 1100
1037 1150
1038 1050
1039 1050
1040 1125
1041 1125
1042 1150
1043 1075
1044 1075
1045 1100
1046 1075
1047 1125
1048 1050
1049 1050
1050 1075
1051 1200
1052 1025
1053 1125
1054 1125
1055 1175
1056 1175
1057 1050
1058 1175
1059 1075
1060 1075
1061 1200
1062 1150
1063 1025
1064 1150
1065 1050
1066 1125
1067 1200
1068 1125
1069 1050
1070 1050
1071 1075
1072 1125
1073 1175
1074 1100
1075 1275
1076 1075
1077 1175
1078 1000
1079 1025
1080 1000
1081 1100
1082 1175
1083 1150
1084 1050
1085 1100
1086 1100
1087 1050
1088 1100
1089 1125
1090 1100
1091 1125
1092 1125
1093 1150
1094 1100
1095 1175
1096 1000
1097 1150
1098 1150
1099 1150
1100 1100
1101 1100
1102 1125
1103 1175
1104 1075
1105 1150
1106 1050
1107 1150
1108 1075
1109 1150
1110 1125
1111 1150
1112 1150
1113 1175
1114 1075
1115 1150
1116 1100
1117 1250
1118 1150
1119 1125
1120 1050
1121 1100
1122 1125
1123 1100
1124 1200
1125 1125
1126 1200
1127 1100
1128 1175
1129 1150
1130 1200
1131 1075
1132 1225
1133 1075
1134 1100
1135 1175
1136 1200
1137 1100
1138 1025
1139 1150
1140 1125
1141 1175
1142 1125
1143 1150
1144 1100
1145 1125
1146 1125
1147 1075
1148 1125
1149 1175
1150 1100
1151 1125
1152 1100
1153 1075
1154 1075
1155 1050
1156 1125
1157 1075
1158 1150
1159 1125
1160 1125
1161 1100
1162 1150
1163 1100
1164 1175
1165 1125
1166 1175
1167 1050
1168 1100
1169 1000
1170 1075
1171 1150
1172 1125
1173 1100
1174 1100
1175 1050
1176 1025
1177 1100
1178 1150
1179 1100
1180 1100
1181 1150
1182 1100
1183 1075
1184 1175
1185 1150
1186 1050
1187 1125
1188 1050
1189 1175
1190 1100
1191 1100
1192 1050
1193 1125
1194 1075
1195 1100
1196 1150
1197 1075
1198 1075
1199 1125
1200 1075
1201 1225
1202 1125
1203 1125
1204 1100
1205 1125
1206 1150
1207 1050
1208 1100
1209 1050
1210 1125
1211 1100
1212 1100
1213 1175
1214 1100
1215 1125
1216 1100
1217 1075
1218 1125
1219 1150
1220 1075
1221 1100
1222 1075
1223 1075
1224 1075
1225 1150
1226 1050
1227 1000
1228 1125
1229 1200
1230 1250
1231 1100
1232 1075
1233 1125
1234 1150
1235 1075
1236 1150
1237 1075
1238 1050
1239 1125
1240 1125
1241 1125
1242 1125
1243 1125
1244 1150
1245 1100
1246 1075
1247 1075
1248 1075
1249 1175
1250 1200
1251 1075
1252 1175
1253 1050
1254 1025
1255 1125
1256 1050
1257 1100
1258 1125
1259 1050
1260 1175
1261 1150
1262 1075
1263 1100
1264 1150
1265 1200
1266 1150
1267 1075
1268 1050
1269 1075
1270 1075
1271 1200
1272 1075
1273 1175
1274 1175
1275 1175
1276 1150
1277 1025
1278 1150
1279 1225
1280 1125
1281 1200
1282 1100
1283 1150
1284 1100
1285 1150
1286 1150
1287 1150
1288 1100
1289 1125
1290 1075
1291 1125
1292 1150
1293 1150
1294 1225
1295 1025
1296 1150
1297 1150
1298 1125
1299 1100
1300 1200
1301 1175
1302 1050
1303 1075
1304 1125
1305 1100
1306 1150
1307 1200
1308 1225
1309 1175
1310 1100
1311 1150
1312 1200
1313 1125
1314 1225
1315 1175
1316 1225
1317 1250
1318 1125
1319 1075
1320 1075
1321 1075
1322 1125
1323 1025
1324 1050
1325 1025
1326 1050
1327 1150
1328 1100
1329 1150
1330 1075
1331 1075
1332 1125
1333 1125
1334 1175
1335 1200
1336 1200
1337 1175
1338 1150
1339 1225
1340 1175
1341 1150
1342 1125
1343 1100
1344 1075
1345 1150
1346 1250
1347 1200
1348 1125
1349 1100
1350 1125
1351 1100
1352 1200
1353 1125
1354 1050
1355 1075
1356 1225
1357 1125
1358 1150
1359 1150
1360 1075
1361 1075
1362 1100
1363 1075
1364 1175
1365 1125
1366 1125
1367 1100
1368 1075
1369 1100
1370 1100
1371 1225
1372 1100
1373 1150
1374 1100
1375 1200
1376 1150
1377 1275
1378 1200
1379 1100
1380 1150
1381 1175
1382 1000
1383 1175
1384 1125
1385 1100
1386 1100
1387 1100
1388 1100
1389 1075
1390 1075
1391 1075
1392 1125
1393 1075
1394 1150
1395 1075
1396 1175
1397 1100
1398 1125
1399 1125
1400 1175
1401 1200
1402 1100
1403 1125
1404 1050
1405 975
1406 1000
1407 1050
1408 1200
1409 1050
1410 1150
1411 1150
1412 1150
1413 1100
1414 1125
1415 1125
1416 1150
1417 1200
1418 1075
1419 1225
1420 1100
1421 1150
1422 1100
1423 1150
1424 1200
1425 1100
1426 1025
1427 1075
1428 1100
1429 1150
1430 1150
1431 1200
1432 1125
1433 1100
1434 1100
1435 1150
1436 1125
1437 1100
1438 1175
1439 1100
1440 1100
1441 1075
1442 1100
1443 1125
1444 1150
1445 1100
1446 1175
1447 1100
1448 1075
1449 1100
1450 1100
1451 1150
1452 1125
1453 1125
1454 1125
1455 1125
1456 1150
1457 1175
1458 1200
1459 1100
1460 1150
1461 1125
1462 1125
1463 1125
1464 1125
1465 1100
1466 1100
1467 1075
1468 1150
1469 1125
1470 1175
1471 1075
1472 1175
1473 1125
1474 1050
1475 1150
1476 1150
1477 1225
1478 1150
1479 1175
1480 1125
1481 1125
1482 1150
1483 1075
1484 1125
1485 1175
1486 1100
1487 1125
1488 1175
1489 1200
1490 1200
1491 1050
1492 1175
1493 1225
1494 1150
1495 1150
1496 1150
1497 1175
1498 1075
1499 1225
1500 1150
1501 1225
1502 1125
1503 1075
1504 1075
1505 1100
1506 1150
1507 1100
1508 1200
1509 1125
1510 1100
1511 1125
1512 1150
1513 1100
1514 1125
1515 1100
1516 1100
1517 1075
1518 1125
1519 1125
1520 1050
1521 1100
1522 1100
1523 1150
1524 1075
1525 1225
1526 1125
1527 1150
1528 1175
1529 1075
1530 1100
1531 1125
1532 1025
1533 1175
1534 1100
1535 1150
1536 1075
1537 1100
1538 1125
1539 1100
1540 950
1541 1125
1542 1150
1543 1125
1544 1150
1545 1100
1546 1250
1547 1200
1548 1125
1549 1100
1550 1100
1551 1100
1552 1050
1553 1175
1554 1150
1555 1200
1556 1175
Unexpected message received for job 1049131
1557 1225
1558 1100
1559 1175
1560 1100
1561 1225
1562 1150
1563 1175
Unexpected message received for job 1049131
1564 1150
1565 1175
1566 1200
1567 1200
1568 1175
1569 1200
1570 1200
1571 1175
1572 1125
1573 1125
1574 1125
1575 1200
1576 1125
1577 1050
1578 1125
1579 1125
1580 1200
1581 1175
1582 1100
1583 1150
1584 1100
1585 1025
1586 1150
1587 1100
1588 1150
1589 1075
1590 1150
1591 1150
1592 1150
1593 1100
1594 1100
1595 1125
1596 1125
1597 1150
1598 1100
1599 1075
1600 1150
1601 1075
1602 1200
1603 1125
1604 1075
1605 1150
1606 1175
1607 1225
1608 1125
1609 1050
1610 1125
1611 1175
1612 1100
1613 1175
1614 1125
1615 1075
1616 1125
1617 1200
1618 1150
1619 1175
1620 1175
1621 1175
1622 1150
1623 1100
1624 1175
1625 1125
1626 1175
1627 1150
1628 1150
1629 1025
1630 1175
1631 1150
1632 1150
1633 1100
1634 1100
1635 1075
1636 1225
1637 1150
1638 1125
1639 1050
1640 1175
1641 1175
1642 1150
1643 1075
1644 1275
1645 1100
1646 1125
1647 1100
1648 1200
1649 1150
1650 1050
1651 1125
1652 1125
1653 1075
1654 1075
1655 1125
1656 1200
1657 1150
1658 1150
1659 1100
1660 1225
1661 1125
1662 1125
1663 1175
1664 1100
1665 1175
1666 1175
1667 1300
1668 1150
1669 1175
1670 1100
1671 1150
1672 1150
1673 1100
1674 1100
1675 1125
1676 1150
1677 1200
1678 1200
1679 1100
1680 1125
1681 1100
1682 1150
1683 1200
1684 1250
1685 1175
1686 1125
1687 1125
1688 1150
1689 1125
1690 1125
1691 1175
1692 1100
1693 1175
1694 1050
1695 1175
1696 1125
1697 1150
1698 1225
1699 1075
1700 1125
1701 1175
1702 1150
1703 1175
1704 1150
1705 1175
1706 1150
1707 1100
1708 1125
1709 1150
1710 1225
1711 1125
1712 1150
1713 1125
1714 1175
1715 1125
1716 1125
1717 1100
1718 1150
1719 1075
1720 1100
1721 1150
1722 1175
1723 1125
1724 1175
1725 1100
1726 1075
1727 1075
1728 1125
1729 1150
1730 1100
1731 1050
1732 1050
1733 1175
1734 1175
1735 1150
1736 1150
1737 1150
1738 1175
1739 1125
1740 1075
1741 1150
1742 1075
1743 1150
1744 1175
1745 1075
1746 1100
1747 1200
1748 1125
1749 1200
1750 1200
1751 1175
1752 1175
1753 1100
1754 1100
1755 1075
1756 1125
1757 1075
1758 1100
1759 1125
1760 1125
1761 1125
1762 1050
1763 1100
1764 1125
1765 1075
1766 1050
1767 1175
1768 1100
1769 1200
1770 1150
1771 1150
1772 1125
1773 1175
1774 1175
1775 1125
1776 1175
1777 1075
1778 1025
1779 1125
1780 1150
1781 1175
1782 1100
1783 1075
1784 1025
1785 1125
1786 1175
1787 1200
1788 1200
1789 1075
1790 1125
1791 1175
1792 1175
1793 1050
1794 1150
1795 1125
1796 1225
1797 1100
1798 1150
1799 1175
1800 1175
1801 1125
1802 1150
1803 1100
1804 1100
1805 1100
1806 1150
1807 1150
1808 1125
1809 1175
1810 1100
1811 1025
1812 1200
1813 1050
1814 1100
1815 1125
1816 1150
1817 1100
1818 1075
1819 1125
1820 1150
1821 1100
1822 1075
1823 1125
1824 1100
1825 1050
1826 1025
1827 1175
1828 1100
1829 1100
1830 1125
1831 1125
1832 1175
1833 1150
1834 1100
1835 1125
1836 1050
1837 1125
1838 1125
1839 1150
1840 1175
1841 1150
1842 1175
1843 1150
1844 1125
1845 1125
1846 1225
1847 1225
1848 1100
1849 1250
1850 1200
1851 1050
1852 1125
1853 1075
1854 1125
1855 1225
1856 1125
1857 1125
1858 1175
1859 1200
1860 1125
1861 1075
1862 1075
1863 1125
1864 1150
1865 1125
1866 1150
1867 1200
1868 1150
1869 1100
1870 1150
1871 1225
1872 1200
1873 1150
1874 1075
1875 1200
1876 1150
1877 1250
1878 1200
1879 1075
1880 1175
1881 1125
1882 1225
1883 1225
1884 1175
1885 1275
1886 1200
1887 1200
1888 1275
1889 1200
1890 1200
1891 1150
1892 1125
1893 1200
1894 1150
1895 1100
1896 1100
1897 1100
1898 1200
1899 1150
1900 1100
1901 1150
1902 1200
1903 975
1904 1200
1905 1075
1906 1200
1907 1125
1908 1100
1909 1125
1910 1100
1911 1100
1912 1125
1913 1100
1914 1225
1915 1250
1916 1175
1917 1125
1918 1100
1919 1100
1920 1175
1921 1225
1922 1150
1923 1050
1924 1125
1925 1125
1926 1150
1927 1075
1928 1150
1929 1175
1930 1150
1931 1075
1932 1175
1933 1200
1934 1125
1935 1175
1936 1150
1937 1175
1938 1200
1939 1200
1940 1150
1941 1225
1942 1150
1943 1150
1944 1125
1945 1125
1946 1225
1947 1125
1948 1150
1949 1100
1950 1200
1951 1200
1952 1100
1953 1250
1954 1325
1955 1200
1956 1125
1957 1225
1958 1125
1959 1175
1960 1225
1961 1175
1962 1225
1963 1150
1964 1150
1965 1075
1966 1200
1967 1125
1968 1200
1969 1200
1970 1150
1971 1175
1972 1125
1973 1200
1974 1200
1975 1150
1976 1150
1977 1150
1978 1100
1979 1100
1980 1150
1981 1125
1982 1175
1983 1125
1984 1175
1985 1150
1986 1125
1987 1125
1988 1075
1989 1125
1990 1125
1991 1075
1992 1050
1993 1125
1994 1100
1995 1175
1996 1125
1997 1125
1998 1100
1999 1100
2000 1100
2001 1150
2002 1150
2003 1200
2004 1150
2005 1150
2006 1200
2007 1150
2008 1100
2009 1175
2010 1225
2011 1100
2012 1150
2013 1200
2014 1175
2015 1175
2016 1100
2017 1125
2018 1175
2019 1200
2020 1175
2021 1150
2022 1225
2023 1100
2024 1125
2025 1175
2026 1175
2027 1125
2028 1100
2029 1100
2030 1175
2031 1075
2032 1225
2033 1200
2034 1125
2035 1175
2036 1100
2037 1125
2038 1200
2039 1175
2040 1100
2041 1250
2042 1125
2043 1100
2044 1075
2045 1150
2046 1200
2047 1150
2048 1075
2049 1150
2050 1175
2051 1200
2052 1150
2053 1075
2054 1150
2055 1175
2056 1125
2057 1175
2058 1125
2059 1125
2060 1125
2061 1150
2062 1200
2063 1150
2064 1175
2065 1050
2066 1075
2067 1100
2068 1100
2069 1075
2070 1175
2071 1075
2072 1125
2073 1100
2074 1125
2075 1150
2076 1150
2077 1175
2078 1075
2079 1100
2080 1100
2081 1075
2082 1200
2083 1150
2084 1150
2085 1150
2086 1175
2087 1150
2088 1150
2089 1075
2090 1200
2091 1050
2092 1100
2093 1150
2094 1175
2095 1150
2096 1075
2097 1075
2098 1125
2099 1150
2100 1125
2101 1125
2102 1075
2103 1100
2104 1125
2105 1175
2106 1125
2107 1100
2108 1150
2109 1200
2110 1175
2111 1075
2112 1200
2113 1150
2114 1050
2115 1100
2116 1200
2117 1150
2118 1100
2119 1200
2120 1225
2121 1200
2122 1150
2123 1150
2124 1175
2125 1125
2126 1300
2127 1150
2128 1175
2129 1200
2130 1200
2131 1150
2132 1225
2133 1150
2134 1150
2135 1125
2136 1150
2137 1125
2138 1150
2139 1075
2140 1125
2141 1075
2142 1175
2143 1100
2144 1100
2145 1150
2146 1125
2147 1125
2148 1100
2149 1225
2150 1150
2151 1125
2152 1175
2153 1175
2154 1125
2155 1150
2156 1100
2157 1050
2158 1125
2159 1150
2160 1100
2161 1150
2162 1100
2163 1125
2164 1225
2165 1175
2166 1175
2167 1200
2168 1175
2169 1125
2170 1150
2171 1100
2172 1150
2173 1150
2174 1250
2175 1200
2176 1250
2177 1175
2178 1150
2179 1075
2180 1175
2181 1175
2182 1225
2183 1175
2184 1125
2185 1125
2186 1100
2187 1175
2188 1175
2189 1075
2190 1175
2191 1175
2192 1100
2193 1150
2194 1125
2195 1150
2196 1150
2197 1200
2198 1150
2199 1125
2200 1275
2201 1125
2202 1125
2203 1175
2204 1125
2205 1100
2206 1175
2207 1150
2208 1200
2209 1075
2210 1150
2211 1125
2212 1125
2213 1200
2214 1100
2215 1125
2216 1125
2217 1250
2218 1100
2219 1175
2220 1150
2221 1175
2222 1200
2223 1125
2224 1050
2225 1125
2226 1200
2227 1075
2228 1125
2229 1075
2230 1250
2231 1075
2232 1075
2233 1150
2234 1125
2235 1175
2236 1050
2237 1025
2238 1100
2239 1100
2240 1125
2241 1225
2242 1150
2243 1100
2244 1100
2245 1125
2246 1125
2247 1100
2248 1200
2249 1125
2250 1150
2251 1075
2252 1150
2253 1100
2254 1175
2255 1125
2256 1175
2257 1125
2258 1075
2259 1050
2260 1075
2261 1075
2262 1150
2263 1100
2264 1100
2265 1125
2266 1225
2267 1075
2268 1075
2269 1100
2270 1075
2271 1150
2272 1150
2273 1125
2274 1100
2275 1175
2276 1125
2277 1125
2278 1050
2279 1150
2280 1100
2281 1125
2282 1125
2283 1150
2284 1225
2285 1175
2286 1175
2287 1200
2288 1050
2289 1125
2290 1075
2291 1075
2292 1150
2293 1100
2294 1025
2295 1075
2296 1125
2297 1125
2298 1150
2299 1150
2300 1150
2301 1125
2302 1075
2303 1150
2304 1150
2305 1200
2306 1100
2307 1150
2308 1150
2309 1150
2310 1175
2311 1175
2312 1250
2313 1100
2314 1100
2315 1125
2316 1175
2317 1225
2318 1200
2319 1075
2320 1225
2321 1125
2322 1225
2323 1125
2324 1225
2325 1250
2326 1125
2327 1225
2328 1175
2329 1225
2330 1225
2331 1175
2332 1200
2333 1075
2334 1125
2335 1200
2336 1225
2337 1100
2338 1125
2339 1075
2340 1200
2341 1150
2342 1125
2343 1100
2344 1150
2345 1250
2346 1200
2347 1100
2348 1175
2349 1175
2350 1175
2351 1150
2352 1150
2353 1125
2354 1200
2355 1100
2356 1200
2357 1075
2358 1125
2359 1075
2360 1225
2361 1075
2362 1150
2363 1150
2364 1150
2365 1125
2366 1125
2367 1200
2368 1100
2369 1075
2370 1150
2371 1100
2372 1100
2373 1100
2374 1350
2375 1050
2376 1175
2377 1225
2378 1150
2379 1100
2380 1100
2381 1125
2382 1150
2383 1250
2384 1125
2385 1225
2386 1200
2387 1150
2388 1075
2389 1125
2390 1125
2391 1175
2392 1050
2393 1150
2394 1125
2395 1175
2396 1150
2397 1075
2398 1175
2399 1075
2400 1100
2401 1150
2402 1225
2403 1100
2404 1150
2405 1150
2406 1125
2407 1175
2408 1125
2409 1100
2410 1175
2411 1125
2412 1100
2413 1225
2414 1150
2415 1225
2416 1125
2417 1075
2418 1150
2419 1100
2420 1100
2421 1125
2422 1050
2423 1125
2424 1175
2425 1175
2426 1125
2427 1125
2428 1100
2429 1225
2430 1125
2431 1125
2432 1225
2433 1125
2434 1150
2435 1125
2436 1200
2437 1125
2438 1100
2439 1100
2440 1175
2441 1100
2442 1175
2443 1075
2444 1100
2445 1125
2446 1100
2447 1150
2448 1175
2449 1125
2450 1125
2451 1200
2452 1125
2453 1250
2454 1150
2455 1125
2456 1150
2457 1225
2458 1175
2459 1125
2460 1200
2461 1175
2462 1175
2463 1175
2464 1125
2465 1150
2466 1150
2467 1125
2468 1125
2469 1075
2470 1150
2471 1150
2472 1175
2473 1275
2474 1075
2475 1150
2476 1125
2477 1175
2478 1325
2479 1125
2480 1125
2481 1200
2482 1225
2483 1075
2484 1025
2485 1100
2486 1050
2487 1200
2488 1075
2489 1175
2490 1150
2491 1125
2492 1125
2493 1175
2494 1150
2495 1075
2496 1150
2497 1125
2498 1050
2499 1175
2500 1075
2501 1175
2502 1075
2503 1125
2504 1100
2505 1050
2506 1150
2507 1075
2508 1200
2509 1175
2510 1200
2511 1150
2512 1150
2513 1125
2514 1125
2515 1100
2516 1125
2517 1125
2518 1175
2519 1175
2520 1175
2521 1150
2522 1150
2523 1150
2524 1175
2525 1125
2526 1150
2527 1100
2528 1200
2529 1125
2530 1100
2531 1075
2532 1100
2533 1125
2534 1125
2535 1150
2536 1075
2537 1150
2538 1050
2539 1050
2540 1125
2541 1125
2542 1125
2543 1150
2544 1150
2545 1125
2546 1100
2547 1175
2548 1025
2549 1075
2550 1050
2551 1200
2552 1100
2553 1075
2554 1100
2555 1125
2556 1150
2557 1100
2558 1150
2559 1075
2560 1100
2561 1175
2562 1175
2563 1100
2564 1175
2565 1125
2566 1150
2567 1075
2568 1150
2569 1150
2570 1125
2571 1125
2572 1125
2573 1100
2574 1075
2575 1225
2576 1125
2577 1175
2578 1075
2579 1200
2580 1075
2581 1075
2582 1100
2583 1175
2584 1125
2585 1150
2586 1125
2587 1075
2588 1100
2589 1100
2590 1175
2591 1200
2592 1075
2593 1050
2594 1150
2595 1125
2596 1100
2597 1125
2598 1075
2599 1225
2600 1125
2601 1100
2602 1150
2603 1200
2604 1075
2605 1100
2606 1225
2607 1100
2608 1100
2609 1100
2610 1125
2611 1175
2612 1125
2613 1100
2614 1125
2615 1075
2616 1175
2617 1150
2618 1175
2619 1200
2620 1125
2621 1100
2622 1125
2623 1050
2624 1100
2625 1275
2626 1125
2627 1125
2628 1075
2629 1150
2630 1175
2631 1100
2632 1075
2633 1175
2634 1225
2635 1150
2636 1150
2637 1150
2638 1050
2639 1100
2640 1200
2641 1075
2642 1175
2643 1125
2644 1075
2645 1125
2646 1150
2647 1150
2648 1075
2649 1075
2650 1150
2651 1175
2652 1150
2653 1150
2654 1100
2655 1175
2656 1200
2657 1125
2658 1150
2659 1100
2660 1175
2661 1125
2662 1100
2663 1125
2664 1075
2665 1050
2666 1175
2667 1125
2668 1125
2669 1150
2670 1125
2671 1125
2672 1150
2673 1150
2674 1175
2675 1150
2676 1175
2677 1175
2678 1150
2679 1075
2680 1225
2681 1100
2682 1100
2683 1100
2684 1075
2685 1175
2686 1200
2687 1150
2688 1075
2689 1175
2690 1150
2691 1150
2692 1225
2693 1100
2694 1125
2695 1175
2696 1200
2697 1250
2698 1150
2699 1150
2700 1100
2701 1100
2702 1100
2703 1100
2704 1125
2705 1175
2706 1150
2707 1100
2708 1075
2709 1100
2710 1175
2711 1175
2712 1100
2713 1200
2714 1150
2715 1200
2716 1150
2717 1100
2718 1100
2719 1175
2720 1175
2721 1100
2722 1200
2723 1125
2724 1075
2725 1150
2726 1125
2727 1100
2728 1100
2729 1150
2730 1275
2731 1100
2732 1150
2733 1100
2734 1100
2735 1075
2736 1200
2737 1100
2738 1175
2739 1125
2740 1125
2741 1075
2742 1175
2743 1100
2744 1175
2745 1125
2746 1100
2747 1175
2748 1125
2749 1075
2750 1200
2751 1125
2752 1200
2753 1300
2754 1100
2755 1200
2756 1175
2757 1175
2758 1125
2759 1125
2760 1200
2761 1175
2762 1125
2763 1125
2764 1075
2765 1150
2766 1175
2767 1200
2768 1125
2769 1125
2770 1175
2771 1150
2772 1175
2773 1150
2774 1200
2775 1175
2776 1175
2777 1125
2778 1150
2779 1125
2780 1125
2781 1175
2782 1150
2783 1225
2784 1100
2785 1100
2786 1100
2787 1175
2788 1225
2789 1100
2790 1200
2791 1075
2792 1150
2793 1100
2794 1200
2795 1175
2796 1150
2797 1200
2798 1075
2799 1100
2800 1050
2801 1125
2802 1100
2803 1150
2804 1175
2805 1075
2806 1150
2807 1100
2808 1125
2809 1100
2810 1125
2811 1125
2812 1250
2813 1175
2814 1175
2815 1150
2816 1100
2817 1175
2818 1150
2819 1175
2820 1100
2821 1075
2822 1100
2823 1200
2824 1175
2825 1175
2826 1275
2827 1025
2828 1100
2829 1100
2830 1150
2831 1050
2832 1050
2833 1125
2834 1075
2835 1000
2836 1050
2837 1225
2838 1150
2839 1050
2840 1150
2841 1175
2842 1100
2843 1075
2844 1175
2845 1075
2846 1225
2847 1050
2848 1050
2849 1150
2850 1125
2851 1150
2852 1075
2853 1025
2854 1125
2855 1125
2856 1175
2857 1100
2858 1225
2859 1150
2860 1100
2861 1075
2862 1125
2863 1125
2864 1100
2865 1125
2866 1100
2867 1150
2868 1175
2869 1150
2870 1125
2871 1225
2872 1125
2873 1125
2874 1125
2875 1100
2876 1125
2877 1100
2878 1175
2879 1075
2880 1225
2881 1175
2882 1100
2883 1150
2884 1150
2885 1100
2886 1150
2887 1275
2888 1175
2889 1200
2890 1100
2891 1100
2892 1150
2893 1100
2894 1225
2895 1075
2896 1200
2897 1125
2898 1175
2899 1125
2900 1100
2901 1225
2902 1125
2903 1225
2904 1225
2905 1250
2906 1200
2907 1125
2908 1125
2909 1125
2910 1125
2911 1175
2912 1225
2913 1175
2914 1150
2915 1250
2916 1125
2917 1100
2918 1150
2919 1200
2920 1150
2921 1125
2922 1125
2923 1150
2924 1100
2925 1200
2926 1150
2927 1175
2928 1100
2929 1050
2930 1150
2931 1075
2932 1150
2933 1100
2934 1125
2935 1150
2936 1025
2937 1225
2938 1200
2939 1125
2940 1125
2941 1175
2942 1175
2943 1150
2944 1125
2945 1175
2946 1125
2947 1200
2948 1150
2949 1150
2950 1125
2951 1100
2952 1175
2953 1175
2954 1050
2955 1125
2956 1075
2957 1100
2958 1175
2959 1125
2960 1125
2961 1075
2962 1125
2963 1075
2964 1175
2965 1100
2966 1075
2967 1125
2968 1150
2969 1100
2970 1050
2971 1175
2972 1125
2973 1075
2974 1100
2975 1150
2976 1200
2977 1150
2978 1200
2979 1100
2980 1150
2981 1075
2982 1125
2983 1200
2984 1125
2985 1075
2986 1200
2987 1125
2988 1150
2989 1175
2990 1150
2991 1125
2992 1075
2993 1125
2994 1025
2995 1200
2996 1000
2997 1100
2998 1200
2999 1075
3000 1175
3001 1175
3002 1125
3003 1125
3004 1175
3005 1125
3006 1125
3007 1125
3008 1150
3009 1200
3010 1125
3011 1125
3012 1200
3013 1150
3014 1175
3015 1150
3016 1225
3017 1100
3018 1125
3019 1125
3020 1075
3021 1125
3022 1075
3023 1175
3024 1125
3025 1225
3026 1150
3027 1125
3028 1125
3029 1050
3030 1200
3031 1125
3032 1100
3033 1150
3034 1100
3035 1225
3036 1150
3037 1125
3038 1125
3039 1075
3040 1150
3041 1100
3042 1100
3043 1150
3044 1175
3045 1225
3046 1050
3047 1250
3048 1150
3049 1200
3050 1100
3051 1125
3052 1100
3053 1075
3054 1150
3055 1125
3056 1100
3057 1200
3058 1125
3059 1100
3060 1175
3061 1125
3062 1100
3063 1050
3064 1250
3065 1100
3066 1125
3067 1125
3068 1150
3069 1150
3070 1125
3071 1125
3072 1125
3073 1050
3074 1150
3075 1075
3076 1100
3077 1125
3078 1175
3079 1125
3080 1150
3081 1125
3082 1150
3083 1200
3084 1125
3085 1100
3086 1175
3087 1175
3088 1125
3089 1100
3090 1125
3091 1150
3092 1175
3093 1175
3094 1175
3095 1175
3096 1100
3097 1050
3098 1150
3099 1150
3100 1125
3101 1200
3102 1050
3103 1075
3104 1125
3105 1075
3106 1075
3107 1250
3108 1100
3109 1200
3110 1050
3111 1100
3112 1200
3113 1175
3114 1125
3115 1200
3116 1100
3117 1100
3118 1250
3119 1125
3120 1125
3121 1025
3122 1250
3123 1175
3124 1125
3125 1175
3126 1100
3127 1150
3128 1175
3129 1125
3130 1225
3131 1125
3132 1275
3133 1175
3134 1150
3135 1100
3136 1100
3137 1075
3138 1100
3139 1100
3140 1100
3141 1175
3142 1225
3143 1125
3144 1150
3145 1150
3146 1175
3147 1125
3148 1125
3149 1150
3150 1175
3151 1150
3152 1150
3153 1075
3154 1175
3155 1125
3156 1200
3157 1125
3158 1125
3159 1200
3160 1125
3161 1100
3162 1175
3163 1100
3164 1150
3165 1200
3166 1100
3167 1150
3168 1150
3169 1125
3170 1125
3171 1100
3172 1075
3173 1175
3174 1100
3175 1125
3176 1125
3177 1050
3178 1075
3179 1150
3180 1125
3181 1100
3182 1100
3183 1100
3184 1150
3185 1125
3186 1125
3187 1100
3188 1125
3189 1150
3190 1125
3191 1150
3192 1100
3193 1075
3194 1175
3195 1100
3196 1200
3197 1075
3198 1100
3199 1150
3200 1150
3201 1125
3202 1150
3203 1075
3204 1125
3205 1150
3206 1150
3207 1125
3208 1075
3209 1100
3210 1100
3211 1225
3212 1200
3213 1175
3214 1100
3215 1125
3216 1075
3217 1075
3218 1100
3219 1125
3220 1100
3221 1100
3222 1200
3223 1225
3224 1125
3225 1125
3226 1150
3227 1100
3228 1250
3229 1100
3230 1125
3231 1175
3232 1075
3233 1100
3234 1100
3235 1025
3236 1225
3237 1200
3238 1075
3239 1125
3240 1075
3241 1150
3242 1100
3243 1125
3244 1200
3245 1150
3246 1125
3247 1175
3248 1125
3249 1025
3250 1225
3251 1125
3252 1100
3253 1225
3254 1100
3255 1100
3256 1150
3257 1150
3258 1125
3259 1175
3260 1150
3261 1150
3262 1200
3263 1050
3264 1100
3265 1075
3266 1175
3267 1225
3268 1175
3269 1125
3270 1050
3271 1075
3272 1075
3273 1100
3274 1100
3275 1150
3276 1200
3277 1125
3278 1150
3279 1125
3280 1250
3281 1075
3282 1200
3283 1100
3284 1250
3285 1075
3286 1150
3287 1175
3288 1150
3289 1150
3290 1225
3291 1100
3292 1150
3293 1125
3294 1075
3295 1125
3296 1175
3297 1150
3298 1100
3299 1150
3300 1125
3301 1125
3302 1100
3303 1125
3304 1125
3305 1200
3306 1100
3307 1300
3308 1100
3309 1125
3310 1075
3311 1100
3312 1100
3313 1175
3314 1125
3315 1050
3316 1175
3317 1125
3318 1125
3319 1150
3320 1100
3321 1100
3322 1100
3323 1175
3324 1200
3325 1100
3326 1050
3327 1125
3328 1075
3329 1075
3330 1100
3331 1100
3332 1175
3333 1150
3334 1125
3335 1125
3336 1125
3337 1200
3338 1125
3339 1150
3340 1150
3341 1275
3342 1175
3343 1075
3344 1200
3345 1125
3346 1150
3347 1125
3348 1150
3349 1150
3350 1075
3351 1075
3352 1075
3353 1125
3354 1150
3355 1250
3356 1075
3357 1150
3358 1225
3359 1175
3360 1150
3361 1100
3362 1150
3363 1225
3364 1075
3365 1125
3366 1125
3367 1100
3368 1100
3369 1150
3370 1150
3371 1100
3372 1075
3373 1050
3374 1150
3375 1125
3376 1125
3377 1125
3378 1175
3379 1075
3380 1150
3381 1075
3382 1175
3383 1125
3384 1075
3385 1100
3386 1125
3387 1075
3388 1100
3389 1125
3390 1225
3391 1075
3392 1100
3393 1150
3394 1150
3395 1250
3396 1175
3397 1100
3398 1075
3399 1125
3400 1175
3401 1225
3402 1150
3403 1100
3404 1125
3405 1150
3406 1200
3407 1125
3408 1100
3409 1100
3410 1150
3411 1125
3412 1075
3413 1200
3414 1075
3415 1150
3416 1175
3417 1100
3418 1150
3419 1150
3420 1050
3421 1075
3422 1125
3423 1125
3424 1175
3425 1150
3426 1150
3427 1150
3428 1150
3429 1125
3430 1050
3431 1150
3432 1100
3433 1125
3434 1250
3435 1100
3436 1075
3437 1225
3438 1050
3439 1150
3440 1075
3441 1125
3442 1100
3443 1200
3444 1150
3445 1050
3446 1075
3447 1100
3448 1075
3449 1100
3450 1125
3451 1150
3452 1125
3453 1175
3454 1150
3455 1100
3456 1100
3457 1150
3458 1050
3459 1075
3460 1200
3461 1125
3462 1150
3463 1175
3464 1100
3465 1125
3466 1225
3467 1175
3468 1125
3469 1100
3470 1075
3471 1150
3472 1100
3473 1200
3474 1225
3475 1200
3476 1150
3477 1125
3478 1150
3479 1100
3480 1150
3481 1150
3482 1125
3483 1100
3484 1050
3485 1050
3486 1175
3487 1075
3488 1175
3489 1175
3490 1150
3491 1175
Unexpected message received for job 1049131
3492 1100
3493 1175
3494 1175
3495 1200
3496 1175
3497 1175
3498 1175
3499 1150
Unexpected message received for job 1049131
3500 1200
3501 1200
3502 1275
3503 1100
3504 1075
3505 1150
3506 1100
3507 1125
3508 1100
3509 1125
3510 1075
3511 1125
3512 1125
3513 1125
3514 1300
3515 1225
3516 1050
3517 1150
3518 1200
3519 1125
3520 1175
3521 1175
3522 1125
3523 1175
3524 1175
3525 1150
3526 1150
3527 1175
3528 1125
3529 1100
3530 1150
3531 1075
3532 1150
3533 1125
3534 1150
3535 1125
3536 1200
3537 1100
3538 1200
3539 1100
3540 1200
3541 1175
3542 1275
3543 1100
3544 1175
3545 1075
3546 1100
3547 1125
3548 1200
3549 1125
3550 1100
3551 1200
3552 1125
3553 1175
3554 1100
3555 1125
3556 1200
3557 1150
3558 1125
3559 1175
3560 1250
3561 1225
3562 1100
3563 1225
3564 1100
3565 1150
3566 1200
3567 1200
3568 1125
3569 1150
3570 1125
3571 1100
3572 1175
3573 1200
3574 1150
3575 1100
3576 1075
3577 1150
3578 1150
3579 1175
3580 1100
3581 1175
3582 1200
3583 1100
3584 1075
3585 1150
3586 1225
3587 1150
3588 1175
3589 1150
3590 1100
3591 1100
3592 1125
3593 1150
3594 1075
3595 1125
3596 1150
3597 1175
3598 1125
3599 1150
3600 1125
3601 1175
3602 1125
3603 1100
3604 1225
3605 1150
3606 1150
3607 1150
3608 1175
3609 1200
3610 1150
3611 1150
3612 1125
3613 1075
3614 1225
3615 1150
3616 1275
3617 1275
3618 1050
3619 1150
3620 1175
3621 1125
3622 1250
3623 1100
3624 1075
3625 1100
3626 1175
3627 1100
3628 1150
3629 1200
3630 1175
3631 1050
3632 1050
3633 1225
3634 1150
3635 1200
3636 1150
3637 1150
3638 1150
3639 1100
3640 1175
3641 1225
3642 1150
3643 1050
3644 1200
3645 1075
3646 1125
3647 1150
3648 1100
3649 1075
3650 1175
3651 1125
3652 1200
3653 1175
3654 1150
3655 1175
3656 1100
3657 1150
3658 1050
3659 1125
3660 1125
3661 1100
3662 1150
3663 1075
3664 1225
3665 1225
3666 1175
3667 1100
3668 1100
3669 1150
3670 1200
3671 1150
3672 1150
3673 1225
3674 1100
3675 1225
3676 1150
3677 1075
3678 1050
3679 1175
3680 1150
3681 1175
3682 1150
3683 1200
3684 1125
3685 1125
3686 1175
3687 1100
3688 1125
3689 1175
3690 1150
3691 1100
3692 1150
3693 1225
3694 1100
3695 1200
3696 1200
3697 1275
3698 1175
3699 1125
3700 1100
3701 1200
3702 1200
3703 1225
3704 1200
3705 1150
3706 1225
3707 1150
3708 1100
3709 1200
3710 1075
3711 1150
3712 1100
3713 1150
3714 1175
3715 1125
3716 1125
3717 1150
3718 1100
3719 1075
3720 1125
3721 1125
3722 1125
3723 1150
3724 1050
3725 1150
3726 1075
3727 1175
3728 1125
3729 1175
3730 1225
3731 1175
3732 1125
3733 1125
3734 1175
3735 1200
3736 1050
3737 1150
3738 1200
3739 1200
3740 1175
3741 1200
3742 1150
3743 1150
3744 1275
3745 1125
3746 1150
3747 1175
3748 1100
3749 1125
3750 1225
3751 1125
3752 1125
3753 1250
3754 1150
3755 1200
3756 1125
3757 1175
3758 1150
3759 1100
3760 1150
3761 1100
3762 1225
3763 1075
3764 1175
3765 1200
3766 1200
3767 1075
3768 1025
3769 1100
3770 1225
3771 1150
3772 1125
3773 1175
3774 1225
3775 1125
3776 1200
3777 1175
3778 1100
3779 1175
3780 1100
3781 1200
3782 1150
3783 1200
3784 1050
3785 1075
3786 1200
3787 1125
3788 1150
3789 1175
3790 1075
3791 1225
3792 1100
3793 1050
3794 1075
3795 1200
3796 1100
3797 1150
3798 1125
3799 1250
3800 1250
3801 1175
3802 1200
3803 1175
3804 1150
3805 1125
3806 1100
3807 1125
3808 1150
3809 1200
3810 1125
3811 1175
3812 1175
3813 1275
3814 1150
3815 1175
3816 1200
3817 1050
3818 1225
3819 1100
3820 1150
3821 1100
3822 1125
3823 1175
3824 1150
3825 1150
3826 1125
3827 1150
3828 1175
3829 1100
3830 1050
3831 1100
3832 1225
3833 1175
3834 1175
3835 1225
3836 1150
3837 1225
3838 1125
3839 1100
3840 1225
3841 1100
3842 1075
3843 1150
3844 1100
3845 1125
3846 1150
3847 1125
3848 1125
3849 1150
3850 1050
3851 1150
3852 1125
3853 1150
3854 1050
3855 1150
3856 1100
3857 1075
3858 1125
3859 1175
3860 1125
3861 1125
3862 1075
3863 1125
3864 1175
3865 1100
3866 1175
3867 1100
3868 1200
3869 1150
3870 1150
3871 1150
3872 1075
3873 1100
3874 1150
3875 1125
3876 1175
3877 1150
3878 1175
3879 1150
3880 1150
3881 1125
3882 1150
3883 1075
3884 1150
3885 1175
3886 1100
3887 1225
3888 1100
3889 1175
3890 1100
3891 1200
3892 1200
3893 1175
3894 1125
3895 1225
3896 1100
3897 1200
3898 1175
3899 1075
3900 1125
3901 1125
3902 1150
3903 1225
3904 1300
3905 1150
3906 1225
3907 1175
3908 1175
3909 1100
3910 1175
3911 1100
3912 1050
3913 1150
3914 1150
3915 1150
3916 1125
3917 1100
3918 1175
3919 1100
3920 1100
3921 1125
3922 1125
3923 1175
3924 1125
3925 1150
3926 1200
3927 1125
3928 1150
3929 1200
3930 1075
3931 1125
3932 1100
3933 1100
3934 1150
3935 1100
3936 1150
3937 1200
3938 1200
3939 1150
3940 1150
3941 1100
3942 1175
3943 1175
3944 1150
3945 1175
3946 1025
3947 1175
3948 1050
3949 1150
3950 1075
3951 1225
3952 1125
3953 1150
3954 1125
3955 1100
3956 1250
3957 1125
3958 1075
3959 1050
3960 1100
3961 1225
3962 1075
3963 1075
3964 1050
3965 1175
3966 1125
3967 1100
3968 1150
3969 1100
3970 1150
3971 1100
3972 1125
3973 1175
3974 1100
3975 1200
3976 1150
3977 1150
3978 1175
3979 1200
3980 1175
3981 1050
3982 1200
3983 1150
3984 1150
3985 1125
3986 1150
3987 1125
3988 1150
3989 1100
3990 1200
3991 1175
3992 1150
3993 1175
3994 1100
3995 1075
3996 1150
3997 1100
3998 1125
3999 1125
4000 1100
4001 1100
4002 1025
4003 1225
4004 1100
4005 1150
4006 1100
4007 1125
4008 1225
4009 1050
4010 1225
4011 1100
4012 1125
4013 1125
4014 1200
4015 1100
4016 1125
4017 1175
4018 1125
4019 1075
4020 1100
4021 1075
4022 1125
4023 1100
4024 1150
4025 1250
4026 1075
4027 1050
4028 1175
4029 1125
4030 1125
4031 1150
4032 1075
4033 1175
4034 1175
4035 1150
4036 1125
4037 1125
4038 1125
4039 1150
4040 1175
4041 1125
4042 1150
4043 1250
4044 1100
4045 1100
4046 1075
4047 1225
4048 1075
4049 1175
4050 1175
4051 1175
4052 1075
4053 1125
4054 1175
4055 1175
4056 1175
4057 1175
4058 1100
4059 1125
4060 1175
4061 1175
4062 1150
4063 1150
4064 1125
4065 1150
4066 1225
4067 1100
4068 1150
4069 1075
4070 1125
4071 1150
4072 1075
4073 1175
4074 1150
4075 1100
4076 1150
4077 1075
4078 1150
4079 1150
4080 1150
4081 1175
4082 1125
4083 1150
4084 1125
4085 1150
4086 1100
4087 1150
4088 1250
4089 1150
4090 1100
4091 1125
4092 1175
4093 1175
4094 1125
4095 1275
4096 1125
4097 1150
4098 1100
4099 1075
4100 1175
4101 1150
4102 1200
4103 1175
4104 1150
4105 1125
4106 1150
4107 1100
4108 1150
4109 1250
4110 1250
4111 1200
4112 1150
4113 1225
4114 1150
4115 1150
4116 1125
4117 1175
4118 1225
4119 1175
4120 1100
4121 1100
4122 1150
4123 1075
4124 1225
4125 1125
4126 1150
4127 1150
4128 1200
4129 1125
4130 1150
4131 1125
4132 1075
4133 1150
4134 1200
4135 1125
4136 1100
4137 1100
4138 1150
4139 1150
4140 1100
4141 1075
4142 1150
4143 1200
4144 1150
4145 1100
4146 1075
4147 1225
4148 1075
4149 1275
4150 1150
4151 1150
4152 1150
4153 1125
4154 1175
4155 1125
4156 1250
4157 1150
4158 1225
4159 1100
4160 1100
4161 1100
4162 1250
4163 1150
4164 1150
4165 1175
4166 1100
4167 1125
4168 1175
4169 1100
4170 1125
4171 1200
4172 1150
4173 1125
4174 1175
4175 1150
4176 1150
4177 1150
4178 1125
4179 1100
4180 1075
4181 1150
4182 1150
4183 1100
4184 1200
4185 1225
4186 1100
4187 1125
4188 1150
4189 1250
4190 1150
4191 1175
4192 1125
4193 1075
4194 1175
4195 1150
4196 1125
4197 1125
4198 1125
4199 1175
4200 1150
4201 1125
4202 1225
4203 1125
4204 1075
4205 1100
4206 1125
4207 1100
4208 1250
4209 1125
4210 1075
4211 1150
4212 1150
4213 1075
4214 1125
4215 1150
4216 1175
4217 1125
4218 1125
4219 1100
4220 1200
4221 1150
4222 1150
4223 1075
4224 1175
4225 1150
4226 1175
4227 1150
4228 1100
4229 1100
4230 1175
4231 1150
4232 1100
4233 1075
4234 1100
4235 1075
4236 1125
4237 1100
4238 1150
4239 1150
4240 1275
4241 1200
4242 1175
4243 1125
4244 1100
4245 1175
4246 1175
4247 1175
4248 1175
4249 1150
4250 1125
4251 1175
4252 1175
4253 1125
4254 1100
4255 1100
4256 1125
4257 1100
4258 1200
4259 1050
4260 1125
4261 1175
4262 1100
4263 1125
4264 1100
4265 1100
4266 1175
4267 1225
4268 1225
4269 1125
4270 1175
4271 1125
4272 1150
4273 1125
4274 1100
4275 1150
4276 1150
4277 1100
4278 1150
4279 1200
4280 1175
4281 1125
4282 1200
4283 1125
4284 1200
4285 1050
4286 1200
4287 1175
4288 1150
4289 1100
4290 1150
4291 1050
4292 1200
4293 1125
4294 1125
4295 1225
4296 1125
4297 1250
4298 1100
4299 1150
4300 1150
4301 1100
4302 1125
4303 1100
4304 1175
4305 1075
4306 1175
4307 1100
4308 1250
4309 1200
4310 1175
4311 1175
4312 1175
4313 1125
4314 1200
4315 1175
4316 1125
4317 1225
4318 1050
4319 1175
4320 1175
4321 1200
4322 1125
4323 1075
4324 1075
4325 1175
4326 1200
4327 1125
4328 1075
4329 1075
4330 1150
4331 1150
4332 1125
4333 1125
4334 1150
4335 1150
4336 1100
4337 1150
4338 1050
4339 1100
4340 1075
4341 1150
4342 1100
4343 1125
4344 1100
4345 1150
4346 1150
4347 1225
4348 1100
4349 1150
4350 1100
4351 1125
4352 1125
4353 1175
4354 1125
4355 1225
4356 1125
4357 1125
4358 1175
4359 1150
4360 1075
4361 1100
4362 1150
4363 1225
4364 1175
4365 1175
4366 1150
4367 1300
4368 1075
4369 1150
4370 1200
4371 1175
4372 1050
4373 1150
4374 1125
4375 1175
4376 1175
4377 1125
4378 1175
4379 1250
4380 1050
4381 1150
4382 1175
4383 1125
4384 1125
4385 1125
4386 1100
4387 1175
4388 1125
4389 1125
4390 1100
4391 1150
4392 1150
4393 1050
4394 1100
4395 1100
4396 1200
4397 1175
4398 1175
4399 1175
4400 1150
4401 1125
4402 1175
4403 1125
4404 1075
4405 1175
4406 1075
4407 1050
4408 1150
4409 1100
4410 1175
4411 1200
4412 1150
4413 1200
4414 1150
4415 1175
4416 1100
4417 1200
4418 1150
4419 1100
4420 1100
4421 1150
4422 1150
4423 1175
4424 1150
4425 1100
4426 1075
4427 1125
4428 1050
4429 1250
4430 1175
4431 1200
4432 1175
4433 1125
4434 1125
4435 1125
4436 1225
4437 1075
4438 1100
4439 1100
4440 1225
4441 1100
4442 1200
4443 1175
4444 1075
4445 1175
4446 1200
4447 1125
4448 1200
4449 1100
4450 1075
4451 1125
4452 1275
4453 1150
4454 1200
4455 1150
4456 1150
4457 1150
4458 1150
4459 1175
4460 1100
4461 1100
4462 1100
4463 1100
4464 1150
4465 1175
4466 1075
4467 1100
4468 1150
4469 1100
4470 1200
4471 1125
4472 1200
4473 1125
4474 1125
4475 1200
4476 1100
4477 1100
4478 1300
4479 1125
4480 1250
4481 1075
4482 1100
4483 1100
4484 1125
4485 1125
4486 1150
4487 1175
4488 1075
4489 1125
4490 1150
4491 1100
4492 1150
4493 1075
4494 1250
4495 1100
4496 1125
4497 1100
4498 1225
4499 1175
4500 1150
4501 1125
4502 1050
4503 1225
4504 1150
4505 1175
4506 1125
4507 1150
4508 1275
4509 1175
4510 1175
4511 1050
4512 1075
4513 1200
4514 1200
4515 1300
4516 1150
4517 1175
4518 1125
4519 1100
4520 1150
4521 1175
4522 1100
4523 1125
4524 1125
4525 1175
4526 1125
4527 1175
4528 1150
4529 1200
4530 1100
4531 1050
4532 1200
4533 1150
4534 1225
4535 1150
4536 1150
4537 1175
4538 1100
4539 1250
4540 1075
4541 1200
4542 1125
4543 1125
4544 1100
4545 1175
4546 1150
4547 1225
4548 1175
4549 1225
4550 1075
4551 1125
4552 1275
4553 1275
4554 1200
4555 1100
4556 1200
4557 1100
4558 1150
4559 1150
4560 1175
4561 1100
4562 1125
4563 1225
4564 1250
4565 1175
4566 1125
4567 1100
4568 1150
4569 1100
4570 1125
4571 1125
4572 1225
4573 1175
4574 1175
4575 1175
4576 1150
4577 1175
4578 1150
4579 1100
4580 1175
4581 1125
4582 1100
4583 1150
4584 1150
4585 1125
4586 1175
4587 1125
4588 1100
4589 1150
4590 1100
4591 1175
4592 1225
4593 1100
4594 1050
4595 1175
4596 1275
4597 1100
4598 1125
4599 1275
4600 1175
4601 1175
4602 1150
4603 1175
4604 1150
4605 1100
4606 1125
4607 1150
4608 1175
4609 1125
4610 1150
4611 1175
4612 1200
4613 1075
4614 1125
4615 1150
4616 1175
4617 1100
4618 1075
4619 1075
4620 1175
4621 1125
4622 1100
4623 1175
4624 1100
4625 1075
4626 1100
4627 1250
4628 1125
4629 1050
4630 1175
4631 1125
4632 1150
4633 1125
4634 1150
4635 1100
4636 1150
4637 1200
4638 1200
4639 1200
4640 1200
4641 1125
4642 1125
4643 1150
4644 1125
4645 1100
4646 1175
4647 1175
4648 1100
4649 1175
4650 1100
4651 1075
4652 1125
4653 1225
4654 1125
4655 1250
4656 1150
4657 1150
4658 1100
4659 1150
4660 1175
4661 1175
4662 1200
4663 1225
4664 1175
4665 1200
4666 1150
4667 1225
4668 1275
4669 1150
4670 1250
4671 1200
4672 1125
4673 1100
4674 1175
4675 1175
4676 1150
4677 1150
4678 1150
4679 1125
4680 1125
4681 1175
4682 1100
4683 1200
4684 1125
4685 1100
4686 1200
4687 1150
4688 1150
4689 1125
4690 1175
4691 1200
4692 1150
4693 1250
4694 1100
4695 1050
4696 1150
4697 1125
4698 1100
4699 1100
4700 1200
4701 1125
4702 1200
4703 1100
4704 1125
4705 1100
4706 1025
4707 1075
4708 1200
4709 1075
4710 1175
4711 1150
4712 1100
4713 1125
4714 1050
4715 1125
4716 1175
4717 1100
4718 1175
4719 1100
4720 1100
4721 1200
4722 1250
4723 1075
4724 1150
4725 1125
4726 1225
4727 1175
4728 1200
4729 1200
4730 1150
4731 1100
4732 1075
4733 1125
4734 1150
4735 1175
4736 1150
4737 1100
4738 1175
4739 1225
4740 1075
4741 1200
4742 1175
4743 1175
4744 1150
4745 1150
4746 1100
4747 1200
4748 1175
4749 1200
4750 1150
4751 1175
4752 1050
4753 1175
4754 1250
4755 1200
4756 1200
4757 1225
4758 1175
4759 1200
4760 1175
4761 1050
4762 1075
4763 1100
4764 1175
4765 1100
4766 1150
4767 1125
4768 1200
4769 1150
4770 1150
4771 1150
4772 1125
4773 1075
4774 1150
4775 1125
4776 1125
4777 1100
4778 1200
4779 1200
4780 1175
4781 1175
4782 1150
4783 1125
4784 1125
4785 1150
4786 1150
4787 1250
4788 1175
4789 1200
4790 1125
4791 1125
4792 1100
4793 1150
4794 1175
4795 1150
4796 1125
4797 1175
4798 1175
4799 1150
4800 1125
4801 1125
4802 1075
4803 1150
4804 1150
4805 1150
4806 1200
4807 1175
4808 1150
4809 1275
4810 1125
4811 1100
4812 1175
4813 1150
4814 1200
4815 1225
4816 1175
4817 1200
4818 1150
4819 1150
4820 1150
4821 1200
4822 1250
4823 1050
4824 1150
4825 1075
4826 1125
4827 1175
4828 1100
4829 1200
4830 1225
4831 1125
4832 1225
4833 1200
4834 1175
4835 1125
4836 1200
4837 1250
4838 1150
4839 1175
4840 1175
4841 1150
4842 1200
4843 1225
4844 1175
4845 1225
4846 1075
4847 1225
4848 1125
4849 1200
4850 1300
4851 1175
4852 1100
4853 1150
4854 1175
4855 1200
4856 1200
4857 1150
4858 1125
4859 1150
4860 1175
4861 1200
4862 1100
4863 1050
4864 1175
4865 1150
4866 1175
4867 1150
4868 1100
4869 1150
4870 1075
4871 1125
4872 1175
4873 1175
4874 1200
4875 1100
4876 1075
4877 1125
4878 1200
4879 1150
4880 1125
4881 1175
4882 1100
4883 1100
4884 1150
4885 1100
4886 1225
4887 1100
4888 1125
4889 1250
4890 1150
4891 1150
4892 1125
4893 1075
4894 1150
4895 1175
4896 1150
4897 1225
4898 1150
4899 1100
4900 1150
4901 1150
4902 1250
4903 1225
4904 1100
4905 1225
4906 1025
4907 1125
4908 1150
4909 1150
4910 1075
4911 1200
4912 1125
4913 1075
4914 1100
4915 1250
4916 1125
4917 1100
4918 1100
4919 1125
4920 1100
4921 1150
4922 1125
4923 1200
4924 1150
4925 1175
4926 1175
4927 1075
4928 1100
4929 1150
4930 1225
4931 1150
4932 1150
4933 1175
4934 1075
4935 1150
4936 1100
4937 1100
4938 1125
4939 1200
4940 1150
4941 1225
4942 1150
4943 1100
4944 1075
4945 1100
4946 1150
4947 1075
4948 1100
4949 1175
4950 1175
4951 1100
4952 1100
4953 1100
4954 1100
4955 1225
4956 1150
4957 1225
4958 1125
4959 1200
4960 1175
4961 1150
4962 1200
4963 1150
4964 1225
4965 1125
4966 1250
4967 1300
4968 1100
4969 1150
4970 1175
4971 1125
4972 1100
4973 1150
4974 1100
4975 1125
4976 1250
4977 1100
4978 1100
4979 1150
4980 1075
4981 1125
4982 1125
4983 1150
4984 1200
4985 1075
4986 1150
4987 1150
4988 1175
4989 1175
4990 1075
4991 1125
4992 1125
4993 1100
4994 1100
4995 1125
4996 1150
4997 1150
4998 1075
4999 1075
5000 1200
5001 1200
5002 1125
5003 1150
5004 1125
5005 1050
5006 1100
5007 1075
5008 1100
5009 1075
5010 1200
5011 1250
5012 1150
5013 1100
5014 1175
5015 1075
5016 1150
5017 1200
5018 1175
5019 1150
5020 1125
5021 1150
5022 1125
5023 1150
5024 1200
5025 1125
5026 1125
5027 1175
5028 1225
5029 1200
5030 1100
5031 1250
5032 1175
5033 1050
5034 1150
5035 1075
5036 1175
5037 1200
5038 1200
5039 1100
5040 1075
5041 1150
5042 1150
5043 1150
5044 1150
5045 1100
5046 1100
5047 1125
5048 1075
5049 1150
5050 1150
5051 1100
5052 1150
5053 1150
5054 1175
5055 1100
5056 1100
5057 1150
5058 1075
5059 1100
5060 1125
5061 1150
5062 1150
5063 1150
5064 1175
5065 1125
5066 1175
5067 1125
5068 1100
5069 1100
5070 1225
5071 1100
5072 1150
5073 1200
5074 1100
5075 1200
5076 1250
5077 1150
5078 1050
5079 1075
5080 1025
5081 1075
5082 1075
5083 1075
5084 1150
5085 1050
5086 1125
5087 1125
5088 1150
5089 1125
5090 1150
5091 1125
5092 1200
5093 1100
5094 1050
5095 1075
5096 1125
5097 1125
5098 1150
5099 1100
5100 1125
5101 1100
5102 1125
5103 1050
5104 1075
5105 1175
5106 1175
5107 1100
5108 1100
5109 1175
5110 1150
5111 1100
5112 1150
5113 1050
5114 1050
5115 1150
5116 1200
5117 1150
5118 1125
5119 1150
5120 1025
5121 1075
5122 1175
5123 1150
5124 1100
5125 1125
5126 1075
5127 1125
5128 1100
5129 1075
5130 1075
5131 1225
5132 1175
5133 1100
5134 1125
5135 1100
5136 1100
5137 1125
5138 1125
5139 1100
5140 1100
5141 1150
5142 1150
5143 1175
5144 1075
5145 1150
5146 1200
5147 1100
5148 1175
5149 1150
5150 1075
5151 1200
5152 1075
5153 1100
5154 1175
5155 1075
5156 1075
5157 1175
5158 1125
5159 1150
5160 1075
5161 1125
5162 1150
5163 1125
5164 1250
5165 1100
5166 1175
5167 1125
5168 1100
5169 1100
5170 1100
5171 1100
5172 1125
5173 1125
5174 1150
5175 1075
5176 1150
5177 1100
5178 1125
5179 1125
5180 1100
5181 1125
5182 1150
5183 1050
5184 1275
5185 1125
5186 1150
5187 1100
5188 1125
5189 1225
5190 1100
5191 1200
5192 1150
5193 1075
5194 1150
5195 1200
5196 1200
5197 1125
5198 1100
5199 1150
5200 1150
5201 1200
5202 1225
5203 1150
5204 1075
5205 1200
5206 1125
5207 1175
5208 1125
5209 1175
5210 1050
5211 1175
5212 1075
5213 1125
5214 1125
5215 1200
5216 1150
5217 1100
5218 1100
5219 1075
5220 1175
5221 1150
5222 1125
5223 1050
5224 1125
5225 1150
5226 1100
5227 1125
5228 1125
5229 1175
5230 1100
5231 1200
5232 1150
5233 1125
5234 1050
5235 1200
5236 1125
5237 1150
5238 1100
5239 1150
5240 1025
5241 1100
5242 1125
5243 1100
5244 1175
5245 1125
5246 1100
5247 1050
5248 1100
5249 1200
5250 1200
5251 1250
5252 1125
5253 1125
5254 1075
5255 1175
5256 1175
5257 1175
5258 1100
5259 1225
5260 1175
5261 1150
5262 1100
5263 1125
5264 1075
5265 1125
5266 1100
5267 1200
5268 1125
5269 1175
5270 1100
5271 1200
5272 1100
5273 1150
5274 1125
5275 1150
5276 1100
5277 1175
5278 1200
5279 1125
5280 1150
5281 1075
5282 1150
5283 1125
5284 1175
5285 1250
5286 1175
5287 1025
5288 1175
5289 1125
5290 1100
5291 1125
5292 1150
5293 1125
5294 1150
5295 1175
5296 1125
5297 1075
5298 1150
5299 1125
5300 1100
5301 1175
5302 1125
5303 1175
5304 1200
5305 1200
5306 1100
5307 1175
5308 1175
5309 1175
5310 1125
5311 1150
5312 1175
5313 1125
5314 1250
5315 1150
5316 1200
5317 1200
5318 1100
5319 1150
5320 1175
5321 1200
5322 1150
5323 1125
Unexpected message received for job 1049131
5324 1150
5325 1125
5326 1150
5327 1125
5328 1125
5329 1150
5330 1175
5331 1200
Unexpected message received for job 1049131
5332 1100
5333 1150
5334 1100
5335 1225
5336 1075
5337 1125
5338 1250
5339 1100
5340 1175
5341 1100
5342 1075
5343 1125
5344 1225
5345 1175
5346 1175
5347 1175
5348 1175
5349 1150
5350 1125
5351 1175
5352 1125
5353 1200
5354 1150
5355 1175
5356 1100
5357 1100
5358 1150
5359 1175
5360 1100
5361 1125
5362 1100
5363 1125
5364 1150
5365 1175
5366 1225
5367 1200
5368 1125
5369 1125
5370 1075
5371 1200
5372 1100
5373 1125
5374 1125
5375 1150
5376 1100
5377 1225
5378 1150
5379 1125
5380 1200
5381 1125
5382 1125
5383 1125
5384 1100
5385 1150
5386 1125
5387 1150
5388 1125
5389 1125
5390 1175
5391 1100
5392 1050
5393 1200
5394 1125
5395 1125
5396 1200
5397 1175
5398 1125
5399 1175
5400 1125
5401 1200
5402 1200
5403 1175
5404 1125
5405 1100
5406 1125
5407 1150
5408 1350
5409 1225
5410 1200
5411 1150
5412 1125
5413 1125
5414 1075
5415 1225
5416 1200
5417 1175
5418 1100
5419 1125
5420 1100
5421 1125
5422 1175
5423 1100
5424 1075
5425 1175
5426 1150
5427 1125
5428 1150
5429 1200
5430 1075
5431 1150
5432 1075
5433 1100
5434 1100
5435 1050
5436 1150
5437 1075
5438 1150
5439 1175
5440 1125
5441 1200
5442 1200
5443 1100
5444 1150
5445 1075
5446 1125
5447 1150
5448 1150
5449 1175
5450 1125
5451 1075
5452 1150
5453 1150
5454 1175
5455 1150
5456 1100
5457 1250
5458 1100
5459 1125
5460 1125
5461 1125
5462 1175
5463 1150
5464 1125
5465 1150
5466 1150
5467 1150
5468 1200
5469 1075
5470 1150
5471 1150
5472 1150
5473 1100
5474 1200
5475 1250
5476 1200
5477 1200
5478 1075
5479 1150
5480 1175
5481 1150
5482 1125
5483 1200
5484 1125
5485 1275
5486 1125
5487 1075
5488 1200
5489 1200
5490 1100
5491 1225
5492 1200
5493 1200
5494 1100
5495 1125
5496 1175
5497 1175
5498 1275
5499 1100
5500 1200
5501 1100
5502 1125
5503 1200
5504 1175
5505 1150
5506 1175
5507 1175
5508 1175
5509 1075
5510 1150
5511 1150
5512 1225
5513 1150
5514 1050
5515 1225
5516 1075
5517 1150
5518 1175
5519 1125
5520 1150
5521 1250
5522 1075
5523 1125
5524 1175
5525 1200
5526 1100
5527 1100
5528 1125
5529 1175
5530 1200
5531 1100
5532 1125
5533 1150
5534 1200
5535 1075
5536 1150
5537 1200
5538 1200
5539 1050
5540 1125
5541 1125
5542 1125
5543 1225
5544 1175
5545 1100
5546 1200
5547 1175
5548 1200
5549 1150
5550 1150
5551 1150
5552 1100
5553 1100
5554 1200
5555 1125
5556 1125
5557 1100
5558 1225
5559 1175
5560 1125
5561 1100
5562 1150
5563 1125
5564 1100
5565 1225
5566 1125
5567 1175
5568 1200
5569 1150
5570 1175
5571 1125
5572 1150
5573 1300
5574 1125
5575 1125
5576 1200
5577 1200
5578 1150
5579 1175
5580 1225
5581 1125
5582 1125
5583 1250
5584 1125
5585 1075
5586 1050
5587 1150
5588 1175
5589 1175
5590 1150
5591 1125
5592 1150
5593 1200
5594 1225
5595 1175
5596 1100
5597 1125
5598 1125
5599 1125
5600 1200
5601 1150
5602 1275
5603 1175
5604 1100
5605 1150
5606 1100
5607 1175
5608 1150
5609 1200
5610 1075
5611 1100
5612 1150
5613 1225
5614 1075
5615 1175
5616 1075
5617 1250
5618 1125
5619 1200
5620 1175
5621 1175
5622 1275
5623 1100
5624 1175
5625 1175
5626 1150
5627 1100
5628 1225
5629 1075
5630 1150
5631 1100
5632 1150
5633 1175
5634 1125
5635 1175
5636 1175
5637 1150
5638 1125
5639 1125
5640 1125
5641 1150
5642 1225
5643 1200
5644 1075
5645 1100
5646 1100
5647 1175
5648 1200
5649 1300
5650 1125
5651 1175
5652 1150
5653 1250
5654 1250
5655 1150
5656 1175
5657 1150
5658 1150
5659 1100
5660 1200
5661 1125
5662 1175
5663 1175
5664 1225
5665 1150
5666 1200
5667 1125
5668 1225
5669 1225
5670 1250
5671 1100
5672 1150
5673 1150
5674 1150
5675 1100
5676 1150
5677 1200
5678 1225
5679 1050
5680 1175
5681 1100
5682 1100
5683 1150
5684 1150
5685 1175
5686 1125
5687 1100
5688 1150
5689 1075
5690 1225
5691 1100
5692 1125
5693 1150
5694 1225
5695 1200
5696 1125
5697 1125
5698 1200
5699 1125
5700 1150
5701 1150
5702 1100
5703 1100
5704 1175
5705 1200
5706 1125
5707 1175
5708 1225
5709 1175
5710 1175
5711 1125
5712 1175
5713 1125
5714 1025
5715 1075
5716 1125
5717 1150
5718 1150
5719 1150
5720 1125
5721 1150
5722 1150
5723 1150
5724 1125
5725 1075
5726 1150
5727 1075
5728 1125
5729 1250
5730 1050
5731 1175
5732 1125
5733 1250
5734 1200
5735 1225
5736 1150
5737 1125
5738 1200
5739 1200
5740 1250
5741 1150
5742 1175
5743 1125
5744 1200
5745 1200
5746 1125
5747 1200
5748 1150
5749 1150
5750 1100
5751 1100
5752 1175
5753 1175
5754 1125
5755 1175
5756 1125
5757 1050
5758 1175
5759 1200
5760 1200
5761 1150
5762 1200
5763 1175
5764 1200
5765 1150
5766 1275
5767 1125
5768 1200
5769 1100
5770 1200
5771 1075
5772 1125
5773 1100
5774 1100
5775 1200
5776 1275
5777 1200
5778 1225
5779 1075
5780 1200
5781 1225
5782 1175
5783 1225
5784 1125
5785 1175
5786 1125
5787 1175
5788 1200
5789 1175
5790 1175
5791 1125
5792 1125
5793 1125
5794 1175
5795 1125
5796 1125
5797 1175
5798 1100
5799 1150
5800 1225
5801 1125
5802 1100
5803 1125
5804 1100
5805 1125
5806 1125
5807 1125
5808 1125
5809 1150
5810 1150
5811 1150
5812 1075
5813 1100
5814 1125
5815 1200
5816 1125
5817 1125
5818 1125
5819 1225
5820 1125
5821 1100
5822 1075
5823 1075
5824 1175
5825 1125
5826 1200
5827 1175
5828 1175
5829 1125
5830 1125
5831 1175
5832 1250
5833 1125
5834 1125
5835 1200
5836 1175
5837 1025
5838 1175
5839 1150
5840 1125
5841 1125
5842 1100
5843 1150
5844 1150
5845 1150
5846 1175
5847 1125
5848 1100
5849 1150
5850 1200
5851 1075
5852 1125
5853 1150
5854 1075
5855 1150
5856 1225
5857 1125
5858 1050
5859 1125
5860 1175
5861 1100
5862 1150
5863 1075
5864 1150
5865 1200
5866 1100
5867 1075
5868 1125
5869 1100
5870 1125
5871 1150
5872 1200
5873 1100
5874 1050
5875 1175
5876 1025
5877 1125
5878 1125
5879 1125
5880 1250
5881 1100
5882 1200
5883 1100
5884 1100
5885 1175
5886 1250
5887 1100
5888 1125
5889 1150
5890 1100
5891 1100
5892 1100
5893 1100
5894 1100
5895 1075
5896 1125
5897 1125
5898 1200
5899 1150
5900 1100
5901 1075
5902 1100
5903 1075
5904 1175
5905 1175
5906 1100
5907 1125
5908 1125
5909 1125
5910 1125
5911 1125
5912 1100
5913 1125
5914 1200
5915 1125
5916 1225
5917 1100
5918 1200
5919 1075
5920 1150
5921 1100
5922 1125
5923 1000
5924 1125
5925 1125
5926 1100
5927 1150
5928 1150
5929 1175
5930 1075
5931 1175
5932 1175
5933 1150
5934 1200
5935 1150
5936 1100
5937 1150
5938 1075
5939 1175
5940 1075
5941 1125
5942 1075
5943 1075
5944 1100
5945 1150
5946 1075
5947 1125
5948 1200
5949 1200
5950 1175
5951 1125
5952 1100
5953 1200
5954 1150
5955 1075
5956 1175
5957 1125
5958 1100
5959 1200
5960 1100
5961 1150
5962 1025
5963 1125
5964 1200
5965 1075
5966 1100
5967 1125
5968 1175
5969 1100
5970 1150
5971 1150
5972 1150
5973 1125
5974 1175
5975 1125
5976 1050
5977 1150
5978 1175
5979 1075
5980 1075
5981 1175
5982 1150
5983 1125
5984 1175
5985 1100
5986 1075
5987 1125
5988 1100
5989 1150
5990 1100
5991 1100
5992 1200
5993 1075
5994 1150
5995 1100
5996 1075
5997 1150
5998 1150
5999 1125
6000 1125
6001 1100
6002 1100
6003 1100
6004 1100
6005 1150
6006 1150
6007 1200
6008 1125
6009 1025
6010 1125
6011 1175
6012 1075
6013 1150
6014 1075
6015 1125
6016 1225
6017 1175
6018 1075
6019 1100
6020 1150
6021 1125
6022 1200
6023 1150
6024 1100
6025 1150
6026 1100
6027 1175
6028 1150
6029 1100
6030 1175
6031 1100
6032 1125
6033 1100
6034 1025
6035 1125
6036 1075
6037 1175
6038 1125
6039 1250
6040 1175
6041 1150
6042 1100
6043 1100
6044 1200
6045 1150
6046 1200
6047 1175
6048 1100
6049 1150
6050 1125
6051 1200
6052 1125
6053 1100
6054 1075
6055 1150
6056 1175
6057 1250
6058 1150
6059 1125
6060 1150
6061 1075
6062 1175
6063 1150
6064 1125
6065 1150
6066 1075
6067 1125
6068 1175
6069 1100
6070 1125
6071 1125
6072 1075
6073 1100
6074 1100
6075 1225
6076 1150
6077 1075
6078 1075
6079 1125
6080 1200
6081 1100
6082 1175
6083 1175
6084 1175
6085 1125
6086 1100
6087 1125
6088 1150
6089 1075
6090 1150
6091 1175
6092 1100
6093 1150
6094 1125
6095 1125
6096 1225
6097 1075
6098 1250
6099 1150
6100 1125
6101 1100
6102 1075
6103 1075
6104 1150
6105 1075
6106 1225
6107 1100
6108 1075
6109 1100
6110 1100
6111 1050
6112 1150
6113 1175
6114 1075
6115 1100
6116 1075
6117 1075
6118 1250
6119 1175
6120 1125
6121 1050
6122 1225
6123 1100
6124 1175
6125 1175
6126 1150
6127 1225
6128 1175
6129 1150
6130 1150
6131 1175
6132 1050
6133 1100
6134 1125
6135 1175
6136 1150
6137 1150
6138 1150
6139 1100
6140 1175
6141 1150
6142 1125
6143 1075
6144 1200
6145 1150
6146 1150
6147 1150
6148 1100
6149 1125
6150 1200
6151 1100
6152 1225
6153 1150
6154 1150
6155 1125
6156 1150
6157 1100
6158 1025
6159 1225
6160 1075
6161 1075
6162 1175
6163 1150
6164 1200
6165 1200
6166 1075
6167 1075
6168 1125
6169 1150
6170 1175
6171 1225
6172 1175
6173 1125
6174 1200
6175 1100
6176 1100
6177 1100
6178 1100
6179 1125
6180 1200
6181 1175
6182 1225
6183 1100
6184 1175
6185 1200
6186 1150
6187 1150
6188 1025
6189 1150
6190 1175
6191 1175
6192 1150
6193 1050
6194 1100
6195 1150
6196 1150
6197 1175
6198 1200
6199 1200
6200 1150
6201 1100
6202 1050
6203 1125
6204 1125
6205 1100
6206 1175
6207 1200
6208 1225
6209 1175
6210 1200
6211 1150
6212 1100
6213 1200
6214 1100
6215 1150
6216 1075
6217 1125
6218 1025
6219 1125
6220 1175
6221 1025
6222 1150
6223 1175
6224 1150
6225 1100
6226 1100
6227 1200
6228 1175
6229 1150
6230 1100
6231 1125
6232 1275
6233 1200
6234 1075
6235 1100
6236 1125
6237 1125
6238 1025
6239 1150
6240 1100
6241 1175
6242 1200
6243 1150
6244 1175
6245 1250
6246 1175
6247 1100
6248 1200
6249 1175
6250 1175
6251 1075
6252 1150
6253 1150
6254 1100
6255 1125
6256 1125
6257 1125
6258 1100
6259 1200
6260 1150
6261 1150
6262 1100
6263 1125
6264 1175
6265 1125
6266 1200
6267 1100
6268 1175
6269 1175
6270 1200
6271 1100
6272 1100
6273 1175
6274 1050
6275 1125
6276 1125
6277 1225
6278 1050
6279 1025
6280 1075
6281 1075
6282 1275
6283 1100
6284 1150
6285 1125
6286 1075
6287 1075
6288 1100
6289 1225
6290 1125
6291 1125
6292 1100
6293 1125
6294 1125
6295 1100
6296 1125
6297 1150
6298 1125
6299 1175
6300 1050
6301 1100
6302 1025
6303 1125
6304 1125
6305 1075
6306 1175
6307 1225
6308 1175
6309 1175
6310 1250
6311 1100
6312 1050
6313 1150
6314 1150
6315 1150
6316 1175
6317 1150
6318 1150
6319 1200
6320 1125
6321 1225
6322 1225
6323 1125
6324 1200
6325 1150
6326 1075
6327 1100
6328 1100
6329 1025
6330 1050
6331 1075
6332 1125
6333 1100
6334 1200
6335 1100
6336 1125
6337 1125
6338 1100
6339 1125
6340 1075
6341 1150
6342 1125
6343 1100
6344 1125
6345 1175
6346 1175
6347 1125
6348 1175
6349 1150
6350 1150
6351 1175
6352 1175
6353 1125
6354 1100
6355 1075
6356 1125
6357 1050
6358 1125
6359 1125
6360 1175
6361 1150
6362 1100
6363 1150
6364 1100
6365 1200
6366 1075
6367 1100
6368 1175
6369 1025
6370 1175
6371 1075
6372 1125
6373 1200
6374 1150
6375 1150
6376 1175
6377 1125
6378 1075
6379 1125
6380 1125
6381 1175
6382 1150
6383 1025
6384 1175
6385 1100
6386 1125
6387 1150
6388 1050
6389 1100
6390 1100
6391 1075
6392 1075
6393 1100
6394 1125
6395 1150
6396 1050
6397 1025
6398 1100
6399 1250
6400 1125
6401 1175
6402 1100
6403 1100
6404 1125
6405 1225
6406 1125
6407 1125
6408 1125
6409 1050
6410 1100
6411 1275
6412 1125
6413 1100
6414 1125
6415 1150
6416 1100
6417 1125
6418 1125
6419 1125
6420 1100
6421 1175
6422 1150
6423 1125
6424 1150
6425 1075
6426 1125
6427 1125
6428 1075
6429 1200
6430 1075
6431 1100
6432 1125
6433 1100
6434 1150
6435 1125
6436 1125
6437 1125
6438 1125
6439 1050
6440 1100
6441 1125
6442 1200
6443 1125
6444 1125
6445 1125
6446 1125
6447 1100
6448 1100
6449 1150
6450 1075
6451 1100
6452 1100
6453 1100
6454 1175
6455 1075
6456 1150
6457 1075
6458 1125
6459 1225
6460 1150
6461 1150
6462 1175
6463 1150
6464 1175
6465 1075
6466 1175
6467 1100
6468 1075
6469 1125
6470 1125
6471 1125
6472 1150
6473 1050
6474 1125
6475 1125
6476 1200
6477 1175
6478 1100
6479 1125
6480 1250
6481 1175
6482 1100
6483 1150
6484 1050
6485 1075
6486 1100
6487 1100
6488 1175
6489 1125
6490 1150
6491 1200
6492 1075
6493 1125
6494 1075
6495 1200
6496 1125
6497 1200
6498 1100
6499 1175
6500 1175
6501 1100
6502 1125
6503 1075
6504 1150
6505 1150
6506 1125
6507 1175
6508 1075
6509 1200
6510 1175
6511 1125
6512 1150
6513 1125
6514 1150
6515 1200
6516 1050
6517 1125
6518 1075
6519 1125
6520 1100
6521 1075
6522 1100
6523 1100
6524 1100
6525 1175
6526 1150
6527 1125
6528 1225
6529 1275
6530 1150
6531 1125
6532 1100
6533 1200
6534 1125
6535 1125
6536 1100
6537 1150
6538 1050
6539 1125
6540 1150
6541 1225
6542 1050
6543 1075
6544 1050
6545 1150
6546 1150
6547 1100
6548 1125
6549 1175
6550 1125
6551 1200
6552 1075
6553 1150
6554 1100
6555 1175
6556 1125
6557 1125
6558 1125
6559 1175
6560 1200
6561 1150
6562 1150
6563 1150
6564 1100
6565 1100
6566 1075
6567 1125
6568 1025
6569 1125
6570 1100
6571 1075
6572 1150
6573 1225
6574 1150
6575 1100
6576 1125
6577 1075
6578 1075
6579 1125
6580 1150
6581 1150
6582 1075
6583 1125
6584 1050
6585 1175
6586 1200
6587 1125
6588 1075
6589 1075
6590 1150
6591 1125
6592 1125
6593 1175
6594 1100
6595 1075
6596 1100
6597 1125
6598 1075
6599 1100
6600 1150
6601 1150
6602 1200
6603 1075
6604 1100
6605 1075
6606 1175
6607 1175
6608 1150
6609 1100
6610 1050
6611 1125
6612 1100
6613 1175
6614 1100
6615 1150
6616 1100
6617 1125
6618 1175
6619 1075
6620 1075
6621 1100
6622 1100
6623 1150
6624 1200
6625 1225
6626 1175
6627 1125
6628 1250
6629 1100
6630 1125
6631 1125
6632 1175
6633 1125
6634 1175
6635 1275
6636 1300
6637 1250
6638 1175
6639 1150
6640 1175
6641 1125
6642 1100
6643 1175
6644 1150
6645 1250
6646 1150
6647 1075
6648 1175
6649 1175
6650 1125
6651 1025
6652 1250
6653 1150
6654 1100
6655 1250
6656 1250
6657 1050
6658 1125
6659 1150
6660 1225
6661 1100
6662 1225
6663 1125
6664 1100
6665 1150
6666 1125
6667 1075
6668 1150
6669 1100
6670 1075
6671 1100
6672 1150
6673 1100
6674 1125
6675 1075
6676 1075
6677 1250
6678 1250
6679 1075
6680 1150
6681 1150
6682 1175
6683 1200
6684 1100
6685 1150
6686 1200
6687 1100
6688 1050
6689 1150
6690 1075
6691 1050
6692 1075
6693 1225
6694 1200
6695 1125
6696 1125
6697 1125
6698 1050
6699 1075
6700 1125
6701 1175
6702 1175
6703 1075
6704 1075
6705 1125
6706 1050
6707 1075
6708 1225
6709 1100
6710 1125
6711 1125
6712 1125
6713 1075
6714 1200
6715 1200
6716 1100
6717 1200
6718 1200
6719 1150
6720 1150
6721 1150
6722 1175
6723 1200
6724 1150
6725 1100
6726 1175
6727 1150
6728 1175
6729 1250
6730 1100
6731 1175
6732 1175
6733 1150
6734 1075
6735 1125
6736 1075
6737 1175
6738 1125
6739 1125
6740 1125
6741 1100
6742 1200
6743 1175
6744 1200
6745 1100
6746 1175
6747 1100
6748 1150
6749 1125
6750 1150
6751 1200
6752 1050
6753 1125
6754 1250
6755 1150
6756 1175
6757 1150
6758 1200
6759 1125
6760 1125
6761 1125
6762 1125
6763 1100
6764 1175
6765 1200
6766 1200
6767 1150
6768 1175
6769 1075
6770 1150
6771 1150
6772 1200
6773 1225
6774 1225
6775 1200
6776 1225
6777 1225
6778 1075
6779 1125
6780 1175
6781 1100
6782 1200
6783 1175
6784 1150
6785 1175
6786 1175
6787 1200
6788 1175
6789 1175
6790 1150
6791 1175
6792 1200
6793 1150
6794 1175
6795 1225
6796 1250
6797 1225
6798 1175
6799 1075
6800 1100
6801 1150
6802 1050
6803 1100
6804 1275
6805 1175
6806 1150
6807 1125
6808 1075
6809 1175
6810 1175
6811 1075
6812 1100
6813 1200
6814 1175
6815 1175
6816 1200
6817 1100
6818 1225
6819 1150
6820 1125
6821 1175
6822 1125
6823 1075
6824 1150
6825 1100
6826 1225
6827 1025
6828 1100
6829 1150
6830 1125
6831 1200
6832 1100
6833 1100
6834 1075
6835 1175
6836 1150
6837 1200
6838 1150
6839 1075
6840 1150
6841 1100
6842 1200
6843 1075
6844 1175
6845 1100
6846 1125
6847 1150
6848 1150
6849 1125
6850 1175
6851 1100
6852 1150
6853 1125
6854 1050
6855 1125
6856 1075
6857 1125
6858 1200
6859 1125
6860 1125
6861 1175
6862 1075
6863 1150
6864 1075
6865 1150
6866 1050
6867 1075
6868 1125
6869 1100
6870 1175
6871 1200
6872 1075
6873 1150
6874 1075
6875 1150
6876 1100
6877 1100
6878 1075
6879 1175
6880 1175
6881 1175
6882 1100
6883 1175
6884 1125
6885 1100
6886 1125
6887 1075
6888 1100
6889 1075
6890 1100
6891 1150
6892 1150
6893 1150
6894 1050
6895 1050
6896 1175
6897 1125
6898 1150
6899 1025
6900 1050
6901 1150
6902 1125
6903 1100
6904 1125
6905 1100
6906 1100
6907 1175
6908 1100
6909 1150
6910 1100
6911 1100
6912 1150
6913 1050
6914 1225
6915 1125
6916 1150
6917 1075
6918 1075
6919 1150
6920 1150
6921 1100
6922 1125
6923 1075
6924 1100
6925 1175
6926 1075
6927 1100
6928 1100
6929 1150
6930 1100
6931 1150
6932 1125
6933 1100
6934 1100
6935 1075
6936 1125
6937 1100
6938 1125
6939 1050
6940 1150
6941 1125
6942 1125
6943 1050
6944 1225
6945 1150
6946 1200
6947 1250
6948 1125
6949 1150
6950 1050
6951 1150
6952 1150
6953 1100
6954 1125
6955 1100
6956 1150
6957 1175
6958 1175
6959 1100
6960 1175
6961 1075
6962 1075
6963 1175
6964 1175
6965 1200
6966 1200
6967 1075
6968 1100
6969 1050
6970 1075
6971 1150
6972 1125
6973 1075
6974 1050
6975 1100
6976 1150
6977 1125
6978 1150
6979 1075
6980 1050
6981 1100
6982 1075
6983 1150
6984 1100
6985 1100
6986 1175
6987 1125
6988 1100
6989 1100
6990 1075
6991 1125
6992 1100
6993 1100
6994 1125
6995 1200
6996 1175
6997 1125
6998 1200
6999 1050
7000 1150
7001 1125
7002 1050
7003 1150
7004 1075
7005 1125
7006 1125
7007 1050
7008 1175
7009 1125
7010 1125
7011 1100
7012 1100
7013 1050
7014 1050
7015 1175
7016 1075
7017 1150
7018 1100
7019 1150
7020 1050
7021 1125
7022 1025
7023 1050
7024 1125
7025 1100
7026 1175
7027 1075
7028 1100
7029 1225
7030 1100
7031 1075
7032 1150
7033 1025
7034 1125
7035 1050
7036 1125
7037 1025
7038 1050
7039 1200
7040 1125
7041 1075
7042 1125
7043 1075
7044 1100
7045 1200
7046 1150
7047 1100
7048 1125
7049 1150
7050 1100
7051 1100
7052 1125
7053 1125
7054 1150
Unexpected message received for job 1049131
7055 1150
7056 1125
7057 1200
7058 1125
7059 1100
7060 1200
7061 1200
Unexpected message received for job 1049131
7062 1100
7063 1100
7064 1175
7065 1125
7066 1125
7067 1125
7068 1150
7069 1125
7070 1175
7071 1150
7072 1225
7073 1075
7074 1175
7075 1125
7076 1125
7077 1075
7078 1150
7079 1175
7080 1125
7081 1100
7082 1150
7083 1175
7084 1125
7085 1150
7086 1125
7087 1150
7088 1100
7089 1100
7090 1125
7091 1125
7092 1075
7093 1125
7094 1125
7095 1150
7096 1100
7097 1100
7098 1050
7099 1150
7100 1100
7101 1150
7102 1100
7103 1075
7104 1075
7105 1175
7106 1175
7107 1100
7108 1175
7109 1125
7110 1100
7111 1150
7112 1175
7113 1150
7114 1075
7115 1175
7116 1100
7117 1050
7118 1100
7119 1100
7120 1075
7121 1200
7122 1150
7123 1125
7124 1100
7125 1200
7126 1050
7127 1100
7128 1075
7129 1050
7130 1225
7131 1100
7132 1075
7133 1100
7134 1100
7135 1075
7136 1150
7137 1050
7138 1150
7139 1100
7140 1200
7141 1175
7142 1150
7143 1100
7144 1200
7145 1125
7146 1100
7147 1175
7148 1100
7149 1100
7150 1075
7151 1125
7152 1125
7153 1075
7154 1125
7155 1200
7156 1075
7157 1150
7158 1125
7159 1175
7160 1125
7161 1050
7162 1125
7163 1150
7164 1075
7165 1175
7166 1150
7167 1150
7168 1100
7169 1175
7170 1125
7171 1200
7172 1100
7173 1125
7174 1175
7175 1100
7176 1050
7177 1150
7178 1125
7179 1150
7180 1125
7181 1075
7182 1100
7183 1150
7184 1050
7185 1175
7186 1100
7187 1050
7188 1100
7189 1125
7190 1125
7191 1100
7192 1200
7193 1100
7194 1100
7195 1050
7196 1075
7197 1075
7198 1225
7199 1125
7200 1125
7201 1150
7202 1075
7203 1175
7204 1050
7205 1125
7206 1175
7207 1100
7208 1150
7209 1225
7210 1125
7211 1125
7212 1125
7213 1125
7214 1150
7215 1175
7216 1150
7217 1100
7218 1150
7219 1175
7220 1175
7221 1050
7222 1100
7223 1125
7224 1175
7225 1100
7226 1150
7227 1050
7228 1100
7229 1200
7230 1075
7231 1175
7232 1150
7233 1100
7234 1150
7235 1175
7236 1175
7237 1050
7238 1175
7239 1050
7240 1025
7241 1075
7242 1200
7243 1125
7244 1075
7245 1150
7246 1150
7247 1175
7248 1125
7249 1075
7250 1150
7251 1075
7252 1100
7253 1050
7254 1100
7255 1100
7256 1125
7257 1150
7258 1025
7259 1150
7260 1150
7261 1075
7262 1125
7263 1175
7264 1050
7265 1075
7266 1125
7267 1125
7268 1125
7269 1150
7270 1075
7271 1150
7272 1125
7273 1100
7274 1175
7275 1100
7276 1150
7277 1075
7278 1075
7279 1075
7280 1100
7281 1175
7282 1125
7283 1100
7284 1175
7285 1075
7286 1100
7287 1150
7288 1150
7289 1200
7290 1125
7291 1100
7292 1075
7293 1075
7294 1125
7295 1125
7296 1100
7297 1075
7298 1100
7299 1100
7300 1125
7301 1150
7302 1200
7303 1175
7304 1125
7305 1075
7306 1075
7307 1100
7308 1175
7309 1100
7310 1100
7311 1175
7312 1125
7313 1100
7314 1175
7315 1125
7316 1125
7317 1100
7318 1075
7319 1200
7320 1100
7321 1150
7322 1125
7323 1075
7324 1100
7325 1150
7326 1200
7327 1150
7328 1225
7329 1125
7330 1075
7331 1050
7332 1150
7333 1050
7334 1150
7335 1100
7336 1100
7337 1100
7338 1100
7339 1050
7340 1100
7341 1125
7342 1175
7343 1075
7344 1150
7345 1075
7346 1125
7347 1100
7348 1150
7349 1125
7350 1075
7351 1125
7352 1075
7353 1075
7354 1150
7355 1175
7356 1150
7357 1075
7358 1100
7359 1125
7360 1225
7361 1125
7362 1150
7363 1075
7364 1150
7365 1125
7366 1100
7367 1100
7368 1100
7369 1175
7370 975
7371 1100
7372 1150
7373 1050
7374 1125
7375 1125
7376 1125
7377 1125
7378 1125
7379 1200
7380 1150
7381 1150
7382 1100
7383 1150
7384 1075
7385 1125
7386 1175
7387 1125
7388 1100
7389 1075
7390 1125
7391 1175
7392 1050
7393 1175
7394 1150
7395 1100
7396 1125
7397 1125
7398 1175
7399 1150
7400 1175
7401 1200
7402 1175
7403 1075
7404 1100
7405 1125
7406 1150
7407 1025
7408 1025
7409 1100
7410 1075
7411 1100
7412 1200
7413 1100
7414 1175
7415 1125
7416 1075
7417 1150
7418 1150
7419 1200
7420 1200
7421 1125
7422 1150
7423 1125
7424 1025
7425 1125
7426 1125
7427 1175
7428 1175
7429 1175
7430 1175
7431 1100
7432 1075
7433 1175
7434 1075
7435 1200
7436 1225
7437 1125
7438 1050
7439 1100
7440 1200
7441 1100
7442 1150
7443 1075
7444 1100
7445 1250
7446 1125
7447 1100
7448 1025
7449 1125
7450 1150
7451 1100
7452 1175
7453 1075
7454 1075
7455 1200
7456 1100
7457 1150
7458 1125
7459 1125
7460 1050
7461 1125
7462 1125
7463 1200
7464 1125
7465 1100
7466 1100
7467 1075
7468 1150
7469 1075
7470 1150
7471 1175
7472 1125
7473 1075
7474 1025
7475 1100
7476 1075
7477 1150
7478 1100
7479 1100
7480 1075
7481 1175
7482 1075
7483 1150
7484 1125
7485 1125
7486 1075
7487 1075
7488 1150
7489 1125
7490 1175
7491 1100
7492 1100
7493 1225
7494 1175
7495 1125
7496 1125
7497 1075
7498 1175
7499 1100
7500 1150
7501 1225
7502 1075
7503 1075
7504 1100
7505 1200
7506 1075
7507 1100
7508 1150
7509 1150
7510 1100
7511 975
7512 1125
7513 1150
7514 1150
7515 1100
7516 1100
7517 1075
7518 1125
7519 1125
7520 1100
7521 1150
7522 1100
7523 1125
7524 1050
7525 1100
7526 1075
7527 1225
7528 1075
7529 1075
7530 1075
7531 1150
7532 1175
7533 1100
7534 1050
7535 1150
7536 1100
7537 1025
7538 1075
7539 1125
7540 1225
7541 1075
7542 1050
7543 1075
7544 1050
7545 1150
7546 1075
7547 1150
7548 1100
7549 1050
7550 1100
7551 1125
7552 1125
7553 1150
7554 1075
7555 1200
7556 1075
7557 1175
7558 1100
7559 1125
7560 1075
7561 1100
7562 1075
7563 1175
7564 1225
7565 1175
7566 1125
7567 1100
7568 1125
7569 1175
7570 1075
7571 1150
7572 1175
7573 1050
7574 1050
7575 1175
7576 1050
7577 1050
7578 1075
7579 1000
7580 1125
7581 1100
7582 1050
7583 1100
7584 1075
7585 1100
7586 1150
7587 1125
7588 1100
7589 1100
7590 1150
7591 1150
7592 1100
7593 1175
7594 1100
7595 1050
7596 1125
7597 1150
7598 1175
7599 1175
7600 1075
7601 1100
7602 1075
7603 1100
7604 1075
7605 1050
7606 1175
7607 1175
7608 975
7609 1100
7610 1075
7611 1075
7612 1050
7613 1050
7614 1225
7615 1125
7616 1075
7617 1200
7618 1100
7619 1125
7620 1150
7621 1150
7622 1150
7623 1125
7624 1150
7625 1125
7626 1125
7627 1000
7628 1150
7629 1150
7630 1100
7631 1150
7632 1100
7633 1175
7634 1075
7635 1100
7636 1125
7637 1200
7638 1100
7639 1050
7640 1150
7641 1100
7642 1200
7643 1100
7644 1150
7645 1100
7646 1150
7647 1150
7648 1075
7649 1125
7650 1125
7651 1150
7652 1200
7653 1150
7654 1150
7655 1175
7656 1175
7657 1175
7658 1150
7659 1125
7660 1075
7661 1125
7662 1150
7663 1150
7664 1150
7665 1150
7666 1100
7667 1200
7668 1075
7669 1075
7670 1075
7671 1150
7672 1200
7673 1150
7674 1125
7675 1175
7676 1100
7677 1050
7678 1100
7679 1100
7680 1200
7681 1225
7682 1100
7683 1125
7684 1150
7685 1125
7686 1100
7687 1200
7688 1100
7689 1075
7690 1075
7691 1150
7692 1100
7693 1125
7694 1050
7695 1075
7696 1100
7697 1075
7698 1175
7699 1150
7700 1100
7701 1250
7702 1100
7703 1150
7704 1100
7705 1125
7706 1150
7707 1050
7708 1200
7709 1175
7710 1075
7711 1075
7712 1100
7713 1050
7714 1100
7715 1075
7716 1150
7717 1200
7718 1150
7719 1175
7720 1175
7721 1175
7722 1075
7723 1075
7724 1125
7725 1125
7726 1050
7727 1150
7728 1125
7729 1050
7730 1075
7731 1075
7732 1125
7733 1150
7734 1100
7735 1100
7736 1100
7737 1125
7738 1100
7739 1125
7740 1100
7741 1100
7742 1050
7743 1100
7744 1100
7745 1125
7746 1150
7747 1150
7748 1100
7749 1100
7750 1075
7751 1175
7752 1100
7753 1150
7754 1175
7755 1075
7756 1125
7757 1050
7758 1100
7759 1175
7760 1050
7761 1175
7762 1100
7763 1125
7764 1150
7765 1125
7766 1075
7767 1050
7768 1125
7769 1100
7770 1100
7771 1175
7772 1225
7773 1100
7774 1100
7775 1150
7776 1175
7777 1075
7778 1150
7779 1125
7780 1075
7781 1075
7782 1100
7783 1150
7784 1100
7785 1125
7786 1150
7787 1100
7788 1100
7789 1225
7790 1100
7791 1125
7792 1075
7793 1025
7794 1150
7795 1125
7796 1125
7797 1125
7798 1125
7799 1075
7800 1125
7801 1150
7802 1125
7803 1100
7804 1050
7805 1075
7806 1200
7807 1075
7808 1050
7809 1150
7810 1150
7811 1200
7812 1100
7813 1100
7814 1100
7815 1175
7816 1125
7817 1100
7818 1100
7819 1200
7820 1025
7821 1025
7822 1100
7823 1125
7824 1175
7825 1100
7826 1175
7827 1150
7828 1050
7829 1050
7830 1150
7831 1150
7832 1150
7833 1175
7834 1125
7835 1125
7836 1125
7837 1175
7838 1125
7839 1125
7840 1050
7841 1100
7842 1100
7843 1125
7844 1075
7845 1150
7846 1150
7847 1150
7848 1100
7849 1100
7850 1125
7851 1150
7852 1075
7853 1075
7854 1150
7855 1100
7856 1100
7857 1125
7858 1125
7859 1175
7860 1150
7861 1075
7862 1100
7863 1150
7864 1100
7865 1075
7866 1100
7867 1125
7868 1100
7869 1150
7870 1150
7871 1100
7872 1050
7873 1050
7874 1050
7875 1050
7876 1075
7877 1100
7878 1150
7879 1100
7880 1125
7881 1150
7882 1150
7883 1075
7884 1100
7885 1150
7886 1125
7887 1150
7888 1050
7889 1125
7890 1100
7891 1150
7892 1125
7893 1100
7894 1050
7895 1125
7896 1150
7897 1150
7898 1075
7899 1175
7900 1175
7901 1050
7902 1100
7903 1125
7904 1075
7905 1100
7906 1050
7907 1050
7908 1075
7909 1100
7910 1125
7911 1150
7912 1075
7913 1075
7914 1100
7915 1175
7916 1150
7917 1075
7918 1150
7919 1125
7920 1100
7921 1075
7922 1100
7923 1025
7924 1125
7925 1050
7926 1075
7927 1075
7928 1125
7929 1175
7930 1075
7931 1100
7932 1025
7933 1125
7934 1200
7935 1125
7936 1050
7937 1150
7938 1125
7939 1050
7940 1100
7941 1075
7942 1100
7943 1150
7944 1125
7945 1075
7946 1100
7947 1125
7948 1100
7949 1025
7950 1150
7951 1150
7952 1175
7953 1100
7954 1125
7955 1100
7956 1100
7957 1125
7958 1125
7959 1125
7960 1150
7961 1175
7962 1125
7963 1150
7964 1150
7965 1100
7966 1175
7967 1050
7968 1075
7969 1125
7970 1125
7971 1050
7972 1050
7973 1100
7974 1150
7975 1100
7976 1025
7977 1150
7978 1100
7979 1125
7980 1075
7981 1150
7982 1100
7983 1100
7984 1150
7985 1125
7986 1075
7987 1075
7988 1075
7989 1150
7990 1075
7991 1075
7992 1125
7993 1100
7994 1125
7995 1075
7996 1100
7997 1075
7998 1125
7999 1150
8000 1150
8001 1125
8002 1100
8003 1125
8004 1050
8005 1125
8006 1100
8007 1100
8008 1175
8009 1175
8010 1200
8011 1200
8012 1050
8013 1050
8014 1150
8015 1050
8016 1100
8017 1150
8018 1175
8019 1025
8020 1100
8021 1100
8022 1100
8023 1125
8024 1100
8025 1150
8026 1125
8027 1200
8028 1225
8029 1075
8030 1100
8031 1075
8032 1100
8033 1200
8034 1075
8035 1075
8036 1100
8037 1100
8038 1125
8039 1125
8040 1150
8041 1125
8042 1150
8043 1225
8044 1100
8045 1175
8046 1125
8047 1175
8048 1150
8049 1075
8050 1225
8051 1225
8052 1075
8053 1075
8054 1175
8055 1125
8056 1175
8057 1050
8058 1150
8059 1175
8060 1050
8061 1075
8062 1050
8063 1000
8064 1050
8065 1050
8066 1075
8067 1150
8068 1100
8069 1125
8070 1075
8071 1125
8072 1100
8073 1100
8074 1075
8075 1125
8076 1100
8077 1175
8078 1125
8079 1125
8080 1200
8081 1100
8082 1175
8083 1125
8084 1075
8085 1075
8086 1075
8087 1100
8088 1075
8089 1175
8090 1125
8091 1100
8092 1150
8093 1100
8094 1075
8095 1050
8096 1100
8097 1175
8098 1175
8099 1075
8100 1100
8101 1125
8102 1200
8103 1050
8104 1125
8105 1175
8106 1050
8107 1100
8108 1200
8109 1100
8110 1150
8111 1075
8112 1075
8113 1075
8114 1100
8115 1050
8116 1100
8117 1125
8118 1225
8119 1075
8120 1100
8121 1150
8122 1050
8123 1050
8124 1050
8125 1150
8126 1075
8127 1150
8128 1075
8129 1075
8130 1025
8131 1125
8132 1100
8133 1150
8134 1075
8135 1150
8136 1050
8137 1125
8138 1100
8139 1050
8140 1125
8141 1125
8142 1150
8143 1150
8144 1150
8145 1075
8146 1100
8147 1100
8148 1100
8149 1100
8150 1200
8151 1050
8152 1125
8153 1150
8154 1200
8155 1125
8156 1025
8157 1150
8158 1100
8159 1125
8160 1125
8161 1100
8162 1150
8163 1050
8164 1100
8165 1075
8166 1100
8167 1150
8168 1050
8169 1125
8170 1150
8171 1100
8172 1100
8173 1075
8174 1150
8175 1050
8176 1125
8177 1100
8178 1200
8179 1150
8180 1075
8181 1150
8182 1075
8183 1025
8184 1025
8185 1150
8186 1150
8187 1075
8188 1075
8189 1100
8190 1150
8191 1075
8192 1150
8193 1100
8194 1075
8195 1175
8196 1225
8197 1100
8198 1050
8199 1125
8200 1175
8201 1075
8202 1050
8203 1125
8204 1075
8205 1150
8206 1100
8207 1075
8208 1125
8209 1100
8210 1100
8211 1000
8212 1075
8213 1050
8214 1100
8215 1075
8216 1100
8217 1100
8218 1150
8219 1125
8220 1025
8221 1050
8222 1075
8223 1150
8224 1075
8225 1075
8226 1150
8227 1050
8228 1125
8229 1075
8230 1050
8231 1150
8232 1100
8233 1100
8234 1100
8235 1025
8236 1150
8237 1125
8238 1125
8239 1125
8240 1125
8241 1075
8242 1125
8243 1075
8244 1125
8245 1025
8246 1100
8247 1050
8248 1125
8249 1100
8250 1200
8251 1075
8252 1075
8253 1075
8254 1100
8255 1175
8256 1100
8257 1125
8258 1050
8259 1050
8260 1100
8261 1150
8262 1075
8263 1150
8264 1050
8265 1075
8266 1050
8267 1100
8268 1100
8269 1100
8270 1050
8271 1125
8272 1025
8273 1050
8274 1100
8275 1025
8276 1075
8277 1175
8278 1150
8279 1125
8280 1175
8281 1100
8282 1125
8283 1150
8284 1100
8285 1075
8286 1100
8287 1075
8288 1125
8289 1050
8290 1125
8291 1150
8292 1150
8293 1100
8294 1125
8295 1150
8296 1075
8297 1100
8298 1100
8299 1100
8300 1150
8301 1150
8302 1175
8303 1050
8304 1225
8305 1100
8306 1075
8307 1100
8308 1100
8309 1025
8310 1075
8311 1075
8312 1075
8313 1125
8314 1025
8315 1150
8316 1050
8317 1075
8318 1175
8319 1125
8320 1100
8321 1125
8322 1050
8323 1075
8324 1075
8325 1125
8326 1125
8327 1125
8328 1075
8329 1050
8330 1075
8331 1150
8332 1175
8333 1100
8334 1175
8335 1150
8336 1100
8337 1100
8338 1175
8339 1125
8340 1125
8341 1125
8342 1100
8343 1025
8344 1175
8345 1125
8346 1125
8347 1075
8348 1050
8349 1225
8350 1050
8351 1125
8352 1075
8353 1100
8354 1125
8355 1125
8356 1100
8357 1075
8358 1100
8359 1100
8360 1200
8361 1125
8362 1125
8363 1125
8364 1125
8365 1000
8366 1100
8367 1125
8368 1100
8369 1175
8370 1100
8371 1025
8372 1025
8373 1100
8374 1125
8375 1125
8376 1100
8377 1075
8378 1050
8379 1025
8380 1125
8381 1175
8382 1150
8383 1100
8384 1125
8385 1225
8386 1075
8387 1100
8388 1150
8389 1150
8390 1150
8391 1125
8392 1225
8393 1175
8394 1125
8395 1025
8396 1075
8397 1025
8398 1075
8399 1100
8400 1075
8401 1075
8402 1075
8403 1150
8404 1125
8405 1050
8406 1125
8407 1075
8408 1150
8409 1025
8410 1075
8411 1050
8412 1050
8413 1200
8414 1050
8415 1125
8416 1150
8417 1250
8418 1125
8419 1150
8420 1175
8421 1050
8422 1150
8423 1125
8424 1200
8425 1150
8426 1075
8427 1075
8428 1100
8429 1075
8430 1050
8431 1075
8432 1125
8433 1100
8434 1025
8435 1075
8436 1150
8437 1125
8438 1100
8439 1100
8440 1125
8441 1100
8442 1100
8443 1100
8444 1050
8445 1050
8446 1125
8447 1125
8448 1100
8449 1175
8450 1125
8451 1125
8452 1075
8453 1125
8454 1050
8455 1075
8456 1050
8457 1125
8458 1125
8459 1100
8460 1100
8461 1025
8462 1025
8463 1150
8464 1075
8465 1075
8466 1075
8467 1150
8468 1100
8469 1175
8470 1125
8471 1100
8472 1100
8473 1100
8474 1100
8475 1050
8476 1000
8477 1200
8478 1150
8479 1200
8480 1150
8481 1050
8482 1125
8483 1200
8484 1050
8485 1100
8486 1150
8487 1075
8488 1150
8489 1075
8490 1150
8491 1150
8492 1075
8493 1100
8494 1100
8495 1075
8496 1125
8497 1100
8498 1100
8499 1100
8500 1075
8501 1025
8502 1100
8503 1100
8504 1100
8505 1050
8506 1125
8507 1125
8508 1100
8509 1025
8510 1175
8511 1050
8512 1075
8513 1100
8514 1150
8515 1075
8516 1150
8517 1100
8518 1075
8519 1100
8520 1050
8521 1150
8522 1025
8523 1075
8524 1075
8525 1125
8526 1125
8527 1000
8528 1100
8529 1075
8530 1100
8531 1150
8532 1075
8533 1175
8534 1125
8535 1100
8536 1100
8537 1075
8538 1125
8539 1100
8540 1125
8541 1025
8542 1075
8543 1100
8544 1075
8545 1075
8546 1125
8547 1025
8548 1100
8549 1075
8550 1075
8551 1100
8552 1075
8553 1125
8554 1125
8555 1125
8556 1200
8557 1150
8558 1125
8559 1100
8560 1100
8561 1100
8562 1125
8563 1100
8564 1125
8565 1125
8566 1100
8567 1000
8568 1075
8569 1100
8570 1175
8571 1100
8572 1100
8573 1050
8574 1175
8575 1150
8576 1075
8577 1025
8578 1100
8579 1025
8580 1175
8581 1175
8582 1200
8583 1000
8584 1175
8585 1150
8586 1100
8587 1075
8588 1125
8589 1100
8590 1075
8591 1150
8592 1050
8593 1075
8594 1075
8595 1125
8596 1125
8597 1025
8598 1025
8599 1000
8600 1125
8601 1125
8602 1075
8603 1150
8604 1250
8605 1025
8606 1200
8607 1200
8608 1150
8609 1050
8610 1125
8611 1100
8612 1125
8613 1150
8614 1125
8615 1100
8616 1200
8617 1075
8618 1100
8619 1100
8620 1100
8621 1100
8622 1100
8623 1175
8624 1150
8625 1125
8626 1050
8627 1125
8628 1100
8629 1100
8630 1075
8631 1075
8632 1175
8633 1100
8634 1175
8635 1075
8636 1050
8637 1175
8638 1100
8639 1150
8640 1125
8641 1075
8642 1050
8643 1100
8644 1150
8645 1100
8646 1050
8647 1125
8648 1100
8649 1075
8650 1150
8651 1100
8652 1100
8653 1125
8654 1125
8655 1075
8656 1025
8657 1175
8658 1100
8659 1075
8660 1075
8661 1075
8662 1125
8663 1175
8664 1025
8665 1125
8666 1175
8667 1150
8668 1075
8669 1075
8670 1100
8671 1125
8672 1175
8673 1150
8674 1100
8675 1075
8676 1075
8677 1050
8678 1100
8679 1100
8680 1075
8681 1075
8682 1075
8683 1075
8684 1050
8685 1125
8686 1075
8687 1100
8688 1125
8689 1125
8690 1150
8691 1075
8692 1150
8693 1125
8694 1125
8695 1150
8696 1150
8697 1100
8698 1075
8699 1075
8700 1125
8701 1100
8702 1100
8703 1075
8704 1175
8705 1125
8706 1100
8707 1150
8708 1150
8709 1050
8710 1150
8711 1100
8712 1100
8713 1200
8714 1125
8715 1125
8716 1075
8717 1175
8718 1150
8719 1075
8720 1075
8721 1175
8722 1125
8723 1075
8724 1100
8725 1125
8726 1125
8727 1150
8728 1075
8729 1125
8730 1125
8731 1100
8732 1100
8733 1125
8734 1050
8735 1100
8736 1075
8737 1200
8738 1050
8739 1075
8740 1050
8741 1100
8742 1050
8743 1125
8744 1025
8745 1150
8746 1125
8747 1075
8748 1075
8749 1050
8750 1025
8751 1075
8752 1125
8753 1100
8754 1150
8755 1050
8756 1125
8757 1200
8758 1100
8759 1150
8760 1025
8761 1100
8762 1125
8763 1150
8764 1075
8765 1125
8766 1100
8767 1175
8768 1075
8769 1050
8770 1075
8771 1125
8772 1125
8773 1100
8774 1050
8775 1025
8776 1075
8777 1075
8778 1175
8779 1100
8780 1075
8781 1125
8782 1175
8783 1175
Unexpected message received for job 1049131
8784 1050
8785 1075
8786 1075
8787 1050
8788 1075
8789 1150
8790 1100
8791 1125
Unexpected message received for job 1049131
8792 1100
8793 1050
8794 1025
8795 1100
8796 1100
8797 1075
8798 1050
8799 1100
8800 1200
8801 1075
8802 1100
8803 1200
8804 1025
8805 1125
8806 1150
8807 1125
8808 1075
8809 1100
8810 1150
8811 1125
8812 1125
8813 1025
8814 1150
8815 1125
8816 1125
8817 1100
8818 1125
8819 1100
8820 1075
8821 1150
8822 1125
8823 1100
8824 1075
8825 1025
8826 1125
8827 1075
8828 1150
8829 1125
8830 1175
8831 1100
8832 1125
8833 1175
8834 1075
8835 1100
8836 1075
8837 1075
8838 1100
8839 1025
8840 1200
8841 1150
8842 1125
8843 1125
8844 1050
8845 1125
8846 1100
8847 1150
8848 1100
8849 1150
8850 1125
8851 1100
8852 1125
8853 1075
8854 1050
8855 1100
8856 1125
8857 1075
8858 1125
8859 1150
8860 1125
8861 1025
8862 1075
8863 1050
8864 1075
8865 1125
8866 1100
8867 1050
8868 1075
8869 1200
8870 1150
8871 1100
8872 1100
8873 1050
8874 1100
8875 1100
8876 1100
8877 1100
8878 1100
8879 1175
8880 1050
8881 1050
8882 1125
8883 1150
8884 1100
8885 1200
8886 1075
8887 1050
8888 1175
8889 1025
8890 1150
8891 1100
8892 1150
8893 1075
8894 1100
8895 1075
8896 1050
8897 1050
8898 1075
8899 1075
8900 1125
8901 1075
8902 1125
8903 1075
8904 1125
8905 1150
8906 1100
8907 1200
8908 1075
8909 1125
8910 1025
8911 1200
8912 1000
8913 1125
8914 1125
8915 1100
8916 1350
8917 1100
8918 1075
8919 1100
8920 1100
8921 1050
8922 1150
8923 1075
8924 1125
8925 1100
8926 1150
8927 1050
8928 1150
8929 1050
8930 1075
8931 1100
8932 1100
8933 1200
8934 1150
8935 1100
8936 1100
8937 1075
8938 1100
8939 1075
8940 1100
8941 1100
8942 1125
8943 1125
8944 1075
8945 1075
8946 1125
8947 1150
8948 1075
8949 1100
8950 1075
8951 1050
8952 1050
8953 1125
8954 1100
8955 1100
8956 1025
8957 1225
8958 1100
8959 1175
8960 1000
8961 1125
8962 1150
8963 1025
8964 1125
8965 1075
8966 1075
8967 1100
8968 1200
8969 1050
8970 1100
8971 1175
8972 1100
8973 1100
8974 1100
8975 1025
8976 1100
8977 1050
8978 1075
8979 1075
8980 1125
8981 1125
8982 1100
8983 1075
8984 1100
8985 1100
8986 1175
8987 1100
8988 1175
8989 1050
8990 1125
8991 1050
8992 1075
8993 1150
8994 1100
8995 1075
8996 1125
8997 1125
8998 1100
8999 1100
9000 1050
9001 1075
9002 1150
9003 1075
9004 1125
9005 1175
9006 1075
9007 1125
9008 1200
9009 1050
9010 1100
9011 1075
9012 1100
9013 1075
9014 1100
9015 1075
9016 1125
9017 1150
9018 1075
9019 1075
9020 1025
9021 975
9022 1075
9023 1050
9024 1125
9025 1050
9026 1075
9027 1025
9028 1075
9029 1050
9030 1175
9031 1075
9032 1100
9033 1175
9034 975
9035 1100
9036 1175
9037 1075
9038 1025
9039 1150
9040 1100
9041 1175
9042 1125
9043 1150
9044 1125
9045 1125
9046 1050
9047 1050
9048 1050
9049 1000
9050 1075
9051 1125
9052 1100
9053 1050
9054 1125
9055 1075
9056 1075
9057 1100
9058 1050
9059 1075
9060 1050
9061 1075
9062 1125
9063 1075
9064 1175
9065 1100
9066 1175
9067 1075
9068 1050
9069 1100
9070 1025
9071 1200
9072 1075
9073 1125
9074 1125
9075 1100
9076 1175
9077 1125
9078 1125
9079 1125
9080 1150
9081 1125
9082 1250
9083 1050
9084 1075
9085 1100
9086 1150
9087 1150
9088 1150
9089 1125
9090 1075
9091 1150
9092 1050
9093 1100
9094 1100
9095 1100
9096 1150
9097 1025
9098 1050
9099 1100
9100 1150
9101 1125
9102 1075
9103 1100
9104 1025
9105 1200
9106 1100
9107 1150
9108 1150
9109 1175
9110 1125
9111 1125
9112 1125
9113 1150
9114 1100
9115 1125
9116 1100
9117 1100
9118 1050
9119 1200
9120 1100
9121 1050
9122 1100
9123 1025
9124 1100
9125 1125
9126 1125
9127 1150
9128 1050
9129 1025
9130 1150
9131 1050
9132 1100
9133 1100
9134 1075
9135 1125
9136 1100
9137 1100
9138 1125
9139 1125
9140 1200
9141 1100
9142 1100
9143 1200
9144 1225
9145 1125
9146 1125
9147 1100
9148 1100
9149 1050
9150 1050
9151 1100
9152 1000
9153 1075
9154 1150
9155 1075
9156 1125
9157 1075
9158 1100
9159 1075
9160 1000
9161 1050
9162 1125
9163 1150
9164 1100
9165 1050
9166 1050
9167 1075
9168 1050
9169 1100
9170 1125
9171 1050
9172 1150
9173 1075
9174 1100
9175 1075
9176 1075
9177 1150
9178 1125
9179 1050
9180 1075
9181 1050
9182 1100
9183 1100
9184 1025
9185 1125
9186 1050
9187 1100
9188 1100
9189 1125
9190 1100
9191 1150
9192 1150
9193 1100
9194 1125
9195 1100
9196 1175
9197 1100
9198 1075
9199 1100
9200 1150
9201 1200
9202 1025
9203 1100
9204 1075
9205 1150
9206 1125
9207 1100
9208 1100
9209 1050
9210 1100
9211 1075
9212 1075
9213 1025
9214 1075
9215 1050
9216 1150
9217 1050
9218 1150
9219 1050
9220 1025
9221 1075
9222 1125
9223 1150
9224 1075
9225 1125
9226 1100
9227 1125
9228 1175
9229 1025
9230 1150
9231 1125
9232 1075
9233 1025
9234 1100
9235 1150
9236 1075
9237 1150
9238 1050
9239 1075
9240 1050
9241 1150
9242 1100
9243 1175
9244 1100
9245 1125
9246 1100
9247 1200
9248 1175
9249 1100
9250 1100
9251 1175
9252 1050
9253 1075
9254 1100
9255 1150
9256 1100
9257 1025
9258 1125
9259 1200
9260 1075
9261 1125
9262 1075
9263 1125
9264 1100
9265 1075
9266 1150
9267 1125
9268 1125
9269 1075
9270 1125
9271 1075
9272 1175
9273 1125
9274 1075
9275 1175
9276 1150
9277 1100
9278 1200
9279 1100
9280 1050
9281 1125
9282 1225
9283 1125
9284 1150
9285 1250
9286 1225
9287 1175
9288 1225
9289 1150
9290 1150
9291 1250
9292 1125
9293 1175
9294 1025
9295 1125
9296 1125
9297 1125
9298 1150
9299 1125
9300 1100
9301 1100
9302 1025
9303 1075
9304 1100
9305 1050
9306 1075
9307 1100
9308 1125
9309 1000
9310 1050
9311 1150
9312 1075
9313 1075
9314 1025
9315 1075
9316 1125
9317 1075
9318 1050
9319 1075
9320 1125
9321 1150
9322 1050
9323 1100
9324 1025
9325 1075
9326 1075
9327 1100
9328 1050
9329 1150
9330 1150
9331 1125
9332 1125
9333 1100
9334 1075
9335 1050
9336 1100
9337 1100
9338 1075
9339 1100
9340 1075
9341 1100
9342 1100
9343 1025
9344 1125
9345 1150
9346 1150
9347 1100
9348 1125
9349 1150
9350 1050
9351 1100
9352 1100
9353 1125
9354 1075
9355 1100
9356 1075
9357 1100
9358 1100
9359 1125
9360 1125
9361 1125
9362 1150
9363 1125
9364 1075
9365 1025
9366 1125
9367 1125
9368 1100
9369 1125
9370 1100
9371 1000
9372 1025
9373 1125
9374 1100
9375 1075
9376 1100
9377 1175
9378 1125
9379 1025
9380 1175
9381 1100
9382 1075
9383 1100
9384 1150
9385 1050
9386 1075
9387 1075
9388 1125
9389 1025
9390 1150
9391 1050
9392 1075
9393 1150
9394 1125
9395 1200
9396 1100
9397 1100
9398 1100
9399 1075
9400 1100
9401 1050
9402 1150
9403 1075
9404 1150
9405 1100
9406 1125
9407 1125
9408 1150
9409 1125
9410 1050
9411 1075
9412 1050
9413 1100
9414 1100
9415 1025
9416 1100
9417 1025
9418 1150
9419 1075
9420 1100
9421 1075
9422 1075
9423 1175
9424 1150
9425 1025
9426 1075
9427 1125
9428 1075
9429 1150
9430 1175
9431 1075
9432 1050
9433 1100
9434 1175
9435 1025
9436 1075
9437 1100
9438 1050
9439 1050
9440 1050
9441 1100
9442 1100
9443 1000
9444 1000
9445 1050
9446 1150
9447 1075
9448 1125
9449 1050
9450 1125
9451 1100
9452 1125
9453 1050
9454 1175
9455 1075
9456 1025
9457 1075
9458 1100
9459 1100
9460 1000
9461 1150
9462 1100
9463 1050
9464 1125
9465 1125
9466 1075
9467 1025
9468 1125
9469 1100
9470 1100
9471 1100
9472 1050
9473 1100
9474 1100
9475 1025
9476 1075
9477 1050
9478 1050
9479 1125
9480 1125
9481 1050
9482 1200
9483 1100
9484 1075
9485 1100
9486 1125
9487 1050
9488 1175
9489 1050
9490 1225
9491 1150
9492 1075
9493 1075
9494 1225
9495 1150
9496 1150
9497 1125
9498 1100
9499 1150
9500 1150
9501 1125
9502 1150
9503 1075
9504 1175
9505 1050
9506 1200
9507 1175
9508 1050
9509 1100
9510 1075
9511 1100
9512 1100
9513 1050
9514 1175
9515 1125
9516 1125
9517 1100
9518 1100
9519 1075
9520 1125
9521 1150
9522 1125
9523 1175
9524 1125
9525 1125
9526 1100
9527 1200
9528 1100
9529 1100
9530 1125
9531 1150
9532 1125
9533 1100
9534 1075
9535 1150
9536 1025
9537 1075
9538 1200
9539 1125
9540 1075
9541 1100
9542 1100
9543 1100
9544 1125
9545 1075
9546 1075
9547 1025
9548 1075
9549 1075
9550 1075
9551 1100
9552 1125
9553 1125
9554 1075
9555 1050
9556 1050
9557 1075
9558 1050
9559 1125
9560 1150
9561 1025
9562 1075
9563 1075
9564 1025
9565 1050
9566 1100
9567 1075
9568 1150
9569 1075
9570 1025
9571 1175
9572 1125
9573 1075
9574 1100
9575 1075
9576 1050
9577 1075
9578 1025
9579 1125
9580 1075
9581 1100
9582 1125
9583 1150
9584 1100
9585 1075
9586 1075
9587 1125
9588 1075
9589 1100
9590 1075
9591 1125
9592 1075
9593 1100
9594 1125
9595 1125
9596 1075
9597 1100
9598 1200
9599 1100
9600 1100
9601 1125
9602 1100
9603 1075
9604 1075
9605 1100
9606 1050
9607 1175
9608 1125
9609 1175
9610 1025
9611 1050
9612 1075
9613 1100
9614 1075
9615 1175
9616 1000
9617 1075
9618 1050
9619 1150
9620 1150
9621 1075
9622 1100
9623 1075
9624 1075
9625 1100
9626 1125
9627 1125
9628 1125
9629 1100
9630 1150
9631 1075
9632 1100
9633 1125
9634 1125
9635 1200
9636 1175
9637 1175
9638 1125
9639 1050
9640 1125
9641 1125
9642 1075
9643 1075
9644 1125
9645 1100
9646 1125
9647 1025
9648 1225
9649 1125
9650 1150
9651 1125
9652 1075
9653 1075
9654 1025
9655 1150
9656 1025
9657 1150
9658 1100
9659 1150
9660 1175
9661 1150
9662 1150
9663 1175
9664 1050
9665 1150
9666 1000
9667 1100
9668 1150
9669 1125
9670 1050
9671 1175
9672 1200
9673 1125
9674 1100
9675 1125
9676 1050
9677 1000
9678 1225
9679 1075
9680 1000
9681 1150
9682 1075
9683 1125
9684 1075
9685 1125
9686 1100
9687 1100
9688 1125
9689 1100
9690 1150
9691 1175
9692 1150
9693 1075
9694 1075
9695 1150
9696 1100
9697 1175
9698 1125
9699 1150
9700 975
9701 1000
9702 1050
9703 1100
9704 1175
9705 1075
9706 1125
9707 1000
9708 1150
9709 1075
9710 1075
9711 1000
9712 1050
9713 1025
9714 1075
9715 1075
9716 1025
9717 1050
9718 1075
9719 1050
9720 1075
9721 1125
9722 1100
9723 1075
9724 1125
9725 1100
9726 1150
9727 1125
9728 1125
9729 1075
9730 1075
9731 1225
9732 1025
9733 1175
9734 1075
9735 1075
9736 1125
9737 1075
9738 1100
9739 1100
9740 1075
9741 1100
9742 1075
9743 1100
9744 1100
9745 1100
9746 1000
9747 1100
9748 1200
9749 1125
9750 1100
9751 1050
9752 1075
9753 1125
9754 1075
9755 1075
9756 1050
9757 1025
9758 1075
9759 1050
9760 1050
9761 1100
9762 1075
9763 1125
9764 1125
9765 1150
9766 1100
9767 1100
9768 1175
9769 1100
9770 1075
9771 1125
9772 1100
9773 1075
9774 1150
9775 1100
9776 1150
9777 1100
9778 1125
9779 1125
9780 1125
9781 1200
9782 1100
9783 1100
9784 1125
9785 1100
9786 1050
9787 1050
9788 1050
9789 1150
9790 1075
9791 1150
9792 1125
9793 1225
9794 1125
9795 1025
9796 1150
9797 1125
9798 1125
9799 1050
9800 1100
9801 1100
9802 1050
9803 1000
9804 1075
9805 1100
9806 1075
9807 1150
9808 1075
9809 1100
9810 1050
9811 1125
9812 1125
9813 1025
9814 1100
9815 1100
9816 1200
9817 1075
9818 1150
9819 1225
9820 1100
9821 1125
9822 1150
9823 1025
9824 1050
9825 1025
9826 1150
9827 1050
9828 1075
9829 1050
9830 1075
9831 1100
9832 1125
9833 1100
9834 1100
9835 1100
9836 1100
9837 1025
9838 1050
9839 1075
9840 1050
9841 1175
9842 1150
9843 1100
9844 1050
9845 1050
9846 1175
9847 1150
9848 1125
9849 1050
9850 1075
9851 1075
9852 1075
9853 1025
9854 1075
9855 1125
9856 1050
9857 1075
9858 1100
9859 1075
9860 1075
9861 1100
9862 1100
9863 1050
9864 1100
9865 1150
9866 1150
9867 1025
9868 1000
9869 1050
9870 1100
9871 1100
9872 1100
9873 1125
9874 1125
9875 1125
9876 1150
9877 1125
9878 1150
9879 1125
9880 1075
9881 1075
9882 1125
9883 1075
9884 1050
9885 1075
9886 1100
9887 1050
9888 1075
9889 1100
9890 1050
9891 1175
9892 1175
9893 1075
9894 1100
9895 1100
9896 1125
9897 1100
9898 1025
9899 1050
9900 1050
9901 1100
9902 1075
9903 1125
9904 1100
9905 1075
9906 1100
9907 1250
9908 1100
9909 1150
9910 1050
9911 1050
9912 1125
9913 1075
9914 1150
9915 1100
9916 1075
9917 1250
9918 1125
9919 1050
9920 1100
9921 1075
9922 1050
9923 1025
9924 1050
9925 1125
9926 1075
9927 1150
9928 1100
9929 1150
9930 1125
9931 1200
9932 1125
9933 1075
9934 1100
9935 1050
9936 1050
9937 1025
9938 1125
9939 1125
9940 1100
9941 1050
9942 1025
9943 1150
9944 1100
9945 1125
9946 1125
9947 1100
9948 1125
9949 1175
9950 1100
9951 1075
9952 1100
9953 1100
9954 1100
9955 1075
9956 1175
9957 1075
9958 1100
9959 1125
9960 1050
9961 1050
9962 1200
9963 1175
9964 1150
9965 1200
9966 1175
9967 1100
9968 1100
9969 1150
9970 1175
9971 1150
9972 1150
9973 1100
9974 1075
9975 1075
9976 1100
9977 1050
9978 1200
9979 1075
9980 1100
9981 1100
9982 1125
9983 1125
9984 1075
9985 1075
9986 1150
9987 1100
9988 1125
9989 1000
9990 1150
9991 1125
9992 1050
9993 1100
9994 1075
9995 1050
9996 1025
9997 1075
9998 1100
9999 1175
Record :  950
