0 0
1 1512
2 1446
3 2484
4 1920
5 1992
6 1938
7 1278
8 2454
9 1692
10 1842
11 1314
12 1968
13 2670
14 1692
15 2472
16 1920
17 1788
18 3636
19 2070
20 2256
21 2706
22 2526
23 2898
24 2478
25 3276
26 2274
27 4398
28 558
29 2652
30 4026
31 2160
32 4344
33 3318
34 2472
35 4650
36 4452
37 3510
38 4746
39 4086
40 4764
41 4692
42 4086
43 4038
44 4686
45 3348
46 4254
47 3102
48 3168
49 3816
50 3090
51 4434
52 6816
53 3156
54 4008
55 6966
56 3204
57 5232
58 3810
59 3072
60 3852
61 2664
62 1830
63 6582
64 3252
65 2106
66 2358
67 348
68 6426
69 2370
70 4620
71 5214
72 3036
73 5580
74 1986
75 2346
76 4344
77 5286
78 2646
79 2094
80 3282
81 3150
82 6156
83 3546
84 3846
85 3402
86 3132
87 4680
88 6270
89 3204
90 2688
91 1962
92 3990
93 4044
94 3378
95 3282
96 4878
97 3504
98 5250
99 2178
100 2340
101 5196
102 2280
103 2628
104 2928
105 3672
106 6258
107 2370
108 3594
109 4794
110 4848
111 3840
112 2616
113 4242
114 2952
115 5658
116 1986
117 2004
118 2922
119 2862
120 3690
121 5424
122 4392
123 2934
124 4848
125 3576
126 4680
127 4908
128 3732
129 3522
130 2598
131 3900
132 5754
133 2904
134 2544
135 1320
136 5448
137 3288
138 3612
139 2700
140 3702
141 6114
142 6042
143 1608
144 2814
145 3666
146 3186
147 3588
148 2988
149 2376
150 2736
151 3012
152 3042
153 4536
154 2958
155 2058
156 2334
157 4866
158 4194
159 3732
160 3606
161 2700
162 5124
163 258
164 3750
165 2796
166 4470
167 3936
168 2538
169 2718
170 2262
171 2736
172 2544
173 3738
174 3576
175 3522
176 1860
177 3240
178 3720
179 3798
180 3366
181 2958
182 2586
183 2916
184 3372
185 2226
186 2982
187 4998
188 4596
189 4410
190 3516
191 5244
192 2334
193 4818
194 2760
195 2460
196 4608
197 3216
198 2970
199 4566
200 4506
201 2736
202 4632
203 2730
204 3510
205 4026
206 2814
207 4158
208 5634
209 4680
210 1434
211 1776
212 3474
213 6318
214 2448
215 2118
216 3312
217 4668
218 4626
219 2172
220 3348
221 2754
222 5286
223 2790
224 3564
225 2436
226 2940
227 4050
228 2544
229 3810
230 2118
231 5928
232 4650
233 3480
234 3294
235 3366
236 3708
237 3558
238 2322
239 3564
240 3456
241 2574
242 4926
243 4950
244 2808
245 3192
246 3366
247 5376
248 2502
249 4920
250 2934
251 3762
252 3876
253 4392
254 4506
255 3090
256 3132
257 3150
258 3630
259 6270
260 2886
261 3684
262 2268
263 3840
264 5154
265 5304
266 3462
267 4884
268 3348
269 3882
270 2208
271 6720
272 3762
273 2754
274 2562
275 3474
276 3744
277 426
278 2256
279 4380
280 2010
281 3624
282 2730
283 2622
284 4410
285 1890
286 4800
287 3108
288 3276
289 2382
290 2712
291 3792
292 6258
293 4530
294 456
295 3900
296 3264
297 4698
298 4062
299 2586
300 3294
301 2916
302 3624
303 4074
304 3594
305 3408
306 2112
307 3432
308 3294
309 2082
310 4098
311 3612
312 3810
313 2916
314 2904
315 1734
316 4380
317 5616
318 3348
319 3726
320 1974
321 3288
322 2346
323 3192
324 3066
325 3246
326 2634
327 6270
328 1824
329 2784
330 2586
331 3798
332 4002
333 2304
334 3624
335 3048
336 2904
337 4590
338 3216
339 1842
340 2058
341 2166
342 4794
343 3846
344 5544
345 4158
346 2802
347 4338
348 2352
349 4800
350 3906
351 2850
352 2556
353 3318
354 3810
355 3414
356 5658
357 2544
358 2742
359 3516
360 4302
361 3312
362 4602
363 3318
364 2808
365 4008
366 2472
367 2586
368 5022
369 3432
370 2010
371 3648
372 5190
373 1752
374 2964
375 3414
376 3300
377 4770
378 2502
379 2712
380 3024
381 3942
382 3048
383 4512
384 3708
385 6042
386 5052
387 4008
388 6252
389 3042
390 4092
391 3204
392 1950
393 2490
394 6276
395 6258
396 3216
397 3282
398 4458
399 348
400 3528
401 2244
402 3456
403 2616
404 1488
405 2520
406 3222
407 3294
408 2280
409 5322
410 2886
411 3564
412 2922
413 3684
414 2598
415 3480
416 4788
417 4026
418 5082
419 3210
420 4080
421 3726
422 3516
423 2532
424 3078
425 3078
426 4896
427 2976
428 3444
429 3432
430 4122
431 4818
432 5412
433 4608
434 3456
435 3474
Unexpected message received for job 1044952
436 2556
437 3546
438 2190
Unexpected message received for job 1044952
439 5304
440 3288
441 4122
442 1542
443 3018
444 4998
445 4128
446 2478
447 2622
448 3432
449 3084
450 1872
451 3114
452 3408
453 2766
454 3000
455 4428
456 4644
457 2436
458 3126
459 3102
460 3432
461 4152
462 1776
463 3942
464 1668
465 1500
466 2490
467 4620
468 4500
469 2586
470 2004
471 5298
472 2220
473 1866
474 4488
475 2928
476 6108
477 4206
478 2898
479 2454
480 2388
481 2184
482 2868
483 1932
484 3564
485 3174
486 3876
487 4530
488 3606
489 5040
490 3240
491 3282
492 2868
493 2436
494 5508
495 4254
496 6252
497 2148
498 4752
499 3144
500 4560
501 2880
502 2538
503 1368
504 2778
505 3216
506 3186
507 3318
508 3414
509 3684
510 3054
511 1560
512 2766
513 4872
514 3372
515 3546
516 2172
517 3210
518 3318
519 4968
520 3390
521 4482
522 3828
523 4434
524 4596
525 4548
526 3480
527 3438
528 1818
529 3504
530 3264
531 2610
532 3192
533 2460
534 2964
535 4248
536 2022
537 2598
538 3114
539 3132
540 2346
541 2796
542 2250
543 3564
544 3804
545 3516
546 3252
547 2400
548 2994
549 4386
550 5916
551 4548
552 3480
553 3576
554 4332
555 1182
556 2052
557 3204
558 2190
559 2364
560 3780
561 2328
562 3420
563 3192
564 4842
565 3678
566 2502
567 6468
568 516
569 3366
570 3510
571 2364
572 1572
573 2292
574 2964
575 2832
576 2880
577 3234
578 2772
579 2784
580 2724
581 3654
582 2244
583 4086
584 2274
585 3312
586 4278
587 3906
588 3102
589 1650
590 3072
591 2964
592 4236
593 3438
594 4770
595 2244
596 4290
597 6270
598 3366
599 3126
600 3366
601 3624
602 4194
603 1848
604 3066
605 3354
606 2286
607 5244
608 2040
609 2748
610 3042
611 1920
612 3234
613 7692
614 3636
615 3774
616 5220
617 3510
618 2286
619 3348
620 2502
621 3216
622 6438
623 3840
624 2904
625 3066
626 4926
627 3222
628 4854
629 3192
630 3270
631 4302
632 2382
633 1800
634 4404
635 4722
636 2796
637 4140
638 6594
639 5280
640 1740
641 5460
642 3804
643 3762
644 2820
645 3012
646 3348
647 3972
648 3864
649 4260
650 3396
651 3708
652 5064
653 3072
654 3324
655 3252
656 2268
657 5316
658 1338
659 1974
660 2640
661 2850
662 2910
663 3468
664 3234
665 7986
666 3522
667 3918
668 7668
669 4272
670 2460
671 2682
672 3474
673 3534
674 2730
675 3360
676 2388
677 2118
678 2418
679 5316
680 2832
681 5322
682 1968
683 1584
684 2682
685 1296
686 2406
687 2820
688 1398
689 3720
690 4362
691 2292
692 3558
693 3384
694 1974
695 1476
696 2820
697 1674
698 1974
699 2682
700 4044
701 4326
702 4470
703 3492
704 2514
705 2640
706 2628
707 4332
708 3588
709 2238
710 3690
711 3222
712 2418
713 1614
714 2382
715 3402
716 3732
717 2868
718 4326
719 2094
720 2730
721 1866
722 3774
723 1458
724 4182
725 1248
726 4638
727 3594
728 3078
729 2766
730 3720
731 2340
732 3912
733 3258
734 3342
735 3522
736 4104
737 1620
738 5484
739 2718
740 2514
741 3240
742 2136
743 3048
744 2574
745 2058
746 2310
747 1596
748 1902
749 2208
750 3876
751 2532
752 4050
753 4194
754 2304
755 2046
756 3132
757 2436
758 2346
759 2784
760 3426
761 3834
762 1908
763 3078
764 1974
765 4338
766 1638
767 3750
768 3318
769 2388
770 3444
771 3084
772 3000
773 4140
774 2256
775 4110
776 2118
777 1782
778 4740
779 2058
780 4314
781 2442
782 2616
783 2568
784 4542
785 5898
786 1740
787 3540
788 3282
789 3414
790 4188
791 5496
792 5148
793 3150
794 2700
795 5016
796 1620
797 1362
798 3480
799 1476
800 2268
801 4566
802 2016
803 2094
804 1626
805 4926
806 2646
807 4614
808 2322
809 6870
810 1716
811 3042
812 1590
813 3858
814 3834
815 3516
816 1494
817 4404
818 2736
819 4704
820 3216
821 2742
822 2040
823 3060
824 2736
825 2214
826 2664
827 4218
828 2340
829 2310
830 2154
831 1422
832 3240
833 5262
834 4518
835 4896
836 3348
837 3396
838 3474
839 3180
840 1722
841 5346
842 1314
843 4014
844 2604
845 4548
846 2694
847 2058
848 1902
849 2838
850 2010
851 3030
852 2304
853 2274
854 2280
855 2454
856 2514
857 2412
858 4392
859 4002
860 3558
861 1938
862 2640
863 4236
864 2712
865 2418
866 2658
867 3006
868 4008
869 1356
870 2982
871 2232
872 1662
873 3264
874 3882
875 5142
876 1686
877 1728
878 3174
879 4080
880 3372
881 4842
882 1962
883 2160
884 2358
885 4206
886 3342
887 3708
888 2946
889 2148
890 2736
891 1224
892 2982
893 2100
894 1980
895 3420
896 2142
897 4038
898 3540
899 3174
900 2706
901 4014
902 3948
903 4650
904 2214
905 2724
906 2634
907 1686
908 2430
909 2310
910 3552
911 1872
912 3018
913 2676
914 3360
915 6300
916 1626
917 4986
918 2184
919 3798
920 2190
921 1914
922 3618
923 3246
924 4992
925 5250
926 3528
927 1980
928 3996
929 2190
930 2658
931 2550
932 2466
933 3768
934 2076
935 2886
936 1620
937 2940
938 2400
939 4524
940 4902
941 2370
942 2754
943 1962
944 5178
945 1812
946 4518
947 4272
948 2244
949 3474
950 3714
951 1698
952 3024
953 3156
954 4386
955 3624
956 3666
957 2400
958 1452
959 1542
960 3090
961 1842
962 1662
963 1950
964 1668
965 3138
966 3336
967 4320
968 3570
969 3336
970 2274
971 4116
972 3570
973 1752
974 3732
975 4146
976 4434
977 2034
978 3066
979 2586
980 3168
981 2220
982 2202
983 3780
984 1584
985 2832
986 2406
987 1404
988 2898
989 3000
990 2424
991 2952
992 1710
993 2166
994 1848
995 2742
996 1746
997 3012
998 4716
999 5130
1000 1986
1001 3168
1002 1464
1003 1836
1004 4050
1005 4902
1006 1728
1007 3450
1008 1326
1009 2310
1010 1710
1011 2796
1012 3522
1013 1404
1014 3912
1015 3312
1016 3588
1017 4794
1018 2412
1019 5124
1020 2742
1021 3174
1022 2130
1023 3156
1024 2250
1025 2250
1026 3492
1027 2394
1028 1944
1029 1998
1030 2718
1031 4188
1032 3036
1033 2094
1034 2532
1035 2472
1036 2940
1037 3582
1038 1488
1039 1704
1040 2274
1041 1272
1042 2862
1043 3180
1044 3138
1045 3384
1046 2220
1047 2154
1048 3090
1049 2136
1050 3054
1051 1908
1052 4044
1053 2796
1054 2298
1055 2844
1056 3108
1057 3474
1058 3576
1059 3024
1060 3006
1061 3366
1062 4056
1063 2070
1064 2442
1065 3528
1066 3336
1067 2262
1068 4482
1069 2460
1070 2190
1071 2292
1072 4176
1073 3306
1074 3792
1075 5118
1076 1848
1077 3258
1078 3120
1079 2706
1080 6840
1081 2712
1082 3942
1083 3276
1084 3378
1085 1890
1086 2502
1087 5376
1088 2574
1089 4560
1090 4320
1091 3432
1092 1650
1093 6276
1094 1932
1095 2376
1096 2406
1097 2664
1098 3114
1099 2400
1100 4590
1101 4980
1102 2694
1103 5142
1104 2802
1105 1956
1106 1944
1107 3630
1108 2262
1109 3126
1110 2616
1111 1644
1112 3744
1113 3090
1114 3558
1115 2664
1116 1410
1117 2466
1118 3252
1119 2184
1120 1434
1121 3072
1122 3276
1123 2586
1124 4182
1125 4854
1126 2802
1127 2676
1128 4332
1129 5700
1130 4500
1131 2208
1132 4272
1133 3798
1134 4002
1135 2262
1136 2670
1137 3168
1138 2628
1139 2706
1140 1626
1141 1470
1142 2628
1143 1698
1144 3426
1145 2190
1146 2532
1147 2724
1148 2838
1149 2592
1150 3246
1151 2472
1152 2784
1153 4566
1154 3624
1155 2694
1156 1368
1157 2034
1158 3156
1159 3474
1160 1608
1161 1938
1162 3036
1163 3390
1164 2028
1165 4590
1166 3426
1167 432
1168 5124
1169 3816
1170 3666
1171 1236
1172 2388
1173 1668
1174 3882
1175 3564
1176 3294
1177 3174
1178 4404
1179 3078
1180 1680
1181 2640
1182 6036
1183 3198
1184 4530
1185 1392
1186 2484
1187 3174
1188 3312
1189 1290
1190 1770
1191 5088
1192 3438
1193 1896
1194 2430
1195 1788
1196 3030
1197 1950
1198 2136
1199 3366
1200 2976
1201 3450
1202 2118
1203 3522
1204 3078
1205 1614
1206 4224
1207 4584
1208 1494
1209 3282
1210 5694
1211 4608
1212 3066
1213 2220
1214 2844
1215 2436
1216 3144
1217 5538
1218 2172
1219 1782
1220 5940
1221 2256
1222 2904
1223 3528
1224 1992
1225 1788
1226 4572
1227 2442
1228 3816
1229 3378
1230 4578
1231 2034
1232 2742
1233 5004
1234 3402
1235 6234
1236 1758
1237 1890
1238 3828
1239 3282
1240 2154
1241 3228
1242 3468
Unexpected message received for job 1044952
1243 4866
1244 1860
1245 2766
1246 2994
Unexpected message received for job 1044952
1247 1992
1248 2178
1249 2394
1250 3372
1251 4278
1252 3492
1253 2820
1254 1950
1255 1278
1256 2442
1257 1926
1258 2598
1259 2538
1260 1782
1261 3192
1262 2376
1263 3900
1264 3516
1265 1782
1266 1332
1267 3102
1268 2910
1269 4518
1270 2916
1271 3030
1272 4218
1273 3270
1274 3126
1275 1866
1276 1158
1277 1878
1278 2652
1279 2682
1280 5124
1281 3432
1282 1986
1283 2550
1284 2070
1285 3636
1286 2562
1287 1878
1288 2526
1289 1524
1290 2196
1291 3024
1292 5046
1293 1326
1294 3960
1295 6258
1296 1668
1297 3468
1298 2220
1299 3744
1300 1590
1301 3660
1302 2820
1303 2364
1304 4050
1305 1374
1306 2310
1307 2592
1308 3156
1309 1860
1310 2496
1311 3774
1312 3210
1313 1770
1314 2724
1315 2670
1316 2550
1317 3540
1318 1350
1319 2082
1320 2274
1321 1542
1322 3102
1323 2718
1324 1836
1325 1848
1326 1374
1327 3552
1328 2898
1329 1968
1330 2958
1331 2064
1332 1944
1333 3114
1334 2514
1335 2142
1336 3546
1337 2772
1338 1692
1339 3486
1340 1476
1341 4044
1342 5028
1343 2352
1344 2262
1345 1302
1346 3264
1347 4722
1348 2946
1349 3276
1350 4050
1351 3480
1352 3456
1353 1212
1354 2118
1355 2454
1356 3270
1357 3816
1358 3870
1359 2532
1360 3162
1361 3870
1362 3240
1363 3978
1364 1962
1365 1236
1366 1458
1367 3564
1368 2400
1369 2820
1370 3054
1371 1038
1372 1794
1373 2958
1374 2130
1375 3912
1376 3042
1377 2634
1378 3720
1379 2376
1380 4518
1381 1320
1382 3426
1383 1542
1384 4692
1385 3078
1386 3426
1387 1494
1388 2118
1389 1764
1390 3012
1391 2256
1392 3756
1393 2892
1394 1878
1395 2910
1396 1620
1397 2238
1398 2274
1399 3894
1400 3282
1401 2502
1402 1728
1403 1770
1404 2562
1405 4878
1406 2340
1407 1416
1408 1998
1409 2484
1410 2928
1411 1458
1412 2010
1413 4170
1414 4938
1415 1200
1416 3048
1417 2124
1418 3150
1419 5748
1420 2688
1421 3480
1422 3426
1423 1632
1424 2904
1425 4116
1426 1896
1427 1398
1428 3342
1429 2394
1430 5694
1431 4536
1432 3792
1433 2610
1434 2046
1435 2640
1436 2568
1437 2418
1438 3048
1439 1140
1440 2280
1441 2268
1442 2724
1443 2406
1444 1368
1445 1986
1446 2910
1447 1704
1448 3408
1449 3078
1450 3366
1451 2256
1452 4092
1453 2274
1454 2712
1455 3900
1456 3786
1457 3156
1458 3966
1459 2112
1460 2526
1461 2226
1462 1062
1463 3738
1464 2166
1465 2922
1466 1578
1467 1608
1468 2028
1469 3306
1470 2982
1471 2628
1472 2718
1473 1650
1474 1722
1475 2892
1476 2448
1477 3246
1478 2256
1479 1110
1480 1320
1481 3342
1482 2652
1483 1506
1484 3720
1485 1986
1486 2556
1487 1980
1488 2214
1489 1632
1490 3564
1491 1782
1492 1332
1493 1698
1494 2754
1495 2472
1496 2754
1497 2496
1498 3618
1499 2196
1500 3558
1501 4032
1502 2334
1503 1086
1504 2778
1505 1842
1506 2718
1507 3324
1508 1890
1509 1674
1510 2568
1511 2310
1512 3852
1513 2292
1514 1728
1515 3102
1516 1080
1517 4614
1518 5466
1519 3102
1520 2886
1521 3390
1522 1422
1523 4008
1524 2394
1525 1320
1526 2466
1527 2400
1528 1686
1529 2502
1530 3780
1531 2994
1532 2538
1533 1416
1534 2550
1535 3258
1536 3822
1537 3414
1538 1326
1539 3486
1540 3114
1541 3306
1542 2910
1543 2556
1544 1608
1545 3678
1546 2472
1547 2808
1548 1620
1549 3762
1550 4056
1551 1950
1552 2022
1553 2976
1554 4188
1555 1938
1556 1794
1557 5532
1558 2388
1559 2958
1560 3354
1561 3654
1562 1422
1563 3756
1564 4218
1565 3996
1566 3804
1567 3066
1568 1740
1569 4902
1570 3858
1571 3036
1572 2406
1573 2334
1574 2736
1575 1500
1576 2262
1577 2862
1578 2478
1579 2382
1580 3774
1581 4098
1582 2598
1583 2724
1584 2934
1585 5772
1586 1872
1587 2454
1588 2832
1589 3276
1590 3606
1591 2172
1592 2244
1593 2532
1594 1686
1595 2118
1596 3084
1597 3708
1598 2940
1599 5082
1600 4116
1601 3018
1602 2334
1603 4704
1604 2466
1605 3042
1606 4008
1607 3174
1608 3924
1609 1764
1610 1680
1611 2310
1612 5310
1613 1452
1614 3756
1615 2538
1616 2706
1617 2046
1618 1992
1619 3996
1620 1668
1621 2052
1622 3024
1623 2610
1624 2550
1625 3222
1626 1878
1627 2208
1628 1914
1629 2526
1630 1236
1631 2748
1632 3228
1633 1890
1634 1878
1635 5418
1636 1380
1637 2994
1638 2652
1639 2262
1640 2604
1641 2232
1642 1950
1643 2838
1644 3276
1645 1920
1646 2652
1647 2934
1648 2070
1649 2784
1650 2826
1651 3534
1652 2514
1653 2268
1654 2526
1655 1626
1656 5292
1657 1434
1658 1794
1659 1086
1660 2076
1661 3894
1662 3228
1663 3120
1664 1656
1665 3414
1666 4116
1667 1704
1668 2874
1669 4086
1670 1668
1671 1476
1672 1470
1673 2148
1674 3546
1675 2166
1676 1416
1677 3144
1678 2010
1679 1734
1680 2766
1681 2610
1682 1626
1683 1554
1684 4164
1685 2952
1686 1590
1687 1824
1688 3144
1689 1842
1690 1842
1691 2046
1692 3426
1693 5394
1694 2868
1695 2172
1696 1914
1697 2208
1698 3210
1699 3168
1700 2874
1701 1338
1702 4536
1703 3426
1704 3600
1705 846
1706 3162
1707 2130
1708 2358
1709 5736
1710 1770
1711 2346
1712 2922
1713 3294
1714 3984
1715 2700
1716 1914
1717 1344
1718 2502
1719 3714
1720 3198
1721 2214
1722 1872
1723 2280
1724 2256
1725 2676
1726 3132
1727 1848
1728 228
1729 3282
1730 2808
1731 1896
1732 3438
1733 1968
1734 1800
1735 2064
1736 1116
1737 2676
1738 3096
1739 4146
1740 3048
1741 1164
1742 2730
1743 2316
1744 3768
1745 3744
1746 3960
1747 4578
1748 3912
1749 3024
1750 3222
1751 2172
1752 2496
1753 3768
1754 2118
1755 4302
1756 2436
1757 2712
1758 1596
1759 3978
1760 3552
1761 2004
1762 3024
1763 2640
1764 2514
1765 2868
1766 3498
1767 2868
1768 2040
1769 4566
1770 2352
1771 2004
1772 1638
1773 3846
1774 2406
1775 1890
1776 3672
1777 2418
1778 1788
1779 2022
1780 1488
1781 2934
1782 3498
1783 2220
1784 1896
1785 1596
1786 2160
1787 2172
1788 4962
1789 3600
1790 2766
1791 2868
1792 3546
1793 2736
1794 3900
1795 1446
1796 3654
1797 3204
1798 1878
1799 3798
1800 4374
1801 2214
1802 1626
1803 1206
1804 2778
1805 1872
1806 2850
1807 2682
1808 1692
1809 2964
1810 3798
1811 2376
1812 2310
1813 1998
1814 1536
1815 2988
1816 2454
1817 2748
1818 1230
1819 2742
1820 2256
1821 2706
1822 2112
1823 1926
1824 2916
1825 4128
1826 1674
1827 4212
1828 1956
1829 4380
1830 4086
1831 2592
1832 2748
1833 1920
1834 1746
1835 3126
1836 3648
1837 1392
1838 3984
1839 2322
1840 2064
1841 1716
1842 3156
1843 1494
1844 1896
1845 3780
1846 4062
1847 2712
1848 1782
1849 4134
1850 2220
1851 2232
1852 3426
1853 1398
1854 2226
1855 3444
1856 2568
1857 4590
1858 2514
1859 3942
1860 2814
1861 1884
1862 3372
1863 2712
1864 4332
1865 2766
1866 1890
1867 2076
1868 2298
1869 3396
1870 3150
1871 2868
1872 4680
1873 3384
1874 3384
1875 3468
1876 2568
1877 2766
1878 1482
1879 3816
1880 2364
1881 2478
1882 2910
1883 2520
1884 2094
1885 2754
1886 5184
1887 2640
1888 2274
1889 3204
1890 1890
1891 2094
1892 3738
1893 1524
1894 1878
1895 3546
1896 1626
1897 2892
1898 2400
1899 3042
1900 1782
1901 2256
1902 3084
1903 3444
1904 1464
1905 1008
1906 2466
1907 2550
1908 1674
1909 1260
1910 1980
1911 6294
1912 1854
1913 3666
1914 4002
1915 3096
1916 2790
1917 2970
1918 1992
1919 2244
1920 3090
1921 3894
1922 1884
1923 2286
1924 2154
1925 3876
1926 2904
1927 3672
1928 528
1929 2154
1930 3522
1931 2130
1932 2178
1933 3996
1934 5112
1935 5358
1936 1608
1937 3462
1938 2736
1939 4116
1940 1944
1941 2832
1942 3162
1943 2046
1944 3234
1945 4176
1946 1680
1947 2568
1948 2184
1949 2418
1950 3792
1951 2748
1952 2994
1953 2124
1954 2070
1955 2940
1956 1278
1957 3540
1958 3210
1959 4224
1960 3450
1961 1416
1962 2598
1963 2394
1964 2298
1965 2220
1966 1518
1967 2754
1968 2418
1969 3288
1970 1722
1971 2412
1972 2394
1973 2850
1974 3030
1975 1980
1976 3006
1977 2850
1978 2652
1979 2250
1980 3210
1981 2268
1982 4110
1983 1764
1984 2424
1985 1854
1986 3726
1987 2328
1988 3012
1989 4320
1990 5412
1991 3054
1992 2838
1993 2766
1994 1932
1995 2118
1996 3420
1997 3258
1998 2088
1999 3954
2000 2196
2001 3378
2002 1818
2003 1494
2004 1542
2005 1848
2006 2940
2007 2004
2008 2100
2009 6246
2010 2874
2011 1692
2012 1368
2013 2124
2014 3960
2015 3264
2016 2118
2017 1692
2018 1188
2019 2652
2020 2214
2021 2526
2022 2850
2023 2190
2024 1368
2025 2388
2026 3114
2027 2460
2028 3420
2029 1932
2030 1656
2031 2166
2032 1518
2033 1584
2034 2412
2035 3504
2036 2100
2037 1950
2038 3576
2039 4488
2040 1452
2041 7374
2042 2232
2043 3408
2044 2172
2045 3300
2046 2652
2047 2376
2048 1944
2049 3024
2050 1812
2051 4314
2052 2232
2053 2604
2054 5460
2055 1476
2056 3930
2057 1998
2058 1614
2059 1896
2060 4032
2061 2496
2062 1674
2063 1980
2064 4158
2065 2118
2066 1812
2067 3018
2068 2682
2069 1866
2070 1428
2071 2418
2072 1908
2073 2040
2074 3816
2075 3696
2076 2304
2077 1902
2078 3438
2079 1746
2080 3096
2081 1764
2082 2268
2083 3444
Unexpected message received for job 1044952
2084 5388
2085 2154
Unexpected message received for job 1044952
2086 2016
2087 1824
2088 3072
2089 1494
2090 3144
2091 1848
2092 1530
2093 2772
2094 2352
2095 4398
2096 2790
2097 2286
2098 2154
2099 3780
2100 4548
2101 4116
2102 5052
2103 1032
2104 5142
2105 2214
2106 2142
2107 1758
2108 2334
2109 1470
2110 3012
2111 2952
2112 3192
2113 2010
2114 1842
2115 3690
2116 1614
2117 3912
2118 2100
2119 2790
2120 2424
2121 2106
2122 2700
2123 2898
2124 2244
2125 3228
2126 1608
2127 3480
2128 1098
2129 2676
2130 3948
2131 5256
2132 3570
2133 2424
2134 2442
2135 3864
2136 1866
2137 1740
2138 2544
2139 3420
2140 5634
2141 2406
2142 1662
2143 2406
2144 2184
2145 2256
2146 2904
2147 1686
2148 1152
2149 2622
2150 2310
2151 1356
2152 4854
2153 2652
2154 2790
2155 4758
2156 1506
2157 2640
2158 4446
2159 1956
2160 2808
2161 2772
2162 1590
2163 3276
2164 1740
2165 1884
2166 2724
2167 3810
2168 2436
2169 3210
2170 4008
2171 2358
2172 3432
2173 2880
2174 2178
2175 1854
2176 1752
2177 1392
2178 2640
2179 2514
2180 3336
2181 3258
2182 2988
2183 5706
2184 3384
2185 1830
2186 2238
2187 2058
2188 1248
2189 2190
2190 1914
2191 2022
2192 2514
2193 1362
2194 2544
2195 3282
2196 3732
2197 2712
2198 3024
2199 2766
2200 3102
2201 3582
2202 2724
2203 1452
2204 1902
2205 4656
2206 3396
2207 1338
2208 1632
2209 1440
2210 1962
2211 3012
2212 2184
2213 2040
2214 1104
2215 2508
2216 1776
2217 2004
2218 3156
2219 1224
2220 3912
2221 2340
2222 2262
2223 1806
2224 4818
2225 2004
2226 4038
2227 1866
2228 3402
2229 4464
2230 2214
2231 348
2232 1176
2233 3234
2234 3264
2235 2904
2236 2220
2237 2682
2238 2442
2239 3582
2240 1680
2241 2916
2242 2346
2243 2718
2244 2820
2245 1146
2246 3816
2247 1776
2248 2988
2249 1428
2250 1248
2251 3738
2252 1578
2253 2064
2254 2616
2255 1884
2256 3120
2257 5406
2258 5508
2259 5838
2260 3828
2261 2130
2262 2466
2263 1824
2264 2868
2265 2166
2266 2370
2267 1710
2268 3906
2269 3930
2270 4650
2271 1938
2272 5322
2273 1380
2274 3978
2275 2424
2276 1314
2277 2442
2278 3222
2279 1548
2280 2754
2281 3804
2282 1350
2283 3696
2284 2706
2285 1716
2286 1908
2287 2196
2288 2262
2289 2196
2290 1920
2291 1650
2292 1530
2293 1656
2294 1500
2295 3336
2296 2190
2297 2490
2298 1152
2299 2730
2300 2670
2301 4722
2302 1668
2303 1320
2304 1656
2305 2460
2306 1350
2307 2814
2308 1860
2309 2628
2310 3036
2311 1734
2312 2388
2313 3372
2314 3366
2315 1458
2316 2850
2317 3408
2318 4308
2319 1872
2320 1440
2321 2010
2322 3120
2323 1734
2324 2856
2325 2832
2326 3246
2327 3228
2328 3348
2329 3414
2330 1902
2331 3162
2332 2418
2333 1230
2334 2502
2335 3330
2336 1752
2337 2148
2338 2100
2339 1956
2340 2328
2341 1770
2342 4398
2343 3900
2344 2328
2345 2250
2346 2352
2347 1014
2348 3270
2349 2004
2350 1782
2351 2868
2352 1584
2353 1494
2354 1920
2355 3558
2356 2832
2357 2412
2358 3480
2359 2334
2360 1434
2361 4044
2362 2550
2363 3324
2364 1542
2365 1314
2366 2412
2367 5298
2368 2016
2369 2466
2370 1614
2371 2814
2372 2952
2373 2106
2374 2334
2375 3300
2376 1338
2377 4314
2378 2880
2379 2982
2380 3036
2381 4542
2382 2604
2383 1632
2384 1326
2385 1536
2386 3252
2387 3210
2388 1578
2389 2070
2390 2358
2391 2040
2392 1692
2393 1494
2394 1362
2395 1392
2396 2274
2397 1998
2398 1416
2399 2658
2400 360
2401 2904
2402 1248
2403 1302
2404 1578
2405 3240
2406 2004
2407 3918
2408 1782
2409 3312
2410 1602
2411 1614
2412 3576
2413 4914
2414 3450
2415 3732
2416 1554
2417 3258
2418 2544
2419 3234
2420 936
2421 5940
2422 1470
2423 2616
2424 2040
2425 1728
2426 2604
2427 4182
2428 1674
2429 3744
2430 5400
2431 2994
2432 1434
2433 2250
2434 2148
2435 3732
2436 2934
2437 1734
2438 3054
2439 2796
2440 1842
2441 2568
2442 2382
2443 1938
2444 1392
2445 1194
2446 2052
2447 1800
2448 3156
2449 2412
2450 1518
2451 3702
2452 2172
2453 1674
2454 2064
2455 1212
2456 2220
2457 2652
2458 2244
2459 1998
2460 2124
2461 2694
2462 1632
2463 1908
2464 2226
2465 2412
2466 1614
2467 3042
2468 1446
2469 1152
2470 2376
2471 2106
2472 2826
2473 1542
2474 3228
2475 1356
2476 1326
2477 2484
2478 2310
2479 1992
2480 3750
2481 1692
2482 2748
2483 1638
2484 1494
2485 2046
2486 2580
2487 1902
2488 1980
2489 6252
2490 1596
2491 1890
2492 1716
2493 1812
2494 3024
2495 1458
2496 1326
2497 2136
2498 1794
2499 2496
2500 2826
2501 2208
2502 1908
2503 918
2504 3450
2505 1086
2506 2574
2507 1674
2508 3360
2509 4386
2510 2880
2511 1968
2512 2532
2513 1806
2514 2790
2515 2994
2516 1746
2517 3450
2518 2388
2519 2832
2520 1356
2521 2778
2522 1698
2523 4542
2524 3300
2525 2922
2526 1554
2527 3006
2528 6102
2529 2376
2530 1770
2531 3738
2532 1464
2533 2238
2534 1656
2535 5082
2536 3786
2537 1734
2538 3630
2539 2514
2540 1644
2541 2586
2542 2172
2543 2190
2544 2058
2545 2688
2546 2310
2547 2172
2548 2538
2549 3096
2550 2724
2551 1644
2552 2070
2553 5856
2554 1110
2555 1716
2556 1956
2557 2346
2558 1800
2559 1566
2560 2754
2561 4824
2562 3324
2563 2010
2564 2376
2565 2724
2566 2922
2567 1608
2568 2124
2569 1296
2570 2994
2571 3378
2572 3462
2573 3048
2574 1884
2575 2178
2576 2340
2577 1908
2578 1860
2579 1416
2580 3600
2581 2280
2582 1986
2583 2316
2584 2838
2585 1350
2586 4410
2587 2970
2588 1680
2589 3924
2590 2538
2591 3330
2592 5034
2593 1926
2594 1518
2595 2220
2596 4278
2597 2520
2598 1500
2599 1938
2600 1278
2601 3156
2602 1584
2603 1398
2604 1500
2605 2568
2606 2298
2607 2712
2608 2064
2609 2898
2610 3258
2611 1878
2612 1770
2613 1758
2614 2148
2615 3942
2616 1182
2617 2208
2618 2736
2619 1836
2620 2406
2621 1518
2622 2946
2623 1656
2624 1956
2625 3018
2626 4656
2627 3876
2628 1908
2629 2124
2630 3072
2631 2220
2632 3534
2633 2868
2634 2706
2635 3330
2636 1542
2637 3270
2638 1818
2639 2340
2640 2274
2641 3450
2642 2676
2643 1440
2644 1632
2645 2694
2646 1158
2647 1854
2648 2070
2649 1764
2650 2910
2651 942
2652 3426
2653 1548
2654 1758
2655 1974
2656 1392
2657 3192
2658 1194
2659 1440
2660 1644
2661 3006
2662 1626
2663 1602
2664 2160
2665 2394
2666 1392
2667 1530
2668 2076
2669 3294
2670 2172
2671 2274
2672 2160
2673 2106
2674 1290
2675 3090
2676 4266
2677 1350
2678 3510
2679 2718
2680 2466
2681 1938
2682 1782
2683 2616
2684 1590
2685 1680
2686 1230
2687 1584
2688 1818
2689 1974
2690 1896
2691 2538
2692 3462
2693 1518
2694 1338
2695 2952
2696 1782
2697 2718
2698 1962
2699 2256
2700 2142
2701 2688
2702 2994
2703 3072
2704 2712
2705 3204
2706 1302
2707 1926
2708 2442
2709 2826
2710 2622
2711 1602
2712 1512
2713 1464
2714 2136
2715 1794
2716 2220
2717 1128
2718 3468
2719 1506
2720 1248
2721 2850
2722 3912
2723 2436
2724 2520
2725 1830
2726 432
2727 1026
2728 1884
2729 1116
2730 1614
2731 1230
2732 2880
2733 4032
2734 2094
2735 2286
2736 2652
2737 4008
2738 2106
2739 2724
2740 1554
2741 3348
2742 2106
2743 3258
2744 1536
2745 1518
2746 1290
2747 1434
2748 3636
2749 2166
2750 2130
2751 2370
2752 1866
2753 1974
2754 2076
2755 1866
2756 1686
2757 2310
2758 2388
2759 1614
2760 4398
2761 1266
2762 3078
2763 1446
2764 3198
2765 1584
2766 1884
2767 2592
2768 1782
2769 2430
2770 3204
2771 1482
2772 1260
2773 1848
2774 2028
2775 2004
2776 2316
2777 1356
2778 1866
2779 2112
2780 4014
2781 1782
2782 1782
2783 1878
2784 1380
2785 2388
2786 3504
2787 1620
2788 3594
2789 1680
2790 1722
2791 1872
2792 2088
2793 1542
2794 1704
2795 1668
2796 1434
2797 2730
2798 2928
2799 3486
2800 1260
2801 2970
2802 3750
2803 2412
2804 2010
2805 1446
2806 3066
2807 1920
2808 1566
2809 1494
2810 3204
2811 2130
2812 1524
2813 1194
2814 2412
2815 2652
2816 2022
2817 3642
2818 1206
2819 1146
2820 3174
2821 3126
2822 1338
2823 2394
2824 3204
2825 2472
2826 2298
2827 5088
2828 1404
2829 1908
2830 1560
2831 1680
2832 1692
2833 1212
2834 2310
2835 1674
2836 1422
2837 1758
2838 3030
2839 2004
2840 2970
2841 1668
2842 2004
2843 2076
2844 2346
2845 2394
2846 1998
2847 3132
2848 1560
2849 1404
2850 1704
2851 2358
2852 1152
2853 2184
2854 1128
2855 2484
2856 1230
2857 2226
2858 612
2859 2598
2860 2016
2861 1380
2862 2292
2863 1314
2864 2004
2865 3732
2866 1980
2867 4488
2868 1800
2869 3144
2870 2034
2871 1464
2872 1428
2873 1728
2874 2052
2875 342
2876 4284
2877 1416
2878 4212
2879 3390
2880 1890
2881 1722
2882 1440
2883 1272
2884 1602
2885 1494
2886 3012
2887 2802
2888 2946
2889 1512
2890 2226
2891 1200
2892 3162
2893 2538
2894 2904
2895 2340
2896 2916
2897 2628
2898 1290
2899 2424
2900 3816
2901 4110
2902 2316
2903 1482
2904 1632
2905 1476
2906 1812
2907 2622
2908 1668
2909 1206
2910 2478
2911 1470
2912 1248
2913 1674
2914 1200
2915 2760
2916 2760
2917 1206
2918 2262
2919 5748
2920 4680
2921 2820
2922 1782
2923 1572
2924 2568
2925 2142
2926 2250
2927 1404
2928 1440
2929 2340
2930 2508
2931 1752
2932 1590
2933 2100
2934 342
2935 2268
2936 1884
2937 1854
2938 1350
2939 1398
2940 1524
2941 2040
2942 2130
2943 1938
2944 3126
2945 1260
2946 1482
2947 1140
2948 1926
2949 2232
2950 2256
2951 1428
2952 2130
2953 1362
2954 1806
2955 1254
2956 2256
2957 3180
2958 1152
2959 1890
2960 1608
2961 1716
2962 2088
2963 1626
2964 1830
2965 2922
2966 1794
2967 2118
2968 1944
2969 1998
2970 2064
2971 3642
2972 1662
2973 1542
2974 4248
2975 1662
2976 4806
2977 330
2978 1344
2979 2856
2980 3084
2981 2100
2982 2226
2983 3258
2984 2688
Unexpected message received for job 1044952
2985 1452
2986 1752
2987 3474
2988 3852
Unexpected message received for job 1044952
2989 4056
2990 1470
2991 1656
2992 3906
2993 2040
2994 2826
2995 1404
2996 2484
2997 1212
2998 2844
2999 2058
3000 1218
3001 1734
3002 3384
3003 2148
3004 2370
3005 2034
3006 1614
3007 3420
3008 2058
3009 1818
3010 1428
3011 4530
3012 2214
3013 1650
3014 2724
3015 3126
3016 2034
3017 1626
3018 1320
3019 2064
3020 1698
3021 1764
3022 3102
3023 1422
3024 1350
3025 2076
3026 2322
3027 1086
3028 3456
3029 2754
3030 2400
3031 1476
3032 1872
3033 1338
3034 2142
3035 1482
3036 2442
3037 3084
3038 3234
3039 1980
3040 1422
3041 3606
3042 2412
3043 2082
3044 2514
3045 1836
3046 1842
3047 780
3048 1332
3049 3366
3050 3156
3051 1404
3052 1740
3053 1104
3054 2370
3055 2694
3056 1566
3057 1578
3058 2286
3059 3900
3060 2832
3061 3402
3062 1356
3063 1872
3064 1668
3065 1284
3066 1380
3067 1818
3068 1836
3069 2856
3070 2046
3071 2718
3072 1866
3073 2094
3074 2298
3075 1908
3076 3618
3077 1392
3078 3066
3079 2040
3080 1950
3081 1728
3082 2052
3083 2382
3084 1746
3085 2112
3086 1440
3087 1386
3088 3528
3089 1950
3090 2376
3091 2370
3092 3126
3093 2646
3094 2538
3095 1500
3096 2910
3097 2412
3098 1176
3099 2064
3100 2388
3101 3858
3102 2418
3103 2250
3104 3096
3105 6150
3106 4356
3107 2280
3108 2022
3109 2304
3110 4188
3111 2430
3112 3108
3113 2610
3114 2478
3115 1530
3116 1878
3117 2274
3118 1602
3119 1836
3120 3000
3121 4962
3122 3396
3123 6810
3124 1728
3125 3000
3126 3186
3127 2364
3128 3234
3129 1980
3130 3948
3131 1782
3132 2154
3133 1386
3134 1836
3135 2178
3136 3624
3137 1680
3138 3348
3139 2742
3140 2034
3141 1626
3142 2946
3143 3000
3144 2238
3145 1668
3146 1566
3147 1482
3148 3114
3149 3366
3150 2808
3151 1878
3152 3084
3153 1248
3154 1986
3155 3930
3156 2148
3157 1824
3158 2082
3159 2748
3160 3606
3161 3042
3162 3852
3163 2856
3164 3114
3165 1506
3166 2700
3167 2370
3168 2040
3169 2532
3170 3216
3171 3132
3172 4104
3173 1710
3174 2010
3175 1842
3176 3912
3177 3684
3178 2166
3179 1650
3180 1590
3181 2280
3182 1350
3183 2640
3184 5316
3185 1908
3186 3690
3187 3432
3188 2850
3189 3198
3190 3054
3191 2856
3192 2682
3193 1476
3194 1722
3195 3498
3196 3786
3197 2502
3198 1872
3199 1314
3200 1794
3201 3018
3202 1860
3203 1218
3204 2874
3205 2094
3206 2670
3207 2028
3208 3936
3209 5274
3210 546
3211 2754
3212 4068
3213 4314
3214 4770
3215 2094
3216 3138
3217 3000
3218 1662
3219 3444
3220 2340
3221 1206
3222 2604
3223 3600
3224 2034
3225 4194
3226 3048
3227 1320
3228 2220
3229 1446
3230 4296
3231 2862
3232 2874
3233 2124
3234 1626
3235 2358
3236 5850
3237 2166
3238 1338
3239 3102
3240 2532
3241 2022
3242 576
3243 2190
3244 2994
3245 5064
3246 3282
3247 2178
3248 1518
3249 2496
3250 2508
3251 3720
3252 2418
3253 2292
3254 1764
3255 1734
3256 3978
3257 1944
3258 3402
3259 4230
3260 1284
3261 1704
3262 3054
3263 2814
3264 1410
3265 1194
3266 3288
3267 2100
3268 1338
3269 4014
3270 3666
3271 2430
3272 4572
3273 4278
3274 3414
3275 3102
3276 2202
3277 2628
3278 2190
3279 5202
3280 2298
3281 2394
3282 3120
3283 2292
3284 4176
3285 2778
3286 2310
3287 4590
3288 3600
3289 3810
3290 1464
3291 1698
3292 1830
3293 2160
3294 2118
3295 3366
3296 2700
3297 1722
3298 1800
3299 2616
3300 2394
3301 1662
3302 2304
3303 2040
3304 1890
3305 2922
3306 1824
3307 3006
3308 2214
3309 2196
3310 2058
3311 2808
3312 1842
3313 3318
3314 1518
3315 6132
3316 2832
3317 4338
3318 1782
3319 1956
3320 2424
3321 2238
3322 3354
3323 1992
3324 2424
3325 1164
3326 2274
3327 2682
3328 2286
3329 1458
3330 1530
3331 2148
3332 4494
3333 3558
3334 2412
3335 2286
3336 2046
3337 1512
3338 4116
3339 2700
3340 1512
3341 1542
3342 3276
3343 3018
3344 3576
3345 1746
3346 2298
3347 3660
3348 4122
3349 2034
3350 2844
3351 3516
3352 1770
3353 2382
3354 2496
3355 2256
3356 2856
3357 1650
3358 1962
3359 1836
3360 1788
3361 2682
3362 1770
3363 1836
3364 2088
3365 2436
3366 2364
3367 1740
3368 3762
3369 1404
3370 2358
3371 2136
3372 2502
3373 3162
3374 1842
3375 4482
3376 4446
3377 3654
3378 1782
3379 6342
3380 2850
3381 1800
3382 1554
3383 4056
3384 2112
3385 3114
3386 4650
3387 2418
3388 1998
3389 2124
3390 2760
3391 870
3392 1332
3393 3714
3394 2268
3395 1080
3396 1680
3397 1842
3398 1980
3399 2334
3400 1002
3401 3408
3402 1512
3403 1068
3404 1944
3405 4530
3406 2274
3407 2058
3408 1980
3409 1356
3410 1200
3411 1110
3412 1830
3413 1200
3414 4128
3415 1782
3416 3030
3417 1920
3418 3234
3419 1812
3420 1746
3421 3582
3422 2544
3423 1704
3424 1380
3425 924
3426 1806
3427 1320
3428 1128
3429 3258
3430 2160
3431 1170
3432 1386
3433 2004
3434 1746
3435 3552
3436 3024
3437 2952
3438 1074
3439 3252
3440 2430
3441 1824
3442 1866
3443 3342
3444 1806
3445 5532
3446 2256
3447 4038
3448 1200
3449 1344
3450 3180
3451 4308
3452 3228
3453 1746
3454 3456
3455 1524
3456 1656
3457 1788
3458 2052
3459 2214
3460 1506
3461 2058
3462 1908
3463 1872
3464 2100
3465 2574
3466 1002
3467 1740
3468 1812
3469 2748
3470 1452
3471 1098
3472 1776
3473 2802
3474 2544
3475 1422
3476 1428
3477 1170
3478 1716
3479 1506
3480 1686
3481 1800
3482 2634
3483 2034
3484 2958
3485 2754
3486 2118
3487 3306
3488 2526
3489 1722
3490 1536
3491 1980
3492 1224
3493 2586
3494 1344
3495 1914
3496 1332
3497 1398
3498 2016
3499 1956
3500 1218
3501 1608
3502 1710
3503 1134
3504 996
3505 1188
3506 1770
3507 1926
3508 2832
3509 1980
3510 1524
3511 1818
3512 2148
3513 1794
3514 1800
3515 1506
3516 1848
3517 1716
3518 2022
3519 1914
3520 1752
3521 3564
3522 2304
3523 1554
3524 342
3525 2736
3526 3426
3527 1248
3528 2124
3529 1020
3530 2304
3531 1908
3532 2790
3533 2580
3534 1380
3535 2088
3536 1662
3537 1392
3538 1620
3539 1356
3540 2010
3541 1800
3542 2634
3543 1596
3544 2370
3545 2814
3546 2118
3547 1188
3548 1290
3549 2586
3550 1686
3551 3486
3552 4002
3553 1806
3554 2130
3555 3408
3556 2010
3557 1788
3558 1866
3559 3156
3560 1596
3561 1356
3562 1962
3563 2202
3564 2562
3565 2160
3566 3078
3567 468
3568 5178
3569 4794
3570 2988
3571 2376
3572 2160
3573 1614
3574 1644
3575 1860
3576 3216
3577 1782
3578 1020
3579 3480
3580 2970
3581 2232
3582 2784
3583 1248
3584 2220
3585 2040
3586 1074
3587 1440
3588 2328
3589 2514
3590 3750
3591 1260
3592 1764
3593 2106
3594 1350
3595 3390
3596 2766
3597 2472
3598 2730
3599 2718
3600 2394
3601 3558
3602 2670
3603 2280
3604 1416
3605 3468
3606 2052
3607 2154
3608 2916
3609 2112
3610 3480
3611 1794
3612 1476
3613 1950
3614 3672
3615 2286
3616 258
3617 1854
3618 1266
3619 3372
3620 1896
3621 3198
3622 3702
3623 2214
3624 2790
3625 1794
3626 342
3627 1824
3628 2046
3629 2694
3630 1476
3631 2394
3632 2550
3633 1566
3634 1482
3635 2250
3636 3804
3637 1734
3638 948
3639 2418
3640 1686
3641 2748
3642 3534
3643 1662
3644 2814
3645 2532
3646 1752
3647 2958
3648 1068
3649 1608
3650 2322
3651 1104
3652 1242
3653 2106
3654 1716
3655 2298
3656 1548
3657 1188
3658 2064
3659 1272
3660 1464
3661 1032
3662 2058
3663 2262
3664 1494
3665 2286
3666 1620
3667 1968
3668 2700
3669 1704
3670 1578
3671 2442
3672 1458
3673 2328
3674 3360
3675 2088
3676 1608
3677 1266
3678 3006
3679 1500
3680 1596
3681 3696
3682 1200
3683 3498
3684 1962
3685 2538
3686 1158
3687 2580
3688 1284
3689 2514
3690 3444
3691 3138
3692 1476
3693 2616
3694 3282
3695 1404
3696 3216
3697 5988
3698 1896
3699 3558
3700 3876
3701 2736
3702 3432
3703 330
3704 1656
3705 3114
3706 3348
3707 1890
3708 1896
3709 2868
3710 1956
3711 1428
3712 2178
3713 2268
3714 3780
3715 1602
3716 4104
3717 1908
3718 1674
3719 1116
3720 1278
3721 3156
3722 1266
3723 1596
3724 2508
3725 2298
3726 1560
3727 1020
3728 1950
3729 2334
3730 2142
3731 2160
3732 1596
3733 3588
3734 1350
3735 1416
3736 1224
3737 1704
3738 2286
3739 1920
3740 4482
3741 1938
3742 4926
3743 1134
3744 2814
3745 2922
3746 5256
3747 2880
3748 3756
3749 942
3750 3144
3751 2562
3752 4236
3753 2580
3754 1800
3755 2316
3756 1098
3757 3804
3758 1218
3759 1326
3760 1494
3761 1152
3762 1734
3763 2340
3764 1920
3765 1608
3766 2628
3767 1326
3768 1500
3769 1302
3770 3570
3771 2724
3772 1416
3773 2010
3774 2730
3775 1686
3776 1650
3777 2238
3778 3444
3779 2418
3780 1572
3781 1260
3782 1464
3783 1308
3784 1746
3785 1242
3786 2178
3787 1128
3788 2484
3789 2094
3790 3168
3791 1224
3792 1650
3793 972
3794 1608
3795 1254
3796 1212
3797 2328
3798 876
3799 2232
3800 2364
3801 2280
3802 2454
3803 2718
3804 1050
3805 3486
3806 3648
3807 2502
3808 1470
3809 1590
3810 2370
3811 1506
3812 4284
3813 1302
3814 1884
3815 2988
3816 2850
3817 1188
3818 1524
3819 1374
3820 2718
3821 1140
3822 2532
3823 1206
3824 1806
3825 1572
3826 1860
3827 1962
3828 2448
3829 2562
3830 1722
3831 2574
3832 3234
3833 2292
3834 2934
3835 2910
3836 1944
3837 2796
3838 2712
3839 1332
3840 2826
3841 2124
3842 1716
3843 2748
3844 1884
3845 1392
3846 2166
3847 2214
3848 2580
3849 3372
3850 3384
3851 1866
3852 1974
3853 1602
3854 2790
3855 1914
3856 2676
3857 2454
3858 1626
3859 1542
3860 2580
3861 2472
3862 1374
3863 3210
3864 768
3865 3096
3866 5574
3867 3120
3868 3264
3869 3240
3870 1740
3871 3282
3872 4152
3873 4152
3874 2256
3875 996
3876 3690
3877 1350
3878 3270
3879 1476
3880 3594
3881 1494
3882 3654
3883 1314
3884 1140
3885 2220
3886 2184
3887 5580
3888 1986
3889 1836
3890 1536
3891 2640
3892 3018
3893 1416
3894 1392
3895 3384
3896 1680
3897 2112
3898 2814
Unexpected message received for job 1044952
3899 2190
3900 1530
3901 1644
3902 1308
Unexpected message received for job 1044952
3903 4026
3904 1554
3905 3126
3906 1860
3907 1392
3908 2328
3909 1920
3910 2448
3911 3000
3912 2766
3913 2706
3914 2280
3915 1614
3916 3360
3917 1860
3918 1698
3919 2190
3920 1476
3921 1626
3922 1428
3923 1398
3924 2088
3925 5352
3926 2208
3927 3402
3928 2334
3929 1458
3930 1872
3931 2268
3932 2124
3933 1308
3934 2358
3935 1500
3936 1164
3937 3456
3938 2760
3939 2178
3940 2904
3941 2340
3942 2274
3943 1800
3944 2316
3945 1500
3946 1578
3947 1410
3948 1626
3949 1524
3950 4194
3951 1746
3952 1350
3953 3102
3954 3036
3955 1422
3956 1440
3957 1176
3958 1290
3959 2304
3960 1614
3961 1938
3962 2538
3963 2034
3964 2148
3965 3576
3966 4194
3967 954
3968 2208
3969 2556
3970 1854
3971 3654
3972 1230
3973 1650
3974 1248
3975 1866
3976 1362
3977 2580
3978 1602
3979 1950
3980 1272
3981 1278
3982 1644
3983 1644
3984 2658
3985 2676
3986 1344
3987 1224
3988 3108
3989 2010
3990 1578
3991 1536
3992 2298
3993 2166
3994 2298
3995 1524
3996 2064
3997 1476
3998 1584
3999 2040
4000 1200
4001 1656
4002 1380
4003 1260
4004 1254
4005 1896
4006 1290
4007 1458
4008 2148
4009 1458
4010 1176
4011 2382
4012 1236
4013 1434
4014 2142
4015 1020
4016 1734
4017 1860
4018 1656
4019 1146
4020 1098
4021 3018
4022 1194
4023 1176
4024 2394
4025 2868
4026 2334
4027 1488
4028 1254
4029 1974
4030 1554
4031 1938
4032 1830
4033 1446
4034 2154
4035 2658
4036 2346
4037 1422
4038 1656
4039 2934
4040 1410
4041 1524
4042 1542
4043 2358
4044 2658
4045 1986
4046 2130
4047 2928
4048 1236
4049 2880
4050 2148
4051 1914
4052 3474
4053 870
4054 1572
4055 1662
4056 1536
4057 1752
4058 1872
4059 1626
4060 1746
4061 2952
4062 3114
4063 3072
4064 2256
4065 3786
4066 3006
4067 1848
4068 1806
4069 2184
4070 3372
4071 2046
4072 1200
4073 3156
4074 1494
4075 2082
4076 2652
4077 3858
4078 3210
4079 3234
4080 1452
4081 1614
4082 1194
4083 5622
4084 2238
4085 4380
4086 3072
4087 3018
4088 1242
4089 4296
4090 1740
4091 954
4092 2988
4093 2766
4094 1662
4095 2484
4096 2130
4097 1644
4098 1536
4099 2736
4100 1530
4101 2208
4102 1668
4103 1332
4104 1524
4105 2244
4106 2058
4107 2784
4108 1620
4109 2508
4110 1680
4111 900
4112 2358
4113 2076
4114 2826
4115 1872
4116 2652
4117 3162
4118 3870
4119 1938
4120 1020
4121 2316
4122 3072
4123 2370
4124 2358
4125 2448
4126 2754
4127 2070
4128 2328
4129 3474
4130 1794
4131 3192
4132 2244
4133 2940
4134 2568
4135 3318
4136 1884
4137 2562
4138 1386
4139 3060
4140 1482
4141 4194
4142 2046
4143 2862
4144 2958
4145 1440
4146 1686
4147 2016
4148 2778
4149 4518
4150 2478
4151 4584
4152 3114
4153 3102
4154 2382
4155 2616
4156 1410
4157 894
4158 1260
4159 1596
4160 1158
4161 1608
4162 2466
4163 3150
4164 1566
4165 2592
4166 1542
4167 1944
4168 2556
4169 1332
4170 1002
4171 882
4172 2658
4173 1770
4174 1908
4175 1260
4176 3462
4177 2922
4178 1656
4179 3354
4180 1884
4181 1488
4182 1968
4183 1458
4184 1446
4185 1710
4186 3696
4187 2034
4188 3990
4189 2106
4190 1482
4191 1734
4192 1890
4193 2532
4194 1350
4195 1806
4196 1494
4197 1638
4198 1554
4199 2238
4200 1782
4201 1422
4202 1446
4203 2226
4204 1014
4205 3780
4206 4026
4207 2664
4208 1188
4209 300
4210 2184
4211 2166
4212 1800
4213 1656
4214 4386
4215 4362
4216 2622
4217 2784
4218 1062
4219 1464
4220 1914
4221 2196
4222 1254
4223 2442
4224 1410
4225 2268
4226 1284
4227 2940
4228 2592
4229 3360
4230 3114
4231 3876
4232 1188
4233 4296
4234 1350
4235 2034
4236 4104
4237 1158
4238 2208
4239 2532
4240 2262
4241 2730
4242 3522
4243 1422
4244 2868
4245 2454
4246 1704
4247 2424
4248 3648
4249 1614
4250 1794
4251 2574
4252 2268
4253 1956
4254 2370
4255 1872
4256 3438
4257 1482
4258 2376
4259 1380
4260 2466
4261 2508
4262 1710
4263 3216
4264 336
4265 1794
4266 1512
4267 2694
4268 2556
4269 3120
4270 354
4271 2514
4272 2280
4273 1608
4274 2514
4275 2754
4276 2394
4277 1032
4278 2628
4279 1698
4280 2946
4281 2604
4282 2316
4283 1986
4284 1806
4285 1710
4286 2568
4287 2670
4288 1326
4289 1488
4290 1860
4291 2460
4292 3168
4293 2112
4294 2994
4295 3768
4296 2550
4297 1806
4298 2106
4299 2784
4300 2160
4301 2346
4302 1722
4303 1956
4304 2244
4305 1932
4306 1746
4307 1980
4308 1950
4309 2322
4310 4176
4311 3054
4312 3420
4313 2982
4314 3864
4315 1944
4316 4308
4317 3150
4318 1740
4319 1092
4320 1644
4321 1614
4322 3996
4323 2310
4324 1314
4325 3066
4326 2988
4327 984
4328 1710
4329 1710
4330 2700
4331 3978
4332 3510
4333 2850
4334 2442
4335 2826
4336 2130
4337 1056
4338 1794
4339 2088
4340 1392
4341 1242
4342 1800
4343 1830
4344 2004
4345 2184
4346 1068
4347 1608
4348 2232
4349 5250
4350 1506
4351 4038
4352 1290
4353 3444
4354 1920
4355 3720
4356 1146
4357 2166
4358 2310
4359 1176
4360 1764
4361 1830
4362 2136
4363 1956
4364 1674
4365 1386
4366 2412
4367 1722
4368 1152
4369 1764
4370 3312
4371 1758
4372 2610
4373 1794
4374 1548
4375 1320
4376 2292
4377 1902
4378 1176
4379 3678
4380 2094
4381 2292
4382 2556
4383 1938
4384 2268
4385 2220
4386 1080
4387 1494
4388 1866
4389 978
4390 1392
4391 1470
4392 942
4393 1872
4394 1362
4395 1428
4396 1020
4397 1020
4398 1116
4399 1752
4400 1608
4401 2070
4402 1668
4403 1668
4404 1674
4405 3684
4406 1950
4407 2388
4408 1518
4409 1548
4410 2802
4411 1404
4412 3138
4413 1674
4414 1596
4415 1920
4416 1698
4417 2088
4418 1236
4419 2646
4420 1296
4421 948
4422 1596
4423 1218
4424 2508
4425 2676
4426 1458
4427 2544
4428 1446
4429 3870
4430 1830
4431 1470
4432 1044
4433 2346
4434 2088
4435 2616
4436 2700
4437 1440
4438 1236
4439 2418
4440 2088
4441 2214
4442 1188
4443 1908
4444 1704
4445 1596
4446 2748
4447 2184
4448 1596
4449 1452
4450 2394
4451 2016
4452 2958
4453 1896
4454 2172
4455 2352
4456 6132
4457 2406
4458 1668
4459 1272
4460 1332
4461 1554
4462 1230
4463 2172
4464 3624
4465 2568
4466 972
4467 1320
4468 1686
4469 2256
4470 1800
4471 1446
4472 1488
4473 1176
4474 840
4475 1500
4476 3402
4477 4038
4478 3906
4479 1302
4480 1236
4481 2016
4482 2082
4483 1518
4484 3420
4485 2412
4486 1494
4487 1842
4488 3150
4489 1422
4490 1530
4491 2514
4492 1074
4493 1104
4494 1272
4495 1596
4496 2670
4497 1164
4498 1464
4499 1566
4500 2574
4501 2700
4502 2694
4503 1260
4504 966
4505 2334
4506 2070
4507 2310
4508 1464
4509 2208
4510 918
4511 1794
4512 1338
4513 1050
4514 1914
4515 1452
4516 3384
4517 2310
4518 1896
4519 1572
4520 2778
4521 1296
4522 1206
4523 2088
4524 2010
4525 2652
4526 1500
4527 2628
4528 1740
4529 1446
4530 2130
4531 1614
4532 2928
4533 1758
4534 1362
4535 1074
4536 2532
4537 1830
4538 2676
4539 4092
4540 2442
4541 1590
4542 2220
4543 1734
4544 1518
4545 1416
4546 2664
4547 1884
4548 1914
4549 1464
4550 3972
4551 1674
4552 1476
4553 1338
4554 2580
4555 2082
4556 1830
4557 1446
4558 2646
4559 1938
4560 2796
4561 2796
4562 1488
4563 1386
4564 2442
4565 1452
4566 2616
4567 1836
4568 1350
4569 1830
4570 2682
4571 1272
4572 1878
4573 2544
4574 3276
4575 1734
4576 1764
4577 1230
4578 1758
4579 2892
4580 2886
4581 2442
4582 1506
4583 2568
4584 3000
4585 1158
4586 1554
4587 2148
4588 1980
4589 1248
4590 1572
4591 1536
4592 1758
4593 2976
4594 1098
4595 1206
4596 1866
4597 1638
4598 2412
4599 1260
4600 1296
4601 1440
4602 1788
4603 1686
4604 1164
4605 1230
4606 1176
4607 1596
4608 2568
4609 1260
4610 2142
4611 2136
4612 1578
4613 3042
4614 1170
4615 1314
4616 2004
4617 2370
4618 1734
4619 1254
4620 1338
4621 924
4622 1470
4623 1422
4624 1122
4625 1548
4626 300
4627 1884
4628 1710
4629 3144
4630 978
4631 2532
4632 3108
4633 1386
4634 1254
4635 2112
4636 1782
4637 2400
4638 1530
4639 2730
4640 1626
4641 1890
4642 1734
4643 1464
4644 2394
4645 1110
4646 2166
4647 2646
4648 1326
4649 954
4650 1710
4651 1020
4652 2586
4653 1722
4654 1878
4655 2196
4656 2028
4657 3138
4658 1284
4659 1590
4660 1476
4661 1602
4662 966
4663 2172
4664 2100
4665 1176
4666 1086
4667 2910
4668 1752
4669 1656
4670 1422
4671 2484
4672 2136
4673 1746
4674 1116
4675 1494
4676 1458
4677 2412
4678 228
4679 3270
4680 1878
4681 1632
4682 1650
4683 2352
4684 2100
4685 1548
4686 1500
4687 1350
4688 1344
4689 1968
4690 1254
4691 2298
4692 1572
4693 1464
4694 1584
4695 3048
4696 1620
4697 2052
4698 2034
4699 2754
4700 3312
4701 1704
4702 1944
4703 1188
4704 2814
4705 4812
4706 3318
4707 3834
4708 1830
4709 1224
4710 1434
4711 1554
4712 2202
4713 1980
4714 1908
4715 2364
4716 1890
4717 1350
4718 2388
4719 3018
4720 1578
4721 1584
4722 2184
4723 2130
4724 1602
4725 1548
4726 1188
4727 3000
4728 2358
4729 1506
4730 2964
4731 2196
4732 1902
4733 1938
4734 1662
4735 1776
4736 4236
4737 2850
4738 1992
4739 2814
4740 1644
4741 1698
4742 1446
4743 1782
4744 1350
4745 2328
4746 1656
4747 1572
4748 1086
4749 2196
4750 1758
4751 1938
4752 2748
4753 2142
4754 2508
4755 2808
4756 1056
4757 2106
4758 1362
4759 1686
4760 1212
4761 1902
4762 888
4763 2148
4764 1392
4765 1194
4766 2232
4767 2388
4768 6882
4769 1632
4770 1710
4771 2520
4772 1392
4773 1596
4774 1866
4775 3510
4776 1002
4777 3246
4778 2352
4779 3210
4780 1482
4781 1542
4782 3132
4783 2292
4784 2274
4785 2670
4786 2244
4787 1836
4788 1584
4789 2694
4790 1356
4791 1092
4792 2946
4793 3312
4794 2184
4795 1410
4796 1590
4797 1812
4798 1362
4799 2178
4800 1716
4801 2322
4802 1674
4803 1740
4804 1692
4805 1560
4806 1500
4807 1602
4808 1434
4809 1398
4810 1500
4811 2958
4812 1332
4813 2592
4814 1578
4815 2628
4816 954
4817 1536
4818 1284
4819 1860
4820 2268
4821 1122
4822 2718
4823 1500
4824 1614
4825 2034
4826 2946
4827 2628
4828 1818
4829 1914
4830 1242
4831 1698
4832 1632
4833 1182
4834 1266
4835 3678
4836 1344
4837 1368
4838 1908
4839 2106
4840 2634
4841 1476
4842 2208
4843 2580
4844 1638
4845 1626
Unexpected message received for job 1044952
4846 4278
4847 1428
4848 1164
Unexpected message received for job 1044952
4849 1476
4850 1698
4851 1620
4852 3264
4853 1722
4854 2352
4855 1914
4856 2784
4857 1782
4858 1752
4859 1356
4860 1860
4861 1560
4862 1218
4863 2610
4864 1302
4865 1938
4866 2334
4867 1614
4868 1794
4869 3570
4870 1692
4871 1626
4872 2340
4873 1710
4874 2124
4875 1950
4876 1470
4877 1710
4878 1848
4879 2382
4880 1176
4881 1062
4882 1224
4883 2622
4884 1914
4885 2160
4886 1692
4887 1038
4888 1044
4889 4668
4890 4638
4891 1956
4892 1302
4893 3276
4894 1410
4895 2322
4896 1248
4897 1914
4898 3186
4899 2634
4900 1296
4901 2784
4902 1728
4903 3438
4904 2070
4905 1404
4906 1818
4907 1788
4908 4746
4909 990
4910 3150
4911 3354
4912 3168
4913 1950
4914 1278
4915 1662
4916 1626
4917 1074
4918 1332
4919 2040
4920 1602
4921 1848
4922 2580
4923 2406
4924 1656
4925 2322
4926 1926
4927 1440
4928 1782
4929 1068
4930 1368
4931 2808
4932 1158
4933 1344
4934 1386
4935 1842
4936 2280
4937 2916
4938 1908
4939 1626
4940 4368
4941 3408
4942 3162
4943 3816
4944 5178
4945 3108
4946 2100
4947 2160
4948 2532
4949 1290
4950 1500
4951 1374
4952 1680
4953 2418
4954 1116
4955 1242
4956 2514
4957 1098
4958 3018
4959 3168
4960 1158
4961 2466
4962 2550
4963 3612
4964 1158
4965 1284
4966 1284
4967 2760
4968 1236
4969 1158
4970 1440
4971 1494
4972 2856
4973 1500
4974 2490
4975 3048
4976 1554
4977 3402
4978 2154
4979 2844
4980 3048
4981 1398
4982 1458
4983 1392
4984 1782
4985 1458
4986 2076
4987 2502
4988 2460
4989 2268
4990 1770
4991 4164
4992 2952
4993 3342
4994 2880
4995 2874
4996 3348
4997 2406
4998 3294
4999 3270
5000 4566
5001 1368
5002 936
5003 1722
5004 1590
5005 3126
5006 3024
5007 1224
5008 2484
5009 1278
5010 1224
5011 2418
5012 1158
5013 1926
5014 1464
5015 876
5016 1956
5017 3240
5018 2676
5019 1440
5020 1746
5021 3456
5022 3324
5023 4506
5024 1212
5025 1404
5026 1464
5027 2286
5028 1974
5029 1518
5030 1506
5031 2112
5032 2856
5033 1572
5034 2364
5035 3060
5036 3390
5037 1560
5038 1368
5039 2052
5040 2298
5041 1608
5042 2856
5043 2352
5044 1272
5045 2676
5046 2298
5047 2244
5048 1326
5049 1464
5050 1644
5051 1524
5052 2130
5053 1440
5054 1620
5055 1482
5056 2244
5057 1302
5058 1470
5059 2136
5060 1620
5061 3174
5062 990
5063 1128
5064 2094
5065 1362
5066 1590
5067 2058
5068 2586
5069 1866
5070 2142
5071 2238
5072 1776
5073 1344
5074 1188
5075 2742
5076 2982
5077 1224
5078 1968
5079 1290
5080 2442
5081 2664
5082 1248
5083 1356
5084 3078
5085 978
5086 1824
5087 2142
5088 1884
5089 2580
5090 1014
5091 2076
5092 1332
5093 1428
5094 2250
5095 2112
5096 1980
5097 1374
5098 342
5099 2322
5100 2130
5101 1746
5102 948
5103 1698
5104 2568
5105 1458
5106 996
5107 2160
5108 1932
5109 1854
5110 2364
5111 1032
5112 1962
5113 1260
5114 1704
5115 1272
5116 2706
5117 1248
5118 2394
5119 2292
5120 1392
5121 1974
5122 1446
5123 1800
5124 1572
5125 1332
5126 2166
5127 2154
5128 936
5129 1536
5130 2262
5131 2514
5132 1422
5133 2298
5134 1176
5135 1698
5136 1572
5137 2034
5138 1164
5139 1380
5140 2856
5141 2016
5142 2016
5143 1254
5144 3078
5145 2160
5146 1740
5147 996
5148 1884
5149 1668
5150 1578
5151 1260
5152 1956
5153 1146
5154 1002
5155 1596
5156 1878
5157 2436
5158 1482
5159 2580
5160 1488
5161 1728
5162 1416
5163 1278
5164 1842
5165 1206
5166 1134
5167 1218
5168 2460
5169 948
5170 1488
5171 1956
5172 3522
5173 1662
5174 1434
5175 1368
5176 1170
5177 1728
5178 1680
5179 1380
5180 1068
5181 1632
5182 1830
5183 1854
5184 2400
5185 2094
5186 2154
5187 852
5188 1026
5189 1950
5190 1440
5191 3414
5192 1626
5193 1128
5194 1668
5195 954
5196 1434
5197 2778
5198 1584
5199 1098
5200 2202
5201 6570
5202 3462
5203 2364
5204 3612
5205 1530
5206 1044
5207 3522
5208 2304
5209 918
5210 1908
5211 1536
5212 1032
5213 1704
5214 2022
5215 1716
5216 2166
5217 1254
5218 2724
5219 1710
5220 1476
5221 1092
5222 1404
5223 1938
5224 1428
5225 1638
5226 1482
5227 1818
5228 1398
5229 1404
5230 2814
5231 1512
5232 1320
5233 1632
5234 1896
5235 1764
5236 1896
5237 2892
5238 1776
5239 1074
5240 1890
5241 1182
5242 1446
5243 3582
5244 1662
5245 1374
5246 2712
5247 3456
5248 3006
5249 1668
5250 1554
5251 2094
5252 1572
5253 1422
5254 2532
5255 2262
5256 2508
5257 1062
5258 3492
5259 2088
5260 1848
5261 1914
5262 1656
5263 2154
5264 2628
5265 1620
5266 1410
5267 2982
5268 2544
5269 1404
5270 2334
5271 1236
5272 2322
5273 2202
5274 1536
5275 1386
5276 1200
5277 1416
5278 2322
5279 1194
5280 2112
5281 1938
5282 1830
5283 1866
5284 1140
5285 1380
5286 1440
5287 1266
5288 2064
5289 1344
5290 2136
5291 3690
5292 3222
5293 2118
5294 978
5295 1488
5296 1470
5297 1692
5298 1512
5299 3486
5300 1644
5301 2328
5302 1284
5303 2220
5304 1830
5305 1326
5306 2250
5307 2484
5308 1668
5309 1776
5310 1680
5311 1872
5312 4650
5313 2850
5314 1290
5315 2322
5316 1428
5317 2034
5318 1296
5319 1116
5320 2178
5321 1710
5322 1530
5323 1614
5324 1962
5325 2724
5326 2634
5327 1860
5328 3438
5329 2160
5330 2382
5331 492
5332 1392
5333 1428
5334 1332
5335 1674
5336 1692
5337 1722
5338 3102
5339 1998
5340 1698
5341 1284
5342 1818
5343 2286
5344 1722
5345 2820
5346 2928
5347 1086
5348 1698
5349 1692
5350 1494
5351 2664
5352 1572
5353 1044
5354 2202
5355 954
5356 1278
5357 1278
5358 1350
5359 1902
5360 1098
5361 1716
5362 2040
5363 2598
5364 1260
5365 3048
5366 1428
5367 2610
5368 1950
5369 1452
5370 2790
5371 3066
5372 1752
5373 2064
5374 2034
5375 1536
5376 1962
5377 2892
5378 1374
5379 3120
5380 1956
5381 2172
5382 4182
5383 5718
5384 2718
5385 1494
5386 2268
5387 2568
5388 1608
5389 2178
5390 1200
5391 1404
5392 3876
5393 1674
5394 3570
5395 3528
5396 3606
5397 1596
5398 1464
5399 1146
5400 2160
5401 1350
5402 2898
5403 2628
5404 2010
5405 3426
5406 1446
5407 1602
5408 1830
5409 1872
5410 3096
5411 2682
5412 1980
5413 3102
5414 3090
5415 1944
5416 2322
5417 1608
5418 1032
5419 3606
5420 2094
5421 2310
5422 2400
5423 1614
5424 1218
5425 2352
5426 2064
5427 1236
5428 2184
5429 1476
5430 1596
5431 1740
5432 1914
5433 1494
5434 1494
5435 1926
5436 1632
5437 1470
5438 3420
5439 2178
5440 1758
5441 2730
5442 2490
5443 1314
5444 1890
5445 1920
5446 2130
5447 1218
5448 1566
5449 1416
5450 1980
5451 3384
5452 2556
5453 1728
5454 3090
5455 1278
5456 1260
5457 1368
5458 1764
5459 1044
5460 2226
5461 1596
5462 3306
5463 1566
5464 1266
5465 1920
5466 1386
5467 1620
5468 2286
5469 1104
5470 1806
5471 2040
5472 2388
5473 2298
5474 1494
5475 1836
5476 2076
5477 1086
5478 1434
5479 936
5480 1086
5481 1104
5482 1608
5483 1242
5484 3030
5485 1728
5486 3252
5487 3000
5488 1866
5489 2724
5490 3780
5491 1452
5492 1422
5493 1848
5494 2472
5495 2694
5496 1578
5497 2730
5498 2400
5499 1788
5500 2394
5501 2922
5502 1710
5503 1500
5504 2316
5505 3528
5506 1530
5507 2892
5508 2526
5509 1122
5510 2088
5511 1470
5512 1626
5513 4464
5514 1464
5515 1320
5516 3222
5517 1380
5518 1284
5519 1464
5520 2058
5521 1890
5522 3144
5523 1236
5524 1668
5525 1080
5526 2310
5527 1482
5528 1794
5529 1962
5530 1482
5531 1938
5532 2448
5533 3960
5534 1362
5535 2460
5536 1578
5537 3162
5538 900
5539 1920
5540 1788
5541 1614
5542 1404
5543 1278
5544 1356
5545 2664
5546 1800
5547 1536
5548 2118
5549 1428
5550 1122
5551 2526
5552 3438
5553 2664
5554 1038
5555 1164
5556 1176
5557 1014
5558 1794
5559 3048
5560 1152
5561 2364
5562 3726
5563 2820
5564 1602
5565 1404
5566 2502
5567 5046
5568 1512
5569 2226
5570 1674
5571 1356
5572 1890
5573 1122
5574 3618
5575 2736
5576 2436
5577 1656
5578 2496
5579 1326
5580 1734
5581 2280
5582 2292
5583 2286
5584 1074
5585 3138
5586 2010
5587 2010
5588 3330
5589 1968
5590 2946
5591 3498
5592 1668
5593 3162
5594 2052
5595 3606
5596 2508
5597 1500
5598 1518
5599 4236
5600 2382
5601 1842
5602 1908
5603 1296
5604 1476
5605 1494
5606 2148
5607 2244
5608 1218
5609 2376
5610 2244
5611 1596
5612 2196
5613 1176
5614 2118
5615 2130
5616 2364
5617 3102
5618 1860
5619 2028
5620 1428
5621 912
5622 2124
5623 1866
5624 1710
5625 2310
5626 1140
5627 1362
5628 1896
5629 3402
5630 2502
5631 2160
5632 3210
5633 2934
5634 1422
5635 1308
5636 1824
5637 2082
5638 1614
5639 1962
5640 1032
5641 2166
5642 1422
5643 1914
5644 2892
5645 1176
5646 2652
5647 2502
5648 3828
5649 2334
5650 3222
5651 2334
5652 2694
5653 2934
5654 3168
5655 2088
5656 2730
5657 1884
5658 4446
5659 1092
5660 3564
5661 1326
5662 960
5663 1680
5664 1392
5665 2766
5666 3300
5667 1308
5668 1608
5669 2736
5670 1890
5671 1992
5672 1392
5673 1890
5674 4080
5675 3048
5676 2334
5677 3198
5678 3804
5679 2322
5680 2154
5681 1422
5682 336
5683 2514
5684 1824
5685 1278
5686 1326
5687 1698
5688 1074
5689 1338
5690 2040
5691 2814
5692 2124
5693 2076
5694 1368
5695 2232
5696 1608
5697 1290
5698 1500
5699 1632
5700 1032
5701 2820
5702 1692
5703 1176
5704 2634
5705 2454
5706 1734
5707 1590
5708 1470
5709 2298
5710 1464
5711 2472
5712 2274
5713 1506
5714 1656
5715 1644
5716 1650
5717 1650
5718 2892
5719 930
5720 1764
5721 1956
5722 2646
5723 1392
5724 2904
5725 2004
5726 1392
5727 948
5728 3102
5729 2220
5730 2874
5731 3174
5732 2076
5733 2862
5734 912
5735 2004
5736 2004
5737 1422
5738 5220
5739 1818
5740 1020
5741 3840
5742 2640
5743 1692
5744 1788
5745 1122
5746 2250
5747 1734
5748 996
5749 3288
5750 1020
5751 1902
5752 1548
5753 1794
5754 1488
5755 1206
5756 1428
5757 1650
5758 1146
5759 1992
5760 1440
5761 1350
5762 3600
5763 1428
5764 1494
5765 1560
5766 2250
5767 2106
5768 3342
5769 3042
5770 3132
5771 2016
5772 1326
5773 1800
5774 2004
5775 1752
5776 2220
5777 2442
5778 1032
5779 1560
Unexpected message received for job 1044952
5780 3648
5781 1578
5782 3354
Unexpected message received for job 1044952
5783 1464
5784 1722
5785 1230
5786 5376
5787 2022
5788 2472
5789 1638
5790 1026
5791 2160
5792 1956
5793 2634
5794 2304
5795 1302
5796 1296
5797 1728
5798 2340
5799 1338
5800 1032
5801 1272
5802 2304
5803 1698
5804 2148
5805 1206
5806 2022
5807 1170
5808 1614
5809 1938
5810 2064
5811 2292
5812 1398
5813 1158
5814 1272
5815 2280
5816 1308
5817 2328
5818 2238
5819 2748
5820 2304
5821 2304
5822 906
5823 2220
5824 1236
5825 2106
5826 1908
5827 2076
5828 1122
5829 3138
5830 2796
5831 2838
5832 2466
5833 960
5834 1980
5835 1704
5836 1836
5837 2184
5838 1188
5839 2472
5840 1896
5841 3234
5842 1380
5843 2448
5844 1392
5845 3120
5846 1116
5847 1110
5848 1542
5849 2352
5850 2406
5851 2670
5852 2574
5853 1842
5854 1434
5855 1278
5856 1626
5857 1998
5858 2100
5859 1506
5860 1440
5861 1956
5862 1782
5863 1368
5864 1440
5865 1908
5866 1500
5867 1542
5868 1164
5869 1902
5870 1032
5871 1470
5872 3264
5873 1338
5874 954
5875 1080
5876 1218
5877 2472
5878 1578
5879 1668
5880 1272
5881 1764
5882 1830
5883 3000
5884 1674
5885 1200
5886 2340
5887 1554
5888 1914
5889 2208
5890 834
5891 1884
5892 1314
5893 1506
5894 1650
5895 1584
5896 1242
5897 2370
5898 1320
5899 1506
5900 1650
5901 1782
5902 1098
5903 2226
5904 1338
5905 972
5906 1266
5907 1014
5908 1494
5909 1236
5910 4392
5911 1650
5912 1650
5913 1362
5914 1728
5915 2016
5916 2232
5917 1704
5918 2814
5919 1350
5920 1752
5921 1266
5922 1284
5923 1374
5924 2766
5925 1452
5926 1134
5927 1194
5928 1554
5929 1812
5930 2214
5931 3312
5932 1434
5933 1284
5934 1452
5935 1938
5936 1188
5937 4014
5938 1824
5939 2538
5940 1596
5941 3462
5942 1344
5943 1962
5944 1116
5945 2292
5946 2928
5947 1446
5948 2838
5949 1194
5950 1716
5951 1872
5952 1458
5953 2370
5954 2490
5955 1470
5956 1866
5957 1014
5958 1194
5959 1086
5960 2274
5961 3042
5962 2352
5963 3024
5964 1110
5965 1242
5966 2424
5967 2454
5968 1290
5969 1200
5970 1248
5971 1038
5972 1452
5973 1032
5974 1920
5975 1020
5976 1728
5977 2724
5978 1386
5979 1044
5980 1332
5981 1506
5982 2478
5983 1260
5984 966
5985 1086
5986 2442
5987 1116
5988 1332
5989 2580
5990 1188
5991 1434
5992 2538
5993 1326
5994 1740
5995 1068
5996 1626
5997 1536
5998 1524
5999 1416
6000 1380
6001 1824
6002 1122
6003 2052
6004 990
6005 1938
6006 2304
6007 1362
6008 1266
6009 1620
6010 1242
6011 1224
6012 1164
6013 2700
6014 846
6015 1836
6016 1068
6017 3282
6018 2040
6019 1620
6020 1296
6021 1026
6022 1380
6023 1590
6024 1368
6025 2112
6026 2034
6027 2076
6028 1026
6029 1092
6030 1302
6031 1980
6032 1548
6033 1674
6034 1992
6035 1440
6036 1158
6037 1356
6038 1740
6039 1452
6040 2220
6041 2064
6042 1116
6043 882
6044 2376
6045 1740
6046 1242
6047 1488
6048 1824
6049 2064
6050 1038
6051 2004
6052 1590
6053 1830
6054 2934
6055 3318
6056 1410
6057 948
6058 1476
6059 1650
6060 1248
6061 3012
6062 984
6063 2970
6064 1698
6065 966
6066 1236
6067 1530
6068 1794
6069 1866
6070 2028
6071 1524
6072 888
6073 1650
6074 1674
6075 2100
6076 2046
6077 1638
6078 990
6079 1836
6080 1542
6081 1548
6082 1920
6083 2400
6084 1746
6085 2466
6086 2166
6087 2652
6088 1956
6089 1596
6090 2634
6091 2460
6092 2652
6093 2088
6094 1086
6095 2334
6096 3252
6097 1380
6098 1800
6099 1176
6100 2166
6101 1614
6102 1644
6103 2370
6104 2412
6105 1728
6106 990
6107 1524
6108 1458
6109 3630
6110 1656
6111 1224
6112 2484
6113 2460
6114 1296
6115 1350
6116 1416
6117 1476
6118 1446
6119 2520
6120 1284
6121 1818
6122 1716
6123 2148
6124 1836
6125 1800
6126 2034
6127 1824
6128 1188
6129 1206
6130 822
6131 1560
6132 1776
6133 1584
6134 1368
6135 1260
6136 1926
6137 1152
6138 1284
6139 1134
6140 1542
6141 1806
6142 2004
6143 1740
6144 2196
6145 1020
6146 1164
6147 1248
6148 2430
6149 1014
6150 1794
6151 1332
6152 1158
6153 1920
6154 1098
6155 1410
6156 1590
6157 1926
6158 1662
6159 1584
6160 1830
6161 1170
6162 1248
6163 1950
6164 996
6165 1278
6166 1614
6167 1434
6168 3678
6169 2844
6170 1308
6171 1128
6172 1986
6173 1608
6174 1158
6175 3066
6176 1278
6177 1404
6178 1116
6179 1650
6180 1668
6181 2298
6182 2238
6183 1080
6184 1740
6185 1746
6186 1938
6187 1176
6188 2280
6189 1248
6190 4080
6191 3402
6192 2124
6193 1050
6194 1446
6195 1344
6196 894
6197 1998
6198 2472
6199 2730
6200 1188
6201 990
6202 2022
6203 3480
6204 1170
6205 1002
6206 1686
6207 1914
6208 1398
6209 1668
6210 1950
6211 1704
6212 972
6213 1446
6214 1164
6215 2730
6216 1350
6217 1818
6218 1380
6219 1212
6220 432
6221 1104
6222 1404
6223 1356
6224 1368
6225 2370
6226 1038
6227 2100
6228 1038
6229 1290
6230 3468
6231 2166
6232 1506
6233 1746
6234 2556
6235 2790
6236 1686
6237 1758
6238 1956
6239 1698
6240 2082
6241 2490
6242 2088
6243 1422
6244 1302
6245 1098
6246 2220
6247 2100
6248 1554
6249 1572
6250 774
6251 2118
6252 2094
6253 3294
6254 2784
6255 1254
6256 2676
6257 1740
6258 1890
6259 1788
6260 2430
6261 1572
6262 1890
6263 1698
6264 1770
6265 1212
6266 5058
6267 2370
6268 1440
6269 1608
6270 1062
6271 2058
6272 1548
6273 1662
6274 2496
6275 2724
6276 1068
6277 1320
6278 1896
6279 1452
6280 1602
6281 1218
6282 1404
6283 2070
6284 1158
6285 1560
6286 1308
6287 1248
6288 1806
6289 1458
6290 1326
6291 1488
6292 1320
6293 1626
6294 1092
6295 2706
6296 1350
6297 1086
6298 2154
6299 1674
6300 1890
6301 2532
6302 2778
6303 1206
6304 2124
6305 2046
6306 1578
6307 1326
6308 1350
6309 834
6310 2004
6311 1812
6312 1224
6313 1464
6314 1320
6315 1734
6316 1542
6317 1860
6318 2172
6319 1032
6320 1308
6321 3504
6322 1626
6323 1152
6324 2520
6325 1170
6326 1176
6327 918
6328 1320
6329 1470
6330 1938
6331 1116
6332 1422
6333 1302
6334 1878
6335 1806
6336 1812
6337 1950
6338 1602
6339 954
6340 1338
6341 1380
6342 1722
6343 972
6344 1212
6345 1416
6346 1878
6347 1548
6348 1038
6349 1164
6350 1044
6351 930
6352 1974
6353 1260
6354 2082
6355 2028
6356 972
6357 2448
6358 2016
6359 1926
6360 1350
6361 1908
6362 2034
6363 1098
6364 3780
6365 1446
6366 2256
6367 1284
6368 1188
6369 1212
6370 1338
6371 1962
6372 1638
6373 1476
6374 1896
6375 1176
6376 1428
6377 996
6378 1752
6379 1470
6380 1122
6381 2100
6382 1332
6383 2958
6384 924
6385 1338
6386 1554
6387 786
6388 1968
6389 1374
6390 1422
6391 1560
6392 1818
6393 2196
6394 1440
6395 1866
6396 1194
6397 5952
6398 1896
6399 1290
6400 1476
6401 1602
6402 1128
6403 2262
6404 1482
6405 978
6406 2004
6407 1998
6408 1872
6409 1476
6410 1866
6411 2574
6412 2406
6413 1506
6414 1878
6415 1014
6416 948
6417 1662
6418 2118
6419 1884
6420 2640
6421 1374
6422 1230
6423 2124
6424 4134
6425 1782
6426 1128
6427 1536
6428 1542
6429 1314
6430 1158
6431 1758
6432 1074
6433 1800
6434 1908
6435 2184
6436 2490
6437 2466
6438 1788
6439 3318
6440 1824
6441 2514
6442 2352
6443 1770
6444 1638
6445 2082
6446 1692
6447 1530
6448 1554
6449 2844
6450 2292
6451 3198
6452 3684
6453 3462
6454 972
6455 3594
6456 1506
6457 1644
6458 2076
6459 2946
6460 1896
6461 2022
6462 2346
6463 1752
6464 3846
6465 2340
6466 3480
6467 3318
6468 852
6469 1776
6470 1554
6471 3288
6472 1716
6473 1314
6474 3624
6475 2610
6476 2712
6477 2844
6478 2334
6479 2748
6480 4518
6481 1734
6482 3996
6483 2352
6484 2550
6485 1218
6486 1476
6487 2040
6488 3348
6489 1440
6490 1902
6491 1518
6492 3336
6493 1338
6494 1302
6495 1668
6496 2112
6497 3672
6498 1116
6499 1296
6500 1692
6501 1758
6502 1902
6503 3480
6504 1284
6505 1374
6506 2160
6507 2310
6508 1512
6509 1332
6510 1464
6511 1848
6512 1872
6513 1038
6514 1902
6515 1230
6516 2928
6517 1326
6518 1374
6519 1434
6520 1692
6521 1902
6522 2724
6523 1410
6524 4116
6525 1218
6526 1230
6527 1062
6528 1716
6529 1986
6530 3120
6531 1794
6532 1752
6533 1542
6534 1140
6535 1422
6536 1608
6537 1380
6538 2130
6539 2124
6540 1560
6541 1476
6542 1128
6543 1812
6544 2364
6545 3210
6546 1662
6547 1122
6548 4290
6549 1224
6550 2400
6551 1710
6552 2064
6553 2190
6554 984
6555 1536
6556 1974
6557 2328
6558 2280
6559 1404
6560 1506
6561 1104
6562 1668
6563 2736
6564 1320
6565 1614
6566 342
6567 1212
6568 3090
6569 3600
6570 1842
6571 1488
6572 1746
6573 1182
6574 1182
6575 1326
6576 1092
6577 1824
6578 2016
6579 1062
6580 918
6581 2022
6582 1032
6583 1002
6584 1116
6585 1800
6586 948
6587 1974
6588 1020
6589 1842
6590 1590
6591 2994
6592 1098
6593 1326
6594 3036
6595 966
6596 2748
6597 1380
6598 1218
6599 1206
6600 1692
6601 1632
6602 2160
6603 1692
6604 1092
6605 1824
6606 1398
6607 2094
6608 1614
6609 936
6610 1536
6611 1788
6612 1548
6613 2472
6614 1476
6615 2352
6616 1320
6617 2502
6618 1230
6619 1476
6620 1794
6621 2508
6622 1398
6623 1536
6624 1236
6625 1548
6626 1584
6627 1302
6628 1512
6629 2316
6630 1632
6631 1386
6632 1602
6633 5052
6634 2418
6635 2886
6636 1902
6637 1704
6638 3552
6639 2460
6640 1530
6641 1218
6642 1944
6643 1974
6644 1026
6645 1266
6646 3198
6647 1974
6648 1590
6649 1680
6650 1428
6651 3054
6652 3966
6653 1254
6654 3402
6655 1146
6656 2850
6657 1134
6658 1698
6659 1326
6660 1476
6661 2478
6662 1560
6663 1368
6664 2106
6665 1500
6666 2100
6667 2142
6668 2112
6669 1086
6670 1194
6671 4614
6672 1062
6673 1296
6674 1152
6675 2016
6676 2766
6677 1608
6678 1728
6679 2766
6680 2202
6681 1320
6682 1404
6683 2124
6684 1332
6685 1152
6686 1236
6687 2634
6688 984
6689 1758
6690 2232
6691 1344
6692 3342
6693 2346
6694 1746
6695 1728
6696 1488
6697 1818
6698 2106
6699 1290
6700 3444
6701 1542
6702 3528
6703 5028
6704 2148
6705 2142
6706 1902
6707 1788
6708 1242
6709 1188
6710 1356
6711 1512
6712 3018
6713 1236
6714 2154
6715 1176
6716 2208
6717 1026
6718 1428
6719 1968
6720 1128
6721 1926
6722 1332
6723 1014
6724 1272
6725 1056
6726 1464
6727 1998
6728 2058
6729 4038
6730 2832
6731 1176
6732 1356
6733 2376
6734 1536
6735 2658
6736 1092
6737 1224
6738 1440
6739 1662
6740 2322
6741 1512
6742 5250
6743 1440
6744 1482
6745 1950
6746 1626
6747 1422
Unexpected message received for job 1044952
6748 1362
6749 1164
6750 1206
6751 1398
Unexpected message received for job 1044952
6752 1398
6753 1248
6754 1728
6755 1110
6756 1356
6757 1860
6758 1716
6759 1098
6760 3156
6761 1446
6762 1542
6763 1164
6764 1470
6765 1614
6766 1632
6767 1842
6768 1488
6769 1830
6770 1980
6771 1974
6772 1554
6773 2034
6774 2070
6775 1080
6776 2208
6777 2724
6778 1386
6779 1512
6780 3306
6781 1812
6782 1452
6783 3156
6784 1092
6785 3102
6786 1380
6787 504
6788 1452
6789 1290
6790 1644
6791 1218
6792 1584
6793 2334
6794 1536
6795 2082
6796 2964
6797 1788
6798 1992
6799 1608
6800 2406
6801 1056
6802 2124
6803 1248
6804 1650
6805 1500
6806 1446
6807 1194
6808 876
6809 1044
6810 1326
6811 1614
6812 1266
6813 1212
6814 1146
6815 2970
6816 1068
6817 2610
6818 1626
6819 1032
6820 1050
6821 1122
6822 1776
6823 1260
6824 1158
6825 1356
6826 1110
6827 1422
6828 1476
6829 1122
6830 1212
6831 1176
6832 1332
6833 1356
6834 1230
6835 1320
6836 1002
6837 1524
6838 2010
6839 2832
6840 4032
6841 1896
6842 1524
6843 3264
6844 3750
6845 1566
6846 1872
6847 1482
6848 1200
6849 1650
6850 1938
6851 2316
6852 1950
6853 1452
6854 864
6855 1470
6856 1518
6857 1368
6858 1164
6859 1272
6860 2022
6861 2154
6862 2280
6863 1860
6864 1452
6865 1128
6866 1944
6867 1050
6868 4272
6869 1410
6870 1836
6871 1812
6872 1062
6873 1152
6874 1140
6875 984
6876 1860
6877 2382
6878 1338
6879 1842
6880 1164
6881 1314
6882 1482
6883 1056
6884 1644
6885 1908
6886 2058
6887 2490
6888 2232
6889 1692
6890 1458
6891 1908
6892 1542
6893 1632
6894 3636
6895 2340
6896 1464
6897 4344
6898 2328
6899 4548
6900 1098
6901 1356
6902 1494
6903 2418
6904 1860
6905 1866
6906 1458
6907 2172
6908 3834
6909 2370
6910 2538
6911 1056
6912 2238
6913 2310
6914 2526
6915 1716
6916 2646
6917 4380
6918 2046
6919 1884
6920 3810
6921 2040
6922 2028
6923 2826
6924 1494
6925 2760
6926 1068
6927 2034
6928 2136
6929 2316
6930 1044
6931 894
6932 2130
6933 1596
6934 2922
6935 2586
6936 1326
6937 1116
6938 2106
6939 1590
6940 2418
6941 948
6942 1614
6943 2556
6944 2226
6945 1752
6946 1164
6947 2634
6948 1512
6949 1170
6950 1134
6951 1008
6952 1374
6953 990
6954 2184
6955 1806
6956 2718
6957 2286
6958 1812
6959 1116
6960 1062
6961 1902
6962 2010
6963 1944
6964 1074
6965 1488
6966 1560
6967 936
6968 1788
6969 1074
6970 2472
6971 1518
6972 2076
6973 1512
6974 2622
6975 1122
6976 2430
6977 1464
6978 900
6979 882
6980 2268
6981 2106
6982 342
6983 3318
6984 2574
6985 1614
6986 2454
6987 1728
6988 2400
6989 1788
6990 1560
6991 2040
6992 1290
6993 2154
6994 1182
6995 2034
6996 1746
6997 1860
6998 1272
6999 1224
7000 1104
7001 1386
7002 1776
7003 1770
7004 1086
7005 1638
7006 3066
7007 1830
7008 1614
7009 1074
7010 1674
7011 912
7012 2118
7013 990
7014 1122
7015 1542
7016 1296
7017 1266
7018 1002
7019 1434
7020 954
7021 1968
7022 1482
7023 1476
7024 1200
7025 2640
7026 1254
7027 1842
7028 1068
7029 3192
7030 1494
7031 2982
7032 1860
7033 1596
7034 1464
7035 1308
7036 1746
7037 2418
7038 1464
7039 1458
7040 1734
7041 1512
7042 1512
7043 1920
7044 2034
7045 2400
7046 1266
7047 2226
7048 2754
7049 1140
7050 1800
7051 900
7052 1482
7053 2076
7054 1362
7055 1554
7056 1152
7057 1374
7058 2196
7059 1176
7060 1890
7061 228
7062 1710
7063 1278
7064 1266
7065 1392
7066 2910
7067 1014
7068 1476
7069 1110
7070 1884
7071 1260
7072 2274
7073 1362
7074 1116
7075 1476
7076 1092
7077 1134
7078 3000
7079 1662
7080 1794
7081 2082
7082 1086
7083 1422
7084 1200
7085 1134
7086 2046
7087 2160
7088 1392
7089 2796
7090 1614
7091 1242
7092 1176
7093 1350
7094 1188
7095 1212
7096 2262
7097 1542
7098 228
7099 1692
7100 1350
7101 804
7102 1596
7103 1560
7104 990
7105 2898
7106 1716
7107 1116
7108 1098
7109 1962
7110 3516
7111 1860
7112 1158
7113 1416
7114 1092
7115 972
7116 1104
7117 2316
7118 1212
7119 1194
7120 1446
7121 1770
7122 1782
7123 2424
7124 2094
7125 1956
7126 1434
7127 1812
7128 2862
7129 1704
7130 1716
7131 1176
7132 2724
7133 2580
7134 1698
7135 2268
7136 1380
7137 3036
7138 1332
7139 906
7140 1554
7141 1560
7142 1770
7143 1122
7144 1662
7145 1698
7146 1734
7147 1392
7148 1218
7149 1668
7150 2784
7151 2256
7152 1464
7153 1902
7154 1512
7155 1344
7156 1212
7157 1584
7158 912
7159 852
7160 1200
7161 3150
7162 3456
7163 1290
7164 1524
7165 1362
7166 2202
7167 2094
7168 1542
7169 3606
7170 2880
7171 1068
7172 1452
7173 1524
7174 3150
7175 1848
7176 1428
7177 3588
7178 3006
7179 2886
7180 1482
7181 2592
7182 1878
7183 2796
7184 1824
7185 1230
7186 2628
7187 1380
7188 4140
7189 1788
7190 1698
7191 2712
7192 1872
7193 996
7194 2952
7195 900
7196 3996
7197 1092
7198 1692
7199 2160
7200 900
7201 1422
7202 3246
7203 1722
7204 1296
7205 1458
7206 3546
7207 1074
7208 2658
7209 1506
7210 2406
7211 3600
7212 1914
7213 2196
7214 1338
7215 816
7216 5952
7217 3090
7218 996
7219 1932
7220 1044
7221 1596
7222 1332
7223 3156
7224 1260
7225 1290
7226 1362
7227 1314
7228 1986
7229 1026
7230 1728
7231 1806
7232 1836
7233 2184
7234 1032
7235 2412
7236 1560
7237 2496
7238 1632
7239 2430
7240 1554
7241 1710
7242 2820
7243 1782
7244 3042
7245 2064
7246 1182
7247 1170
7248 1836
7249 1230
7250 2070
7251 4836
7252 1386
7253 3078
7254 1764
7255 1404
7256 1284
7257 2034
7258 1140
7259 1212
7260 1308
7261 1356
7262 1584
7263 882
7264 1794
7265 1488
7266 2130
7267 1476
7268 1674
7269 1206
7270 1254
7271 1998
7272 1662
7273 1326
7274 1422
7275 1650
7276 882
7277 2562
7278 1092
7279 2034
7280 1542
7281 978
7282 1872
7283 1290
7284 1584
7285 3234
7286 1044
7287 2682
7288 1044
7289 2382
7290 1956
7291 2388
7292 1680
7293 2094
7294 3012
7295 3216
7296 2088
7297 1020
7298 1128
7299 1074
7300 1788
7301 2166
7302 1458
7303 1572
7304 1548
7305 1668
7306 2292
7307 2418
7308 420
7309 4650
7310 6564
7311 1692
7312 2196
7313 6030
7314 3912
7315 2400
7316 5088
7317 2328
7318 3006
7319 1104
7320 3018
7321 1080
7322 1104
7323 1806
7324 2088
7325 978
7326 2316
7327 2034
7328 2292
7329 1698
7330 1170
7331 1542
7332 1548
7333 1590
7334 1758
7335 1584
7336 1344
7337 792
7338 2406
7339 1056
7340 516
7341 2520
7342 942
7343 1260
7344 1290
7345 1740
7346 1506
7347 1158
7348 1308
7349 1098
7350 3468
7351 3462
7352 516
7353 2898
7354 2046
7355 2034
7356 1746
7357 1560
7358 1806
7359 1464
7360 1854
7361 1206
7362 2124
7363 1938
7364 1470
7365 1446
7366 1314
7367 2034
7368 1542
7369 1680
7370 2310
7371 1752
7372 1518
7373 1212
7374 1986
7375 1578
7376 1584
7377 1476
7378 1440
7379 2148
7380 1848
7381 1842
7382 1068
7383 2262
7384 1404
7385 1614
7386 2064
7387 1206
7388 2064
7389 2130
7390 1680
7391 1578
7392 1572
7393 1038
7394 1746
7395 1536
7396 1872
7397 1926
7398 2310
7399 1044
7400 2256
7401 2070
7402 1620
7403 894
7404 870
7405 1374
7406 2142
7407 1308
7408 2040
7409 1638
7410 1242
7411 954
7412 1506
7413 1182
7414 1320
7415 1464
7416 1848
7417 1848
7418 1032
7419 1368
7420 1458
7421 1788
7422 1500
7423 1938
7424 2820
7425 1506
7426 2766
7427 996
7428 1710
7429 1362
7430 2028
7431 1542
7432 3072
7433 468
7434 2898
7435 3060
7436 2964
7437 2172
7438 1188
7439 1884
7440 2034
7441 1200
7442 1356
7443 4914
7444 6012
7445 2622
7446 1272
7447 1686
7448 2112
7449 1548
7450 3102
7451 1722
7452 1536
7453 1140
7454 1584
7455 1392
7456 1116
7457 1020
7458 1752
7459 3210
7460 990
7461 828
7462 936
7463 1626
7464 1752
7465 1950
7466 1392
7467 2106
7468 1344
7469 1842
7470 1230
7471 1296
7472 924
7473 1878
7474 2160
7475 2634
7476 1068
7477 1542
7478 1674
7479 1326
7480 1218
7481 1050
7482 1896
7483 1872
7484 1002
7485 1434
7486 2508
7487 1146
7488 1260
7489 954
7490 1488
7491 1008
7492 1086
7493 1416
7494 1326
7495 822
7496 1572
7497 1320
7498 1572
7499 1062
7500 1296
7501 1146
7502 1410
7503 1206
7504 858
7505 1668
7506 2910
7507 2646
7508 918
7509 1080
7510 1314
7511 2502
7512 228
7513 846
7514 1350
7515 1152
7516 2538
7517 2676
7518 1188
7519 3102
7520 1914
7521 1926
7522 2778
7523 2556
7524 1440
7525 1272
7526 1308
7527 2694
7528 1140
7529 1116
7530 1182
7531 1212
7532 1194
7533 978
7534 2352
7535 960
7536 1104
7537 1746
7538 1248
7539 2328
7540 2220
7541 1056
7542 2280
7543 1482
7544 1314
7545 1902
7546 1506
7547 1800
7548 2400
7549 1308
7550 1338
7551 1224
7552 2292
7553 1554
7554 2634
7555 1206
7556 1020
7557 1344
7558 1146
7559 1416
7560 864
7561 1170
7562 984
7563 2394
7564 1398
7565 2550
7566 2058
7567 2172
7568 2736
7569 1896
7570 1128
7571 1212
7572 1272
7573 3198
7574 1578
7575 1332
7576 1482
7577 1434
7578 1374
7579 1902
7580 1542
7581 1446
7582 2052
7583 2004
7584 1536
7585 1224
7586 1062
7587 2070
7588 1080
7589 3774
7590 1974
7591 1542
7592 1170
7593 1422
7594 900
7595 2082
7596 1854
7597 1068
7598 1398
7599 2040
7600 1248
7601 1062
7602 1836
7603 2328
7604 2022
7605 2874
7606 1008
7607 1692
7608 1062
7609 1260
7610 1104
7611 1986
7612 1182
7613 1476
7614 1734
7615 2316
7616 2700
7617 1146
7618 1494
7619 1548
7620 2430
7621 2052
7622 900
7623 1260
7624 1158
7625 1470
7626 2136
7627 2532
7628 1842
7629 1092
7630 1062
7631 1830
7632 1476
7633 2082
7634 2262
7635 2340
7636 2118
7637 1332
7638 1944
7639 1764
7640 1644
7641 1080
7642 2040
7643 3684
7644 2886
7645 1824
7646 1464
7647 1620
7648 3156
7649 2394
7650 2790
7651 930
7652 1140
7653 2328
7654 3060
7655 1134
7656 2538
7657 1422
7658 336
7659 1608
7660 2364
7661 1266
7662 2136
7663 1878
7664 1908
7665 1590
7666 1734
7667 852
7668 2118
7669 1056
7670 1422
7671 3084
7672 1110
7673 1512
7674 1608
7675 3204
7676 1644
7677 3816
7678 2526
7679 2082
7680 1476
7681 1836
7682 1116
7683 2364
7684 2634
7685 2388
7686 1698
7687 2532
7688 1206
7689 2448
7690 1848
7691 3078
7692 1842
7693 2178
7694 1326
7695 2106
7696 1416
7697 1884
7698 1032
7699 1434
7700 1938
7701 1206
7702 822
7703 1734
7704 1176
7705 1002
7706 2058
7707 1440
7708 2124
7709 1110
7710 1206
7711 1542
7712 1422
7713 1134
7714 1776
7715 864
Unexpected message received for job 1044952
7716 1464
7717 1620
7718 2658
7719 1548
Unexpected message received for job 1044952
7720 1452
7721 2562
7722 1266
7723 1428
7724 1362
7725 2334
7726 2544
7727 2292
7728 1194
7729 1434
7730 1068
7731 1296
7732 1710
7733 996
7734 1182
7735 1656
7736 1446
7737 1614
7738 1644
7739 1170
7740 1122
7741 1032
7742 1416
7743 2076
7744 1278
7745 1968
7746 1512
7747 1200
7748 1674
7749 1266
7750 1182
7751 2256
7752 1140
7753 2502
7754 1332
7755 1062
7756 1710
7757 3588
7758 1686
7759 1398
7760 1176
7761 1110
7762 1428
7763 924
7764 1716
7765 1488
7766 2262
7767 1278
7768 1230
7769 900
7770 2436
7771 2484
7772 1290
7773 1296
7774 1056
7775 1590
7776 1896
7777 1044
7778 1968
7779 2520
7780 2874
7781 954
7782 1404
7783 1866
7784 876
7785 1086
7786 1206
7787 1248
7788 1182
7789 1386
7790 1458
7791 990
7792 1530
7793 1404
7794 1368
7795 2310
7796 1920
7797 2592
7798 2064
7799 1494
7800 1398
7801 2022
7802 2364
7803 2142
7804 1620
7805 1368
7806 1326
7807 2046
7808 1164
7809 1944
7810 1452
7811 1290
7812 1878
7813 1302
7814 1290
7815 1380
7816 1170
7817 3342
7818 1704
7819 2196
7820 1728
7821 3798
7822 2082
7823 1164
7824 2088
7825 1134
7826 1596
7827 2508
7828 1164
7829 1944
7830 3036
7831 1842
7832 1356
7833 1140
7834 3258
7835 1338
7836 1620
7837 1146
7838 1842
7839 1542
7840 1806
7841 1638
7842 1716
7843 1122
7844 2034
7845 1800
7846 1110
7847 1272
7848 1446
7849 1206
7850 1968
7851 1230
7852 1404
7853 1320
7854 2382
7855 1266
7856 1788
7857 894
7858 1260
7859 2958
7860 906
7861 1914
7862 1440
7863 2334
7864 2268
7865 1056
7866 1032
7867 1764
7868 1524
7869 3546
7870 1266
7871 1206
7872 1326
7873 1092
7874 2328
7875 4302
7876 3894
7877 5610
7878 1332
7879 1116
7880 2442
7881 1608
7882 1476
7883 942
7884 1068
7885 1560
7886 1350
7887 2064
7888 1344
7889 1656
7890 1440
7891 1206
7892 1260
7893 1032
7894 1392
7895 2280
7896 3612
7897 1026
7898 2994
7899 6288
7900 1092
7901 1620
7902 2634
7903 3132
7904 1380
7905 2040
7906 1062
7907 1788
7908 1314
7909 1890
7910 1584
7911 1452
7912 858
7913 2112
7914 1704
7915 1236
7916 1536
7917 3150
7918 1152
7919 2046
7920 1140
7921 1140
7922 1416
7923 1278
7924 1362
7925 1758
7926 1218
7927 1812
7928 1188
7929 2766
7930 2328
7931 1068
7932 1728
7933 2400
7934 1998
7935 1206
7936 1380
7937 1368
7938 1188
7939 2784
7940 3780
7941 2292
7942 1578
7943 1128
7944 1674
7945 2106
7946 2310
7947 2760
7948 1572
7949 1596
7950 2376
7951 2964
7952 1026
7953 2076
7954 1740
7955 2226
7956 1584
7957 1704
7958 1002
7959 1608
7960 1536
7961 1344
7962 1356
7963 1326
7964 966
7965 1332
7966 2394
7967 2190
7968 2082
7969 3426
7970 2694
7971 2868
7972 1506
7973 1530
7974 2652
7975 2460
7976 2694
7977 1584
7978 1662
7979 1080
7980 1122
7981 1182
7982 1224
7983 1614
7984 3222
7985 1326
7986 1554
7987 1236
7988 2064
7989 1338
7990 1122
7991 1386
7992 1410
7993 2556
7994 2940
7995 1182
7996 1680
7997 1422
7998 1170
7999 1176
8000 894
8001 1254
8002 1212
8003 6180
8004 2160
8005 1650
8006 1488
8007 1464
8008 1392
8009 6000
8010 4524
8011 1386
8012 1176
8013 1578
8014 2832
8015 6018
8016 2610
8017 1584
8018 1284
8019 2094
8020 3390
8021 3558
8022 3834
8023 1152
8024 2376
8025 1674
8026 2472
8027 2736
8028 3510
8029 1938
8030 1116
8031 2448
8032 1410
8033 1722
8034 1260
8035 1260
8036 4704
8037 2622
8038 2832
8039 2268
8040 2844
8041 1710
8042 1890
8043 1830
8044 1842
8045 1626
8046 1704
8047 1446
8048 1326
8049 1206
8050 1254
8051 1710
8052 1740
8053 1248
8054 1170
8055 1674
8056 1650
8057 1440
8058 1188
8059 1692
8060 1386
8061 2022
8062 1044
8063 2178
8064 1326
8065 1428
8066 1692
8067 2718
8068 1410
8069 2142
8070 1404
8071 1476
8072 2286
8073 2094
8074 1446
8075 1374
8076 1230
8077 2286
8078 1044
8079 1224
8080 3102
8081 1488
8082 1368
8083 1314
8084 1722
8085 2190
8086 1158
8087 1230
8088 1236
8089 1284
8090 1242
8091 2040
8092 1218
8093 1524
8094 1218
8095 1854
8096 948
8097 1242
8098 1764
8099 1560
8100 1134
8101 1998
8102 1716
8103 1290
8104 1608
8105 1080
8106 1254
8107 1464
8108 1446
8109 1308
8110 1050
8111 1416
8112 2346
8113 1332
8114 1140
8115 1782
8116 1260
8117 1824
8118 1206
8119 1272
8120 1182
8121 2592
8122 1188
8123 1404
8124 1236
8125 1632
8126 1548
8127 1410
8128 1530
8129 1188
8130 1860
8131 1824
8132 1236
8133 1116
8134 1632
8135 2322
8136 1290
8137 1578
8138 2682
8139 1020
8140 954
8141 1902
8142 2388
8143 942
8144 1314
8145 2916
8146 1230
8147 2010
8148 2400
8149 1170
8150 1482
8151 1014
8152 1260
8153 2160
8154 1824
8155 1452
8156 1512
8157 1140
8158 1740
8159 1134
8160 2004
8161 2106
8162 1056
8163 1512
8164 1206
8165 1140
8166 1512
8167 1422
8168 2010
8169 1524
8170 1440
8171 4278
8172 1752
8173 1410
8174 1902
8175 1482
8176 3174
8177 1698
8178 1542
8179 1152
8180 1506
8181 1194
8182 1074
8183 1284
8184 1164
8185 1224
8186 1566
8187 1584
8188 1572
8189 1230
8190 1206
8191 1062
8192 1716
8193 462
8194 2046
8195 1344
8196 2094
8197 1596
8198 1146
8199 3078
8200 1218
8201 1596
8202 1398
8203 1014
8204 1374
8205 1602
8206 1494
8207 1182
8208 2064
8209 1260
8210 2118
8211 1242
8212 1284
8213 1764
8214 1470
8215 1614
8216 1206
8217 1206
8218 1188
8219 1440
8220 1296
8221 900
8222 1230
8223 1572
8224 1872
8225 1092
8226 1194
8227 1260
8228 492
8229 1218
8230 3180
8231 2844
8232 1230
8233 1596
8234 1230
8235 2124
8236 852
8237 960
8238 1698
8239 1266
8240 1200
8241 2448
8242 2634
8243 1524
8244 1236
8245 1416
8246 1584
8247 1230
8248 1224
8249 1104
8250 1290
8251 2346
8252 1392
8253 1176
8254 972
8255 2196
8256 840
8257 906
8258 1308
8259 1134
8260 1002
8261 1398
8262 2082
8263 1170
8264 1182
8265 2574
8266 1584
8267 1614
8268 1566
8269 1350
8270 1290
8271 1224
8272 1170
8273 1422
8274 1266
8275 1440
8276 2046
8277 2406
8278 1506
8279 1524
8280 1080
8281 990
8282 1242
8283 1836
8284 2754
8285 1002
8286 1470
8287 1632
8288 1188
8289 1788
8290 1188
8291 1218
8292 1008
8293 1038
8294 1722
8295 1368
8296 1722
8297 1584
8298 1476
8299 2244
8300 2430
8301 1200
8302 3210
8303 2568
8304 2358
8305 3000
8306 1710
8307 3084
8308 3822
8309 1452
8310 1476
8311 1338
8312 3654
8313 2364
8314 3426
8315 2232
8316 1794
8317 3474
8318 3678
8319 2280
8320 1314
8321 1212
8322 2460
8323 1452
8324 1044
8325 1278
8326 2682
8327 2916
8328 1446
8329 1128
8330 1560
8331 1098
8332 1254
8333 1110
8334 1440
8335 1146
8336 3258
8337 2796
8338 1332
8339 1740
8340 1362
8341 1722
8342 1242
8343 2418
8344 1620
8345 1512
8346 3006
8347 2898
8348 2880
8349 2532
8350 1008
8351 2676
8352 2190
8353 1470
8354 1686
8355 1284
8356 1518
8357 1332
8358 1698
8359 1074
8360 1584
8361 1284
8362 1308
8363 1236
8364 1524
8365 810
8366 2106
8367 1368
8368 1518
8369 1344
8370 1842
8371 2544
8372 1068
8373 1170
8374 2040
8375 1644
8376 1020
8377 1350
8378 1722
8379 1248
8380 1380
8381 1590
8382 1242
8383 1368
8384 1572
8385 1356
8386 1290
8387 1284
8388 3378
8389 1518
8390 1278
8391 1338
8392 1230
8393 1230
8394 1212
8395 1236
8396 1038
8397 1230
8398 432
8399 1266
8400 3042
8401 1728
8402 1176
8403 1302
8404 1668
8405 1320
8406 1944
8407 1170
8408 1176
8409 1206
8410 1518
8411 1188
8412 1296
8413 1212
8414 1428
8415 1182
8416 1284
8417 1230
8418 1200
8419 1350
8420 1806
8421 1236
8422 1368
8423 876
8424 1848
8425 1260
8426 1716
8427 2382
8428 2760
8429 1344
8430 1296
8431 1884
8432 2052
8433 1362
8434 1464
8435 2766
8436 1866
8437 1206
8438 3306
8439 1704
8440 1326
8441 2208
8442 1710
8443 1716
8444 2688
8445 1380
8446 1938
8447 1050
8448 1518
8449 1524
8450 1638
8451 1818
8452 1602
8453 2598
8454 2658
8455 1272
8456 1092
8457 1734
8458 1932
8459 2460
8460 2370
8461 1230
8462 1626
8463 1230
8464 1218
8465 1332
8466 1998
8467 1188
8468 1008
8469 1728
8470 1398
8471 1482
8472 1524
8473 1602
8474 1902
8475 1092
8476 1242
8477 1218
8478 1680
8479 1422
8480 1692
8481 3396
8482 1212
8483 1446
8484 810
8485 1218
8486 1344
8487 1326
8488 1266
8489 1098
8490 1698
8491 1308
8492 1110
8493 1002
8494 1716
8495 1674
8496 1152
8497 1230
8498 2640
8499 3462
8500 1344
8501 1494
8502 1218
8503 1614
8504 2016
8505 1146
8506 1176
8507 1188
8508 1122
8509 948
8510 1008
8511 1512
8512 1110
8513 2550
8514 1932
8515 1230
8516 1074
8517 1230
8518 1542
8519 1266
8520 2028
8521 1638
8522 1326
8523 1614
8524 1278
8525 1242
8526 1158
8527 1578
8528 1548
8529 1602
8530 1668
8531 1398
8532 1218
8533 1860
8534 1890
8535 1614
8536 1218
8537 1008
8538 2172
8539 1290
8540 1314
8541 1962
8542 1512
8543 1068
8544 1824
8545 1440
8546 1188
8547 1200
8548 1218
8549 1176
8550 1098
8551 1890
8552 1182
8553 1644
8554 1272
8555 1242
8556 1230
8557 1200
8558 1260
8559 1182
8560 1698
8561 2112
8562 1200
8563 1482
8564 1428
8565 1746
8566 1404
8567 2094
8568 1008
8569 1320
8570 1860
8571 2418
8572 1134
8573 4314
8574 1230
8575 402
8576 1176
8577 1176
8578 2070
8579 1146
8580 1266
8581 1494
8582 1302
8583 1734
8584 1524
8585 1524
8586 1584
8587 1530
8588 3048
8589 3006
8590 2958
8591 1602
8592 1488
8593 2928
8594 2670
8595 1104
8596 1584
8597 2406
8598 1608
8599 2724
8600 1662
8601 1080
8602 924
8603 1740
8604 1902
8605 2148
8606 1230
8607 1758
8608 1314
8609 1506
8610 1914
8611 2922
8612 1452
8613 1548
8614 1266
8615 1572
8616 1290
8617 1338
8618 4350
8619 1458
8620 1464
8621 894
8622 1302
8623 2628
8624 1266
8625 1716
8626 1458
8627 1260
8628 1578
8629 2052
8630 504
8631 2340
8632 1272
8633 1506
8634 1080
8635 1830
8636 1254
8637 1416
8638 1506
8639 1008
8640 1206
8641 1128
8642 1110
8643 1566
8644 1602
8645 1410
8646 1896
8647 1602
8648 1272
8649 2142
8650 1278
8651 1530
8652 1836
8653 1050
8654 1776
8655 1638
8656 1464
8657 1284
8658 1812
8659 2004
8660 1914
8661 1248
8662 1290
8663 1320
8664 1680
8665 1116
8666 2334
8667 2196
8668 1638
Unexpected message received for job 1044952
8669 1644
8670 1578
8671 1206
8672 1878
Unexpected message received for job 1044952
8673 1296
8674 1914
8675 1296
8676 1446
8677 1902
8678 1662
8679 1260
8680 1518
8681 1308
8682 1122
8683 1998
8684 1050
8685 2934
8686 1536
8687 2580
8688 1284
8689 1308
8690 1164
8691 1044
8692 1560
8693 942
8694 1356
8695 1260
8696 2262
8697 2874
8698 1482
8699 1314
8700 1422
8701 1644
8702 1332
8703 1008
8704 1254
8705 1290
8706 1872
8707 1554
8708 1254
8709 990
8710 1536
8711 1386
8712 1494
8713 1266
8714 864
8715 1290
8716 1356
8717 1488
8718 1356
8719 1218
8720 1266
8721 1062
8722 1434
8723 1170
8724 1404
8725 1542
8726 2820
8727 1638
8728 1290
8729 1242
8730 1308
8731 1290
8732 1332
8733 1308
8734 1590
8735 1152
8736 1446
8737 2046
8738 1284
8739 2658
8740 1338
8741 1506
8742 1164
8743 3366
8744 900
8745 1266
8746 1356
8747 4230
8748 1452
8749 1200
8750 1326
8751 1446
8752 1524
8753 1254
8754 2256
8755 1764
8756 1308
8757 1536
8758 1218
8759 834
8760 1548
8761 2262
8762 984
8763 1194
8764 1122
8765 1758
8766 1290
8767 1128
8768 1710
8769 1170
8770 1824
8771 1560
8772 2070
8773 1122
8774 2202
8775 1650
8776 1512
8777 1008
8778 1284
8779 1710
8780 1224
8781 1332
8782 1326
8783 1284
8784 1578
8785 1278
8786 1986
8787 1734
8788 2040
8789 2166
8790 2976
8791 330
8792 1296
8793 2106
8794 1956
8795 822
8796 1344
8797 1296
8798 1560
8799 1296
8800 1320
8801 2166
8802 1200
8803 918
8804 2232
8805 972
8806 1428
8807 1596
8808 1488
8809 1776
8810 1206
8811 3042
8812 1650
8813 1782
8814 2220
8815 846
8816 1332
8817 1140
8818 1296
8819 2178
8820 1122
8821 3912
8822 1680
8823 1440
8824 1614
8825 2790
8826 2280
8827 1770
8828 1602
8829 1650
8830 1350
8831 2022
8832 1086
8833 1230
8834 1260
8835 3684
8836 3114
8837 3402
8838 2118
8839 2292
8840 3084
8841 5580
8842 1878
8843 1800
8844 2772
8845 1380
8846 1620
8847 2796
8848 1944
8849 3162
8850 2724
8851 1722
8852 1992
8853 4134
8854 3270
8855 2106
8856 2244
8857 3690
8858 3858
8859 1590
8860 1212
8861 2370
8862 1500
8863 1632
8864 2232
8865 3822
8866 2592
8867 420
8868 1422
8869 858
8870 1638
8871 1338
8872 2064
8873 1218
8874 1842
8875 816
8876 2544
8877 1566
8878 2304
8879 2976
8880 3276
8881 1320
8882 1788
8883 2610
8884 1410
8885 2130
8886 1578
8887 1812
8888 1416
8889 1518
8890 1368
8891 1392
8892 1536
8893 1152
8894 1224
8895 3444
8896 1398
8897 1608
8898 1494
8899 2238
8900 1812
8901 960
8902 2964
8903 1536
8904 1254
8905 1500
8906 1254
8907 1512
8908 1506
8909 1326
8910 1518
8911 2022
8912 2376
8913 1284
8914 1386
8915 1356
8916 1542
8917 1740
8918 1902
8919 2922
8920 1590
8921 1548
8922 1836
8923 1818
8924 330
8925 1290
8926 1662
8927 1728
8928 2172
8929 1308
8930 1644
8931 1590
8932 1284
8933 1536
8934 1458
8935 1554
8936 1116
8937 1224
8938 1434
8939 1242
8940 1260
8941 1260
8942 1596
8943 1290
8944 1734
8945 2520
8946 1878
8947 1512
8948 1680
8949 1806
8950 2442
8951 2676
8952 1350
8953 1410
8954 1266
8955 1932
8956 1026
8957 1590
8958 1584
8959 990
8960 1332
8961 1470
8962 1782
8963 1266
8964 888
8965 1710
8966 1386
8967 2028
8968 1266
8969 804
8970 1062
8971 1002
8972 1824
8973 1602
8974 1290
8975 810
8976 1266
8977 1290
8978 1110
8979 1734
8980 1716
8981 1494
8982 2046
8983 1290
8984 1278
8985 1368
8986 1332
8987 1602
8988 1542
8989 1230
8990 1368
8991 1230
8992 1446
8993 1248
8994 1266
8995 1308
8996 1002
8997 1020
8998 1152
8999 1278
9000 1350
9001 1680
9002 1368
9003 1596
9004 2298
9005 3822
9006 1164
9007 1482
9008 1170
9009 966
9010 1386
9011 1620
9012 1038
9013 1854
9014 858
9015 1482
9016 2670
9017 864
9018 1368
9019 1320
9020 2124
9021 1116
9022 1374
9023 2298
9024 1344
9025 1296
9026 1566
9027 1560
9028 1602
9029 1428
9030 864
9031 1146
9032 1626
9033 1476
9034 1968
9035 1284
9036 1026
9037 1278
9038 2976
9039 960
9040 2262
9041 1620
9042 1656
9043 1878
9044 1566
9045 1248
9046 1254
9047 2046
9048 1548
9049 1422
9050 1164
9051 1686
9052 1482
9053 2760
9054 2124
9055 1584
9056 1362
9057 1176
9058 1272
9059 1812
9060 1416
9061 960
9062 1356
9063 1182
9064 3330
9065 2868
9066 1320
9067 1464
9068 1836
9069 1782
9070 2478
9071 2130
9072 1098
9073 2004
9074 1086
9075 1764
9076 1200
9077 1284
9078 1266
9079 1806
9080 840
9081 2310
9082 1260
9083 1614
9084 2154
9085 1332
9086 1662
9087 1524
9088 1512
9089 1260
9090 1752
9091 1230
9092 1572
9093 1302
9094 1356
9095 1020
9096 2388
9097 2268
9098 1440
9099 1584
9100 1206
9101 1452
9102 1380
9103 1188
9104 1350
9105 2148
9106 1320
9107 1710
9108 1914
9109 1332
9110 2262
9111 1530
9112 1338
9113 1242
9114 1296
9115 1350
9116 2304
9117 2958
9118 492
9119 1998
9120 1308
9121 1440
9122 1530
9123 3420
9124 1518
9125 1536
9126 1452
9127 1464
9128 1482
9129 1746
9130 1110
9131 1464
9132 4254
9133 1506
9134 3270
9135 1518
9136 1554
9137 1704
9138 1170
9139 1590
9140 2178
9141 1170
9142 3108
9143 1590
9144 1662
9145 1680
9146 1692
9147 1146
9148 1464
9149 1410
9150 1152
9151 888
9152 1518
9153 1212
9154 1392
9155 2358
9156 1818
9157 1620
9158 1908
9159 1584
9160 1254
9161 1518
9162 1734
9163 2340
9164 972
9165 1320
9166 1482
9167 1518
9168 1764
9169 1536
9170 1422
9171 1866
9172 1176
9173 1716
9174 1056
9175 1908
9176 2910
9177 1374
9178 1842
9179 1770
9180 1656
9181 2208
9182 1992
9183 1548
9184 1314
9185 1656
9186 1272
9187 1434
9188 1626
9189 1608
9190 2106
9191 3948
9192 3042
9193 966
9194 1212
9195 972
9196 1314
9197 1548
9198 1218
9199 1260
9200 990
9201 1770
9202 1938
9203 1386
9204 1560
9205 2106
9206 1896
9207 2112
9208 2274
9209 1188
9210 1290
9211 1290
9212 1140
9213 1158
9214 1980
9215 1224
9216 1452
9217 1134
9218 2574
9219 2676
9220 1566
9221 1386
9222 1170
9223 1278
9224 1926
9225 1338
9226 1518
9227 1716
9228 3672
9229 2304
9230 1470
9231 1524
9232 1938
9233 1368
9234 1392
9235 1536
9236 1290
9237 2814
9238 1698
9239 2136
9240 1740
9241 1734
9242 1266
9243 1758
9244 1206
9245 1374
9246 1542
9247 1782
9248 1332
9249 2718
9250 1914
9251 3978
9252 3984
9253 1512
9254 1482
9255 2652
9256 1830
9257 1278
9258 1032
9259 1224
9260 3948
9261 1482
9262 1830
9263 1746
9264 1758
9265 4416
9266 1068
9267 1716
9268 1626
9269 1404
9270 1320
9271 3468
9272 936
9273 3960
9274 1638
9275 1962
9276 1332
9277 1716
9278 834
9279 1980
9280 2010
9281 1326
9282 2028
9283 1440
9284 1278
9285 2586
9286 1602
9287 1614
9288 1908
9289 1626
9290 942
9291 2688
9292 1848
9293 1908
9294 1746
9295 2124
9296 1644
9297 1524
9298 1314
9299 1320
9300 1254
9301 1770
9302 1710
9303 1338
9304 1716
9305 3276
9306 1170
9307 1236
9308 5964
9309 1422
9310 3366
9311 1230
9312 1440
9313 1128
9314 1230
9315 1272
9316 1254
9317 1914
9318 3408
9319 1776
9320 1788
9321 2166
9322 1224
9323 1500
9324 1458
9325 2220
9326 1512
9327 1374
9328 1830
9329 1278
9330 2568
9331 1458
9332 2622
9333 1062
9334 1692
9335 2382
9336 1746
9337 1386
9338 1314
9339 3582
9340 1062
9341 2802
9342 1320
9343 1320
9344 1026
9345 1326
9346 1248
9347 1248
9348 1206
9349 1296
9350 1842
9351 822
9352 774
9353 1470
9354 1212
9355 1338
9356 2070
9357 2004
9358 1500
9359 1104
9360 1260
9361 1848
9362 1506
9363 870
9364 1278
9365 1074
9366 1170
9367 1356
9368 1206
9369 1242
9370 1302
9371 1164
9372 1320
9373 1338
9374 228
9375 1302
9376 1164
9377 1566
9378 1242
9379 1560
9380 1284
9381 1302
9382 1026
9383 1878
9384 2220
9385 2358
9386 2052
9387 1806
9388 1236
9389 2166
9390 1488
9391 1122
9392 822
9393 1284
9394 1194
9395 1566
9396 1314
9397 1248
9398 1284
9399 1044
9400 1158
9401 1332
9402 1032
9403 1230
9404 1404
9405 1362
9406 1368
9407 1272
9408 1362
9409 1854
9410 1434
9411 2058
9412 1320
9413 1590
9414 2328
9415 1314
9416 1044
9417 1344
9418 1422
9419 1212
9420 1770
9421 1302
9422 1344
9423 1476
9424 1302
9425 1794
9426 1206
9427 1398
9428 2202
9429 816
9430 1044
9431 1602
9432 3090
9433 2238
9434 1716
9435 1182
9436 1326
9437 2364
9438 1494
9439 1260
9440 1290
9441 1398
9442 3096
9443 1464
9444 2118
9445 1302
9446 1032
9447 1284
9448 1338
9449 1716
9450 1344
9451 1494
9452 1152
9453 2052
9454 2016
9455 1998
9456 1116
9457 1098
9458 1182
9459 1272
9460 1668
9461 1362
9462 1290
9463 1206
9464 1956
9465 1206
9466 1188
9467 1158
9468 3408
9469 1638
9470 1974
9471 1200
9472 1476
9473 1110
9474 876
9475 1878
9476 1230
9477 1314
9478 2082
9479 1296
9480 1302
9481 1488
9482 2214
9483 1218
9484 3300
9485 1476
9486 1704
9487 4860
9488 1614
9489 3114
9490 1728
9491 924
9492 3048
9493 2652
9494 1824
9495 2328
9496 1086
9497 1992
9498 876
9499 1788
9500 1776
9501 1374
9502 1158
9503 1908
9504 1506
9505 1428
9506 2286
9507 1668
9508 1470
9509 1032
9510 3516
9511 2106
9512 2580
9513 2130
9514 2082
9515 2748
9516 1668
9517 2544
9518 1524
9519 2112
9520 2532
9521 1572
9522 978
9523 2052
9524 3948
9525 2040
9526 2574
9527 1266
9528 1998
9529 2694
9530 1884
9531 1818
9532 1230
9533 1422
9534 1554
9535 1164
9536 1884
9537 1068
9538 1308
9539 1218
9540 1290
9541 1662
9542 1746
9543 1848
9544 1452
9545 2310
9546 1506
9547 1134
9548 1554
9549 1014
9550 2184
9551 2832
9552 2430
9553 1362
9554 1308
9555 2076
9556 1662
9557 804
9558 1650
9559 1962
9560 1542
9561 1284
9562 1482
9563 1572
9564 1968
9565 1974
9566 1254
9567 2010
9568 1698
9569 1572
9570 1680
9571 1818
9572 840
9573 498
9574 1476
9575 1548
9576 1254
9577 1524
9578 1500
9579 942
9580 1254
9581 1962
9582 1374
Unexpected message received for job 1044952
9583 1350
9584 1536
9585 1332
9586 858
Unexpected message received for job 1044952
9587 1554
9588 1266
9589 1278
9590 1668
9591 900
9592 1698
9593 2958
9594 1296
9595 1386
9596 1452
9597 2130
9598 1284
9599 1482
9600 2070
9601 1500
9602 1590
9603 1548
9604 1452
9605 1800
9606 1884
9607 1152
9608 1236
9609 1320
9610 1266
9611 1302
9612 1638
9613 1194
9614 1566
9615 1584
9616 834
9617 936
9618 1500
9619 1332
9620 1524
9621 1770
9622 1686
9623 1008
9624 1392
9625 1548
9626 1536
9627 1230
9628 1764
9629 1482
9630 1572
9631 1434
9632 2712
9633 1434
9634 1494
9635 1752
9636 1344
9637 1152
9638 1662
9639 1302
9640 2142
9641 1704
9642 1086
9643 3072
9644 1302
9645 2430
9646 1668
9647 1530
9648 1560
9649 1518
9650 2604
9651 1488
9652 1494
9653 1452
9654 1608
9655 1014
9656 1842
9657 1314
9658 1638
9659 1170
9660 1530
9661 1134
9662 1278
9663 2394
9664 3090
9665 1332
9666 1284
9667 1272
9668 1944
9669 1794
9670 3456
9671 1896
9672 1434
9673 1614
9674 2484
9675 1458
9676 1578
9677 4788
9678 720
9679 1242
9680 1674
9681 3192
9682 2292
9683 1770
9684 1620
9685 1428
9686 1590
9687 3426
9688 3414
9689 1452
9690 2796
9691 3522
9692 1428
9693 1782
9694 2316
9695 2904
9696 2802
9697 4284
9698 1896
9699 1362
9700 2454
9701 1374
9702 1554
9703 1614
9704 1620
9705 2874
9706 1392
9707 1854
9708 1086
9709 1362
9710 1224
9711 1338
9712 2994
9713 1050
9714 1842
9715 1524
9716 2112
9717 2922
9718 1794
9719 1524
9720 1176
9721 1548
9722 1848
9723 2292
9724 2064
9725 1350
9726 1044
9727 3246
9728 1722
9729 2052
9730 1812
9731 1650
9732 1470
9733 2340
9734 1734
9735 1722
9736 1476
9737 2886
9738 1728
9739 1260
9740 810
9741 2358
9742 1944
9743 1422
9744 1404
9745 2628
9746 1458
9747 1158
9748 1686
9749 1614
9750 1458
9751 1632
9752 1368
9753 1674
9754 1284
9755 4254
9756 1656
9757 2574
9758 1410
9759 2370
9760 2694
9761 1296
9762 1818
9763 1602
9764 1674
9765 1248
9766 1824
9767 1734
9768 1602
9769 1836
9770 2736
9771 996
9772 2298
9773 2598
9774 4728
9775 1704
9776 1650
9777 1884
9778 2856
9779 1680
9780 2322
9781 1428
9782 1692
9783 2316
9784 3366
9785 2004
9786 3024
9787 1542
9788 2118
9789 1176
9790 2448
9791 1608
9792 1266
9793 1914
9794 1866
9795 2820
9796 1218
9797 1764
9798 2190
9799 1392
9800 2100
9801 1590
9802 2826
9803 1248
9804 1746
9805 2964
9806 1212
9807 2274
9808 1698
9809 1092
9810 2364
9811 1986
9812 4146
9813 1938
9814 1596
9815 1944
9816 1296
9817 1290
9818 1266
9819 3444
9820 2214
9821 2520
9822 1884
9823 2064
9824 1194
9825 2604
9826 2076
9827 1746
9828 1464
9829 1314
9830 1296
9831 1854
9832 1776
9833 2160
9834 3960
9835 1608
9836 1788
9837 1500
9838 984
9839 1008
9840 2256
9841 1728
9842 1350
9843 1128
9844 1794
9845 1320
9846 1320
9847 1644
9848 1062
9849 1914
9850 2460
9851 1602
9852 1458
9853 1236
9854 1500
9855 1650
9856 1530
9857 2226
9858 1164
9859 1302
9860 2244
9861 816
9862 1374
9863 1494
9864 1524
9865 1704
9866 1572
9867 1152
9868 1140
9869 996
9870 3006
9871 1374
9872 1674
9873 858
9874 1296
9875 1314
9876 1824
9877 1236
9878 1254
9879 1518
9880 1668
9881 1692
9882 1110
9883 1488
9884 1248
9885 1716
9886 1266
9887 1278
9888 1386
9889 1512
9890 1404
9891 1686
9892 1260
9893 1950
9894 3060
9895 1248
9896 1146
9897 1716
9898 1914
9899 3972
9900 1290
9901 1854
9902 1290
9903 1290
9904 2166
9905 1566
9906 1308
9907 876
9908 1824
9909 1308
9910 1266
9911 1938
9912 1938
9913 1278
9914 1182
9915 984
9916 1242
9917 888
9918 1284
9919 1974
9920 1314
9921 1536
9922 1488
9923 1008
9924 1350
9925 2430
9926 2388
9927 2838
9928 3528
9929 1296
9930 1938
9931 3540
9932 4464
9933 1524
9934 1602
9935 4524
9936 1812
9937 1368
9938 1698
9939 1164
9940 1686
9941 1440
9942 1314
9943 1476
9944 1086
9945 1800
9946 1452
9947 1500
9948 4434
9949 4494
9950 2202
9951 2436
9952 3330
9953 1326
9954 4218
9955 2838
9956 1920
9957 1164
9958 1194
9959 1578
9960 2286
9961 1296
9962 1386
9963 2232
9964 1668
9965 2814
9966 1800
9967 1098
9968 1506
9969 1326
9970 2682
9971 2124
9972 1542
9973 2130
9974 4188
9975 2136
9976 1584
9977 1830
9978 1596
9979 2862
9980 1002
9981 1116
9982 1482
9983 1836
9984 4260
9985 1626
9986 1548
9987 1188
9988 3204
9989 2262
9990 1794
9991 1806
9992 1494
9993 1236
9994 1272
9995 2496
9996 1524
9997 3042
9998 1212
9999 1404
Record :  720
