0 0
1 1500
2 1464
3 2742
4 1572
5 1992
6 1554
7 1686
8 1056
9 2490
10 1764
11 2664
12 1386
13 2268
14 1416
15 2142
16 1158
17 2796
18 2850
19 2124
20 2538
21 1290
22 2454
23 1848
24 2964
25 2208
26 4242
27 1740
28 2214
29 3144
30 2964
31 3420
32 3468
33 4098
34 2622
35 2814
36 3750
37 2946
38 3132
39 4662
40 4182
41 4860
42 4020
43 3288
44 3252
45 1608
46 2328
47 2736
48 3384
49 4236
50 2292
51 2802
52 2826
53 4230
54 2310
55 3240
56 4056
57 3654
58 3846
59 2784
60 1506
61 2370
62 4080
63 3126
64 4320
65 3300
66 6684
67 3642
68 3840
69 2778
70 1662
71 2304
72 2670
73 5886
74 1110
75 2274
76 4098
77 3840
78 3474
79 3414
80 3360
81 3216
82 1578
83 3558
84 6228
85 3264
86 2142
87 2598
88 1890
89 2574
90 1854
91 2898
92 3210
93 2352
94 1848
95 3744
96 2436
97 3600
98 2172
99 2100
100 2808
101 1596
102 6258
103 2928
104 1752
105 3252
106 1506
107 2844
108 3162
109 2898
110 3384
111 1764
112 2364
113 4470
114 3144
115 3168
116 3258
117 1812
118 4416
119 4452
120 1602
121 1620
122 2046
123 3186
124 2094
125 2058
126 1590
127 1914
128 4074
129 2448
130 3432
131 5178
132 3474
133 3588
134 3444
135 3324
136 2916
137 3096
138 1854
139 2772
140 4770
141 2178
142 2874
143 4458
144 5424
145 2316
146 2862
147 2202
148 3228
149 3606
150 3156
151 3240
152 3108
153 5118
154 3630
155 3408
156 3630
157 4644
158 2910
159 2496
160 3150
161 2028
162 4266
163 2460
164 4974
165 1578
166 2832
167 4386
168 3846
169 2664
170 4944
171 2064
172 1542
173 2154
174 2544
175 1572
176 2022
177 3942
178 1746
179 3486
180 1962
181 2442
182 2094
183 3366
184 2094
185 3714
186 3510
187 2550
188 3126
189 2808
190 2514
191 2118
192 1776
193 4260
194 3846
195 2496
196 3474
197 3978
198 2106
199 1548
200 1620
201 2484
202 2964
203 3960
204 1512
205 3588
206 1860
207 2076
208 1356
209 2220
210 2214
211 1908
212 2670
213 2022
214 2718
215 2010
216 3492
217 4386
218 1464
219 1818
220 2130
221 2502
222 3228
223 1506
224 1458
225 2568
226 2238
227 1794
228 2226
229 2334
230 3708
231 3978
232 1938
233 3636
234 1860
235 2544
236 2514
237 1542
238 6444
239 2724
240 2628
241 2136
242 3768
243 2526
244 3132
245 4356
246 3264
247 1428
248 3624
249 3690
250 2076
251 2664
252 1926
253 4566
254 2346
255 2898
256 2340
257 2382
258 4338
259 1266
260 2142
261 1464
262 1122
263 3102
264 2778
265 1530
266 3204
267 2472
268 2922
269 1560
270 3348
271 1770
272 3390
273 4032
274 4794
275 1902
276 3372
277 3426
278 4392
279 3780
280 3060
281 4206
282 2382
283 3462
284 2472
285 1218
286 1854
287 1602
288 3138
289 2394
290 1950
291 3534
292 2514
293 3522
294 2214
295 2334
296 2172
297 4560
298 3714
299 3498
300 2652
301 3846
302 1380
303 3588
304 3426
305 2964
306 2532
307 3222
308 2952
309 1830
310 3042
311 2718
312 1926
313 2166
314 2238
315 3282
316 6438
317 2322
318 4626
319 1944
320 2418
321 1512
322 5526
323 3372
324 3858
325 3510
326 2766
327 3900
328 1680
329 2700
330 1374
331 2226
332 2550
333 2946
334 2316
335 2232
336 1812
337 2040
338 3624
339 1620
340 1368
341 2544
342 2736
343 2814
344 3300
345 3444
346 1116
347 2868
348 2712
349 3102
350 3372
351 2730
352 5874
353 1296
354 3426
355 3582
356 2706
357 3822
358 1956
359 2214
360 2364
361 2490
362 4122
363 2850
364 2100
365 1674
366 3822
367 1146
368 1992
369 2280
370 1098
371 5046
372 1866
373 2664
374 4110
375 2862
376 3612
377 2610
378 3150
379 4614
380 1518
381 2448
382 2682
383 2616
384 2328
385 3336
386 1854
387 3708
388 1854
389 2136
390 3924
391 2532
392 2280
393 3810
394 2076
395 3036
396 2490
397 3600
398 3558
399 4764
400 2076
401 3096
402 2562
403 4134
404 2400
405 2370
406 1530
407 2796
408 1704
409 3252
410 2184
411 2460
412 2298
413 3810
414 1758
415 2640
416 3306
417 2370
418 2586
419 4152
420 3330
421 2490
422 2688
423 3828
424 2466
425 4356
426 5226
427 2784
428 2808
429 1686
430 2718
431 2250
432 2640
433 2910
434 2280
435 2808
436 3480
437 1596
438 2952
439 2718
440 2748
441 2052
442 1410
443 2328
444 2112
445 3288
446 2892
447 3300
448 3204
449 3132
450 2940
451 2334
452 3474
453 2670
454 3804
455 3636
456 3792
457 1584
458 1728
459 2598
460 2772
461 2166
462 1704
463 2658
464 2556
465 1980
466 2502
467 2160
468 1980
469 1422
470 2448
471 2376
Unexpected message received for job 1042930
472 2646
473 2946
474 3786
Unexpected message received for job 1042930
475 2100
476 3684
477 2250
478 3462
479 4008
480 1554
481 2046
482 2856
483 2118
484 1950
485 3186
486 3342
487 2226
488 3366
489 2952
490 1296
491 2832
492 2712
493 3282
494 3180
495 2616
496 2310
497 2676
498 2922
499 2604
500 3348
501 1650
502 2448
503 4212
504 4944
505 1794
506 3978
507 2832
508 4362
509 2508
510 3198
511 2970
512 2316
513 2712
514 2934
515 3480
516 2700
517 1932
518 2412
519 2412
520 2448
521 2118
522 2046
523 2574
524 3534
525 2064
526 1560
527 3636
528 2220
529 4248
530 1818
531 2790
532 5052
533 2016
534 2448
535 2316
536 1248
537 2214
538 3726
539 2010
540 3756
541 4278
542 3252
543 3360
544 1890
545 3888
546 2778
547 2946
548 2856
549 3516
550 2274
551 2478
552 4728
553 3108
554 2442
555 2418
556 1914
557 2310
558 3300
559 2328
560 4794
561 1350
562 4530
563 1716
564 2112
565 2208
566 3174
567 1710
568 2424
569 2406
570 3462
571 3378
572 1836
573 4326
574 2202
575 2730
576 2232
577 2586
578 2094
579 1812
580 1908
581 3336
582 2280
583 3408
584 2070
585 1728
586 3090
587 2136
588 3096
589 2112
590 2970
591 2124
592 2070
593 2202
594 1890
595 2454
596 1788
597 2532
598 2892
599 2226
600 2574
601 2154
602 2910
603 2994
604 3126
605 2820
606 2346
607 3558
608 2250
609 2316
610 3420
611 3318
612 3696
613 2340
614 2220
615 1746
616 2808
617 2700
618 2034
619 2280
620 1260
621 1386
622 1536
623 3552
624 3810
625 3042
626 3630
627 2532
628 2208
629 1686
630 1296
631 3948
632 3372
633 1818
634 2226
635 2484
636 3870
637 3312
638 1452
639 2298
640 2436
641 3516
642 3930
643 1446
644 3852
645 2574
646 2634
647 1956
648 2508
649 1662
650 2118
651 3822
652 1782
653 2544
654 1494
655 1530
656 3888
657 4194
658 4260
659 2274
660 3516
661 3180
662 2322
663 1938
664 1794
665 1632
666 2970
667 2706
668 2886
669 1638
670 3570
671 2562
672 3090
673 2346
674 2442
675 3378
676 1776
677 1896
678 1818
679 2706
680 1572
681 2010
682 3156
683 2526
684 3342
685 2040
686 3984
687 2298
688 1938
689 3138
690 2088
691 3936
692 3192
693 3720
694 1182
695 4128
696 2202
697 3072
698 2004
699 3534
700 3288
701 2460
702 1380
703 3750
704 1908
705 1560
706 2160
707 3666
708 1614
709 1764
710 2136
711 2466
712 3336
713 5370
714 2550
715 3528
716 2100
717 1920
718 1908
719 1704
720 2694
721 3768
722 2628
723 4536
724 2064
725 2016
726 1374
727 2424
728 1434
729 3552
730 3114
731 3288
732 4464
733 2112
734 3336
735 6204
736 2502
737 2718
738 1338
739 2202
740 1824
741 1938
742 3144
743 3168
744 2280
745 1656
746 2286
747 3102
748 2388
749 2160
750 1692
751 2190
752 2244
753 2058
754 3288
755 3126
756 2418
757 1968
758 4818
759 1422
760 1374
761 3180
762 1386
763 3234
764 3018
765 3570
766 3000
767 3654
768 2334
769 1692
770 1998
771 3252
772 2856
773 2088
774 1890
775 2658
776 1242
777 2274
778 1740
779 3234
780 3144
781 2976
782 2340
783 1224
784 1254
785 2544
786 1560
787 2814
788 1392
789 1896
790 2490
791 4068
792 3042
793 2544
794 2064
795 1980
796 2184
797 1500
798 1920
799 1446
800 1368
801 1554
802 2388
803 3294
804 3516
805 2448
806 1206
807 2076
808 3402
809 1500
810 1626
811 2664
812 2706
813 1860
814 3582
815 1986
816 2148
817 1872
818 1728
819 3408
820 2700
821 2664
822 2598
823 4956
824 2112
825 1224
826 2472
827 3438
828 1518
829 2430
830 3018
831 3684
832 1764
833 1440
834 3120
835 1632
836 2046
837 3018
838 2202
839 1716
840 1302
841 1656
842 1386
843 3150
844 1992
845 3138
846 1446
847 1134
848 2028
849 1602
850 1722
851 2130
852 1128
853 2976
854 1404
855 1524
856 1896
857 2442
858 1848
859 1992
860 996
861 1326
862 1734
863 1464
864 2694
865 1866
866 1638
867 1464
868 2928
869 1842
870 1344
871 1500
872 1974
873 4338
874 1428
875 2166
876 3120
877 2562
878 2460
879 2196
880 1944
881 2226
882 3048
883 2010
884 1560
885 2940
886 1344
887 2166
888 3210
889 1428
890 1188
891 2076
892 1644
893 3708
894 3234
895 2532
896 1308
897 1740
898 2976
899 1698
900 2304
901 1164
902 3012
903 1206
904 2658
905 1206
906 2040
907 2874
908 2574
909 2238
910 2124
911 1830
912 2964
913 3420
914 3600
915 1770
916 1464
917 1728
918 2922
919 2472
920 3234
921 2184
922 1824
923 1398
924 1404
925 1554
926 972
927 1578
928 2862
929 1452
930 1422
931 1476
932 2262
933 2184
934 1926
935 3258
936 2358
937 1728
938 1074
939 1344
940 1944
941 1398
942 1716
943 1866
944 1962
945 2592
946 2028
947 2748
948 1224
949 1806
950 2622
951 2130
952 1602
953 2280
954 2538
955 2304
956 1998
957 1656
958 1326
959 1764
960 2910
961 2190
962 1548
963 1140
964 1614
965 2052
966 4842
967 1722
968 2400
969 1116
970 1962
971 2106
972 1776
973 1626
974 2652
975 3642
976 1608
977 2352
978 2028
979 1806
980 2586
981 1542
982 2160
983 1800
984 1764
985 3024
986 2016
987 1548
988 1128
989 2844
990 1296
991 1464
992 1350
993 1572
994 2004
995 1902
996 2148
997 2706
998 2184
999 4812
1000 4296
1001 4014
1002 2676
1003 2208
1004 1986
1005 1866
1006 3618
1007 1584
1008 2154
1009 2118
1010 5244
1011 3234
1012 1608
1013 2106
1014 1836
1015 2022
1016 2592
1017 1806
1018 2790
1019 3858
1020 1644
1021 2424
1022 1842
1023 1644
1024 2832
1025 1530
1026 1998
1027 2580
1028 2238
1029 3258
1030 1494
1031 2364
1032 3414
1033 1608
1034 1872
1035 1386
1036 1944
1037 2076
1038 1614
1039 1806
1040 2406
1041 1734
1042 2022
1043 1152
1044 2904
1045 2010
1046 2562
1047 1152
1048 2100
1049 3558
1050 4722
1051 1698
1052 1680
1053 3534
1054 1752
1055 2064
1056 2874
1057 2664
1058 1440
1059 1752
1060 2610
1061 1920
1062 1404
1063 2466
1064 4122
1065 1686
1066 1578
1067 1554
1068 1638
1069 1974
1070 1476
1071 2856
1072 3036
1073 2310
1074 1632
1075 1332
1076 1788
1077 1830
1078 1008
1079 1938
1080 1890
1081 1602
1082 1650
1083 2190
1084 1788
1085 1590
1086 3084
1087 1602
1088 1578
1089 3606
1090 1938
1091 2046
1092 1992
1093 1896
1094 2100
1095 2502
1096 3966
1097 1404
1098 2400
1099 2232
1100 2634
1101 1218
1102 1764
1103 1986
1104 2736
1105 1758
1106 1158
1107 3090
1108 2076
1109 2370
1110 1494
1111 3096
1112 1734
1113 3000
1114 4446
1115 4176
1116 1374
1117 1746
1118 2070
1119 2142
1120 1434
1121 3660
1122 1680
1123 2706
1124 2736
1125 3048
1126 2514
1127 1908
1128 2250
1129 2772
1130 1734
1131 1956
1132 2958
1133 2136
1134 2580
1135 2874
1136 2472
Unexpected message received for job 1042930
1137 2688
1138 3276
1139 2328
Unexpected message received for job 1042930
1140 3426
1141 3546
1142 1824
1143 1602
1144 2196
1145 1602
1146 3090
1147 2952
1148 2184
1149 1938
1150 1908
1151 2076
1152 1572
1153 1908
1154 1698
1155 1398
1156 2202
1157 1068
1158 1560
1159 1710
1160 3528
1161 2376
1162 3252
1163 3666
1164 1758
1165 978
1166 1668
1167 4008
1168 2436
1169 1638
1170 3000
1171 1440
1172 2244
1173 3276
1174 1842
1175 1380
1176 1470
1177 1560
1178 3246
1179 1524
1180 1548
1181 2196
1182 1932
1183 1524
1184 1782
1185 2112
1186 1830
1187 2388
1188 1320
1189 1824
1190 4716
1191 1080
1192 3168
1193 1326
1194 1188
1195 2472
1196 1632
1197 1974
1198 1272
1199 3180
1200 1626
1201 1320
1202 3120
1203 1572
1204 1128
1205 1566
1206 1290
1207 1200
1208 2376
1209 1704
1210 1890
1211 3258
1212 1230
1213 1200
1214 2832
1215 3582
1216 1824
1217 1464
1218 1668
1219 1560
1220 1632
1221 1602
1222 1662
1223 4512
1224 1086
1225 3180
1226 1758
1227 1716
1228 1530
1229 1968
1230 2652
1231 2670
1232 1596
1233 1170
1234 1776
1235 1806
1236 1884
1237 1356
1238 3342
1239 1908
1240 1770
1241 1920
1242 2550
1243 3564
1244 1290
1245 1722
1246 1392
1247 1230
1248 1452
1249 1758
1250 2088
1251 2850
1252 2448
1253 1500
1254 1494
1255 2844
1256 1350
1257 1788
1258 1986
1259 1416
1260 3138
1261 1476
1262 2286
1263 2058
1264 1386
1265 1332
1266 1782
1267 1038
1268 2352
1269 1326
1270 1530
1271 2016
1272 2136
1273 1776
1274 1764
1275 3498
1276 1614
1277 1536
1278 3174
1279 2406
1280 1776
1281 1650
1282 3030
1283 1980
1284 1158
1285 2088
1286 1038
1287 1374
1288 2430
1289 1806
1290 2340
1291 990
1292 2856
1293 1884
1294 2616
1295 1830
1296 1428
1297 2346
1298 1992
1299 1566
1300 1440
1301 1908
1302 1374
1303 1638
1304 1194
1305 1428
1306 2850
1307 1080
1308 1872
1309 1404
1310 1680
1311 1536
1312 1704
1313 1800
1314 3498
1315 2172
1316 1884
1317 1608
1318 1578
1319 2202
1320 1746
1321 1686
1322 1500
1323 1974
1324 1764
1325 1086
1326 1458
1327 2790
1328 2328
1329 1266
1330 2112
1331 1518
1332 1986
1333 1530
1334 1110
1335 2856
1336 1662
1337 2082
1338 1830
1339 3498
1340 2436
1341 1524
1342 1764
1343 2460
1344 2994
1345 4014
1346 1188
1347 1428
1348 2166
1349 1740
1350 2088
1351 1044
1352 2838
1353 1746
1354 828
1355 4092
1356 2658
1357 2532
1358 1176
1359 1092
1360 1446
1361 1434
1362 2400
1363 1782
1364 1416
1365 1704
1366 1908
1367 3078
1368 1788
1369 1164
1370 2208
1371 1008
1372 2322
1373 1830
1374 1782
1375 2544
1376 2094
1377 2106
1378 1596
1379 1770
1380 1650
1381 1638
1382 1698
1383 4848
1384 1416
1385 3366
1386 1716
1387 1434
1388 3342
1389 1914
1390 3552
1391 2520
1392 3630
1393 3258
1394 2826
1395 1320
1396 1140
1397 1686
1398 1842
1399 1476
1400 1446
1401 1554
1402 1968
1403 1476
1404 1614
1405 4146
1406 1284
1407 3618
1408 3150
1409 1608
1410 1092
1411 2094
1412 2610
1413 2070
1414 1032
1415 1452
1416 1314
1417 3306
1418 2358
1419 2718
1420 2334
1421 1698
1422 1368
1423 1440
1424 2118
1425 1290
1426 1596
1427 1128
1428 1500
1429 1152
1430 2922
1431 1134
1432 2268
1433 5340
1434 1500
1435 1794
1436 2754
1437 1908
1438 2874
1439 1512
1440 3582
1441 2046
1442 4128
1443 1140
1444 2100
1445 2004
1446 2796
1447 2040
1448 1344
1449 3366
1450 1290
1451 1824
1452 1866
1453 1536
1454 1446
1455 1938
1456 1668
1457 1644
1458 1632
1459 1806
1460 2226
1461 1428
1462 2328
1463 1848
1464 1668
1465 2286
1466 2076
1467 1338
1468 1992
1469 1506
1470 2574
1471 2280
1472 1068
1473 1014
1474 2016
1475 1548
1476 1482
1477 4044
1478 1866
1479 1086
1480 1290
1481 1872
1482 1638
1483 1884
1484 2778
1485 2070
1486 1938
1487 3684
1488 2100
1489 1500
1490 2586
1491 3324
1492 1236
1493 1332
1494 2280
1495 2580
1496 1338
1497 1560
1498 2904
1499 2046
1500 2904
1501 1920
1502 1884
1503 2790
1504 1842
1505 1506
1506 1632
1507 2190
1508 2700
1509 1746
1510 2526
1511 2142
1512 2148
1513 2124
1514 2412
1515 1290
1516 3456
1517 2220
1518 1872
1519 1200
1520 2226
1521 1554
1522 1284
1523 3390
1524 1902
1525 2010
1526 1698
1527 1062
1528 2070
1529 1116
1530 2160
1531 1542
1532 2382
1533 2106
1534 1392
1535 1764
1536 1086
1537 936
1538 1062
1539 2352
1540 2130
1541 2532
1542 1866
1543 2094
1544 1644
1545 1992
1546 1104
1547 1038
1548 2262
1549 1200
1550 2196
1551 1968
1552 2376
1553 1506
1554 1740
1555 2208
1556 2478
1557 2064
1558 1482
1559 3168
1560 4182
1561 2118
1562 1902
1563 1596
1564 2316
1565 1830
1566 1218
1567 2028
1568 1758
1569 3282
1570 2592
1571 2568
1572 2100
1573 1560
1574 1158
1575 2340
1576 1974
1577 2184
1578 1986
1579 1614
1580 2166
1581 1458
1582 1716
1583 2844
1584 2064
1585 1614
1586 780
1587 2418
1588 3042
1589 1152
1590 1824
1591 2268
1592 1086
1593 3036
1594 3426
1595 1746
1596 2022
1597 1920
1598 1830
1599 1830
1600 1962
1601 1710
1602 1494
1603 1764
1604 2118
1605 1242
1606 2022
1607 1098
1608 1470
1609 1668
1610 2694
1611 2196
1612 2610
1613 1362
1614 2436
1615 1170
1616 2670
1617 2274
1618 2190
1619 2580
1620 2982
1621 1272
1622 2892
1623 1812
1624 1626
1625 2214
1626 1518
1627 1836
1628 1968
1629 1458
1630 2628
1631 1296
1632 1770
1633 876
1634 2568
1635 1290
1636 2508
1637 1656
1638 1488
1639 1386
1640 1314
1641 2262
1642 1728
1643 2160
1644 2058
1645 2046
1646 1044
1647 3120
1648 2436
1649 1470
1650 2472
1651 1020
1652 1776
1653 1662
1654 4152
1655 2166
1656 2742
1657 2358
1658 1908
1659 2142
1660 2088
1661 3996
1662 1986
1663 2604
1664 2430
1665 1290
1666 2106
1667 4242
1668 1026
1669 1812
1670 2232
1671 2820
1672 948
1673 1872
1674 2442
1675 1542
1676 1602
1677 1242
1678 2052
1679 1254
1680 1728
1681 1530
1682 1794
1683 2616
1684 3576
1685 1902
1686 1506
1687 3348
1688 1860
1689 1278
1690 3036
1691 3150
1692 1350
1693 1686
1694 2940
1695 2046
1696 3294
1697 1530
1698 2796
1699 2316
1700 978
1701 3030
1702 2154
1703 1032
1704 1578
1705 882
1706 1014
1707 3366
1708 3012
1709 3054
1710 1188
1711 2310
1712 1548
1713 2946
1714 1806
1715 1572
1716 1554
1717 3792
1718 1920
1719 2058
1720 1950
1721 1362
1722 2286
1723 2280
1724 1356
1725 1182
1726 1008
1727 930
1728 2580
1729 2556
1730 4308
1731 1926
1732 1806
1733 2226
1734 2406
1735 2574
1736 3114
1737 1608
1738 1896
1739 2022
1740 1812
1741 2484
1742 1818
1743 1632
1744 2418
1745 2292
1746 2592
1747 3522
1748 1386
1749 1788
1750 1638
1751 1764
1752 1398
1753 1182
1754 1206
1755 762
1756 2400
1757 1446
1758 1974
1759 1530
1760 1152
1761 3450
1762 1824
1763 1944
1764 2076
1765 3036
1766 1464
1767 1320
1768 1440
1769 1422
1770 1422
1771 2694
1772 3384
1773 792
1774 1728
1775 2676
1776 912
1777 1248
1778 1560
1779 1122
1780 1284
1781 888
1782 1662
1783 1650
1784 1584
1785 2418
1786 1320
1787 1404
1788 1236
1789 2004
1790 1326
1791 1332
1792 1890
1793 912
1794 2622
1795 1176
1796 1062
1797 2502
1798 1332
1799 1290
1800 1662
1801 2772
1802 1620
1803 2310
1804 1314
1805 1164
1806 1050
1807 2310
1808 1518
1809 1206
1810 2034
1811 1158
1812 1422
1813 1374
1814 1440
1815 1518
1816 906
1817 1908
1818 1674
1819 1572
1820 1614
1821 1254
1822 1776
1823 1218
1824 1110
1825 2244
1826 1422
1827 1680
1828 2940
1829 1584
1830 2472
1831 1584
1832 1668
1833 1608
1834 2268
1835 1464
1836 2214
1837 1026
1838 2538
1839 1602
1840 1602
1841 3006
1842 1680
Unexpected message received for job 1042930
1843 5568
1844 1470
Unexpected message received for job 1042930
1845 2226
1846 1326
1847 1452
1848 978
1849 1152
1850 1980
1851 2160
1852 1056
1853 1614
1854 1506
1855 1512
1856 1974
1857 1662
1858 1242
1859 2628
1860 2364
1861 4554
1862 2838
1863 1152
1864 2520
1865 2796
1866 1818
1867 1506
1868 1872
1869 3684
1870 2286
1871 1848
1872 2478
1873 1152
1874 3450
1875 2160
1876 1722
1877 1086
1878 1980
1879 2220
1880 1446
1881 1572
1882 936
1883 942
1884 1782
1885 1482
1886 2838
1887 1656
1888 2388
1889 1296
1890 1854
1891 2046
1892 1134
1893 2178
1894 2268
1895 1836
1896 1188
1897 1050
1898 2754
1899 1548
1900 1554
1901 2316
1902 888
1903 1302
1904 4314
1905 2058
1906 1002
1907 1020
1908 2082
1909 1992
1910 1236
1911 3450
1912 1254
1913 1290
1914 1032
1915 1104
1916 1950
1917 1284
1918 1956
1919 1836
1920 1416
1921 1764
1922 2088
1923 1062
1924 2874
1925 2670
1926 1512
1927 1140
1928 1542
1929 1602
1930 1692
1931 1206
1932 1146
1933 3162
1934 2604
1935 3252
1936 1680
1937 1164
1938 2184
1939 1260
1940 1476
1941 1542
1942 1872
1943 2514
1944 1122
1945 1002
1946 1146
1947 1578
1948 1686
1949 2820
1950 2040
1951 1968
1952 1632
1953 3492
1954 2856
1955 1788
1956 948
1957 2298
1958 1794
1959 2610
1960 1848
1961 1506
1962 1500
1963 2640
1964 1620
1965 1182
1966 1212
1967 1032
1968 1392
1969 1704
1970 1806
1971 1986
1972 888
1973 2454
1974 1032
1975 1824
1976 1380
1977 1692
1978 2262
1979 1140
1980 1116
1981 1578
1982 2304
1983 1200
1984 1428
1985 1734
1986 1548
1987 1134
1988 1524
1989 2322
1990 834
1991 1356
1992 1386
1993 870
1994 1452
1995 1512
1996 984
1997 1110
1998 1578
1999 1524
2000 1860
2001 1710
2002 1566
2003 1818
2004 2940
2005 1104
2006 1686
2007 2034
2008 1842
2009 1326
2010 1428
2011 966
2012 1284
2013 2010
2014 2142
2015 1614
2016 1044
2017 984
2018 1170
2019 894
2020 1332
2021 894
2022 1404
2023 1644
2024 1266
2025 2574
2026 1002
2027 906
2028 1986
2029 1380
2030 1674
2031 1014
2032 2052
2033 750
2034 1068
2035 1572
2036 4698
2037 2028
2038 1194
2039 906
2040 2424
2041 792
2042 1302
2043 1008
2044 1104
2045 1140
2046 924
2047 1938
2048 834
2049 1902
2050 1182
2051 1572
2052 1548
2053 1956
2054 1494
2055 882
2056 1656
2057 1374
2058 1050
2059 2718
2060 1440
2061 924
2062 1458
2063 2724
2064 1878
2065 954
2066 840
2067 1728
2068 1326
2069 1194
2070 984
2071 4308
2072 1422
2073 906
2074 750
2075 1896
2076 2370
2077 1884
2078 1380
2079 2106
2080 2928
2081 1428
2082 1518
2083 1458
2084 1722
2085 1236
2086 1680
2087 1362
2088 2322
2089 2850
2090 1422
2091 2382
2092 1686
2093 1236
2094 780
2095 1464
2096 1992
2097 1908
2098 2106
2099 876
2100 1164
2101 1962
2102 822
2103 1116
2104 1440
2105 978
2106 1116
2107 1866
2108 702
2109 1050
2110 1806
2111 2178
2112 858
2113 2688
2114 2934
2115 1002
2116 678
2117 1176
2118 900
2119 1578
2120 1752
2121 1452
2122 1584
2123 1290
2124 1212
2125 1098
2126 1248
2127 1536
2128 1734
2129 1224
2130 1554
2131 1524
2132 1044
2133 5550
2134 1536
2135 1974
2136 888
2137 1428
2138 1686
2139 834
2140 1044
2141 888
2142 1662
2143 1014
2144 1128
2145 1956
2146 1920
2147 1284
2148 1068
2149 1662
2150 1542
2151 1740
2152 912
2153 888
2154 1068
2155 1182
2156 810
2157 984
2158 1080
2159 1038
2160 972
2161 2286
2162 1872
2163 1308
2164 1086
2165 1254
2166 1746
2167 1020
2168 1044
2169 1758
2170 2688
2171 924
2172 2028
2173 990
2174 936
2175 1062
2176 1140
2177 942
2178 1254
2179 1932
2180 3018
2181 1902
2182 1098
2183 762
2184 960
2185 762
2186 882
2187 834
2188 972
2189 1554
2190 1314
2191 900
2192 1680
2193 1380
2194 990
2195 1236
2196 1500
2197 2166
2198 1200
2199 1338
2200 1380
2201 936
2202 924
2203 1296
2204 1266
2205 1296
2206 1764
2207 1110
2208 1248
2209 1650
2210 3210
2211 2604
2212 1668
2213 1638
2214 1002
2215 1818
2216 1200
2217 3060
2218 2904
2219 1818
2220 1050
2221 1158
2222 1338
2223 1032
2224 1470
2225 810
2226 1578
2227 1044
2228 1344
2229 1314
2230 1362
2231 1188
2232 1242
2233 1104
2234 1566
2235 1110
2236 882
2237 948
2238 990
2239 840
2240 1542
2241 3930
2242 984
2243 774
2244 1218
2245 1266
2246 1560
2247 1038
2248 1458
2249 1992
2250 1104
2251 906
2252 1398
2253 918
2254 936
2255 1038
2256 870
2257 912
2258 876
2259 840
2260 1116
2261 858
2262 2814
2263 996
2264 1308
2265 762
2266 852
2267 1296
2268 1554
2269 1410
2270 798
2271 1122
2272 1374
2273 720
2274 822
2275 798
2276 924
2277 948
2278 1212
2279 1194
2280 852
2281 1014
2282 1044
2283 1116
2284 1092
2285 714
2286 816
2287 906
2288 1656
2289 1854
2290 1350
2291 792
2292 894
2293 792
2294 1674
2295 1020
2296 1134
2297 4416
2298 1314
2299 888
2300 1038
2301 1140
2302 690
2303 744
2304 1782
2305 846
2306 798
2307 732
2308 1176
2309 876
2310 732
2311 1236
2312 828
2313 828
2314 966
2315 858
2316 894
2317 906
2318 1536
2319 1032
2320 720
2321 948
2322 756
2323 780
2324 960
2325 1056
2326 1092
2327 1200
2328 714
2329 1020
2330 900
2331 798
2332 912
2333 720
2334 744
2335 1236
2336 816
2337 1026
2338 792
2339 1092
2340 912
2341 726
2342 810
2343 852
2344 852
2345 1230
2346 1158
2347 810
2348 852
2349 858
2350 1578
2351 750
2352 966
2353 756
2354 768
2355 804
2356 1008
2357 870
2358 780
2359 1200
2360 834
2361 768
2362 750
2363 732
2364 960
2365 1434
2366 954
2367 714
2368 774
2369 768
2370 888
2371 1164
2372 954
2373 1014
2374 888
2375 882
2376 1092
2377 888
2378 822
2379 858
2380 780
2381 810
2382 828
2383 906
2384 720
2385 804
2386 1290
2387 924
2388 732
2389 750
2390 714
2391 810
2392 780
2393 702
2394 720
2395 732
2396 732
2397 744
2398 780
2399 792
2400 846
2401 870
2402 822
2403 1002
2404 954
2405 762
2406 810
2407 762
2408 870
2409 732
2410 798
2411 990
2412 1284
2413 840
2414 792
2415 756
2416 876
2417 852
2418 858
2419 732
2420 732
2421 768
2422 936
2423 930
2424 702
2425 750
2426 762
2427 744
2428 690
2429 690
2430 732
2431 1014
2432 756
2433 900
2434 714
2435 1032
2436 792
2437 756
2438 714
2439 774
2440 792
2441 1134
2442 774
2443 702
2444 762
2445 792
2446 720
2447 720
2448 714
2449 810
2450 762
2451 828
2452 720
2453 762
2454 822
2455 858
2456 720
2457 756
2458 858
2459 744
2460 804
2461 798
2462 804
2463 744
2464 786
2465 858
2466 798
2467 882
2468 762
2469 888
2470 816
2471 732
2472 804
2473 708
2474 894
2475 1680
2476 990
2477 786
2478 858
2479 774
2480 744
2481 768
2482 762
2483 780
2484 714
2485 762
2486 870
2487 1086
2488 780
2489 1008
2490 774
2491 810
2492 900
2493 744
2494 1086
2495 1182
2496 822
2497 804
2498 702
2499 786
2500 690
2501 744
2502 744
2503 678
2504 732
2505 726
2506 732
2507 798
2508 732
2509 840
2510 732
2511 714
2512 924
2513 744
2514 732
2515 714
2516 690
2517 816
2518 798
2519 792
2520 1014
2521 942
2522 750
2523 744
2524 798
2525 714
2526 846
2527 792
2528 744
2529 834
2530 732
2531 1182
2532 882
2533 774
2534 714
2535 744
2536 744
2537 804
2538 762
2539 786
2540 876
2541 774
2542 750
2543 762
2544 744
2545 858
2546 852
2547 798
2548 750
2549 810
2550 720
2551 774
2552 942
2553 780
2554 744
2555 936
2556 1014
2557 876
2558 744
2559 774
2560 762
2561 900
2562 810
2563 750
2564 774
2565 798
2566 828
2567 762
2568 816
2569 1146
2570 1110
2571 828
2572 744
2573 774
2574 780
2575 744
2576 1428
2577 720
2578 870
2579 762
2580 822
2581 786
2582 1200
2583 738
2584 744
2585 996
2586 888
2587 1980
2588 1572
2589 798
2590 1110
2591 810
2592 762
2593 894
2594 1632
2595 1026
2596 2010
2597 774
2598 792
2599 786
2600 888
2601 804
2602 1278
2603 732
2604 780
2605 816
2606 780
2607 846
2608 804
2609 750
2610 810
2611 774
2612 930
2613 792
2614 870
2615 1140
2616 744
2617 1872
2618 1776
2619 840
2620 846
2621 990
2622 750
2623 750
2624 852
2625 774
2626 816
2627 990
2628 810
2629 804
2630 822
2631 1272
2632 804
2633 792
2634 792
2635 726
2636 846
2637 996
2638 822
2639 768
2640 756
2641 840
2642 804
2643 792
2644 762
2645 792
2646 852
2647 858
2648 1218
2649 804
2650 750
2651 864
2652 744
2653 882
2654 1254
2655 792
2656 1044
2657 930
2658 846
2659 864
2660 864
2661 750
2662 1002
2663 1320
2664 936
2665 840
2666 948
2667 1404
2668 1026
2669 768
2670 834
2671 1092
2672 1524
2673 858
2674 858
2675 1050
2676 942
2677 822
2678 804
2679 840
2680 810
2681 924
2682 780
2683 834
2684 810
2685 798
2686 774
2687 1170
2688 780
2689 864
2690 870
2691 828
2692 1488
2693 750
2694 1368
2695 1014
2696 1350
2697 918
2698 828
2699 996
2700 1392
2701 1374
2702 1554
2703 1374
2704 1062
2705 1248
2706 1368
2707 3582
2708 2658
2709 918
2710 1014
2711 846
2712 762
2713 804
2714 1110
2715 1542
2716 774
2717 870
2718 864
2719 810
2720 2874
2721 726
2722 810
2723 750
2724 822
2725 828
2726 732
2727 1314
2728 1044
2729 732
2730 756
2731 846
2732 750
2733 804
2734 804
2735 804
2736 774
2737 1038
2738 1038
2739 924
2740 792
2741 870
2742 792
2743 762
2744 750
2745 1236
2746 990
2747 750
2748 774
2749 822
2750 750
2751 732
2752 1230
2753 828
2754 762
2755 732
2756 732
2757 774
2758 744
2759 732
2760 750
2761 732
2762 750
2763 732
2764 768
2765 774
2766 774
2767 774
2768 858
2769 1944
2770 1074
2771 1302
2772 858
2773 840
2774 702
2775 798
2776 744
2777 732
2778 690
2779 678
2780 678
2781 756
2782 744
2783 762
2784 792
2785 834
2786 816
2787 750
2788 810
2789 786
2790 786
2791 774
2792 732
2793 732
2794 906
2795 690
2796 774
2797 744
2798 702
2799 924
2800 804
2801 2256
2802 834
2803 732
2804 798
2805 804
2806 744
2807 690
2808 690
2809 690
2810 690
2811 732
2812 774
2813 798
2814 720
2815 732
2816 714
2817 798
2818 744
2819 798
2820 744
2821 702
2822 690
2823 756
2824 690
2825 732
2826 690
2827 786
2828 786
2829 1314
2830 690
2831 816
2832 702
2833 714
2834 732
2835 690
2836 774
2837 690
2838 690
2839 744
2840 762
2841 690
2842 846
2843 732
2844 804
2845 774
2846 750
2847 816
2848 732
2849 774
2850 732
2851 804
2852 744
2853 828
2854 804
2855 804
2856 756
2857 732
2858 732
2859 774
2860 732
2861 690
2862 732
2863 732
2864 732
2865 798
2866 690
2867 690
2868 714
2869 762
2870 720
2871 702
2872 714
2873 744
2874 702
2875 702
2876 714
2877 708
2878 744
2879 714
2880 714
2881 756
2882 756
2883 714
2884 756
2885 720
2886 732
2887 702
2888 702
2889 714
2890 714
2891 744
2892 672
2893 714
2894 714
2895 702
2896 702
2897 756
2898 732
2899 690
2900 774
2901 690
2902 690
2903 690
2904 690
2905 756
2906 690
2907 690
2908 756
2909 690
2910 702
2911 732
2912 732
2913 774
2914 774
2915 702
2916 720
2917 792
2918 750
2919 816
2920 1050
2921 774
2922 708
2923 810
2924 762
2925 690
2926 732
2927 780
2928 732
2929 774
2930 720
2931 750
2932 774
2933 774
2934 774
2935 714
2936 732
2937 732
2938 690
2939 690
2940 774
2941 774
2942 792
2943 690
2944 744
2945 1380
2946 1326
2947 1380
2948 750
2949 846
2950 1572
2951 720
2952 732
2953 840
2954 732
2955 732
2956 1488
2957 732
2958 774
2959 690
2960 720
2961 816
2962 720
2963 702
2964 750
2965 774
2966 816
2967 732
2968 732
2969 774
2970 798
2971 690
2972 690
2973 732
2974 732
2975 774
2976 1236
2977 732
2978 834
2979 702
2980 756
2981 732
2982 756
2983 732
2984 732
2985 690
2986 732
2987 732
2988 732
2989 690
2990 732
2991 690
2992 690
2993 690
2994 762
2995 690
2996 732
2997 690
2998 756
2999 690
3000 834
3001 690
3002 690
3003 708
3004 714
3005 732
3006 732
3007 690
3008 732
3009 690
3010 690
3011 690
3012 690
3013 690
3014 690
3015 690
3016 690
3017 690
3018 708
3019 762
3020 732
3021 732
3022 732
3023 816
3024 732
3025 732
3026 756
3027 786
3028 774
3029 762
3030 732
3031 744
3032 774
3033 732
3034 816
3035 732
3036 702
3037 762
3038 834
3039 762
3040 720
3041 720
3042 720
3043 774
3044 732
3045 732
3046 732
3047 702
3048 732
3049 690
3050 702
3051 774
3052 774
3053 732
3054 732
3055 774
3056 702
3057 690
3058 732
Unexpected message received for job 1042930
3059 732
3060 882
3061 720
3062 720
3063 774
3064 690
3065 756
3066 732
3067 774
Unexpected message received for job 1042930
3068 762
3069 774
3070 774
3071 702
3072 732
3073 732
3074 732
3075 732
3076 804
3077 780
3078 762
3079 762
3080 762
3081 774
3082 750
3083 762
3084 762
3085 762
3086 732
3087 774
3088 690
3089 762
3090 732
3091 732
3092 774
3093 690
3094 732
3095 732
3096 732
3097 732
3098 732
3099 720
3100 732
3101 702
3102 756
3103 690
3104 702
3105 690
3106 690
3107 732
3108 690
3109 732
3110 732
3111 774
3112 756
3113 732
3114 732
3115 732
3116 702
3117 792
3118 774
3119 750
3120 774
3121 732
3122 774
3123 690
3124 714
3125 798
3126 756
3127 774
3128 762
3129 744
3130 750
3131 918
3132 732
3133 774
3134 732
3135 732
3136 774
3137 732
3138 774
3139 732
3140 774
3141 672
3142 732
3143 744
3144 804
3145 732
3146 732
3147 732
3148 732
3149 714
3150 774
3151 858
3152 762
3153 1842
3154 1428
3155 732
3156 690
3157 732
3158 702
3159 690
3160 714
3161 690
3162 714
3163 690
3164 690
3165 816
3166 756
3167 732
3168 690
3169 774
3170 690
3171 774
3172 1428
3173 690
3174 732
3175 774
3176 732
3177 732
3178 732
3179 816
3180 702
3181 774
3182 1410
3183 690
3184 1422
3185 744
3186 702
3187 732
3188 1722
3189 1476
3190 714
3191 732
3192 1158
3193 774
3194 732
3195 732
3196 816
3197 732
3198 816
3199 732
3200 774
3201 774
3202 774
3203 756
3204 774
3205 690
3206 762
3207 690
3208 720
3209 690
3210 690
3211 690
3212 732
3213 690
3214 690
3215 1116
3216 690
3217 690
3218 690
3219 774
3220 858
3221 852
3222 852
3223 1182
3224 690
3225 1404
3226 774
3227 834
3228 690
3229 690
3230 774
3231 690
3232 690
3233 690
3234 690
3235 690
3236 690
3237 1488
3238 1758
3239 690
3240 1338
3241 894
3242 1464
3243 732
3244 702
3245 774
3246 660
3247 690
3248 690
3249 714
3250 690
3251 690
3252 690
3253 690
3254 1434
3255 690
3256 774
3257 690
3258 690
3259 720
3260 720
3261 720
3262 732
3263 720
3264 816
3265 774
3266 690
3267 714
3268 690
3269 732
3270 690
3271 690
3272 690
3273 762
3274 690
3275 774
3276 744
3277 900
3278 690
3279 732
3280 732
3281 840
3282 774
3283 690
3284 774
3285 690
3286 732
3287 732
3288 732
3289 732
3290 690
3291 690
3292 732
3293 690
3294 732
3295 690
3296 762
3297 732
3298 690
3299 774
3300 690
3301 960
3302 690
3303 690
3304 732
3305 732
3306 690
3307 690
3308 690
3309 690
3310 690
3311 690
3312 720
3313 732
3314 690
3315 690
3316 690
3317 690
3318 720
3319 690
3320 690
3321 690
3322 732
3323 810
3324 690
3325 690
3326 756
3327 774
3328 690
3329 714
3330 690
3331 762
3332 690
3333 702
3334 690
3335 690
3336 690
3337 690
3338 720
3339 690
3340 690
3341 816
3342 690
3343 732
3344 732
3345 690
3346 762
3347 702
3348 690
3349 732
3350 678
3351 708
3352 732
3353 732
3354 774
3355 678
3356 774
3357 816
3358 732
3359 678
3360 816
3361 678
3362 678
3363 744
3364 678
3365 678
3366 720
3367 678
3368 690
3369 774
3370 702
3371 678
3372 678
3373 678
3374 912
3375 678
3376 678
3377 774
3378 948
3379 678
3380 720
3381 732
3382 678
3383 678
3384 678
3385 798
3386 678
3387 720
3388 1128
3389 720
3390 678
3391 756
3392 678
3393 720
3394 678
3395 678
3396 720
3397 972
3398 708
3399 708
3400 708
3401 708
3402 708
3403 708
3404 2364
3405 888
3406 888
3407 888
3408 888
3409 888
3410 780
3411 762
3412 930
3413 906
3414 888
3415 888
3416 864
3417 762
3418 942
3419 912
3420 924
3421 888
3422 1074
3423 930
3424 804
3425 762
3426 732
3427 720
3428 1002
3429 732
3430 732
3431 732
3432 912
3433 954
3434 720
3435 720
3436 888
3437 774
3438 732
3439 774
3440 690
3441 774
3442 720
3443 1542
3444 720
3445 720
3446 852
3447 1542
3448 720
3449 720
3450 804
3451 1074
3452 954
3453 768
3454 1560
3455 720
3456 1032
3457 732
3458 720
3459 732
3460 744
3461 774
3462 882
3463 720
3464 720
3465 720
3466 720
3467 720
3468 720
3469 720
3470 930
3471 936
3472 744
3473 702
3474 720
3475 720
3476 720
3477 720
3478 720
3479 720
3480 732
3481 720
3482 774
3483 720
3484 732
3485 720
3486 732
3487 774
3488 720
3489 720
3490 720
3491 762
3492 690
3493 720
3494 834
3495 1110
3496 720
3497 966
3498 720
3499 954
3500 732
3501 720
3502 678
3503 720
3504 720
3505 894
3506 720
3507 720
3508 774
3509 720
3510 732
3511 732
3512 732
3513 1158
3514 732
3515 720
3516 720
3517 732
3518 720
3519 720
3520 1074
3521 720
3522 1836
3523 720
3524 720
3525 720
3526 720
3527 720
3528 678
3529 720
3530 1056
3531 720
3532 720
3533 1116
3534 774
3535 720
3536 1014
3537 732
3538 720
3539 720
3540 732
3541 804
3542 780
3543 900
3544 732
3545 942
3546 1182
3547 762
3548 720
3549 900
3550 732
3551 732
3552 900
3553 720
3554 690
3555 690
3556 720
3557 690
3558 690
3559 690
3560 690
3561 690
3562 702
3563 690
3564 732
3565 876
3566 732
3567 762
3568 690
3569 732
3570 690
3571 732
3572 846
3573 690
3574 1344
3575 804
3576 804
3577 678
3578 678
3579 744
3580 720
3581 732
3582 720
3583 732
3584 804
3585 720
3586 732
3587 756
3588 708
3589 678
3590 690
3591 750
3592 708
3593 648
3594 648
3595 732
3596 648
3597 690
3598 648
3599 720
3600 702
3601 732
3602 648
3603 648
3604 732
3605 3576
3606 732
3607 690
3608 798
3609 690
3610 690
3611 714
3612 690
3613 690
3614 822
3615 690
3616 744
3617 732
3618 678
3619 732
3620 690
3621 846
3622 1266
3623 690
3624 906
3625 870
3626 870
3627 870
3628 660
3629 870
3630 870
3631 894
3632 774
3633 792
3634 804
3635 1788
3636 816
3637 732
3638 774
3639 732
3640 732
3641 732
3642 702
3643 660
3644 798
3645 666
3646 666
3647 666
3648 708
3649 666
3650 666
3651 666
3652 2826
3653 690
3654 702
3655 666
3656 666
3657 762
3658 666
3659 732
3660 666
3661 756
3662 666
3663 666
3664 720
3665 720
3666 720
3667 720
3668 738
3669 762
3670 720
3671 732
3672 732
3673 732
3674 750
3675 732
3676 702
3677 732
3678 702
3679 732
3680 732
3681 732
3682 648
3683 690
3684 648
3685 648
3686 648
3687 648
3688 744
3689 648
3690 648
3691 648
3692 648
3693 774
3694 714
3695 690
3696 648
3697 648
3698 648
3699 690
3700 648
3701 648
3702 702
3703 648
3704 648
3705 690
3706 774
3707 750
3708 648
3709 708
3710 732
3711 648
3712 732
3713 648
3714 648
3715 678
3716 690
3717 732
3718 1668
3719 678
3720 732
3721 678
3722 732
3723 690
3724 732
3725 720
3726 732
3727 678
3728 786
3729 732
3730 690
3731 708
3732 690
3733 690
3734 702
3735 756
3736 852
3737 846
3738 876
3739 690
3740 648
3741 732
3742 732
3743 774
3744 732
3745 750
3746 750
3747 732
3748 702
3749 2376
3750 870
3751 750
3752 1098
3753 648
3754 792
3755 714
3756 1080
3757 750
3758 750
3759 750
3760 786
3761 792
3762 774
3763 720
3764 750
3765 732
3766 732
3767 816
3768 804
3769 816
3770 732
3771 804
3772 732
3773 732
3774 732
3775 702
3776 732
3777 732
3778 732
3779 732
3780 732
3781 732
3782 732
3783 702
3784 732
3785 732
3786 816
3787 732
3788 672
3789 762
3790 732
3791 714
3792 774
3793 732
3794 732
3795 714
3796 744
3797 804
3798 690
3799 690
3800 690
3801 690
3802 690
3803 690
3804 732
3805 774
3806 762
3807 732
3808 720
3809 690
3810 702
3811 690
3812 702
3813 732
3814 798
3815 732
3816 714
3817 690
3818 732
3819 708
3820 672
3821 690
3822 708
3823 702
3824 744
3825 762
3826 762
3827 762
3828 744
3829 762
3830 774
3831 816
3832 762
3833 762
3834 762
3835 804
3836 2022
3837 762
3838 732
3839 762
3840 804
3841 762
3842 786
3843 690
3844 804
3845 762
3846 762
3847 732
3848 774
3849 762
3850 816
3851 774
3852 762
3853 762
3854 714
3855 762
3856 750
3857 750
3858 750
3859 792
3860 792
3861 750
3862 732
3863 750
3864 1092
3865 894
3866 894
3867 732
3868 804
3869 762
3870 756
3871 894
3872 690
3873 876
3874 888
3875 900
3876 876
3877 720
3878 720
3879 774
3880 720
3881 876
3882 720
3883 804
3884 720
3885 732
3886 774
3887 756
3888 732
3889 690
3890 732
3891 720
3892 720
3893 756
3894 720
3895 762
3896 774
3897 774
3898 804
3899 774
3900 732
3901 732
3902 744
3903 774
3904 774
3905 816
3906 732
3907 774
3908 774
3909 774
3910 732
3911 774
3912 816
3913 816
3914 774
3915 678
3916 774
3917 732
3918 732
3919 690
3920 1338
3921 756
3922 702
3923 786
3924 732
3925 690
3926 774
3927 690
3928 714
3929 1074
3930 732
3931 732
3932 774
3933 690
3934 702
3935 756
3936 702
3937 690
3938 714
3939 732
3940 732
3941 690
3942 774
3943 732
3944 690
3945 756
3946 690
3947 690
3948 732
3949 690
3950 732
3951 690
3952 744
3953 690
3954 690
3955 690
3956 714
3957 690
3958 690
3959 714
3960 690
3961 774
3962 672
3963 672
3964 690
3965 690
3966 690
3967 852
3968 744
3969 798
3970 798
3971 798
3972 798
3973 798
3974 798
3975 798
3976 798
3977 798
3978 840
3979 840
3980 732
3981 798
3982 798
3983 744
3984 840
3985 840
3986 798
3987 756
3988 798
3989 1446
3990 798
3991 714
3992 798
3993 816
3994 672
3995 798
3996 990
3997 756
3998 714
3999 672
4000 672
4001 756
4002 672
4003 672
4004 816
4005 786
4006 816
4007 816
4008 1422
4009 1440
4010 702
4011 744
4012 1422
4013 1422
4014 714
4015 744
4016 798
4017 1512
4018 756
4019 714
4020 798
4021 756
4022 714
4023 714
4024 1686
4025 756
4026 714
4027 714
4028 756
4029 714
4030 714
4031 840
4032 714
4033 714
4034 714
4035 756
4036 756
4037 714
4038 756
4039 798
4040 756
4041 756
4042 756
4043 756
4044 714
4045 714
4046 714
4047 714
4048 756
4049 714
4050 714
4051 714
4052 714
4053 714
4054 756
4055 714
4056 756
4057 756
4058 756
4059 714
4060 798
4061 756
4062 672
4063 702
4064 756
4065 1668
4066 756
4067 756
4068 756
4069 756
4070 798
4071 798
4072 756
4073 798
4074 786
4075 714
4076 798
4077 798
4078 744
4079 798
4080 714
4081 816
4082 786
4083 714
4084 714
4085 1434
4086 858
4087 714
4088 756
4089 786
4090 714
4091 756
4092 948
4093 714
4094 798
4095 798
4096 714
4097 744
4098 900
4099 714
4100 714
4101 798
4102 756
4103 756
4104 714
4105 714
4106 714
4107 744
4108 732
4109 798
4110 732
4111 756
4112 714
4113 714
4114 714
4115 744
4116 786
4117 714
4118 714
4119 714
4120 756
4121 714
4122 744
4123 756
4124 744
4125 732
4126 870
4127 744
4128 756
4129 756
4130 744
4131 798
4132 744
4133 714
4134 756
4135 1956
4136 714
4137 672
4138 714
4139 756
4140 714
4141 756
4142 714
4143 714
4144 744
4145 714
4146 786
4147 714
4148 714
4149 714
4150 714
4151 744
4152 798
4153 756
4154 714
4155 900
4156 756
4157 756
4158 756
4159 756
4160 744
4161 714
4162 756
4163 756
4164 714
4165 786
4166 714
4167 714
4168 714
4169 714
4170 714
4171 714
4172 714
4173 714
4174 756
4175 756
4176 756
4177 714
4178 714
4179 714
4180 714
4181 798
4182 744
4183 714
4184 702
4185 714
4186 714
4187 714
4188 714
4189 714
4190 714
4191 714
4192 672
4193 672
4194 714
4195 756
4196 714
4197 756
4198 756
4199 798
4200 756
4201 756
4202 756
4203 714
4204 714
4205 798
4206 756
4207 714
4208 714
4209 714
4210 714
4211 798
4212 714
4213 714
4214 714
4215 798
4216 714
4217 756
4218 714
4219 714
4220 756
4221 714
4222 714
4223 756
4224 798
4225 714
4226 714
4227 756
4228 756
4229 756
4230 714
4231 756
4232 756
4233 702
4234 714
4235 714
4236 714
4237 714
4238 756
4239 714
4240 714
4241 714
4242 714
4243 714
4244 798
4245 714
4246 714
4247 756
4248 714
4249 714
4250 714
4251 714
4252 714
4253 756
4254 714
4255 774
4256 714
4257 714
4258 714
4259 756
4260 756
4261 714
4262 756
4263 756
4264 756
4265 756
4266 798
4267 756
4268 798
4269 756
4270 756
4271 756
4272 756
4273 756
4274 756
4275 756
4276 756
4277 756
4278 714
4279 714
4280 714
4281 714
4282 714
4283 714
4284 756
4285 714
4286 756
4287 756
4288 690
4289 714
4290 690
4291 690
4292 732
4293 702
4294 690
4295 756
4296 690
4297 714
4298 756
4299 756
4300 714
4301 732
4302 714
4303 690
4304 798
4305 732
4306 774
4307 732
4308 672
4309 690
4310 690
4311 714
4312 744
4313 732
4314 690
4315 756
4316 732
4317 732
4318 714
4319 690
4320 690
4321 672
4322 690
4323 756
4324 732
4325 714
4326 714
4327 744
4328 744
4329 690
4330 714
4331 732
4332 690
4333 690
4334 690
4335 732
4336 690
4337 714
4338 732
4339 690
4340 690
4341 690
4342 714
4343 690
4344 714
4345 756
4346 714
4347 690
4348 756
4349 672
4350 690
4351 714
4352 714
4353 732
4354 690
4355 672
4356 744
4357 714
4358 690
4359 690
4360 732
4361 690
4362 690
4363 690
4364 690
4365 732
4366 744
4367 714
4368 732
4369 672
4370 714
4371 690
4372 690
4373 690
4374 672
4375 714
4376 690
4377 690
4378 732
4379 690
4380 690
4381 714
4382 786
4383 690
4384 702
4385 714
4386 732
4387 672
4388 690
4389 690
4390 690
4391 690
4392 690
4393 690
4394 690
4395 690
4396 690
4397 732
4398 732
4399 690
4400 690
4401 690
4402 690
4403 744
4404 702
4405 690
4406 690
4407 714
4408 690
4409 690
4410 690
4411 714
4412 690
4413 690
4414 690
4415 690
4416 732
4417 690
4418 690
4419 690
4420 672
4421 690
4422 714
4423 690
4424 690
4425 690
4426 690
4427 690
4428 690
4429 732
4430 690
4431 690
4432 732
4433 690
4434 762
4435 732
4436 690
4437 690
4438 690
4439 690
4440 756
4441 690
4442 690
4443 756
4444 714
4445 690
4446 732
4447 690
4448 732
4449 690
4450 690
4451 672
4452 690
4453 690
4454 690
4455 690
4456 690
4457 690
4458 744
4459 714
4460 702
4461 690
4462 732
4463 732
4464 690
4465 828
4466 690
4467 690
4468 690
4469 714
4470 714
4471 690
4472 756
4473 714
4474 714
4475 690
4476 798
4477 690
4478 690
4479 732
4480 714
4481 690
4482 690
4483 690
4484 714
4485 690
4486 690
4487 732
4488 690
4489 690
4490 690
4491 690
4492 714
4493 732
4494 690
4495 804
4496 690
4497 714
4498 690
4499 690
4500 690
4501 690
4502 714
4503 756
4504 690
4505 714
4506 744
4507 834
4508 690
4509 756
4510 690
4511 690
4512 690
4513 690
4514 744
4515 756
4516 690
4517 816
4518 792
4519 714
4520 690
4521 822
4522 846
4523 822
4524 822
4525 822
4526 822
4527 714
4528 822
4529 690
4530 906
4531 690
4532 690
4533 714
4534 690
4535 822
4536 822
4537 774
4538 822
4539 822
4540 732
4541 834
4542 756
4543 690
4544 732
4545 690
4546 732
4547 690
4548 690
4549 732
4550 690
4551 798
4552 828
4553 786
4554 756
4555 714
4556 714
4557 804
4558 714
4559 714
4560 714
4561 756
4562 714
4563 756
4564 714
4565 798
4566 756
4567 714
4568 798
4569 756
4570 756
4571 714
4572 714
4573 786
4574 774
4575 756
4576 714
4577 756
4578 714
4579 756
4580 774
4581 714
4582 756
4583 732
4584 732
4585 774
4586 714
4587 714
4588 816
4589 714
4590 714
4591 756
4592 798
4593 714
4594 714
4595 756
4596 714
4597 714
4598 714
4599 714
4600 756
4601 732
4602 798
4603 756
4604 840
4605 756
4606 744
4607 714
4608 714
4609 714
4610 756
4611 732
4612 714
4613 714
4614 816
4615 732
4616 732
4617 732
4618 756
4619 744
4620 774
4621 756
4622 774
4623 756
4624 756
4625 756
4626 798
4627 714
4628 714
4629 714
4630 774
4631 756
4632 714
4633 774
4634 756
4635 714
4636 714
4637 828
4638 732
4639 756
4640 714
4641 714
4642 804
4643 714
4644 714
4645 714
4646 744
4647 756
4648 744
4649 774
4650 756
4651 756
4652 714
4653 714
4654 714
4655 714
4656 714
4657 714
4658 714
4659 714
4660 714
4661 798
4662 714
4663 714
4664 714
4665 732
4666 756
4667 714
4668 714
4669 714
4670 756
4671 714
4672 714
4673 714
4674 714
4675 714
4676 714
4677 744
4678 702
4679 714
4680 714
4681 714
4682 714
4683 756
4684 756
4685 714
4686 714
4687 756
4688 714
4689 714
4690 756
4691 840
4692 786
4693 798
4694 714
4695 714
4696 804
4697 714
4698 714
4699 714
4700 756
4701 744
4702 714
4703 714
4704 714
4705 714
4706 714
4707 714
4708 714
4709 756
4710 714
4711 714
4712 756
4713 714
4714 714
4715 756
4716 714
4717 756
4718 714
4719 714
4720 774
4721 714
4722 714
4723 714
4724 714
4725 714
4726 744
4727 756
4728 714
4729 798
4730 786
4731 714
4732 744
4733 714
4734 714
4735 756
4736 756
4737 756
4738 714
4739 756
4740 756
4741 798
4742 756
4743 756
4744 798
4745 774
4746 798
4747 786
4748 756
4749 786
4750 756
4751 756
4752 774
4753 756
4754 756
4755 798
4756 756
4757 702
4758 798
4759 756
4760 714
4761 714
4762 756
4763 756
4764 744
4765 714
4766 702
4767 756
4768 714
4769 714
4770 756
4771 714
4772 714
4773 714
4774 744
4775 756
4776 714
4777 714
4778 714
4779 714
4780 714
4781 756
4782 714
4783 828
4784 714
4785 756
4786 744
4787 828
4788 714
4789 714
4790 714
4791 714
4792 756
4793 714
4794 714
4795 714
4796 714
4797 756
4798 756
4799 756
4800 798
4801 714
4802 714
4803 756
4804 714
4805 714
4806 714
4807 714
4808 756
4809 714
4810 756
4811 702
4812 714
4813 798
4814 714
4815 714
4816 756
4817 714
4818 714
4819 714
4820 714
4821 714
4822 714
4823 714
4824 756
4825 714
4826 714
4827 714
4828 744
4829 714
4830 798
4831 714
4832 714
4833 756
4834 714
4835 756
4836 714
4837 714
4838 756
4839 714
4840 756
4841 714
4842 756
4843 756
4844 714
4845 714
4846 714
4847 744
4848 714
4849 714
4850 714
4851 756
4852 714
4853 756
4854 714
4855 714
4856 714
4857 714
4858 714
4859 756
4860 714
4861 714
4862 714
4863 756
4864 714
4865 756
4866 714
4867 756
4868 798
4869 756
4870 714
4871 714
4872 714
4873 798
4874 714
4875 714
4876 714
4877 702
4878 714
4879 714
4880 756
4881 714
4882 714
4883 714
4884 714
4885 714
4886 714
4887 714
4888 714
4889 714
4890 714
4891 714
4892 714
4893 714
4894 714
4895 714
4896 714
4897 714
4898 732
4899 714
4900 756
4901 798
4902 714
4903 714
4904 714
4905 756
4906 798
4907 756
4908 714
4909 714
4910 714
4911 714
4912 714
4913 786
4914 714
4915 756
4916 756
4917 756
4918 714
4919 756
4920 744
4921 756
4922 744
4923 714
4924 714
4925 714
4926 714
4927 714
4928 714
4929 714
4930 714
4931 756
4932 756
4933 714
4934 714
4935 714
4936 798
4937 714
4938 714
4939 714
4940 714
4941 714
4942 714
4943 756
4944 714
4945 714
4946 714
4947 756
4948 756
4949 714
4950 714
4951 714
4952 756
4953 714
4954 714
4955 714
4956 714
4957 714
4958 798
4959 756
4960 714
4961 756
4962 744
4963 714
4964 714
4965 714
4966 714
4967 714
4968 714
4969 756
4970 714
4971 756
4972 756
4973 714
4974 714
4975 714
4976 714
4977 798
4978 756
4979 798
4980 714
4981 672
4982 756
4983 714
4984 756
4985 756
4986 714
4987 756
4988 714
4989 714
4990 714
4991 714
4992 714
4993 714
4994 798
4995 756
4996 756
4997 756
4998 786
4999 714
5000 714
5001 756
5002 744
5003 756
5004 756
5005 756
5006 714
5007 714
5008 714
5009 756
5010 756
5011 714
5012 714
5013 714
5014 714
5015 714
5016 756
5017 714
5018 714
5019 714
5020 714
5021 714
5022 714
5023 798
5024 798
5025 714
5026 714
5027 714
5028 714
5029 714
5030 714
5031 714
5032 756
5033 756
5034 756
5035 714
5036 714
5037 756
5038 774
5039 786
5040 756
5041 714
5042 714
5043 714
5044 714
5045 756
5046 714
5047 756
5048 714
5049 714
5050 714
5051 756
5052 756
5053 714
5054 714
5055 798
5056 714
5057 744
5058 756
5059 714
5060 714
5061 756
5062 756
5063 756
5064 714
5065 756
5066 756
5067 714
5068 756
5069 756
5070 714
5071 756
5072 714
5073 714
5074 756
5075 714
5076 714
5077 744
5078 714
5079 756
5080 714
5081 756
5082 714
5083 714
5084 756
5085 756
5086 702
5087 714
5088 714
5089 756
5090 714
5091 756
5092 714
5093 756
5094 756
5095 756
5096 714
5097 714
5098 714
5099 714
5100 714
5101 714
5102 714
5103 714
5104 714
5105 714
5106 714
5107 714
5108 714
5109 714
5110 756
5111 714
5112 798
5113 756
5114 714
5115 798
5116 714
5117 756
5118 798
5119 714
5120 714
5121 714
5122 714
5123 714
5124 714
5125 714
5126 714
5127 756
5128 714
5129 714
5130 756
5131 714
5132 756
5133 714
5134 714
5135 714
5136 714
5137 714
5138 702
5139 756
5140 756
5141 756
5142 714
5143 714
5144 714
5145 714
5146 714
5147 714
5148 702
5149 714
5150 714
5151 714
5152 714
5153 714
5154 714
5155 714
5156 756
5157 714
5158 756
5159 714
5160 714
5161 714
5162 840
5163 714
5164 714
5165 756
5166 756
5167 714
5168 798
5169 714
5170 714
5171 714
5172 744
5173 714
5174 714
5175 714
5176 714
5177 798
5178 744
5179 714
5180 786
5181 714
5182 786
5183 714
5184 714
5185 714
5186 714
5187 756
5188 756
5189 714
5190 756
5191 756
5192 714
5193 756
5194 756
5195 756
5196 714
5197 786
5198 756
5199 714
5200 714
5201 714
5202 714
5203 756
5204 714
5205 714
5206 744
5207 714
5208 756
5209 714
5210 714
5211 756
5212 786
5213 756
5214 756
5215 714
5216 714
5217 714
5218 714
5219 756
5220 714
5221 714
5222 744
5223 714
5224 798
5225 744
5226 756
5227 714
5228 714
5229 714
5230 714
5231 756
5232 714
5233 756
5234 714
5235 714
5236 714
5237 786
5238 714
5239 744
5240 798
5241 744
5242 714
5243 714
5244 714
5245 714
Unexpected message received for job 1042930
5246 714
5247 714
5248 756
5249 714
5250 714
5251 744
5252 714
5253 786
5254 756
5255 756
Unexpected message received for job 1042930
5256 714
5257 798
5258 798
5259 756
5260 714
5261 756
5262 756
5263 714
5264 798
5265 756
5266 714
5267 714
5268 714
5269 714
5270 756
5271 756
5272 786
5273 714
5274 714
5275 756
5276 714
5277 714
5278 714
5279 786
5280 714
5281 714
5282 786
5283 714
5284 714
5285 714
5286 714
5287 714
5288 714
5289 714
5290 714
5291 714
5292 714
5293 714
5294 714
5295 756
5296 714
5297 714
5298 756
5299 714
5300 798
5301 714
5302 840
5303 756
5304 786
5305 756
5306 714
5307 756
5308 714
5309 756
5310 714
5311 756
5312 756
5313 714
5314 756
5315 756
5316 756
5317 714
5318 744
5319 756
5320 798
5321 714
5322 756
5323 756
5324 756
5325 714
5326 714
5327 714
5328 714
5329 714
5330 672
5331 798
5332 744
5333 714
5334 756
5335 714
5336 714
5337 714
5338 714
5339 714
5340 714
5341 756
5342 714
5343 714
5344 714
5345 714
5346 714
5347 756
5348 714
5349 714
5350 756
5351 714
5352 756
5353 756
5354 756
5355 714
5356 756
5357 714
5358 756
5359 714
5360 756
5361 756
5362 714
5363 744
5364 714
5365 756
5366 714
5367 714
5368 714
5369 798
5370 714
5371 714
5372 714
5373 756
5374 756
5375 756
5376 714
5377 714
5378 798
5379 714
5380 714
5381 714
5382 714
5383 756
5384 714
5385 744
5386 714
5387 756
5388 714
5389 714
5390 702
5391 714
5392 756
5393 714
5394 714
5395 714
5396 756
5397 756
5398 756
5399 714
5400 714
5401 714
5402 714
5403 798
5404 714
5405 714
5406 756
5407 756
5408 756
5409 756
5410 714
5411 744
5412 756
5413 714
5414 714
5415 714
5416 756
5417 714
5418 714
5419 756
5420 714
5421 744
5422 714
5423 714
5424 714
5425 714
5426 756
5427 714
5428 756
5429 744
5430 714
5431 756
5432 732
5433 714
5434 756
5435 756
5436 714
5437 756
5438 756
5439 756
5440 744
5441 756
5442 714
5443 744
5444 702
5445 756
5446 714
5447 714
5448 714
5449 714
5450 714
5451 756
5452 798
5453 714
5454 714
5455 756
5456 756
5457 756
5458 714
5459 744
5460 756
5461 756
5462 714
5463 756
5464 744
5465 756
5466 756
5467 714
5468 756
5469 840
5470 714
5471 756
5472 714
5473 690
5474 756
5475 714
5476 756
5477 756
5478 798
5479 714
5480 714
5481 714
5482 756
5483 714
5484 816
5485 714
5486 756
5487 714
5488 714
5489 714
5490 714
5491 840
5492 756
5493 756
5494 744
5495 756
5496 756
5497 756
5498 714
5499 744
5500 714
5501 714
5502 714
5503 798
5504 714
5505 714
5506 714
5507 714
5508 756
5509 756
5510 756
5511 714
5512 756
5513 714
5514 756
5515 714
5516 744
5517 714
5518 756
5519 744
5520 714
5521 756
5522 714
5523 756
5524 714
5525 732
5526 756
5527 714
5528 744
5529 756
5530 714
5531 714
5532 756
5533 714
5534 714
5535 798
5536 714
5537 714
5538 798
5539 756
5540 714
5541 714
5542 714
5543 714
5544 714
5545 756
5546 714
5547 714
5548 714
5549 714
5550 714
5551 798
5552 714
5553 714
5554 798
5555 714
5556 756
5557 714
5558 714
5559 756
5560 756
5561 714
5562 756
5563 798
5564 714
5565 714
5566 756
5567 786
5568 714
5569 714
5570 702
5571 714
5572 714
5573 756
5574 714
5575 714
5576 714
5577 672
5578 756
5579 714
5580 756
5581 714
5582 756
5583 714
5584 714
5585 714
5586 714
5587 756
5588 714
5589 756
5590 714
5591 756
5592 714
5593 714
5594 714
5595 798
5596 714
5597 756
5598 672
5599 714
5600 756
5601 798
5602 732
5603 714
5604 714
5605 798
5606 714
5607 756
5608 672
5609 714
5610 714
5611 714
5612 714
5613 714
5614 672
5615 774
5616 732
5617 744
5618 732
5619 732
5620 732
5621 744
5622 732
5623 732
5624 774
5625 774
5626 756
5627 786
5628 816
5629 744
5630 714
5631 744
5632 732
5633 732
5634 732
5635 714
5636 714
5637 714
5638 714
5639 714
5640 756
5641 714
5642 744
5643 756
5644 714
5645 714
5646 714
5647 714
5648 714
5649 756
5650 714
5651 714
5652 672
5653 714
5654 714
5655 714
5656 714
5657 714
5658 714
5659 714
5660 714
5661 756
5662 756
5663 690
5664 714
5665 756
5666 714
5667 798
5668 840
5669 714
5670 756
5671 756
5672 816
5673 714
5674 798
5675 756
5676 714
5677 756
5678 714
5679 732
5680 714
5681 714
5682 756
5683 858
5684 756
5685 714
5686 714
5687 714
5688 714
5689 714
5690 714
5691 714
5692 774
5693 756
5694 798
5695 774
5696 714
5697 714
5698 732
5699 756
5700 702
5701 720
5702 714
5703 756
5704 756
5705 714
5706 702
5707 714
5708 798
5709 756
5710 714
5711 714
5712 756
5713 714
5714 714
5715 714
5716 714
5717 798
5718 714
5719 756
5720 798
5721 714
5722 756
5723 714
5724 714
5725 756
5726 756
5727 714
5728 714
5729 690
5730 714
5731 714
5732 744
5733 756
5734 714
5735 714
5736 828
5737 714
5738 714
5739 714
5740 756
5741 714
5742 714
5743 714
5744 714
5745 714
5746 756
5747 714
5748 672
5749 756
5750 714
5751 714
5752 756
5753 714
5754 714
5755 714
5756 786
5757 714
5758 798
5759 714
5760 744
5761 714
5762 756
5763 756
5764 756
5765 714
5766 714
5767 714
5768 756
5769 714
5770 714
5771 714
5772 756
5773 756
5774 714
5775 714
5776 714
5777 756
5778 786
5779 714
5780 756
5781 714
5782 714
5783 714
5784 714
5785 714
5786 756
5787 756
5788 714
5789 714
5790 756
5791 714
5792 714
5793 714
5794 756
5795 714
5796 714
5797 714
5798 714
5799 714
5800 756
5801 756
5802 798
5803 714
5804 756
5805 714
5806 714
5807 756
5808 714
5809 714
5810 714
5811 714
5812 714
5813 756
5814 756
5815 756
5816 714
5817 786
5818 714
5819 756
5820 756
5821 714
5822 756
5823 756
5824 756
5825 714
5826 714
5827 714
5828 756
5829 714
5830 714
5831 744
5832 714
5833 714
5834 756
5835 714
5836 714
5837 714
5838 714
5839 756
5840 714
5841 714
5842 756
5843 714
5844 714
5845 756
5846 714
5847 756
5848 744
5849 756
5850 714
5851 714
5852 714
5853 756
5854 744
5855 756
5856 714
5857 714
5858 756
5859 714
5860 714
5861 714
5862 756
5863 714
5864 714
5865 714
5866 756
5867 714
5868 714
5869 756
5870 774
5871 714
5872 714
5873 714
5874 714
5875 744
5876 714
5877 714
5878 798
5879 714
5880 756
5881 714
5882 672
5883 714
5884 714
5885 714
5886 798
5887 756
5888 714
5889 756
5890 756
5891 714
5892 714
5893 756
5894 714
5895 714
5896 714
5897 756
5898 744
5899 756
5900 702
5901 744
5902 714
5903 714
5904 744
5905 756
5906 714
5907 714
5908 714
5909 714
5910 714
5911 756
5912 714
5913 798
5914 714
5915 714
5916 714
5917 756
5918 714
5919 714
5920 714
5921 714
5922 714
5923 714
5924 714
5925 714
5926 744
5927 714
5928 744
5929 756
5930 744
5931 756
5932 756
5933 786
5934 756
5935 714
5936 714
5937 714
5938 714
5939 714
5940 798
5941 714
5942 714
5943 714
5944 756
5945 714
5946 756
5947 714
5948 756
5949 714
5950 714
5951 714
5952 714
5953 714
5954 756
5955 714
5956 714
5957 714
5958 756
5959 714
5960 714
5961 714
5962 714
5963 702
5964 714
5965 714
5966 756
5967 714
5968 714
5969 756
5970 714
5971 756
5972 756
5973 714
5974 828
5975 798
5976 714
5977 756
5978 756
5979 714
5980 714
5981 744
5982 756
5983 714
5984 714
5985 756
5986 714
5987 714
5988 756
5989 714
5990 756
5991 714
5992 714
5993 714
5994 714
5995 690
5996 744
5997 756
5998 714
5999 756
6000 714
6001 714
6002 756
6003 714
6004 714
6005 714
6006 732
6007 714
6008 756
6009 714
6010 714
6011 714
6012 714
6013 714
6014 714
6015 786
6016 774
6017 714
6018 714
6019 714
6020 714
6021 714
6022 714
6023 714
6024 714
6025 756
6026 756
6027 720
6028 702
6029 714
6030 756
6031 744
6032 714
6033 798
6034 714
6035 798
6036 714
6037 756
6038 714
6039 756
6040 714
6041 744
6042 756
6043 714
6044 756
6045 714
6046 756
6047 744
6048 714
6049 714
6050 756
6051 798
6052 714
6053 756
6054 714
6055 714
6056 756
6057 714
6058 744
6059 714
6060 756
6061 714
6062 756
6063 714
6064 756
6065 714
6066 714
6067 756
6068 756
6069 714
6070 714
6071 798
6072 714
6073 756
6074 714
6075 714
6076 714
6077 756
6078 744
6079 786
6080 714
6081 702
6082 714
6083 798
6084 756
6085 714
6086 798
6087 714
6088 756
6089 714
6090 714
6091 672
6092 714
6093 756
6094 798
6095 714
6096 690
6097 672
6098 714
6099 672
6100 672
6101 756
6102 672
6103 714
6104 714
6105 672
6106 714
6107 714
6108 714
6109 714
6110 798
6111 774
6112 714
6113 714
6114 714
6115 774
6116 714
6117 714
6118 798
6119 714
6120 756
6121 714
6122 756
6123 714
6124 756
6125 714
6126 714
6127 714
6128 714
6129 714
6130 714
6131 690
6132 732
6133 714
6134 714
6135 714
6136 672
6137 840
6138 672
6139 672
6140 672
6141 672
6142 672
6143 714
6144 672
6145 744
6146 798
6147 672
6148 840
6149 714
6150 714
6151 714
6152 714
6153 756
6154 900
6155 714
6156 756
6157 798
6158 714
6159 714
6160 714
6161 714
6162 714
6163 714
6164 756
6165 714
6166 756
6167 714
6168 714
6169 756
6170 786
6171 756
6172 714
6173 732
6174 714
6175 744
6176 714
6177 714
6178 714
6179 714
6180 714
6181 714
6182 714
6183 690
6184 714
6185 702
6186 714
6187 714
6188 714
6189 774
6190 714
6191 714
6192 756
6193 714
6194 714
6195 714
6196 714
6197 714
6198 714
6199 714
6200 714
6201 714
6202 756
6203 798
6204 756
6205 714
6206 798
6207 756
6208 756
6209 774
6210 756
6211 756
6212 756
6213 798
6214 756
6215 756
6216 816
6217 690
6218 906
6219 756
6220 798
6221 756
6222 840
6223 732
6224 702
6225 756
6226 732
6227 720
6228 732
6229 756
6230 774
6231 756
6232 798
6233 714
6234 732
6235 732
6236 732
6237 720
6238 732
6239 720
6240 732
6241 732
6242 804
6243 774
6244 756
6245 690
6246 744
6247 744
6248 786
6249 804
6250 786
6251 744
6252 744
6253 744
6254 846
6255 756
6256 744
6257 786
6258 744
6259 744
6260 786
6261 744
6262 828
6263 744
6264 762
6265 744
6266 744
6267 774
6268 756
6269 756
6270 756
6271 786
6272 756
6273 756
6274 798
6275 756
6276 786
6277 756
6278 786
6279 756
6280 756
6281 702
6282 756
6283 876
6284 756
6285 756
6286 756
6287 756
6288 774
6289 744
6290 774
6291 756
6292 756
6293 756
6294 804
6295 756
6296 762
6297 816
6298 816
6299 804
6300 816
6301 714
6302 702
6303 816
6304 786
6305 786
6306 756
6307 786
6308 744
6309 786
6310 786
6311 786
6312 786
6313 744
6314 786
6315 702
6316 702
6317 744
6318 744
6319 828
6320 786
6321 744
6322 744
6323 858
6324 816
6325 816
6326 816
6327 702
6328 756
6329 816
6330 840
6331 828
6332 804
6333 816
6334 816
6335 804
6336 846
6337 786
6338 786
6339 672
6340 672
6341 732
6342 672
6343 672
6344 672
6345 756
6346 714
6347 672
6348 714
6349 798
6350 672
6351 672
6352 672
6353 744
6354 714
6355 672
6356 714
6357 672
6358 672
6359 702
6360 672
6361 672
6362 840
6363 672
6364 714
6365 672
6366 714
6367 714
6368 672
6369 702
6370 714
6371 672
6372 714
6373 714
6374 714
6375 714
6376 714
6377 756
6378 798
6379 714
6380 714
6381 714
6382 714
6383 714
6384 714
6385 714
6386 756
6387 882
6388 714
6389 714
6390 714
6391 714
6392 756
6393 756
6394 756
6395 756
6396 672
6397 798
6398 714
6399 660
6400 714
6401 798
6402 846
6403 756
6404 714
6405 672
6406 756
6407 714
6408 672
6409 756
6410 672
6411 672
6412 672
6413 714
6414 672
6415 690
6416 672
6417 714
6418 714
6419 756
6420 714
6421 672
6422 714
6423 798
6424 672
6425 714
6426 672
6427 672
6428 714
6429 672
6430 672
6431 756
6432 672
6433 798
6434 714
6435 732
6436 714
6437 756
6438 714
6439 756
6440 744
6441 714
6442 756
6443 786
6444 756
6445 756
6446 732
6447 714
6448 756
6449 798
6450 732
6451 756
6452 714
6453 798
6454 714
6455 744
6456 714
6457 714
6458 798
6459 714
6460 804
6461 714
6462 714
6463 714
6464 798
6465 756
6466 714
6467 756
6468 714
6469 756
6470 714
6471 756
6472 714
6473 714
6474 714
6475 714
6476 714
6477 714
6478 714
6479 714
6480 714
6481 714
6482 702
6483 756
6484 714
6485 774
6486 714
6487 714
6488 774
6489 714
6490 756
6491 714
6492 732
6493 714
6494 756
6495 714
6496 714
6497 756
6498 714
6499 702
6500 714
6501 840
6502 756
6503 756
6504 714
6505 714
6506 714
6507 714
6508 714
6509 714
6510 714
6511 756
6512 714
6513 714
6514 714
6515 714
6516 714
6517 714
6518 714
6519 714
6520 714
6521 756
6522 714
6523 714
6524 714
6525 756
6526 756
6527 756
6528 756
6529 756
6530 756
6531 756
6532 714
6533 816
6534 840
6535 756
6536 756
6537 714
6538 714
6539 756
6540 756
6541 774
6542 714
6543 756
6544 714
6545 714
6546 714
6547 714
6548 756
6549 714
6550 714
6551 714
6552 714
6553 756
6554 714
6555 714
6556 714
6557 714
6558 714
6559 798
6560 840
6561 702
6562 756
6563 756
6564 756
6565 714
6566 756
6567 714
6568 714
6569 714
6570 714
6571 714
6572 774
6573 714
6574 774
6575 774
6576 714
6577 756
6578 714
6579 714
6580 714
6581 714
6582 798
6583 714
6584 816
6585 756
6586 798
6587 756
6588 714
6589 714
6590 756
6591 714
6592 714
6593 798
6594 756
6595 756
6596 714
6597 714
6598 714
6599 756
6600 714
6601 714
6602 744
6603 714
6604 714
6605 714
6606 714
6607 714
6608 714
6609 714
6610 714
6611 732
6612 714
6613 774
6614 714
6615 756
6616 714
6617 714
6618 714
6619 774
6620 714
6621 930
6622 714
6623 762
6624 732
6625 756
6626 714
6627 714
6628 714
6629 744
6630 756
6631 714
6632 756
6633 714
6634 714
6635 714
6636 714
6637 714
6638 714
6639 714
6640 714
6641 714
6642 756
6643 714
6644 756
6645 714
6646 714
6647 756
6648 714
6649 714
6650 714
6651 714
6652 714
6653 714
6654 714
6655 756
6656 756
6657 714
6658 714
6659 714
6660 732
6661 732
6662 732
6663 732
6664 732
6665 714
6666 756
6667 714
6668 714
6669 714
6670 756
6671 732
6672 714
6673 756
6674 714
6675 714
6676 756
6677 714
6678 744
6679 714
6680 714
6681 714
6682 732
6683 756
6684 744
6685 756
6686 714
6687 714
6688 774
6689 714
6690 714
6691 816
6692 756
6693 714
6694 714
6695 714
6696 798
6697 756
6698 714
6699 732
6700 714
6701 672
6702 714
6703 714
6704 714
6705 756
6706 714
6707 714
6708 714
6709 732
6710 756
6711 756
6712 732
6713 732
6714 732
6715 732
6716 714
6717 714
6718 774
6719 714
6720 756
6721 672
6722 714
6723 714
6724 756
6725 714
6726 714
6727 732
6728 714
6729 756
6730 714
6731 714
6732 702
6733 714
6734 714
6735 756
6736 714
6737 714
6738 756
6739 714
6740 756
6741 732
6742 714
6743 756
6744 714
6745 714
6746 816
6747 756
6748 774
6749 756
6750 756
6751 714
6752 714
6753 756
6754 672
6755 714
6756 714
6757 714
6758 756
6759 756
6760 756
6761 756
6762 756
6763 756
6764 756
6765 756
6766 798
6767 798
6768 756
6769 702
6770 756
6771 756
6772 714
6773 798
6774 756
6775 756
6776 756
6777 714
6778 756
6779 756
6780 714
6781 756
6782 756
6783 756
6784 714
6785 714
6786 714
6787 714
6788 714
6789 714
6790 714
6791 714
6792 714
6793 714
6794 756
6795 714
6796 714
6797 756
6798 714
6799 756
6800 756
6801 714
6802 756
6803 714
6804 714
6805 714
6806 714
6807 714
6808 756
6809 714
6810 744
6811 732
6812 714
6813 714
6814 798
6815 714
6816 756
6817 714
6818 756
6819 756
6820 714
6821 714
6822 756
6823 714
6824 756
6825 756
6826 714
6827 714
6828 714
6829 714
6830 756
6831 714
6832 714
6833 756
6834 714
6835 714
6836 756
6837 756
6838 714
6839 714
6840 714
6841 714
6842 714
6843 714
6844 714
6845 714
6846 714
6847 714
6848 798
6849 756
6850 714
6851 756
6852 714
6853 756
6854 732
6855 714
6856 714
6857 756
6858 714
6859 714
6860 714
6861 714
6862 714
6863 672
6864 714
6865 756
6866 756
6867 714
6868 840
6869 714
6870 714
6871 714
6872 714
6873 744
6874 714
6875 714
6876 714
6877 714
6878 714
6879 798
6880 714
6881 714
6882 714
6883 714
6884 720
6885 756
6886 756
6887 714
6888 714
6889 714
6890 798
6891 714
6892 714
6893 672
6894 714
6895 714
6896 714
6897 714
6898 774
6899 714
6900 714
6901 714
6902 798
6903 714
6904 714
6905 714
6906 714
6907 756
6908 714
6909 714
6910 714
6911 714
6912 714
6913 756
6914 714
6915 756
6916 714
6917 714
6918 732
6919 756
6920 756
6921 702
6922 714
6923 714
6924 756
6925 756
6926 714
6927 714
6928 702
6929 714
6930 756
6931 732
6932 714
6933 732
6934 756
6935 714
6936 756
6937 714
6938 714
6939 714
6940 714
6941 714
6942 756
6943 714
6944 714
6945 714
6946 714
6947 714
6948 714
6949 798
6950 714
6951 744
6952 714
6953 714
6954 816
6955 714
6956 756
6957 714
6958 756
6959 714
6960 756
6961 714
6962 714
6963 714
6964 714
6965 756
6966 714
6967 756
6968 714
6969 714
6970 714
6971 714
6972 714
6973 714
6974 714
6975 714
6976 714
6977 714
6978 714
6979 714
6980 714
6981 714
6982 714
6983 756
6984 714
6985 714
6986 714
6987 714
6988 714
6989 714
6990 714
6991 714
6992 786
6993 714
6994 756
6995 672
6996 714
6997 744
6998 756
6999 714
7000 714
7001 714
7002 714
7003 714
7004 744
7005 756
7006 714
7007 714
7008 714
7009 714
7010 714
7011 714
7012 714
7013 714
7014 714
7015 714
7016 714
7017 714
7018 714
7019 714
7020 714
7021 714
7022 714
7023 714
7024 732
7025 714
7026 756
7027 714
7028 714
7029 714
7030 756
7031 714
7032 714
7033 756
7034 714
7035 714
7036 756
7037 714
7038 714
7039 714
7040 714
7041 690
7042 714
7043 714
7044 714
7045 714
7046 714
7047 756
7048 714
7049 756
7050 714
7051 714
7052 714
7053 714
7054 714
7055 798
7056 798
7057 756
7058 714
7059 756
7060 714
7061 714
7062 714
7063 714
7064 756
7065 714
7066 756
7067 714
7068 714
7069 798
7070 756
7071 756
7072 714
7073 702
7074 756
7075 714
7076 714
7077 714
7078 714
7079 714
7080 714
7081 714
7082 714
7083 756
7084 714
7085 714
7086 714
7087 714
7088 714
7089 714
7090 756
7091 690
7092 756
7093 714
7094 756
7095 714
7096 714
7097 714
7098 714
7099 714
7100 756
7101 714
7102 756
7103 756
7104 714
7105 672
7106 714
7107 756
7108 714
7109 756
7110 714
7111 672
7112 714
7113 756
7114 714
7115 714
7116 714
7117 714
7118 732
7119 714
7120 672
7121 798
7122 756
7123 714
7124 774
7125 714
7126 714
7127 714
7128 732
7129 714
7130 786
7131 714
7132 732
7133 798
7134 714
7135 756
7136 714
7137 714
7138 774
7139 732
7140 714
7141 732
7142 714
7143 714
7144 714
7145 714
7146 714
7147 714
7148 756
7149 714
7150 756
7151 714
7152 714
7153 756
7154 756
7155 774
7156 714
7157 702
7158 672
7159 798
7160 714
7161 774
7162 732
7163 714
7164 672
7165 714
7166 714
7167 714
7168 756
7169 774
7170 732
7171 756
7172 756
7173 714
7174 756
7175 714
7176 714
7177 756
7178 714
7179 714
7180 714
7181 714
7182 714
7183 714
7184 714
7185 756
7186 714
7187 714
7188 714
7189 756
7190 714
7191 714
7192 714
7193 714
7194 714
7195 714
7196 714
7197 714
7198 714
7199 714
7200 714
7201 756
7202 714
7203 756
7204 756
7205 714
7206 714
7207 714
7208 714
7209 756
7210 714
7211 702
7212 714
7213 714
7214 714
7215 714
7216 714
7217 714
7218 756
7219 714
7220 714
7221 672
7222 714
7223 714
7224 714
7225 756
7226 714
7227 714
7228 714
7229 714
7230 714
7231 714
7232 714
7233 714
7234 672
7235 714
7236 672
7237 672
7238 672
7239 672
7240 672
7241 714
7242 672
7243 756
7244 672
7245 744
7246 672
7247 672
7248 714
7249 672
7250 672
7251 714
7252 714
7253 672
7254 714
7255 714
7256 714
7257 798
7258 672
7259 756
7260 672
7261 672
7262 714
7263 672
7264 672
7265 672
7266 672
7267 672
7268 672
7269 714
7270 714
7271 672
7272 672
7273 672
7274 714
7275 672
7276 672
7277 714
7278 672
7279 672
7280 798
7281 672
7282 672
7283 672
7284 672
7285 672
7286 756
7287 672
7288 756
7289 714
7290 714
7291 714
7292 714
7293 756
7294 786
7295 714
7296 798
7297 672
7298 672
7299 756
7300 672
7301 672
7302 714
7303 714
7304 714
7305 798
7306 714
7307 756
7308 714
7309 756
7310 714
7311 714
7312 714
7313 756
7314 798
7315 714
7316 714
7317 756
7318 714
7319 714
7320 714
7321 714
7322 756
7323 714
7324 702
7325 798
7326 756
7327 756
7328 714
7329 714
7330 756
7331 714
7332 714
7333 714
7334 714
7335 714
7336 744
7337 714
7338 714
7339 714
7340 756
7341 714
7342 714
7343 798
7344 714
7345 702
7346 714
7347 714
7348 714
7349 714
7350 714
7351 714
7352 798
7353 756
7354 714
7355 714
7356 756
7357 714
7358 714
7359 714
7360 744
7361 756
7362 756
7363 714
7364 756
7365 714
7366 714
7367 756
7368 756
7369 714
7370 714
7371 756
7372 756
7373 714
7374 714
7375 714
7376 714
7377 714
7378 756
7379 714
7380 714
7381 714
7382 714
7383 714
7384 714
7385 672
7386 714
7387 744
7388 714
7389 714
7390 798
7391 714
7392 714
7393 714
7394 714
7395 714
7396 714
7397 714
7398 714
7399 714
7400 756
7401 774
7402 714
7403 714
7404 714
7405 714
7406 756
7407 714
7408 714
7409 714
7410 756
7411 756
7412 744
7413 714
7414 714
7415 714
7416 714
7417 756
7418 714
7419 714
7420 714
7421 714
7422 756
7423 714
7424 714
7425 756
7426 714
7427 714
7428 714
7429 714
7430 756
7431 714
7432 714
7433 714
7434 714
7435 714
7436 714
7437 714
7438 798
7439 798
7440 714
7441 714
7442 714
7443 672
7444 798
7445 714
7446 714
7447 744
7448 714
7449 756
7450 756
7451 714
7452 756
7453 714
Unexpected message received for job 1042930
7454 798
7455 714
7456 714
7457 714
7458 714
7459 714
7460 714
7461 714
7462 714
7463 714
Unexpected message received for job 1042930
7464 714
7465 714
7466 714
7467 756
7468 756
7469 714
7470 714
7471 756
7472 714
7473 714
7474 714
7475 714
7476 756
7477 756
7478 714
7479 756
7480 714
7481 756
7482 714
7483 756
7484 714
7485 714
7486 714
7487 714
7488 714
7489 714
7490 714
7491 714
7492 714
7493 714
7494 714
7495 714
7496 714
7497 714
7498 714
7499 756
7500 714
7501 714
7502 744
7503 714
7504 714
7505 714
7506 714
7507 714
7508 756
7509 840
7510 756
7511 714
7512 714
7513 672
7514 714
7515 714
7516 798
7517 714
7518 756
7519 714
7520 714
7521 714
7522 714
7523 714
7524 756
7525 798
7526 714
7527 714
7528 714
7529 714
7530 714
7531 714
7532 756
7533 714
7534 714
7535 714
7536 714
7537 756
7538 798
7539 714
7540 756
7541 756
7542 702
7543 714
7544 714
7545 714
7546 714
7547 714
7548 714
7549 798
7550 756
7551 714
7552 714
7553 714
7554 714
7555 756
7556 714
7557 672
7558 756
7559 714
7560 756
7561 714
7562 702
7563 714
7564 714
7565 756
7566 744
7567 756
7568 714
7569 714
7570 714
7571 714
7572 756
7573 798
7574 714
7575 756
7576 786
7577 714
7578 714
7579 714
7580 714
7581 714
7582 714
7583 714
7584 756
7585 714
7586 702
7587 714
7588 714
7589 756
7590 714
7591 756
7592 714
7593 714
7594 714
7595 714
7596 714
7597 714
7598 714
7599 714
7600 714
7601 714
7602 714
7603 756
7604 714
7605 714
7606 714
7607 714
7608 756
7609 714
7610 702
7611 798
7612 714
7613 714
7614 756
7615 714
7616 756
7617 756
7618 672
7619 756
7620 714
7621 756
7622 714
7623 756
7624 756
7625 714
7626 744
7627 714
7628 714
7629 714
7630 714
7631 756
7632 714
7633 714
7634 714
7635 714
7636 630
7637 756
7638 756
7639 714
7640 714
7641 714
7642 714
7643 714
7644 714
7645 714
7646 714
7647 714
7648 630
7649 714
7650 756
7651 714
7652 714
7653 702
7654 714
7655 714
7656 714
7657 714
7658 714
7659 756
7660 756
7661 714
7662 714
7663 714
7664 714
7665 714
7666 714
7667 798
7668 756
7669 714
7670 786
7671 714
7672 756
7673 756
7674 714
7675 714
7676 714
7677 744
7678 732
7679 714
7680 714
7681 714
7682 756
7683 744
7684 756
7685 714
7686 714
7687 714
7688 714
7689 756
7690 828
7691 744
7692 798
7693 756
7694 756
7695 714
7696 714
7697 756
7698 714
7699 714
7700 756
7701 756
7702 756
7703 732
7704 714
7705 756
7706 714
7707 756
7708 714
7709 714
7710 756
7711 756
7712 714
7713 756
7714 732
7715 714
7716 714
7717 714
7718 714
7719 744
7720 714
7721 672
7722 714
7723 756
7724 756
7725 714
7726 756
7727 786
7728 714
7729 714
7730 798
7731 714
7732 714
7733 732
7734 714
7735 714
7736 714
7737 714
7738 714
7739 714
7740 714
7741 714
7742 714
7743 756
7744 756
7745 756
7746 714
7747 756
7748 756
7749 756
7750 756
7751 816
7752 756
7753 756
7754 756
7755 786
7756 756
7757 756
7758 798
7759 798
7760 732
7761 756
7762 786
7763 756
7764 756
7765 714
7766 798
7767 756
7768 714
7769 744
7770 756
7771 798
7772 756
7773 714
7774 744
7775 786
7776 798
7777 756
7778 798
7779 798
7780 714
7781 816
7782 756
7783 756
7784 756
7785 756
7786 756
7787 744
7788 756
7789 756
7790 756
7791 756
7792 744
7793 756
7794 798
7795 756
7796 828
7797 798
7798 756
7799 756
7800 756
7801 756
7802 786
7803 744
7804 756
7805 840
7806 756
7807 756
7808 798
7809 714
7810 714
7811 714
7812 714
7813 756
7814 714
7815 798
7816 714
7817 714
7818 732
7819 744
7820 798
7821 744
7822 732
7823 714
7824 714
7825 756
7826 714
7827 798
7828 798
7829 714
7830 714
7831 714
7832 732
7833 774
7834 714
7835 714
7836 840
7837 714
7838 714
7839 714
7840 714
7841 756
7842 714
7843 798
7844 756
7845 756
7846 714
7847 714
7848 714
7849 798
7850 774
7851 714
7852 798
7853 690
7854 714
7855 732
7856 756
7857 744
7858 744
7859 744
7860 732
7861 732
7862 732
7863 714
7864 744
7865 732
7866 756
7867 756
7868 732
7869 732
7870 732
7871 756
7872 840
7873 732
7874 732
7875 798
7876 816
7877 732
7878 732
7879 744
7880 756
7881 720
7882 756
7883 732
7884 732
7885 732
7886 732
7887 798
7888 756
7889 732
7890 714
7891 798
7892 756
7893 732
7894 732
7895 732
7896 732
7897 816
7898 756
7899 714
7900 714
7901 756
7902 756
7903 756
7904 756
7905 714
7906 798
7907 756
7908 756
7909 756
7910 798
7911 756
7912 798
7913 756
7914 756
7915 756
7916 756
7917 714
7918 756
7919 798
7920 714
7921 756
7922 756
7923 774
7924 756
7925 756
7926 732
7927 756
7928 774
7929 756
7930 756
7931 756
7932 900
7933 756
7934 774
7935 672
7936 756
7937 756
7938 798
7939 756
7940 732
7941 756
7942 756
7943 732
7944 798
7945 714
7946 714
7947 756
7948 774
7949 714
7950 714
7951 714
7952 714
7953 756
7954 714
7955 756
7956 714
7957 714
7958 756
7959 714
7960 714
7961 714
7962 714
7963 714
7964 714
7965 714
7966 714
7967 714
7968 756
7969 714
7970 798
7971 714
7972 714
7973 756
7974 714
7975 714
7976 714
7977 714
7978 714
7979 714
7980 714
7981 798
7982 714
7983 714
7984 756
7985 714
7986 714
7987 756
7988 714
7989 774
7990 714
7991 756
7992 816
7993 714
7994 714
7995 774
7996 714
7997 714
7998 732
7999 798
8000 732
8001 714
8002 756
8003 756
8004 714
8005 756
8006 756
8007 756
8008 714
8009 714
8010 714
8011 714
8012 756
8013 714
8014 714
8015 774
8016 714
8017 756
8018 714
8019 714
8020 756
8021 756
8022 714
8023 714
8024 732
8025 732
8026 744
8027 714
8028 714
8029 714
8030 714
8031 714
8032 774
8033 756
8034 732
8035 732
8036 756
8037 732
8038 732
8039 756
8040 714
8041 714
8042 690
8043 756
8044 756
8045 756
8046 756
8047 798
8048 672
8049 756
8050 756
8051 714
8052 774
8053 816
8054 798
8055 756
8056 756
8057 756
8058 714
8059 756
8060 756
8061 756
8062 756
8063 756
8064 756
8065 756
8066 774
8067 756
8068 732
8069 714
8070 756
8071 756
8072 756
8073 756
8074 798
8075 756
8076 732
8077 756
8078 756
8079 756
8080 756
8081 756
8082 756
8083 756
8084 714
8085 756
8086 756
8087 756
8088 756
8089 798
8090 756
8091 756
8092 756
8093 798
8094 798
8095 798
8096 756
8097 756
8098 756
8099 672
8100 756
8101 756
8102 756
8103 756
8104 690
8105 798
8106 756
8107 756
8108 756
8109 756
8110 756
8111 756
8112 714
8113 798
8114 774
8115 756
8116 756
8117 732
8118 798
8119 756
8120 714
8121 798
8122 798
8123 756
8124 798
8125 804
8126 732
8127 756
8128 732
8129 756
8130 756
8131 756
8132 756
8133 756
8134 756
8135 744
8136 756
8137 756
8138 756
8139 756
8140 756
8141 732
8142 798
8143 798
8144 756
8145 756
8146 798
8147 672
8148 756
8149 756
8150 756
8151 774
8152 798
8153 756
8154 756
8155 756
8156 732
8157 732
8158 714
8159 798
8160 756
8161 756
8162 756
8163 756
8164 756
8165 756
8166 732
8167 756
8168 732
8169 714
8170 756
8171 702
8172 756
8173 756
8174 798
8175 756
8176 798
8177 756
8178 756
8179 756
8180 756
8181 756
8182 744
8183 798
8184 756
8185 798
8186 720
8187 756
8188 702
8189 756
8190 756
8191 774
8192 714
8193 756
8194 744
8195 798
8196 798
8197 756
8198 756
8199 756
8200 798
8201 756
8202 756
8203 798
8204 798
8205 714
8206 756
8207 714
8208 798
8209 756
8210 702
8211 756
8212 756
8213 756
8214 756
8215 744
8216 672
8217 798
8218 756
8219 690
8220 756
8221 756
8222 756
8223 798
8224 756
8225 756
8226 798
8227 756
8228 756
8229 756
8230 714
8231 756
8232 756
8233 714
8234 702
8235 714
8236 714
8237 714
8238 714
8239 714
8240 714
8241 714
8242 744
8243 756
8244 714
8245 714
8246 714
8247 714
8248 732
8249 714
8250 756
8251 714
8252 714
8253 732
8254 756
8255 756
8256 798
8257 714
8258 714
8259 756
8260 714
8261 714
8262 840
8263 756
8264 714
8265 714
8266 714
8267 756
8268 744
8269 870
8270 714
8271 714
8272 714
8273 714
8274 714
8275 714
8276 756
8277 714
8278 714
8279 714
8280 714
8281 756
8282 732
8283 714
8284 714
8285 714
8286 714
8287 714
8288 714
8289 756
8290 714
8291 756
8292 714
8293 714
8294 756
8295 756
8296 714
8297 714
8298 714
8299 714
8300 714
8301 714
8302 714
8303 798
8304 756
8305 744
8306 756
8307 714
8308 714
8309 732
8310 756
8311 714
8312 756
8313 714
8314 714
8315 756
8316 714
8317 714
8318 774
8319 714
8320 756
8321 672
8322 714
8323 714
8324 714
8325 714
8326 756
8327 714
8328 714
8329 756
8330 714
8331 714
8332 798
8333 714
8334 714
8335 714
8336 714
8337 732
8338 714
8339 714
8340 714
8341 714
8342 744
8343 714
8344 714
8345 714
8346 714
8347 714
8348 756
8349 714
8350 714
8351 804
8352 732
8353 756
8354 714
8355 714
8356 714
8357 702
8358 714
8359 714
8360 714
8361 690
8362 756
8363 714
8364 756
8365 714
8366 732
8367 756
8368 714
8369 756
8370 714
8371 714
8372 756
8373 714
8374 714
8375 714
8376 714
8377 714
8378 714
8379 702
8380 714
8381 756
8382 714
8383 714
8384 714
8385 798
8386 714
8387 714
8388 798
8389 714
8390 714
8391 714
8392 714
8393 756
8394 714
8395 714
8396 714
8397 714
8398 714
8399 714
8400 714
8401 756
8402 744
8403 714
8404 714
8405 756
8406 756
8407 714
8408 756
8409 714
8410 714
8411 714
8412 774
8413 756
8414 714
8415 732
8416 756
8417 828
8418 756
8419 714
8420 798
8421 756
8422 714
8423 744
8424 756
8425 714
8426 714
8427 756
8428 714
8429 714
8430 714
8431 714
8432 756
8433 714
8434 756
8435 714
8436 672
8437 714
8438 672
8439 714
8440 714
8441 756
8442 756
8443 756
8444 798
8445 756
8446 756
8447 672
8448 756
8449 756
8450 714
8451 798
8452 714
8453 714
8454 756
8455 672
8456 714
8457 714
8458 714
8459 756
8460 714
8461 714
8462 714
8463 714
8464 798
8465 714
8466 756
8467 714
8468 756
8469 714
8470 756
8471 714
8472 714
8473 672
8474 714
8475 714
8476 714
8477 714
8478 714
8479 714
8480 714
8481 672
8482 756
8483 714
8484 714
8485 714
8486 714
8487 672
8488 714
8489 672
8490 672
8491 672
8492 756
8493 672
8494 756
8495 672
8496 672
8497 714
8498 672
8499 660
8500 702
8501 672
8502 714
8503 672
8504 714
8505 756
8506 672
8507 672
8508 714
8509 714
8510 714
8511 756
8512 714
8513 714
8514 714
8515 714
8516 714
8517 714
8518 714
8519 756
8520 714
8521 714
8522 714
8523 714
8524 714
8525 756
8526 714
8527 756
8528 714
8529 672
8530 798
8531 714
8532 714
8533 714
8534 714
8535 756
8536 714
8537 798
8538 714
8539 714
8540 798
8541 714
8542 672
8543 816
8544 714
8545 714
8546 714
8547 714
8548 756
8549 1038
8550 714
8551 714
8552 714
8553 714
8554 756
8555 714
8556 816
8557 756
8558 756
8559 714
8560 798
8561 846
8562 744
8563 714
8564 756
8565 798
8566 714
8567 714
8568 714
8569 714
8570 714
8571 744
8572 714
8573 714
8574 756
8575 756
8576 756
8577 756
8578 756
8579 756
8580 840
8581 858
8582 798
8583 756
8584 756
8585 840
8586 840
8587 756
8588 756
8589 756
8590 756
8591 714
8592 756
8593 714
8594 798
8595 756
8596 756
8597 756
8598 714
8599 756
8600 714
8601 798
8602 756
8603 756
8604 756
8605 756
8606 756
8607 840
8608 756
8609 714
8610 798
8611 798
8612 714
8613 756
8614 756
8615 774
8616 798
8617 756
8618 798
8619 756
8620 786
8621 756
8622 756
8623 756
8624 798
8625 660
8626 660
8627 660
8628 660
8629 756
8630 660
8631 744
8632 660
8633 756
8634 660
8635 732
8636 660
8637 660
8638 690
8639 660
8640 702
8641 702
8642 744
8643 702
8644 702
8645 660
8646 660
8647 660
8648 660
8649 786
8650 660
8651 744
8652 660
8653 660
8654 702
8655 660
8656 660
8657 660
8658 660
8659 660
8660 660
8661 744
8662 660
8663 660
8664 702
8665 714
8666 690
8667 690
8668 660
8669 702
8670 744
8671 660
8672 660
8673 702
8674 702
8675 744
8676 672
8677 660
8678 660
8679 702
8680 702
8681 660
8682 702
8683 660
8684 660
8685 702
8686 660
8687 660
8688 702
8689 744
8690 660
8691 660
8692 786
8693 702
8694 660
8695 744
8696 660
8697 660
8698 702
8699 660
8700 702
8701 702
8702 702
8703 702
8704 714
8705 660
8706 702
8707 660
8708 660
8709 660
8710 660
8711 660
8712 732
8713 690
8714 690
8715 702
8716 732
8717 660
8718 660
8719 702
8720 702
8721 660
8722 660
8723 702
8724 744
8725 660
8726 702
8727 714
8728 672
8729 702
8730 660
8731 660
8732 756
8733 660
8734 756
8735 702
8736 660
8737 702
8738 660
8739 702
8740 660
8741 660
8742 660
8743 660
8744 660
8745 714
8746 660
8747 714
8748 660
8749 660
8750 660
8751 660
8752 702
8753 660
8754 660
8755 690
8756 702
8757 672
8758 690
8759 660
8760 660
8761 798
8762 744
8763 660
8764 702
8765 702
8766 660
8767 756
8768 744
8769 672
8770 672
8771 672
8772 672
8773 660
8774 660
8775 714
8776 660
8777 660
8778 690
8779 660
8780 660
8781 744
8782 660
8783 660
8784 660
8785 660
8786 702
8787 702
8788 660
8789 660
8790 702
8791 660
8792 714
8793 714
8794 744
8795 660
8796 702
8797 660
8798 714
8799 756
8800 690
8801 660
8802 702
8803 660
8804 714
8805 714
8806 714
8807 714
8808 756
8809 672
8810 714
8811 714
8812 714
8813 714
8814 714
8815 714
8816 714
8817 714
8818 756
8819 714
8820 756
8821 714
8822 714
8823 714
8824 714
8825 714
8826 756
8827 786
8828 714
8829 714
8830 714
8831 756
8832 714
8833 756
8834 714
8835 714
8836 714
8837 714
8838 714
8839 714
8840 714
8841 714
8842 714
8843 756
8844 756
8845 714
8846 816
8847 714
8848 714
8849 756
8850 756
8851 714
8852 714
8853 756
8854 756
8855 714
8856 882
8857 756
8858 756
8859 756
8860 714
8861 798
8862 756
8863 714
8864 798
8865 756
8866 714
8867 756
8868 714
8869 714
8870 756
8871 756
8872 756
8873 756
8874 756
8875 756
8876 840
8877 714
8878 714
8879 714
8880 672
8881 714
8882 714
8883 756
8884 756
8885 744
8886 714
8887 714
8888 798
8889 714
8890 714
8891 714
8892 714
8893 714
8894 774
8895 756
8896 690
8897 714
8898 756
8899 756
8900 714
8901 714
8902 714
8903 714
8904 714
8905 756
8906 756
8907 714
8908 714
8909 714
8910 714
8911 714
8912 756
8913 714
8914 714
8915 714
8916 714
8917 756
8918 714
8919 714
8920 756
8921 756
8922 714
8923 714
8924 714
8925 714
8926 714
8927 714
8928 714
8929 714
8930 756
8931 714
8932 714
8933 756
8934 798
8935 714
8936 714
8937 714
8938 714
8939 756
8940 714
8941 714
8942 756
8943 798
8944 756
8945 756
8946 714
8947 714
8948 756
8949 714
8950 714
8951 714
8952 714
8953 756
8954 660
8955 744
8956 744
8957 714
8958 786
8959 714
8960 714
8961 714
8962 756
8963 744
8964 714
8965 714
8966 714
8967 756
8968 672
8969 672
8970 714
8971 714
8972 714
8973 702
8974 714
8975 798
8976 714
8977 756
8978 714
8979 714
8980 714
8981 714
8982 714
8983 714
8984 714
8985 714
8986 756
8987 714
8988 714
8989 714
8990 714
8991 714
8992 714
8993 672
8994 672
8995 714
8996 672
8997 672
8998 672
8999 714
9000 672
9001 756
9002 672
9003 672
9004 672
9005 672
9006 714
9007 714
9008 702
9009 672
9010 672
9011 672
9012 672
9013 714
9014 672
9015 672
9016 714
9017 714
9018 672
9019 672
9020 672
9021 714
9022 672
9023 660
9024 672
9025 714
9026 714
9027 672
9028 702
9029 648
9030 774
9031 702
9032 702
9033 660
9034 660
9035 660
9036 702
9037 660
9038 660
9039 660
9040 702
9041 702
9042 660
9043 660
9044 660
9045 702
9046 744
9047 660
9048 660
9049 672
9050 660
9051 660
9052 660
9053 660
9054 660
9055 660
9056 702
9057 744
9058 660
9059 660
9060 660
9061 702
9062 660
9063 660
9064 660
9065 660
9066 660
9067 660
9068 702
9069 660
9070 660
9071 660
9072 660
9073 660
9074 660
9075 660
9076 660
9077 660
9078 672
9079 690
9080 702
9081 660
9082 702
9083 660
9084 660
9085 660
9086 720
9087 648
9088 660
9089 660
9090 702
9091 660
9092 660
9093 690
9094 672
9095 660
9096 690
9097 660
9098 648
9099 660
9100 660
9101 660
9102 744
9103 660
9104 702
9105 702
9106 702
9107 672
9108 702
9109 714
9110 702
9111 690
9112 660
9113 660
9114 672
9115 672
9116 672
9117 672
9118 672
9119 672
9120 672
9121 714
9122 672
9123 672
9124 672
9125 660
9126 672
9127 672
9128 714
9129 672
9130 672
9131 714
9132 672
9133 702
9134 672
9135 672
9136 672
9137 672
9138 672
9139 672
9140 714
9141 714
9142 672
9143 714
9144 672
9145 714
9146 672
9147 672
9148 672
9149 714
9150 672
9151 672
9152 672
9153 756
9154 672
9155 756
9156 672
9157 672
9158 672
9159 672
9160 672
9161 1752
9162 672
9163 672
9164 672
9165 672
9166 672
9167 672
9168 744
9169 672
9170 672
9171 672
9172 672
9173 672
9174 672
9175 672
9176 702
9177 672
9178 702
9179 660
9180 672
9181 732
9182 672
9183 996
9184 672
9185 702
9186 672
9187 672
9188 714
9189 672
9190 672
9191 672
9192 672
9193 714
9194 672
9195 714
9196 672
9197 672
9198 672
9199 672
9200 672
9201 714
9202 672
9203 702
9204 756
9205 714
9206 672
9207 672
9208 672
9209 672
9210 660
9211 672
9212 672
9213 702
9214 714
9215 672
9216 672
9217 672
9218 672
9219 702
9220 672
9221 672
9222 672
9223 672
9224 672
9225 672
9226 672
9227 672
9228 672
9229 714
9230 660
9231 702
9232 672
9233 672
9234 672
9235 702
9236 672
9237 672
9238 714
9239 672
9240 672
9241 672
9242 672
9243 672
9244 774
9245 672
9246 702
9247 702
9248 672
9249 702
9250 672
9251 732
9252 672
9253 672
9254 672
9255 672
9256 672
9257 630
9258 660
9259 672
9260 672
9261 660
9262 714
9263 714
9264 672
9265 672
9266 672
9267 714
9268 714
9269 714
9270 714
9271 672
9272 714
9273 672
9274 672
9275 672
9276 672
9277 672
9278 672
9279 714
9280 690
9281 672
9282 672
9283 816
9284 702
9285 672
9286 672
9287 672
9288 672
9289 672
9290 672
9291 714
9292 744
9293 672
9294 672
9295 714
9296 672
9297 672
9298 714
9299 714
9300 756
9301 714
9302 672
9303 672
9304 714
9305 672
9306 702
9307 648
9308 714
9309 744
9310 714
9311 714
9312 756
9313 672
9314 702
9315 672
9316 798
9317 672
9318 672
9319 672
9320 714
9321 630
9322 672
9323 672
9324 672
9325 672
9326 672
9327 672
9328 672
9329 672
9330 672
9331 672
9332 672
9333 714
9334 714
9335 672
9336 714
9337 756
9338 672
9339 672
9340 714
9341 714
9342 714
9343 672
9344 672
9345 672
9346 660
9347 714
9348 672
9349 756
9350 672
9351 672
9352 744
9353 756
9354 672
9355 714
9356 672
9357 672
9358 714
9359 660
9360 732
9361 660
9362 702
9363 714
9364 672
9365 702
9366 714
9367 660
9368 660
9369 702
9370 702
9371 714
9372 660
9373 660
9374 672
9375 702
9376 660
9377 672
9378 660
9379 744
9380 672
9381 690
9382 660
9383 660
9384 660
9385 660
9386 660
9387 660
9388 660
9389 672
9390 660
9391 660
9392 702
9393 660
9394 660
9395 660
9396 660
9397 660
9398 660
9399 660
9400 702
9401 660
9402 744
9403 702
9404 660
9405 702
9406 660
9407 702
9408 702
9409 660
9410 702
9411 672
9412 744
9413 744
9414 702
9415 702
9416 702
9417 702
9418 660
9419 702
9420 660
9421 660
9422 660
9423 660
9424 660
9425 744
9426 660
9427 660
9428 672
9429 702
9430 660
9431 702
9432 660
9433 702
9434 660
9435 660
9436 660
9437 660
9438 660
9439 744
9440 702
9441 660
9442 660
9443 660
9444 702
9445 690
9446 702
9447 660
9448 702
9449 660
9450 702
9451 702
9452 660
9453 660
9454 672
9455 660
9456 660
9457 702
9458 702
9459 660
9460 744
9461 672
9462 660
9463 660
9464 660
9465 660
9466 702
9467 660
9468 702
9469 702
9470 660
9471 660
9472 660
9473 702
9474 702
9475 660
9476 660
9477 660
9478 660
9479 660
9480 660
9481 660
9482 702
9483 660
9484 714
9485 702
9486 660
9487 702
9488 702
9489 702
9490 660
9491 660
9492 660
9493 660
9494 660
9495 702
9496 660
9497 660
9498 690
9499 660
9500 660
9501 660
9502 660
9503 660
9504 660
9505 660
9506 690
9507 660
9508 702
9509 660
9510 786
9511 660
9512 660
9513 714
9514 702
9515 660
9516 660
9517 702
9518 672
9519 702
9520 702
9521 660
9522 702
9523 774
9524 660
9525 690
9526 702
9527 702
9528 660
9529 660
9530 660
9531 660
9532 660
9533 660
9534 702
9535 672
9536 660
9537 702
9538 660
9539 702
9540 660
9541 660
9542 744
9543 702
9544 660
9545 660
9546 702
9547 702
9548 660
9549 732
9550 660
9551 744
9552 702
9553 702
9554 672
9555 672
9556 702
9557 702
9558 660
9559 732
9560 660
9561 660
9562 660
9563 744
9564 714
9565 702
9566 702
9567 660
9568 702
9569 702
9570 660
9571 660
9572 660
9573 702
9574 660
9575 744
9576 660
9577 702
9578 660
9579 702
9580 702
9581 660
9582 660
9583 660
9584 744
9585 756
9586 702
9587 702
9588 660
9589 702
9590 660
9591 702
9592 660
9593 660
9594 660
9595 660
9596 702
9597 660
9598 660
9599 744
9600 660
9601 744
9602 702
9603 714
9604 702
9605 702
9606 702
9607 702
9608 660
9609 702
9610 702
9611 660
9612 660
9613 702
9614 702
9615 672
9616 660
9617 756
9618 702
9619 672
9620 702
9621 744
9622 702
9623 660
9624 744
9625 660
9626 702
9627 702
9628 660
9629 660
9630 702
9631 702
9632 660
9633 660
9634 660
9635 660
9636 702
9637 660
9638 660
9639 786
9640 660
9641 744
9642 660
9643 660
9644 660
9645 660
9646 660
9647 660
9648 672
9649 660
9650 702
9651 660
9652 702
9653 660
9654 702
9655 660
9656 660
9657 672
9658 672
9659 702
9660 660
9661 660
9662 660
9663 660
9664 702
9665 702
9666 702
9667 702
9668 660
9669 660
9670 660
9671 660
9672 660
9673 660
9674 672
9675 660
9676 756
9677 660
9678 660
9679 660
9680 672
9681 702
9682 744
9683 660
9684 714
9685 702
9686 660
9687 702
9688 702
9689 660
9690 702
9691 744
9692 660
9693 660
9694 660
9695 702
9696 702
9697 660
9698 702
9699 660
9700 672
9701 660
9702 702
9703 660
9704 660
9705 660
9706 660
9707 744
9708 660
9709 744
9710 702
9711 744
9712 660
9713 660
9714 660
9715 702
9716 660
9717 660
9718 702
9719 660
9720 702
9721 660
9722 690
9723 660
9724 702
9725 660
9726 714
9727 702
9728 672
9729 660
9730 672
9731 660
9732 702
9733 702
9734 660
9735 660
9736 660
9737 702
9738 702
9739 660
9740 660
9741 702
9742 660
9743 660
9744 660
9745 648
Unexpected message received for job 1042930
9746 660
9747 672
9748 660
9749 672
9750 660
9751 660
9752 672
9753 660
9754 660
9755 828
9756 672
Unexpected message received for job 1042930
9757 660
9758 660
9759 702
9760 672
9761 660
9762 660
9763 702
9764 660
9765 660
9766 660
9767 660
9768 702
9769 660
9770 744
9771 702
9772 660
9773 690
9774 630
9775 660
9776 672
9777 660
9778 702
9779 660
9780 648
9781 744
9782 660
9783 702
9784 702
9785 660
9786 672
9787 660
9788 660
9789 660
9790 702
9791 732
9792 702
9793 660
9794 660
9795 702
9796 660
9797 672
9798 660
9799 660
9800 702
9801 648
9802 702
9803 660
9804 660
9805 744
9806 660
9807 660
9808 660
9809 660
9810 660
9811 660
9812 702
9813 660
9814 672
9815 660
9816 702
9817 786
9818 660
9819 660
9820 690
9821 660
9822 660
9823 702
9824 702
9825 660
9826 660
9827 690
9828 702
9829 702
9830 714
9831 714
9832 660
9833 660
9834 702
9835 702
9836 672
9837 660
9838 660
9839 660
9840 672
9841 660
9842 660
9843 660
9844 660
9845 660
9846 702
9847 702
9848 660
9849 744
9850 702
9851 660
9852 660
9853 660
9854 702
9855 744
9856 660
9857 660
9858 702
9859 702
9860 660
9861 660
9862 660
9863 702
9864 660
9865 660
9866 828
9867 702
9868 660
9869 660
9870 660
9871 702
9872 660
9873 660
9874 702
9875 660
9876 660
9877 702
9878 672
9879 672
9880 672
9881 744
9882 702
9883 660
9884 660
9885 660
9886 660
9887 702
9888 660
9889 660
9890 660
9891 660
9892 744
9893 660
9894 702
9895 660
9896 672
9897 660
9898 660
9899 660
9900 660
9901 660
9902 714
9903 660
9904 660
9905 660
9906 660
9907 660
9908 660
9909 660
9910 660
9911 702
9912 744
9913 702
9914 660
9915 672
9916 744
9917 660
9918 660
9919 660
9920 660
9921 702
9922 660
9923 732
9924 672
9925 660
9926 660
9927 702
9928 660
9929 660
9930 660
9931 672
9932 660
9933 660
9934 660
9935 660
9936 660
9937 702
9938 660
9939 660
9940 660
9941 660
9942 660
9943 660
9944 714
9945 672
9946 714
9947 702
9948 714
9949 672
9950 714
9951 672
9952 672
9953 648
9954 714
9955 660
9956 660
9957 660
9958 660
9959 660
9960 774
9961 702
9962 660
9963 660
9964 660
9965 690
9966 744
9967 660
9968 660
9969 660
9970 660
9971 672
9972 702
9973 660
9974 660
9975 702
9976 690
9977 714
9978 702
9979 660
9980 672
9981 660
9982 714
9983 702
9984 660
9985 672
9986 660
9987 660
9988 714
9989 744
9990 702
9991 702
9992 672
9993 702
9994 702
9995 702
9996 702
9997 702
9998 702
9999 702
Record :  630
