0 0
1 1638
2 3528
3 2394
4 1764
5 1806
6 2898
7 1554
8 4032
9 3108
10 2604
11 2562
12 4116
13 2646
14 3612
15 3528
16 2688
17 2604
18 3066
19 4410
20 4788
21 4494
22 6468
23 3612
24 4116
25 3654
26 6930
27 7476
28 8400
29 4956
30 3738
31 4116
32 8064
33 9324
34 7224
35 8106
36 5964
37 6216
38 7854
39 5040
40 4326
41 6216
42 11172
43 9072
44 3948
45 6636
46 6888
47 3780
48 4746
49 5334
50 8148
51 6090
52 11634
53 6090
54 11760
55 5796
56 4956
57 3906
58 3528
59 6006
60 7476
61 4158
62 2604
63 4788
64 5586
65 3234
66 8988
67 5250
68 10542
69 5334
70 3066
71 4620
72 8316
73 7098
74 6762
75 5586
76 5964
77 6594
78 5628
79 5880
80 2604
81 6846
82 4284
83 7224
84 10080
85 4074
86 4452
87 6930
88 2268
89 5838
90 3822
91 3444
92 5376
93 4494
94 3612
95 3738
96 8778
97 6846
98 2520
99 4956
100 5376
101 4746
102 3444
103 5334
104 5082
105 5376
106 5082
107 8190
108 2730
109 3864
110 3948
111 7560
112 3360
113 3402
114 7182
115 3696
116 7728
117 3612
118 4074
119 6594
120 7434
121 5292
122 5586
123 6006
124 2856
125 3822
126 2856
127 6594
128 6342
129 4494
130 5250
131 2604
132 4158
133 3738
134 8778
135 3528
136 3024
137 4032
138 5250
139 3150
140 5418
141 6342
142 4536
143 6258
144 3318
145 3234
146 5712
147 6762
148 4494
149 5166
150 3444
151 5712
152 4074
153 5796
154 5334
155 4032
156 5628
157 5628
158 7056
159 5628
160 5460
161 6048
162 3570
163 2898
164 4284
165 8148
166 3108
167 3948
168 4872
169 6342
170 8232
171 6258
172 2646
173 9660
174 3444
175 6048
176 4578
177 8106
178 8106
179 7014
180 5166
181 3570
182 3486
183 3654
184 11802
185 5040
186 9828
187 5712
188 4788
189 5166
190 7728
191 4158
192 5670
193 3612
194 2646
195 3486
196 3444
197 8904
198 4788
199 4368
200 6174
201 5166
202 4116
203 6762
204 3612
205 5250
206 5208
207 10206
208 4830
209 4788
210 11592
211 4746
212 6342
213 2310
214 6174
215 5334
216 5166
217 5502
218 5796
219 4242
220 3486
221 4914
222 6216
223 6510
224 4788
225 7812
226 4956
227 5796
228 6720
229 4788
230 6006
231 8652
232 4788
233 3528
234 9198
235 8736
236 7602
237 7392
238 4326
239 5838
240 5166
241 4494
242 5628
243 7980
244 5208
245 5082
246 6216
247 4956
248 4200
249 3738
250 8736
251 4494
252 4746
253 6762
254 3654
255 4746
256 4452
257 7854
258 7896
259 2898
260 2772
261 5502
262 4326
263 6594
264 3696
265 7224
266 10542
267 11130
268 7224
269 6678
270 8148
271 3570
272 3570
273 8274
274 3696
275 2982
276 6468
277 5418
278 3822
279 5376
280 9828
281 3780
282 5418
283 5166
284 6678
285 3444
286 2436
287 6300
288 4956
289 4914
290 6804
291 1848
292 3780
293 6132
294 4368
295 3864
296 4158
297 6720
298 4620
299 5964
300 4704
301 7602
302 5208
303 6636
304 7854
305 6804
306 1932
307 5292
308 8442
309 2814
310 5208
311 7056
312 3780
313 5334
314 4998
315 3612
316 4914
317 5754
318 7560
319 5796
320 3780
321 5964
322 7434
323 4956
324 6972
325 6384
326 4200
327 8358
328 2058
329 5754
330 7644
331 4242
332 4326
333 3654
334 4830
335 6846
336 3990
337 5124
338 5124
339 2142
340 3948
341 2856
342 4578
343 2394
344 2940
345 5040
346 2814
347 4200
348 2730
349 5502
350 4662
351 6846
352 5166
353 3276
354 6426
355 4830
356 4536
357 5460
358 4788
359 7854
360 3990
361 5880
362 6006
363 4452
364 2898
365 4956
366 4830
367 3612
368 4662
369 3948
370 6090
371 4326
372 4536
373 5502
374 3906
375 9660
376 7518
377 5376
378 4788
379 3696
380 7182
381 9534
382 5628
383 3318
384 6762
385 9366
386 2772
387 4578
388 1932
389 3738
390 11970
391 4410
392 5586
393 5082
394 4956
395 4326
396 7518
397 3108
398 4914
399 4368
400 7182
401 6258
402 4746
403 3738
404 4284
405 7602
406 4704
407 4452
408 5628
409 3066
410 4872
411 4368
412 1386
413 3654
414 2100
415 5334
416 7140
417 4158
418 3444
419 6258
420 5712
421 4326
422 8694
423 3948
424 3360
425 7602
426 5376
427 3738
428 4872
429 6804
430 3696
431 5880
432 8064
433 1806
434 5754
435 4116
436 7392
437 6426
438 5796
439 2688
440 6468
441 4662
442 8316
443 3738
444 6048
445 8232
446 4662
447 4494
448 7098
449 6090
450 6090
451 3276
452 4158
453 5040
454 3906
455 5460
456 4494
457 3360
458 4116
459 5040
460 5292
461 10542
462 3738
463 6552
464 2394
465 3150
466 6342
467 3486
Unexpected message received for job 1048239
468 3696
469 3990
Unexpected message received for job 1048239
470 7056
471 4494
472 6720
473 4116
474 4242
475 3822
476 7602
477 4242
478 3990
479 6888
480 3024
481 4242
482 5502
483 7392
484 3570
485 7014
486 3570
487 3024
488 7686
489 3402
490 2982
491 2688
492 3444
493 2982
494 4242
495 3906
496 3192
497 6384
498 4830
499 4536
500 5922
501 3234
502 4452
503 1806
504 3990
505 5754
506 1764
507 4956
508 3864
509 7182
510 6090
511 7392
512 5208
513 5124
514 7392
515 4830
516 6006
517 5628
518 6090
519 5124
520 3528
521 7434
522 8442
523 9282
524 4662
525 3444
526 2772
527 6342
528 4200
529 6636
530 5376
531 6552
532 6342
533 1932
534 3150
535 3990
536 2772
537 2520
538 3948
539 4872
540 4326
541 4410
542 6258
543 1890
544 2940
545 3906
546 4074
547 3402
548 3948
549 3192
550 4536
551 4914
552 3822
553 3822
554 3696
555 3654
556 3612
557 2730
558 9072
559 3360
560 2940
561 4116
562 5628
563 3108
564 2562
565 5208
566 2478
567 5628
568 5082
569 3990
570 5124
571 2478
572 3276
573 3024
574 5922
575 5166
576 3276
577 7518
578 11004
579 2982
580 4914
581 4284
582 7938
583 7686
584 4914
585 6636
586 6216
587 9030
588 4830
589 4494
590 3066
591 5796
592 2436
593 4452
594 1974
595 5124
596 3738
597 7014
598 6888
599 3192
600 1512
601 4746
602 2646
603 4788
604 4998
605 3696
606 6930
607 9198
608 8736
609 8652
610 6804
611 7728
612 8904
613 9996
614 7224
615 4452
616 3654
617 4452
618 7014
619 3822
620 4074
621 7224
622 7140
623 3024
624 3234
625 3066
626 4452
627 7728
628 2058
629 5754
630 2436
631 3066
632 6762
633 3402
634 3066
635 2394
636 4998
637 3570
638 5460
639 2814
640 3024
641 7560
642 4116
643 4284
644 7686
645 6300
646 4074
647 5082
648 5796
649 2394
650 4830
651 5544
652 4872
653 5754
654 4158
655 2226
656 2772
657 3360
658 7518
659 5124
660 2436
661 4284
662 3192
663 6930
664 3402
665 5586
666 7434
667 3150
668 2100
669 5712
670 3570
671 5166
672 2772
673 5922
674 7476
675 3066
676 4032
677 5670
678 6510
679 1554
680 5460
681 2436
682 7266
683 4746
684 7098
685 4116
686 5922
687 2184
688 3696
689 3696
690 4452
691 5922
692 9576
693 3150
694 5838
695 5166
696 8442
697 5586
698 3486
699 2478
700 1806
701 4410
702 3192
703 5502
704 5922
705 2142
706 5544
707 3402
708 5838
709 2730
710 5208
711 3318
712 4032
713 2184
714 4662
715 3570
716 3906
717 3570
718 3024
719 3444
720 4998
721 3276
722 6090
723 5502
724 2940
725 2688
726 2058
727 3654
728 4494
729 3780
730 5208
731 4116
732 8400
733 5628
734 5040
735 3528
736 6132
737 3486
738 6426
739 3612
740 2814
741 3528
742 4620
743 2352
744 3948
745 3402
746 3528
747 5292
748 2310
749 4620
750 4284
751 4242
752 2814
753 4872
754 7854
755 5418
756 3780
757 2100
758 2352
759 6132
760 4074
761 3066
762 8400
763 9828
764 8568
765 5586
766 4998
767 7224
768 7014
769 6720
770 6678
771 2982
772 4536
773 3486
774 4116
775 5502
776 2646
777 3696
778 5754
779 4956
780 2352
781 6174
782 5418
783 6174
784 7854
785 4116
786 7266
787 2898
788 3738
789 4998
790 5040
791 2016
792 3528
793 3486
794 4494
795 6678
796 3612
797 5124
798 3570
799 5292
800 3318
801 3486
802 3822
803 3234
804 5460
805 3234
806 4536
807 3822
808 2856
809 3402
810 4368
811 6678
812 3822
813 5628
814 7602
815 4536
816 5166
817 7224
818 7518
819 7770
820 5250
821 4998
822 9660
823 6258
824 3486
825 4914
826 3570
827 5418
828 6762
829 3360
830 9324
831 7140
832 6804
833 9576
834 8568
835 7266
836 3234
837 5040
838 5838
839 12516
840 3066
841 4032
842 4620
843 5124
844 6006
845 4116
846 3150
847 2772
848 6384
849 3192
850 4326
851 7392
852 4998
853 5670
854 5040
855 6174
856 4452
857 5922
858 4788
859 3948
860 6552
861 3780
862 7140
863 7098
864 2856
865 3528
866 4662
867 9744
868 4872
869 3318
870 4872
871 2940
872 6804
873 5544
874 5208
875 6594
876 3864
877 7686
878 4956
879 5502
880 4830
881 5880
882 2856
883 3402
884 6090
885 5754
886 4200
887 4452
888 8316
889 4158
890 3654
891 2982
892 5082
893 3360
894 9534
895 2772
896 7938
897 1890
898 3654
899 3066
900 4788
901 3990
902 3654
903 2856
904 6930
905 2898
906 4578
907 4872
908 3444
909 6342
910 2226
911 3192
912 4872
913 9030
914 4368
915 5922
916 9576
917 4704
918 3612
919 4368
920 3948
921 3024
922 4830
923 5712
924 4536
925 3990
926 6762
927 4578
928 6300
929 3738
930 2226
931 5292
932 2394
933 4662
934 6972
935 7056
936 6174
937 5418
938 5166
939 6888
940 3360
941 1848
942 3570
943 6216
944 3066
945 2982
946 3864
947 4326
948 3990
949 2478
950 5880
951 6678
952 3864
953 4536
954 4536
955 5922
956 4242
957 2646
958 4326
959 2436
960 4914
961 3150
962 5670
963 2814
964 1680
965 4998
966 2394
967 2898
968 3864
969 4536
970 2352
971 3906
972 2562
973 5292
974 4158
975 7980
976 3990
977 3024
978 3318
979 3780
980 6720
981 5964
982 3192
983 3192
984 5040
985 4074
986 3696
987 5040
988 3276
989 3234
990 3192
991 2940
992 4578
993 7266
994 3108
995 5922
996 3738
997 3108
998 4116
999 3738
1000 4284
1001 4410
1002 5544
1003 6594
1004 2100
1005 3528
1006 3696
1007 4662
1008 4452
Unexpected message received for job 1048239
1009 2730
1010 7014
Unexpected message received for job 1048239
1011 7518
1012 2184
1013 4242
1014 3486
1015 3570
1016 3192
1017 2646
1018 4074
1019 3150
1020 4788
1021 6762
1022 3612
1023 7812
1024 4830
1025 3780
1026 3696
1027 3570
1028 2478
1029 8022
1030 3276
1031 7224
1032 3570
1033 2646
1034 7350
1035 3528
1036 3612
1037 5502
1038 4368
1039 1974
1040 4662
1041 8862
1042 2688
1043 2982
1044 4368
1045 4704
1046 2982
1047 3234
1048 3444
1049 4998
1050 2058
1051 5418
1052 4200
1053 5460
1054 3444
1055 3570
1056 2226
1057 4452
1058 3654
1059 5922
1060 4704
1061 4998
1062 3444
1063 3654
1064 4578
1065 4956
1066 3192
1067 6888
1068 3192
1069 4158
1070 2394
1071 3612
1072 3486
1073 4410
1074 1680
1075 3780
1076 4074
1077 2898
1078 4368
1079 2730
1080 2730
1081 1512
1082 3780
1083 8064
1084 5796
1085 3612
1086 4788
1087 2982
1088 4704
1089 10542
1090 7224
1091 3402
1092 6888
1093 1932
1094 3360
1095 2940
1096 5460
1097 3486
1098 4368
1099 5712
1100 4410
1101 7938
1102 2814
1103 5208
1104 3024
1105 1554
1106 2730
1107 2058
1108 3822
1109 8316
1110 6678
1111 5880
1112 3234
1113 5838
1114 4914
1115 1680
1116 4158
1117 3528
1118 3108
1119 1512
1120 4578
1121 6930
1122 5628
1123 6300
1124 3528
1125 2562
1126 8106
1127 4704
1128 5502
1129 4746
1130 5460
1131 4284
1132 2478
1133 5586
1134 3570
1135 2394
1136 4074
1137 2604
1138 4536
1139 3360
1140 3150
1141 3276
1142 5670
1143 5124
1144 5796
1145 3864
1146 3402
1147 6216
1148 2646
1149 3528
1150 1806
1151 3402
1152 5502
1153 4284
1154 3528
1155 3066
1156 3318
1157 3864
1158 4620
1159 5082
1160 5460
1161 5712
1162 3696
1163 3108
1164 2940
1165 2940
1166 3150
1167 4368
1168 3276
1169 5082
1170 6762
1171 2688
1172 3444
1173 4746
1174 3696
1175 5082
1176 2100
1177 3360
1178 4620
1179 3696
1180 4284
1181 7182
1182 4956
1183 1848
1184 7056
1185 3192
1186 2730
1187 6090
1188 2730
1189 2982
1190 3108
1191 4452
1192 4074
1193 5418
1194 5964
1195 5040
1196 4032
1197 2310
1198 4242
1199 4578
1200 4032
1201 5712
1202 5292
1203 3990
1204 4956
1205 2814
1206 4494
1207 7308
1208 7518
1209 3738
1210 3906
1211 5166
1212 1890
1213 4410
1214 5880
1215 6258
1216 2646
1217 5922
1218 4032
1219 6930
1220 3990
1221 3864
1222 3948
1223 3192
1224 4410
1225 6972
1226 5166
1227 4284
1228 4956
1229 4536
1230 4494
1231 4578
1232 3990
1233 7056
1234 6426
1235 2856
1236 7560
1237 6426
1238 4578
1239 2856
1240 5922
1241 3108
1242 8442
1243 4704
1244 5502
1245 5376
1246 4662
1247 4914
1248 3654
1249 6132
1250 6300
1251 7728
1252 4326
1253 7392
1254 3234
1255 6594
1256 5502
1257 5334
1258 4032
1259 6972
1260 3234
1261 2982
1262 6006
1263 4914
1264 3738
1265 4452
1266 2226
1267 3990
1268 1512
1269 3948
1270 6342
1271 6972
1272 5586
1273 2814
1274 3276
1275 4284
1276 3696
1277 4158
1278 4284
1279 6216
1280 2520
1281 5334
1282 2604
1283 6258
1284 9492
1285 2814
1286 1596
1287 3402
1288 2898
1289 2982
1290 2856
1291 2562
1292 4200
1293 6174
1294 4746
1295 4746
1296 9030
1297 6048
1298 3444
1299 1890
1300 5586
1301 8064
1302 3234
1303 3654
1304 6762
1305 5586
1306 9450
1307 5124
1308 3570
1309 4788
1310 3024
1311 4956
1312 4116
1313 4788
1314 3822
1315 2520
1316 4830
1317 3360
1318 3402
1319 3360
1320 3738
1321 3822
1322 5754
1323 2478
1324 3486
1325 3990
1326 4578
1327 2478
1328 6258
1329 6006
1330 1974
1331 2226
1332 4242
1333 5670
1334 4032
1335 8022
1336 5208
1337 3234
1338 2352
1339 1890
1340 3696
1341 2730
1342 2436
1343 4536
1344 4620
1345 4158
1346 10248
1347 6762
1348 3528
1349 4872
1350 5250
1351 5418
1352 2940
1353 3822
1354 4452
1355 5922
1356 5040
1357 4116
1358 4158
1359 2646
1360 4158
1361 5124
1362 8316
1363 4620
1364 7224
1365 5376
1366 2604
1367 2436
1368 3948
1369 3234
1370 4578
1371 6762
1372 2898
1373 4284
1374 5544
1375 5712
1376 6552
1377 5376
1378 6510
1379 2100
1380 5838
1381 8988
1382 2772
1383 3318
1384 2394
1385 6132
1386 2688
1387 5334
1388 6048
1389 3780
1390 3612
1391 3570
1392 3612
1393 2604
1394 4620
1395 3528
1396 2058
1397 3234
1398 6216
1399 4746
1400 2856
1401 3150
1402 2478
1403 2814
1404 8904
1405 7140
1406 4704
1407 5208
1408 4620
1409 3738
1410 4452
1411 6384
1412 4410
1413 2646
1414 3528
1415 2100
1416 1806
1417 8820
1418 5040
1419 4704
1420 3024
1421 2268
1422 3948
1423 3276
1424 5544
1425 4704
1426 9030
1427 1890
1428 4830
1429 3654
1430 3192
1431 2436
1432 3192
1433 7056
1434 6846
1435 4788
1436 8148
1437 4368
1438 5208
1439 5082
1440 2898
1441 5208
1442 3444
1443 6132
1444 5040
1445 8148
1446 2772
1447 5628
1448 2394
1449 3150
1450 3486
1451 6300
1452 2100
1453 2982
1454 2772
1455 2310
1456 3822
1457 2436
1458 2772
1459 2310
1460 5250
1461 3402
1462 2016
1463 4326
1464 2898
1465 2688
1466 4116
1467 5964
1468 2268
1469 6174
1470 7770
1471 3948
1472 5208
1473 3612
1474 4368
1475 5208
1476 2478
1477 1722
1478 3108
1479 2898
1480 3486
1481 2352
1482 3234
1483 4872
1484 3444
1485 4368
1486 3906
1487 6132
1488 3528
1489 1680
1490 2856
1491 2478
1492 3612
1493 3486
1494 3612
1495 4242
1496 5502
1497 3486
1498 4578
1499 2772
1500 3486
1501 2898
1502 3444
1503 4914
1504 5712
1505 3360
1506 2562
1507 6846
1508 7224
1509 6174
1510 6552
1511 1974
1512 1764
1513 2394
1514 2436
1515 5208
1516 3990
1517 2898
1518 4200
1519 4116
1520 5376
1521 2226
1522 6594
1523 3696
1524 3528
1525 4872
1526 7014
1527 3360
1528 3738
1529 3948
1530 2058
1531 4704
1532 2436
1533 5250
1534 3276
1535 6804
1536 5586
1537 4326
1538 5628
1539 2394
1540 3066
1541 4536
1542 3822
1543 4200
1544 2856
1545 3612
1546 3402
1547 4998
1548 6258
1549 3024
1550 3192
1551 2352
1552 2436
1553 9030
1554 5376
1555 2646
1556 2478
1557 3696
1558 2058
1559 2436
1560 5040
1561 2982
1562 2814
1563 5166
1564 3486
1565 3150
1566 3780
1567 5334
1568 5964
1569 3444
1570 3906
1571 3276
1572 9324
1573 3948
1574 2016
1575 2100
1576 2184
1577 3696
1578 1890
1579 2688
1580 3864
1581 1344
1582 2100
1583 4620
1584 3822
1585 6006
1586 7014
1587 2646
1588 1848
1589 5124
Unexpected message received for job 1048239
1590 5376
1591 2520
1592 2100
Unexpected message received for job 1048239
1593 4704
1594 4284
1595 3192
1596 4074
1597 6888
1598 5796
1599 3276
1600 2142
1601 3402
1602 6174
1603 3444
1604 6300
1605 3738
1606 4326
1607 3066
1608 6384
1609 5418
1610 2856
1611 2310
1612 4494
1613 3864
1614 3402
1615 3360
1616 3738
1617 5586
1618 2982
1619 3108
1620 2520
1621 4536
1622 2982
1623 2436
1624 4284
1625 2394
1626 3948
1627 4284
1628 5628
1629 2856
1630 3024
1631 2562
1632 2688
1633 3990
1634 4452
1635 2730
1636 2604
1637 2604
1638 2730
1639 5124
1640 3444
1641 3024
1642 2478
1643 2772
1644 5124
1645 2562
1646 4872
1647 5670
1648 5922
1649 8610
1650 5250
1651 3024
1652 2184
1653 4578
1654 3654
1655 2226
1656 2814
1657 2856
1658 3276
1659 5418
1660 2268
1661 1890
1662 4242
1663 3696
1664 3150
1665 3780
1666 4284
1667 4620
1668 3486
1669 2268
1670 3276
1671 3906
1672 4956
1673 6720
1674 3528
1675 8148
1676 2058
1677 1722
1678 3360
1679 3528
1680 2520
1681 4116
1682 2646
1683 5250
1684 4032
1685 4074
1686 2688
1687 4158
1688 3822
1689 2142
1690 2310
1691 4116
1692 5208
1693 3192
1694 4032
1695 3822
1696 3696
1697 2520
1698 3444
1699 5712
1700 4284
1701 3276
1702 7854
1703 2100
1704 2982
1705 3150
1706 5502
1707 5502
1708 5334
1709 5082
1710 10080
1711 4956
1712 2100
1713 5418
1714 3024
1715 8232
1716 2688
1717 2604
1718 6636
1719 1974
1720 3822
1721 3192
1722 2352
1723 1722
1724 5754
1725 2058
1726 4578
1727 4326
1728 2772
1729 5796
1730 10962
1731 5460
1732 4620
1733 5502
1734 4746
1735 2856
1736 3276
1737 5460
1738 2100
1739 4410
1740 3234
1741 8022
1742 4746
1743 3654
1744 2604
1745 5670
1746 3192
1747 4116
1748 3360
1749 3864
1750 3822
1751 2436
1752 3192
1753 4074
1754 4032
1755 5250
1756 1890
1757 2562
1758 6384
1759 4284
1760 4116
1761 3528
1762 4536
1763 3528
1764 4074
1765 7476
1766 3654
1767 3486
1768 3990
1769 1890
1770 2058
1771 5040
1772 2898
1773 4998
1774 5712
1775 4578
1776 2436
1777 2898
1778 6258
1779 3066
1780 2520
1781 1848
1782 4494
1783 3402
1784 2898
1785 3360
1786 2604
1787 5040
1788 3444
1789 2436
1790 2478
1791 5124
1792 2268
1793 3990
1794 2478
1795 6678
1796 4284
1797 2058
1798 3108
1799 3066
1800 6342
1801 3108
1802 1764
1803 2310
1804 6552
1805 3024
1806 4284
1807 2058
1808 2142
1809 2562
1810 3234
1811 1848
1812 3696
1813 7434
1814 2730
1815 2730
1816 7518
1817 4326
1818 3486
1819 2730
1820 3696
1821 3780
1822 6174
1823 2772
1824 2226
1825 4326
1826 3234
1827 5754
1828 4368
1829 5628
1830 3696
1831 2646
1832 4452
1833 2226
1834 1806
1835 3318
1836 5670
1837 5376
1838 3570
1839 6426
1840 5586
1841 2982
1842 1596
1843 3528
1844 5964
1845 3024
1846 3612
1847 6006
1848 2856
1849 4074
1850 1428
1851 5208
1852 2898
1853 7476
1854 1932
1855 2436
1856 2982
1857 4620
1858 2268
1859 2562
1860 3696
1861 3822
1862 2058
1863 3654
1864 3192
1865 4284
1866 8148
1867 4452
1868 1890
1869 3486
1870 2520
1871 2604
1872 2100
1873 1470
1874 2772
1875 5418
1876 4998
1877 3906
1878 2226
1879 3696
1880 2394
1881 2646
1882 4116
1883 5922
1884 3864
1885 2478
1886 6678
1887 2100
1888 2562
1889 2982
1890 3864
1891 1596
1892 2226
1893 3570
1894 2898
1895 3864
1896 2814
1897 2100
1898 2268
1899 3234
1900 3948
1901 4578
1902 4746
1903 4956
1904 5082
1905 2226
1906 3150
1907 2226
1908 2604
1909 1974
1910 2058
1911 2604
1912 3570
1913 3906
1914 4914
1915 2184
1916 3528
1917 5376
1918 6300
1919 2268
1920 1890
1921 2730
1922 7644
1923 3486
1924 2982
1925 3780
1926 2100
1927 1932
1928 2184
1929 4368
1930 1722
1931 2982
1932 5418
1933 2646
1934 2562
1935 4494
1936 2898
1937 2646
1938 3276
1939 2646
1940 3654
1941 2226
1942 4074
1943 2688
1944 2814
1945 3822
1946 2730
1947 2562
1948 3150
1949 2520
1950 6258
1951 3570
1952 3360
1953 2394
1954 9366
1955 3444
1956 3570
1957 2352
1958 5838
1959 4410
1960 2352
1961 7182
1962 2520
1963 5250
1964 2646
1965 2940
1966 1890
1967 4116
1968 3192
1969 3486
1970 3948
1971 3528
1972 2436
1973 5460
1974 2142
1975 4284
1976 2982
1977 3444
1978 4326
1979 2268
1980 3444
1981 3444
1982 2394
1983 4158
1984 1974
1985 2814
1986 4662
1987 4494
1988 4830
1989 2226
1990 5754
1991 2940
1992 4116
1993 1932
1994 4662
1995 1764
1996 3990
1997 3948
1998 3864
1999 6174
2000 1974
2001 2310
2002 3696
2003 1974
2004 2436
2005 3948
2006 2436
2007 4032
2008 2772
2009 2940
2010 2940
2011 2016
2012 2940
2013 2814
2014 2772
2015 4242
2016 5502
2017 9954
2018 3360
2019 4200
2020 4158
2021 8652
2022 2898
2023 4578
2024 6048
2025 2352
2026 9324
2027 7560
2028 6048
2029 2940
2030 3654
2031 2394
2032 3024
2033 1302
2034 3108
2035 3948
2036 2394
2037 2814
2038 1890
2039 3528
2040 4158
2041 2310
2042 1974
2043 4788
2044 2688
2045 2856
2046 3906
2047 2562
2048 5208
2049 3318
2050 3948
2051 2268
2052 1554
2053 2394
2054 7686
2055 2478
2056 3276
2057 2394
2058 3108
2059 2058
2060 4284
2061 3906
2062 1596
2063 2436
2064 6342
2065 2898
2066 4116
2067 1806
2068 4410
2069 2814
2070 1848
2071 1554
2072 2520
2073 4788
2074 4242
2075 1680
2076 1974
2077 7224
2078 3948
2079 1806
2080 1722
2081 2646
2082 2058
2083 3654
2084 2226
2085 2436
2086 2814
2087 2268
2088 3066
2089 2562
2090 5418
2091 2814
2092 1596
2093 2100
2094 2898
2095 1554
2096 3066
2097 3234
2098 2646
2099 1470
2100 3738
2101 3570
2102 5040
2103 5712
2104 3486
2105 2604
2106 1470
2107 4284
2108 2772
2109 2562
2110 1806
2111 3108
2112 1638
2113 2814
2114 1848
2115 2394
2116 4284
2117 5670
2118 3066
2119 2394
2120 2436
2121 2394
2122 3486
2123 2268
2124 2394
2125 2478
2126 1386
2127 4284
2128 5292
2129 2268
2130 1806
2131 1806
2132 3234
2133 2352
2134 3066
2135 2142
2136 2856
2137 3276
2138 2730
2139 5292
2140 5166
2141 1848
2142 2898
2143 3276
2144 4578
2145 1470
2146 4326
2147 3402
2148 2394
2149 2436
2150 2394
2151 2268
2152 4536
2153 3276
2154 3528
2155 2268
2156 2058
2157 5880
2158 6216
2159 8820
2160 5418
2161 7392
2162 3948
2163 1554
2164 3402
2165 3864
2166 3696
2167 3318
2168 3024
2169 3318
2170 3780
2171 3906
2172 4032
2173 3234
2174 2940
2175 3276
2176 6930
2177 4158
2178 2310
2179 2100
2180 2268
2181 2016
2182 3486
2183 1974
2184 4536
2185 5796
2186 3192
2187 2856
2188 3108
2189 3024
2190 1848
2191 5418
2192 5040
2193 3360
2194 3612
2195 8652
2196 4620
2197 2352
2198 2520
2199 7602
2200 4872
2201 2100
2202 2940
2203 5712
2204 3234
2205 1848
2206 3234
2207 2142
2208 2856
2209 3990
2210 3276
2211 2268
2212 2562
2213 3192
2214 4830
2215 4158
2216 2100
2217 4536
2218 3486
2219 4494
2220 4620
2221 2814
2222 3696
2223 4452
2224 4410
2225 1890
2226 5418
2227 7476
2228 5628
2229 3108
2230 2058
2231 6048
2232 2646
2233 1848
2234 3276
2235 1974
2236 6048
2237 3486
2238 3402
2239 3024
2240 3570
2241 2856
2242 3066
2243 2730
2244 4704
2245 5082
2246 4116
2247 3234
2248 3150
2249 2604
2250 3192
2251 3234
2252 5418
2253 2268
2254 2184
2255 5964
2256 2394
2257 2940
2258 4662
2259 1470
2260 2520
2261 9156
2262 3276
2263 1932
2264 5544
2265 2688
2266 2310
2267 3066
2268 1806
2269 2100
2270 2940
2271 2226
2272 1764
2273 2394
2274 2604
2275 2058
2276 1554
2277 3234
2278 2352
2279 3822
2280 6006
2281 2982
2282 4074
2283 2058
2284 3192
2285 2982
2286 5922
2287 4368
2288 4830
2289 2730
2290 2646
2291 2310
2292 4662
2293 4620
2294 1554
2295 3066
2296 1680
2297 2562
2298 4494
2299 1722
2300 1890
2301 2142
2302 3234
2303 2016
2304 5418
2305 2142
2306 3024
2307 3066
2308 2688
2309 5418
2310 2604
2311 1764
2312 3990
2313 4452
2314 2478
Unexpected message received for job 1048239
2315 4368
2316 3444
2317 3066
2318 2478
Unexpected message received for job 1048239
2319 8022
2320 2730
2321 2016
2322 1638
2323 3234
2324 2352
2325 3192
2326 3612
2327 1848
2328 2478
2329 3612
2330 5418
2331 5166
2332 2646
2333 2142
2334 2856
2335 1344
2336 3108
2337 2982
2338 5502
2339 5376
2340 4746
2341 3108
2342 2058
2343 2310
2344 1638
2345 3486
2346 3612
2347 1470
2348 4032
2349 5166
2350 2898
2351 2520
2352 1428
2353 2814
2354 2100
2355 5796
2356 4074
2357 2436
2358 1890
2359 3486
2360 2016
2361 2898
2362 3318
2363 3024
2364 2478
2365 1848
2366 4620
2367 3696
2368 1806
2369 3822
2370 5082
2371 2352
2372 2940
2373 3444
2374 2520
2375 4032
2376 3612
2377 1596
2378 2268
2379 2100
2380 2436
2381 4032
2382 4284
2383 4662
2384 2268
2385 1974
2386 4410
2387 3696
2388 1680
2389 4956
2390 2898
2391 1932
2392 3234
2393 6762
2394 3108
2395 1806
2396 2058
2397 3066
2398 2772
2399 1596
2400 4368
2401 2772
2402 4326
2403 6426
2404 9702
2405 4746
2406 4956
2407 1848
2408 2394
2409 1764
2410 1806
2411 1512
2412 1974
2413 2520
2414 2940
2415 1848
2416 2058
2417 1806
2418 3906
2419 2058
2420 4284
2421 4620
2422 2646
2423 2478
2424 5544
2425 3108
2426 3780
2427 2730
2428 2184
2429 4746
2430 1554
2431 2226
2432 1806
2433 5964
2434 2940
2435 3486
2436 2688
2437 3150
2438 4284
2439 5166
2440 2268
2441 4032
2442 2436
2443 4536
2444 3696
2445 2142
2446 3990
2447 2016
2448 2520
2449 4956
2450 2520
2451 6678
2452 4074
2453 3276
2454 2562
2455 1932
2456 2016
2457 3192
2458 3612
2459 2604
2460 1680
2461 2940
2462 1722
2463 2268
2464 4074
2465 6636
2466 2604
2467 2016
2468 3570
2469 2268
2470 3066
2471 4326
2472 2184
2473 3738
2474 2982
2475 4326
2476 3738
2477 4536
2478 3948
2479 2310
2480 4032
2481 2982
2482 3108
2483 7056
2484 5880
2485 1806
2486 6174
2487 1722
2488 4326
2489 2058
2490 2142
2491 1974
2492 2520
2493 2982
2494 3192
2495 4410
2496 1596
2497 2856
2498 3864
2499 2982
2500 5082
2501 4620
2502 7518
2503 3360
2504 7392
2505 1680
2506 3150
2507 2394
2508 1764
2509 3444
2510 2142
2511 2142
2512 4284
2513 1848
2514 3696
2515 9324
2516 3318
2517 1638
2518 2562
2519 2100
2520 1680
2521 2268
2522 1764
2523 4452
2524 2436
2525 2730
2526 4032
2527 5502
2528 3948
2529 1722
2530 4452
2531 1890
2532 5166
2533 3108
2534 1638
2535 2268
2536 4998
2537 2100
2538 4620
2539 4410
2540 1680
2541 4116
2542 1470
2543 1806
2544 3822
2545 3654
2546 1848
2547 4284
2548 2184
2549 2940
2550 6804
2551 4074
2552 4452
2553 5586
2554 3738
2555 4284
2556 1890
2557 2058
2558 4158
2559 2310
2560 3402
2561 4872
2562 3990
2563 1932
2564 4284
2565 3738
2566 2856
2567 1470
2568 3780
2569 2604
2570 3696
2571 4536
2572 2268
2573 2688
2574 2394
2575 3192
2576 5082
2577 3990
2578 2310
2579 3066
2580 3234
2581 5166
2582 2646
2583 3822
2584 3486
2585 1764
2586 5376
2587 2772
2588 2940
2589 4578
2590 2940
2591 1890
2592 2058
2593 3990
2594 1764
2595 2268
2596 4200
2597 2646
2598 4116
2599 5418
2600 3654
2601 2184
2602 3108
2603 1722
2604 2436
2605 5376
2606 3864
2607 6552
2608 3150
2609 1890
2610 3444
2611 4242
2612 3780
2613 2646
2614 5754
2615 6258
2616 2856
2617 2100
2618 2478
2619 2604
2620 5460
2621 1974
2622 4242
2623 3612
2624 1974
2625 3696
2626 2604
2627 2142
2628 2142
2629 1638
2630 2646
2631 2646
2632 2478
2633 4956
2634 3654
2635 2772
2636 1680
2637 2226
2638 3276
2639 5124
2640 2898
2641 4158
2642 3864
2643 2352
2644 1932
2645 4158
2646 2982
2647 2142
2648 2730
2649 2688
2650 3906
2651 2310
2652 3108
2653 3402
2654 2016
2655 1596
2656 2310
2657 4326
2658 3318
2659 2478
2660 2604
2661 3066
2662 3822
2663 1680
2664 4410
2665 2520
2666 1974
2667 2646
2668 4074
2669 1722
2670 2520
2671 3486
2672 1596
2673 2604
2674 2604
2675 2058
2676 5712
2677 1680
2678 3612
2679 3402
2680 4914
2681 2940
2682 4998
2683 4914
2684 1848
2685 1932
2686 2940
2687 2520
2688 1596
2689 2478
2690 3486
2691 3444
2692 5418
2693 1722
2694 4242
2695 2184
2696 2226
2697 2982
2698 1890
2699 1764
2700 6048
2701 6048
2702 3906
2703 3486
2704 6468
2705 3150
2706 2184
2707 4032
2708 3906
2709 2394
2710 3528
2711 2436
2712 2898
2713 5796
2714 2394
2715 3528
2716 3486
2717 2814
2718 3654
2719 4578
2720 5838
2721 6384
2722 1512
2723 4284
2724 3066
2725 3738
2726 4998
2727 3402
2728 2814
2729 2352
2730 3780
2731 5334
2732 1302
2733 2562
2734 1848
2735 3150
2736 3528
2737 6426
2738 8526
2739 2898
2740 3066
2741 3276
2742 4368
2743 3276
2744 2016
2745 2226
2746 3360
2747 4158
2748 2310
2749 3864
2750 2310
2751 3234
2752 3150
2753 4662
2754 1974
2755 3276
2756 2352
2757 2310
2758 3780
2759 2520
2760 3108
2761 3738
2762 4662
2763 4284
2764 2184
2765 2982
2766 3150
2767 6132
2768 1932
2769 2016
2770 1806
2771 2310
2772 3402
2773 2982
2774 7686
2775 4746
2776 7854
2777 3444
2778 2730
2779 4116
2780 5628
2781 3360
2782 5250
2783 2016
2784 3402
2785 2772
2786 3024
2787 3360
2788 1932
2789 4830
2790 2478
2791 5334
2792 2562
2793 4200
2794 4704
2795 2520
2796 7560
2797 6594
2798 3822
2799 3612
2800 3318
2801 4788
2802 2268
2803 3192
2804 2646
2805 1302
2806 1470
2807 1512
2808 2940
2809 2772
2810 2184
2811 2226
2812 3402
2813 5460
2814 2898
2815 2184
2816 2688
2817 4116
2818 2940
2819 4158
2820 2940
2821 1638
2822 1428
2823 2604
2824 4200
2825 2520
2826 3066
2827 3906
2828 2814
2829 5418
2830 4788
2831 2688
2832 1932
2833 3780
2834 1638
2835 1638
2836 1974
2837 2436
2838 3150
2839 6048
2840 1596
2841 3066
2842 1932
2843 4746
2844 1554
2845 3318
2846 2184
2847 4326
2848 2898
2849 3444
2850 1428
2851 3108
2852 2100
2853 5166
2854 2016
2855 2982
2856 1554
2857 4578
2858 4410
2859 2226
2860 2898
2861 1806
2862 1974
2863 2352
2864 1932
2865 3318
2866 3234
2867 3612
2868 3360
2869 1428
2870 6720
2871 3738
2872 2058
2873 4032
2874 3150
2875 7056
2876 2352
2877 4620
2878 3612
2879 1428
2880 1974
2881 2772
2882 1764
2883 2352
2884 4956
2885 4494
2886 2436
2887 2436
2888 2352
2889 2268
2890 2142
2891 1554
2892 2268
2893 2058
2894 1260
2895 2268
2896 2772
2897 4872
2898 2184
2899 1974
2900 2940
2901 4410
2902 3192
2903 4326
2904 3066
2905 4494
2906 2814
2907 4788
2908 2394
2909 1596
2910 1974
2911 5712
2912 2814
2913 3528
2914 1764
2915 1764
2916 5208
2917 1680
2918 1932
2919 2310
2920 5166
2921 1764
2922 1890
2923 2730
2924 2226
2925 1848
2926 2310
2927 2772
2928 2352
2929 1848
2930 4662
2931 2604
2932 2226
2933 4284
2934 6930
2935 4326
2936 2310
2937 3024
2938 7140
2939 3822
2940 1596
2941 4074
2942 4494
2943 2730
2944 2856
2945 3108
2946 3234
2947 1806
2948 2604
2949 1848
2950 2100
2951 2940
2952 2268
2953 2982
2954 2436
2955 2562
2956 2100
2957 2184
2958 6132
2959 3234
2960 2184
2961 2772
2962 1806
2963 2268
2964 2352
2965 3612
2966 1302
2967 1764
2968 1722
2969 1722
2970 2184
2971 3276
2972 3150
2973 1848
2974 2562
2975 3486
2976 2310
2977 5586
2978 3150
2979 2100
2980 1932
2981 2478
2982 3066
2983 1806
2984 3864
2985 2184
2986 5628
2987 3150
2988 3654
2989 3024
2990 2394
2991 2562
2992 3570
2993 4788
2994 2058
2995 2436
2996 2100
2997 3024
2998 4914
2999 2898
3000 3024
3001 2898
3002 1344
3003 3150
3004 1680
3005 7392
3006 2688
3007 1344
3008 3192
3009 2016
3010 2772
3011 2688
3012 1302
3013 3192
3014 1260
3015 2856
3016 3402
3017 3864
3018 1512
3019 1554
3020 2520
3021 2394
3022 3948
3023 4284
3024 4536
3025 1764
3026 1470
3027 3276
3028 1806
3029 2352
3030 1974
3031 1764
3032 1932
3033 4116
3034 2394
3035 4158
3036 4032
3037 3318
3038 1974
3039 3150
3040 3024
3041 2982
3042 1512
3043 1890
3044 2394
3045 1554
3046 1680
3047 4074
3048 4704
3049 2730
3050 2940
3051 2898
3052 1638
3053 4788
3054 4116
3055 1386
3056 2982
3057 1470
3058 7518
3059 2730
3060 2268
3061 3276
3062 1554
3063 1806
3064 3528
3065 1890
3066 3150
3067 2058
3068 2016
3069 1890
3070 6426
3071 2226
3072 2478
3073 1806
3074 1890
3075 1974
3076 3318
3077 2646
3078 2226
3079 2814
3080 2142
3081 2478
3082 5124
3083 1722
3084 1890
3085 1428
3086 3318
3087 1764
3088 2646
3089 2772
3090 2226
3091 1890
3092 1512
3093 2310
3094 2058
3095 3066
3096 2436
3097 3234
3098 3612
3099 2688
3100 5166
3101 2688
3102 2520
3103 3696
3104 2940
3105 1344
3106 2646
3107 3318
3108 1848
3109 1260
3110 1890
3111 4032
3112 2268
3113 2310
3114 1638
3115 2100
3116 3360
3117 3318
3118 1512
3119 2688
3120 2940
3121 2520
3122 2646
3123 1596
3124 1554
3125 1890
3126 1848
3127 1638
3128 1554
3129 1890
3130 1596
3131 2268
3132 1806
3133 2646
3134 2688
3135 1554
3136 3192
3137 1848
3138 2604
3139 1806
3140 2940
3141 1554
3142 2226
3143 1806
3144 1806
3145 2688
3146 2352
3147 2268
3148 2730
3149 1806
3150 1260
3151 2520
3152 2142
3153 2016
3154 1764
3155 2184
3156 2562
3157 2520
3158 2310
3159 1260
3160 2310
3161 1470
3162 1638
3163 2940
3164 2688
3165 1470
3166 2982
3167 1680
3168 4284
3169 4830
3170 2100
3171 2058
3172 1680
3173 2940
3174 1680
3175 1638
3176 2772
3177 2478
3178 1554
3179 1470
3180 2688
3181 1932
3182 2688
3183 2646
3184 1764
3185 1386
3186 2100
3187 2310
3188 2100
3189 3402
3190 1764
3191 3612
3192 1428
3193 2310
3194 2058
3195 3654
3196 1386
3197 1680
3198 1722
3199 4200
3200 1638
3201 2898
3202 1638
3203 2898
3204 1638
3205 2730
3206 1890
3207 2436
3208 2898
3209 2688
3210 3948
3211 3738
3212 3108
3213 1470
Unexpected message received for job 1048239
3214 4116
3215 2982
3216 1596
3217 2772
Unexpected message received for job 1048239
3218 3528
3219 1638
3220 4158
3221 1932
3222 2100
3223 2478
3224 2730
3225 2478
3226 1890
3227 3948
3228 3192
3229 1428
3230 1428
3231 2646
3232 3360
3233 5166
3234 1302
3235 1806
3236 2604
3237 2226
3238 1932
3239 2268
3240 2982
3241 1722
3242 1428
3243 1512
3244 1806
3245 3192
3246 2058
3247 1890
3248 1638
3249 1680
3250 2562
3251 1932
3252 2520
3253 1974
3254 1344
3255 1932
3256 1974
3257 2100
3258 2058
3259 2016
3260 2310
3261 1596
3262 2352
3263 1680
3264 1806
3265 2310
3266 3234
3267 1596
3268 1512
3269 1638
3270 1722
3271 2604
3272 1974
3273 3192
3274 1806
3275 2142
3276 1218
3277 1890
3278 2058
3279 1218
3280 1764
3281 2730
3282 1470
3283 2982
3284 2142
3285 1512
3286 4788
3287 1806
3288 2058
3289 2814
3290 2058
3291 2814
3292 3024
3293 1260
3294 2016
3295 1470
3296 2688
3297 1344
3298 2016
3299 1680
3300 1848
3301 2100
3302 2352
3303 2814
3304 1722
3305 1764
3306 2142
3307 2940
3308 1470
3309 2058
3310 1554
3311 3444
3312 2688
3313 1470
3314 1806
3315 1722
3316 1554
3317 2016
3318 1806
3319 3024
3320 2562
3321 1470
3322 2898
3323 3024
3324 1890
3325 1260
3326 1806
3327 1764
3328 2268
3329 1512
3330 3024
3331 1554
3332 1722
3333 1890
3334 2394
3335 1680
3336 1722
3337 1386
3338 1764
3339 1722
3340 2100
3341 1890
3342 1512
3343 2268
3344 2058
3345 3528
3346 1512
3347 2184
3348 1470
3349 3192
3350 1932
3351 2520
3352 1428
3353 1302
3354 1932
3355 1470
3356 4578
3357 2394
3358 1932
3359 2226
3360 3192
3361 2562
3362 2100
3363 1386
3364 2100
3365 2310
3366 2268
3367 2604
3368 4284
3369 1806
3370 2604
3371 4998
3372 3276
3373 2184
3374 1932
3375 2604
3376 2268
3377 2016
3378 1596
3379 2310
3380 1890
3381 1596
3382 1764
3383 1890
3384 1554
3385 2688
3386 1890
3387 1680
3388 2310
3389 1764
3390 1722
3391 2016
3392 2184
3393 1344
3394 2226
3395 2310
3396 1596
3397 1302
3398 1344
3399 2646
3400 1932
3401 1932
3402 1470
3403 1890
3404 1680
3405 1680
3406 2562
3407 1638
3408 2100
3409 1638
3410 1764
3411 2730
3412 2814
3413 1638
3414 1386
3415 1680
3416 2100
3417 2142
3418 2226
3419 1974
3420 2856
3421 1512
3422 2352
3423 2184
3424 1722
3425 1638
3426 1386
3427 2268
3428 4032
3429 1596
3430 1806
3431 2730
3432 1680
3433 4032
3434 1932
3435 1554
3436 2940
3437 3150
3438 2310
3439 1806
3440 2142
3441 2100
3442 1848
3443 1680
3444 1764
3445 2058
3446 1596
3447 2142
3448 1722
3449 3402
3450 1344
3451 1638
3452 1974
3453 1386
3454 1932
3455 1386
3456 1932
3457 3108
3458 3318
3459 1470
3460 1848
3461 3234
3462 2058
3463 2562
3464 2436
3465 1848
3466 1512
3467 2142
3468 1428
3469 2016
3470 1596
3471 3864
3472 2856
3473 3066
3474 2352
3475 1428
3476 1932
3477 1344
3478 3864
3479 2142
3480 1428
3481 1470
3482 2100
3483 2436
3484 1764
3485 1806
3486 1554
3487 1890
3488 1974
3489 2226
3490 2604
3491 1554
3492 1554
3493 2898
3494 1428
3495 1680
3496 1554
3497 1512
3498 2226
3499 2268
3500 2394
3501 2982
3502 3360
3503 2058
3504 1470
3505 1218
3506 2814
3507 2730
3508 2142
3509 1218
3510 1428
3511 2940
3512 1302
3513 1722
3514 2268
3515 1554
3516 1386
3517 1260
3518 1428
3519 3822
3520 3864
3521 2646
3522 4032
3523 6048
3524 6552
3525 1302
3526 2016
3527 2688
3528 2730
3529 2100
3530 1512
3531 2814
3532 1470
3533 2352
3534 2646
3535 2058
3536 1554
3537 2016
3538 2982
3539 1344
3540 1302
3541 1764
3542 4158
3543 1260
3544 1932
3545 1302
3546 1386
3547 1512
3548 1932
3549 1554
3550 1848
3551 1974
3552 1512
3553 2688
3554 1512
3555 1470
3556 5712
3557 2856
3558 1386
3559 1344
3560 2142
3561 2520
3562 1764
3563 1260
3564 1512
3565 1260
3566 1764
3567 2226
3568 2268
3569 3780
3570 1722
3571 1932
3572 5586
3573 2688
3574 1470
3575 1638
3576 2058
3577 2856
3578 1890
3579 1848
3580 2058
3581 2352
3582 2520
3583 2016
3584 1638
3585 1764
3586 1470
3587 2100
3588 2478
3589 2520
3590 2730
3591 1470
3592 1470
3593 2856
3594 6720
3595 3360
3596 1470
3597 1680
3598 1512
3599 3906
3600 1554
3601 3906
3602 2730
3603 1722
3604 1302
3605 1302
3606 1302
3607 1596
3608 2394
3609 2226
3610 2142
3611 2478
3612 1344
3613 2226
3614 1386
3615 1260
3616 1974
3617 1512
3618 1512
3619 1596
3620 1554
3621 1386
3622 2436
3623 1932
3624 1344
3625 1890
3626 1386
3627 2100
3628 1512
3629 1680
3630 2352
3631 2520
3632 1260
3633 1470
3634 1848
3635 2982
3636 1512
3637 1764
3638 1848
3639 1302
3640 2478
3641 2436
3642 1302
3643 1680
3644 2226
3645 1638
3646 2058
3647 1806
3648 1302
3649 1806
3650 2100
3651 1848
3652 1848
3653 4158
3654 1344
3655 1722
3656 2100
3657 3612
3658 1260
3659 2394
3660 2142
3661 1932
3662 2772
3663 1386
3664 1932
3665 1764
3666 1302
3667 2058
3668 1554
3669 1764
3670 1554
3671 1428
3672 1302
3673 1386
3674 1386
3675 2604
3676 1680
3677 3738
3678 1848
3679 1470
3680 1386
3681 1554
3682 1806
3683 2058
3684 2310
3685 1722
3686 1386
3687 1386
3688 2058
3689 1764
3690 1596
3691 1806
3692 2142
3693 1848
3694 1512
3695 1638
3696 1302
3697 1638
3698 2058
3699 1428
3700 1470
3701 1386
3702 1386
3703 1680
3704 2184
3705 1848
3706 1470
3707 1848
3708 2142
3709 1218
3710 1932
3711 2100
3712 1512
3713 1596
3714 2352
3715 1428
3716 2100
3717 1512
3718 1848
3719 1428
3720 1596
3721 2268
3722 1974
3723 2394
3724 4200
3725 1512
3726 1302
3727 1260
3728 1764
3729 2016
3730 1974
3731 1428
3732 1344
3733 1890
3734 1680
3735 1848
3736 1890
3737 1596
3738 1638
3739 1428
3740 2184
3741 1890
3742 2856
3743 1764
3744 2142
3745 1764
3746 4494
3747 2352
3748 1554
3749 1638
3750 2310
3751 1302
3752 1512
3753 1848
3754 1848
3755 3528
3756 2730
3757 1386
3758 2142
3759 2016
3760 1806
3761 1764
3762 1932
3763 2352
3764 3402
3765 1806
3766 1302
3767 1974
3768 1344
3769 2310
3770 1932
3771 1554
3772 1848
3773 3864
3774 1974
3775 1302
3776 1554
3777 1974
3778 1722
3779 1554
3780 1722
3781 1386
3782 2646
3783 1428
3784 2352
3785 1974
3786 2688
3787 1470
3788 2436
3789 2184
3790 2184
3791 2982
3792 1806
3793 1260
3794 2016
3795 5460
3796 2814
3797 4074
3798 2016
3799 2772
3800 2058
3801 3234
3802 1428
3803 2016
3804 2100
3805 2394
3806 1974
3807 1680
3808 2814
3809 3318
3810 1722
3811 3318
3812 4536
3813 2016
3814 2142
3815 1974
3816 2562
3817 1386
3818 3864
3819 2352
3820 2562
3821 2940
3822 1554
3823 2520
3824 1680
3825 7308
3826 3444
3827 1470
3828 2940
3829 3654
3830 2184
3831 1428
3832 1386
3833 1890
3834 2898
3835 1764
3836 2226
3837 3528
3838 1680
3839 3192
3840 1974
3841 2604
3842 2268
3843 6132
3844 1932
3845 2604
3846 4200
3847 1932
3848 5796
3849 1638
3850 1386
3851 1470
3852 3276
3853 2562
3854 2268
3855 2142
3856 3486
3857 1386
3858 1386
3859 4200
3860 1554
3861 4536
3862 1554
3863 1722
3864 1260
3865 1512
3866 2058
3867 1344
3868 1512
3869 1890
3870 1302
3871 1512
3872 1470
3873 1848
3874 5040
3875 1974
3876 2058
3877 1554
3878 2100
3879 1932
3880 1512
3881 1932
3882 2352
3883 1344
3884 1848
3885 1722
3886 2814
3887 1344
3888 1512
3889 1512
3890 1302
3891 1302
3892 2142
3893 1974
3894 2394
3895 2688
3896 2982
3897 2436
3898 2016
3899 2268
3900 3234
3901 1722
3902 4872
3903 1260
3904 3066
3905 1932
3906 2310
3907 1512
3908 1218
3909 2100
3910 5208
3911 5124
3912 1890
3913 1932
3914 1890
3915 1512
3916 1974
3917 3696
3918 2058
3919 1764
3920 2772
3921 3234
3922 3108
3923 3780
3924 2730
3925 1218
3926 2142
3927 1512
3928 4914
3929 1386
3930 2058
3931 1806
3932 1764
3933 2730
3934 1344
3935 1302
3936 1596
3937 1218
3938 2352
3939 1344
3940 2058
3941 1512
3942 1470
3943 2478
3944 2856
3945 4032
3946 1806
3947 3486
3948 2394
3949 6384
3950 3360
3951 1848
3952 3108
3953 2520
3954 1638
3955 1386
3956 2100
3957 8358
3958 8526
3959 2772
3960 2226
3961 2940
3962 4998
3963 2646
3964 1260
3965 1806
3966 2310
3967 1596
3968 1260
3969 1470
3970 2394
3971 1428
3972 1512
3973 1302
3974 1848
3975 2016
3976 1806
3977 1512
3978 2730
3979 1512
3980 1680
3981 1722
3982 1848
3983 1512
3984 1764
3985 1722
3986 2268
3987 1512
3988 1344
3989 1890
3990 1470
3991 2394
3992 1974
3993 2016
3994 1806
3995 1806
3996 1722
3997 1512
3998 1344
3999 2310
4000 1596
4001 2646
4002 2310
4003 1428
4004 1218
4005 1344
4006 1848
4007 1386
4008 2982
4009 1428
4010 2688
4011 3654
4012 1848
4013 3696
4014 1554
4015 1218
4016 5502
4017 2478
4018 3570
4019 2226
4020 2940
4021 3780
4022 1890
4023 1638
4024 1470
4025 1638
4026 1806
4027 2352
4028 1722
4029 2100
4030 1764
4031 1386
4032 1470
4033 1890
4034 1680
4035 2394
4036 2814
4037 1848
4038 1302
4039 1722
4040 2058
4041 1848
4042 1638
4043 2268
4044 2268
4045 1680
4046 1932
4047 1428
4048 1344
4049 2100
4050 2142
4051 1764
4052 1386
4053 2226
4054 1848
4055 1554
4056 1344
4057 2058
4058 1428
4059 3696
4060 1386
4061 1974
4062 2394
4063 1932
4064 2100
4065 1344
4066 2982
4067 1428
4068 2898
4069 1764
4070 1764
4071 1596
4072 1764
4073 2058
4074 1638
4075 2352
4076 1302
4077 2058
4078 1386
4079 2016
4080 1260
4081 2520
4082 1554
4083 1848
4084 1680
4085 1470
4086 2646
4087 1554
4088 1386
4089 1470
4090 1848
4091 1218
4092 2142
4093 2394
4094 2268
4095 1344
4096 1680
4097 1764
4098 1512
4099 1470
4100 4662
4101 1890
4102 1554
4103 1344
4104 1302
4105 3654
4106 1512
4107 1512
4108 2058
4109 1890
4110 1386
4111 1722
4112 2142
4113 2058
4114 1260
4115 1302
4116 1638
4117 1554
4118 1764
4119 2016
4120 2772
4121 1344
4122 1260
4123 1470
4124 1386
4125 2184
4126 1344
4127 2184
4128 1890
4129 2184
4130 3822
4131 3444
4132 2352
4133 2226
4134 2646
4135 1722
4136 4830
4137 2352
4138 1638
4139 1302
4140 1848
4141 1764
4142 1554
4143 3402
4144 1260
4145 1932
4146 1848
4147 1722
4148 1596
4149 1764
4150 1764
4151 1260
4152 2352
4153 1428
4154 1974
4155 1302
4156 1932
4157 1386
4158 3360
4159 2184
4160 1848
4161 1596
4162 5586
4163 1386
4164 2142
4165 1386
4166 2352
4167 1302
4168 2814
4169 1764
4170 1764
4171 1890
4172 1260
4173 3066
4174 1218
4175 1890
4176 4998
4177 1806
4178 3276
4179 5922
4180 3066
4181 1512
4182 3990
4183 5208
4184 3108
4185 4578
4186 2352
4187 1764
4188 2142
4189 2268
4190 1680
4191 2604
4192 1932
4193 2394
4194 1638
4195 1260
4196 1512
4197 2688
4198 1764
4199 1386
4200 2982
4201 1344
4202 2352
4203 1764
4204 4410
4205 1428
4206 1806
4207 1680
4208 1386
4209 3570
4210 2898
4211 1848
4212 1680
4213 1932
4214 1512
4215 1554
4216 1764
4217 1680
4218 1638
4219 1638
4220 1764
4221 1344
4222 3150
4223 1386
4224 4074
4225 1722
4226 2520
4227 1638
4228 2058
4229 1470
4230 1974
4231 1848
4232 1974
4233 2520
4234 2310
4235 2058
4236 3486
4237 1386
4238 3192
4239 3150
4240 1764
4241 3738
4242 2436
4243 1722
4244 1344
4245 2142
4246 1890
4247 2184
4248 2772
4249 3738
4250 1470
4251 1596
4252 2142
4253 1680
4254 1848
4255 1596
4256 2436
4257 1428
4258 1428
4259 1638
4260 1848
4261 1470
4262 1680
4263 1470
4264 2814
4265 1974
4266 2142
4267 1386
4268 1722
4269 2058
4270 3192
4271 4662
4272 4536
4273 4284
4274 1260
4275 2058
4276 1470
4277 1302
4278 1344
4279 1974
4280 1512
4281 1344
4282 1680
4283 1386
Unexpected message received for job 1048239
4284 1470
4285 1218
4286 1302
4287 1260
4288 1512
Unexpected message received for job 1048239
4289 2394
4290 2394
4291 1932
4292 2310
4293 2352
4294 1428
4295 2352
4296 1596
4297 1386
4298 1554
4299 1806
4300 1890
4301 1890
4302 1806
4303 1470
4304 1848
4305 1596
4306 2646
4307 1302
4308 2058
4309 1554
4310 1596
4311 2058
4312 1848
4313 2142
4314 1848
4315 1512
4316 1890
4317 1848
4318 1932
4319 1344
4320 1512
4321 2058
4322 1848
4323 1932
4324 1428
4325 2394
4326 1176
4327 1638
4328 4704
4329 1554
4330 2982
4331 1722
4332 3318
4333 2562
4334 1848
4335 2142
4336 1428
4337 1680
4338 1638
4339 2100
4340 4662
4341 2814
4342 2142
4343 1554
4344 1386
4345 2520
4346 3486
4347 2142
4348 1386
4349 2352
4350 1764
4351 1596
4352 3024
4353 1428
4354 1554
4355 2898
4356 2268
4357 1386
4358 5250
4359 1302
4360 1722
4361 1638
4362 1344
4363 3276
4364 1428
4365 1260
4366 1722
4367 1764
4368 1344
4369 1680
4370 1344
4371 2016
4372 1386
4373 1302
4374 1722
4375 1386
4376 1260
4377 1344
4378 1470
4379 1260
4380 2184
4381 1470
4382 1428
4383 1260
4384 1680
4385 1680
4386 1512
4387 3150
4388 3150
4389 1470
4390 1344
4391 1764
4392 1344
4393 2100
4394 1890
4395 2352
4396 3318
4397 2478
4398 1890
4399 4284
4400 2100
4401 4452
4402 3024
4403 2856
4404 3864
4405 3864
4406 1680
4407 2184
4408 3822
4409 2016
4410 3192
4411 5754
4412 1512
4413 1302
4414 1848
4415 2898
4416 4914
4417 2058
4418 1638
4419 2982
4420 2142
4421 1428
4422 1176
4423 1428
4424 1344
4425 1554
4426 1512
4427 2100
4428 1638
4429 1218
4430 1764
4431 2310
4432 1470
4433 1638
4434 1302
4435 1806
4436 1470
4437 1470
4438 1386
4439 1470
4440 1386
4441 1596
4442 1974
4443 1302
4444 1470
4445 1260
4446 3192
4447 2646
4448 1386
4449 2142
4450 3402
4451 3612
4452 3822
4453 1512
4454 1386
4455 1554
4456 3234
4457 1848
4458 2478
4459 2436
4460 1806
4461 1344
4462 1932
4463 1554
4464 1890
4465 1344
4466 1344
4467 1932
4468 1512
4469 2100
4470 1554
4471 1554
4472 1386
4473 1260
4474 1764
4475 1218
4476 1302
4477 2688
4478 1848
4479 3024
4480 2226
4481 2268
4482 1848
4483 2142
4484 1554
4485 1638
4486 2100
4487 1218
4488 1428
4489 1386
4490 1848
4491 1470
4492 2478
4493 1722
4494 1260
4495 2688
4496 2604
4497 1386
4498 1470
4499 1386
4500 1344
4501 1344
4502 2142
4503 1890
4504 1554
4505 1428
4506 1848
4507 1428
4508 1680
4509 1722
4510 1596
4511 1764
4512 1470
4513 1806
4514 2100
4515 1512
4516 2394
4517 1470
4518 1470
4519 2226
4520 2100
4521 1764
4522 1554
4523 1596
4524 1512
4525 1344
4526 1386
4527 1386
4528 1260
4529 1890
4530 3570
4531 1386
4532 1302
4533 1554
4534 1722
4535 1512
4536 2142
4537 2394
4538 2688
4539 1722
4540 2058
4541 1260
4542 2100
4543 1764
4544 2646
4545 1554
4546 2016
4547 1344
4548 1932
4549 1386
4550 2058
4551 4578
4552 2688
4553 1806
4554 1428
4555 2310
4556 2142
4557 1638
4558 2100
4559 1764
4560 2394
4561 6090
4562 1764
4563 1806
4564 2016
4565 3192
4566 2016
4567 1722
4568 2100
4569 1470
4570 3276
4571 1638
4572 2142
4573 1554
4574 1554
4575 2730
4576 1554
4577 1722
4578 1848
4579 1302
4580 4200
4581 3402
4582 2184
4583 1722
4584 1260
4585 3864
4586 1386
4587 1974
4588 1722
4589 1302
4590 1596
4591 1344
4592 2184
4593 2142
4594 3066
4595 1554
4596 1344
4597 1470
4598 1806
4599 2646
4600 1932
4601 2142
4602 2310
4603 6888
4604 1470
4605 2772
4606 2184
4607 1890
4608 7812
4609 3024
4610 2142
4611 5250
4612 1890
4613 1596
4614 1260
4615 4158
4616 2940
4617 1344
4618 1680
4619 1428
4620 1680
4621 1806
4622 1596
4623 3948
4624 3150
4625 4704
4626 1680
4627 2562
4628 3234
4629 1596
4630 1722
4631 2604
4632 2520
4633 2100
4634 1596
4635 2016
4636 1512
4637 2016
4638 1470
4639 1638
4640 1890
4641 4284
4642 1680
4643 1344
4644 3444
4645 5796
4646 4578
4647 2478
4648 2100
4649 3066
4650 1806
4651 2016
4652 1722
4653 6426
4654 2184
4655 2478
4656 1302
4657 2604
4658 4704
4659 2562
4660 3318
4661 1596
4662 2142
4663 1596
4664 1428
4665 1260
4666 1806
4667 2730
4668 2394
4669 1890
4670 3150
4671 4368
4672 1302
4673 9912
4674 1470
4675 2058
4676 1554
4677 1428
4678 2436
4679 1848
4680 4662
4681 1344
4682 4578
4683 2016
4684 1974
4685 2394
4686 1596
4687 1512
4688 1386
4689 4284
4690 2058
4691 1344
4692 1764
4693 1344
4694 3612
4695 1428
4696 1470
4697 1386
4698 2772
4699 6048
4700 1386
4701 1596
4702 2688
4703 2646
4704 2058
4705 3192
4706 3234
4707 2352
4708 1764
4709 1386
4710 1470
4711 1428
4712 1218
4713 1512
4714 1806
4715 3234
4716 5922
4717 3612
4718 2688
4719 7308
4720 3444
4721 4326
4722 8358
4723 1806
4724 1638
4725 1890
4726 1470
4727 1260
4728 1638
4729 1386
4730 1386
4731 1344
4732 1386
4733 1428
4734 2352
4735 4620
4736 6972
4737 1596
4738 8484
4739 2100
4740 1470
4741 1428
4742 1806
4743 1722
4744 6552
4745 1344
4746 1344
4747 1932
4748 1638
4749 1260
4750 1260
4751 1386
4752 1386
4753 1470
4754 1470
4755 1470
4756 2058
4757 5880
4758 1596
4759 2310
4760 1344
4761 2352
4762 1596
4763 1344
4764 1680
4765 1260
4766 1596
4767 1932
4768 1344
4769 5208
4770 1470
4771 2268
4772 1890
4773 1680
4774 3024
4775 4998
4776 4704
4777 6720
4778 1428
4779 1554
4780 2142
4781 9114
4782 1386
4783 1218
4784 1428
4785 1806
4786 1260
4787 2604
4788 1638
4789 1302
4790 1386
4791 1764
4792 1302
4793 1344
4794 1722
4795 1344
4796 1428
4797 1386
4798 1722
4799 2100
4800 1722
4801 1680
4802 1344
4803 1554
4804 1470
4805 3906
4806 1806
4807 3150
4808 1596
4809 1470
4810 1638
4811 1260
4812 1932
4813 1344
4814 1302
4815 1302
4816 1764
4817 1722
4818 1554
4819 1260
4820 2436
4821 1386
4822 2436
4823 1260
4824 1470
4825 3360
4826 1596
4827 1554
4828 5586
4829 1386
4830 3150
4831 1848
4832 1302
4833 1428
4834 1386
4835 1302
4836 1764
4837 2100
4838 1470
4839 1470
4840 1512
4841 1302
4842 1302
4843 1260
4844 1344
4845 1386
4846 1260
4847 2898
4848 1974
4849 2268
4850 2184
4851 1344
4852 1260
4853 1554
4854 1806
4855 1344
4856 1260
4857 1344
4858 1638
4859 1386
4860 2394
4861 1344
4862 1638
4863 1554
4864 1344
4865 1554
4866 2436
4867 1428
4868 2016
4869 1344
4870 2310
4871 1302
4872 1554
4873 1638
4874 1344
4875 1764
4876 1848
4877 2268
4878 1638
4879 2394
4880 1638
4881 3402
4882 4284
4883 1806
4884 1386
4885 3192
4886 1596
4887 1470
4888 1680
4889 3234
4890 2478
4891 1512
4892 1806
4893 1512
4894 1470
4895 2352
4896 3192
4897 1638
4898 1764
4899 1596
4900 1428
4901 1302
4902 2520
4903 1890
4904 4872
4905 2688
4906 1428
4907 2982
4908 1806
4909 1344
4910 4074
4911 1512
4912 1260
4913 2142
4914 1302
4915 1302
4916 1512
4917 1428
4918 1386
4919 2058
4920 4368
4921 1512
4922 1386
4923 2856
4924 2688
4925 1470
4926 1344
4927 1680
4928 1218
4929 1260
4930 1512
4931 1260
4932 1218
4933 2058
4934 1218
4935 1344
4936 1470
4937 1596
4938 1302
4939 1260
4940 1260
4941 1470
4942 1344
4943 2520
4944 1260
4945 1344
4946 2184
4947 1470
4948 1932
4949 1176
4950 1386
4951 1512
4952 1638
4953 1596
4954 1302
4955 2772
4956 1260
4957 1218
4958 1596
4959 1848
4960 1344
4961 1806
4962 2016
4963 1470
4964 2016
4965 1386
4966 1638
4967 2436
4968 1638
4969 1512
4970 2100
4971 1470
4972 1554
4973 1806
4974 1344
4975 1722
4976 1302
4977 1344
4978 1470
4979 1554
4980 2940
4981 1470
4982 2982
4983 1554
4984 1554
4985 1386
4986 1890
4987 1386
4988 1302
4989 1302
4990 1428
4991 1680
4992 1344
4993 2856
4994 1932
4995 1260
4996 1260
4997 1260
4998 1260
4999 1344
5000 1260
5001 1764
5002 1428
5003 1638
5004 1428
5005 1428
5006 1890
5007 1596
5008 1260
5009 1344
5010 3864
5011 1134
5012 2352
5013 2436
5014 1428
5015 1428
5016 2268
5017 1428
5018 2520
5019 2898
5020 1386
5021 1638
5022 1638
5023 1344
5024 3360
5025 1386
5026 2310
5027 1806
5028 1638
5029 1638
5030 1638
5031 3486
5032 2310
5033 1470
5034 2772
5035 2520
5036 1638
5037 1470
5038 2226
5039 1344
5040 3066
5041 1932
5042 2100
5043 1512
5044 2058
5045 2142
5046 1386
5047 1680
5048 1428
5049 2520
5050 3066
5051 1596
5052 2184
5053 8316
5054 1596
5055 1554
5056 1386
5057 1302
5058 1386
5059 1554
5060 3486
5061 2604
5062 1722
5063 1596
5064 1932
5065 1428
5066 1638
5067 1470
5068 4242
5069 3024
5070 1512
5071 1680
5072 1260
5073 1470
5074 1428
5075 1344
5076 1260
5077 1302
5078 1218
5079 1512
5080 1470
5081 1218
5082 1302
5083 1470
5084 2394
5085 1470
5086 1386
5087 3318
5088 2898
5089 1176
5090 1806
5091 1386
5092 1554
5093 1428
5094 1848
5095 2898
5096 1428
5097 2016
5098 1302
5099 1386
5100 1386
5101 1596
5102 1932
5103 2184
5104 1344
5105 1344
5106 1302
5107 1218
5108 1344
5109 1260
5110 1806
5111 1428
5112 1344
5113 1302
5114 1260
5115 1470
5116 1218
5117 1302
5118 1302
5119 1218
5120 1302
5121 1302
5122 1764
5123 1512
5124 1428
5125 3528
5126 1512
5127 1386
5128 1512
5129 2604
5130 1638
5131 1428
5132 1974
5133 1512
5134 1302
5135 2394
5136 1176
5137 3822
5138 1302
5139 1512
5140 2226
5141 1386
5142 1302
5143 1722
5144 5334
5145 1806
5146 1428
5147 1806
5148 1932
5149 4452
5150 1764
5151 2058
5152 2436
5153 1512
5154 2730
5155 1302
5156 1722
5157 1974
5158 1302
5159 1470
5160 1512
5161 1260
5162 1260
5163 2058
5164 1344
5165 1260
5166 1806
5167 1638
5168 1260
5169 2982
5170 1554
5171 2016
5172 1386
5173 1302
5174 1470
5175 3276
5176 1302
5177 2184
5178 5166
5179 1806
5180 1512
5181 1512
5182 1302
5183 1260
5184 1260
5185 1470
5186 1890
5187 1260
5188 1512
5189 1302
5190 1260
5191 3696
5192 1512
5193 1218
5194 1302
5195 1344
5196 1428
5197 1302
5198 1302
5199 1302
5200 1218
5201 1554
5202 3192
5203 1428
5204 1386
5205 1512
5206 1722
5207 1344
5208 2184
5209 1596
5210 1260
5211 1260
5212 1260
5213 1302
5214 1386
5215 1344
5216 1344
5217 1218
5218 1932
5219 1428
5220 1302
5221 1344
5222 1554
5223 1386
5224 1428
5225 1302
5226 1848
5227 1344
5228 1764
5229 1218
5230 1344
5231 1344
5232 1386
5233 2562
5234 1260
5235 1344
5236 1344
5237 1218
5238 1302
5239 1260
5240 1890
5241 1302
5242 1470
5243 1428
5244 1344
5245 1344
5246 1176
5247 1848
5248 1848
5249 2142
5250 2058
5251 1302
5252 1386
5253 1386
5254 1806
5255 1890
5256 1218
5257 1302
5258 1470
5259 1260
5260 1428
5261 1302
5262 2394
5263 1260
5264 1974
5265 1302
5266 2646
5267 5838
5268 2856
5269 1596
5270 2982
5271 1344
5272 1680
5273 1386
5274 2142
5275 1848
5276 3738
5277 1764
5278 3738
5279 1638
5280 6426
5281 1890
5282 4788
5283 2352
5284 5544
5285 2898
5286 5124
5287 1344
5288 1764
5289 3066
5290 1596
5291 4914
5292 1344
5293 1428
5294 2898
5295 3528
5296 1848
5297 1428
5298 1806
5299 3486
5300 1428
5301 2394
5302 1260
5303 1344
5304 2226
5305 1344
5306 1470
5307 1302
5308 1302
5309 1344
5310 1386
5311 2058
5312 1512
5313 2058
5314 1344
5315 1218
5316 2352
5317 2646
5318 1680
5319 1764
5320 1554
5321 1764
5322 1470
5323 1470
5324 1428
5325 1302
5326 1344
5327 1302
5328 1386
5329 1638
5330 1890
5331 1386
5332 1596
5333 1848
5334 1512
5335 1722
Unexpected message received for job 1048239
5336 2478
5337 2772
5338 3696
Unexpected message received for job 1048239
5339 1554
5340 2856
5341 1344
5342 2520
5343 1386
5344 1344
5345 1638
5346 4494
5347 1638
5348 1806
5349 5334
5350 1596
5351 1386
5352 1470
5353 1596
5354 1344
5355 4830
5356 6132
5357 1554
5358 1638
5359 1470
5360 1638
5361 3444
5362 2730
5363 1260
5364 1344
5365 1428
5366 1470
5367 4116
5368 4494
5369 2646
5370 2352
5371 4368
5372 1512
5373 2058
5374 1932
5375 1848
5376 1512
5377 1470
5378 2436
5379 1764
5380 1386
5381 1932
5382 1470
5383 5880
5384 2394
5385 2100
5386 1386
5387 2016
5388 1596
5389 1302
5390 3150
5391 4620
5392 1470
5393 3066
5394 1554
5395 3066
5396 6174
5397 4116
5398 1848
5399 2016
5400 1428
5401 1386
5402 1176
5403 1638
5404 1806
5405 2562
5406 3864
5407 1512
5408 1260
5409 1386
5410 1890
5411 1176
5412 1428
5413 1512
5414 1260
5415 2226
5416 1428
5417 1596
5418 4158
5419 1596
5420 1344
5421 2394
5422 1890
5423 2688
5424 1806
5425 2268
5426 1722
5427 1428
5428 1596
5429 1260
5430 1386
5431 3570
5432 2058
5433 2268
5434 1554
5435 1596
5436 2730
5437 3108
5438 3486
5439 2142
5440 3780
5441 3192
5442 1386
5443 4158
5444 1428
5445 1386
5446 1890
5447 2352
5448 1890
5449 1680
5450 2394
5451 1932
5452 1596
5453 6594
5454 3402
5455 2562
5456 4032
5457 3528
5458 2478
5459 2604
5460 1680
5461 1512
5462 1260
5463 3108
5464 1428
5465 3780
5466 1386
5467 1722
5468 3486
5469 2100
5470 2100
5471 1554
5472 1680
5473 2268
5474 1260
5475 1470
5476 1512
5477 1386
5478 1890
5479 1428
5480 2520
5481 1428
5482 2058
5483 1470
5484 1596
5485 1428
5486 1806
5487 1218
5488 1344
5489 1806
5490 2604
5491 2436
5492 2898
5493 2058
5494 4830
5495 1344
5496 3318
5497 1428
5498 2352
5499 1554
5500 1554
5501 1470
5502 2100
5503 2772
5504 5922
5505 1680
5506 1722
5507 2814
5508 2730
5509 2310
5510 1638
5511 2016
5512 1596
5513 1260
5514 1848
5515 1806
5516 1722
5517 1806
5518 1260
5519 1302
5520 1218
5521 1344
5522 1470
5523 1596
5524 1764
5525 1428
5526 1638
5527 1428
5528 1302
5529 1428
5530 1470
5531 1428
5532 1932
5533 1428
5534 1428
5535 1806
5536 1554
5537 1512
5538 1848
5539 1302
5540 2646
5541 2688
5542 3864
5543 1470
5544 2100
5545 2226
5546 1302
5547 1764
5548 1806
5549 3864
5550 1974
5551 1764
5552 1470
5553 2268
5554 3696
5555 2646
5556 1596
5557 2520
5558 1302
5559 5334
5560 1470
5561 1974
5562 1386
5563 1554
5564 2184
5565 1680
5566 1638
5567 10038
5568 1848
5569 1428
5570 1344
5571 1848
5572 1890
5573 2478
5574 1386
5575 1554
5576 3066
5577 1512
5578 1302
5579 1428
5580 1428
5581 2646
5582 1344
5583 3444
5584 1470
5585 2436
5586 1890
5587 1512
5588 1680
5589 1638
5590 2562
5591 1806
5592 2016
5593 1554
5594 1470
5595 1554
5596 1596
5597 1554
5598 1386
5599 1638
5600 1470
5601 1596
5602 5922
5603 2772
5604 1386
5605 4788
5606 1428
5607 1386
5608 1218
5609 2184
5610 2352
5611 4494
5612 1806
5613 2352
5614 1596
5615 1344
5616 1302
5617 2184
5618 1302
5619 1470
5620 1218
5621 1722
5622 1302
5623 1470
5624 1596
5625 1680
5626 1512
5627 1680
5628 1764
5629 2100
5630 6090
5631 2310
5632 1764
5633 2478
5634 3234
5635 2310
5636 1302
5637 3612
5638 2268
5639 1260
5640 1764
5641 2436
5642 2562
5643 1344
5644 1302
5645 4158
5646 1638
5647 1344
5648 1344
5649 1974
5650 5838
5651 2730
5652 1554
5653 3486
5654 1890
5655 2688
5656 2058
5657 1848
5658 1260
5659 1512
5660 1344
5661 1386
5662 1512
5663 1722
5664 1764
5665 2940
5666 3402
5667 1218
5668 1890
5669 1428
5670 3318
5671 1302
5672 2310
5673 4536
5674 1596
5675 1638
5676 1302
5677 3570
5678 1470
5679 1344
5680 1302
5681 1344
5682 1302
5683 1680
5684 1386
5685 1470
5686 1386
5687 1722
5688 1470
5689 1470
5690 2352
5691 1176
5692 1386
5693 2436
5694 1218
5695 1302
5696 1218
5697 1596
5698 1386
5699 1386
5700 2184
5701 2940
5702 1302
5703 1302
5704 3486
5705 1596
5706 1680
5707 1386
5708 1344
5709 1344
5710 1386
5711 2184
5712 1302
5713 2352
5714 3318
5715 2772
5716 1638
5717 1428
5718 4032
5719 1344
5720 1302
5721 1470
5722 3696
5723 1512
5724 1386
5725 1596
5726 1890
5727 1470
5728 1680
5729 4956
5730 1344
5731 1260
5732 1218
5733 1260
5734 1176
5735 1512
5736 4326
5737 1848
5738 3738
5739 2646
5740 1260
5741 1428
5742 1260
5743 1680
5744 4872
5745 2100
5746 2226
5747 1638
5748 9324
5749 2856
5750 5376
5751 1386
5752 1428
5753 1764
5754 1386
5755 1344
5756 1428
5757 1848
5758 1470
5759 1386
5760 1386
5761 1302
5762 1302
5763 1386
5764 3318
5765 1680
5766 1344
5767 1512
5768 1344
5769 1512
5770 1344
5771 1680
5772 1512
5773 3822
5774 1470
5775 1344
5776 1344
5777 1596
5778 2184
5779 6174
5780 1344
5781 1386
5782 1596
5783 1512
5784 1596
5785 1386
5786 4158
5787 2898
5788 1344
5789 1470
5790 1470
5791 2898
5792 1554
5793 2142
5794 4956
5795 1260
5796 2184
5797 1638
5798 1512
5799 2058
5800 2562
5801 4368
5802 1344
5803 1554
5804 1428
5805 1470
5806 2226
5807 1554
5808 2268
5809 1596
5810 2016
5811 1344
5812 1344
5813 1344
5814 1302
5815 1848
5816 2478
5817 1470
5818 2100
5819 1722
5820 1386
5821 3822
5822 3864
5823 1638
5824 1344
5825 1260
5826 1638
5827 2436
5828 1386
5829 2646
5830 1722
5831 1428
5832 1554
5833 2310
5834 1596
5835 1512
5836 1512
5837 1218
5838 3948
5839 1428
5840 1638
5841 1596
5842 1764
5843 4074
5844 1302
5845 2604
5846 1974
5847 1890
5848 1260
5849 1470
5850 1344
5851 2016
5852 3738
5853 2982
5854 2394
5855 2478
5856 3780
5857 1848
5858 1428
5859 1302
5860 4116
5861 1554
5862 1974
5863 1428
5864 1680
5865 3780
5866 2436
5867 1764
5868 2772
5869 2100
5870 1470
5871 5292
5872 1428
5873 1806
5874 2478
5875 3822
5876 1680
5877 3024
5878 5796
5879 2142
5880 1806
5881 3780
5882 1932
5883 1554
5884 1974
5885 1470
5886 1344
5887 1596
5888 1848
5889 1638
5890 1428
5891 1428
5892 1344
5893 2142
5894 3192
5895 1638
5896 1428
5897 1890
5898 2184
5899 1428
5900 1386
5901 1344
5902 1890
5903 1470
5904 1890
5905 1554
5906 1974
5907 1680
5908 1848
5909 1470
5910 1386
5911 2352
5912 1344
5913 4494
5914 1764
5915 1428
5916 1386
5917 1302
5918 1638
5919 1932
5920 3570
5921 6090
5922 1344
5923 1302
5924 1386
5925 1596
5926 1890
5927 3024
5928 2352
5929 1680
5930 1554
5931 1386
5932 1554
5933 1554
5934 1554
5935 1722
5936 1428
5937 1470
5938 1470
5939 1218
5940 1554
5941 1344
5942 1554
5943 1974
5944 1260
5945 1638
5946 1890
5947 1764
5948 6258
5949 9030
5950 6888
5951 8904
5952 2856
5953 4158
5954 2142
5955 2352
5956 1722
5957 1554
5958 1470
5959 1890
5960 1806
5961 1722
5962 1344
5963 1512
5964 2436
5965 2100
5966 1596
5967 1848
5968 1764
5969 2772
5970 1806
5971 1764
5972 1428
5973 1848
5974 2226
5975 2142
5976 1344
5977 1764
5978 1596
5979 1764
5980 2226
5981 1428
5982 1302
5983 1470
5984 7056
5985 1344
5986 1386
5987 1386
5988 2142
5989 2814
5990 1512
5991 1218
5992 1554
5993 1386
5994 1344
5995 1596
5996 1554
5997 1344
5998 1512
5999 1848
6000 1428
6001 2436
6002 1386
6003 1386
6004 1428
6005 1218
6006 1386
6007 2226
6008 1680
6009 2814
6010 1932
6011 1344
6012 1554
6013 1554
6014 2310
6015 1344
6016 1218
6017 1344
6018 1386
6019 1470
6020 1344
6021 1302
6022 1428
6023 1428
6024 1386
6025 1512
6026 1344
6027 1428
6028 1848
6029 1344
6030 1344
6031 1512
6032 1428
6033 1386
6034 1344
6035 1218
6036 1470
6037 1344
6038 2352
6039 1344
6040 1470
6041 2730
6042 1344
6043 1554
6044 1974
6045 1974
6046 1218
6047 1344
6048 1848
6049 1218
6050 1344
6051 1848
6052 1302
6053 1302
6054 1302
6055 1722
6056 1386
6057 1638
6058 1596
6059 1386
6060 1470
6061 1470
6062 1470
6063 1218
6064 1554
6065 1764
6066 1512
6067 1512
6068 1512
6069 1344
6070 1512
6071 1428
6072 1302
6073 2058
6074 1932
6075 1302
6076 2184
6077 3150
6078 1302
6079 1428
6080 2058
6081 2310
6082 1806
6083 1974
6084 1218
6085 1344
6086 2100
6087 1848
6088 1386
6089 1386
6090 1512
6091 1302
6092 1344
6093 1806
6094 1554
6095 1302
6096 2436
6097 1554
6098 1512
6099 1470
6100 2226
6101 2940
6102 1386
6103 1470
6104 1176
6105 1386
6106 1344
6107 1302
6108 1596
6109 1554
6110 5670
6111 4242
6112 2310
6113 1344
6114 1428
6115 1176
6116 3318
6117 1638
6118 1386
6119 2184
6120 1386
6121 1638
6122 1848
6123 2940
6124 2058
6125 1218
6126 1344
6127 1512
6128 1218
6129 3360
6130 1554
6131 1554
6132 1512
6133 2100
6134 2814
6135 2268
6136 1764
6137 2058
6138 1806
6139 1554
6140 1890
6141 1302
6142 1470
6143 1302
6144 1512
6145 1890
6146 1680
6147 1596
6148 1806
6149 2520
6150 1764
6151 1260
6152 1848
6153 1974
6154 7308
6155 1764
6156 1302
6157 2100
6158 2100
6159 1638
6160 1890
6161 1470
6162 1176
6163 1386
6164 2142
6165 1932
6166 2226
6167 1386
6168 1554
6169 1344
6170 1302
6171 1428
6172 1680
6173 1554
6174 1344
6175 1764
6176 1428
6177 1932
6178 1386
6179 3402
6180 2268
6181 3108
6182 7434
6183 1428
6184 1470
6185 1512
6186 1554
6187 1638
6188 1512
6189 2478
6190 1596
6191 1470
6192 1638
6193 1596
6194 1344
6195 1512
6196 1932
6197 1512
6198 1302
6199 1512
6200 1386
6201 1512
6202 1638
6203 1638
6204 1512
6205 1554
6206 1554
6207 1470
6208 1638
6209 1680
6210 1176
6211 1932
6212 1428
6213 1470
6214 1344
6215 1512
6216 1344
6217 1428
6218 1386
6219 1722
6220 1344
6221 1344
6222 2058
6223 1680
6224 1680
6225 1554
6226 1890
6227 1554
6228 1260
6229 2520
6230 1554
6231 1386
6232 1554
6233 1554
6234 1302
6235 1722
6236 1344
6237 1806
6238 1302
6239 1428
6240 1722
6241 1512
6242 1344
6243 1596
6244 1596
6245 1302
6246 1974
6247 1680
6248 2016
6249 1512
6250 1722
6251 1386
6252 1302
6253 1386
6254 1428
6255 1344
6256 1470
6257 1386
6258 1302
6259 1344
6260 1596
6261 1554
6262 1260
6263 1302
6264 1302
6265 1680
6266 1680
6267 1302
6268 1512
6269 1386
6270 1302
6271 1974
6272 1554
6273 1470
6274 1386
6275 1596
6276 1470
6277 1764
6278 1302
6279 1512
6280 1344
6281 1344
6282 1218
6283 1932
6284 1512
6285 1386
6286 1386
6287 1974
6288 1470
6289 1596
6290 2142
6291 1596
6292 2310
6293 1344
6294 1974
6295 2142
6296 1302
6297 1428
6298 1554
6299 1302
6300 1512
6301 2646
6302 1554
6303 1512
6304 1344
6305 1386
6306 1638
6307 1428
6308 2814
6309 1764
6310 1470
6311 1428
6312 4116
6313 6048
6314 7476
6315 8526
6316 5628
6317 4368
6318 11970
6319 8316
6320 4788
6321 1974
6322 1848
6323 1596
6324 1260
6325 2394
6326 1302
6327 1428
6328 1260
6329 1512
6330 1512
6331 1806
6332 2646
6333 4956
6334 2184
6335 1806
6336 1386
6337 1764
6338 1344
6339 1512
6340 1806
6341 2142
6342 1386
6343 2268
6344 1302
6345 2478
6346 1512
6347 1596
6348 2730
6349 1806
6350 1344
6351 1344
6352 1890
6353 1764
6354 1848
6355 1344
6356 1596
6357 1386
6358 1344
6359 1680
6360 1344
6361 2142
6362 2184
6363 1596
6364 1554
6365 1596
6366 1848
6367 1638
6368 1386
6369 2730
6370 1932
6371 2100
6372 1386
6373 1428
6374 2604
6375 1512
6376 1260
6377 2394
6378 1554
6379 2436
6380 1260
6381 1764
6382 1428
6383 2436
6384 1890
6385 2772
6386 2562
6387 2184
6388 1344
6389 1260
6390 1428
6391 1302
6392 1974
6393 1470
6394 1638
6395 1932
6396 1512
6397 1302
6398 1638
6399 1722
6400 2436
6401 2226
6402 1722
6403 2226
6404 2226
6405 1386
6406 1848
6407 1722
6408 1638
6409 1512
6410 1218
6411 1218
6412 1764
6413 1386
6414 1344
6415 1848
6416 1344
6417 1218
6418 2268
6419 1428
6420 1176
6421 1176
6422 1596
6423 1512
6424 2646
6425 1218
6426 6468
6427 1302
6428 2142
6429 1554
6430 9702
6431 1134
6432 1428
6433 1638
6434 1470
6435 1428
6436 1218
6437 2226
Unexpected message received for job 1048239
6438 1260
6439 2562
6440 2058
6441 1596
6442 2268
6443 1596
6444 2478
Unexpected message received for job 1048239
6445 2100
6446 1302
6447 1092
6448 1806
6449 1092
6450 1890
6451 1848
6452 1932
6453 1134
6454 1848
6455 1260
6456 1554
6457 2142
6458 1302
6459 1848
6460 1092
6461 1218
6462 2436
6463 1302
6464 1764
6465 1806
6466 2100
6467 1806
6468 1932
6469 2352
6470 3150
6471 1176
6472 1260
6473 1554
6474 1596
6475 1302
6476 1554
6477 1260
6478 1554
6479 1806
6480 1092
6481 2688
6482 1806
6483 1344
6484 1638
6485 1554
6486 1470
6487 1302
6488 1134
6489 1848
6490 1554
6491 1764
6492 1260
6493 1344
6494 1218
6495 2016
6496 1176
6497 1386
6498 1218
6499 1176
6500 1554
6501 1512
6502 1848
6503 1890
6504 1764
6505 1302
6506 1302
6507 1932
6508 3822
6509 1806
6510 1806
6511 1428
6512 1344
6513 5124
6514 1554
6515 1218
6516 1806
6517 1218
6518 2730
6519 2478
6520 2184
6521 1596
6522 1932
6523 1806
6524 2142
6525 2352
6526 1890
6527 1932
6528 2856
6529 2982
6530 1638
6531 1638
6532 1596
6533 1260
6534 1596
6535 1470
6536 1302
6537 1344
6538 2016
6539 1596
6540 2142
6541 1470
6542 1848
6543 1848
6544 2520
6545 1428
6546 1638
6547 1134
6548 1512
6549 2016
6550 1344
6551 1470
6552 1512
6553 1722
6554 1344
6555 1470
6556 1470
6557 1302
6558 1512
6559 1722
6560 1344
6561 1218
6562 1302
6563 1638
6564 1302
6565 1386
6566 1260
6567 1554
6568 1260
6569 1554
6570 2730
6571 1428
6572 1260
6573 1176
6574 1428
6575 1764
6576 1302
6577 1386
6578 1260
6579 1680
6580 1386
6581 2058
6582 1470
6583 1218
6584 1470
6585 1302
6586 2940
6587 2814
6588 2394
6589 2520
6590 4326
6591 3276
6592 1638
6593 2562
6594 1344
6595 2394
6596 1344
6597 1302
6598 1260
6599 1218
6600 1260
6601 1428
6602 1470
6603 1302
6604 1344
6605 1596
6606 1344
6607 1302
6608 1470
6609 1176
6610 1218
6611 1218
6612 1344
6613 1344
6614 1302
6615 1344
6616 1386
6617 1218
6618 1302
6619 1596
6620 1302
6621 1344
6622 1386
6623 1218
6624 1344
6625 1302
6626 1218
6627 1134
6628 1134
6629 1386
6630 1596
6631 1302
6632 1260
6633 1176
6634 2310
6635 3234
6636 1848
6637 2982
6638 1260
6639 1512
6640 1680
6641 1554
6642 2478
6643 2142
6644 1386
6645 1386
6646 1638
6647 1680
6648 1344
6649 10374
6650 1638
6651 1218
6652 1260
6653 1302
6654 1176
6655 1218
6656 1470
6657 1260
6658 1302
6659 1176
6660 1260
6661 1302
6662 1302
6663 1218
6664 1302
6665 1344
6666 1260
6667 1260
6668 1638
6669 1260
6670 1470
6671 1218
6672 1218
6673 1260
6674 1260
6675 1302
6676 1596
6677 1512
6678 1386
6679 1386
6680 1260
6681 1218
6682 1344
6683 1344
6684 1638
6685 2100
6686 1680
6687 1218
6688 1302
6689 1386
6690 1218
6691 1302
6692 1386
6693 1470
6694 1176
6695 1512
6696 1512
6697 1176
6698 1344
6699 1386
6700 1470
6701 1302
6702 1428
6703 1260
6704 1344
6705 1218
6706 1218
6707 1386
6708 1344
6709 1554
6710 1218
6711 2100
6712 1386
6713 2352
6714 1470
6715 1344
6716 1218
6717 1302
6718 1260
6719 1176
6720 1218
6721 1344
6722 1428
6723 1344
6724 2310
6725 2352
6726 2982
6727 1596
6728 2436
6729 1302
6730 1302
6731 1260
6732 2436
6733 1302
6734 1260
6735 2184
6736 1890
6737 1680
6738 2226
6739 1554
6740 1386
6741 3528
6742 1176
6743 1302
6744 2142
6745 3486
6746 2100
6747 2058
6748 2646
6749 2268
6750 2184
6751 2226
6752 1512
6753 1428
6754 1890
6755 2226
6756 1722
6757 2016
6758 1596
6759 1386
6760 1638
6761 1218
6762 1302
6763 2436
6764 1512
6765 1428
6766 1638
6767 1764
6768 1554
6769 1260
6770 2100
6771 1218
6772 1764
6773 1344
6774 1344
6775 1344
6776 1302
6777 1344
6778 1134
6779 2436
6780 1218
6781 1260
6782 1848
6783 1974
6784 1554
6785 1470
6786 1764
6787 1890
6788 1260
6789 1386
6790 1260
6791 1470
6792 1260
6793 1974
6794 1470
6795 1344
6796 1218
6797 1512
6798 1386
6799 1260
6800 1218
6801 1176
6802 1554
6803 1176
6804 2772
6805 1218
6806 1218
6807 1638
6808 1302
6809 1638
6810 1428
6811 1428
6812 1134
6813 1260
6814 1302
6815 1260
6816 1680
6817 1260
6818 2772
6819 1260
6820 1218
6821 1176
6822 1218
6823 1218
6824 1638
6825 1218
6826 1218
6827 1302
6828 1344
6829 1176
6830 1134
6831 1554
6832 1218
6833 2352
6834 1302
6835 1260
6836 1344
6837 1386
6838 1302
6839 1218
6840 1302
6841 1260
6842 1344
6843 1302
6844 1260
6845 1596
6846 1218
6847 1260
6848 1302
6849 1680
6850 1302
6851 1260
6852 1260
6853 1302
6854 1470
6855 1260
6856 1806
6857 1512
6858 1596
6859 1764
6860 1428
6861 2142
6862 1680
6863 1176
6864 1470
6865 1260
6866 2352
6867 1260
6868 1176
6869 1344
6870 1176
6871 1218
6872 1218
6873 1218
6874 1302
6875 1722
6876 1260
6877 1260
6878 1428
6879 1260
6880 1176
6881 1344
6882 1260
6883 1512
6884 1176
6885 1596
6886 1260
6887 1218
6888 1470
6889 1260
6890 1302
6891 1218
6892 1176
6893 1176
6894 1176
6895 1302
6896 1596
6897 1218
6898 1302
6899 1260
6900 1176
6901 1260
6902 1176
6903 1428
6904 1218
6905 1260
6906 1260
6907 1302
6908 1218
6909 1302
6910 1554
6911 1176
6912 1386
6913 1302
6914 1176
6915 1260
6916 1134
6917 1302
6918 1764
6919 1260
6920 1134
6921 1218
6922 1344
6923 1092
6924 1218
6925 1260
6926 1302
6927 1218
6928 1218
6929 1134
6930 1386
6931 1218
6932 1218
6933 1512
6934 1890
6935 1218
6936 3696
6937 1176
6938 1176
6939 4704
6940 2100
6941 5670
6942 1722
6943 3822
6944 11466
6945 8358
6946 8442
6947 9240
6948 1428
6949 1974
6950 2730
6951 2982
6952 2478
6953 1638
6954 3318
6955 3948
6956 2142
6957 2394
6958 1218
6959 1554
6960 1260
6961 1974
6962 2226
6963 1764
6964 1344
6965 1470
6966 2688
6967 1218
6968 1218
6969 1260
6970 2268
6971 1470
6972 1890
6973 2982
6974 3654
6975 1680
6976 1764
6977 1428
6978 1344
6979 1512
6980 2268
6981 1344
6982 1386
6983 1386
6984 1428
6985 2478
6986 1470
6987 1302
6988 1470
6989 2058
6990 1344
6991 2310
6992 1344
6993 2100
6994 1386
6995 1848
6996 1134
6997 1218
6998 2604
6999 1596
7000 2268
7001 1218
7002 1890
7003 1344
7004 1344
7005 1302
7006 1218
7007 1218
7008 1344
7009 1176
7010 1302
7011 1134
7012 1176
7013 1260
7014 1218
7015 1260
7016 1176
7017 1260
7018 1134
7019 1302
7020 1092
7021 1218
7022 1386
7023 1302
7024 1218
7025 1260
7026 1974
7027 1092
7028 1092
7029 1218
7030 1218
7031 1344
7032 1344
7033 1218
7034 1470
7035 1260
7036 1386
7037 1428
7038 1302
7039 1260
7040 1344
7041 1428
7042 1260
7043 1302
7044 1134
7045 1260
7046 1302
7047 1512
7048 1134
7049 1344
7050 1344
7051 1176
7052 1554
7053 1302
7054 1470
7055 1260
7056 1302
7057 1344
7058 1680
7059 1806
7060 1428
7061 5292
7062 2142
7063 1428
7064 1470
7065 2520
7066 2352
7067 3612
7068 2352
7069 1764
7070 2352
7071 1554
7072 2226
7073 2730
7074 2856
7075 1638
7076 3108
7077 1974
7078 1596
7079 1302
7080 1680
7081 1596
7082 1470
7083 2268
7084 1890
7085 1554
7086 1302
7087 1890
7088 1932
7089 2058
7090 1512
7091 1554
7092 1344
7093 1428
7094 1260
7095 1428
7096 1596
7097 1512
7098 1428
7099 1470
7100 1386
7101 1260
7102 1260
7103 1512
7104 1344
7105 1470
7106 1554
7107 1386
7108 1428
7109 1428
7110 1218
7111 1428
7112 1386
7113 1386
7114 1344
7115 1344
7116 1302
7117 1218
7118 1344
7119 1428
7120 1344
7121 1302
7122 1344
7123 1176
7124 1218
7125 1386
7126 1050
7127 1134
7128 1344
7129 1344
7130 1386
7131 1134
7132 1302
7133 1218
7134 1134
7135 1218
7136 1176
7137 1092
7138 2478
7139 1512
7140 1176
7141 1218
7142 1176
7143 1050
7144 1302
7145 1302
7146 1470
7147 1218
7148 1176
7149 1260
7150 1344
7151 1134
7152 1260
7153 1050
7154 1386
7155 1176
7156 1260
7157 1218
7158 1176
7159 1176
7160 1134
7161 1134
7162 1260
7163 1050
7164 1260
7165 1176
7166 1302
7167 1386
7168 1260
7169 1386
7170 1218
7171 1176
7172 1302
7173 1302
7174 1176
7175 1260
7176 1176
7177 1176
7178 1134
7179 1134
7180 1134
7181 1134
7182 1260
7183 1176
7184 1302
7185 1218
7186 1176
7187 1218
7188 1260
7189 1176
7190 1134
7191 1218
7192 1218
7193 1176
7194 1092
7195 1092
7196 1260
7197 1260
7198 1176
7199 1092
7200 1218
7201 1260
7202 1092
7203 1260
7204 1134
7205 1176
7206 1386
7207 1176
7208 1176
7209 1218
7210 1176
7211 1134
7212 1260
7213 1134
7214 1176
7215 1260
7216 1218
7217 1176
7218 1260
7219 1218
7220 1302
7221 1218
7222 1134
7223 1176
7224 1176
7225 1260
7226 2100
7227 1260
7228 1260
7229 1260
7230 1176
7231 1302
7232 1092
7233 1218
7234 1218
7235 1176
7236 1302
7237 1218
7238 1134
7239 1134
7240 1134
7241 1176
7242 1176
7243 1344
7244 1176
7245 1134
7246 1302
7247 1344
7248 1218
7249 1260
7250 1260
7251 1260
7252 1344
7253 1218
7254 1176
7255 1218
7256 1302
7257 1302
7258 1176
7259 1344
7260 1176
7261 1176
7262 1176
7263 1260
7264 1176
7265 1260
7266 1176
7267 1302
7268 1218
7269 1218
7270 1218
7271 1176
7272 1176
7273 1218
7274 1176
7275 1176
7276 1260
7277 1260
7278 1176
7279 1260
7280 1344
7281 1134
7282 1302
7283 1260
7284 1260
7285 1218
7286 1344
7287 1134
7288 1176
7289 1218
7290 1092
7291 1386
7292 1218
7293 1260
7294 1176
7295 1218
7296 1218
7297 1218
7298 1176
7299 1218
7300 1176
7301 1050
7302 1092
7303 1134
7304 1260
7305 1176
7306 1134
7307 1134
7308 1218
7309 1218
7310 1344
7311 1218
7312 1092
7313 1134
7314 1218
7315 1302
7316 1302
7317 1092
7318 1176
7319 1260
7320 1260
7321 1218
7322 1218
7323 1218
7324 1176
7325 1176
7326 1092
7327 1092
7328 1260
7329 1176
7330 1134
7331 1218
7332 1176
7333 1302
7334 1218
7335 1218
7336 1218
7337 1218
7338 1302
7339 1218
7340 1260
7341 1218
7342 1134
7343 1176
7344 1386
7345 1218
7346 1092
7347 1218
7348 1218
7349 1134
7350 1302
7351 1302
7352 1260
7353 1470
7354 1260
7355 1512
7356 1470
7357 1134
7358 1218
7359 1512
7360 1218
7361 1260
7362 1218
7363 1302
7364 1260
7365 1260
7366 1512
7367 1176
7368 1260
7369 1260
7370 1260
7371 1260
7372 1386
7373 1218
7374 1134
7375 1134
7376 1302
7377 1218
7378 1092
7379 1260
7380 1218
7381 1260
7382 1092
7383 1176
7384 1302
7385 1176
7386 1134
7387 1134
7388 1218
7389 1134
7390 1176
7391 1386
7392 1218
7393 1176
7394 1470
7395 1260
7396 1344
7397 1176
7398 1260
7399 1176
7400 1260
7401 1218
7402 1260
7403 1302
7404 1134
7405 1260
7406 1176
7407 1176
7408 1218
7409 1218
7410 1302
7411 1260
7412 1176
7413 1302
7414 1176
7415 1260
7416 1260
7417 1218
7418 1260
7419 1176
7420 1302
7421 1344
7422 1260
7423 1302
7424 1386
7425 1344
7426 1260
7427 1218
7428 1344
7429 1302
7430 1260
7431 1302
7432 1260
7433 1302
7434 1302
7435 1302
7436 1344
7437 1176
7438 1218
7439 1302
7440 1260
7441 1344
7442 1386
7443 1260
7444 1218
7445 1218
7446 1260
7447 1218
7448 1260
7449 1176
7450 1260
7451 1218
7452 1218
7453 1344
7454 1302
7455 1218
7456 1386
7457 1302
7458 1260
7459 1176
7460 1134
7461 1260
7462 1260
7463 1218
7464 1134
7465 1218
7466 1218
7467 1092
7468 1092
7469 1134
7470 1134
7471 1218
7472 1218
7473 1092
7474 1176
7475 1218
7476 1176
7477 1134
7478 1260
7479 1134
7480 1218
7481 1512
7482 1134
7483 1218
7484 1260
7485 1218
7486 1134
7487 1134
7488 1218
7489 1176
7490 1176
7491 1092
7492 1134
7493 1134
7494 1134
7495 1260
7496 1218
7497 1134
7498 1218
7499 1218
7500 1386
7501 1134
7502 1134
7503 1218
7504 1596
7505 1512
7506 1302
7507 1260
7508 1260
7509 1176
7510 1848
7511 1260
7512 1722
7513 1260
7514 1890
7515 2226
7516 1848
7517 1386
7518 1386
7519 1596
7520 3696
7521 1176
7522 1218
7523 1176
7524 1260
7525 1680
7526 1260
7527 2016
7528 1218
7529 1134
7530 1302
7531 1134
7532 1176
7533 1134
7534 1218
7535 1134
7536 1218
7537 1386
7538 1134
7539 1260
7540 1554
7541 1302
7542 1218
7543 1134
7544 1218
7545 1134
7546 1554
7547 1218
7548 1134
7549 1176
7550 1260
7551 1260
7552 1134
7553 1512
7554 1260
7555 1218
7556 1260
7557 1092
7558 1134
7559 1176
7560 1134
7561 1050
7562 1260
7563 1260
7564 1092
7565 1176
7566 1218
7567 1344
7568 1092
7569 1218
7570 1092
7571 1092
7572 1092
7573 1050
7574 1134
7575 1092
7576 1092
7577 1134
7578 1260
7579 1176
7580 1092
7581 1176
7582 1092
7583 1134
7584 1134
7585 1092
7586 1092
7587 1050
7588 1134
7589 1134
7590 1092
7591 1260
7592 1260
7593 1134
7594 1134
7595 1176
7596 1260
7597 1176
7598 1050
7599 1260
7600 1050
7601 1092
7602 1134
7603 1176
7604 1134
7605 1134
7606 1092
7607 1092
7608 1176
7609 1176
7610 1134
7611 1176
7612 1134
7613 1134
7614 1134
7615 1176
7616 1050
7617 1092
7618 1092
7619 1092
7620 1176
7621 1134
7622 1092
7623 1260
7624 1092
7625 1134
7626 1176
7627 1134
7628 1134
7629 1302
7630 1092
7631 1092
7632 1050
7633 1302
7634 1134
7635 1050
7636 1092
7637 1050
7638 1134
7639 1176
7640 1134
7641 1176
7642 1134
7643 1134
7644 1092
7645 1134
7646 1218
7647 1134
7648 1092
7649 1218
7650 1134
7651 1134
7652 1176
7653 1134
7654 1134
7655 1134
7656 1134
7657 1134
7658 1302
7659 1050
7660 1134
7661 1092
7662 1092
7663 1176
7664 1176
7665 1092
7666 1218
7667 1092
7668 1176
7669 1176
7670 1134
7671 1050
7672 1092
7673 1134
7674 1092
7675 1134
7676 1134
7677 1134
7678 1344
7679 1134
7680 1134
7681 1092
7682 1050
7683 1134
7684 1134
7685 1134
7686 1092
7687 1134
7688 1134
7689 1092
7690 1134
7691 1092
7692 1092
7693 1092
7694 1050
7695 1092
7696 1134
7697 1050
7698 1176
7699 1092
7700 1134
7701 1176
7702 1092
7703 1050
7704 1092
7705 1260
7706 1050
7707 1092
7708 1218
7709 1092
7710 1092
7711 1176
7712 1134
7713 1134
7714 1176
7715 1134
7716 1218
7717 1176
7718 1260
7719 1428
7720 1134
7721 1176
7722 1008
7723 1218
7724 1134
7725 1134
7726 1092
7727 1176
7728 1134
7729 1134
7730 1134
7731 1050
7732 1134
7733 1092
7734 1176
7735 1092
7736 1134
7737 1092
7738 1092
7739 1260
7740 1260
7741 1134
7742 1134
7743 1134
7744 1050
7745 1134
7746 1092
7747 1176
7748 1134
7749 1092
7750 1218
7751 1134
7752 1176
7753 1050
7754 1092
7755 1050
7756 1260
7757 1092
7758 1134
7759 1134
7760 1218
7761 1092
7762 1344
7763 1260
7764 1218
7765 1260
7766 1176
7767 1134
7768 1302
7769 1302
7770 1302
7771 1344
7772 1134
7773 1176
7774 1386
7775 1176
7776 1260
7777 1218
7778 1218
7779 1134
7780 1302
7781 1386
7782 1302
7783 1218
7784 1176
7785 1218
7786 1218
7787 1386
7788 1302
7789 1176
7790 1302
7791 1218
7792 1302
7793 1176
7794 1344
7795 1134
7796 1302
7797 1176
7798 1134
7799 1092
7800 1176
7801 1176
7802 1176
7803 1176
7804 1134
7805 1218
7806 1260
7807 1218
7808 1134
7809 1218
7810 1302
7811 1218
7812 1218
7813 1218
7814 1260
7815 1302
7816 1260
7817 1218
7818 1260
7819 1428
7820 1344
7821 1176
7822 1386
7823 1302
7824 1302
7825 1428
7826 1344
7827 1218
7828 1302
7829 1260
7830 1260
7831 1176
7832 1218
7833 1386
7834 1218
7835 1260
7836 3318
7837 1260
7838 1218
7839 1260
7840 1260
7841 1260
7842 1176
7843 1176
7844 1302
7845 1260
7846 1344
7847 1218
7848 1344
7849 1176
7850 1218
7851 1218
7852 1218
7853 1344
7854 1302
7855 3024
7856 1260
7857 1218
7858 3318
7859 1176
7860 1218
7861 1302
7862 1260
7863 1302
7864 1302
7865 1302
7866 1260
7867 1344
7868 1302
7869 1302
7870 1386
7871 1302
7872 1302
7873 1092
7874 1260
7875 1344
7876 1260
7877 1386
7878 1386
7879 1386
7880 1428
7881 1302
7882 1260
7883 1302
7884 1134
7885 1176
7886 1344
7887 1260
7888 1176
7889 1260
7890 1260
7891 1260
7892 1218
7893 1218
7894 1260
7895 1260
7896 1176
7897 1092
7898 1302
7899 1176
7900 1260
7901 1176
7902 1176
7903 1260
7904 1260
7905 1176
7906 1218
7907 1092
7908 1176
7909 1302
7910 1176
7911 1302
7912 1092
7913 1218
7914 1344
7915 1344
7916 1218
7917 1176
7918 1218
7919 1092
7920 1218
7921 1134
7922 1218
7923 1218
7924 1218
7925 1218
7926 1218
7927 1176
7928 1218
7929 1218
7930 1218
7931 1302
7932 1176
7933 1260
7934 1176
7935 1134
7936 1176
7937 1302
7938 1344
7939 1218
7940 1218
7941 1344
7942 1218
7943 1176
7944 1302
7945 1176
7946 1176
7947 1134
7948 1218
7949 1386
7950 1260
7951 1218
7952 1260
7953 1218
7954 1176
7955 1176
7956 1134
7957 1260
7958 1176
7959 1176
7960 1218
7961 1092
7962 1176
7963 1176
7964 1470
7965 1176
7966 1218
7967 1176
7968 1134
7969 1218
7970 1260
7971 1092
7972 1218
7973 1134
7974 1134
7975 1218
7976 1092
7977 1218
7978 1134
7979 1218
7980 1176
7981 1260
7982 1176
7983 1134
7984 1134
7985 1134
7986 1302
7987 1218
7988 1134
7989 1218
7990 1260
7991 1176
7992 1092
7993 1134
7994 1344
7995 1344
7996 1218
7997 1218
7998 1302
7999 1134
8000 1176
8001 1260
8002 1134
8003 1176
8004 1134
8005 1134
8006 1218
8007 1134
8008 1134
8009 1092
8010 1176
8011 1176
8012 1134
8013 1092
8014 1050
8015 1134
8016 1134
8017 1092
8018 1176
8019 1302
8020 1176
8021 1218
8022 1218
8023 1134
8024 1218
8025 1176
8026 1176
8027 1092
8028 1176
8029 1218
8030 1134
8031 1050
8032 1218
8033 1092
8034 1260
8035 1176
8036 1176
8037 1134
8038 1218
8039 1050
8040 1134
8041 1092
8042 1092
8043 1176
8044 1134
8045 1092
8046 1176
8047 1092
8048 1134
8049 1092
8050 1176
8051 1218
8052 1134
8053 1050
8054 1134
8055 1218
8056 1092
8057 1092
8058 1134
8059 1176
8060 1092
8061 1050
8062 1218
8063 1092
8064 1176
8065 1134
8066 1134
8067 1134
8068 1134
8069 1176
8070 1092
8071 1260
8072 1092
8073 1134
8074 1176
8075 1218
8076 1260
8077 1134
8078 1134
8079 1092
8080 1218
8081 1050
8082 1008
8083 1134
8084 1134
8085 1134
8086 1176
8087 1134
8088 1134
8089 1092
8090 1092
8091 1218
8092 1134
8093 1134
8094 1092
8095 1092
8096 1092
8097 1092
8098 1134
8099 1134
8100 1260
8101 1134
8102 1092
8103 1218
8104 1134
8105 1176
8106 1134
8107 1092
8108 1092
8109 1092
8110 1134
8111 1134
8112 1176
8113 1092
8114 1386
8115 1050
8116 1218
8117 1134
8118 1176
8119 1176
8120 1176
8121 1176
8122 1176
8123 1092
8124 1050
8125 1134
8126 1260
8127 1134
8128 1134
8129 1302
8130 1176
8131 1260
8132 1134
8133 1176
8134 1050
8135 1260
8136 1092
8137 1092
8138 1176
8139 1134
8140 1092
8141 1134
8142 1092
8143 1176
8144 1134
8145 1134
8146 1092
8147 1302
8148 1092
8149 1176
8150 1134
8151 1218
8152 1092
8153 1134
8154 1050
8155 1218
8156 1092
8157 1302
8158 1134
8159 1218
8160 1218
8161 1092
8162 1176
8163 1176
8164 1218
8165 1134
8166 1260
8167 1218
8168 1260
8169 1176
8170 1134
8171 1260
8172 1386
8173 1092
8174 1176
8175 1344
8176 1008
8177 1302
8178 1134
8179 1260
8180 1218
8181 1176
8182 1302
8183 1176
8184 1050
8185 1092
8186 1260
8187 1260
8188 1218
8189 1176
8190 1092
8191 1218
8192 1218
8193 1176
8194 1092
8195 1302
8196 1176
8197 1260
8198 1386
8199 1092
8200 1134
8201 1176
8202 1218
8203 1134
8204 1344
8205 1176
8206 1260
8207 1218
8208 1092
8209 1176
8210 1218
8211 1176
8212 1344
8213 1176
8214 1176
8215 1134
8216 1176
8217 1176
8218 1260
8219 1134
8220 1050
8221 1176
8222 1092
8223 1134
8224 1134
8225 1218
8226 1092
8227 1134
8228 1134
8229 1134
8230 1134
8231 1260
8232 1218
8233 1092
8234 1176
8235 1176
8236 1218
8237 1218
8238 1302
8239 1092
8240 1050
8241 1218
8242 1092
8243 1176
8244 1092
8245 1134
8246 1218
8247 1176
8248 1176
8249 1134
8250 1176
8251 1092
8252 1050
8253 1218
8254 1092
8255 1218
8256 1008
8257 1092
8258 1176
8259 1176
8260 1218
8261 1050
8262 1092
8263 1092
8264 1050
8265 1176
8266 1134
8267 1176
8268 1218
8269 1260
8270 1176
8271 1176
8272 1218
8273 1134
8274 1050
8275 1134
8276 1176
8277 1260
8278 1134
8279 1218
8280 1092
8281 1470
8282 1218
8283 1302
8284 1260
8285 1260
8286 1260
8287 1260
8288 1176
8289 1260
8290 1260
8291 1260
8292 1596
8293 1260
8294 1218
8295 1302
8296 1176
8297 1218
8298 1176
8299 1260
8300 1260
8301 1218
8302 1176
8303 1260
8304 1260
8305 1344
8306 1134
8307 1218
8308 1218
8309 1302
8310 1176
8311 1260
8312 1218
8313 1092
8314 1176
8315 1176
8316 1260
8317 1176
8318 1260
8319 1134
8320 1218
8321 1260
8322 1218
8323 1134
8324 1134
8325 1218
8326 1260
8327 1092
8328 1134
8329 1134
8330 1134
8331 1176
8332 1134
8333 1218
8334 1134
8335 1176
8336 1092
8337 1176
8338 1218
8339 1176
8340 1176
8341 1428
8342 1218
8343 1176
8344 1092
8345 1302
8346 1260
8347 1134
8348 1134
8349 1134
8350 1176
8351 1386
8352 1302
8353 1176
8354 1092
8355 1176
8356 1176
8357 1050
8358 1092
8359 1176
8360 1134
8361 1176
8362 1176
8363 1260
8364 1302
8365 1218
8366 1176
8367 1344
8368 1344
8369 1218
8370 1260
8371 1134
8372 1092
8373 1176
8374 1176
8375 1176
8376 1260
8377 1260
8378 1176
8379 1218
8380 1134
8381 1176
8382 1218
8383 1134
8384 1218
8385 1134
8386 1260
8387 1134
8388 1218
8389 1134
8390 1134
8391 1260
8392 1092
8393 1218
8394 1134
8395 1134
8396 1050
8397 1134
8398 1176
8399 1176
8400 1260
8401 1218
8402 1134
8403 1218
8404 1260
8405 1260
8406 1176
8407 1176
8408 1596
8409 1218
8410 1218
8411 1176
8412 1260
8413 1260
8414 1302
8415 1176
8416 1176
8417 1176
8418 1176
8419 1134
8420 1302
8421 1134
8422 1218
8423 1512
8424 1260
8425 1260
8426 1218
8427 1176
8428 1176
8429 1260
8430 1260
8431 1092
8432 1176
8433 1218
8434 1134
8435 1134
8436 1260
8437 1218
8438 1218
8439 1092
8440 1176
8441 1176
8442 1134
8443 1176
8444 1092
8445 1134
8446 1176
8447 1134
8448 1134
8449 1134
8450 1050
8451 1134
8452 1302
8453 1092
8454 1176
8455 1218
8456 1176
8457 1176
8458 1134
Unexpected message received for job 1048239
8459 1134
8460 1344
8461 1176
8462 1176
8463 1092
8464 1386
8465 1302
8466 1176
8467 1260
8468 1092
8469 1260
Unexpected message received for job 1048239
8470 1134
8471 1260
8472 1176
8473 1218
8474 1176
8475 1260
8476 1176
8477 1176
8478 1302
8479 1050
8480 1050
8481 1344
8482 1008
8483 1302
8484 1134
8485 1092
8486 1008
8487 1176
8488 1134
8489 1134
8490 1176
8491 1176
8492 1050
8493 1176
8494 1092
8495 1218
8496 1176
8497 1176
8498 1638
8499 1428
8500 1134
8501 1092
8502 1722
8503 1050
8504 1176
8505 1176
8506 1176
8507 1050
8508 1134
8509 1176
8510 1134
8511 1134
8512 1050
8513 1218
8514 1218
8515 1218
8516 1092
8517 1092
8518 1176
8519 1134
8520 1260
8521 1050
8522 1092
8523 1386
8524 1134
8525 1218
8526 1386
8527 1134
8528 1176
8529 1218
8530 1050
8531 1176
8532 1134
8533 1092
8534 1344
8535 1344
8536 1176
8537 1302
8538 1176
8539 1260
8540 1302
8541 1176
8542 1260
8543 1260
8544 1134
8545 1176
8546 1218
8547 1218
8548 1176
8549 1176
8550 1176
8551 1260
8552 1134
8553 1176
8554 1260
8555 1176
8556 1050
8557 1092
8558 1260
8559 1050
8560 1176
8561 1344
8562 1260
8563 1218
8564 1092
8565 1302
8566 1260
8567 1260
8568 1134
8569 1260
8570 1260
8571 1218
8572 1302
8573 1176
8574 1344
8575 1176
8576 1176
8577 1218
8578 1386
8579 1302
8580 1386
8581 1260
8582 1134
8583 1218
8584 1386
8585 1344
8586 1260
8587 1218
8588 1218
8589 1218
8590 1260
8591 1302
8592 1176
8593 1260
8594 1344
8595 1260
8596 1386
8597 1218
8598 1176
8599 1428
8600 1260
8601 1344
8602 1176
8603 1344
8604 1260
8605 1092
8606 1302
8607 1092
8608 1218
8609 1092
8610 1302
8611 1512
8612 1218
8613 1050
8614 1134
8615 1092
8616 1260
8617 1260
8618 1218
8619 1260
8620 1134
8621 1218
8622 1176
8623 1260
8624 1218
8625 1218
8626 1302
8627 1260
8628 1428
8629 1134
8630 1302
8631 1260
8632 1218
8633 1302
8634 1386
8635 1428
8636 1260
8637 1134
8638 1092
8639 1344
8640 1050
8641 1302
8642 1176
8643 1176
8644 1176
8645 1092
8646 1092
8647 1176
8648 1176
8649 1092
8650 1134
8651 1092
8652 1092
8653 1092
8654 1134
8655 1176
8656 1134
8657 1050
8658 1554
8659 1176
8660 1260
8661 2520
8662 1218
8663 1218
8664 1218
8665 1218
8666 1134
8667 1218
8668 1092
8669 1176
8670 1092
8671 1092
8672 1134
8673 1218
8674 1218
8675 1260
8676 1134
8677 1134
8678 1176
8679 1176
8680 1218
8681 1092
8682 1176
8683 1050
8684 1218
8685 1428
8686 1260
8687 1176
8688 1134
8689 1092
8690 1134
8691 1218
8692 1218
8693 1134
8694 1176
8695 1218
8696 1302
8697 1176
8698 1218
8699 1176
8700 1050
8701 1092
8702 1050
8703 1092
8704 1176
8705 1218
8706 1092
8707 1344
8708 1218
8709 1302
8710 1428
8711 1092
8712 1218
8713 1134
8714 1218
8715 1176
8716 1176
8717 1218
8718 1386
8719 1386
8720 1050
8721 1008
8722 1260
8723 1134
8724 1092
8725 1008
8726 1050
8727 1218
8728 1428
8729 1134
8730 1134
8731 1092
8732 1092
8733 1134
8734 1134
8735 1218
8736 1092
8737 1218
8738 1134
8739 1344
8740 1302
8741 1260
8742 1260
8743 1176
8744 1218
8745 1218
8746 1050
8747 1218
8748 1302
8749 1260
8750 1260
8751 1218
8752 1176
8753 1134
8754 1092
8755 1134
8756 1176
8757 1302
8758 1134
8759 1134
8760 1134
8761 1218
8762 1134
8763 1176
8764 1134
8765 1260
8766 1302
8767 1218
8768 1092
8769 1134
8770 1302
8771 1134
8772 1260
8773 1344
8774 1344
8775 1176
8776 1092
8777 1386
8778 1176
8779 1134
8780 1302
8781 1218
8782 1134
8783 1302
8784 1260
8785 1302
8786 1218
8787 1218
8788 1218
8789 1176
8790 1134
8791 1176
8792 1680
8793 1092
8794 1218
8795 1134
8796 1302
8797 1218
8798 1302
8799 1218
8800 1302
8801 1302
8802 1302
8803 1260
8804 1176
8805 1176
8806 1092
8807 1302
8808 1302
8809 1218
8810 1302
8811 1092
8812 1134
8813 1134
8814 1176
8815 1176
8816 1092
8817 1134
8818 1134
8819 1218
8820 1176
8821 1092
8822 1302
8823 1218
8824 1134
8825 1260
8826 1134
8827 1260
8828 1176
8829 1092
8830 1260
8831 1134
8832 1218
8833 1176
8834 1092
8835 1134
8836 1218
8837 1050
8838 1218
8839 1134
8840 1260
8841 1218
8842 1092
8843 1134
8844 1386
8845 1134
8846 1134
8847 1176
8848 1176
8849 1176
8850 1134
8851 1092
8852 1050
8853 1218
8854 1134
8855 1134
8856 1134
8857 1092
8858 1176
8859 1176
8860 1218
8861 1386
8862 1134
8863 1134
8864 1176
8865 1092
8866 1176
8867 1092
8868 1134
8869 1092
8870 1176
8871 1008
8872 1050
8873 1050
8874 1218
8875 1176
8876 1092
8877 1176
8878 1092
8879 1092
8880 1050
8881 1134
8882 1176
8883 1134
8884 1092
8885 1134
8886 1134
8887 1176
8888 1008
8889 1134
8890 1134
8891 1176
8892 1176
8893 1218
8894 1176
8895 1218
8896 1176
8897 1092
8898 1134
8899 1134
8900 1134
8901 1092
8902 1428
8903 1260
8904 1176
8905 1134
8906 1092
8907 1260
8908 1260
8909 1134
8910 1218
8911 1260
8912 1260
8913 1176
8914 1050
8915 1218
8916 1218
8917 1092
8918 1260
8919 1386
8920 1050
8921 1176
8922 1260
8923 1260
8924 1134
8925 1218
8926 1260
8927 1092
8928 1176
8929 1218
8930 1428
8931 1176
8932 1218
8933 1680
8934 1092
8935 1092
8936 1302
8937 1638
8938 1218
8939 1092
8940 1134
8941 1134
8942 1092
8943 1008
8944 1092
8945 1260
8946 1176
8947 1092
8948 1134
8949 1344
8950 1092
8951 1134
8952 1260
8953 1134
8954 1344
8955 1218
8956 1134
8957 1092
8958 1176
8959 1176
8960 1176
8961 1218
8962 1176
8963 1050
8964 1134
8965 1176
8966 1218
8967 1554
8968 1428
8969 1218
8970 1302
8971 1344
8972 1218
8973 1134
8974 1008
8975 1218
8976 1134
8977 1092
8978 1134
8979 1386
8980 1092
8981 1218
8982 1302
8983 1218
8984 1092
8985 1218
8986 1134
8987 1134
8988 1176
8989 1260
8990 1386
8991 1176
8992 1134
8993 1218
8994 1302
8995 1302
8996 1134
8997 1344
8998 1176
8999 1344
9000 1344
9001 1344
9002 1260
9003 1176
9004 1134
9005 1134
9006 1386
9007 1344
9008 1218
9009 1260
9010 1176
9011 1302
9012 1428
9013 1260
9014 1092
9015 1134
9016 2100
9017 1218
9018 1176
9019 1344
9020 1176
9021 1134
9022 1260
9023 1134
9024 1260
9025 1176
9026 1134
9027 1260
9028 1134
9029 1344
9030 1176
9031 1134
9032 1176
9033 1302
9034 1302
9035 1218
9036 1260
9037 1134
9038 1176
9039 1134
9040 1344
9041 1176
9042 1386
9043 2604
9044 1260
9045 1302
9046 1260
9047 1302
9048 1134
9049 1260
9050 1218
9051 1176
9052 1218
9053 1092
9054 1302
9055 1092
9056 1344
9057 1302
9058 1302
9059 1176
9060 1302
9061 1302
9062 2142
9063 1176
9064 1260
9065 1344
9066 1260
9067 1260
9068 1134
9069 1092
9070 1260
9071 1176
9072 1176
9073 1176
9074 1050
9075 1218
9076 1260
9077 1134
9078 1176
9079 1134
9080 1092
9081 1092
9082 1302
9083 1176
9084 1134
9085 1344
9086 1092
9087 1176
9088 1050
9089 1134
9090 1176
9091 1260
9092 1176
9093 1218
9094 1050
9095 1260
9096 1092
9097 1176
9098 1176
9099 1218
9100 1134
9101 1218
9102 1134
9103 1260
9104 1134
9105 1092
9106 1176
9107 1302
9108 1134
9109 1344
9110 1344
9111 1134
9112 1092
9113 1218
9114 1260
9115 1260
9116 1344
9117 1176
9118 1092
9119 1092
9120 1134
9121 1134
9122 1302
9123 1134
9124 1134
9125 1134
9126 1344
9127 1302
9128 1218
9129 1218
9130 1176
9131 1092
9132 1344
9133 1134
9134 1218
9135 1260
9136 1218
9137 1092
9138 1050
9139 1134
9140 1218
9141 1260
9142 1260
9143 1176
9144 1050
9145 1470
9146 1260
9147 1638
9148 1176
9149 1134
9150 1218
9151 1176
9152 1260
9153 1344
9154 1176
9155 1176
9156 1260
9157 1176
9158 1092
9159 1050
9160 1134
9161 1260
9162 1176
9163 1176
9164 1344
9165 1344
9166 1344
9167 1218
9168 1302
9169 1176
9170 1428
9171 1092
9172 1386
9173 1470
9174 1134
9175 1260
9176 1260
9177 1218
9178 1260
9179 1134
9180 1344
9181 1134
9182 1176
9183 1218
9184 1344
9185 1092
9186 1176
9187 1260
9188 1050
9189 1218
9190 1302
9191 1260
9192 1176
9193 1218
9194 3024
9195 1176
9196 1218
9197 1092
9198 1260
9199 1092
9200 1092
9201 1218
9202 1176
9203 1092
9204 1176
9205 1092
9206 1218
9207 1302
9208 1218
9209 1218
9210 1134
9211 1092
9212 1302
9213 1176
9214 1134
9215 1176
9216 1092
9217 1176
9218 1092
9219 1218
9220 1260
9221 1260
9222 1554
9223 1176
9224 1176
9225 1344
9226 1260
9227 1344
9228 1218
9229 1260
9230 1218
9231 1134
9232 1176
9233 1134
9234 1092
9235 1176
9236 2352
9237 1134
9238 1176
9239 1890
9240 1092
9241 1218
9242 1302
9243 1260
9244 1092
9245 1344
9246 1134
9247 1260
9248 1176
9249 1218
9250 1386
9251 1176
9252 1134
9253 1512
9254 1134
9255 1176
9256 1134
9257 1218
9258 1134
9259 1260
9260 1302
9261 1134
9262 1050
9263 1596
9264 1260
9265 1260
9266 1260
9267 1092
9268 1218
9269 1638
9270 1176
9271 1218
9272 1176
9273 1344
9274 1092
9275 1176
9276 1134
9277 1050
9278 1050
9279 1092
9280 1134
9281 1176
9282 1302
9283 1050
9284 1218
9285 1092
9286 1134
9287 1008
9288 1050
9289 1092
9290 1134
9291 1176
9292 1050
9293 1176
9294 1176
9295 1260
9296 1092
9297 1134
9298 1050
9299 1050
9300 1092
9301 1260
9302 1134
9303 1176
9304 1176
9305 1260
9306 1470
9307 1428
9308 1092
9309 1176
9310 1344
9311 1134
9312 1176
9313 1218
9314 1092
9315 1344
9316 1386
9317 1176
9318 1134
9319 1218
9320 1176
9321 1092
9322 1134
9323 1260
9324 1176
9325 1134
9326 1386
9327 1092
9328 1218
9329 1092
9330 1050
9331 2478
9332 1386
9333 1176
9334 1218
9335 1386
9336 1386
9337 1428
9338 1092
9339 1134
9340 1260
9341 1134
9342 1302
9343 1260
9344 1134
9345 1134
9346 1176
9347 1176
9348 1134
9349 1176
9350 1176
9351 1134
9352 1134
9353 1050
9354 1134
9355 1092
9356 1008
9357 1512
9358 1092
9359 1260
9360 1092
9361 1218
9362 1176
9363 1092
9364 1176
9365 1134
9366 1134
9367 1176
9368 1134
9369 1134
9370 1134
9371 1092
9372 1092
9373 1050
9374 1008
9375 1134
9376 1050
9377 1008
9378 1218
9379 1134
9380 1092
9381 1176
9382 1260
9383 1176
9384 1092
9385 1092
9386 1176
9387 1134
9388 1092
9389 1176
9390 1176
9391 1134
9392 1260
9393 1218
9394 1302
9395 1302
9396 1092
9397 1218
9398 1260
9399 1260
9400 1092
9401 1260
9402 1092
9403 1092
9404 1134
9405 1176
9406 1134
9407 1512
9408 1134
9409 1134
9410 1092
9411 1176
9412 1260
9413 1134
9414 1050
9415 1218
9416 1218
9417 1302
9418 1218
9419 1302
9420 1218
9421 1386
9422 1176
9423 1218
9424 1218
9425 1176
9426 1260
9427 1218
9428 1218
9429 1260
9430 1344
9431 1260
9432 1050
9433 1260
9434 1218
9435 1218
9436 1260
9437 1260
9438 1176
9439 1092
9440 1302
9441 1260
9442 1176
9443 1134
9444 1092
9445 1176
9446 1050
9447 1134
9448 1176
9449 1176
9450 1260
9451 1218
9452 1134
9453 1260
9454 1176
9455 1176
9456 1050
9457 1302
9458 1218
9459 1386
9460 1176
9461 1134
9462 1176
9463 1260
9464 1218
9465 1218
9466 1470
9467 1218
9468 1176
9469 1218
9470 1134
9471 1218
9472 1134
9473 1176
9474 1344
9475 1260
9476 1092
9477 1092
9478 1176
9479 1218
9480 1092
9481 1092
9482 1050
9483 1134
9484 1302
9485 1176
9486 1428
9487 1260
9488 1386
9489 1344
9490 1344
9491 1302
9492 1386
9493 1344
9494 1218
9495 1134
9496 1302
9497 1344
9498 1134
9499 1218
9500 1218
9501 1260
9502 1218
9503 1344
9504 1218
9505 1260
9506 1302
9507 1302
9508 1092
9509 1302
9510 1386
9511 1218
9512 1218
9513 1134
9514 1260
9515 1092
9516 1302
9517 1302
9518 1134
9519 1092
9520 1092
9521 1134
9522 1344
9523 1092
9524 1176
9525 1092
9526 1176
9527 1050
9528 1386
9529 1218
9530 1260
9531 1134
9532 1344
9533 1176
9534 1092
9535 1302
9536 1260
9537 1092
9538 1134
9539 1596
9540 1218
9541 1302
9542 1218
9543 1134
9544 1176
9545 1218
9546 1218
9547 1260
9548 1344
9549 1302
9550 1218
9551 1302
9552 1134
9553 1218
9554 1344
9555 1218
9556 1134
9557 1134
9558 1176
9559 1176
9560 1260
9561 1386
9562 1092
9563 1134
9564 1092
9565 1302
9566 1218
9567 2184
9568 1386
9569 1050
9570 1176
9571 1596
9572 1050
9573 1134
9574 1092
9575 1050
9576 1092
9577 1092
9578 1176
9579 1260
9580 1134
9581 1134
9582 1092
9583 1134
9584 1092
9585 1134
9586 1176
9587 1092
9588 1176
9589 1176
9590 1050
9591 1176
9592 1134
9593 1050
9594 1176
9595 1134
9596 1092
9597 1260
9598 1176
9599 1218
9600 1134
9601 1218
9602 1218
9603 1050
9604 1176
9605 1176
9606 1176
9607 1344
9608 1176
9609 1302
9610 1218
9611 1344
9612 1134
9613 1470
9614 1176
9615 1260
9616 1386
9617 1176
9618 1176
9619 1344
9620 1050
9621 1218
9622 1218
9623 1092
9624 1260
9625 1134
9626 1176
9627 1302
9628 1260
9629 1218
9630 1134
9631 1302
9632 1092
9633 1218
9634 1092
9635 1092
9636 1134
9637 1134
9638 1134
9639 1218
9640 1050
9641 1134
9642 1092
9643 1050
9644 1092
9645 1134
9646 1050
9647 1176
9648 1218
9649 1092
9650 1176
9651 1176
9652 1008
9653 1092
9654 1134
9655 1176
9656 1092
9657 1176
9658 1134
9659 1134
9660 1092
9661 1218
9662 1260
9663 1302
9664 1092
9665 1134
9666 1176
9667 1134
9668 1176
9669 1134
9670 1344
9671 1680
9672 1134
9673 1134
9674 1134
9675 1176
9676 1176
9677 1134
9678 1134
9679 1260
9680 1386
9681 1134
9682 1134
9683 1092
9684 1260
9685 1092
9686 1008
9687 1260
9688 1134
9689 1092
9690 1092
9691 1302
9692 1092
9693 1092
9694 1050
9695 1134
9696 1176
9697 1092
9698 1176
9699 1218
9700 1134
9701 1218
9702 1176
9703 1218
9704 1176
9705 1218
9706 1302
9707 1302
9708 1302
9709 1302
9710 1260
9711 1092
9712 1218
9713 1302
9714 1176
9715 1092
9716 1176
9717 1092
9718 1176
9719 1218
9720 1092
9721 1092
9722 1092
9723 1092
9724 1092
9725 1218
9726 1176
9727 1176
9728 1176
9729 1512
9730 1134
9731 1176
9732 1302
9733 1428
9734 1302
9735 1344
9736 1512
9737 1218
9738 1260
9739 1302
9740 1218
9741 1092
9742 1218
9743 1092
9744 1092
9745 1218
9746 1176
9747 1092
9748 1344
9749 1050
9750 1134
9751 1092
9752 1176
9753 1218
9754 1176
9755 1092
9756 1134
9757 1092
9758 1134
9759 1092
9760 1176
9761 1302
9762 1092
9763 1176
9764 1134
9765 1092
9766 1176
9767 1302
9768 1260
9769 1176
9770 1218
9771 1176
9772 1092
9773 1302
9774 1218
9775 1134
9776 1176
9777 1092
9778 1302
9779 1134
9780 1092
9781 1050
9782 1008
9783 1050
9784 1092
9785 1176
9786 1008
9787 1218
9788 1050
9789 1050
9790 1050
9791 1092
9792 1134
9793 1050
9794 1134
9795 1134
9796 1092
9797 1092
9798 1134
9799 1092
9800 1134
9801 1134
9802 1176
9803 1050
9804 1470
9805 1218
9806 1260
9807 1176
9808 1092
9809 1092
9810 1092
9811 1092
9812 1134
9813 1134
9814 1176
9815 1218
9816 1218
9817 1092
9818 1302
9819 1176
9820 1176
9821 1134
9822 1260
9823 1134
9824 1134
9825 1470
9826 1176
9827 1134
9828 1176
9829 1092
9830 1176
9831 1302
9832 1218
9833 1260
9834 1218
9835 1134
9836 1218
9837 1176
9838 1218
9839 1302
9840 1050
9841 1134
9842 1176
9843 1302
9844 1176
9845 1134
9846 1134
9847 1092
9848 1134
9849 1218
9850 1092
9851 1218
9852 1134
9853 1176
9854 1218
9855 1134
9856 1218
9857 1050
9858 1092
9859 1092
9860 1050
9861 1134
9862 1134
9863 1092
9864 1092
9865 1008
9866 1134
9867 1092
9868 1092
9869 1218
9870 1176
9871 1176
9872 1092
9873 1134
9874 1134
9875 1134
9876 1050
9877 1134
9878 1092
9879 1008
9880 1050
9881 1092
9882 1050
9883 1134
9884 1134
9885 1176
9886 1134
9887 1092
9888 1218
9889 1092
9890 1050
9891 1008
9892 1092
9893 1092
9894 1134
9895 1092
9896 1134
9897 1092
9898 1134
9899 1134
9900 1008
9901 1260
9902 1134
9903 1176
9904 1176
9905 1134
9906 1050
9907 1092
9908 1218
9909 1176
9910 1218
9911 1050
9912 1092
9913 1176
9914 1050
9915 1134
9916 1260
9917 1302
9918 1218
9919 1092
9920 1092
9921 1512
9922 1218
9923 1218
9924 1092
9925 1050
9926 1134
9927 1092
9928 1176
9929 1134
9930 1092
9931 1176
9932 1008
9933 1092
9934 1092
9935 1050
9936 1260
9937 1092
9938 1218
9939 1176
9940 1092
9941 1302
9942 1218
9943 1260
9944 1218
9945 1176
9946 1176
9947 1134
9948 1218
9949 1218
9950 1470
9951 1218
9952 1260
9953 1050
9954 1344
9955 1260
9956 1218
9957 1260
9958 1260
9959 1470
9960 1092
9961 1134
9962 1176
9963 1260
9964 1176
9965 1050
9966 1176
9967 1302
9968 1134
9969 1092
9970 1050
9971 1050
9972 1050
9973 1134
9974 1218
9975 1218
9976 1092
9977 1218
9978 1050
9979 1302
9980 1134
9981 1092
9982 1092
9983 1134
9984 1092
9985 1050
9986 1092
9987 1134
9988 1134
9989 1134
9990 1092
9991 1134
9992 1092
9993 1176
9994 1050
9995 1050
9996 1176
9997 1050
9998 1092
9999 1050
Record :  1008
