0 0
1 1500
2 1464
3 2766
4 1596
5 2274
6 1176
7 1770
8 2514
9 1308
10 1776
11 1812
12 1314
13 2562
14 2406
15 2460
16 1458
17 1716
18 1770
19 2694
20 1944
21 1908
22 2856
Unexpected message received for job 1043765
23 2472
24 2154
25 2208
26 2688
27 1992
Unexpected message received for job 1043765
28 2826
29 2748
30 2172
31 3738
32 2214
33 2868
34 3948
35 3300
36 3006
37 4356
38 5568
39 5394
40 4194
41 6744
42 4410
43 7206
44 3384
45 4434
46 4026
47 5586
48 3534
49 3018
50 3510
51 2052
52 3666
53 4338
54 1860
55 2670
56 4272
57 3156
58 2694
59 4032
60 2424
61 2430
62 6252
63 5250
64 4476
65 2562
66 3054
67 4830
68 5328
69 2862
70 4524
71 3108
72 2448
73 5238
74 2382
75 4350
76 5214
77 5550
78 4296
79 3996
80 1944
81 3996
82 1566
83 3588
84 5214
85 5820
86 5232
87 3690
88 3162
89 3918
90 2430
91 3270
92 3258
93 3696
94 2610
95 3258
96 3738
97 3468
98 3810
99 3228
100 2124
101 3714
102 3264
103 2976
104 2802
105 3300
106 2874
107 7200
108 3120
109 5730
110 4950
111 3738
112 3678
113 5418
114 2928
115 4710
116 4260
117 2796
118 2214
119 4080
120 4764
121 3702
122 3102
123 3804
124 5562
125 3498
126 5340
127 3690
128 6030
129 3144
130 4332
131 2532
132 3438
133 4458
134 4170
135 3564
136 4662
137 3846
138 2370
139 5880
140 2448
141 4032
142 6174
143 5442
144 6678
145 2124
146 5358
147 3672
148 3354
149 1812
150 3888
151 4836
152 3408
153 3702
154 2622
155 3264
156 2394
157 4224
158 2856
159 2520
160 5586
161 3018
162 3240
163 3090
164 3090
165 2394
166 2850
167 5214
168 3576
169 1998
170 3726
171 3240
172 4314
173 4182
174 3096
175 4068
176 5220
177 3006
178 2580
179 2832
180 3198
181 3006
182 4074
183 2238
184 3276
185 3180
186 4866
187 1758
188 4146
189 3276
190 4620
191 1806
192 2490
193 1662
194 3090
195 4146
196 3504
197 3948
198 2814
199 3378
200 1626
201 4200
202 2244
203 5304
204 3366
205 2544
206 5832
207 2400
208 3846
209 3084
210 4242
211 3960
212 5244
213 4086
214 2640
215 5028
216 1578
217 2616
218 4116
219 2292
220 2646
221 4020
222 3900
223 3426
224 2778
225 3714
226 4440
227 4104
228 2286
229 3504
230 3432
231 3726
232 3726
233 5418
234 6570
235 3324
236 4368
237 3318
238 2334
239 3804
240 2886
241 3708
242 4152
243 2646
244 4872
245 3582
246 3456
247 3588
248 2214
249 5424
250 3648
251 1590
252 3078
253 2988
254 2634
255 3786
256 3054
257 4488
258 2304
259 2682
260 4530
261 3888
262 4254
263 4998
264 6006
265 4338
266 2106
267 2292
268 2622
269 3714
270 2976
271 1962
272 2520
273 4902
274 3360
275 2736
276 3456
277 3168
278 3834
279 3006
280 3306
281 4062
282 3816
283 2478
284 3312
285 2412
286 2412
287 3366
288 2604
289 2916
290 3450
291 2550
292 2658
293 2742
294 3138
295 7014
296 3402
297 4230
298 2106
299 4398
300 4740
301 2208
302 3528
303 6108
304 2460
305 5220
306 1560
307 4872
308 3624
309 2220
310 2310
311 3924
312 3534
313 5028
314 3348
315 3360
316 3870
317 2760
318 5778
319 3072
320 4074
321 2802
322 4452
323 4452
324 2034
325 3936
326 3444
327 4338
328 3066
329 2850
330 3630
331 4638
332 4194
333 3528
334 2790
335 1734
336 3606
337 3102
338 2274
339 5796
340 5100
341 4782
342 2274
343 2652
344 1200
345 3714
346 1872
347 2280
348 2538
349 3462
350 3618
351 3822
352 2814
353 3096
354 2946
355 2136
356 2238
357 2580
358 1908
359 3504
360 3636
361 3822
362 3330
363 2790
364 3306
365 4884
366 2190
367 6618
368 1530
369 3984
370 1938
371 3534
372 2910
373 2556
374 3312
375 3954
376 3648
377 4656
378 4458
379 5574
380 4506
381 2952
382 2256
383 3930
384 3834
385 3930
386 2838
387 6498
388 2382
389 5682
390 1542
391 1920
392 3114
393 4296
394 3942
395 1428
396 3096
397 3174
398 6258
399 3786
400 4014
401 3150
402 1824
403 4344
404 2622
405 2922
406 4728
407 2214
408 2334
409 2088
410 5382
411 3504
412 2232
413 2502
414 3990
415 4104
416 3588
417 3606
418 4440
419 6246
420 4332
421 4260
422 2796
423 3048
424 4218
425 3084
426 2070
427 2748
428 1764
429 2478
430 3924
431 2268
432 6312
433 4254
434 5496
435 5712
436 2724
437 1320
438 3396
439 2412
440 2964
441 5244
442 3234
443 2502
444 4056
445 3120
446 4950
447 3480
448 2898
449 2754
450 3552
451 2652
452 2640
453 3660
454 2448
455 2298
456 2886
457 3048
458 2538
459 3072
460 2766
461 5964
462 1872
463 7440
464 4506
465 2040
466 5064
467 3462
468 2964
469 3906
470 2610
471 2820
472 3666
473 2406
474 2988
475 2472
476 4314
477 6636
478 6570
479 2478
480 3330
481 2784
482 6966
483 2130
484 3096
485 1368
486 4998
487 2688
488 2688
489 1614
490 5208
491 5400
492 1962
493 3132
494 2262
495 2742
496 2394
497 2406
498 2748
499 5586
500 2508
501 2232
502 2298
503 2142
504 2928
505 5430
506 3240
507 1920
508 5292
509 4824
510 3768
511 5952
512 2622
513 3516
514 2400
515 2130
516 4494
517 5022
518 2418
519 2616
520 3420
521 2856
522 2712
523 5460
524 4350
525 2628
526 2988
527 2436
528 3888
529 3696
530 4026
531 3246
532 3054
533 3522
534 3228
535 2076
536 3456
537 2166
538 4674
539 3666
540 3966
541 2400
542 2262
543 4920
544 2466
545 4104
546 4014
547 4206
548 4578
549 3744
550 3282
551 2508
552 1740
553 3522
554 4458
555 3402
556 3378
557 2064
558 2022
559 2802
560 4542
561 3234
562 3318
563 1860
564 2928
565 2526
566 4458
567 4446
568 4722
569 6258
570 1938
571 3540
572 3654
573 2478
574 3306
575 2694
576 3978
577 2724
578 2034
579 2256
580 2118
581 3366
582 3210
583 2940
584 3162
585 3420
586 4560
587 2730
588 1908
589 4566
590 2196
591 2460
592 2724
593 2580
594 1422
595 2610
596 1338
597 3198
598 2544
599 6450
600 3000
601 3384
602 3732
603 3882
604 3156
605 2454
606 2502
607 2946
608 2874
609 3606
610 1728
611 2928
612 1686
613 2916
614 6312
615 3756
616 2496
617 2724
618 2232
619 3378
620 3432
621 3336
622 3210
623 4086
624 2682
625 1818
626 1866
627 2190
628 3042
629 5322
630 3126
631 4158
632 6540
633 2778
634 3594
635 2112
636 3612
637 4746
638 2724
639 3030
640 2520
641 1164
642 1752
643 1944
644 1974
645 6144
646 2448
647 4212
648 3762
649 2898
650 2994
651 3486
652 4500
653 2574
654 2670
655 2100
656 2988
657 2784
658 3228
659 3744
660 4128
661 1980
662 3630
663 2460
664 5100
665 3720
666 2586
667 1632
668 2232
669 4788
670 2964
671 4302
672 1842
673 2598
674 3570
675 2286
676 3312
677 4908
678 3954
679 1908
680 4128
681 3540
682 2274
683 6546
684 2094
685 5334
686 1866
687 3288
688 4260
689 2394
690 2754
691 3288
692 2490
693 2160
694 3708
695 2712
696 3726
697 4908
698 1752
699 3732
700 3246
701 2700
702 1824
703 2520
704 1662
705 1914
706 3786
707 2634
708 4698
709 2358
710 3894
711 2760
712 2994
713 2814
714 3042
715 2922
716 2046
717 3942
718 3564
719 2424
720 3144
721 3564
722 3360
723 1878
724 2640
725 6252
726 4464
727 2514
728 3330
729 2220
730 2226
731 2442
732 5208
733 4194
734 2568
735 7470
736 3564
737 3654
738 2730
739 4548
740 3486
741 2910
742 3414
743 4350
744 3594
745 4950
746 2064
747 1956
748 2934
749 4284
750 1728
751 5802
752 3504
753 2712
754 2046
755 1698
756 3858
757 3390
758 2652
759 3432
760 3594
761 3936
762 2466
763 3042
764 5256
765 4278
766 1926
767 3804
768 3144
769 2610
770 2922
771 4962
772 2658
773 4278
774 2946
Unexpected message received for job 1043765
775 3084
776 3636
777 2112
Unexpected message received for job 1043765
778 4680
779 1350
780 2340
781 3678
782 2298
783 4614
784 2484
785 4080
786 3558
787 3714
788 2142
789 2388
790 3534
791 4794
792 3324
793 3348
794 3162
795 1764
796 3354
797 1938
798 3120
799 3336
800 3768
801 2796
802 3642
803 5298
804 3564
805 2568
806 4116
807 4356
808 1722
809 1752
810 2478
811 2226
812 4932
813 4866
814 2346
815 4614
816 3918
817 4728
818 2412
819 3354
820 4452
821 6546
822 2142
823 2736
824 4266
825 3726
826 5196
827 3468
828 2670
829 5736
830 3690
831 3042
832 4602
833 6270
834 2802
835 2220
836 3756
837 3018
838 2850
839 2334
840 2328
841 4188
842 2190
843 1788
844 3792
845 2274
846 3000
847 3006
848 3174
849 1950
850 5436
851 1950
852 2982
853 2010
854 5034
855 2394
856 2274
857 3618
858 3378
859 2868
860 4878
861 2850
862 3744
863 3690
864 3660
865 1554
866 3828
867 5124
868 2826
869 3162
870 2076
871 2238
872 2586
873 1752
874 1938
875 3564
876 4080
877 2550
878 2190
879 3114
880 1692
881 2844
882 3870
883 4068
884 2946
885 2634
886 2520
887 2658
888 3090
889 1506
890 2124
891 2886
892 2904
893 2346
894 1908
895 2136
896 3522
897 2772
898 3468
899 1392
900 2940
901 2838
902 4578
903 2220
904 2976
905 2472
906 5382
907 1740
908 1992
909 3396
910 2490
911 2154
912 1674
913 2136
914 1782
915 5148
916 3486
917 1710
918 2640
919 3000
920 2688
921 2952
922 3648
923 3120
924 2910
925 3816
926 1650
927 2826
928 2604
929 1698
930 2046
931 2112
932 2028
933 5490
934 2910
935 3600
936 2538
937 2244
938 3552
939 4074
940 2970
941 4482
942 2742
943 1842
944 2520
945 2226
946 3006
947 5088
948 5388
949 3576
950 2454
951 6366
952 3546
953 6258
954 1644
955 3864
956 1110
957 3642
958 1902
959 4068
960 3612
961 2826
962 1932
963 3090
964 2832
965 2970
966 3588
967 2994
968 2802
969 3324
970 2904
971 3288
972 1992
973 3090
974 3042
975 3072
976 2256
977 2778
978 4014
979 2388
980 2724
981 4062
982 3492
983 4878
984 4470
985 1380
986 3330
987 1686
988 2700
989 3588
990 3294
991 4620
992 5484
993 4440
994 4770
995 4146
996 1782
997 2892
998 2652
999 1482
1000 4008
1001 4428
1002 2016
1003 2370
1004 3126
1005 2742
1006 3126
1007 5274
1008 2574
1009 1848
1010 4092
1011 3324
1012 2700
1013 4320
1014 2382
1015 2826
1016 2586
1017 2664
1018 4218
1019 2304
1020 4104
1021 1782
1022 1218
1023 2940
1024 2610
1025 3522
1026 3744
1027 4116
1028 2940
1029 1698
1030 2034
1031 5916
1032 2466
1033 3360
1034 4806
1035 3216
1036 4806
1037 4416
1038 3408
1039 3300
1040 3354
1041 4056
1042 2532
1043 2034
1044 2868
1045 2448
1046 3780
1047 5160
1048 5250
1049 1956
1050 2970
1051 3312
1052 2988
1053 1788
1054 3474
1055 4038
1056 5688
1057 4170
1058 3588
1059 3246
1060 2448
1061 3456
1062 3030
1063 3396
1064 4446
1065 2856
1066 2940
1067 2322
1068 1794
1069 3642
1070 2814
1071 3408
1072 1308
1073 2088
1074 2508
1075 1818
1076 2586
1077 2940
1078 3432
1079 5550
1080 2742
1081 2544
1082 3780
1083 3660
1084 2094
1085 2064
1086 3894
1087 3378
1088 3804
1089 4860
1090 2892
1091 2814
1092 3366
1093 5064
1094 2280
1095 2508
1096 2982
1097 4854
1098 3564
1099 3312
1100 3750
1101 4548
1102 3198
1103 2568
1104 5136
1105 3672
1106 2598
1107 3510
1108 3834
1109 2364
1110 4758
1111 3816
1112 1404
1113 1776
1114 2442
1115 2082
1116 3414
1117 5430
1118 2844
1119 1806
1120 5394
1121 2346
1122 2994
1123 2256
1124 2658
1125 5232
1126 3204
1127 3576
1128 2304
1129 4764
1130 4080
1131 2202
1132 2826
1133 3330
1134 2952
1135 4422
1136 3186
1137 4998
1138 2442
1139 2784
1140 3168
1141 3336
1142 2622
1143 4002
1144 4920
1145 3588
1146 3444
1147 4932
1148 3204
1149 2496
1150 5850
1151 3288
1152 1992
1153 4062
1154 4338
1155 2826
1156 3258
1157 2340
1158 2970
1159 3426
1160 2988
1161 3636
1162 4434
1163 2304
1164 5190
1165 3582
1166 3438
1167 1590
1168 2994
1169 4440
1170 3546
1171 3498
1172 3420
1173 2874
1174 2388
1175 1668
1176 1434
1177 3624
1178 2346
1179 2124
1180 2238
1181 2796
1182 3618
1183 2976
1184 4914
1185 2166
1186 2604
1187 4674
1188 2784
1189 4890
1190 3312
1191 2868
1192 3018
1193 5244
1194 2454
1195 2850
1196 2280
1197 3306
1198 4818
1199 2280
1200 2964
1201 1842
1202 2580
1203 2688
1204 2838
1205 2358
1206 4164
1207 5154
1208 2676
1209 1584
1210 1992
1211 2772
1212 2232
1213 2508
1214 2208
1215 2664
1216 2814
1217 2346
1218 2646
1219 4020
1220 4242
1221 6366
1222 5028
1223 2316
1224 2244
1225 3648
1226 4446
1227 1926
1228 2406
1229 3048
1230 2562
1231 2568
1232 3528
1233 3450
1234 2922
1235 4338
1236 2886
1237 3090
1238 3942
1239 3876
1240 2028
1241 1674
1242 3372
1243 4272
1244 3300
1245 2178
1246 4308
1247 2460
1248 5370
1249 1764
1250 1338
1251 4140
1252 3252
1253 3438
1254 4386
1255 3012
1256 3192
1257 2502
1258 3762
1259 2364
1260 1992
1261 2220
1262 3666
1263 2610
1264 3720
1265 3672
1266 2148
1267 3030
1268 2610
1269 2652
1270 2118
1271 2814
1272 1980
1273 5124
1274 2568
1275 2436
1276 4260
1277 5946
1278 4176
1279 4302
1280 4338
1281 2412
1282 2898
1283 2082
1284 3882
1285 3180
1286 3918
1287 3672
1288 2202
1289 2784
1290 3840
1291 3522
1292 3240
1293 1542
1294 5172
1295 3804
1296 2106
1297 4764
1298 1770
1299 2388
1300 1728
1301 3606
1302 2586
1303 3528
1304 1452
1305 2100
1306 2316
1307 3558
1308 2304
1309 1668
1310 3708
1311 2670
1312 3096
1313 2250
1314 2172
1315 1764
1316 4014
1317 4050
1318 1800
1319 3444
1320 3588
1321 1968
1322 3096
1323 3144
1324 2226
1325 3726
1326 2400
1327 3456
1328 1998
1329 2676
1330 3558
1331 2988
1332 2190
1333 2808
1334 4698
1335 1890
1336 3204
1337 4146
1338 4464
1339 4536
1340 2292
1341 2754
1342 5424
1343 4860
1344 3630
1345 2604
1346 4104
1347 6468
1348 3546
1349 2916
1350 4338
1351 4668
1352 3246
1353 2244
1354 3942
1355 5154
1356 3534
1357 4152
1358 4776
1359 3894
1360 2196
1361 3726
1362 3498
1363 5994
1364 3240
1365 4926
1366 3888
1367 4314
1368 4146
1369 4074
1370 3414
1371 3570
1372 3408
1373 3582
1374 1848
1375 3084
1376 4062
1377 2952
1378 3774
1379 3012
1380 3564
1381 4314
1382 3312
1383 2892
1384 3414
1385 3828
1386 2388
1387 3282
1388 2130
1389 3306
1390 1980
1391 4212
1392 6222
1393 1806
1394 2490
1395 2214
1396 3960
1397 5148
1398 4398
1399 3108
1400 4188
1401 3924
1402 3102
1403 3114
1404 1782
1405 3276
1406 3402
1407 3780
1408 3462
1409 2244
1410 5118
1411 5424
1412 4188
1413 3924
1414 2892
1415 2058
1416 5424
1417 3804
1418 3900
1419 2868
1420 3750
1421 2100
1422 3690
1423 1764
1424 3288
1425 3294
1426 2226
1427 2034
1428 3378
1429 2940
1430 1818
1431 2592
1432 1884
1433 3792
1434 3462
1435 4236
1436 2622
1437 3408
1438 2106
1439 2316
1440 2442
1441 3402
1442 2034
1443 3918
1444 3126
1445 4662
1446 4926
1447 2016
1448 3096
1449 1728
1450 6594
1451 2508
1452 2862
1453 2544
1454 2490
1455 2016
1456 2094
1457 4056
1458 3696
1459 3096
1460 5268
1461 2616
1462 3138
1463 3288
1464 2310
1465 3816
1466 2454
1467 1704
1468 3750
1469 2250
1470 2814
1471 2682
1472 2562
1473 3624
1474 1818
1475 1338
1476 2154
1477 2586
1478 2712
1479 1902
1480 1722
1481 2046
1482 3594
1483 3882
1484 2526
1485 4626
1486 3054
1487 1650
1488 3246
1489 2700
1490 2604
1491 1632
1492 3954
1493 2514
1494 3108
1495 2376
1496 2448
1497 2010
1498 3888
1499 3882
1500 4380
1501 2190
1502 5286
1503 3222
1504 2214
1505 1902
1506 1932
1507 1602
1508 3954
1509 2460
1510 3564
1511 2244
1512 3642
1513 6078
1514 2550
1515 3432
1516 2718
1517 2574
1518 3510
1519 3864
1520 2460
1521 2148
1522 4380
1523 4386
1524 2712
1525 3888
1526 5370
1527 2352
1528 3474
1529 1806
1530 2220
1531 1896
1532 2646
1533 1854
1534 3882
1535 2622
1536 2058
1537 1926
1538 3384
1539 3390
1540 2490
1541 3042
1542 2340
1543 1638
1544 3312
1545 3336
1546 2412
1547 1416
1548 4692
1549 3582
1550 1920
1551 1830
Unexpected message received for job 1043765
1552 5352
1553 1836
1554 3798
Unexpected message received for job 1043765
1555 4518
1556 3702
1557 2334
1558 1686
1559 2676
1560 3072
1561 1734
1562 2970
1563 2106
1564 4656
1565 1848
1566 5616
1567 1902
1568 2970
1569 2028
1570 3630
1571 3438
1572 2412
1573 2076
1574 3960
1575 2670
1576 3150
1577 4698
1578 1848
1579 4164
1580 4650
1581 3102
1582 2574
1583 1716
1584 1968
1585 1614
1586 2856
1587 3648
1588 1698
1589 1590
1590 1452
1591 2646
1592 2880
1593 2646
1594 2286
1595 2892
1596 1296
1597 1416
1598 2094
1599 5196
1600 3048
1601 2898
1602 4386
1603 3210
1604 2544
1605 3246
1606 1278
1607 3126
1608 3000
1609 2586
1610 1956
1611 2760
1612 2034
1613 7224
1614 4818
1615 2628
1616 4194
1617 3738
1618 3324
1619 2334
1620 4716
1621 3534
1622 2610
1623 2136
1624 3588
1625 1194
1626 2664
1627 3048
1628 2406
1629 2376
1630 2814
1631 4404
1632 3426
1633 5016
1634 3240
1635 2538
1636 3396
1637 3636
1638 6378
1639 3078
1640 3444
1641 3054
1642 4188
1643 5100
1644 2358
1645 2388
1646 3810
1647 2892
1648 4254
1649 1962
1650 3606
1651 3054
1652 3924
1653 4998
1654 4758
1655 2640
1656 4656
1657 3090
1658 3480
1659 3600
1660 3672
1661 3696
1662 4296
1663 2766
1664 3978
1665 3876
1666 3444
1667 2556
1668 3354
1669 2448
1670 4020
1671 3318
1672 2364
1673 2406
1674 2544
1675 2310
1676 4602
1677 2706
1678 3156
1679 2724
1680 2736
1681 2994
1682 2130
1683 3462
1684 2514
1685 4242
1686 2952
1687 1980
1688 2334
1689 2760
1690 2598
1691 2472
1692 1908
1693 3318
1694 2832
1695 2688
1696 3462
1697 2232
1698 1842
1699 4512
1700 3930
1701 3132
1702 4332
1703 6144
1704 3108
1705 3096
1706 3294
1707 1392
1708 2652
1709 3342
1710 3528
1711 2178
1712 1818
1713 4410
1714 2160
1715 3066
1716 4668
1717 3552
1718 2424
1719 3426
1720 2664
1721 3972
1722 2736
1723 2298
1724 3714
1725 2208
1726 2910
1727 3234
1728 2886
1729 2652
1730 2178
1731 2238
1732 4458
1733 5214
1734 1968
1735 3228
1736 2910
1737 1644
1738 1716
1739 1668
1740 2760
1741 2916
1742 3456
1743 1350
1744 2400
1745 2286
1746 1200
1747 2616
1748 2292
1749 3726
1750 3054
1751 4224
1752 3456
1753 2166
1754 4566
1755 4014
1756 3204
1757 2736
1758 2856
1759 2682
1760 4368
1761 4554
1762 2286
1763 4062
1764 1758
1765 2628
1766 2082
1767 2382
1768 2382
1769 3066
1770 2820
1771 2694
1772 2328
1773 1500
1774 5772
1775 3234
1776 2826
1777 3174
1778 3030
1779 2400
1780 2070
1781 2268
1782 4050
1783 5250
1784 4692
1785 4860
1786 2004
1787 2682
1788 2724
1789 5004
1790 3816
1791 4026
1792 2688
1793 3336
1794 2250
1795 3018
1796 3420
1797 3210
1798 2832
1799 3390
1800 2574
1801 1944
1802 2856
1803 3798
1804 2568
1805 4506
1806 2964
1807 2472
1808 1092
1809 3474
1810 2550
1811 2814
1812 3576
1813 3684
1814 7506
1815 3282
1816 2568
1817 2400
1818 5274
1819 2076
1820 1998
1821 4188
1822 3708
1823 1764
1824 2550
1825 2628
1826 2190
1827 2808
1828 2136
1829 3498
1830 4128
1831 2250
1832 1944
1833 2130
1834 2928
1835 3792
1836 2724
1837 4794
1838 3258
1839 2676
1840 5178
1841 2190
1842 2832
1843 2502
1844 2064
1845 3444
1846 3276
1847 3462
1848 1878
1849 4848
1850 1614
1851 3336
1852 1620
1853 2688
1854 3276
1855 2148
1856 1590
1857 2772
1858 2352
1859 2604
1860 2586
1861 2364
1862 2544
1863 1350
1864 1782
1865 2592
1866 1536
1867 2178
1868 3060
1869 2028
1870 2052
1871 3582
1872 4638
1873 2118
1874 2352
1875 4056
1876 1722
1877 3654
1878 3558
1879 4200
1880 3684
1881 2454
1882 2244
1883 2820
1884 3312
1885 2196
1886 3048
1887 1578
1888 6552
1889 3036
1890 3984
1891 2766
1892 3564
1893 2184
1894 3912
1895 1698
1896 1182
1897 2634
1898 3654
1899 2814
1900 3114
1901 2568
1902 3474
1903 2004
1904 6540
1905 2148
1906 3672
1907 2010
1908 2370
1909 2208
1910 2046
1911 2352
1912 2442
1913 3504
1914 4542
1915 2094
1916 4314
1917 4494
1918 2682
1919 2574
1920 1542
1921 3600
1922 3528
1923 2718
1924 1968
1925 5772
1926 4026
1927 3654
1928 2988
1929 3870
1930 2502
1931 3174
1932 3570
1933 2142
1934 2646
1935 2418
1936 3354
1937 4902
1938 4230
1939 3630
1940 2736
1941 2136
1942 3288
1943 3438
1944 2160
1945 2202
1946 1074
1947 2700
1948 2562
1949 2202
1950 2988
1951 1236
1952 5916
1953 1884
1954 3270
1955 4518
1956 2604
1957 5382
1958 2844
1959 3714
1960 1740
1961 3426
1962 3672
1963 2700
1964 2928
1965 3204
1966 2478
1967 4374
1968 3984
1969 3492
1970 2598
1971 3894
1972 2268
1973 4446
1974 1590
1975 2670
1976 4008
1977 3216
1978 2934
1979 3774
1980 3282
1981 3048
1982 3360
1983 2334
1984 6570
1985 3018
1986 2286
1987 3240
1988 1830
1989 1566
1990 3594
1991 2298
1992 3402
1993 5838
1994 2232
1995 2934
1996 3210
1997 4164
1998 2118
1999 2958
2000 2670
2001 2268
2002 4176
2003 5352
2004 2784
2005 3882
2006 3324
2007 3804
2008 1362
2009 2352
2010 1350
2011 4332
2012 3318
2013 3900
2014 4692
2015 1986
2016 1758
2017 4398
2018 2952
2019 3834
2020 1878
2021 2292
2022 1830
2023 2574
2024 2028
2025 2514
2026 2844
2027 1656
2028 2790
2029 1530
2030 1368
2031 1692
2032 3222
2033 1836
2034 2922
2035 1782
2036 2928
2037 2172
2038 3630
2039 5262
2040 1296
2041 2064
2042 1932
2043 2046
2044 2424
2045 1470
2046 2958
2047 5382
2048 7014
2049 1602
2050 3456
2051 2802
2052 3720
2053 3534
2054 1866
2055 4314
2056 3336
2057 2922
2058 2232
2059 3462
2060 2910
2061 2172
2062 2556
2063 2496
2064 3168
2065 1908
2066 2052
2067 4920
2068 4326
2069 5334
2070 2886
2071 3402
2072 3642
2073 2094
2074 3726
2075 2184
2076 2382
2077 2028
2078 2562
2079 3912
2080 3078
2081 2334
2082 6270
2083 3708
2084 7434
2085 2934
2086 2268
2087 2586
2088 2262
2089 3144
2090 4026
2091 4470
2092 1686
2093 3924
2094 2694
2095 2814
2096 2514
2097 2856
2098 1920
2099 3174
2100 3354
2101 6108
2102 3936
2103 3546
2104 2412
2105 4188
2106 2244
2107 4344
2108 3324
2109 3630
2110 3156
2111 1674
2112 3276
2113 2010
2114 3444
2115 6168
2116 3600
2117 3090
2118 1938
2119 3210
2120 3534
2121 2112
2122 5742
2123 3264
2124 2160
2125 2814
2126 2856
2127 2682
2128 2568
2129 1494
2130 3504
2131 3756
2132 1338
2133 2376
2134 1482
2135 2298
2136 3798
2137 4044
2138 3666
2139 2562
2140 3438
2141 3822
2142 2616
2143 1662
2144 1986
2145 3564
2146 2832
2147 2892
2148 4896
2149 3210
2150 1596
2151 1404
2152 3282
2153 2766
2154 2898
2155 4134
2156 2496
2157 1710
2158 3696
2159 2718
2160 2796
2161 3174
2162 3054
2163 3690
2164 3612
2165 3678
2166 4644
2167 3360
2168 3474
2169 3192
2170 2448
2171 2676
2172 6564
2173 1944
2174 2556
2175 4194
2176 3336
2177 2190
2178 3714
2179 1782
2180 3000
2181 2658
2182 3474
2183 1518
2184 3564
2185 2628
2186 2214
2187 4974
2188 2214
2189 1800
2190 3576
2191 3564
2192 3714
2193 2946
2194 1776
2195 2832
2196 3234
2197 2814
2198 2592
2199 5610
2200 2550
2201 3126
2202 3480
2203 1998
2204 3804
2205 5058
2206 5154
2207 3084
2208 4440
2209 3246
2210 3744
2211 3252
2212 3756
2213 3084
2214 3456
2215 4710
2216 2334
2217 3936
2218 2430
2219 2250
2220 3372
2221 3066
2222 2172
2223 6804
2224 3618
2225 2226
2226 2760
2227 7206
2228 3438
2229 3090
2230 5460
2231 1740
2232 2094
2233 4410
2234 2412
2235 3972
2236 2304
2237 2898
2238 2520
2239 1980
2240 2814
2241 6270
2242 4206
2243 2808
2244 2820
2245 3366
2246 2694
2247 1866
2248 2304
2249 2082
2250 3528
2251 2136
2252 3216
2253 3036
2254 2370
2255 1908
2256 3708
2257 2916
2258 2544
2259 2958
2260 1680
2261 3384
2262 2652
2263 3198
2264 1476
2265 3546
2266 3288
2267 2802
2268 3696
2269 3162
2270 2904
2271 1014
2272 3096
2273 2616
2274 2892
2275 2730
2276 3498
2277 1398
2278 1884
2279 2196
2280 2160
2281 1740
2282 2148
2283 4290
2284 3744
2285 4320
2286 3624
2287 3090
2288 2058
2289 2190
2290 4050
2291 2358
2292 2766
2293 2652
2294 3000
2295 2346
2296 5088
2297 3600
2298 2550
2299 4092
2300 2436
2301 5682
Unexpected message received for job 1043765
2302 3420
2303 3216
2304 3702
2305 3438
2306 2880
2307 4818
2308 2394
2309 2226
2310 3498
2311 2376
2312 3198
2313 2760
2314 2322
2315 5100
2316 3150
2317 2490
2318 3474
2319 1674
2320 2208
2321 4230
2322 3186
2323 2958
2324 3210
2325 2220
2326 1890
2327 3222
2328 2052
2329 1974
2330 3456
2331 3156
2332 2196
2333 1806
2334 2514
2335 2856
2336 2454
2337 1812
2338 4530
2339 4200
2340 1812
2341 1194
2342 1848
2343 2688
2344 2022
2345 4434
2346 2796
2347 2322
2348 3342
2349 5772
2350 3450
2351 2448
2352 3270
2353 3654
Unexpected message received for job 1043765
2354 6564
2355 2232
2356 1686
Unexpected message received for job 1043765
2357 4746
2358 2904
2359 3948
2360 4386
2361 4470
2362 1932
2363 4200
2364 2364
2365 1884
2366 1410
2367 1974
2368 1854
2369 3606
2370 3222
2371 3354
2372 3306
2373 4500
2374 4380
2375 2766
2376 3324
2377 4818
2378 4074
2379 2856
2380 3096
2381 3456
2382 2610
2383 4056
2384 4614
2385 5502
2386 5724
2387 2412
2388 3270
2389 5286
2390 2010
2391 3084
2392 3948
2393 2550
2394 3294
2395 2988
2396 2034
2397 4812
2398 2442
2399 4716
2400 2670
2401 3090
2402 2094
2403 1866
2404 2472
2405 1476
2406 3222
2407 3810
2408 4806
2409 2382
2410 3636
2411 3408
2412 4764
2413 3504
2414 2640
2415 2928
2416 2994
2417 2742
2418 5046
2419 3450
2420 4716
2421 3270
2422 4116
2423 2238
2424 2832
2425 4344
2426 2232
2427 2874
2428 4518
2429 3180
2430 5496
2431 5124
2432 3084
2433 2544
2434 1788
2435 3630
2436 3300
2437 2250
2438 3150
2439 4932
2440 2118
2441 5568
2442 4272
2443 2496
2444 2802
2445 5268
2446 2232
2447 3336
2448 4044
2449 2226
2450 2664
2451 4542
2452 3780
2453 4776
2454 3900
2455 3846
2456 3774
2457 2778
2458 2418
2459 4254
2460 4794
2461 2106
2462 3594
2463 2970
2464 3798
2465 3732
2466 3330
2467 5808
2468 2748
2469 3954
2470 3330
2471 4386
2472 6666
2473 2586
2474 3354
2475 3414
2476 2598
2477 4356
2478 2706
2479 4212
2480 2742
2481 5244
2482 2826
2483 2082
2484 2484
2485 4272
2486 2868
2487 2952
2488 3270
2489 3642
2490 1962
2491 2436
2492 3750
2493 2004
2494 2358
2495 4668
2496 2724
2497 2958
2498 1620
2499 3006
2500 2718
2501 1938
2502 2400
2503 2010
2504 4140
2505 4086
2506 1782
2507 2898
2508 3114
2509 2664
2510 2838
2511 3480
2512 2154
2513 2028
2514 2862
2515 1998
2516 2214
2517 2826
2518 1620
2519 2382
2520 3426
2521 1824
2522 2202
2523 3072
2524 4434
2525 2592
2526 1956
2527 2562
2528 2250
2529 3018
2530 5232
2531 2844
2532 4380
2533 1764
2534 4290
2535 1416
2536 1218
2537 2598
2538 2208
2539 2592
2540 3018
2541 1656
2542 3006
2543 3660
2544 2496
2545 2466
2546 4032
2547 2214
2548 1704
2549 3678
2550 3594
2551 2244
2552 2598
2553 1830
2554 3786
2555 1932
2556 4194
2557 2556
2558 2844
2559 1926
2560 2886
2561 3150
2562 2574
2563 3558
2564 5634
2565 3576
2566 3642
2567 3744
2568 4044
2569 1572
2570 1956
2571 3534
2572 2934
2573 2214
2574 3558
2575 5622
2576 3450
2577 2424
2578 2556
2579 3300
2580 4998
2581 3240
2582 4068
2583 2796
2584 5400
2585 2862
2586 2610
2587 2328
2588 2694
2589 2382
2590 2502
2591 2376
2592 1446
2593 2796
2594 2640
2595 4638
2596 2838
2597 3276
2598 2682
2599 2064
2600 2832
2601 2958
2602 2610
2603 2280
2604 3480
2605 4062
2606 6432
2607 2052
2608 1872
2609 2058
2610 4074
2611 2460
2612 2334
2613 2358
2614 3216
2615 2520
2616 3174
2617 4608
2618 5994
2619 2706
2620 2676
2621 3882
2622 2064
2623 1914
2624 3732
2625 3768
2626 2232
2627 2142
2628 2280
2629 4236
2630 2160
2631 3708
2632 2484
2633 4368
2634 1644
2635 3156
2636 2484
2637 1806
2638 1926
2639 4452
2640 2094
2641 2838
2642 3630
2643 2238
2644 3042
2645 4734
2646 2622
2647 3114
2648 1392
2649 3342
2650 1524
2651 2682
2652 2496
2653 3744
2654 3264
2655 1572
2656 2556
2657 1596
2658 2154
2659 2460
2660 2574
2661 2070
2662 3402
2663 3090
2664 3624
2665 2178
2666 4158
2667 2316
2668 2010
2669 1362
2670 2796
2671 3210
2672 3060
2673 3510
2674 2154
2675 3594
2676 2604
2677 3444
2678 4716
2679 3306
2680 2238
2681 2898
2682 2088
2683 2250
2684 3858
2685 3330
2686 6552
2687 1734
2688 4482
2689 4584
2690 4230
2691 3660
2692 2682
2693 2724
2694 3318
2695 1998
2696 3192
2697 5034
2698 2280
2699 2514
2700 1782
2701 2604
2702 2358
2703 1734
2704 3048
2705 2382
2706 3546
2707 2082
2708 2160
2709 2748
2710 2412
2711 3078
2712 2190
2713 1626
2714 3888
2715 3324
2716 2820
2717 2346
2718 4656
2719 3576
2720 4416
2721 4020
2722 3834
2723 3300
2724 2982
2725 3882
2726 3384
2727 3810
2728 4446
2729 4074
2730 2922
2731 3360
2732 2934
2733 2826
2734 3024
2735 4344
2736 2304
2737 2520
2738 2106
2739 3684
2740 3012
2741 2040
2742 1632
2743 3372
2744 2964
2745 2076
2746 2964
2747 2928
2748 1482
2749 4266
2750 2346
2751 3132
2752 4860
2753 3576
2754 1770
2755 2862
2756 2652
2757 3486
2758 2922
2759 3132
2760 1644
2761 1902
2762 2832
2763 2634
2764 3342
2765 1416
2766 1902
2767 2886
2768 4860
2769 5220
2770 2706
2771 1848
2772 2598
2773 1836
2774 4104
2775 2652
2776 2652
2777 1650
2778 2856
2779 5550
2780 3732
2781 2136
2782 2076
2783 2604
2784 3240
2785 2862
2786 2340
2787 4998
2788 5796
2789 2034
2790 3762
2791 2190
2792 2430
2793 2418
2794 4014
2795 3696
2796 3672
2797 3378
2798 1434
2799 4242
2800 1650
2801 5040
2802 2226
2803 2412
2804 2100
2805 3330
2806 3438
2807 3168
2808 2148
2809 3234
2810 3168
2811 3756
2812 3624
2813 2412
2814 2874
2815 5022
2816 4146
2817 1572
2818 2574
2819 2028
2820 2508
2821 3024
2822 2634
2823 3732
2824 4266
2825 2526
2826 3174
2827 1572
2828 1440
2829 2868
2830 1764
2831 2382
2832 4314
2833 3540
2834 4392
2835 2856
2836 2958
2837 4248
2838 2670
2839 2832
2840 2832
2841 1956
2842 1512
2843 2010
2844 2562
2845 1638
2846 3900
2847 1350
2848 3276
2849 2208
2850 1464
2851 1998
2852 1782
2853 1902
2854 3612
2855 4812
2856 2400
2857 1896
2858 2754
2859 1632
2860 5994
2861 3696
2862 3414
2863 1362
2864 4338
2865 1530
2866 2250
2867 3708
2868 3162
2869 2088
2870 2940
2871 6552
2872 4470
2873 3444
2874 4098
2875 2400
2876 3774
2877 2352
2878 4320
2879 1842
2880 1998
2881 3360
2882 2466
2883 3522
2884 6564
2885 2196
2886 3486
2887 3462
2888 1368
2889 1884
2890 2520
2891 1806
2892 3870
2893 4374
2894 2694
2895 2322
2896 2574
2897 2466
2898 4458
2899 2670
2900 3294
2901 3720
2902 3282
2903 3108
2904 3492
2905 3000
2906 2748
2907 2022
2908 2958
2909 2646
2910 3300
2911 3354
2912 5382
2913 3636
2914 2304
2915 1788
2916 4338
2917 2538
2918 3444
2919 2256
2920 1974
2921 3720
2922 3378
2923 1968
2924 2658
2925 2388
2926 2718
2927 4254
2928 4740
2929 1824
2930 2826
2931 4572
2932 4980
2933 4584
2934 2586
2935 3894
2936 1824
2937 6372
2938 2538
2939 1632
2940 2892
2941 3096
2942 3432
2943 3480
2944 1608
2945 3648
2946 1776
2947 3900
2948 2742
2949 3312
2950 3042
2951 1806
2952 3378
2953 1812
2954 3156
2955 3780
2956 1716
2957 2298
2958 2424
2959 3366
2960 2946
2961 3696
2962 2370
2963 2196
2964 1674
2965 2442
2966 2928
2967 1638
2968 3054
2969 2670
2970 3648
2971 2202
2972 2436
2973 4578
2974 2046
2975 4104
2976 3510
2977 2328
2978 3168
2979 1926
2980 5004
2981 4926
2982 1656
2983 4626
2984 4464
2985 2148
2986 3264
2987 1680
2988 3528
2989 5898
2990 2484
2991 3444
2992 1830
2993 2274
2994 2082
2995 3120
2996 2508
2997 2196
2998 2028
2999 3354
3000 2430
3001 1992
3002 5988
3003 3534
3004 3468
3005 2826
3006 4710
3007 2814
3008 2076
3009 4236
3010 3648
3011 1980
3012 3252
3013 4242
3014 3966
3015 2322
3016 2838
3017 2712
3018 2928
3019 3378
3020 3438
3021 3396
3022 3612
3023 2592
3024 3942
3025 4740
3026 1782
3027 4212
3028 2424
3029 3102
3030 3366
3031 5262
3032 5760
3033 2970
3034 3738
3035 3678
3036 1662
3037 1686
3038 3150
3039 4338
3040 2520
3041 3408
3042 3618
3043 4788
3044 3696
3045 4644
3046 4464
3047 1248
3048 3438
3049 2910
3050 2430
3051 4320
3052 2208
3053 3540
3054 1572
3055 2028
3056 2844
3057 3480
3058 1878
3059 3960
3060 3816
3061 2130
3062 2976
3063 8076
3064 3006
3065 2820
3066 2064
3067 3780
3068 3942
3069 3288
3070 1656
3071 2040
3072 1986
3073 2262
3074 1776
3075 4188
3076 2982
3077 4350
3078 2946
3079 2196
3080 1404
3081 4398
3082 2460
3083 3384
3084 4404
3085 2952
3086 3234
3087 2988
3088 2004
3089 2580
3090 4854
3091 1938
3092 4944
3093 3516
3094 2748
3095 2388
3096 4446
3097 4356
3098 2634
3099 5178
3100 3000
3101 1902
3102 4836
3103 2352
3104 3336
3105 2586
3106 3492
3107 2466
3108 1608
3109 3078
3110 1848
3111 3720
3112 2292
3113 2520
3114 3120
3115 1884
3116 2994
3117 2406
3118 2010
3119 1788
3120 6546
3121 3522
3122 4032
3123 2604
3124 2778
3125 3186
3126 3240
3127 4884
3128 4494
3129 3666
3130 1158
3131 2436
3132 4398
3133 3000
3134 2160
3135 2304
3136 4362
Unexpected message received for job 1043765
3137 5562
3138 3696
3139 2634
3140 2448
Unexpected message received for job 1043765
3141 4182
3142 2850
3143 3264
3144 1812
3145 2244
3146 3738
3147 4368
3148 2406
3149 2028
3150 3390
3151 3216
3152 3522
3153 2772
3154 2622
3155 5532
3156 2442
3157 3702
3158 6252
3159 2304
3160 2568
3161 4134
3162 1974
3163 3414
3164 5556
3165 3174
3166 2628
3167 2244
3168 1404
3169 1986
3170 2706
3171 4290
3172 3192
3173 3384
3174 2676
3175 1704
3176 3066
3177 2760
3178 1278
3179 3384
3180 2202
3181 2082
3182 2430
3183 3300
3184 3000
3185 5250
3186 2736
3187 3222
3188 4248
3189 3954
3190 2034
3191 2556
3192 2442
3193 4350
3194 2130
3195 1650
3196 1716
3197 2874
3198 3516
3199 4170
3200 2094
3201 3462
3202 2088
3203 5760
3204 2556
3205 3912
3206 3390
3207 2658
3208 5670
3209 2064
3210 2994
3211 2976
3212 3090
3213 2370
3214 2694
3215 2358
3216 2790
3217 3294
3218 2880
3219 3162
3220 3498
3221 4026
3222 2040
3223 2394
3224 3486
3225 3738
3226 2148
3227 1962
3228 2172
3229 2358
3230 2820
3231 4506
3232 3750
3233 2148
3234 2652
3235 2886
3236 3462
3237 3042
3238 3144
3239 2034
3240 1650
3241 4896
3242 2370
3243 2382
3244 3288
3245 2496
3246 3852
3247 1800
3248 1848
3249 2526
3250 3510
3251 3582
3252 3354
3253 2538
3254 4044
3255 2424
3256 3828
3257 3138
3258 1440
3259 2478
3260 2442
3261 3864
3262 2994
3263 2526
3264 2388
3265 2526
3266 2064
3267 2598
3268 2280
3269 2526
3270 3114
3271 3252
3272 2622
3273 1902
3274 2976
3275 3798
3276 2208
3277 3000
3278 2994
3279 3444
3280 2502
3281 2664
3282 1752
3283 3240
3284 2556
3285 5100
3286 3468
3287 2058
3288 6366
3289 2382
3290 4146
3291 3954
3292 3474
3293 6594
3294 2190
3295 3684
3296 5094
3297 3528
3298 2232
3299 1962
3300 3330
3301 2046
3302 3564
3303 1770
3304 1800
3305 2142
3306 2748
3307 2946
3308 3060
3309 1512
3310 3222
3311 3030
3312 3276
3313 3144
3314 2424
3315 2364
3316 3750
3317 3522
3318 1992
3319 2376
3320 4980
3321 1608
3322 1752
3323 2874
3324 2082
3325 3594
3326 2514
3327 3048
3328 2142
3329 3702
3330 2616
3331 1344
3332 3228
3333 2358
3334 1368
3335 3018
3336 4284
3337 2562
3338 2832
3339 1476
3340 1968
3341 3048
3342 2850
3343 1764
3344 3498
3345 2130
3346 4422
3347 2280
3348 2376
3349 3780
3350 2508
3351 2094
3352 3432
3353 1872
3354 3732
3355 3522
3356 1704
3357 4260
3358 3570
3359 2130
3360 3480
3361 2802
3362 4212
3363 5736
3364 2304
3365 1968
3366 2820
3367 2808
3368 3324
3369 1848
3370 3858
3371 3120
3372 2682
3373 2190
3374 3642
3375 2364
3376 1962
3377 1896
3378 2178
3379 2130
3380 1506
3381 2538
3382 1632
3383 3546
3384 4890
3385 3474
3386 4632
3387 3738
3388 2706
3389 2802
3390 4680
3391 3708
3392 2028
3393 3882
3394 4440
3395 2460
3396 2640
3397 2754
3398 2250
3399 3972
3400 1464
3401 1632
3402 2388
3403 3312
3404 2322
3405 1902
3406 1686
3407 3576
3408 2358
3409 1860
3410 2142
3411 4464
3412 2346
3413 3282
3414 4782
3415 4152
3416 2448
3417 2142
3418 1824
3419 1986
3420 2562
3421 3168
3422 5052
3423 3330
3424 2700
3425 1416
3426 3342
3427 1812
3428 4224
3429 3630
3430 2682
3431 2130
3432 1290
3433 2166
3434 2970
3435 4110
3436 1518
3437 4092
3438 2214
3439 1950
3440 3504
3441 1740
3442 3846
3443 4404
3444 3702
3445 3180
3446 2022
3447 2448
3448 4494
3449 2952
3450 2346
3451 2052
3452 4650
3453 1302
3454 5916
3455 3606
3456 3768
3457 3012
3458 3810
3459 4320
3460 2190
3461 4140
3462 6672
3463 3834
3464 3156
3465 3564
3466 2928
3467 3318
3468 3672
3469 3468
3470 4032
3471 4656
3472 1962
3473 2946
3474 1950
3475 1344
3476 2838
3477 4314
3478 3318
3479 4032
3480 3000
3481 4158
3482 2238
3483 2622
3484 3912
3485 7212
3486 3564
3487 2778
3488 2892
3489 3234
3490 2106
3491 2982
3492 2442
3493 2772
3494 1578
3495 6270
3496 2844
3497 2724
3498 2562
3499 2454
3500 3792
3501 3258
3502 2406
3503 1890
3504 2412
3505 2298
3506 2910
3507 2184
3508 1962
3509 3006
3510 2466
3511 1650
3512 2022
3513 3600
3514 3462
3515 2658
3516 2850
3517 3798
3518 2256
3519 2214
3520 1854
3521 2466
3522 1872
3523 3234
3524 5352
3525 1956
3526 3468
3527 2220
3528 4158
3529 3564
3530 5556
3531 2718
3532 3012
3533 1938
3534 1926
3535 1548
3536 1500
3537 2868
3538 3516
3539 2994
3540 2016
3541 5412
3542 1770
3543 2358
3544 2412
3545 1884
3546 3678
3547 2418
3548 1608
3549 2316
3550 2760
3551 3366
3552 2250
3553 1518
3554 2502
3555 3390
3556 3546
3557 3474
3558 1884
3559 2658
3560 3156
3561 3438
3562 3696
3563 3540
3564 2010
3565 3618
3566 4362
3567 5814
3568 2862
3569 2274
3570 2730
3571 2502
3572 3048
3573 1698
3574 2478
3575 3768
3576 3234
3577 3078
3578 2610
3579 2466
3580 3906
3581 3354
3582 2412
3583 2550
3584 1614
3585 4188
3586 1788
3587 1746
3588 2790
3589 2226
3590 3534
3591 3534
3592 4554
3593 1986
3594 2130
3595 3132
3596 4116
3597 1716
3598 4386
3599 1614
3600 2190
3601 2952
3602 2148
3603 2292
3604 2862
3605 2640
3606 2298
3607 5124
3608 3168
3609 5112
3610 3096
3611 2286
3612 3798
3613 6558
3614 2922
3615 2718
3616 1932
3617 3804
3618 2148
3619 2484
3620 2592
3621 4536
3622 1824
3623 1500
3624 1902
3625 3276
3626 1620
3627 2574
3628 2400
3629 1818
3630 4092
3631 3618
3632 2526
3633 1350
3634 2988
3635 4884
3636 3738
3637 3252
3638 3510
3639 5616
3640 2394
3641 2394
3642 2838
3643 3348
3644 3852
3645 1716
3646 3546
3647 5226
3648 2244
3649 2244
3650 2226
3651 1896
3652 2622
3653 2010
3654 3594
3655 1572
3656 2034
3657 1872
3658 4170
3659 3576
3660 4998
3661 2052
3662 1446
3663 2064
3664 4152
3665 3066
3666 3810
3667 2850
3668 2766
3669 2598
3670 2562
3671 3120
3672 3486
3673 2028
3674 1752
3675 2490
3676 4134
3677 1962
3678 2400
3679 2130
3680 1494
3681 5592
3682 1986
3683 2976
3684 1554
3685 2556
3686 2928
3687 1470
3688 3420
3689 3330
3690 1896
3691 2406
3692 2760
3693 3846
3694 4446
3695 2172
3696 2346
3697 1848
3698 2376
3699 1872
3700 3282
3701 2352
3702 2838
3703 3012
3704 3414
3705 2472
3706 3354
3707 2994
3708 2946
3709 3366
3710 1752
3711 4242
3712 3450
3713 2220
3714 1902
3715 2214
3716 3894
3717 2982
3718 2250
3719 2904
3720 2436
3721 5220
3722 1866
3723 4902
3724 3690
3725 3924
3726 3186
3727 4092
3728 3672
3729 3594
3730 3486
3731 1734
3732 2952
3733 6582
3734 2862
3735 2280
3736 4218
3737 4458
3738 4038
3739 1914
3740 2400
3741 3360
3742 2772
3743 2556
3744 1620
3745 3594
3746 4854
3747 2622
3748 2616
3749 2952
3750 3150
3751 5502
3752 2448
3753 2292
3754 2448
3755 3648
3756 1602
3757 3942
3758 3180
3759 5724
3760 2334
3761 3618
3762 3156
3763 2322
3764 2160
3765 3102
3766 3780
3767 2832
3768 1746
3769 2352
3770 4902
3771 1788
3772 2088
3773 2664
3774 3240
3775 4386
3776 3636
3777 5658
3778 3522
3779 2478
3780 3936
3781 1710
3782 5472
3783 1722
3784 1212
3785 2562
3786 3858
3787 2190
3788 4440
3789 4260
3790 2682
3791 1374
3792 2496
3793 2472
3794 4332
3795 4008
3796 3270
3797 4236
3798 4392
3799 3342
3800 2898
3801 4056
3802 2664
3803 3150
3804 1902
3805 2874
3806 2154
3807 3462
3808 3972
3809 3276
3810 2952
3811 2154
3812 3600
3813 3936
3814 3186
3815 2898
3816 2880
3817 4104
3818 2124
3819 3168
3820 3084
3821 3474
3822 3222
3823 1908
3824 2628
3825 3144
3826 3426
3827 2334
3828 1506
3829 5604
3830 2166
3831 3822
3832 2196
3833 3216
3834 2694
3835 2652
3836 2022
3837 1722
3838 4026
3839 6156
3840 3984
3841 4380
3842 3288
3843 2256
3844 4080
3845 3588
3846 3396
3847 2598
3848 2310
3849 1896
3850 2142
3851 2154
3852 1422
3853 3750
3854 3276
3855 3402
3856 1698
3857 5688
3858 5328
3859 4188
3860 1710
3861 3768
3862 3552
3863 2034
3864 6570
3865 3864
3866 2862
3867 3384
3868 2094
3869 3048
3870 3480
3871 1236
3872 2364
3873 2136
3874 2568
3875 2952
3876 3504
3877 3216
3878 3456
3879 6120
3880 3528
3881 2448
3882 2046
3883 4212
3884 2916
3885 2724
3886 2718
3887 3408
3888 3114
3889 3216
3890 6552
3891 3750
3892 2400
3893 2094
3894 3582
3895 1758
3896 1770
3897 2310
3898 2478
3899 4830
3900 2502
3901 3528
3902 3168
3903 2358
3904 2328
3905 2430
3906 1656
3907 5166
3908 2412
3909 5478
3910 2982
3911 2106
3912 1752
3913 2214
3914 5628
3915 2886
3916 3702
3917 4296
3918 3672
3919 3822
3920 3096
3921 2538
3922 2172
Unexpected message received for job 1043765
3923 4860
3924 5364
3925 3474
Unexpected message received for job 1043765
3926 2370
3927 2628
3928 1638
3929 1986
3930 2520
3931 2634
3932 2880
3933 2352
3934 4824
3935 1836
3936 3648
3937 1800
3938 3462
3939 2574
3940 2814
3941 1188
3942 4722
3943 3120
3944 1728
3945 2580
3946 2916
3947 1794
3948 2214
3949 2964
3950 4524
3951 2358
3952 3192
3953 4884
3954 1926
3955 5100
3956 2124
3957 2022
3958 4086
3959 1608
3960 1704
3961 3336
3962 1956
3963 3342
3964 4638
3965 2616
3966 2340
3967 1794
3968 2520
3969 2034
3970 3360
3971 3060
3972 2412
3973 5190
3974 2568
3975 2958
3976 1356
3977 3438
3978 5430
3979 3168
3980 2802
3981 3510
3982 3522
3983 2706
3984 1644
3985 2772
3986 1962
3987 2394
3988 3420
3989 4062
3990 2220
3991 3042
3992 1272
3993 2034
3994 3126
3995 3162
3996 3012
3997 3420
3998 4860
3999 3276
4000 4512
4001 3354
4002 1920
4003 2562
4004 3990
4005 2634
4006 2808
4007 4422
4008 1344
4009 3030
4010 3732
4011 1602
4012 4092
4013 3744
4014 2700
4015 3642
4016 4266
4017 1722
4018 4320
4019 4326
4020 4878
4021 2220
4022 4968
4023 3354
4024 4182
4025 1842
4026 2646
4027 2028
4028 3828
4029 2406
4030 1968
4031 1608
4032 4614
4033 3348
4034 2790
4035 2772
4036 4908
4037 3228
4038 2460
4039 4470
4040 4026
4041 1956
4042 3894
4043 3252
4044 2544
4045 1692
4046 1782
4047 3030
4048 3066
4049 3048
4050 4446
4051 3456
4052 3432
4053 1932
4054 3300
4055 3786
4056 2268
4057 1860
4058 2094
4059 2754
4060 2922
4061 1998
4062 3144
4063 3024
4064 2478
4065 2406
4066 1680
4067 3414
4068 4578
4069 1986
4070 1866
4071 2148
4072 3264
4073 3360
4074 3822
4075 2724
4076 2076
4077 2298
4078 3330
4079 2400
4080 2178
4081 3948
4082 2328
4083 3588
4084 4158
4085 4038
4086 3636
4087 2490
4088 2706
4089 2628
4090 2052
4091 3066
4092 3042
4093 2952
4094 2370
4095 1362
4096 3372
4097 4578
4098 3594
4099 1668
4100 3018
4101 2232
4102 3684
4103 1878
4104 2088
4105 2328
4106 2124
4107 1116
4108 3534
4109 1392
4110 3000
4111 2340
4112 2184
4113 2718
4114 3000
4115 2916
4116 1866
4117 2760
4118 3228
4119 5292
4120 2094
4121 2718
4122 2418
4123 3996
4124 1968
4125 2148
4126 1518
4127 2610
4128 2196
4129 1770
4130 3036
4131 4494
4132 2370
4133 3348
4134 3342
4135 4746
4136 1716
4137 2928
4138 2760
4139 4620
4140 3222
4141 1776
4142 2946
4143 2544
4144 2754
4145 2400
4146 2718
4147 2640
4148 3678
4149 3030
4150 3750
4151 3126
4152 4230
4153 3534
4154 1962
4155 1932
4156 3408
4157 2274
4158 2784
4159 3936
4160 1956
4161 2688
4162 2262
4163 2490
4164 2472
4165 2730
4166 2742
4167 2760
4168 2472
4169 3798
4170 2178
4171 2064
4172 1470
4173 4182
4174 2562
4175 1758
4176 5520
4177 2760
4178 2460
4179 2670
4180 1746
4181 3684
4182 5436
4183 2010
4184 3156
4185 3270
4186 2730
4187 2088
4188 2520
4189 3678
4190 3324
4191 2082
4192 2442
4193 2196
4194 2046
4195 2880
4196 3330
4197 2556
4198 1944
4199 2478
4200 1452
4201 2346
4202 4878
4203 2292
4204 1758
4205 1428
4206 2880
4207 3774
4208 1464
4209 2190
4210 2508
4211 1656
4212 2682
4213 3246
4214 1860
4215 2400
4216 2250
4217 3534
4218 2274
4219 1986
4220 2826
4221 2430
4222 2832
4223 3252
4224 4110
4225 2772
4226 1584
4227 4632
4228 5142
4229 3294
4230 3540
4231 2682
4232 3648
4233 2856
4234 3126
4235 2922
4236 2538
4237 2742
4238 4074
4239 4122
4240 3780
4241 5088
4242 4452
4243 4398
4244 5220
4245 2376
4246 2100
4247 3612
4248 4560
4249 4770
4250 4374
4251 3582
4252 2064
4253 5244
4254 1518
4255 3432
4256 2436
4257 3246
4258 2754
4259 3744
4260 2304
4261 3474
4262 2202
4263 3828
4264 3102
4265 2862
4266 3378
4267 3900
4268 2520
4269 4128
4270 1932
4271 3492
4272 4344
4273 1632
4274 2490
4275 2286
4276 3366
4277 3156
4278 7494
4279 4974
4280 4830
4281 3300
4282 2352
4283 2856
4284 3816
4285 4218
4286 5148
4287 3606
4288 3486
4289 4626
4290 3444
4291 2196
4292 3138
4293 3954
4294 3648
4295 2130
4296 2232
4297 5178
4298 2616
4299 2028
4300 1974
4301 3270
4302 3534
4303 4326
4304 3192
4305 2844
4306 3510
4307 2892
4308 1554
4309 3324
4310 3192
4311 2496
4312 3102
4313 3756
4314 1554
4315 3486
4316 3294
4317 5196
4318 2664
4319 2868
4320 3186
4321 4830
4322 2358
4323 1854
4324 2136
4325 3174
4326 3600
4327 2868
4328 3498
4329 2106
4330 1752
4331 3408
4332 2712
4333 4404
4334 1950
4335 3546
4336 2580
4337 3366
4338 2796
4339 3138
4340 3030
4341 3528
4342 2496
4343 2136
4344 3024
4345 2862
4346 2292
4347 2328
4348 1740
4349 3258
4350 2676
4351 4014
4352 3258
4353 2718
4354 3408
4355 1800
4356 3294
4357 2232
4358 2148
4359 2268
4360 3372
4361 2922
4362 2424
4363 5214
4364 3498
4365 2004
4366 2220
4367 1536
4368 6438
4369 3132
4370 3750
4371 3552
4372 2256
4373 2418
4374 2484
4375 1938
4376 2094
4377 1374
4378 1122
4379 1902
4380 2070
4381 4818
4382 2964
4383 5406
4384 3462
4385 2298
4386 2298
4387 3324
4388 1788
4389 2274
4390 1854
4391 2652
4392 2970
4393 3618
4394 2568
4395 4608
4396 5412
4397 1374
4398 4008
4399 2454
4400 2226
4401 2190
4402 2958
4403 2514
4404 2454
4405 4002
4406 1872
4407 2556
4408 2250
4409 2334
4410 3054
4411 2184
4412 1284
4413 3306
4414 2100
4415 3222
4416 3600
4417 2172
4418 3216
4419 2262
4420 3492
4421 6270
4422 3096
4423 3348
4424 1734
4425 3246
4426 1770
4427 1656
4428 3234
4429 3330
4430 2910
4431 3504
4432 1980
4433 3318
4434 2736
4435 1764
4436 2148
4437 2112
4438 3744
4439 1728
4440 2946
4441 1386
4442 2556
4443 2892
4444 2010
4445 2280
4446 2316
4447 4092
4448 2742
4449 2922
4450 2886
4451 3114
4452 3180
4453 4506
4454 5472
4455 3438
4456 2262
4457 2610
4458 1770
4459 2568
4460 1188
4461 5358
4462 2178
4463 2160
4464 2718
4465 2064
4466 5394
4467 3372
4468 2796
4469 1182
4470 3480
4471 3120
4472 2214
4473 2562
4474 6264
4475 4584
4476 2622
4477 3408
4478 3954
4479 5106
4480 5286
4481 3684
4482 3450
4483 2010
4484 6132
4485 2466
4486 2364
4487 2646
4488 3294
4489 4458
4490 1692
4491 3174
4492 3072
4493 3684
4494 3480
4495 2004
4496 1566
4497 2346
4498 2580
4499 3462
4500 3654
4501 2196
4502 2472
4503 2778
4504 2196
4505 1602
4506 3846
4507 3726
4508 3984
4509 4518
4510 2202
4511 2838
4512 3114
4513 5370
4514 2136
4515 2808
4516 3714
4517 2814
4518 1986
4519 1926
4520 3534
4521 4620
4522 2568
4523 3240
4524 5532
4525 2892
4526 4440
4527 3462
4528 3288
4529 2016
4530 3234
4531 1728
4532 3276
4533 2880
4534 3558
4535 5700
4536 4590
4537 3042
4538 3840
4539 4524
4540 5550
4541 3918
4542 1836
4543 2040
4544 2874
4545 1620
4546 2010
4547 3252
4548 3030
4549 1704
4550 3624
4551 2202
4552 2214
4553 4242
4554 3240
4555 1890
4556 3168
4557 3480
4558 2730
4559 3108
4560 1920
4561 3042
4562 2628
4563 4374
4564 2358
4565 3612
4566 3270
4567 3324
4568 3858
4569 1992
4570 2208
4571 5430
4572 3588
4573 3600
4574 2094
4575 1704
4576 1914
4577 2340
4578 1596
4579 3186
4580 1572
4581 3126
4582 4122
4583 2658
4584 2784
4585 2718
4586 2310
4587 1446
4588 1512
4589 2142
4590 4368
4591 1776
4592 1800
4593 1734
4594 3054
4595 2424
4596 1638
4597 2994
4598 4482
4599 4464
4600 1944
4601 2136
4602 2520
4603 3054
4604 3402
4605 2556
4606 3312
4607 3306
4608 2556
4609 1554
4610 2226
4611 2106
4612 2442
4613 1680
4614 1872
4615 2214
4616 2508
4617 3042
4618 1998
4619 1476
4620 2310
4621 1734
4622 3558
4623 3780
4624 2226
4625 2490
4626 3312
4627 2628
4628 2748
4629 3600
4630 3528
4631 2892
4632 1740
4633 2820
4634 5610
4635 2970
4636 1992
4637 1602
4638 3354
4639 3222
4640 1566
4641 1740
4642 3558
4643 3042
4644 3546
4645 1680
4646 1878
4647 2658
4648 2244
4649 2016
4650 2664
4651 1662
4652 3324
4653 5394
4654 3354
4655 5268
4656 2304
4657 3762
4658 1698
4659 2760
4660 1944
4661 6060
4662 2322
4663 2280
4664 2922
4665 2082
4666 2412
4667 3006
4668 3786
4669 1608
4670 5232
4671 3414
4672 3630
4673 4578
4674 2490
4675 2946
4676 3156
4677 3108
4678 4290
4679 3390
4680 2670
4681 2892
4682 4260
4683 7026
4684 1710
4685 3264
4686 3462
4687 2760
4688 2130
4689 4878
4690 2136
4691 1938
4692 3762
4693 2892
4694 4308
4695 2664
4696 3672
4697 3756
4698 2364
4699 5028
4700 2034
4701 1722
4702 3480
4703 2220
4704 2262
4705 3642
4706 3834
4707 1236
4708 1668
4709 2214
Unexpected message received for job 1043765
4710 2628
4711 2586
4712 3762
Unexpected message received for job 1043765
4713 2160
4714 3156
4715 3582
4716 3864
4717 4248
4718 1170
4719 4854
4720 3024
4721 2628
4722 1692
4723 3222
4724 2406
4725 3306
4726 1542
4727 1968
4728 4284
4729 4938
4730 2208
4731 2028
4732 1692
4733 1704
4734 2160
4735 2058
4736 2478
4737 2844
4738 4512
4739 2376
4740 1746
4741 2184
4742 3270
4743 1902
4744 1884
4745 2220
4746 3258
4747 3564
4748 2592
4749 3642
4750 2838
4751 2742
4752 4536
4753 4974
4754 3228
4755 2184
4756 1440
4757 3264
4758 1962
4759 4560
4760 2826
4761 3330
4762 3426
4763 3438
4764 1968
4765 2976
4766 1428
4767 1470
4768 3774
4769 3426
4770 3144
4771 2178
4772 4752
4773 2100
4774 2646
4775 2664
4776 2202
4777 1698
4778 1788
4779 3978
4780 3204
4781 2142
4782 2946
4783 3252
4784 3984
4785 1812
4786 3918
4787 2580
4788 3012
4789 2952
4790 4872
4791 3888
4792 5580
4793 1812
4794 2082
4795 4602
4796 2166
4797 5982
4798 3300
4799 2442
4800 3354
4801 3396
4802 3060
4803 4056
4804 3786
4805 4158
4806 4254
4807 3564
4808 1866
4809 2388
4810 2760
4811 2106
4812 1974
4813 3810
4814 2850
4815 3564
4816 3822
4817 2928
4818 3624
4819 4296
4820 2928
4821 3048
4822 1776
4823 4272
4824 3558
4825 2334
4826 2436
4827 1482
4828 1860
4829 2622
4830 4788
4831 3558
4832 3552
4833 3588
4834 2382
4835 3234
4836 4632
4837 2916
4838 3348
4839 3774
4840 3042
4841 1950
4842 2640
4843 2154
4844 2646
4845 1716
4846 3990
4847 3360
4848 1794
4849 2028
4850 2088
4851 3360
4852 1770
4853 2544
4854 1644
4855 2346
4856 2058
4857 3306
4858 2154
4859 2562
4860 2988
4861 2322
4862 3222
4863 2178
4864 2502
4865 2208
4866 3354
4867 1824
4868 1788
4869 2940
4870 1194
4871 2220
4872 3972
4873 2370
4874 2256
4875 6276
4876 1254
4877 2730
4878 1704
4879 2214
4880 3162
4881 2964
4882 4710
4883 2844
4884 2808
4885 3192
4886 2238
4887 4536
4888 2748
4889 1266
4890 3888
4891 2886
4892 2382
4893 2064
4894 2202
4895 1752
4896 3588
4897 4524
4898 2808
4899 2742
4900 3330
4901 2280
4902 1866
4903 2304
4904 4080
4905 2322
4906 1962
4907 1632
4908 3168
4909 3462
4910 2952
4911 3312
4912 1806
4913 3744
4914 4410
4915 2334
4916 3030
4917 3054
4918 2898
4919 5154
4920 3186
4921 1680
4922 3258
4923 1734
4924 4476
4925 3720
4926 3714
4927 2286
4928 2544
4929 5070
4930 5160
4931 5388
4932 6144
4933 3360
4934 2376
4935 1716
4936 2232
4937 3042
4938 3330
4939 2460
4940 1740
4941 2346
4942 2538
4943 1524
4944 1764
4945 2382
4946 4032
4947 1998
4948 1152
4949 3432
4950 2628
4951 1290
4952 1860
4953 3420
4954 2508
4955 1212
4956 3348
4957 4764
4958 4998
4959 1494
4960 3264
4961 2466
4962 2184
4963 2022
4964 3828
4965 4584
4966 1866
4967 2142
4968 2604
4969 2964
4970 3342
4971 2814
4972 1716
4973 2478
4974 2400
4975 3330
4976 3402
4977 3666
4978 1920
4979 1878
4980 1302
4981 2874
4982 3462
4983 3552
4984 2682
4985 3300
4986 5010
4987 2088
4988 1980
4989 2160
4990 4368
4991 3492
4992 4044
4993 2094
4994 3276
4995 3090
4996 2112
4997 3630
4998 3006
4999 4494
5000 2538
5001 2190
5002 2646
5003 1584
5004 2208
5005 2418
5006 1272
5007 3078
5008 2292
5009 3720
5010 2742
5011 1554
5012 1692
5013 4806
5014 2418
5015 1650
5016 1506
5017 2598
5018 2298
5019 2940
5020 2022
5021 3390
5022 3498
5023 3036
5024 3630
5025 4710
5026 4242
5027 1746
5028 2328
5029 2082
5030 2760
5031 2238
5032 3018
5033 2850
5034 1794
5035 1626
5036 3450
5037 2670
5038 3414
5039 3528
5040 3942
5041 3492
5042 1860
5043 3756
5044 1572
5045 2676
5046 1818
5047 1290
5048 1536
5049 2154
5050 3174
5051 3078
5052 1644
5053 1014
5054 2760
5055 2052
5056 2670
5057 2238
5058 1848
5059 5274
5060 3732
5061 5130
5062 2184
5063 3780
5064 2616
5065 2154
5066 3018
5067 2094
5068 2286
5069 1806
5070 1584
5071 2046
5072 2208
5073 3444
5074 1758
5075 2256
5076 3372
5077 2220
5078 1824
5079 2238
5080 3084
5081 2574
5082 3534
5083 3690
5084 2262
5085 2850
5086 2388
5087 2718
5088 1926
5089 4428
5090 1320
5091 2124
5092 1308
5093 2028
5094 2280
5095 4500
5096 4584
5097 3240
5098 2652
5099 1728
5100 2760
5101 3612
5102 2712
5103 2478
5104 1524
5105 3294
5106 2148
5107 2358
5108 1926
5109 4410
5110 1872
5111 3528
5112 5646
5113 2946
5114 2136
5115 2934
5116 3138
5117 1770
5118 3324
5119 2862
5120 3174
5121 4056
5122 1338
5123 1518
5124 2484
5125 2778
5126 2934
5127 3570
5128 1944
5129 4662
5130 3186
5131 3546
5132 1338
5133 2142
5134 2940
5135 2430
5136 4248
5137 4770
5138 1386
5139 5646
5140 2022
5141 1776
5142 2790
5143 2712
5144 1896
5145 6876
5146 1830
5147 2646
5148 2238
5149 1968
5150 2976
5151 2418
5152 2526
5153 1902
5154 1884
5155 2370
5156 4284
5157 2538
5158 2478
5159 1986
5160 2268
5161 2568
5162 1596
5163 2376
5164 2556
5165 2634
5166 2676
5167 5772
5168 2982
5169 5238
5170 3324
5171 2346
5172 2256
5173 2388
5174 3102
5175 1242
5176 5088
5177 2442
5178 4242
5179 1770
5180 2244
5181 2544
5182 1992
5183 4020
5184 2388
5185 3618
5186 1716
5187 2136
5188 2694
5189 3426
5190 4440
5191 2334
5192 3732
5193 2652
5194 3600
5195 2076
5196 1194
5197 2448
5198 2016
5199 4206
5200 3138
5201 2706
5202 4392
5203 5004
5204 2838
5205 3660
5206 1416
5207 5028
5208 2784
5209 2070
5210 4374
5211 2454
5212 3780
5213 4770
5214 3204
5215 4590
5216 2196
5217 4344
5218 4080
5219 3828
5220 2082
5221 1626
5222 1908
5223 3270
5224 2598
5225 1752
5226 2982
5227 3618
5228 2676
5229 2268
5230 2340
5231 1932
5232 3594
5233 2646
5234 2934
5235 2646
5236 2028
5237 4038
5238 2304
5239 3588
5240 2424
5241 2868
5242 3570
5243 2580
5244 3282
5245 2466
5246 3876
5247 2442
5248 3948
5249 3906
5250 2832
5251 2316
5252 3432
5253 2118
5254 1926
5255 1884
5256 2688
5257 3438
5258 2724
5259 3432
5260 3114
5261 3510
5262 1698
5263 2070
5264 6072
5265 1806
5266 3456
5267 1560
5268 2784
5269 2598
5270 2292
5271 3264
5272 2346
5273 2364
5274 2592
5275 2262
5276 2346
5277 1608
5278 3078
5279 1434
5280 1608
5281 2376
5282 2202
5283 3726
5284 2760
5285 3408
5286 2346
5287 3702
5288 1662
5289 1974
5290 2472
5291 3672
5292 2268
5293 2166
5294 3066
5295 1980
5296 4470
5297 3438
5298 3606
5299 3636
5300 3960
5301 3138
5302 4152
5303 4728
5304 2154
5305 3234
5306 2418
5307 2568
5308 1524
5309 1872
5310 3168
5311 1602
5312 2892
5313 2472
5314 3036
5315 4092
5316 1602
5317 1896
5318 966
5319 1404
5320 2328
5321 3120
5322 1908
5323 2574
5324 2760
5325 2352
5326 3522
5327 2946
5328 3138
5329 3774
5330 4386
5331 1428
5332 2454
5333 3372
5334 3528
5335 948
5336 1932
5337 3966
5338 1626
5339 1854
5340 2316
5341 1338
5342 3462
5343 3504
5344 3216
5345 2148
5346 2592
5347 2364
5348 3714
5349 2376
5350 3204
5351 3198
5352 3186
5353 1728
5354 1578
5355 3918
5356 2448
5357 1620
5358 1368
5359 3420
5360 3504
5361 1608
5362 2034
5363 3732
5364 3312
5365 3318
5366 2610
5367 1602
5368 2850
5369 2922
5370 2178
5371 3342
5372 2610
5373 2274
5374 3000
5375 3714
5376 2976
5377 2154
5378 2346
5379 3576
5380 2166
5381 3306
5382 7194
5383 3672
5384 2100
5385 1608
5386 3252
5387 1680
5388 6402
5389 3042
5390 1794
5391 2652
5392 1932
5393 3678
5394 2220
5395 2244
5396 3678
5397 3336
5398 1914
5399 3486
5400 3318
5401 2844
5402 2718
5403 2718
5404 2286
5405 3840
5406 3714
5407 2382
5408 2646
5409 4506
5410 2394
5411 3372
5412 2514
5413 1530
5414 2598
5415 1818
5416 2250
5417 5802
5418 3114
5419 2046
5420 2862
5421 3306
5422 2322
5423 2982
5424 2676
5425 3684
5426 3804
5427 5496
5428 2958
5429 2046
5430 1458
5431 3966
5432 1872
5433 1374
5434 2118
5435 2082
5436 2910
5437 2862
5438 4152
5439 3138
5440 4560
5441 1590
5442 2604
5443 2280
5444 1854
5445 2862
5446 2112
5447 2010
5448 2214
5449 2370
5450 3822
5451 2034
5452 2082
5453 3612
5454 3186
5455 2178
5456 3702
5457 2520
5458 2262
5459 2622
5460 2010
5461 1752
5462 2700
5463 2994
5464 3402
5465 1872
5466 2160
5467 3222
5468 2508
5469 2826
5470 2310
5471 2868
5472 2832
5473 3744
5474 2826
5475 2298
5476 2148
5477 4608
5478 3702
5479 3132
5480 3570
5481 2616
5482 1902
5483 2622
5484 1776
5485 5454
5486 3612
5487 4782
5488 2892
5489 2040
5490 5214
5491 2628
5492 2604
5493 2904
5494 4134
5495 3528
5496 2052
5497 2028
5498 2226
5499 1932
5500 3294
5501 2532
5502 4332
5503 1998
5504 2706
5505 2256
5506 3492
5507 1626
5508 2244
5509 2574
5510 2730
5511 2178
5512 2400
5513 2484
5514 5010
5515 1548
5516 3300
5517 2778
5518 2292
5519 2088
5520 2340
5521 4356
5522 4602
5523 2310
5524 2124
5525 3468
5526 3306
5527 2484
5528 2820
5529 6552
5530 2490
5531 1542
5532 2112
5533 1746
5534 3786
Unexpected message received for job 1043765
5535 2178
5536 3054
5537 2994
5538 1350
Unexpected message received for job 1043765
5539 2184
5540 3366
5541 2664
5542 2022
5543 4044
5544 3330
5545 4146
5546 3756
5547 2598
5548 4866
5549 3336
5550 2880
5551 2478
5552 2574
5553 2244
5554 2790
5555 4590
5556 2292
5557 4590
5558 2454
5559 2766
5560 1962
5561 3492
5562 3714
5563 3396
5564 2220
5565 3948
5566 2388
5567 2628
5568 5442
5569 2784
5570 2184
5571 1572
5572 1902
5573 2820
5574 2244
5575 3444
5576 1104
5577 2280
5578 2322
5579 2382
5580 3960
5581 5106
5582 5424
5583 1710
5584 2304
5585 2028
5586 2244
5587 4734
5588 1530
5589 2316
5590 2826
5591 2502
5592 2988
5593 2976
5594 3126
5595 3678
5596 3450
5597 3138
5598 2076
5599 2286
5600 2808
5601 2124
5602 3552
5603 2310
5604 2016
5605 3648
5606 2730
5607 3240
5608 1914
5609 3864
5610 4464
5611 3252
5612 1398
5613 3138
5614 1812
5615 3018
5616 1950
5617 1962
5618 2310
5619 1194
5620 2208
5621 3048
5622 1632
5623 2568
5624 1668
5625 3282
5626 3240
5627 2298
5628 1794
5629 2376
5630 2454
5631 1974
5632 6216
5633 3096
5634 2628
5635 2544
5636 2340
5637 2520
5638 2388
5639 2868
5640 3516
5641 4206
5642 2808
5643 2226
5644 3786
5645 4656
5646 2952
5647 2472
5648 3546
5649 2772
5650 2124
5651 2586
5652 2802
5653 4584
5654 3510
5655 1902
5656 2916
5657 2934
5658 1722
5659 2442
5660 2502
5661 2208
5662 3336
5663 3618
5664 2508
5665 2994
5666 1926
5667 3330
5668 1842
5669 3276
5670 1350
5671 2658
5672 6546
5673 1440
5674 4410
5675 2388
5676 2832
5677 3876
5678 2064
5679 1794
5680 2064
5681 3702
5682 1446
5683 2700
5684 1944
5685 3384
5686 3144
5687 3636
5688 1590
5689 2280
5690 3810
5691 1992
5692 1956
5693 1548
5694 1692
5695 3738
5696 2928
5697 3672
5698 6288
5699 1242
5700 2568
5701 1974
5702 3426
5703 2496
5704 3024
5705 2490
5706 3702
5707 3504
5708 1488
5709 3108
5710 1956
5711 1860
5712 2466
5713 3336
5714 6282
5715 2040
5716 2916
5717 3336
5718 2298
5719 3462
5720 2094
5721 1998
5722 2172
5723 2112
5724 1872
5725 3018
5726 2022
5727 4764
5728 2706
5729 3522
5730 1938
5731 2754
5732 2568
5733 4626
5734 3366
5735 2880
5736 2010
5737 3216
5738 3660
5739 2850
5740 2490
5741 1506
5742 2874
5743 2124
5744 3948
5745 1674
5746 1812
5747 1788
5748 3606
5749 3510
5750 2352
5751 2478
5752 1572
5753 2184
5754 4002
5755 4002
5756 3048
5757 5460
5758 1674
5759 2232
5760 1698
5761 1716
5762 4998
5763 2166
5764 5454
5765 1644
5766 2592
5767 3258
5768 2034
5769 2412
5770 3324
5771 1974
5772 3588
5773 2694
5774 2856
5775 4734
5776 6294
5777 2046
5778 2364
5779 1704
5780 3276
5781 4344
5782 1332
5783 3438
5784 3606
5785 3372
5786 2622
5787 2556
5788 1248
5789 1704
5790 2262
5791 3342
5792 3600
5793 1638
5794 1806
5795 2610
5796 2004
5797 1614
5798 3048
5799 2850
5800 5136
5801 2856
5802 3486
5803 2550
5804 1728
5805 1950
5806 3528
5807 1884
5808 1422
5809 3690
5810 3252
5811 2316
5812 1692
5813 2784
5814 3030
5815 4290
5816 3384
5817 2268
5818 3426
5819 2046
5820 2868
5821 2724
5822 1866
5823 3018
5824 2766
5825 3936
5826 3258
5827 3222
5828 4842
5829 1332
5830 1980
5831 1806
5832 5250
5833 2046
5834 2748
5835 3198
5836 2460
5837 1914
5838 3462
5839 4374
5840 3588
5841 2610
5842 2166
5843 4416
5844 3030
5845 3264
5846 1968
5847 2436
5848 4050
5849 2250
5850 1884
5851 2700
5852 2442
5853 1746
5854 3846
5855 3144
5856 4086
5857 2994
5858 2778
5859 6156
5860 2226
5861 1182
5862 2610
5863 2700
5864 2184
5865 1878
5866 2448
5867 1698
5868 2754
5869 2130
5870 4650
5871 2262
5872 2064
5873 2766
5874 2262
5875 3180
5876 2214
5877 3738
5878 2184
5879 6258
5880 1860
5881 1512
5882 1350
5883 2454
5884 1608
5885 3282
5886 1878
5887 1920
5888 3156
5889 2412
5890 2988
5891 2646
5892 1770
5893 2358
5894 2088
5895 2352
5896 2544
5897 1518
5898 3900
5899 2730
5900 2778
5901 2454
5902 3960
5903 2064
5904 1938
5905 2622
5906 1746
5907 2358
5908 1500
5909 1656
5910 2040
5911 2262
5912 2322
5913 1122
5914 3276
5915 2694
5916 3846
5917 3672
5918 3390
5919 1698
5920 2382
5921 2760
5922 3780
5923 3816
5924 3030
5925 3942
5926 1890
5927 2706
5928 2220
5929 2070
5930 2034
5931 2142
5932 3816
5933 1476
5934 2070
5935 2262
5936 2634
5937 3744
5938 2430
5939 1896
5940 3408
5941 2400
5942 3600
5943 2718
5944 1440
5945 4326
5946 2904
5947 1410
5948 2064
5949 2454
5950 3588
5951 3312
5952 1140
5953 2364
5954 1230
5955 2490
5956 2226
5957 2628
5958 3048
5959 1914
5960 2340
5961 2952
5962 1422
5963 1992
5964 1740
5965 3384
5966 3876
5967 1914
5968 3360
5969 3588
5970 3600
5971 1536
5972 3474
5973 3018
5974 3318
5975 1836
5976 4674
5977 1716
5978 2190
5979 1998
5980 1656
5981 3708
5982 3522
5983 2964
5984 2712
5985 1812
5986 2568
5987 2280
5988 2310
5989 2862
5990 1206
5991 3420
5992 2010
5993 2208
5994 2532
5995 1974
5996 1530
5997 1272
5998 2022
5999 1734
6000 2022
6001 2922
6002 2760
6003 3390
6004 4146
6005 2490
6006 2370
6007 1728
6008 3702
6009 3252
6010 2022
6011 2904
6012 3714
6013 2154
6014 1866
6015 2448
6016 3000
6017 2232
6018 1980
6019 2802
6020 2646
6021 4086
6022 2310
6023 3432
6024 3432
6025 6282
6026 2892
6027 1488
6028 3066
6029 2640
6030 4326
6031 2850
6032 1530
6033 1830
6034 2550
6035 3018
6036 2874
6037 3642
6038 6252
6039 4428
6040 4338
6041 2304
6042 3486
6043 1308
6044 3864
6045 1920
6046 4038
6047 3552
6048 3438
6049 2730
6050 5532
6051 2856
6052 2658
6053 3228
6054 1146
6055 3678
6056 2382
6057 6570
6058 2460
6059 2844
6060 5808
6061 1848
6062 3126
6063 3672
6064 2532
6065 1626
6066 1578
6067 2022
6068 1986
6069 2898
6070 1848
6071 2166
6072 2394
6073 1650
6074 2910
6075 1866
6076 1854
6077 2094
6078 4218
6079 2016
6080 2598
6081 2820
6082 3090
6083 2004
6084 2166
6085 2034
6086 4320
6087 1974
6088 2748
6089 2076
6090 3738
6091 3222
6092 2586
6093 2106
6094 4584
6095 2532
6096 1248
6097 2328
6098 4350
6099 1758
6100 1464
6101 1536
6102 2724
6103 2130
6104 1830
6105 1728
6106 3582
6107 2100
6108 2340
6109 1902
6110 3306
6111 1608
6112 2082
6113 1542
6114 1290
6115 3186
6116 1482
6117 2670
6118 1572
6119 2202
6120 5304
6121 3144
6122 3414
6123 2334
6124 1986
6125 1956
6126 2532
6127 3078
6128 1476
6129 2472
6130 1356
6131 1320
6132 1896
6133 3474
6134 2130
6135 2148
6136 3246
6137 2694
6138 2766
6139 2358
6140 3150
6141 1890
6142 1992
6143 2400
6144 2160
6145 3252
6146 3054
6147 2970
6148 1956
6149 1776
6150 2388
6151 3468
6152 2880
6153 1272
6154 3426
6155 2598
6156 1530
6157 2076
6158 2196
6159 1446
6160 1812
6161 2238
6162 2670
6163 2364
6164 1170
6165 3018
6166 2184
6167 2034
6168 2028
6169 1284
6170 1224
6171 1140
6172 2244
6173 978
6174 1758
6175 2610
6176 1704
6177 2814
6178 2316
6179 1824
6180 1758
6181 1110
6182 3936
6183 1320
6184 1524
6185 1242
6186 2256
6187 2418
6188 5196
6189 2430
6190 2958
6191 3396
6192 2184
6193 2490
6194 1290
6195 1716
6196 3246
6197 1602
6198 3180
6199 3684
6200 3438
6201 3006
6202 3246
6203 2244
6204 3420
6205 1890
6206 1392
6207 2808
6208 2094
6209 1470
6210 1674
6211 4260
6212 2868
6213 3498
6214 2358
6215 3000
6216 1638
6217 1920
6218 1344
6219 1956
6220 1608
6221 3402
6222 2262
6223 2736
6224 1134
6225 3354
6226 2514
6227 2346
6228 3336
6229 2706
6230 2580
6231 3144
6232 3018
6233 2916
6234 1962
6235 1818
6236 1920
6237 2238
6238 2388
6239 2334
6240 1686
6241 1932
6242 1578
6243 2844
6244 2598
6245 1854
6246 3810
6247 1332
6248 1032
6249 1290
6250 2754
6251 2886
6252 1974
6253 1686
6254 1332
6255 1746
6256 3336
6257 1446
6258 2310
6259 2304
6260 4578
6261 3588
6262 1176
6263 2742
6264 1566
6265 3306
6266 3516
6267 2826
6268 2922
6269 1710
6270 2496
6271 2406
6272 2586
6273 1542
6274 2172
6275 1476
6276 3156
6277 4092
6278 1386
6279 4638
6280 1464
6281 1380
6282 3048
6283 1854
6284 1914
6285 1512
6286 2352
6287 2562
6288 1368
6289 1602
6290 1764
6291 1800
6292 1584
6293 2724
6294 2136
6295 1770
6296 1056
6297 1464
6298 1878
6299 2016
6300 2082
6301 2640
6302 1908
6303 5418
6304 1248
6305 2448
6306 1764
6307 1830
6308 2286
6309 1626
6310 1356
6311 3672
6312 1674
6313 3570
6314 2850
6315 1608
6316 3318
6317 3654
6318 4854
6319 1674
6320 1326
6321 1518
6322 2886
6323 2028
6324 2766
6325 1842
6326 2892
6327 2298
6328 3702
6329 2922
6330 2532
6331 1740
6332 1686
6333 2790
6334 1200
6335 2124
6336 1878
6337 3660
6338 4236
6339 2358
6340 4206
6341 2640
6342 2448
6343 1554
6344 1680
6345 1884
6346 1800
6347 3492
6348 3762
6349 2994
6350 2700
6351 3186
6352 2346
6353 1902
6354 1776
6355 1968
6356 2730
6357 1836
6358 1890
6359 1272
Unexpected message received for job 1043765
6360 3666
6361 3660
Unexpected message received for job 1043765
6362 2508
6363 1248
6364 2652
6365 3114
6366 1446
6367 3078
6368 2196
6369 3570
6370 1890
6371 1584
6372 2904
6373 2784
6374 2328
6375 1710
6376 1416
6377 3270
6378 1602
6379 1524
6380 6276
6381 3360
6382 1650
6383 1668
6384 1452
6385 2034
6386 1140
6387 2880
6388 1806
6389 2802
6390 1812
6391 1896
6392 1368
6393 1674
6394 1704
6395 2160
6396 1800
6397 2298
6398 2370
6399 2814
6400 3120
6401 3672
6402 2262
6403 3852
6404 4410
6405 2592
6406 2502
6407 1254
6408 2610
6409 2394
6410 3024
6411 2976
6412 2010
6413 3318
6414 2436
6415 3276
6416 4788
6417 2910
6418 3036
6419 1878
6420 1824
6421 2988
6422 3552
6423 2922
6424 3750
6425 1488
6426 4242
6427 3216
6428 1278
6429 2094
6430 2778
6431 2082
6432 3306
6433 1860
6434 2412
6435 1782
6436 2304
6437 2478
6438 3324
6439 3264
6440 2040
6441 3582
6442 1656
6443 3222
6444 3120
6445 2688
6446 1290
6447 3900
6448 2136
6449 1746
6450 1542
6451 2034
6452 2478
6453 5298
6454 3456
6455 2316
6456 2106
6457 2808
6458 3294
6459 3360
6460 1800
6461 2982
6462 2862
6463 1902
6464 1842
6465 1830
6466 1644
6467 2934
6468 2868
6469 2532
6470 3810
6471 1812
6472 2100
6473 3666
6474 2082
6475 2028
6476 1752
6477 1998
6478 2082
6479 2652
6480 2370
6481 2160
6482 2658
6483 4116
6484 2166
6485 1578
6486 1290
6487 1728
6488 2040
6489 2820
6490 1662
6491 2484
6492 3714
6493 4152
6494 1818
6495 3282
6496 1206
6497 2226
6498 2130
6499 2592
6500 1398
6501 1536
6502 2304
6503 3522
6504 2382
6505 2916
6506 2058
6507 3474
6508 3210
6509 2358
6510 2634
6511 2154
6512 2076
6513 1752
6514 3384
6515 3258
6516 3252
6517 2304
6518 2376
6519 1164
6520 3348
6521 1848
6522 2748
6523 1404
6524 2022
6525 1524
6526 1998
6527 3210
6528 1632
6529 3402
6530 2460
6531 2358
6532 1926
6533 1440
6534 1428
6535 2448
6536 2148
6537 1194
6538 1812
6539 1182
6540 3522
6541 4542
6542 2682
6543 1416
6544 2142
6545 1164
6546 1980
6547 2400
6548 2286
6549 1350
6550 1476
6551 1548
6552 2412
6553 1392
6554 2556
6555 1728
6556 2886
6557 1404
6558 1992
6559 1362
6560 1428
6561 1872
6562 3366
6563 2556
6564 1818
6565 1542
6566 2070
6567 1986
6568 1938
6569 2118
6570 1884
6571 3678
6572 1956
6573 2376
6574 3510
6575 2430
6576 2400
6577 1620
6578 2286
6579 2538
6580 1074
6581 1578
6582 1554
6583 1740
6584 6264
6585 2478
6586 2526
6587 1842
6588 1860
6589 4320
6590 1644
6591 1680
6592 1452
6593 1986
6594 1992
6595 2616
6596 2040
6597 1200
6598 1830
6599 2694
6600 1416
6601 1272
6602 1284
6603 1500
6604 1980
6605 1122
6606 1506
6607 2238
6608 1632
6609 2454
6610 1986
6611 1782
6612 4410
6613 2442
6614 3474
6615 2040
6616 1410
6617 1170
6618 1068
6619 2454
6620 2574
6621 2238
6622 1638
6623 4152
6624 2802
6625 3240
6626 2262
6627 1866
6628 2418
6629 2898
6630 1914
6631 3336
6632 3504
6633 1650
6634 2100
6635 1740
6636 2118
6637 1482
6638 3708
6639 1692
6640 1758
6641 1326
6642 2094
6643 2544
6644 3600
6645 1500
6646 1584
6647 4164
6648 3090
6649 3504
6650 2022
6651 1164
6652 1218
6653 1668
6654 1242
6655 1374
6656 2142
6657 1050
6658 1230
6659 2928
6660 1266
6661 1560
6662 1014
6663 2424
6664 1200
6665 2676
6666 2448
6667 1716
6668 1866
6669 930
6670 3018
6671 2022
6672 2142
6673 1938
6674 1158
6675 3600
6676 2010
6677 1026
6678 1248
6679 1392
6680 1170
6681 2094
6682 1392
6683 2916
6684 1068
6685 1542
6686 1692
6687 1926
6688 1188
6689 1692
6690 1650
6691 2004
6692 1584
6693 1392
6694 1776
6695 1038
6696 1614
6697 2232
6698 3942
6699 990
6700 2400
6701 1152
6702 1482
6703 1698
6704 1188
6705 1992
6706 1422
6707 1284
6708 1926
6709 1302
6710 1800
6711 2052
6712 1542
6713 1932
6714 1008
6715 2202
6716 2436
6717 2274
6718 1362
6719 1512
6720 2058
6721 1662
6722 2454
6723 1314
6724 1116
6725 2154
6726 2022
6727 1530
6728 1170
6729 1170
6730 1278
6731 1002
6732 2652
6733 1782
6734 2796
6735 2262
6736 2076
6737 1488
6738 1686
6739 1350
6740 1788
6741 1896
6742 1242
6743 2070
6744 1602
6745 2064
6746 1542
6747 1224
6748 4050
6749 1572
6750 1968
6751 1614
6752 1326
6753 1908
6754 2424
6755 1704
6756 1722
6757 1710
6758 2316
6759 1350
6760 3126
6761 2310
6762 1566
6763 1296
6764 1710
6765 1596
6766 1386
6767 1614
6768 3684
6769 1572
6770 1182
6771 1476
6772 2088
6773 1164
6774 1476
6775 2616
6776 1890
6777 1350
6778 3642
6779 1548
6780 1626
6781 1950
6782 1692
6783 1620
6784 1842
6785 5484
6786 1722
6787 2190
6788 3858
6789 2148
6790 1332
6791 1776
6792 1404
6793 2988
6794 2562
6795 1998
6796 1206
6797 1830
6798 1194
6799 1260
6800 1794
6801 2808
6802 1536
6803 2100
6804 2136
6805 1956
6806 2724
6807 3486
6808 2214
6809 1176
6810 2244
6811 6258
6812 2340
6813 2142
6814 2136
6815 3456
6816 1530
6817 2232
6818 6060
6819 1878
6820 1590
6821 1194
6822 1458
6823 1236
6824 1176
6825 1518
6826 1608
6827 2286
6828 4266
6829 3846
6830 3324
6831 1182
6832 2256
6833 2286
6834 3348
6835 1938
6836 996
6837 3324
6838 1380
6839 1182
6840 1554
6841 2874
6842 1746
6843 2274
6844 1686
6845 3258
6846 1830
6847 1536
6848 1824
6849 1824
6850 2550
6851 1290
6852 1746
6853 1344
6854 2346
6855 2634
6856 2280
6857 3384
6858 1254
6859 2760
6860 1518
6861 1842
6862 2370
6863 1812
6864 2046
6865 1128
6866 3054
6867 1440
6868 1986
6869 1224
6870 5346
6871 1254
6872 1530
6873 2124
6874 1086
6875 3690
6876 1356
6877 2640
6878 1194
6879 1278
6880 1602
6881 2286
6882 3234
6883 1860
6884 1194
6885 1440
6886 1302
6887 1752
6888 1890
6889 3354
6890 2550
6891 2670
6892 3642
6893 2154
6894 1926
6895 1572
6896 3240
6897 1218
6898 6276
6899 1422
6900 1776
6901 1314
6902 1338
6903 2322
6904 1716
6905 2886
6906 3366
6907 1182
6908 2514
6909 1740
6910 1170
6911 1074
6912 1926
6913 2286
6914 3798
6915 1440
6916 3216
6917 1314
6918 1548
6919 1470
6920 1242
6921 1476
6922 2358
6923 1998
6924 1188
6925 1890
6926 1122
6927 1422
6928 1302
6929 972
6930 1230
6931 1230
6932 1014
6933 1326
6934 1506
6935 1506
6936 1644
6937 1050
6938 1614
6939 1182
6940 1308
6941 1704
6942 1416
6943 1476
6944 1194
6945 1446
6946 1692
6947 2484
6948 1962
6949 1098
6950 1878
6951 2634
6952 1284
6953 3456
6954 1224
6955 1410
6956 1830
6957 1584
6958 1056
6959 1206
6960 1638
6961 1530
6962 1344
6963 1092
6964 2742
6965 1110
6966 1062
6967 1032
6968 2970
6969 2166
6970 1140
6971 1512
6972 1188
6973 1434
6974 1308
6975 1170
6976 1836
6977 1314
6978 1194
6979 2328
6980 3246
6981 1380
6982 1452
6983 2820
6984 4008
6985 1128
6986 1188
6987 1266
6988 1050
6989 2712
6990 2220
6991 1254
6992 1722
6993 1962
6994 2922
6995 2130
6996 1350
6997 972
6998 2094
6999 1776
7000 1410
7001 1218
7002 2028
7003 1428
7004 1380
7005 1542
7006 2040
7007 1662
7008 1464
7009 1584
7010 1218
7011 1254
7012 1716
7013 2292
7014 1968
7015 1344
7016 918
7017 1518
7018 1830
7019 1152
7020 1194
7021 1326
7022 1626
7023 1842
7024 3228
7025 1470
7026 1218
7027 1764
7028 1434
7029 1170
7030 2100
7031 1140
7032 2922
7033 1596
7034 1680
7035 2574
7036 1404
7037 1038
7038 996
7039 2106
7040 1314
7041 2022
7042 1176
7043 1248
7044 1248
7045 1956
7046 1242
7047 1350
7048 1170
7049 2100
7050 1374
7051 1464
7052 1542
7053 1074
7054 1560
7055 3366
7056 1530
7057 1242
7058 2082
7059 4560
7060 5340
7061 1584
7062 2478
7063 3468
7064 1578
7065 1608
7066 4530
7067 3666
7068 2172
7069 2004
7070 2640
7071 1224
7072 2982
7073 2274
7074 1230
7075 1128
7076 1704
7077 1608
7078 1404
7079 3222
7080 2238
7081 2040
7082 3138
7083 3486
7084 1950
7085 1998
7086 1290
7087 2232
7088 2406
7089 1812
7090 2304
7091 2766
7092 2406
7093 1818
7094 2676
7095 2232
7096 1218
7097 2034
7098 1176
7099 1086
7100 1788
7101 1224
7102 2202
7103 2754
7104 1296
7105 1224
7106 2148
7107 1632
7108 2472
7109 1308
7110 1404
7111 2370
7112 1656
7113 2610
7114 1200
7115 2028
7116 1314
7117 2478
7118 3804
7119 2250
7120 1572
7121 2100
7122 2052
7123 1794
7124 1728
7125 1878
7126 1500
7127 2880
7128 1638
7129 3072
7130 2364
7131 1974
7132 2508
7133 3708
7134 2166
7135 2028
7136 2130
7137 6252
7138 2214
7139 1248
7140 1656
7141 2148
7142 1728
7143 2616
7144 1404
7145 1080
7146 3408
7147 978
7148 1188
7149 2784
7150 1602
7151 1920
7152 3000
7153 1296
7154 1062
7155 1284
7156 2544
7157 2634
7158 1758
7159 1482
7160 3282
7161 2886
7162 3666
7163 1812
7164 2412
7165 1122
7166 888
7167 1398
7168 1338
7169 2190
7170 2676
7171 1674
7172 1830
7173 1812
7174 2550
7175 1788
7176 1482
7177 1554
7178 1590
7179 1230
7180 1704
7181 1296
7182 1152
7183 1200
7184 1596
7185 1494
7186 1524
7187 1194
7188 1686
7189 2256
7190 1896
7191 1014
7192 2058
7193 2610
7194 1752
7195 2364
7196 2268
7197 1920
7198 1554
7199 1284
7200 1224
7201 1176
7202 1524
7203 1398
7204 2568
7205 1200
7206 1392
7207 1608
7208 1434
7209 3528
7210 2316
7211 1098
7212 2856
7213 1920
7214 1626
7215 1896
7216 1308
7217 1788
7218 1554
7219 1302
7220 1188
7221 1476
7222 1506
7223 1368
7224 1350
7225 1530
7226 1842
7227 1926
7228 4398
7229 1884
7230 1194
7231 1632
7232 1956
7233 1638
7234 1302
7235 1170
Unexpected message received for job 1043765
7236 1578
7237 1176
7238 1752
7239 1518
7240 1350
Unexpected message received for job 1043765
7241 1656
7242 1308
7243 2112
7244 1362
7245 1716
7246 1410
7247 1296
7248 2202
7249 1926
7250 1500
7251 1188
7252 1188
7253 1140
7254 3690
7255 2964
7256 1830
7257 1362
7258 1176
7259 1212
7260 1704
7261 1776
7262 1632
7263 1428
7264 1464
7265 2394
7266 4074
7267 2988
7268 1476
7269 1524
7270 1158
7271 1266
7272 1710
7273 2910
7274 1278
7275 1194
7276 1344
7277 1116
7278 1488
7279 1050
7280 1194
7281 1158
7282 1560
7283 984
7284 1362
7285 1434
7286 3228
7287 1176
7288 1314
7289 1194
7290 2196
7291 1458
7292 1176
7293 1158
7294 1836
7295 1152
7296 1230
7297 4260
7298 2442
7299 1170
7300 1980
7301 1188
7302 1110
7303 1926
7304 2760
7305 1296
7306 1176
7307 1410
7308 2280
7309 3270
7310 1644
7311 1452
7312 1266
7313 1176
7314 2286
7315 1194
7316 1188
7317 3042
7318 1812
7319 1230
7320 1512
7321 1176
7322 1176
7323 1098
7324 1632
7325 1326
7326 1950
7327 1284
7328 4650
7329 2814
7330 2880
7331 3024
7332 2676
7333 1074
7334 1692
7335 3312
7336 3438
7337 1158
7338 1320
7339 1128
7340 1758
7341 2196
7342 2142
7343 1188
7344 1482
7345 1788
7346 1290
7347 1470
7348 1338
7349 2592
7350 2484
7351 3420
7352 1110
7353 1074
7354 2748
7355 1344
7356 3618
7357 2238
7358 1170
7359 1884
7360 1560
7361 1896
7362 2622
7363 1170
7364 2226
7365 1734
7366 4332
7367 5262
7368 1446
7369 1290
7370 1098
7371 1032
7372 1116
7373 2328
7374 1068
7375 2502
7376 1290
7377 1470
7378 1512
7379 1854
7380 1266
7381 2040
7382 2154
7383 1506
7384 1572
7385 3138
7386 4386
7387 1350
7388 2766
7389 3498
7390 2400
7391 1236
7392 1704
7393 2652
7394 1506
7395 1440
7396 2364
7397 3084
7398 1278
7399 4344
7400 2274
7401 2316
7402 1560
7403 1536
7404 3522
7405 1566
7406 1128
7407 1386
7408 1686
7409 1644
7410 1308
7411 1098
7412 1212
7413 1278
7414 1938
7415 1836
7416 1182
7417 1488
7418 2196
7419 1758
7420 1506
7421 1668
7422 3492
7423 1422
7424 1368
7425 1062
7426 1320
7427 1770
7428 1266
7429 1452
7430 1206
7431 1008
7432 1512
7433 1188
7434 4386
7435 1224
7436 1380
7437 1152
7438 1260
7439 1584
7440 2202
7441 1464
7442 1632
7443 2244
7444 1098
7445 1194
7446 1956
7447 1098
7448 2394
7449 2694
7450 1038
7451 1176
7452 1110
7453 1722
7454 1584
7455 1320
7456 1248
7457 1536
7458 2004
7459 1704
7460 2586
7461 1812
7462 1140
7463 2568
7464 1248
7465 3102
7466 1602
7467 1758
7468 1020
7469 1896
7470 1968
7471 1404
7472 1938
7473 2154
7474 2172
7475 1422
7476 2490
7477 1500
7478 1734
7479 3480
7480 1302
7481 1314
7482 972
7483 1866
7484 1470
7485 1374
7486 1206
7487 1254
7488 3132
7489 1146
7490 2202
7491 1284
7492 1668
7493 1584
7494 1578
7495 2106
7496 1872
7497 1476
7498 2598
7499 1248
7500 2616
7501 1680
7502 1296
7503 3234
7504 1542
7505 1026
7506 1176
7507 1500
7508 1572
7509 1614
7510 1578
7511 2634
7512 1800
7513 2502
7514 2604
7515 2850
7516 1242
7517 1818
7518 1038
7519 1704
7520 2148
7521 5250
7522 3636
7523 2388
7524 3090
7525 1548
7526 2460
7527 1188
7528 1440
7529 2196
7530 1596
7531 1320
7532 1194
7533 5088
7534 3444
7535 1626
7536 2718
7537 5058
7538 4446
7539 2316
7540 2622
7541 1776
7542 5100
7543 1428
7544 1584
7545 3312
7546 924
7547 3618
7548 2862
7549 1134
7550 1764
7551 3444
7552 1272
7553 5898
7554 2172
7555 1302
7556 2280
7557 1488
7558 1554
7559 2460
7560 2130
7561 1290
7562 1416
7563 1530
7564 1746
7565 1788
7566 1848
7567 1788
7568 1062
7569 1734
7570 2358
7571 2184
7572 1338
7573 1866
7574 1542
7575 2184
7576 1350
7577 1188
7578 2268
7579 5964
7580 1176
7581 1926
7582 1668
7583 1386
7584 2706
7585 1866
7586 1614
7587 1542
7588 1362
7589 2760
7590 1182
7591 1290
7592 2064
7593 1512
7594 1320
7595 1926
7596 3480
7597 1380
7598 3102
7599 1476
7600 1248
7601 3264
7602 1230
7603 1554
7604 1146
7605 1680
7606 1182
7607 1314
7608 1374
7609 1362
7610 1692
7611 1818
7612 1614
7613 1734
7614 1464
7615 3510
7616 1422
7617 1644
7618 1272
7619 2262
7620 1470
7621 1314
7622 1194
7623 1476
7624 1536
7625 1434
7626 1188
7627 2742
7628 2928
7629 3324
7630 1584
7631 1548
7632 1506
7633 3336
7634 1182
7635 3480
7636 3318
7637 1842
7638 1614
7639 1626
7640 2754
7641 1638
7642 1152
7643 2430
7644 1668
7645 1410
7646 1002
7647 2244
7648 2748
7649 894
7650 1176
7651 1518
7652 1842
7653 3966
7654 1224
7655 1410
7656 2610
7657 1764
7658 1122
7659 1698
7660 1806
7661 1200
7662 1380
7663 1446
7664 1608
7665 1200
7666 1452
7667 1368
7668 1080
7669 1350
7670 1200
7671 1398
7672 3516
7673 1932
7674 1002
7675 1176
7676 1020
7677 1908
7678 1782
7679 2736
7680 1236
7681 882
7682 1398
7683 1602
7684 1530
7685 1428
7686 1440
7687 3204
7688 1842
7689 1326
7690 1278
7691 3228
7692 1722
7693 1278
7694 3150
7695 990
7696 1638
7697 2436
7698 1098
7699 3354
7700 1752
7701 2430
7702 1188
7703 3384
7704 1692
7705 2190
7706 1008
7707 1200
7708 1350
7709 1068
7710 2172
7711 2640
7712 1956
7713 1590
7714 1176
7715 1128
7716 1062
7717 1356
7718 1110
7719 1032
7720 1950
7721 1200
7722 1242
7723 3408
7724 1722
7725 4098
7726 1908
7727 3462
7728 1602
7729 1506
7730 1926
7731 1356
7732 2124
7733 918
7734 3234
7735 3180
7736 1290
7737 1188
7738 1854
7739 1242
7740 1032
7741 3432
7742 1488
7743 1188
7744 2766
7745 1548
7746 1152
7747 1068
7748 1188
7749 1590
7750 1296
7751 1524
7752 1188
7753 930
7754 1422
7755 1374
7756 1116
7757 2340
7758 1200
7759 1836
7760 1494
7761 1728
7762 2220
7763 1044
7764 1458
7765 3546
7766 1902
7767 1884
7768 1230
7769 1194
7770 1236
7771 1458
7772 1422
7773 1242
7774 1428
7775 1164
7776 2226
7777 1182
7778 1212
7779 984
7780 1392
7781 1422
7782 1032
7783 1548
7784 1248
7785 1104
7786 1494
7787 1608
7788 2808
7789 1050
7790 1158
7791 2136
7792 1998
7793 2406
7794 3510
7795 1776
7796 1362
7797 1422
7798 2064
7799 1032
7800 1248
7801 1968
7802 1026
7803 2016
7804 1218
7805 4626
7806 1962
7807 1326
7808 1086
7809 1188
7810 978
7811 1338
7812 2226
7813 1524
7814 1722
7815 1356
7816 1686
7817 2658
7818 2730
7819 1350
7820 1998
7821 1032
7822 996
7823 1350
7824 1188
7825 1452
7826 1626
7827 1188
7828 906
7829 2376
7830 1104
7831 1404
7832 1188
7833 1188
7834 1038
7835 1170
7836 966
7837 1134
7838 1368
7839 1464
7840 2244
7841 1044
7842 1716
7843 2610
7844 1638
7845 942
7846 1194
7847 1632
7848 2700
7849 1116
7850 1476
7851 1488
7852 1824
7853 918
7854 1182
7855 1200
7856 1032
7857 1548
7858 1176
7859 1866
7860 966
7861 1662
7862 1452
7863 1476
7864 1176
7865 1182
7866 1062
7867 1836
7868 2148
7869 1242
7870 1998
7871 1122
7872 1812
7873 1284
7874 1416
7875 1320
7876 1218
7877 948
7878 1200
7879 1182
7880 1278
7881 1182
7882 2100
7883 1464
7884 3762
7885 2202
7886 1200
7887 1146
7888 1032
7889 3048
7890 1686
7891 1680
7892 1212
7893 1044
7894 1326
7895 1536
7896 1170
7897 1146
7898 1140
7899 1254
7900 1182
7901 3120
7902 1140
7903 1794
7904 1506
7905 984
7906 1194
7907 1236
7908 1080
7909 3330
7910 1176
7911 1692
7912 1224
7913 1320
7914 1782
7915 1050
7916 1650
7917 1254
7918 1200
7919 1110
7920 1182
7921 2412
7922 1956
7923 1662
7924 1200
7925 1170
7926 1134
7927 1176
7928 2202
7929 1170
7930 1092
7931 1056
7932 1176
7933 1620
7934 2142
7935 978
7936 1842
7937 1158
7938 1026
7939 1020
7940 1242
7941 3300
7942 2856
7943 1272
7944 2580
7945 1182
7946 1326
7947 1188
7948 2286
7949 1380
7950 996
7951 1326
7952 1050
7953 1476
7954 1920
7955 1950
7956 3618
7957 936
7958 972
7959 1032
7960 1158
7961 1188
7962 1194
7963 1146
7964 1200
7965 1116
7966 1260
7967 1512
7968 1320
7969 1212
7970 2622
7971 1344
7972 1038
7973 3534
7974 1752
7975 1176
7976 2970
7977 1464
7978 990
7979 2334
7980 1344
7981 1074
7982 1728
7983 1398
7984 1434
7985 2304
7986 1596
7987 1368
7988 1494
7989 1260
7990 1680
7991 1152
7992 2382
7993 1176
7994 1278
7995 1026
7996 2226
7997 1344
7998 2682
7999 1416
8000 1050
8001 1986
8002 972
8003 996
8004 966
8005 1200
8006 1632
8007 972
8008 1128
8009 1398
8010 1374
8011 1188
8012 1710
8013 1176
8014 1368
8015 1224
8016 1032
8017 1254
8018 990
8019 1218
8020 2004
8021 1350
8022 2538
8023 2700
8024 1110
8025 1344
8026 1032
8027 1056
8028 1344
8029 1416
8030 1212
8031 1398
8032 1578
8033 1254
8034 1284
8035 1176
8036 3324
8037 1308
8038 1332
8039 1194
8040 1200
8041 1224
8042 1176
8043 1452
8044 1122
8045 1104
8046 1176
8047 1662
8048 1626
8049 1044
8050 1374
8051 1740
8052 1650
8053 1536
8054 1188
8055 1146
8056 1506
8057 1578
8058 1320
8059 1188
8060 1068
8061 1974
8062 2970
8063 1164
8064 2286
8065 1326
8066 1794
8067 1182
8068 1074
8069 978
8070 1110
8071 1176
8072 2076
8073 1194
8074 1290
8075 1236
8076 2646
8077 1338
8078 1710
8079 1242
8080 1194
8081 1578
8082 1044
8083 966
8084 1200
8085 3438
8086 1440
8087 1542
8088 1530
8089 1368
8090 1194
8091 1194
8092 1182
8093 1224
8094 954
8095 1146
8096 2238
8097 1686
8098 1242
8099 1152
8100 1152
8101 1284
8102 1296
8103 1068
8104 930
8105 1224
8106 5172
8107 1746
8108 1188
8109 2370
8110 2280
8111 1188
8112 1056
8113 1224
8114 1176
8115 1308
8116 1056
8117 1272
8118 1242
8119 1248
8120 1338
8121 1332
8122 1200
8123 1200
8124 1044
8125 1044
8126 1188
8127 1176
8128 1182
8129 1176
8130 1176
8131 1674
8132 1194
8133 1326
8134 1296
8135 1452
8136 1176
8137 1170
8138 1176
8139 1176
8140 1026
8141 1686
8142 1974
8143 1176
8144 1800
8145 1128
8146 1128
8147 1776
8148 1242
8149 990
8150 1170
8151 1248
8152 1188
8153 1452
8154 1086
8155 1092
8156 1176
8157 1752
8158 2322
8159 1836
8160 1182
8161 1878
8162 1110
8163 1128
8164 3456
8165 1086
8166 1008
8167 1188
8168 1164
8169 1338
8170 1176
8171 1764
8172 1188
8173 1116
8174 1272
8175 3336
8176 1158
8177 1188
8178 1374
8179 1164
8180 1164
8181 1344
8182 2724
8183 1320
8184 1398
8185 984
8186 1626
8187 1548
8188 984
8189 4158
8190 1746
8191 1188
8192 1722
8193 1182
8194 3828
8195 1038
8196 1128
8197 1230
8198 1542
8199 1338
8200 1278
8201 1344
8202 1128
8203 1032
8204 1386
8205 1422
8206 1260
8207 1410
8208 1284
8209 1062
8210 1770
8211 1026
8212 1584
8213 1026
8214 1056
8215 1332
8216 1338
8217 972
8218 1146
8219 1542
8220 2010
8221 2748
8222 1056
8223 1200
8224 1062
8225 1212
8226 1170
8227 1554
8228 1062
8229 1476
8230 1380
8231 6270
8232 2244
8233 1548
8234 6270
8235 1260
8236 1122
8237 1404
8238 990
8239 996
8240 1194
8241 1170
8242 1194
8243 1350
8244 1194
8245 1824
8246 2598
8247 1224
8248 1380
8249 1338
8250 3480
8251 1056
8252 1110
8253 1332
8254 1674
8255 2292
8256 1122
8257 1446
8258 3342
8259 1350
8260 1032
8261 1506
8262 1602
8263 1176
8264 1230
8265 2004
8266 1584
8267 1194
8268 1668
8269 1362
8270 3132
8271 1266
8272 1158
8273 1434
8274 1146
8275 1188
8276 1206
8277 1428
8278 2196
8279 1194
8280 1182
Unexpected message received for job 1043765
8281 1254
8282 1728
8283 1188
8284 948
8285 996
8286 1110
Unexpected message received for job 1043765
8287 954
8288 936
8289 1248
8290 1578
8291 1434
8292 1950
8293 1500
8294 1200
8295 1464
8296 1776
8297 1158
8298 1356
8299 1218
8300 1470
8301 2232
8302 1236
8303 924
8304 1122
8305 1104
8306 1296
8307 2322
8308 1620
8309 1182
8310 1188
8311 1026
8312 1092
8313 1296
8314 2604
8315 1026
8316 1194
8317 954
8318 1200
8319 1248
8320 1410
8321 1632
8322 996
8323 1386
8324 1194
8325 1092
8326 1662
8327 966
8328 1290
8329 1398
8330 996
8331 1320
8332 2220
8333 936
8334 1068
8335 1146
8336 1242
8337 966
8338 2454
8339 1212
8340 1746
8341 1242
8342 996
8343 1092
8344 1188
8345 1038
8346 1026
8347 1554
8348 1056
8349 1002
8350 1740
8351 1068
8352 1254
8353 1212
8354 1620
8355 1332
8356 1188
8357 1470
8358 1344
8359 1194
8360 1188
8361 1032
8362 1032
8363 1182
8364 978
8365 1188
8366 1194
8367 960
8368 1350
8369 1110
8370 1020
8371 1470
8372 1194
8373 1356
8374 1188
8375 1242
8376 1062
8377 1188
8378 996
8379 1116
8380 1644
8381 1194
8382 1182
8383 1548
8384 1386
8385 1518
8386 4260
8387 1350
8388 1380
8389 960
8390 1560
8391 966
8392 1044
8393 1182
8394 1212
8395 1038
8396 1176
8397 1182
8398 984
8399 1038
8400 1716
8401 1470
8402 1170
8403 1002
8404 1284
8405 1368
8406 960
8407 930
8408 1188
8409 1194
8410 1182
8411 1200
8412 1434
8413 1206
8414 1104
8415 1176
8416 1212
8417 1668
8418 1350
8419 1032
8420 1188
8421 2178
8422 1218
8423 1362
8424 1170
8425 978
8426 1548
8427 3558
8428 1338
8429 1200
8430 1236
8431 2166
8432 1236
8433 1188
8434 1368
8435 1188
8436 1170
8437 1194
8438 2016
8439 1314
8440 1182
8441 1176
8442 1236
8443 1164
8444 1224
8445 1092
8446 1074
8447 1128
8448 1470
8449 1038
8450 1686
8451 1056
8452 1032
8453 1200
8454 1950
8455 1050
8456 1830
8457 966
8458 996
8459 1260
8460 1296
8461 1182
8462 1146
8463 1086
8464 1044
8465 1050
8466 1470
8467 1128
8468 1530
8469 1008
8470 1200
8471 1710
8472 966
8473 1086
8474 978
8475 1176
8476 936
8477 966
8478 954
8479 1056
8480 2388
8481 1344
8482 1908
8483 942
8484 1962
8485 1062
8486 1464
8487 1278
8488 1914
8489 2622
8490 1344
8491 1746
8492 1374
8493 1020
8494 1200
8495 1806
8496 1266
8497 2904
8498 1332
8499 1176
8500 1746
8501 1374
8502 1206
8503 1170
8504 1434
8505 1746
8506 1800
8507 1008
8508 1200
8509 972
8510 936
8511 924
8512 1194
8513 1458
8514 990
8515 1050
8516 1080
8517 1152
8518 1446
8519 1176
8520 1044
8521 1188
8522 2352
8523 1182
8524 1578
8525 1326
8526 1170
8527 1086
8528 1170
8529 1212
8530 1548
8531 1602
8532 1650
8533 1296
8534 1092
8535 1194
8536 1938
8537 1182
8538 1194
8539 996
8540 1428
8541 1098
8542 1134
8543 1740
8544 1206
8545 1146
8546 2256
8547 1200
8548 1236
8549 1182
8550 1278
8551 1326
8552 2670
8553 3414
8554 2202
8555 2382
8556 1170
8557 1650
8558 1014
8559 1230
8560 1668
8561 1032
8562 1200
8563 1188
8564 1188
8565 954
8566 1188
8567 954
8568 2004
8569 1884
8570 1176
8571 1056
8572 1248
8573 1194
8574 1332
8575 1344
8576 1182
8577 1212
8578 1176
8579 1188
8580 1164
8581 942
8582 948
8583 2748
8584 2088
8585 1200
8586 1800
8587 1320
8588 966
8589 1182
8590 1176
8591 1164
8592 954
8593 1062
8594 1950
8595 1182
8596 1086
8597 1290
8598 2238
8599 1038
8600 1416
8601 1050
8602 1176
8603 1626
8604 1440
8605 2100
8606 1368
8607 990
8608 1506
8609 1842
8610 1026
8611 1056
8612 1830
8613 1188
8614 1350
8615 1902
8616 1134
8617 966
8618 1170
8619 1260
8620 1086
8621 1260
8622 1260
8623 5406
8624 2478
8625 1206
8626 1254
8627 3894
8628 978
8629 1260
8630 1116
8631 1494
8632 2160
8633 1638
8634 1692
8635 918
8636 1170
8637 1056
8638 1182
8639 1008
8640 2316
8641 1068
8642 1182
8643 1050
8644 1206
8645 1056
8646 1884
8647 1596
8648 954
8649 1674
8650 2088
8651 1014
8652 1638
8653 1026
8654 1932
8655 1470
8656 1086
8657 1092
8658 1176
8659 1626
8660 1182
8661 1182
8662 984
8663 1170
8664 1272
8665 1992
8666 1314
8667 1464
8668 1008
8669 1038
8670 1176
8671 2154
8672 1560
8673 1746
8674 1008
8675 1044
8676 942
8677 978
8678 1170
8679 1686
8680 1170
8681 1242
8682 1176
8683 1638
8684 1248
8685 1170
8686 1440
8687 1152
8688 1170
8689 3294
8690 1158
8691 930
8692 1308
8693 1290
8694 1212
8695 2700
8696 1362
8697 1350
8698 1476
8699 1176
8700 1038
8701 1116
8702 1032
8703 1020
8704 1512
8705 1128
8706 1182
8707 972
8708 1212
8709 1878
8710 1194
8711 1470
8712 966
8713 972
8714 1212
8715 930
8716 1212
8717 1362
8718 1044
8719 2562
8720 1452
8721 954
8722 1044
8723 1320
8724 1098
8725 1218
8726 1104
8727 1308
8728 1248
8729 1212
8730 1212
8731 1320
8732 1050
8733 1002
8734 1206
8735 1194
8736 1224
8737 936
8738 1428
8739 1488
8740 1236
8741 1308
8742 1020
8743 1194
8744 1308
8745 1170
8746 1332
8747 972
8748 1302
8749 1182
8750 984
8751 948
8752 918
8753 3354
8754 1326
8755 978
8756 1512
8757 942
8758 1962
8759 1182
8760 1308
8761 1086
8762 1014
8763 1014
8764 948
8765 1080
8766 1134
8767 1158
8768 1074
8769 948
8770 1326
8771 948
8772 1776
8773 1656
8774 1386
8775 1326
8776 1284
8777 1470
8778 1098
8779 1218
8780 1140
8781 1038
8782 1182
8783 1188
8784 978
8785 972
8786 924
8787 1182
8788 1026
8789 1008
8790 1422
8791 1194
8792 942
8793 942
8794 1188
8795 1596
8796 1440
8797 1224
8798 1350
8799 1182
8800 1200
8801 1398
8802 1260
8803 1068
8804 1452
8805 1182
8806 1392
8807 1062
8808 996
8809 1194
8810 1182
8811 1080
8812 1068
8813 1146
8814 1110
8815 1194
8816 1536
8817 1170
8818 936
8819 1170
8820 936
8821 1050
8822 1218
8823 1230
8824 1002
8825 960
8826 984
8827 1302
8828 1692
8829 960
8830 1176
8831 1170
8832 966
8833 1242
8834 2334
8835 1122
8836 1410
8837 954
8838 1314
8839 1932
8840 2034
8841 1194
8842 960
8843 1194
8844 1194
8845 1188
8846 2112
8847 1224
8848 972
8849 1098
8850 948
8851 1554
8852 1170
8853 1446
8854 1386
8855 1200
8856 1002
8857 1200
8858 948
8859 1188
8860 984
8861 936
8862 1182
8863 972
8864 960
8865 1662
8866 1110
8867 1836
8868 1236
8869 1308
8870 1362
8871 1140
8872 1350
8873 960
8874 1176
8875 4758
8876 4200
8877 1188
8878 1188
8879 1056
8880 1002
8881 996
8882 1170
8883 1074
8884 1272
8885 1596
8886 1560
8887 924
8888 1254
8889 930
8890 990
8891 1152
8892 1170
8893 984
8894 1188
8895 978
8896 1176
8897 1008
8898 1356
8899 1422
8900 1434
8901 1242
8902 1248
8903 1086
8904 942
8905 2364
8906 1254
8907 1068
8908 1254
8909 1410
8910 1182
8911 1302
8912 1488
8913 1776
8914 1170
8915 1008
8916 1200
8917 924
8918 948
8919 1440
8920 1578
8921 1248
8922 1188
8923 1578
8924 1980
8925 2022
8926 1104
8927 1956
8928 1104
8929 978
8930 2430
8931 3654
8932 1110
8933 1092
8934 1188
8935 1182
8936 1266
8937 1590
8938 1506
8939 2232
8940 1224
8941 1224
8942 1326
8943 948
8944 1638
8945 2454
8946 1170
8947 942
8948 1074
8949 1194
8950 1182
8951 1086
8952 1362
8953 1068
8954 1188
8955 966
8956 2520
8957 942
8958 1680
8959 1530
8960 1374
8961 1338
8962 1032
8963 1968
8964 1128
8965 1194
8966 1194
8967 1314
8968 954
8969 948
8970 1044
8971 1524
8972 1026
8973 1170
8974 1206
8975 1212
8976 1722
8977 1254
8978 1200
8979 1740
8980 1110
8981 2412
8982 1362
8983 1014
8984 966
8985 984
8986 1068
8987 1170
8988 1188
8989 2202
8990 948
8991 966
8992 2214
8993 1320
8994 1038
8995 1566
8996 2280
8997 1362
8998 948
8999 1416
9000 948
9001 960
9002 1182
9003 1158
9004 996
9005 1230
9006 2010
9007 1050
9008 3780
9009 1068
9010 1062
9011 1176
9012 1008
9013 1188
9014 1230
9015 1566
9016 1638
9017 1266
9018 984
9019 1068
9020 1506
9021 1500
9022 1050
9023 1236
9024 1194
9025 1080
9026 978
9027 1116
9028 1074
9029 960
9030 1014
9031 1266
9032 1644
9033 1212
9034 1200
9035 1866
9036 2400
9037 1098
9038 1404
9039 948
9040 1734
9041 960
9042 990
9043 1182
9044 1002
9045 966
9046 1050
9047 1200
9048 996
9049 1776
9050 1188
9051 1356
9052 1362
9053 1494
9054 978
9055 1860
9056 2226
9057 1218
9058 1218
9059 1290
9060 942
9061 1518
9062 1104
9063 1182
9064 948
9065 966
9066 1176
9067 990
9068 1014
9069 1182
9070 1674
9071 1158
9072 1044
9073 1014
9074 1098
9075 1224
9076 924
9077 930
9078 1056
9079 1128
9080 936
9081 1734
9082 948
9083 966
9084 1176
9085 1092
9086 1182
9087 960
9088 1098
9089 960
9090 1590
9091 1998
9092 2100
9093 972
9094 954
9095 930
9096 1008
9097 1326
9098 1200
9099 1260
9100 1026
9101 1476
9102 1170
9103 1014
9104 1800
9105 1014
9106 954
9107 954
9108 948
9109 1230
9110 1188
9111 1182
9112 1176
9113 1194
9114 1182
9115 990
9116 1248
9117 1086
9118 1086
9119 996
9120 966
9121 1176
9122 1206
9123 1068
9124 966
9125 1002
9126 1176
9127 954
9128 948
9129 1476
9130 1188
9131 1056
9132 1194
9133 1200
9134 1668
9135 1182
9136 1044
9137 1296
9138 1182
9139 1194
9140 1038
9141 1122
9142 1170
9143 1182
9144 1194
9145 1176
9146 930
9147 1002
9148 1362
9149 1188
9150 1170
9151 1002
9152 1020
9153 942
9154 1176
9155 966
9156 984
9157 1650
9158 1182
9159 936
9160 1722
9161 1236
9162 1188
9163 1182
9164 936
9165 990
9166 1230
9167 1176
9168 1026
9169 1170
9170 942
9171 966
9172 1194
9173 942
9174 1104
9175 954
9176 1194
9177 1188
9178 1074
9179 924
9180 1266
9181 1518
9182 972
9183 942
9184 1206
9185 1260
9186 1182
9187 1080
9188 942
9189 990
9190 960
9191 1176
9192 1188
9193 936
9194 942
9195 1038
9196 1020
9197 1170
9198 1182
9199 1014
9200 1314
9201 1020
9202 984
9203 1374
9204 1230
9205 1188
9206 1056
9207 1284
9208 1110
9209 1110
9210 2070
9211 1236
9212 1194
9213 1278
9214 1176
9215 1206
9216 1308
9217 2094
9218 1056
9219 1686
9220 948
9221 966
9222 1290
9223 960
9224 1038
9225 1446
9226 3324
9227 1686
9228 1176
9229 984
9230 948
9231 948
9232 966
9233 1188
9234 1008
9235 990
9236 1182
9237 1728
9238 1188
9239 1188
9240 2046
9241 3726
9242 972
9243 1002
9244 1044
9245 996
9246 954
9247 2370
9248 966
9249 1170
9250 1020
9251 1176
9252 966
9253 1044
9254 1362
9255 990
9256 948
9257 1584
9258 1320
9259 954
9260 1992
9261 1014
9262 1794
9263 1656
9264 1086
9265 1488
9266 1050
9267 1170
9268 996
9269 996
9270 1038
9271 960
9272 978
9273 1086
9274 1200
9275 990
9276 930
9277 1056
9278 1194
9279 1176
9280 1188
9281 960
9282 1242
9283 978
9284 936
9285 1020
9286 1230
9287 966
9288 960
9289 1014
9290 1200
9291 1020
9292 960
9293 1218
9294 1176
9295 1272
9296 1194
9297 1140
9298 960
9299 948
9300 1104
9301 1458
9302 1404
9303 972
9304 942
9305 960
9306 1026
9307 948
9308 954
9309 1020
9310 1176
9311 966
9312 960
9313 2076
9314 936
9315 1056
9316 1218
9317 936
9318 948
9319 996
9320 1014
9321 936
9322 990
9323 972
9324 954
9325 966
9326 996
9327 996
9328 960
9329 1104
9330 924
9331 954
9332 966
9333 978
9334 1416
9335 1344
9336 972
9337 2040
9338 978
9339 1554
9340 948
9341 1038
9342 1026
9343 2286
9344 1020
9345 1044
9346 1068
9347 960
9348 936
9349 1020
9350 990
9351 1074
9352 1026
9353 1026
9354 960
9355 2826
9356 954
9357 936
9358 1194
9359 1038
9360 1122
9361 954
9362 918
9363 954
9364 960
9365 1170
9366 1032
9367 960
9368 960
9369 948
9370 966
9371 1224
9372 1044
9373 1014
9374 990
9375 936
9376 1842
9377 954
9378 936
9379 966
9380 1008
9381 1038
9382 960
9383 924
9384 996
9385 948
9386 1008
9387 960
9388 1008
9389 942
9390 948
9391 1068
9392 936
9393 966
9394 948
9395 1056
9396 948
9397 954
9398 960
9399 990
9400 948
9401 936
9402 954
9403 942
9404 984
9405 996
9406 948
9407 936
9408 936
9409 1068
9410 960
9411 960
9412 918
9413 954
9414 1056
9415 1458
9416 1776
9417 966
9418 960
9419 942
9420 936
9421 924
9422 936
9423 996
9424 960
9425 924
9426 996
9427 1410
9428 948
9429 990
9430 1050
9431 1008
9432 1020
9433 1044
9434 1014
9435 960
9436 942
9437 1020
9438 960
9439 948
9440 954
9441 948
9442 948
9443 954
9444 936
9445 936
9446 1020
9447 948
9448 1080
9449 948
9450 936
9451 948
9452 948
9453 948
9454 948
9455 1014
9456 1008
9457 1104
9458 996
9459 936
9460 936
9461 936
9462 960
9463 930
9464 960
9465 1038
9466 960
9467 1026
9468 996
9469 996
9470 960
9471 942
9472 960
9473 960
9474 930
9475 960
9476 990
9477 948
9478 948
9479 1008
9480 996
9481 948
9482 1020
9483 960
9484 960
9485 960
9486 960
9487 1014
9488 1110
9489 936
9490 960
9491 990
9492 960
9493 960
9494 960
9495 960
9496 1008
9497 966
9498 1068
9499 1014
9500 936
9501 1032
9502 1032
9503 1008
9504 966
9505 1188
9506 954
9507 960
9508 960
9509 966
9510 924
9511 960
9512 1032
9513 954
9514 1050
9515 1002
9516 972
9517 996
9518 924
9519 1026
9520 954
9521 930
9522 948
9523 978
9524 936
9525 936
9526 936
9527 948
9528 942
9529 930
9530 936
9531 990
9532 1020
9533 1026
9534 972
9535 996
9536 948
9537 948
9538 1020
9539 978
9540 990
9541 978
9542 978
9543 972
9544 990
9545 960
9546 1020
9547 924
9548 1242
9549 936
9550 966
9551 990
9552 936
9553 972
9554 930
9555 1050
9556 930
9557 990
9558 954
9559 978
9560 936
9561 948
9562 936
9563 978
9564 978
9565 948
9566 966
9567 978
9568 948
9569 948
9570 936
9571 978
9572 918
9573 966
9574 1056
9575 942
9576 924
9577 948
9578 948
9579 948
9580 1014
9581 1020
9582 984
9583 1020
9584 948
9585 948
9586 978
9587 954
9588 954
9589 1464
9590 942
9591 936
9592 1170
9593 948
9594 924
9595 936
9596 948
9597 936
9598 930
9599 936
9600 936
9601 936
9602 954
9603 960
9604 960
9605 1110
9606 924
9607 942
9608 936
9609 948
9610 1512
9611 948
9612 1038
9613 1074
9614 1056
9615 1086
9616 948
9617 936
9618 948
9619 930
9620 948
9621 936
9622 942
9623 1182
9624 948
9625 948
9626 942
9627 1032
9628 990
9629 948
9630 1062
9631 936
9632 1020
9633 1188
9634 948
9635 948
9636 990
9637 996
9638 936
9639 1194
9640 1260
9641 978
9642 1188
9643 1182
9644 990
9645 1008
9646 1188
9647 1074
9648 996
9649 1020
9650 1032
9651 1014
9652 1032
9653 960
9654 1050
9655 1188
9656 936
9657 966
9658 954
9659 960
9660 960
9661 966
9662 1020
9663 1020
9664 990
9665 1080
9666 978
9667 924
9668 960
9669 1044
9670 960
9671 942
9672 990
9673 1002
9674 1026
9675 930
9676 972
9677 1026
9678 918
9679 984
9680 948
Unexpected message received for job 1043765
9681 954
9682 936
9683 978
9684 942
9685 936
9686 1008
9687 978
Unexpected message received for job 1043765
9688 948
9689 948
9690 948
9691 1440
9692 1524
9693 1008
9694 972
9695 1038
9696 948
9697 948
9698 936
9699 1044
9700 948
9701 930
9702 1050
9703 1026
9704 1188
9705 948
9706 1218
9707 1206
9708 978
9709 1020
9710 960
9711 936
9712 960
9713 1026
9714 942
9715 1038
9716 936
9717 948
9718 948
9719 954
9720 1368
9721 1206
9722 2184
9723 930
9724 966
9725 948
9726 966
9727 5592
9728 918
9729 972
9730 960
9731 1014
9732 948
9733 942
9734 972
9735 942
9736 936
9737 942
9738 930
9739 930
9740 972
9741 942
9742 1014
9743 6264
9744 1050
9745 1062
9746 1464
9747 942
9748 936
9749 936
9750 1140
9751 936
9752 936
9753 2334
9754 960
9755 1038
9756 996
9757 1050
9758 936
9759 1032
9760 1050
9761 972
9762 942
9763 942
9764 1044
9765 1146
9766 1014
9767 942
9768 942
9769 1044
9770 942
9771 942
9772 942
9773 948
9774 942
9775 948
9776 1050
9777 6276
9778 960
9779 1146
9780 1032
9781 1032
9782 948
9783 942
9784 942
9785 996
9786 1056
9787 1056
9788 1026
9789 942
9790 942
9791 942
9792 1572
9793 966
9794 942
9795 948
9796 948
9797 1032
9798 948
9799 1032
9800 942
9801 1032
9802 942
9803 966
9804 966
9805 942
9806 942
9807 1206
9808 1044
9809 1002
9810 1002
9811 948
9812 1014
9813 1062
9814 948
9815 1206
9816 942
9817 966
9818 1512
9819 942
9820 1176
9821 1212
9822 1524
9823 1056
9824 1494
9825 1494
9826 1512
9827 2154
9828 1458
9829 1110
9830 2442
9831 1176
9832 1038
9833 906
9834 1170
9835 1170
9836 942
9837 1176
9838 1026
9839 1068
9840 1032
9841 930
9842 1182
9843 1230
9844 1176
9845 1176
9846 948
9847 1404
9848 1200
9849 1182
9850 1224
9851 1590
9852 1938
9853 1896
9854 1620
9855 1194
9856 1578
9857 1086
9858 1584
9859 1230
9860 1596
9861 1590
9862 2112
9863 1176
9864 1182
9865 1200
9866 1986
9867 1206
9868 1986
9869 1998
9870 1998
9871 1338
9872 1272
9873 1188
9874 1980
9875 1188
9876 1350
9877 1194
9878 1716
9879 2286
9880 1188
9881 1188
9882 1230
9883 1182
9884 1170
9885 1194
9886 996
9887 1182
9888 1182
9889 1176
9890 1176
9891 1182
9892 978
9893 966
9894 996
9895 2232
9896 1008
9897 1566
9898 996
9899 1008
9900 1194
9901 1194
9902 1170
9903 1188
9904 1182
9905 1266
9906 1188
9907 1182
9908 990
9909 1194
9910 1182
9911 1170
9912 1266
9913 996
9914 1188
9915 978
9916 1008
9917 1344
9918 1944
9919 1038
9920 1512
9921 1188
9922 1176
9923 1212
9924 1158
9925 996
9926 1200
9927 966
9928 996
9929 1038
9930 1092
9931 1038
9932 1188
9933 1296
9934 1290
9935 984
9936 978
9937 1290
9938 1020
9939 966
9940 984
9941 918
9942 1026
9943 1176
9944 996
9945 966
9946 1194
9947 978
9948 1008
9949 1008
9950 984
9951 984
9952 1188
9953 1194
9954 1008
9955 990
9956 1632
9957 1014
9958 1194
9959 2298
9960 1170
9961 978
9962 1182
9963 1758
9964 1014
9965 1182
9966 1026
9967 1182
9968 1026
9969 1200
9970 1176
9971 1026
9972 1038
9973 1008
9974 1008
9975 1008
9976 1194
9977 1020
9978 1194
9979 2274
9980 1560
9981 1272
9982 1206
9983 1212
9984 1218
9985 1002
9986 1212
9987 1008
9988 1170
9989 1182
9990 1194
9991 1188
9992 1374
9993 1194
9994 1968
9995 1644
9996 1188
9997 1038
9998 2166
9999 1206
Record :  882
