0 0
1 1290
2 1278
3 2904
4 1206
5 1950
6 1194
7 1320
8 1392
9 2454
10 1704
11 1680
12 2454
13 1908
14 2196
15 2124
16 1734
17 2142
18 2406
19 2940
20 2538
21 4188
22 2526
23 1830
24 2688
25 3570
26 2772
27 5196
28 2526
29 3792
30 2922
31 4128
32 4074
33 2346
34 2454
35 3642
36 3510
37 4548
38 4650
39 2574
40 3570
41 4368
42 2586
43 7206
44 3354
45 2592
46 4992
47 2976
48 3348
49 2898
50 3708
51 4458
52 3510
53 3498
54 2364
55 2268
56 2670
57 5430
58 5052
59 3174
60 3486
61 3462
62 3654
63 4314
64 4008
65 3840
66 2790
67 3726
68 1992
69 2610
70 1776
71 2838
72 2616
73 3450
74 2310
75 1662
76 1722
77 2148
78 3594
79 1758
80 2574
81 4080
82 4332
83 3786
84 1896
85 3642
86 2052
87 4482
88 2346
89 2856
90 3294
91 2826
92 4374
93 2148
94 2292
95 2610
96 2358
97 2844
98 1590
99 3672
100 2130
101 2526
102 3228
103 3120
104 2508
105 2880
106 2094
107 1548
108 2808
109 3708
110 4830
111 4860
112 3648
113 3582
114 3840
115 4428
116 2058
117 1572
118 1614
119 2520
120 2556
121 2694
122 3408
123 3678
124 6168
125 4662
126 2472
127 2970
128 3420
129 1584
130 4044
131 5352
132 3000
133 1896
134 4674
135 2334
136 3300
137 2934
138 2802
139 4632
140 1506
141 5418
142 3774
143 3186
144 4152
145 2670
146 4176
147 3180
148 5754
149 2502
150 3408
151 2736
152 4356
153 3768
154 2238
155 1578
156 2604
157 1908
158 2370
159 3540
160 3276
161 4656
162 3216
163 1794
164 3414
165 4206
166 3564
167 1506
168 5406
169 2664
170 2466
171 1764
172 4686
173 2478
174 5382
175 3096
176 3336
177 2400
178 2646
179 5430
180 3156
181 3360
182 5286
183 2616
184 2262
185 2820
186 4104
187 3270
188 3834
189 2274
190 3474
191 4908
192 2064
193 3480
194 5256
195 2136
196 1554
197 2520
198 2556
199 3900
200 2580
201 3108
202 1650
203 2226
204 1926
205 1896
206 1968
207 3324
208 1602
209 1524
210 3102
211 2814
212 2334
213 1794
214 1590
215 2988
216 7524
217 2508
218 3870
219 3516
220 2262
221 2220
222 3606
223 3258
224 2424
225 2316
226 3498
227 3138
228 3096
229 1566
230 2172
231 3312
232 3000
233 2718
234 5262
235 4212
236 2412
237 1560
238 2346
239 3606
240 2022
241 3534
242 3882
243 3582
244 3288
245 3090
246 1668
247 2634
248 2202
249 3030
250 1470
251 3156
252 5496
253 2952
254 3492
255 2208
256 2124
257 1512
258 1842
259 3834
260 2454
261 3222
262 5172
263 2094
264 3384
265 3852
266 3960
267 3348
268 3162
269 2178
270 3594
271 2568
272 2082
273 1698
274 2922
275 4464
276 1692
277 3150
278 2766
279 3864
280 2070
281 2400
282 2622
283 2070
284 1206
285 4386
286 4674
287 4320
288 3264
289 2340
290 2172
291 2940
292 2364
293 2028
294 2820
295 4116
296 1806
297 3846
298 2046
299 4062
300 2376
301 3204
302 2472
303 3180
304 4872
305 2082
306 4536
307 3054
308 5202
309 3834
310 5034
311 1344
312 2316
313 2310
314 2892
315 2112
316 2250
317 1998
318 1836
319 1548
320 5616
321 1476
322 2964
323 1542
324 4866
325 2994
326 2712
327 3288
328 2544
329 4068
330 2148
331 2958
332 3258
333 3666
334 1752
335 2286
336 2160
337 1692
338 3180
339 2244
340 2454
341 2532
342 1500
343 2244
344 3096
345 1872
346 2214
347 2820
348 4464
349 2100
350 4650
351 3414
352 5970
353 2214
354 3600
355 2256
356 2694
357 2418
358 2268
359 4608
360 2280
361 1422
362 1842
363 2130
364 2538
365 3072
366 3282
367 2298
368 3666
369 3000
370 3192
371 3546
372 2724
373 2040
374 2040
375 2166
376 2172
377 4224
378 2982
379 4986
380 1740
381 3438
382 2850
383 1722
384 1944
385 2214
386 4554
387 2448
388 2808
389 2034
390 1458
391 2862
392 1668
393 3162
394 2652
Unexpected message received for job 1043199
395 3708
396 2532
397 2496
Unexpected message received for job 1043199
398 3372
399 1794
400 1446
401 3594
402 3138
403 1200
404 2106
405 3180
406 2262
407 2268
408 2574
409 2058
410 2334
411 1776
412 2034
413 2472
414 1698
415 918
416 2226
417 2340
418 2790
419 2580
420 2208
421 2820
422 4704
423 1992
424 3192
425 1884
426 2520
427 2250
428 3168
429 2646
430 2592
431 3168
432 3048
433 3012
434 1566
435 2556
436 2364
437 1950
438 2964
439 2118
440 1362
441 3552
442 1560
443 2172
444 1488
445 3342
446 2184
447 1812
448 2424
449 2112
450 2568
451 1854
452 3858
453 3180
454 1890
455 3186
456 3348
457 3678
458 2514
459 2346
460 4032
461 3546
462 2652
463 1158
464 2694
465 2784
466 3372
467 2526
468 2766
469 2652
470 3246
471 3924
472 3618
473 1938
474 2166
475 2598
476 3012
477 3906
478 3672
479 3354
480 1548
481 1968
482 3312
483 1536
484 3558
485 3702
486 2508
487 3240
488 2556
489 2586
490 1962
491 3780
492 1818
493 2652
494 4728
495 2544
496 1404
497 1584
498 4500
499 2178
500 1476
501 2292
502 2892
503 3714
504 3456
505 3924
506 1686
507 5232
508 3270
509 2538
510 3366
511 3078
512 2346
513 3756
514 2886
515 2826
516 3450
517 1944
518 2604
519 3252
520 1038
521 3588
522 2352
523 2232
524 2112
525 4566
526 3396
527 2490
528 3672
529 1944
530 4392
531 2328
532 2340
533 4056
534 3516
535 3174
536 2274
537 1410
538 2070
539 2274
540 2130
541 3450
542 4992
543 4182
544 2688
545 1362
546 3216
547 2418
548 2676
549 3930
550 1788
551 2520
552 6288
553 2322
554 3150
555 5640
556 2262
557 3714
558 1830
559 2892
560 2670
561 2772
562 1830
563 2406
564 3702
565 2340
566 4188
567 2802
568 1560
569 1878
570 3690
571 4704
572 3402
573 3108
574 2970
575 2622
576 1866
577 2268
578 3546
579 1440
580 1650
581 2538
582 1272
583 1836
584 3282
585 2280
586 1860
587 3324
588 1698
589 3264
590 1818
591 1746
592 1500
593 2838
594 1896
595 2430
596 2742
597 3426
598 2376
599 2022
600 1920
601 3540
602 2220
603 1506
604 3372
605 2166
606 3366
607 3396
608 1410
609 2850
610 3042
611 2292
612 2850
613 3762
614 3246
615 3030
616 3732
617 2208
618 2154
619 3294
620 1482
621 2778
622 2022
623 3666
624 2466
625 3312
626 2634
627 2202
628 2544
629 1668
630 2988
631 3444
632 3318
633 1452
634 2886
635 2808
636 4074
637 1500
638 2226
639 3516
640 2910
641 2256
642 2172
643 2022
644 4158
645 3444
646 3918
647 2028
648 2826
649 1938
650 2112
651 3102
652 2250
653 2322
654 1578
655 2706
656 3366
657 1824
658 1440
659 2622
660 1986
661 1824
662 3132
663 2754
664 1782
665 3492
666 2622
667 2670
668 3288
669 3570
670 1950
671 2472
672 1158
673 2040
674 2766
675 2682
676 3144
677 3450
678 2388
679 3660
680 2412
681 2916
682 1308
683 1788
684 2604
685 2304
686 4356
687 2208
688 3606
689 2850
690 4032
691 3420
692 2556
693 2352
694 1830
695 2148
696 1512
697 2232
698 3444
699 2460
700 1302
701 3084
702 2430
703 2526
704 3114
705 2532
706 1092
707 1560
708 2598
709 1842
710 3756
711 1392
712 3786
713 2238
714 2940
715 3408
716 3354
717 3150
718 4218
719 2910
720 1332
721 1680
722 3510
723 2238
724 4008
725 2628
726 1944
727 2394
728 1590
729 1374
730 1416
731 4356
732 1668
733 4560
734 2130
735 2328
736 3522
737 3450
738 4086
739 2622
740 4398
741 2124
742 1596
743 3258
744 3822
745 3468
746 3318
747 3252
748 2700
749 1950
750 1626
751 2076
752 3054
753 3378
754 3882
755 3504
756 4308
757 2112
758 2742
759 3264
760 2196
761 1986
762 2370
763 3582
764 1536
765 2070
766 4440
767 3828
768 4332
769 1974
770 2070
771 3810
772 3414
773 1566
774 2862
775 1332
776 1536
777 1878
778 1968
779 2160
780 2532
781 1656
782 3792
783 2274
784 2466
785 3132
786 2238
787 2850
788 3264
789 1806
790 1854
791 1776
792 1428
793 4038
794 1566
795 2178
796 2964
797 2214
798 2034
799 2112
800 2028
801 1386
802 1020
803 2754
804 1824
805 3036
806 1944
807 2142
808 2328
809 1488
810 2868
811 6072
812 2214
813 3450
814 2616
815 2214
816 3222
817 1344
818 1926
819 1584
820 1932
821 2178
822 1980
823 1590
824 1350
825 2118
826 3462
827 5268
828 1986
829 2106
830 2166
831 4686
832 4464
833 3288
834 2316
835 1230
836 1260
837 2928
838 3288
839 1266
840 3108
841 1878
842 2574
843 2022
844 1794
845 2916
846 2754
847 2250
848 1410
849 1932
850 1620
851 1698
852 2466
853 2760
854 3708
855 2394
856 3492
857 2202
858 3162
859 2262
860 3312
861 1866
862 2148
863 2202
864 2148
865 2748
866 3300
867 1656
868 2712
869 1464
870 1284
871 5496
872 1854
873 1830
874 2250
875 3120
876 2418
877 5070
878 3204
879 4200
880 3138
881 2430
882 3936
883 3330
884 1332
885 2694
886 1542
887 3078
888 2376
889 2964
890 2532
891 2754
892 1362
893 1404
894 2094
895 1554
896 2016
897 2682
898 3444
899 2340
900 2118
901 2406
902 1494
903 1764
904 3528
905 1734
906 2376
907 2472
908 3246
909 1764
910 4452
911 4008
912 4854
913 5712
914 2730
915 2154
916 1368
917 2388
918 2358
919 1770
920 3456
921 1602
922 1932
923 1890
924 2988
925 1728
926 3216
927 1674
928 4308
929 2244
930 1668
931 2964
932 1506
933 2022
934 1200
935 3690
936 1230
937 1566
938 1980
939 2496
940 1470
941 2094
942 3624
943 2286
944 4158
945 2976
946 3420
947 2796
948 2316
949 2076
950 2094
951 3732
952 2940
953 1794
954 2676
955 2436
956 3282
957 2298
958 1590
959 1668
960 2634
961 1974
962 2154
963 3480
964 1722
965 3000
966 3204
967 2904
968 2022
969 1722
970 2190
971 2262
972 2184
973 4872
974 2478
975 3420
976 2586
977 1464
978 4020
979 2376
980 2418
981 1932
982 2814
983 2052
984 3462
985 2370
986 2352
987 2394
988 1524
989 1590
990 3804
991 1836
992 2646
993 1710
994 1644
995 1650
996 2628
997 1938
998 1878
999 2268
1000 2124
1001 2658
1002 1260
1003 2934
1004 1530
1005 2886
1006 2472
1007 3660
1008 2406
1009 2154
1010 1404
1011 2688
1012 2454
1013 3420
1014 1374
1015 3276
1016 1806
1017 2304
1018 2244
1019 2562
1020 2400
1021 2208
1022 2328
1023 1800
1024 2124
1025 3276
1026 1800
1027 2676
1028 3744
1029 1554
1030 2250
1031 1572
1032 2004
1033 2862
1034 1620
1035 2244
1036 2148
1037 1542
1038 1746
1039 1998
1040 1968
1041 2730
1042 3492
1043 4416
1044 1884
1045 1554
1046 1830
1047 1524
1048 1542
1049 3972
1050 1998
1051 3588
1052 2370
1053 2202
1054 1524
1055 2964
1056 2412
1057 1698
1058 1512
1059 2388
1060 2442
1061 2172
1062 1866
1063 1272
1064 2532
1065 3672
1066 1824
1067 2622
1068 2454
1069 2490
1070 954
1071 1752
1072 3240
1073 2148
1074 2424
1075 1590
1076 2016
1077 1938
1078 2718
1079 3168
1080 2214
1081 2418
1082 1434
1083 2346
1084 3546
1085 1110
1086 1518
1087 1746
1088 2502
1089 2052
1090 2340
1091 3036
1092 2634
1093 3648
1094 4176
1095 2238
1096 1350
1097 3042
1098 2148
1099 2328
1100 2772
1101 3168
1102 1896
1103 3084
1104 2604
1105 2466
1106 3816
1107 2226
1108 2976
1109 4032
1110 3210
1111 1782
1112 3558
1113 1734
1114 2058
1115 2286
1116 2832
1117 2148
1118 1698
1119 2022
1120 3246
1121 4470
1122 3900
1123 5472
1124 2730
1125 4380
1126 2286
1127 1704
Unexpected message received for job 1043199
1128 4392
1129 2040
1130 3744
Unexpected message received for job 1043199
1131 3324
1132 1758
1133 1200
1134 3390
1135 2154
1136 2454
1137 2064
1138 1926
1139 1170
1140 2484
1141 2340
1142 2490
1143 3306
1144 1230
1145 2916
1146 3564
1147 2190
1148 3216
1149 1542
1150 2310
1151 1548
1152 2880
1153 2598
1154 2142
1155 1452
1156 1434
1157 1530
1158 3630
1159 3534
1160 1848
1161 6564
1162 2394
1163 3348
1164 3486
1165 2694
1166 3954
1167 3846
1168 2730
1169 1812
1170 3198
1171 4146
1172 2850
1173 2874
1174 2814
1175 2964
1176 3492
1177 1710
1178 2166
1179 1656
1180 2124
1181 2670
1182 3018
1183 2322
1184 2784
1185 3432
1186 1410
1187 1272
1188 3222
1189 2712
1190 1560
1191 2034
1192 1650
1193 4938
1194 2508
1195 1512
1196 1242
1197 1620
1198 2538
1199 3162
1200 2256
1201 2046
1202 3654
1203 2532
1204 2694
1205 1764
1206 1644
1207 1752
1208 1584
1209 3036
1210 1632
1211 2940
1212 1824
1213 2634
1214 1722
1215 2538
1216 1578
1217 1530
1218 5022
1219 1374
1220 3936
1221 3348
1222 1338
1223 2142
1224 1572
1225 1260
1226 4002
1227 2850
1228 1116
1229 2292
1230 3582
1231 3246
1232 3600
1233 1776
1234 1548
1235 2280
1236 2328
1237 2322
1238 2514
1239 2508
1240 1362
1241 1686
1242 1902
1243 1194
1244 1740
1245 4536
1246 4212
1247 1482
1248 2352
1249 3924
1250 2172
1251 1032
1252 3126
1253 1788
1254 1812
1255 1878
1256 1920
1257 1224
1258 792
1259 2226
1260 2238
1261 4590
1262 1968
1263 1404
1264 3636
1265 1098
1266 1584
1267 1848
1268 2346
1269 3084
1270 1434
1271 1542
1272 1824
1273 1362
1274 3720
1275 2478
1276 3606
1277 3216
1278 2442
1279 3552
1280 3516
1281 2172
1282 3438
1283 2610
1284 3690
1285 1692
1286 2130
1287 1170
1288 1554
1289 2166
1290 930
1291 2184
1292 3312
1293 1794
1294 2190
1295 3096
1296 1944
1297 1596
1298 1638
1299 2106
1300 1926
1301 3378
1302 2400
1303 3456
1304 2616
1305 2466
1306 1200
1307 1626
1308 2202
1309 1356
1310 1368
1311 1668
1312 3414
1313 1206
1314 1482
1315 3618
1316 1644
1317 1584
1318 2826
1319 1200
1320 2886
1321 2394
1322 2142
1323 1728
1324 3858
1325 1992
1326 1908
1327 1848
1328 1650
1329 3282
1330 2628
1331 1980
1332 2820
1333 2550
1334 2250
1335 1800
1336 1212
1337 1968
1338 1644
1339 2868
1340 2094
1341 3174
1342 2202
1343 1104
1344 3054
1345 1632
1346 1926
1347 2004
1348 2238
1349 1956
1350 1620
1351 2700
1352 1578
1353 1896
1354 1746
1355 2508
1356 1914
1357 1710
1358 1638
1359 1632
1360 1926
1361 2148
1362 1536
1363 1626
1364 2694
1365 1026
1366 1836
1367 1302
1368 1518
1369 3798
1370 2832
1371 2034
1372 4056
1373 1614
1374 2562
1375 1932
1376 1458
1377 1926
1378 1578
1379 1092
1380 4656
1381 2574
1382 1752
1383 1380
1384 2526
1385 2868
1386 1518
1387 3780
1388 2088
1389 3030
1390 2724
1391 1296
1392 2406
1393 2196
1394 1854
1395 2508
1396 1890
1397 2256
1398 3540
1399 1188
1400 1878
1401 1944
1402 3498
1403 1878
1404 2910
1405 1422
1406 2022
1407 3336
1408 1488
1409 1560
1410 2034
1411 3000
1412 1788
1413 2454
1414 3414
1415 1278
1416 1110
1417 1392
1418 1524
1419 4494
1420 2550
1421 3192
1422 1656
1423 2820
1424 2436
1425 2436
1426 2418
1427 3240
1428 3588
1429 4842
1430 1818
1431 1332
1432 2820
1433 2022
1434 2082
1435 2964
1436 2388
1437 2406
1438 3672
1439 3180
1440 1698
1441 4098
1442 3288
1443 972
1444 1470
1445 2094
1446 2070
1447 1380
1448 3840
1449 4422
1450 1656
1451 2160
1452 3042
1453 1440
1454 1356
1455 1494
1456 1740
1457 3408
1458 3618
1459 2310
1460 1488
1461 834
1462 1674
1463 4050
1464 4218
1465 2796
1466 2232
1467 2106
1468 2274
1469 1722
1470 2172
1471 2640
1472 4044
1473 4176
1474 2958
1475 4920
1476 3198
1477 2316
1478 2256
1479 1554
1480 3870
1481 1758
1482 2328
1483 1482
1484 1992
1485 2214
1486 1728
1487 2784
1488 2262
1489 1992
1490 2118
1491 3264
1492 3186
1493 3786
1494 1428
1495 3306
1496 1740
1497 1230
1498 3246
1499 2724
1500 6546
1501 2238
1502 4002
1503 2760
1504 1278
1505 1320
1506 4068
1507 2646
1508 2154
1509 2304
1510 2430
1511 1836
1512 3666
1513 2292
1514 1962
1515 1572
1516 2292
1517 2274
1518 2730
1519 3156
1520 3060
1521 1764
1522 1554
1523 1920
1524 2250
1525 3792
1526 1440
1527 2910
1528 3414
1529 2940
1530 1764
1531 4020
1532 2742
1533 1692
1534 2616
1535 1902
1536 1320
1537 2634
1538 4956
1539 2172
1540 2568
1541 2304
1542 1752
1543 2292
1544 5622
1545 1656
1546 3114
1547 2430
1548 1488
1549 1410
1550 1200
1551 1590
1552 2406
1553 1794
1554 1932
1555 1422
1556 2214
1557 1716
1558 2430
1559 2436
1560 2694
1561 1542
1562 3420
1563 1704
1564 1770
1565 2718
1566 2430
1567 1884
1568 2730
1569 1494
1570 2046
1571 3678
1572 1542
1573 2970
1574 3522
1575 1446
1576 1980
1577 2106
1578 1734
1579 1494
1580 1590
1581 2214
1582 1842
1583 1518
1584 3852
1585 1866
1586 1536
1587 1896
1588 1080
1589 3096
1590 2526
1591 1704
1592 3756
1593 2460
1594 1986
1595 2082
1596 1362
1597 2268
1598 2268
1599 3282
1600 2226
1601 3750
1602 1896
1603 1986
1604 1188
1605 1614
1606 1074
1607 2394
1608 2448
1609 1332
1610 1992
1611 1056
1612 1944
1613 2466
1614 1278
1615 1344
1616 3774
1617 1914
1618 3564
1619 1836
1620 2634
1621 1518
1622 2220
1623 3372
1624 3318
1625 1422
1626 2298
1627 1884
1628 990
1629 1902
1630 1440
1631 2220
1632 2112
1633 3192
1634 1638
1635 1698
1636 1446
1637 1428
1638 1668
1639 996
1640 1848
1641 1950
1642 1950
1643 1362
1644 2238
1645 1890
1646 1878
1647 2160
1648 1356
1649 1668
1650 1782
1651 2916
1652 2244
1653 3708
1654 1650
1655 1998
1656 2052
1657 1728
1658 3528
1659 1140
1660 1494
1661 1692
1662 1860
1663 1134
1664 1938
1665 3300
1666 2892
1667 1830
1668 2352
1669 2964
1670 2250
1671 2424
1672 4230
1673 1662
1674 2640
1675 2460
1676 1830
1677 2802
1678 3240
1679 2010
1680 2502
1681 2028
1682 1566
1683 1128
1684 2622
1685 2634
1686 1434
1687 2292
1688 1398
1689 1866
1690 3678
1691 2856
1692 1968
1693 2022
1694 1860
1695 1278
1696 924
1697 1638
1698 1218
1699 1614
1700 3042
1701 1944
1702 3336
1703 1020
1704 1806
1705 2616
1706 1860
1707 4266
1708 2028
1709 1878
1710 2058
1711 1416
1712 1542
1713 3162
1714 3090
1715 1548
1716 1050
1717 1374
1718 1944
1719 936
1720 2604
1721 3078
1722 1584
1723 1836
1724 2604
1725 2820
1726 1968
1727 1446
1728 1638
1729 1962
1730 1350
1731 2544
1732 4638
1733 1422
1734 1626
1735 2892
1736 3564
1737 876
1738 2088
1739 3588
1740 2100
1741 1908
1742 3420
1743 2574
1744 3594
1745 2532
1746 2640
1747 1764
1748 2112
1749 2952
1750 1548
1751 2088
1752 3084
1753 2190
1754 2814
1755 3084
1756 1968
1757 2370
1758 3504
1759 1458
1760 2004
1761 1560
1762 1116
1763 1824
1764 3504
1765 1410
1766 3300
1767 2040
1768 3330
1769 5256
1770 1122
1771 1968
1772 1542
1773 1452
1774 2868
1775 2310
1776 1470
1777 1878
1778 1302
1779 2370
1780 2100
1781 2484
1782 1542
1783 4548
1784 960
1785 1806
1786 2844
1787 2160
1788 1776
1789 1452
1790 1602
1791 3534
1792 2436
1793 3804
1794 1746
1795 2706
1796 1434
1797 2250
1798 1770
1799 2322
1800 2742
1801 1380
1802 1440
1803 2190
1804 1398
1805 1128
1806 1944
1807 2280
1808 2370
1809 1794
1810 2934
1811 1812
1812 2784
1813 1140
1814 2400
1815 3162
1816 1980
1817 1950
1818 1200
1819 1824
1820 1806
1821 2964
1822 1944
1823 1428
1824 3414
1825 972
1826 1062
1827 4080
1828 2166
1829 1608
1830 1170
1831 2502
1832 2628
1833 1602
1834 2028
1835 2490
1836 2328
1837 1884
1838 1362
1839 3834
1840 2514
1841 1980
1842 1296
1843 1692
1844 2016
1845 3372
1846 2730
1847 1650
1848 3810
1849 2616
1850 1944
1851 2616
1852 1860
1853 2934
1854 4170
1855 1740
1856 1938
1857 1896
1858 3396
1859 1950
1860 2934
1861 1764
1862 1416
1863 1194
1864 3270
1865 2124
1866 1650
1867 1548
1868 2010
1869 1260
1870 828
1871 1308
1872 1608
1873 1170
1874 2052
1875 1650
1876 1464
1877 1194
1878 1332
1879 1410
1880 2622
1881 3150
1882 2082
1883 1320
1884 3798
1885 2124
1886 1020
1887 2580
1888 1968
1889 3534
1890 2736
1891 1956
1892 1092
1893 1764
1894 1230
1895 2442
1896 3642
1897 1506
1898 1740
1899 1320
1900 1770
1901 2622
1902 2208
1903 1158
1904 2136
1905 1806
1906 1914
1907 2250
1908 1854
1909 1200
1910 1050
1911 2664
1912 2046
1913 1782
1914 2082
1915 2178
1916 2352
1917 1914
1918 1992
1919 1710
1920 3966
1921 1992
1922 2268
1923 1446
1924 3108
1925 1812
1926 1356
1927 3636
1928 3348
1929 1758
1930 2256
1931 1590
1932 2622
1933 1692
1934 1206
1935 2472
1936 1242
1937 2424
1938 2940
1939 1176
1940 1968
1941 2664
1942 1452
1943 1788
Unexpected message received for job 1043199
1944 2568
1945 1908
1946 1590
1947 2868
Unexpected message received for job 1043199
1948 3126
1949 1812
1950 1770
1951 2526
1952 1116
1953 2952
1954 1986
1955 3384
1956 2298
1957 2880
1958 1764
1959 1812
1960 3222
1961 2502
1962 1056
1963 1536
1964 1650
1965 1998
1966 2640
1967 1194
1968 1932
1969 3480
1970 1788
1971 1416
1972 1644
1973 2088
1974 1752
1975 1476
1976 1194
1977 1410
1978 2184
1979 1008
1980 1548
1981 1746
1982 1392
1983 1758
1984 1440
1985 3036
1986 1842
1987 2322
1988 3006
1989 1596
1990 2376
1991 2160
1992 2370
1993 1158
1994 1206
1995 966
1996 3006
1997 1038
1998 1920
1999 1500
2000 2190
2001 1968
2002 1542
2003 2190
2004 1194
2005 1392
2006 1524
2007 1044
2008 1098
2009 1920
2010 3036
2011 2316
2012 1050
2013 1674
2014 972
2015 1428
2016 1200
2017 2052
2018 1140
2019 1482
2020 3438
2021 2532
2022 2304
2023 1386
2024 2502
2025 2088
2026 1656
2027 1932
2028 2526
2029 2040
2030 3090
2031 2736
2032 2610
2033 2376
2034 2166
2035 2754
2036 1392
2037 2796
2038 1362
2039 1578
2040 1392
2041 1368
2042 1440
2043 1422
2044 2124
2045 1284
2046 1506
2047 2172
2048 1968
2049 3018
2050 1986
2051 1548
2052 2610
2053 1428
2054 2082
2055 1236
2056 1854
2057 2298
2058 2892
2059 1692
2060 3660
2061 1812
2062 954
2063 2040
2064 1674
2065 1398
2066 2094
2067 1800
2068 1824
2069 1050
2070 2232
2071 2922
2072 2040
2073 1662
2074 1776
2075 2484
2076 2106
2077 1986
2078 1890
2079 2298
2080 1248
2081 1806
2082 1188
2083 1770
2084 1146
2085 2622
2086 2058
2087 1992
2088 1266
2089 2382
2090 1752
2091 1314
2092 2544
2093 3186
2094 1824
2095 1158
2096 2184
2097 1404
2098 1332
2099 2202
2100 2292
2101 2100
2102 2022
2103 2994
2104 2106
2105 996
2106 2550
2107 1554
2108 2016
2109 906
2110 1866
2111 1608
2112 2448
2113 2928
2114 4050
2115 2478
2116 2958
2117 1404
2118 1332
2119 1812
2120 1710
2121 1374
2122 1584
2123 1494
2124 3576
2125 1470
2126 1368
2127 2190
2128 2178
2129 846
2130 1146
2131 1212
2132 1542
2133 2202
2134 1254
2135 2412
2136 1236
2137 1356
2138 2760
2139 2448
2140 2664
2141 3588
2142 1110
2143 1980
2144 4194
2145 2034
2146 3468
2147 2166
2148 1668
2149 1794
2150 2184
2151 1704
2152 1950
2153 2130
2154 1482
2155 1848
2156 1866
2157 1230
2158 1302
2159 1860
2160 2910
2161 1386
2162 2124
2163 3732
2164 3426
2165 1560
2166 2172
2167 1980
2168 2448
2169 1974
2170 888
2171 972
2172 1596
2173 1896
2174 2928
2175 1344
2176 1608
2177 3636
2178 2304
2179 2160
2180 1026
2181 2238
2182 2004
2183 1512
2184 1686
2185 3636
2186 3312
2187 1644
2188 1110
2189 2406
2190 2400
2191 2268
2192 1176
2193 2394
2194 3090
2195 2310
2196 1518
2197 2214
2198 1884
2199 1314
2200 888
2201 1524
2202 1320
2203 3804
2204 1170
2205 1296
2206 942
2207 1662
2208 1572
2209 1158
2210 1326
2211 1446
2212 2766
2213 1992
2214 2706
2215 1362
2216 1380
2217 1512
2218 1974
2219 1962
2220 2556
2221 1878
2222 2316
2223 1080
2224 1356
2225 3168
2226 1602
2227 1350
2228 1380
2229 1494
2230 840
2231 1998
2232 1686
2233 1176
2234 1332
2235 1644
2236 1968
2237 2610
2238 1824
2239 1014
2240 1656
2241 1830
2242 3372
2243 1752
2244 2826
2245 2418
2246 2352
2247 3264
2248 1560
2249 2292
2250 1554
2251 2004
2252 1374
2253 1032
2254 1728
2255 2154
2256 954
2257 2334
2258 1572
2259 1686
2260 1398
2261 1998
2262 1746
2263 3060
2264 1062
2265 2910
2266 2130
2267 1542
2268 1896
2269 2220
2270 1740
2271 1326
2272 3024
2273 2340
2274 2340
2275 2874
2276 1314
2277 1260
2278 2004
2279 1704
2280 3108
2281 1332
2282 1248
2283 1410
2284 1728
2285 2484
2286 2034
2287 3084
2288 1134
2289 3054
2290 1530
2291 978
2292 2412
2293 1206
2294 2040
2295 1314
2296 2130
2297 2406
2298 2346
2299 1116
2300 1842
2301 1836
2302 2082
2303 1356
2304 2964
2305 1980
2306 1728
2307 2658
2308 2268
2309 1608
2310 1236
2311 876
2312 1230
2313 1734
2314 1410
2315 1092
2316 3750
2317 1458
2318 2166
2319 2274
2320 3186
2321 1098
2322 1188
2323 2994
2324 1716
2325 900
2326 2868
2327 1734
2328 1368
2329 1158
2330 1830
2331 2028
2332 1098
2333 2568
2334 1806
2335 1626
2336 2274
2337 1686
2338 3672
2339 1410
2340 930
2341 3162
2342 2184
2343 1830
2344 1716
2345 1440
2346 1332
2347 1878
2348 2190
2349 2244
2350 4764
2351 3600
2352 2718
2353 2238
2354 1794
2355 2910
2356 1266
2357 1956
2358 1614
2359 1182
2360 2106
2361 1512
2362 3720
2363 1206
2364 2760
2365 1056
2366 2184
2367 1242
2368 1944
2369 3132
2370 1464
2371 1956
2372 1362
2373 1974
2374 1500
2375 2940
2376 2862
2377 2964
2378 2448
2379 1026
2380 3090
2381 1596
2382 1086
2383 1728
2384 1494
2385 2982
2386 1284
2387 2808
2388 2874
2389 2778
2390 1056
2391 1320
2392 1290
2393 1668
2394 942
2395 2280
2396 3600
2397 2190
2398 2130
2399 1482
2400 1728
2401 1962
2402 1776
2403 2976
2404 2322
2405 2424
2406 1836
2407 1368
2408 996
2409 1860
2410 1068
2411 2358
2412 1632
2413 1140
2414 1200
2415 2682
2416 1434
2417 2442
2418 1194
2419 1008
2420 2592
2421 1680
2422 1554
2423 1998
2424 1644
2425 1392
2426 876
2427 2220
2428 2022
2429 2562
2430 2544
2431 1818
2432 3234
2433 1218
2434 1842
2435 1998
2436 2796
2437 1980
2438 1362
2439 1590
2440 1344
2441 2664
2442 1662
2443 996
2444 1758
2445 1950
2446 1842
2447 2628
2448 816
2449 1836
2450 1644
2451 1548
2452 1206
2453 2502
2454 3456
2455 2010
2456 1110
2457 2256
2458 1260
2459 2694
2460 2172
2461 2088
2462 1236
2463 2274
2464 2094
2465 2730
2466 1662
2467 1206
2468 1374
2469 2382
2470 1770
2471 1902
2472 2238
2473 1644
2474 1890
2475 2364
2476 1248
2477 2244
2478 1554
2479 1392
2480 1350
2481 1980
2482 1890
2483 1632
2484 1320
2485 1824
2486 3570
2487 1308
2488 1302
2489 834
2490 2166
2491 1824
2492 2148
2493 1656
2494 1434
2495 1890
2496 1134
2497 1722
2498 1176
2499 1548
2500 2172
2501 1254
2502 1734
2503 1146
2504 1776
2505 1122
2506 2616
2507 1830
2508 3162
2509 2106
2510 1872
2511 2760
2512 1842
2513 1674
2514 1242
2515 1998
2516 1578
2517 2184
2518 1188
2519 1794
2520 2658
2521 1746
2522 1578
2523 1770
2524 2748
2525 1302
2526 1266
2527 1848
2528 1188
2529 1140
2530 1998
2531 2970
2532 1386
2533 864
2534 1632
2535 1248
2536 1878
2537 1014
2538 2202
2539 2700
2540 2334
2541 936
2542 990
2543 1404
2544 1458
2545 2940
2546 1026
2547 954
2548 990
2549 2106
2550 1812
2551 1608
2552 1524
2553 2610
2554 2226
2555 1158
2556 1530
2557 1338
2558 1458
2559 1704
2560 1638
2561 1248
2562 1194
2563 2760
2564 1038
2565 1392
2566 1326
2567 2226
2568 1890
2569 996
2570 2616
2571 1110
2572 1200
2573 2304
2574 1410
2575 1014
2576 1842
2577 1590
2578 1920
2579 1908
2580 1068
2581 2490
2582 1692
2583 2454
2584 1242
2585 2328
2586 2004
2587 1668
2588 1668
2589 3078
2590 1488
2591 1422
2592 1164
2593 1134
2594 1758
2595 2208
2596 1074
2597 1350
2598 1320
2599 1038
2600 1542
2601 1704
2602 1056
2603 1458
2604 1272
2605 1752
2606 2016
2607 1350
2608 2028
2609 2154
2610 1596
2611 1800
2612 1518
2613 1062
2614 1302
2615 1152
2616 2688
2617 1026
2618 972
2619 1506
2620 1230
2621 1662
2622 1350
2623 2832
2624 2424
2625 1596
2626 1218
2627 1986
2628 1848
2629 1296
2630 2598
2631 1434
2632 1062
2633 1314
2634 2880
2635 1884
2636 1536
2637 1488
2638 1116
2639 1212
2640 900
2641 2448
2642 1704
2643 1686
2644 1254
2645 1092
2646 996
2647 1746
2648 1746
2649 1338
2650 3078
2651 990
2652 1764
2653 1554
2654 1506
2655 870
2656 1044
2657 1146
2658 1500
2659 1410
2660 876
2661 1158
2662 2154
2663 1740
2664 1080
2665 3786
2666 1926
2667 1806
2668 1914
2669 1650
2670 1224
2671 1764
2672 2118
2673 2940
2674 1980
2675 1590
2676 2040
2677 996
2678 1062
2679 1668
2680 2142
2681 1674
2682 1326
2683 1614
2684 4074
2685 1344
2686 1254
2687 1512
2688 2436
2689 2442
2690 2532
2691 2520
2692 972
2693 1614
2694 1980
2695 1668
2696 2112
2697 1596
2698 1656
2699 984
2700 2526
2701 1170
2702 918
2703 2310
2704 1458
2705 1770
2706 2178
2707 1506
2708 2070
2709 1614
2710 2562
2711 1380
2712 1854
2713 2478
2714 1452
2715 3990
2716 978
2717 1908
2718 1104
2719 1848
2720 1962
2721 2484
2722 2040
2723 1908
2724 2202
2725 2178
2726 2298
2727 798
2728 2460
2729 2034
2730 2280
2731 1704
2732 2472
2733 1830
2734 2388
2735 1734
2736 1716
2737 4236
2738 1914
2739 1512
2740 2004
2741 906
2742 2118
2743 2388
2744 1824
2745 876
2746 1128
2747 1026
2748 1770
2749 1878
2750 3924
2751 1068
2752 1590
2753 2004
2754 1140
2755 1668
2756 1476
2757 1650
2758 1236
2759 948
2760 1734
2761 1272
2762 1896
2763 4290
2764 2172
2765 2190
2766 2730
2767 1320
2768 1470
2769 912
2770 1242
2771 1074
2772 1350
2773 3540
2774 1086
2775 3132
2776 2472
2777 1710
2778 1722
2779 1020
2780 1236
2781 1632
2782 2580
2783 1002
2784 1458
2785 1338
2786 1698
2787 1266
2788 1530
2789 1152
2790 1344
2791 1422
2792 990
2793 2832
2794 3120
2795 1536
2796 2310
2797 2310
2798 1014
2799 2298
2800 2094
2801 2556
2802 2124
2803 2520
2804 1362
2805 966
2806 2796
2807 1080
2808 1944
2809 1452
2810 2772
2811 1074
2812 2058
2813 1638
2814 1902
2815 2760
2816 840
2817 1032
2818 2130
2819 3438
2820 1476
2821 1362
2822 2148
2823 1380
2824 1512
2825 1596
2826 1302
2827 1122
2828 1638
2829 1056
2830 2310
2831 2418
2832 3684
2833 1362
2834 2784
2835 1446
2836 1446
2837 2400
2838 2484
2839 1086
2840 1056
2841 1344
2842 1638
2843 1548
2844 906
2845 3714
2846 2958
2847 798
2848 1416
2849 1350
2850 3054
2851 2004
2852 2436
2853 2160
2854 1626
2855 1572
2856 1176
2857 1920
2858 1782
2859 1680
2860 2316
2861 1590
Unexpected message received for job 1043199
2862 1074
2863 1038
2864 1542
2865 1416
Unexpected message received for job 1043199
2866 1398
2867 2076
2868 1530
2869 1644
2870 1842
2871 3354
2872 1026
2873 2028
2874 2124
2875 1734
2876 1530
2877 1596
2878 2256
2879 2196
2880 1452
2881 2328
2882 2232
2883 1068
2884 1014
2885 876
2886 2448
2887 1296
2888 828
2889 1518
2890 1788
2891 1440
2892 1914
2893 1428
2894 1320
2895 3576
2896 1062
2897 1254
2898 1974
2899 1398
2900 1464
2901 1080
2902 996
2903 1992
2904 1044
2905 1380
2906 1776
2907 1104
2908 1806
2909 1326
2910 2526
2911 990
2912 2748
2913 4116
2914 2202
2915 1416
2916 3330
2917 1896
2918 1074
2919 1182
2920 1134
2921 948
2922 1728
2923 1170
2924 1188
2925 1074
2926 2064
2927 1440
2928 2670
2929 3768
2930 1518
2931 3798
2932 1278
2933 1488
2934 828
2935 1314
2936 1362
2937 1254
2938 3612
2939 1530
2940 1722
2941 1134
2942 1728
2943 888
2944 1212
2945 1116
2946 750
2947 1746
2948 3336
2949 1614
2950 1290
2951 1866
2952 1098
2953 2700
2954 1116
2955 2562
2956 1974
2957 816
2958 1584
2959 1260
2960 3942
2961 1530
2962 1752
2963 804
2964 1752
2965 1194
2966 1350
2967 786
2968 1356
2969 1956
2970 1296
2971 984
2972 1200
2973 1290
2974 3090
2975 1194
2976 2520
2977 1872
2978 1710
2979 1866
2980 1296
2981 1608
2982 1146
2983 1332
2984 1620
2985 2316
2986 882
2987 876
2988 1740
2989 1230
2990 1272
2991 1602
2992 1296
2993 1248
2994 1296
2995 1206
2996 834
2997 1116
2998 1044
2999 2292
3000 1548
3001 3042
3002 1086
3003 1878
3004 1770
3005 4830
3006 756
3007 2106
3008 996
3009 1410
3010 1422
3011 3114
3012 960
3013 1104
3014 1086
3015 876
3016 1314
3017 900
3018 984
3019 2646
3020 792
3021 1374
3022 1020
3023 1164
3024 1194
3025 882
3026 774
3027 1938
3028 1044
3029 1866
3030 1056
3031 1488
3032 1182
3033 2148
3034 1524
3035 732
3036 1650
3037 924
3038 1476
3039 1104
3040 1584
3041 1998
3042 2046
3043 954
3044 924
3045 798
3046 2418
3047 1440
3048 1248
3049 1584
3050 1452
3051 924
3052 1416
3053 2682
3054 2244
3055 1578
3056 2484
3057 900
3058 3156
3059 1614
3060 1632
3061 1668
3062 1944
3063 1032
3064 1098
3065 3042
3066 2160
3067 1644
3068 1524
3069 1410
3070 1956
3071 3324
3072 1596
3073 2016
3074 1254
3075 792
3076 1626
3077 1812
3078 2070
3079 1674
3080 2286
3081 840
3082 1512
3083 1002
3084 1152
3085 864
3086 1560
3087 2316
3088 1224
3089 1014
3090 1062
3091 1686
3092 1104
3093 1194
3094 1146
3095 2382
3096 1338
3097 1188
3098 1428
3099 1230
3100 2022
3101 2112
3102 1422
3103 1644
3104 1506
3105 1674
3106 2652
3107 2178
3108 1026
3109 1032
3110 1200
3111 2616
3112 2682
3113 1500
3114 1350
3115 1872
3116 792
3117 792
3118 3192
3119 2808
3120 960
3121 738
3122 1740
3123 1650
3124 1230
3125 780
3126 936
3127 1224
3128 1320
3129 1188
3130 1410
3131 912
3132 2142
3133 1356
3134 2334
3135 828
3136 1338
3137 2472
3138 1164
3139 1704
3140 1476
3141 1146
3142 1770
3143 1290
3144 1086
3145 1350
3146 1752
3147 1884
3148 3144
3149 2106
3150 1980
3151 966
3152 1560
3153 1152
3154 1674
3155 1176
3156 2526
3157 1812
3158 1368
3159 1152
3160 2784
3161 1746
3162 1950
3163 3486
3164 1164
3165 1380
3166 996
3167 3342
3168 2340
3169 2394
3170 2604
3171 1254
3172 1332
3173 858
3174 1134
3175 1290
3176 1878
3177 1194
3178 1044
3179 918
3180 1392
3181 1482
3182 1176
3183 1470
3184 1956
3185 2304
3186 1890
3187 1482
3188 1038
3189 1932
3190 834
3191 2688
3192 1392
3193 1362
3194 1560
3195 1062
3196 1746
3197 2694
3198 1452
3199 1818
3200 1842
3201 1146
3202 1206
3203 2148
3204 1230
3205 858
3206 2532
3207 1818
3208 762
3209 1542
3210 1080
3211 972
3212 2034
3213 1734
3214 1830
3215 2328
3216 1176
3217 1170
3218 2076
3219 948
3220 1464
3221 1146
3222 1308
3223 1278
3224 1506
3225 2286
3226 1008
3227 972
3228 2430
3229 2070
3230 1056
3231 1086
3232 1152
3233 1578
3234 1578
3235 1272
3236 1026
3237 816
3238 1488
3239 2112
3240 1074
3241 954
3242 2220
3243 1614
3244 1068
3245 1350
3246 1164
3247 1278
3248 1116
3249 1110
3250 798
3251 870
3252 678
3253 1710
3254 1140
3255 900
3256 786
3257 960
3258 3510
3259 774
3260 960
3261 1644
3262 1710
3263 1728
3264 1290
3265 1512
3266 1890
3267 1710
3268 1638
3269 846
3270 1770
3271 1302
3272 1488
3273 1662
3274 1092
3275 864
3276 1842
3277 1458
3278 954
3279 948
3280 894
3281 834
3282 1152
3283 1512
3284 1050
3285 1224
3286 1872
3287 1494
3288 1104
3289 1698
3290 870
3291 1518
3292 948
3293 1338
3294 1830
3295 2268
3296 804
3297 864
3298 1248
3299 1242
3300 1026
3301 828
3302 1248
3303 1866
3304 1518
3305 1956
3306 1026
3307 1638
3308 852
3309 1488
3310 1896
3311 834
3312 1206
3313 2322
3314 1026
3315 954
3316 996
3317 1464
3318 1110
3319 1152
3320 870
3321 1080
3322 1194
3323 1104
3324 840
3325 2076
3326 3984
3327 1218
3328 1710
3329 1176
3330 1620
3331 1782
3332 870
3333 1218
3334 1290
3335 2922
3336 1770
3337 1146
3338 1656
3339 1218
3340 1344
3341 1548
3342 2730
3343 3090
3344 1008
3345 960
3346 816
3347 876
3348 2238
3349 996
3350 1158
3351 1662
3352 1434
3353 936
3354 1962
3355 840
3356 1620
3357 978
3358 948
3359 1446
3360 1578
3361 990
3362 2244
3363 1314
3364 1056
3365 1044
3366 1176
3367 762
3368 1314
3369 804
3370 1464
3371 1446
3372 918
3373 762
3374 996
3375 990
3376 804
3377 1002
3378 834
3379 1086
3380 1218
3381 882
3382 1308
3383 1728
3384 888
3385 834
3386 1236
3387 1092
3388 1770
3389 1452
3390 1926
3391 1170
3392 936
3393 1386
3394 1170
3395 1914
3396 3258
3397 3366
3398 972
3399 1770
3400 1260
3401 1506
3402 3270
3403 1650
3404 1158
3405 1212
3406 792
3407 948
3408 1410
3409 1146
3410 2280
3411 2094
3412 2070
3413 1560
3414 3828
3415 3618
3416 1440
3417 1164
3418 2262
3419 1872
3420 792
3421 1590
3422 1242
3423 1122
3424 1422
3425 1020
3426 804
3427 1842
3428 1164
3429 858
3430 1092
3431 1050
3432 2970
3433 792
3434 1758
3435 1038
3436 1554
3437 2376
3438 834
3439 1644
3440 1092
3441 1128
3442 1350
3443 750
3444 768
3445 804
3446 1200
3447 1950
3448 990
3449 858
3450 972
3451 1536
3452 1602
3453 1062
3454 1416
3455 1614
3456 2112
3457 2016
3458 1326
3459 1140
3460 1902
3461 1224
3462 1038
3463 1044
3464 1206
3465 2574
3466 1722
3467 4134
3468 1266
3469 1086
3470 1350
3471 984
3472 1308
3473 2220
3474 1416
3475 1464
3476 2238
3477 1626
3478 3390
3479 1176
3480 948
3481 1050
3482 1266
3483 840
3484 3036
3485 1044
3486 2208
3487 1350
3488 792
3489 1260
3490 1200
3491 1710
3492 936
3493 3600
3494 1752
3495 2328
3496 834
3497 2460
3498 1434
3499 1464
3500 1098
3501 918
3502 2154
3503 1434
3504 1020
3505 870
3506 912
3507 1314
3508 2688
3509 690
3510 1758
3511 1020
3512 1326
3513 2928
3514 1686
3515 1374
3516 2580
3517 792
3518 858
3519 1050
3520 948
3521 840
3522 2028
3523 1416
3524 822
3525 1428
3526 1956
3527 1104
3528 996
3529 1440
3530 1428
3531 1410
3532 2280
3533 1842
3534 1176
3535 918
3536 1446
3537 1086
3538 750
3539 2334
3540 1212
3541 990
3542 1608
3543 864
3544 1386
3545 1080
3546 1302
3547 960
3548 1272
3549 888
3550 930
3551 846
3552 1080
3553 1608
3554 1488
3555 2352
3556 1098
3557 816
3558 2166
3559 1614
3560 810
3561 1698
3562 702
3563 732
3564 1194
3565 2682
3566 2010
3567 3690
3568 1098
3569 1218
3570 2394
3571 1398
3572 1254
3573 870
3574 1002
3575 858
3576 2904
3577 1536
3578 2322
3579 894
3580 1098
3581 1392
3582 840
3583 1158
3584 768
3585 1122
3586 1566
3587 1146
3588 1092
3589 1248
3590 1230
3591 990
3592 1326
3593 912
3594 948
3595 1032
3596 1068
3597 1098
3598 1716
3599 834
3600 1044
3601 888
3602 1350
3603 750
3604 750
3605 888
3606 816
3607 816
3608 840
3609 1152
3610 924
3611 1692
3612 858
3613 762
3614 960
3615 828
3616 750
3617 1026
3618 954
3619 948
3620 966
3621 750
3622 792
3623 720
3624 1230
3625 1338
3626 792
3627 1014
3628 822
3629 732
3630 726
3631 780
3632 720
3633 732
3634 1398
3635 1170
3636 1890
3637 690
3638 858
3639 1002
3640 912
3641 1224
3642 912
3643 906
3644 756
3645 798
3646 708
3647 1098
3648 1440
3649 1086
3650 816
3651 810
3652 888
3653 1236
3654 744
3655 822
3656 768
3657 738
3658 822
3659 792
3660 708
3661 1230
3662 726
3663 930
3664 882
3665 972
3666 750
3667 750
3668 792
3669 1014
3670 1182
3671 882
3672 1056
3673 906
3674 1440
3675 870
3676 1404
3677 750
3678 810
3679 882
3680 720
3681 1026
3682 1284
3683 1080
3684 846
3685 1362
3686 2154
3687 1842
3688 966
3689 1266
3690 828
3691 708
3692 1308
3693 840
3694 792
3695 1926
3696 924
3697 750
3698 912
3699 786
3700 744
3701 882
3702 840
3703 948
3704 1062
3705 732
3706 984
3707 1446
3708 1266
3709 960
3710 738
3711 846
3712 888
3713 822
3714 882
3715 900
3716 1776
3717 696
3718 750
3719 1020
3720 1020
3721 822
3722 732
3723 726
3724 1014
3725 774
3726 756
3727 1020
3728 942
3729 972
3730 1146
3731 894
3732 912
3733 846
3734 1386
3735 810
3736 798
3737 912
3738 828
3739 1542
3740 792
3741 1542
3742 786
3743 1272
3744 990
3745 816
3746 762
3747 750
3748 1092
3749 708
3750 858
3751 1044
3752 738
3753 876
3754 714
3755 1218
3756 870
3757 936
3758 1392
3759 2166
3760 996
3761 1038
3762 792
3763 774
3764 786
3765 732
3766 1074
3767 882
3768 954
3769 792
3770 1662
3771 738
3772 768
3773 948
3774 1854
3775 834
3776 708
3777 2358
3778 990
3779 1092
3780 798
3781 1188
3782 750
3783 750
3784 708
3785 972
3786 840
3787 1278
3788 1014
3789 1320
3790 786
3791 786
3792 1212
3793 870
3794 1782
3795 792
3796 720
3797 816
3798 1416
3799 876
3800 1026
3801 828
3802 906
3803 780
3804 1230
3805 762
3806 1194
3807 1440
3808 858
3809 1296
3810 972
3811 894
3812 792
3813 1710
3814 960
3815 1032
3816 1224
3817 858
3818 1290
3819 726
3820 1902
3821 828
3822 870
3823 1092
3824 858
3825 1686
3826 3024
3827 816
3828 1968
3829 1020
3830 1314
3831 1638
3832 750
3833 990
3834 954
3835 2274
3836 996
3837 840
3838 726
3839 870
3840 768
3841 1158
3842 888
3843 870
3844 1032
3845 1068
3846 750
3847 1002
3848 1038
3849 822
3850 918
3851 906
3852 1008
3853 924
3854 978
3855 846
3856 1146
3857 1002
3858 2928
3859 780
3860 864
3861 900
3862 1080
3863 804
3864 1068
3865 1398
3866 846
3867 936
3868 1110
3869 708
3870 780
3871 1416
3872 780
3873 942
3874 1590
3875 1368
3876 792
3877 972
3878 912
3879 846
3880 774
3881 780
3882 708
3883 750
3884 948
3885 924
3886 840
3887 768
3888 762
3889 1038
3890 882
3891 798
3892 1404
3893 798
3894 978
3895 1458
3896 1008
3897 948
3898 912
3899 1116
3900 750
3901 1002
3902 942
3903 894
3904 1164
3905 1032
3906 1188
3907 780
3908 906
3909 738
3910 876
3911 792
3912 1032
3913 1188
3914 1266
3915 1590
3916 960
3917 822
3918 1014
3919 1194
3920 960
3921 1056
3922 1152
3923 948
3924 1014
3925 768
3926 726
3927 768
3928 810
3929 804
3930 1206
3931 1368
3932 804
3933 804
3934 936
3935 1122
3936 846
3937 930
3938 1056
3939 948
3940 774
3941 846
3942 1302
3943 894
3944 762
3945 1848
3946 1230
3947 1068
3948 1056
3949 762
3950 1200
3951 1458
3952 1854
3953 882
3954 828
3955 804
3956 1080
3957 1068
3958 1056
3959 1440
3960 1152
3961 780
3962 2316
3963 810
3964 894
3965 1650
3966 786
3967 738
3968 888
3969 876
3970 852
3971 756
3972 1104
3973 1146
3974 1428
3975 774
3976 1356
3977 894
3978 1638
3979 858
3980 864
3981 990
3982 1050
3983 1068
3984 1884
3985 1746
3986 846
3987 1800
3988 858
3989 1038
3990 750
3991 1092
3992 1038
3993 858
3994 1578
3995 1002
3996 1692
3997 1032
3998 1152
3999 1248
4000 738
4001 948
4002 948
4003 930
4004 810
4005 960
4006 750
4007 1002
4008 1722
4009 936
4010 738
4011 900
4012 774
4013 732
4014 744
4015 834
4016 1632
4017 738
4018 780
4019 1236
4020 984
4021 1080
4022 930
4023 918
4024 828
4025 780
4026 1116
Unexpected message received for job 1043199
4027 798
4028 828
4029 966
4030 1884
4031 1770
Unexpected message received for job 1043199
4032 1248
4033 804
4034 744
4035 1344
4036 1806
4037 1146
4038 978
4039 894
4040 960
4041 888
4042 1536
4043 1038
4044 1050
4045 1176
4046 1098
4047 1578
4048 996
4049 1122
4050 756
4051 1368
4052 858
4053 1254
4054 1296
4055 930
4056 990
4057 816
4058 1212
4059 1038
4060 1044
4061 2544
4062 1068
4063 1260
4064 1074
4065 1446
4066 1086
4067 1374
4068 1176
4069 1128
4070 1242
4071 756
4072 852
4073 726
4074 822
4075 966
4076 816
4077 1128
4078 726
4079 756
4080 2598
4081 2412
4082 1452
4083 1380
4084 2352
4085 1782
4086 978
4087 1140
4088 924
4089 1326
4090 804
4091 1146
4092 1212
4093 948
4094 1440
4095 1284
4096 1164
4097 924
4098 720
4099 1752
4100 1278
4101 720
4102 894
4103 1080
4104 810
4105 1362
4106 984
4107 756
4108 1038
4109 762
4110 1464
4111 1404
4112 924
4113 1302
4114 1860
4115 1002
4116 828
4117 840
4118 810
4119 804
4120 1452
4121 912
4122 1308
4123 810
4124 2112
4125 786
4126 816
4127 954
4128 1158
4129 1320
4130 1074
4131 750
4132 3768
4133 2202
4134 1656
4135 1074
4136 1440
4137 798
4138 1050
4139 1152
4140 912
4141 1224
4142 882
4143 780
4144 744
4145 726
4146 846
4147 1284
4148 1506
4149 990
4150 768
4151 1596
4152 1146
4153 726
4154 1302
4155 1050
4156 768
4157 1560
4158 996
4159 714
4160 1128
4161 1458
4162 732
4163 816
4164 876
4165 948
4166 1278
4167 912
4168 894
4169 2046
4170 732
4171 1842
4172 738
4173 720
4174 1056
4175 720
4176 780
4177 720
4178 756
4179 762
4180 834
4181 1560
4182 876
4183 750
4184 822
4185 2082
4186 804
4187 1368
4188 1080
4189 1452
4190 1392
4191 876
4192 1476
4193 768
4194 1290
4195 2460
4196 1116
4197 816
4198 1464
4199 726
4200 1968
4201 3822
4202 1014
4203 1776
4204 774
4205 1692
4206 1950
4207 1158
4208 792
4209 1092
4210 1026
4211 780
4212 810
4213 1122
4214 2238
4215 978
4216 804
4217 1164
4218 774
4219 750
4220 762
4221 780
4222 762
4223 1050
4224 750
4225 1224
4226 738
4227 1350
4228 750
4229 3402
4230 786
4231 744
4232 744
4233 1104
4234 1170
4235 1140
4236 2046
4237 1080
4238 816
4239 1974
4240 870
4241 2112
4242 972
4243 774
4244 804
4245 786
4246 756
4247 786
4248 1056
4249 738
4250 834
4251 1308
4252 756
4253 780
4254 822
4255 2130
4256 1236
4257 1908
4258 1080
4259 828
4260 834
4261 1050
4262 1194
4263 846
4264 930
4265 1236
4266 3996
4267 1278
4268 882
4269 1608
4270 2238
4271 924
4272 744
4273 1104
4274 756
4275 720
4276 1170
4277 1284
4278 864
4279 786
4280 954
4281 990
4282 774
4283 804
4284 2286
4285 708
4286 1806
4287 2202
4288 1728
4289 3072
4290 1572
4291 756
4292 726
4293 1632
4294 750
4295 3456
4296 846
4297 1140
4298 786
4299 1128
4300 1122
4301 1422
4302 756
4303 1050
4304 774
4305 900
4306 1038
4307 780
4308 876
4309 1590
4310 876
4311 3324
4312 798
4313 852
4314 852
4315 1260
4316 732
4317 780
4318 3702
4319 2220
4320 774
4321 1626
4322 774
4323 906
4324 774
4325 1968
4326 936
4327 1116
4328 1032
4329 1026
4330 846
4331 774
4332 816
4333 1152
4334 1038
4335 774
4336 708
4337 816
4338 750
4339 846
4340 732
4341 876
4342 732
4343 1644
4344 714
4345 1416
4346 780
4347 744
4348 966
4349 750
4350 750
4351 786
4352 732
4353 774
4354 1992
4355 870
4356 1332
4357 762
4358 744
4359 828
4360 1410
4361 954
4362 810
4363 1374
4364 1116
4365 762
4366 786
4367 1086
4368 762
4369 756
4370 906
4371 714
4372 744
4373 954
4374 756
4375 1074
4376 810
4377 732
4378 816
4379 744
4380 762
4381 732
4382 2502
4383 858
4384 762
4385 936
4386 2070
4387 2076
4388 750
4389 804
4390 798
4391 762
4392 744
4393 1152
4394 786
4395 1644
4396 702
4397 810
4398 702
4399 756
4400 966
4401 2484
4402 2250
4403 798
4404 762
4405 744
4406 828
4407 960
4408 828
4409 756
4410 720
4411 1536
4412 906
4413 750
4414 756
4415 822
4416 744
4417 852
4418 714
4419 2004
4420 1758
4421 1308
4422 816
4423 936
4424 1518
4425 756
4426 744
4427 756
4428 846
4429 744
4430 798
4431 804
4432 798
4433 816
4434 1506
4435 1086
4436 774
4437 1890
4438 774
4439 720
4440 744
4441 762
4442 702
4443 786
4444 786
4445 744
4446 798
4447 732
4448 846
4449 1788
4450 756
4451 804
4452 798
4453 876
4454 1086
4455 816
4456 858
4457 702
4458 828
4459 720
4460 756
4461 750
4462 702
4463 744
4464 1224
4465 780
4466 936
4467 774
4468 1008
4469 960
4470 756
4471 1116
4472 744
4473 786
4474 774
4475 1494
4476 726
4477 744
4478 768
4479 720
4480 786
4481 1086
4482 996
4483 1254
4484 690
4485 846
4486 1062
4487 774
4488 732
4489 720
4490 720
4491 1158
4492 744
4493 1092
4494 744
4495 906
4496 756
4497 786
4498 744
4499 834
4500 894
4501 798
4502 1878
4503 1380
4504 768
4505 774
4506 774
4507 1014
4508 744
4509 798
4510 786
4511 786
4512 804
4513 744
4514 786
4515 1236
4516 810
4517 786
4518 918
4519 816
4520 906
4521 732
4522 816
4523 846
4524 4482
4525 1146
4526 690
4527 720
4528 744
4529 720
4530 1932
4531 828
4532 732
4533 732
4534 732
4535 846
4536 690
4537 2508
4538 732
4539 1008
4540 690
4541 744
4542 756
4543 786
4544 996
4545 792
4546 720
4547 732
4548 732
4549 1002
4550 984
4551 732
4552 756
4553 744
4554 1524
4555 840
4556 810
4557 810
4558 1416
4559 828
4560 858
4561 1020
4562 780
4563 774
4564 3480
4565 954
4566 810
4567 828
4568 750
4569 774
4570 702
4571 732
4572 906
4573 1074
4574 750
4575 762
4576 786
4577 822
4578 822
4579 744
4580 744
4581 702
4582 732
4583 744
4584 792
4585 768
4586 708
4587 768
4588 744
4589 762
4590 762
4591 744
4592 1326
4593 744
4594 762
4595 744
4596 720
4597 774
4598 744
4599 804
4600 732
4601 768
4602 744
4603 762
4604 744
4605 786
4606 840
4607 762
4608 756
4609 762
4610 744
4611 786
4612 732
4613 762
4614 822
4615 1026
4616 768
4617 744
4618 768
4619 744
4620 786
4621 774
4622 822
4623 792
4624 732
4625 750
4626 690
4627 774
4628 774
4629 738
4630 786
4631 714
4632 816
4633 744
4634 762
4635 720
4636 744
4637 798
4638 798
4639 840
4640 744
4641 732
4642 744
4643 744
4644 774
4645 732
4646 798
4647 792
4648 798
4649 762
4650 720
4651 774
4652 1134
4653 720
4654 720
4655 1104
4656 720
4657 762
4658 792
4659 690
4660 738
4661 1218
4662 720
4663 720
4664 744
4665 732
4666 756
4667 702
4668 882
4669 720
4670 834
4671 984
4672 810
4673 798
4674 750
4675 834
4676 1122
4677 3720
4678 720
4679 786
4680 924
4681 1740
4682 762
4683 744
4684 702
4685 702
4686 756
4687 744
4688 744
4689 762
4690 744
4691 744
4692 744
4693 756
4694 744
4695 786
4696 702
4697 786
4698 756
4699 762
4700 924
4701 882
4702 762
4703 774
4704 714
4705 732
4706 774
4707 732
4708 792
4709 720
4710 774
4711 720
4712 762
4713 762
4714 732
4715 774
4716 744
4717 816
4718 732
4719 714
4720 756
4721 720
4722 744
4723 720
4724 720
4725 762
4726 720
4727 720
4728 720
4729 720
4730 702
4731 846
4732 762
4733 732
4734 924
4735 762
4736 690
4737 816
4738 792
4739 720
4740 1224
4741 762
4742 720
4743 762
4744 720
4745 720
4746 720
4747 894
4748 750
4749 720
4750 732
4751 732
4752 786
4753 774
4754 774
4755 714
4756 714
4757 702
4758 756
4759 702
4760 714
4761 828
4762 744
4763 720
4764 924
4765 744
4766 858
4767 732
4768 720
4769 786
4770 732
4771 702
4772 720
4773 732
4774 762
4775 774
4776 720
4777 744
4778 852
4779 750
4780 1536
4781 720
4782 804
4783 762
4784 744
4785 744
4786 732
4787 732
4788 762
4789 720
4790 774
4791 774
4792 786
4793 804
4794 744
4795 762
4796 828
4797 732
4798 732
4799 732
4800 804
4801 744
4802 732
4803 732
4804 798
4805 924
4806 786
4807 774
4808 786
4809 774
4810 786
4811 702
4812 702
4813 876
4814 786
4815 744
4816 1056
4817 732
4818 762
4819 732
4820 792
4821 732
4822 732
4823 774
4824 774
4825 702
4826 816
4827 702
4828 744
4829 744
4830 786
4831 762
4832 768
4833 786
4834 732
4835 948
4836 744
4837 702
4838 906
4839 720
4840 732
4841 744
4842 732
4843 786
4844 1692
4845 774
4846 804
4847 744
4848 744
4849 732
4850 732
4851 732
4852 732
4853 936
4854 762
4855 774
4856 714
4857 762
4858 732
4859 732
4860 762
4861 786
4862 732
4863 744
4864 732
4865 1782
4866 702
4867 702
4868 702
4869 744
4870 732
4871 762
4872 714
4873 714
4874 858
4875 780
4876 786
4877 702
4878 714
4879 714
4880 714
4881 744
4882 786
4883 756
4884 714
4885 714
4886 744
4887 702
4888 756
4889 744
4890 816
4891 756
4892 834
4893 852
4894 930
4895 774
4896 744
4897 744
4898 744
4899 744
4900 744
4901 768
4902 744
4903 744
4904 744
4905 744
4906 732
4907 774
4908 702
4909 702
4910 702
4911 744
4912 702
4913 816
4914 744
4915 786
4916 828
4917 786
4918 798
4919 792
4920 744
4921 774
4922 762
4923 762
4924 732
4925 762
4926 1218
4927 750
4928 804
4929 882
4930 900
4931 900
4932 882
4933 804
4934 792
4935 738
4936 882
4937 810
4938 792
4939 786
4940 786
4941 750
4942 762
4943 780
4944 780
4945 732
4946 804
4947 804
4948 786
4949 762
4950 762
4951 936
4952 3036
4953 762
4954 774
4955 762
4956 1020
4957 774
4958 804
4959 738
4960 792
4961 750
4962 738
4963 804
4964 786
4965 744
4966 762
4967 762
4968 762
4969 882
4970 762
4971 804
4972 762
4973 762
4974 786
4975 762
4976 762
4977 762
4978 762
4979 762
4980 1602
4981 786
4982 750
4983 744
4984 774
4985 756
4986 738
4987 744
4988 744
4989 786
4990 762
4991 840
4992 786
4993 762
4994 774
4995 786
4996 744
4997 816
4998 732
4999 744
5000 732
5001 732
5002 786
5003 786
5004 720
5005 762
5006 804
5007 750
5008 792
5009 720
5010 942
5011 882
5012 816
5013 762
5014 744
5015 762
5016 774
5017 720
5018 744
5019 720
5020 720
5021 720
5022 720
5023 732
5024 732
5025 756
5026 786
5027 756
5028 702
5029 918
5030 702
5031 942
5032 720
5033 1212
5034 720
5035 720
5036 762
5037 762
5038 762
5039 720
5040 774
5041 720
5042 762
5043 744
5044 744
5045 708
5046 870
5047 1206
5048 744
5049 750
5050 720
5051 792
5052 816
5053 774
5054 744
5055 732
5056 702
5057 762
5058 720
5059 756
5060 750
5061 876
5062 786
5063 744
5064 774
5065 786
5066 762
5067 744
5068 702
5069 732
5070 774
5071 792
5072 720
5073 750
5074 804
5075 804
5076 732
5077 816
5078 804
5079 804
5080 720
5081 804
5082 816
5083 720
5084 720
5085 786
5086 804
5087 816
5088 804
5089 804
5090 702
5091 702
5092 714
5093 732
5094 744
5095 702
5096 1680
5097 774
5098 1578
5099 720
5100 720
5101 786
5102 762
5103 762
5104 816
5105 906
5106 1818
5107 894
5108 732
5109 894
5110 762
5111 702
5112 816
5113 762
5114 744
5115 774
5116 720
5117 750
5118 948
5119 732
5120 732
5121 732
5122 1236
5123 864
5124 1206
5125 1176
5126 1188
5127 810
5128 1080
5129 720
5130 720
5131 732
5132 774
5133 714
5134 732
5135 732
5136 714
5137 774
5138 744
5139 732
5140 744
5141 744
5142 774
5143 1200
5144 732
5145 732
5146 690
5147 720
5148 732
5149 732
5150 774
5151 744
5152 732
5153 774
5154 786
5155 714
5156 732
5157 774
5158 774
5159 732
5160 732
5161 732
5162 858
5163 702
5164 702
5165 762
5166 906
5167 732
5168 690
5169 816
5170 732
5171 744
5172 870
5173 744
5174 774
5175 762
5176 786
5177 786
5178 786
5179 906
5180 924
5181 786
5182 828
5183 744
5184 774
5185 744
5186 774
5187 804
5188 774
5189 780
5190 774
5191 720
5192 720
5193 720
5194 774
5195 774
5196 786
5197 756
5198 774
5199 714
5200 774
5201 786
5202 738
5203 756
5204 816
5205 774
5206 774
5207 774
5208 744
5209 702
5210 732
5211 762
5212 786
5213 774
5214 786
5215 732
5216 774
5217 774
5218 774
5219 732
5220 774
5221 774
5222 732
5223 762
5224 744
5225 930
5226 774
5227 774
5228 738
5229 732
5230 792
5231 804
5232 1380
5233 702
5234 702
5235 774
5236 900
5237 774
5238 774
5239 762
5240 774
5241 774
5242 774
5243 774
5244 744
5245 786
5246 774
5247 720
5248 774
5249 774
5250 774
5251 870
5252 744
5253 774
5254 744
5255 744
5256 744
5257 744
5258 744
5259 786
5260 744
5261 714
5262 762
5263 786
5264 786
5265 786
5266 828
5267 786
5268 786
5269 756
5270 744
5271 744
5272 744
5273 732
5274 774
5275 744
5276 744
5277 744
5278 744
5279 774
5280 786
5281 756
5282 714
5283 744
5284 744
5285 744
5286 744
5287 744
5288 744
5289 756
5290 744
5291 744
5292 828
5293 744
5294 786
5295 744
5296 786
5297 744
5298 756
5299 786
5300 744
5301 786
5302 744
5303 804
5304 744
5305 744
5306 732
5307 744
5308 744
5309 732
5310 744
5311 720
5312 750
5313 732
5314 720
5315 774
5316 720
5317 720
5318 732
5319 774
5320 732
5321 732
5322 732
5323 732
5324 732
5325 732
5326 732
5327 732
5328 774
5329 702
5330 732
5331 714
5332 732
5333 732
5334 732
5335 786
5336 744
5337 744
5338 744
5339 786
5340 786
5341 750
5342 744
5343 786
5344 744
5345 756
5346 744
5347 744
5348 804
5349 762
5350 804
5351 720
5352 732
5353 744
5354 786
5355 714
5356 744
5357 786
5358 732
5359 744
5360 708
5361 804
5362 744
5363 744
5364 786
5365 762
5366 744
5367 714
5368 732
5369 744
5370 786
5371 714
5372 786
5373 744
5374 744
5375 732
5376 744
5377 744
5378 744
5379 744
5380 744
5381 936
5382 732
5383 786
5384 744
5385 756
5386 774
5387 744
5388 744
5389 744
5390 744
5391 732
5392 744
5393 744
5394 744
5395 744
5396 786
5397 744
5398 744
5399 702
5400 744
5401 744
5402 774
5403 744
5404 744
5405 744
5406 744
5407 762
5408 744
5409 744
5410 786
5411 708
5412 732
5413 798
5414 744
5415 702
5416 702
5417 744
5418 846
5419 732
5420 744
5421 744
5422 744
5423 720
5424 786
5425 732
5426 714
5427 816
5428 744
5429 744
5430 744
5431 744
5432 744
5433 702
5434 744
5435 930
5436 744
5437 744
5438 786
5439 786
5440 744
5441 744
5442 786
5443 744
5444 744
5445 744
5446 744
5447 732
5448 744
5449 744
5450 816
5451 744
5452 744
5453 744
5454 744
5455 744
5456 1278
5457 744
5458 1290
5459 744
5460 744
5461 744
5462 744
5463 744
5464 744
5465 786
5466 828
5467 744
5468 744
5469 744
5470 744
5471 774
5472 744
5473 744
5474 702
5475 744
5476 702
5477 702
5478 702
5479 774
5480 774
5481 732
5482 744
5483 786
5484 1092
5485 744
5486 744
5487 804
5488 744
5489 660
5490 744
5491 798
5492 732
5493 732
5494 762
5495 744
5496 816
5497 732
5498 744
5499 732
5500 732
5501 720
5502 774
5503 774
5504 774
5505 774
5506 744
5507 744
5508 744
5509 744
5510 756
5511 744
5512 744
5513 756
5514 744
5515 732
5516 756
5517 744
5518 1176
5519 744
5520 744
5521 702
5522 744
5523 792
5524 714
5525 774
5526 762
5527 732
5528 774
5529 714
5530 732
5531 732
5532 792
5533 1104
5534 774
5535 744
5536 744
5537 744
5538 744
5539 762
5540 786
5541 774
5542 744
5543 744
5544 786
5545 744
5546 786
5547 762
5548 744
5549 744
5550 786
5551 744
5552 774
5553 786
5554 828
5555 786
5556 744
5557 744
5558 744
5559 786
5560 702
5561 702
5562 744
5563 744
5564 744
5565 744
5566 744
5567 744
5568 744
5569 744
5570 702
5571 786
5572 720
5573 744
5574 732
5575 732
5576 744
5577 732
5578 720
5579 804
5580 762
5581 744
5582 744
5583 744
5584 702
5585 702
5586 744
5587 744
5588 786
5589 804
5590 702
5591 732
5592 744
5593 744
5594 732
5595 702
5596 714
5597 702
5598 756
5599 702
5600 732
5601 720
5602 720
5603 744
5604 786
5605 732
5606 744
5607 906
5608 1044
5609 912
5610 756
5611 714
5612 4710
5613 780
5614 924
5615 906
5616 894
5617 894
5618 714
5619 714
5620 714
5621 714
5622 714
5623 732
5624 744
5625 774
5626 714
5627 714
5628 714
5629 672
5630 714
5631 690
5632 690
5633 774
5634 756
5635 762
5636 702
5637 702
5638 744
5639 714
5640 672
5641 1644
5642 690
5643 690
5644 690
5645 732
5646 690
5647 732
5648 702
5649 672
5650 702
5651 702
5652 732
5653 702
5654 690
5655 690
5656 756
5657 690
5658 732
5659 714
5660 690
5661 702
5662 690
5663 714
5664 690
5665 702
5666 690
5667 714
5668 744
5669 714
5670 744
5671 744
5672 798
5673 744
5674 744
5675 744
5676 756
5677 702
5678 840
5679 702
5680 702
5681 702
5682 732
5683 744
5684 1956
5685 786
5686 702
5687 702
5688 786
5689 702
5690 702
5691 720
5692 720
5693 792
5694 786
5695 744
5696 732
5697 702
5698 744
5699 744
5700 786
5701 744
5702 744
5703 720
5704 744
5705 774
5706 744
5707 744
5708 774
5709 744
5710 744
5711 744
5712 744
5713 762
5714 762
5715 762
5716 762
5717 744
5718 762
5719 744
5720 744
5721 714
5722 762
5723 744
5724 762
5725 786
5726 762
5727 804
5728 744
5729 828
5730 744
5731 744
5732 690
5733 756
5734 744
5735 804
5736 744
5737 744
5738 786
5739 762
5740 762
5741 762
5742 954
5743 762
5744 744
5745 786
5746 690
5747 786
5748 762
5749 1074
5750 762
5751 762
5752 744
5753 744
5754 762
5755 780
5756 786
5757 744
5758 1128
5759 804
5760 744
5761 744
5762 774
5763 1632
5764 744
5765 744
5766 888
5767 786
5768 744
5769 744
5770 702
5771 1212
5772 744
5773 744
5774 732
5775 786
5776 828
5777 906
5778 1200
5779 786
5780 774
5781 786
5782 744
5783 744
5784 756
5785 786
5786 744
5787 948
5788 702
5789 702
5790 702
5791 702
5792 702
5793 732
5794 702
5795 702
5796 744
5797 702
5798 732
5799 744
5800 714
5801 744
5802 966
5803 744
5804 702
5805 744
5806 702
5807 702
5808 702
5809 744
5810 1596
5811 720
5812 720
5813 744
5814 786
5815 744
5816 744
5817 702
5818 768
5819 744
5820 744
5821 702
5822 744
5823 702
5824 756
5825 756
5826 702
5827 720
5828 702
5829 1614
5830 786
5831 744
5832 762
5833 702
5834 744
5835 702
5836 702
5837 744
5838 702
5839 702
5840 744
5841 702
5842 804
5843 756
5844 720
5845 702
5846 786
5847 744
5848 1638
5849 702
5850 702
5851 702
5852 702
5853 702
5854 756
5855 702
5856 702
5857 702
5858 702
5859 756
5860 702
5861 702
5862 744
5863 786
5864 702
5865 774
5866 702
5867 702
5868 762
5869 702
5870 786
5871 708
5872 702
5873 786
5874 786
5875 702
5876 786
5877 750
5878 702
5879 702
5880 732
5881 744
5882 774
5883 702
5884 702
5885 714
5886 702
5887 720
5888 702
5889 702
5890 702
5891 702
5892 744
5893 1398
5894 720
5895 702
5896 702
5897 702
5898 744
5899 702
5900 702
5901 744
5902 702
5903 744
5904 702
5905 702
5906 702
5907 744
5908 744
5909 744
5910 744
5911 762
5912 774
5913 702
5914 774
5915 744
5916 702
5917 702
5918 702
5919 714
5920 702
5921 702
5922 744
5923 702
5924 702
5925 702
5926 702
5927 702
5928 798
5929 744
5930 702
5931 702
5932 786
5933 702
5934 702
5935 702
5936 798
5937 702
5938 702
5939 744
5940 732
5941 702
5942 702
5943 798
5944 702
5945 702
5946 702
5947 744
5948 702
5949 786
5950 702
5951 702
5952 702
5953 762
5954 702
5955 702
5956 702
5957 702
5958 702
5959 762
5960 744
5961 702
5962 702
5963 702
5964 702
5965 702
5966 702
5967 702
5968 786
5969 774
5970 744
5971 702
5972 702
5973 786
5974 744
5975 702
5976 702
5977 744
5978 774
5979 702
5980 702
5981 702
5982 1464
5983 702
5984 720
5985 720
5986 720
5987 786
5988 702
5989 732
5990 702
5991 828
5992 1206
5993 702
5994 732
5995 702
5996 744
5997 786
5998 702
5999 744
6000 720
6001 786
6002 786
6003 756
6004 744
6005 708
6006 660
6007 702
6008 786
6009 702
6010 702
6011 702
6012 816
6013 744
6014 762
6015 702
6016 702
6017 702
6018 744
6019 702
6020 720
6021 702
6022 702
6023 786
6024 744
6025 702
6026 744
6027 702
6028 732
6029 798
6030 1518
6031 702
6032 744
6033 702
6034 702
6035 702
6036 744
6037 756
6038 786
6039 744
6040 1512
6041 702
6042 702
6043 702
6044 702
6045 702
6046 762
6047 732
6048 720
6049 1008
6050 702
6051 720
6052 702
6053 744
6054 720
6055 720
6056 720
6057 720
6058 744
6059 774
6060 762
Unexpected message received for job 1043199
6061 756
6062 720
6063 720
6064 720
6065 720
6066 762
6067 720
6068 1308
6069 720
6070 762
6071 720
Unexpected message received for job 1043199
6072 732
6073 1722
6074 762
6075 702
6076 702
6077 720
6078 702
6079 720
6080 720
6081 744
6082 720
6083 1776
6084 702
6085 744
6086 702
6087 702
6088 720
6089 702
6090 702
6091 702
6092 702
6093 702
6094 786
6095 744
6096 702
6097 732
6098 744
6099 702
6100 732
6101 756
6102 744
6103 744
6104 756
6105 702
6106 744
6107 744
6108 702
6109 702
6110 756
6111 756
6112 732
6113 744
6114 756
6115 672
6116 672
6117 714
6118 714
6119 714
6120 702
6121 744
6122 714
6123 744
6124 732
6125 714
6126 732
6127 660
6128 732
6129 714
6130 702
6131 756
6132 672
6133 672
6134 672
6135 714
6136 714
6137 714
6138 714
6139 714
6140 732
6141 732
6142 714
6143 756
6144 732
6145 714
6146 714
6147 744
6148 732
6149 756
6150 702
6151 702
6152 702
6153 702
6154 774
6155 630
6156 756
6157 714
6158 756
6159 1590
6160 702
6161 756
6162 702
6163 714
6164 702
6165 744
6166 714
6167 702
6168 714
6169 702
6170 702
6171 672
6172 714
6173 714
6174 714
6175 756
6176 690
6177 702
6178 702
6179 714
6180 714
6181 672
6182 702
6183 714
6184 714
6185 702
6186 630
6187 702
6188 714
6189 756
6190 714
6191 744
6192 714
6193 756
6194 714
6195 672
6196 714
6197 1758
6198 714
6199 786
6200 714
6201 714
6202 672
6203 714
6204 756
6205 714
6206 690
6207 690
6208 702
6209 744
6210 690
6211 936
6212 756
6213 756
6214 714
6215 714
6216 714
6217 714
6218 714
6219 714
6220 702
6221 1116
6222 756
6223 714
6224 714
6225 714
6226 756
6227 714
6228 714
6229 714
6230 756
6231 702
6232 714
6233 672
6234 672
6235 714
6236 714
6237 714
6238 702
6239 714
6240 672
6241 714
6242 714
6243 702
6244 702
6245 702
6246 798
6247 756
6248 714
6249 714
6250 672
6251 714
6252 702
6253 714
6254 744
6255 690
6256 702
6257 732
6258 714
6259 672
6260 756
6261 690
6262 690
6263 690
6264 690
6265 702
6266 798
6267 702
6268 672
6269 702
6270 756
6271 714
6272 714
6273 672
6274 702
6275 702
6276 702
6277 672
6278 672
6279 672
6280 1650
6281 672
6282 672
6283 714
6284 774
6285 714
6286 672
6287 714
6288 714
6289 672
6290 714
6291 672
6292 756
6293 714
6294 744
6295 672
6296 672
6297 690
6298 714
6299 798
6300 672
6301 672
6302 672
6303 756
6304 918
6305 714
6306 798
6307 786
6308 672
6309 798
6310 672
6311 714
6312 744
6313 672
6314 714
6315 672
6316 774
6317 672
6318 744
6319 744
6320 744
6321 744
6322 4596
6323 714
6324 756
6325 774
6326 774
6327 744
6328 798
6329 756
6330 756
6331 756
6332 744
6333 744
6334 756
6335 672
6336 714
6337 744
6338 714
6339 714
6340 786
6341 702
6342 702
6343 702
6344 702
6345 702
6346 714
6347 714
6348 672
6349 714
6350 714
6351 714
6352 714
6353 714
6354 702
6355 714
6356 744
6357 756
6358 702
6359 756
6360 828
6361 744
6362 702
6363 714
6364 744
6365 744
6366 744
6367 714
6368 744
6369 756
6370 756
6371 714
6372 714
6373 756
6374 756
6375 756
6376 756
6377 756
6378 756
6379 714
6380 756
6381 756
6382 756
6383 756
6384 798
6385 756
6386 756
6387 714
6388 756
6389 756
6390 756
6391 714
6392 714
6393 744
6394 714
6395 714
6396 714
6397 756
6398 672
6399 744
6400 714
6401 714
6402 702
6403 702
6404 690
6405 690
6406 690
6407 702
6408 714
6409 732
6410 702
6411 714
6412 702
6413 756
6414 672
6415 702
6416 756
6417 744
6418 702
6419 714
6420 714
6421 714
6422 702
6423 732
6424 714
6425 714
6426 798
6427 714
6428 714
6429 702
6430 714
6431 702
6432 714
6433 714
6434 756
6435 702
6436 714
6437 756
6438 744
6439 756
6440 714
6441 714
6442 714
6443 702
6444 714
6445 786
6446 864
6447 714
6448 756
6449 714
6450 714
6451 714
6452 714
6453 756
6454 702
6455 714
6456 714
6457 714
6458 714
6459 714
6460 702
6461 702
6462 702
6463 714
6464 798
6465 798
6466 714
6467 756
6468 714
6469 786
6470 714
6471 756
6472 714
6473 714
6474 672
6475 714
6476 714
6477 714
6478 786
6479 714
6480 714
6481 798
6482 702
6483 744
6484 714
6485 756
6486 756
6487 756
6488 756
6489 756
6490 714
6491 714
6492 714
6493 702
6494 744
6495 714
6496 690
6497 756
6498 714
6499 714
6500 714
6501 756
6502 756
6503 714
6504 714
6505 714
6506 714
6507 714
6508 714
6509 672
6510 672
6511 756
6512 756
6513 756
6514 714
6515 714
6516 672
6517 786
6518 744
6519 714
6520 714
6521 744
6522 756
6523 756
6524 714
6525 744
6526 702
6527 714
6528 714
6529 714
6530 672
6531 756
6532 714
6533 690
6534 690
6535 672
6536 702
6537 714
6538 702
6539 714
6540 702
6541 672
6542 1842
6543 744
6544 702
6545 702
6546 672
6547 672
6548 672
6549 3414
6550 672
6551 744
6552 798
6553 714
6554 756
6555 714
6556 714
6557 798
6558 756
6559 756
6560 756
6561 690
6562 744
6563 744
6564 672
6565 756
6566 714
6567 744
6568 1440
6569 744
6570 744
6571 798
6572 756
6573 756
6574 816
6575 744
6576 756
6577 714
6578 756
6579 756
6580 756
6581 756
6582 756
6583 744
6584 756
6585 798
6586 756
6587 756
6588 756
6589 756
6590 756
6591 756
6592 756
6593 798
6594 756
6595 744
6596 744
6597 744
6598 798
6599 732
6600 756
6601 798
6602 756
6603 786
6604 744
6605 744
6606 744
6607 732
6608 828
6609 756
6610 798
6611 744
6612 714
6613 732
6614 714
6615 744
6616 714
6617 744
6618 744
6619 744
6620 732
6621 744
6622 744
6623 744
6624 756
6625 744
6626 756
6627 744
6628 714
6629 714
6630 744
6631 756
6632 756
6633 756
6634 756
6635 756
6636 714
6637 744
6638 786
6639 756
6640 756
6641 744
6642 798
6643 798
6644 744
6645 744
6646 744
6647 732
6648 744
6649 756
6650 786
6651 744
6652 756
6653 714
6654 756
6655 756
6656 756
6657 744
6658 672
6659 744
6660 744
6661 756
6662 756
6663 756
6664 714
6665 756
6666 756
6667 756
6668 798
6669 756
6670 786
6671 798
6672 756
6673 840
6674 744
6675 714
6676 744
6677 744
6678 756
6679 744
6680 756
6681 756
6682 756
6683 756
6684 672
6685 756
6686 756
6687 798
6688 828
6689 756
6690 798
6691 756
6692 756
6693 756
6694 756
6695 756
6696 756
6697 756
6698 756
6699 720
6700 798
6701 756
6702 798
6703 840
6704 798
6705 756
6706 798
6707 798
6708 756
6709 744
6710 744
6711 756
6712 756
6713 756
6714 756
6715 744
6716 744
6717 756
6718 732
6719 756
6720 744
6721 756
6722 786
6723 744
6724 744
6725 756
6726 798
6727 756
6728 798
6729 798
6730 744
6731 756
6732 756
6733 756
6734 756
6735 756
6736 756
6737 714
6738 690
6739 756
6740 798
6741 744
6742 744
6743 756
6744 786
6745 744
6746 756
6747 714
6748 756
6749 756
6750 702
6751 756
6752 756
6753 756
6754 756
6755 756
6756 756
6757 798
6758 756
6759 672
6760 714
6761 756
6762 756
6763 756
6764 744
6765 756
6766 756
6767 756
6768 756
6769 798
6770 756
6771 714
6772 756
6773 756
6774 756
6775 672
6776 732
6777 756
6778 756
6779 756
6780 756
6781 744
6782 756
6783 756
6784 756
6785 756
6786 786
6787 756
6788 756
6789 714
6790 744
6791 744
6792 744
6793 702
6794 756
6795 744
6796 756
6797 744
6798 756
6799 744
6800 714
6801 756
6802 756
6803 744
6804 798
6805 876
6806 798
6807 714
6808 744
6809 864
6810 744
6811 786
6812 756
6813 756
6814 786
6815 744
6816 714
6817 744
6818 744
6819 744
6820 744
6821 828
6822 744
6823 714
6824 714
6825 744
6826 744
6827 906
6828 882
6829 786
6830 714
6831 894
6832 756
6833 888
6834 840
6835 714
6836 756
6837 786
6838 756
6839 756
6840 756
6841 756
6842 756
6843 756
6844 756
6845 756
6846 798
6847 756
6848 756
6849 756
6850 714
6851 756
6852 672
6853 756
6854 756
6855 672
6856 756
6857 918
6858 744
6859 756
6860 714
6861 744
6862 744
6863 756
6864 756
6865 756
6866 744
6867 744
6868 744
6869 714
6870 744
6871 744
6872 756
6873 756
6874 756
6875 756
6876 756
6877 672
6878 756
6879 714
6880 756
6881 756
6882 756
6883 798
6884 756
6885 744
6886 756
6887 690
6888 756
6889 732
6890 756
6891 756
6892 798
6893 756
6894 786
6895 756
6896 756
6897 756
6898 714
6899 714
6900 714
6901 672
6902 756
6903 672
6904 756
6905 774
6906 756
6907 756
6908 840
6909 714
6910 756
6911 786
6912 756
6913 798
6914 714
6915 756
6916 756
6917 756
6918 714
6919 744
6920 756
6921 756
6922 756
6923 714
6924 756
6925 798
6926 714
6927 756
6928 756
6929 744
6930 702
6931 744
6932 744
6933 744
6934 756
6935 744
6936 774
6937 714
6938 756
6939 756
6940 714
6941 714
6942 756
6943 756
6944 714
6945 714
6946 744
6947 756
6948 714
6949 756
6950 714
6951 714
6952 714
6953 714
6954 714
6955 756
6956 756
6957 714
6958 714
6959 714
6960 714
6961 714
6962 714
6963 672
6964 756
6965 714
6966 756
6967 714
6968 714
6969 672
6970 714
6971 714
6972 786
6973 756
6974 744
6975 714
6976 714
6977 672
6978 756
6979 744
6980 714
6981 714
6982 714
6983 714
6984 672
6985 756
6986 714
6987 756
6988 672
6989 672
6990 672
6991 714
6992 672
6993 756
6994 672
6995 756
6996 714
6997 714
6998 714
6999 672
7000 714
7001 672
7002 714
7003 672
7004 672
7005 672
7006 702
7007 672
7008 714
7009 714
7010 714
7011 714
7012 714
7013 714
7014 714
7015 714
7016 714
7017 744
7018 714
7019 672
7020 756
7021 756
7022 714
7023 714
7024 714
7025 714
7026 756
7027 714
7028 672
7029 714
7030 756
7031 714
7032 756
7033 732
7034 714
7035 744
7036 714
7037 714
7038 714
7039 714
7040 672
7041 714
7042 714
7043 714
7044 744
7045 756
7046 714
7047 714
7048 714
7049 714
7050 714
7051 690
7052 756
7053 714
7054 714
7055 714
7056 702
7057 714
7058 714
7059 714
7060 714
7061 702
7062 702
7063 756
7064 756
7065 714
7066 756
7067 714
7068 756
7069 714
7070 714
7071 714
7072 714
7073 714
7074 714
7075 714
7076 714
7077 714
7078 756
7079 714
7080 714
7081 714
7082 714
7083 714
7084 714
7085 714
7086 714
7087 672
7088 702
7089 702
7090 714
7091 714
7092 714
7093 714
7094 714
7095 702
7096 756
7097 714
7098 714
7099 702
7100 702
7101 714
7102 702
7103 714
7104 714
7105 714
7106 798
7107 756
7108 714
7109 756
7110 672
7111 714
7112 714
7113 660
7114 714
7115 714
7116 714
7117 702
7118 714
7119 702
7120 714
7121 714
7122 714
7123 672
7124 672
7125 714
7126 714
7127 714
7128 714
7129 702
7130 702
7131 714
7132 714
7133 756
7134 714
7135 714
7136 714
7137 714
7138 702
7139 714
7140 714
7141 714
7142 714
7143 672
7144 756
7145 714
7146 714
7147 714
7148 660
7149 714
7150 702
7151 702
7152 702
7153 714
7154 714
7155 714
7156 714
7157 714
7158 714
7159 714
7160 756
7161 714
7162 714
7163 714
7164 714
7165 756
7166 714
7167 756
7168 714
7169 756
7170 714
7171 714
7172 714
7173 714
7174 672
7175 798
7176 702
7177 702
7178 702
7179 702
7180 714
7181 714
7182 714
7183 744
7184 714
7185 714
7186 714
7187 714
7188 756
7189 714
7190 714
7191 714
7192 714
7193 744
7194 714
7195 714
7196 744
7197 702
7198 714
7199 714
7200 756
7201 714
7202 714
7203 798
7204 714
7205 756
7206 672
7207 714
7208 714
7209 714
7210 714
7211 714
7212 714
7213 714
7214 714
7215 672
7216 672
7217 714
7218 702
7219 714
7220 744
7221 672
7222 756
7223 702
7224 732
7225 744
7226 702
7227 714
7228 714
7229 774
7230 702
7231 732
7232 732
7233 732
7234 744
7235 714
7236 732
7237 732
7238 702
7239 702
7240 702
7241 786
7242 756
7243 714
7244 786
7245 702
7246 744
7247 702
7248 714
7249 744
7250 744
7251 744
7252 762
7253 690
7254 732
7255 702
7256 744
7257 702
7258 744
7259 744
7260 702
7261 702
7262 702
7263 732
7264 702
7265 702
7266 714
7267 702
7268 702
7269 744
7270 744
7271 702
7272 702
7273 702
7274 672
7275 702
7276 702
7277 714
7278 702
7279 690
7280 702
7281 744
7282 702
7283 786
7284 744
7285 702
7286 702
7287 702
7288 714
7289 702
7290 714
7291 702
7292 702
7293 702
7294 702
7295 702
7296 702
7297 756
7298 702
7299 702
7300 744
7301 714
7302 702
7303 702
7304 660
7305 714
7306 744
7307 714
7308 786
7309 702
7310 744
7311 702
7312 702
7313 702
7314 714
7315 702
7316 714
7317 744
7318 702
7319 702
7320 702
7321 702
7322 744
7323 702
7324 744
7325 702
7326 702
7327 786
7328 702
7329 744
7330 702
7331 702
7332 702
7333 702
7334 732
7335 702
7336 702
7337 702
7338 702
7339 744
7340 714
7341 744
7342 720
7343 756
7344 702
7345 744
7346 702
7347 702
7348 744
7349 714
7350 714
7351 714
7352 720
7353 756
7354 714
7355 714
7356 732
7357 714
7358 744
7359 714
7360 714
7361 744
7362 720
7363 714
7364 756
7365 714
7366 714
7367 756
7368 714
7369 714
7370 714
7371 744
7372 714
7373 744
7374 702
7375 702
7376 714
7377 714
7378 702
7379 714
7380 672
7381 744
7382 744
7383 702
7384 756
7385 732
7386 744
7387 744
7388 702
7389 714
7390 732
7391 744
7392 714
7393 756
7394 744
7395 714
7396 744
7397 756
7398 756
7399 714
7400 744
7401 744
7402 774
7403 774
7404 756
7405 744
7406 732
7407 756
7408 756
7409 732
7410 798
7411 732
7412 714
7413 756
7414 714
7415 714
7416 714
7417 714
7418 714
7419 756
7420 714
7421 714
7422 714
7423 714
7424 714
7425 840
7426 798
7427 756
7428 714
7429 714
7430 714
7431 732
7432 714
7433 714
7434 714
7435 732
7436 714
7437 714
7438 714
7439 714
7440 756
7441 882
7442 732
7443 732
7444 714
7445 690
7446 744
7447 714
7448 714
7449 756
7450 714
7451 714
7452 714
7453 714
7454 714
7455 828
7456 798
7457 756
7458 714
7459 714
7460 756
7461 846
7462 714
7463 714
7464 846
7465 918
7466 756
7467 888
7468 798
7469 714
7470 846
7471 756
7472 798
7473 756
7474 744
7475 756
7476 756
7477 714
7478 756
7479 756
7480 714
7481 714
7482 798
7483 840
7484 756
7485 714
7486 756
7487 714
7488 714
7489 714
7490 714
7491 702
7492 744
7493 744
7494 714
7495 714
7496 756
7497 714
7498 714
7499 714
7500 714
7501 798
7502 714
7503 714
7504 816
7505 798
7506 744
7507 714
7508 714
7509 882
7510 786
7511 714
7512 756
7513 714
7514 714
7515 756
7516 714
7517 774
7518 834
7519 816
7520 816
7521 714
7522 714
7523 816
7524 846
7525 816
7526 786
7527 816
7528 714
7529 714
7530 798
7531 714
7532 798
7533 714
7534 714
7535 714
7536 786
7537 714
7538 816
7539 798
7540 840
7541 816
7542 828
7543 714
7544 816
7545 828
7546 786
7547 840
7548 756
7549 870
7550 714
7551 714
7552 798
7553 714
7554 714
7555 756
7556 798
7557 756
7558 756
7559 714
7560 840
7561 756
7562 744
7563 756
7564 840
7565 840
7566 840
7567 828
7568 828
7569 798
7570 840
7571 798
7572 798
7573 798
7574 756
7575 828
7576 714
7577 798
7578 756
7579 798
7580 756
7581 756
7582 786
7583 798
7584 756
7585 798
7586 714
7587 714
7588 798
7589 798
7590 756
7591 756
7592 798
7593 756
7594 714
7595 702
7596 756
7597 714
7598 756
7599 786
7600 714
7601 714
7602 756
7603 756
7604 714
7605 756
7606 756
7607 714
7608 756
7609 714
7610 744
7611 756
7612 714
7613 744
7614 756
7615 714
7616 756
7617 714
7618 756
7619 714
7620 714
7621 702
7622 744
7623 714
7624 714
7625 756
7626 756
7627 714
7628 714
7629 756
7630 714
7631 732
7632 714
7633 714
7634 756
7635 744
7636 714
7637 756
7638 714
7639 714
7640 714
7641 714
7642 732
7643 756
7644 714
7645 756
7646 714
7647 702
7648 714
7649 714
7650 714
7651 714
7652 714
7653 714
7654 756
7655 714
7656 714
7657 798
7658 714
7659 714
7660 714
7661 714
7662 714
7663 756
7664 756
7665 714
7666 714
7667 732
7668 714
7669 714
7670 714
7671 714
7672 714
7673 756
7674 714
7675 798
7676 756
7677 714
7678 714
7679 714
7680 756
7681 714
7682 756
7683 714
7684 714
7685 756
7686 714
7687 762
7688 744
7689 714
7690 756
7691 714
7692 756
7693 756
7694 732
7695 714
7696 714
7697 714
7698 714
7699 756
7700 714
7701 732
7702 744
7703 756
7704 732
7705 798
7706 714
7707 714
7708 756
7709 756
7710 714
7711 714
7712 714
7713 714
7714 714
7715 714
7716 756
7717 756
7718 798
7719 756
7720 714
7721 732
7722 714
7723 714
7724 714
7725 798
7726 786
7727 714
7728 714
7729 732
7730 912
7731 732
7732 732
7733 756
7734 762
7735 732
7736 756
7737 774
7738 732
7739 756
7740 756
7741 732
7742 714
7743 732
7744 714
7745 702
7746 714
7747 714
7748 774
7749 672
7750 714
7751 756
7752 714
7753 714
7754 714
7755 714
7756 744
7757 714
7758 714
7759 714
7760 714
7761 756
7762 714
7763 714
7764 714
7765 756
7766 714
7767 714
7768 714
7769 714
7770 756
7771 714
7772 714
7773 714
7774 714
7775 714
7776 786
7777 756
7778 714
7779 714
7780 714
7781 714
7782 714
7783 714
7784 756
7785 756
7786 756
7787 714
7788 714
7789 714
7790 714
7791 714
7792 744
7793 714
7794 714
7795 714
7796 714
7797 714
7798 714
7799 714
7800 756
7801 714
7802 756
7803 756
7804 732
7805 714
7806 756
7807 714
7808 714
7809 744
7810 714
7811 714
7812 714
7813 714
7814 714
7815 756
7816 756
7817 714
7818 714
7819 714
7820 714
7821 756
7822 714
7823 1488
7824 714
7825 714
7826 786
7827 714
7828 714
7829 714
7830 756
7831 714
7832 714
7833 714
7834 756
7835 714
7836 714
7837 798
7838 714
7839 714
7840 714
7841 714
7842 732
7843 714
7844 714
7845 714
7846 714
7847 714
7848 732
7849 714
7850 714
7851 714
7852 756
7853 732
7854 798
7855 714
7856 702
7857 756
7858 714
7859 714
7860 714
7861 756
7862 756
7863 756
7864 798
7865 756
7866 702
7867 774
7868 714
7869 714
7870 714
7871 714
7872 714
7873 714
7874 714
7875 714
7876 756
7877 714
7878 744
7879 732
7880 756
7881 714
7882 714
7883 756
7884 714
7885 714
7886 714
7887 756
7888 756
7889 798
7890 714
7891 714
7892 714
7893 714
7894 756
7895 798
7896 714
7897 756
7898 756
7899 714
7900 714
7901 714
7902 714
7903 714
7904 714
7905 672
7906 714
7907 756
7908 702
7909 714
7910 714
7911 714
7912 714
7913 714
7914 714
7915 714
7916 714
7917 714
7918 714
7919 714
7920 672
7921 714
7922 756
7923 714
7924 714
7925 714
7926 714
7927 714
7928 798
7929 798
7930 714
7931 714
7932 672
7933 714
7934 714
7935 714
7936 714
7937 714
7938 714
7939 714
7940 714
7941 714
7942 714
7943 714
7944 714
7945 756
7946 714
7947 756
7948 714
7949 798
7950 756
7951 756
7952 714
7953 714
7954 714
7955 702
7956 714
7957 714
7958 756
7959 798
7960 756
7961 744
7962 714
7963 672
7964 714
7965 714
7966 714
7967 714
7968 714
7969 714
7970 714
7971 714
7972 786
7973 702
7974 756
7975 714
7976 756
7977 756
7978 756
7979 744
7980 756
7981 756
7982 756
7983 672
7984 714
7985 756
7986 714
7987 714
7988 756
7989 714
7990 756
7991 714
7992 714
7993 756
7994 714
7995 756
7996 786
7997 756
7998 756
7999 714
8000 756
8001 714
8002 714
8003 714
8004 714
8005 756
8006 714
8007 756
8008 756
8009 756
8010 798
8011 756
8012 756
8013 756
8014 756
8015 756
8016 744
8017 756
8018 798
8019 672
8020 756
8021 756
8022 756
8023 756
8024 786
8025 786
8026 756
8027 756
8028 798
8029 756
8030 786
8031 756
8032 798
8033 756
8034 798
8035 756
8036 756
8037 744
8038 756
8039 756
8040 816
8041 798
8042 786
8043 798
8044 756
8045 798
8046 756
8047 882
8048 756
8049 756
8050 756
8051 756
8052 756
8053 756
8054 756
8055 840
8056 756
8057 756
8058 756
8059 756
8060 756
8061 714
8062 834
8063 756
8064 756
8065 756
8066 756
8067 756
8068 798
8069 756
8070 756
8071 756
8072 756
8073 756
8074 756
8075 756
8076 744
8077 756
8078 798
8079 756
8080 756
8081 756
8082 756
8083 756
8084 798
8085 798
8086 756
8087 756
8088 756
8089 798
8090 798
8091 756
8092 756
8093 756
8094 756
8095 756
8096 798
8097 756
8098 756
8099 798
8100 756
8101 798
8102 798
8103 756
8104 756
8105 798
8106 756
8107 714
8108 798
8109 756
8110 756
8111 840
8112 828
8113 798
8114 798
8115 840
8116 756
8117 798
8118 786
8119 756
8120 786
8121 798
8122 744
8123 798
8124 756
8125 786
8126 714
8127 714
8128 714
8129 756
8130 714
8131 882
8132 714
8133 672
8134 756
8135 714
8136 714
8137 816
8138 702
8139 756
8140 756
8141 714
8142 714
8143 714
8144 756
8145 756
8146 672
8147 714
8148 714
8149 786
8150 714
8151 756
8152 714
8153 714
8154 714
8155 786
8156 756
8157 714
8158 714
8159 714
8160 756
8161 714
8162 756
8163 714
8164 732
8165 714
8166 714
8167 798
8168 756
8169 714
8170 756
8171 714
8172 756
8173 756
8174 798
8175 798
8176 714
8177 798
8178 714
8179 786
8180 714
8181 714
8182 714
8183 744
8184 798
8185 714
8186 714
8187 714
8188 714
8189 714
8190 714
8191 714
8192 756
8193 714
8194 714
8195 714
8196 714
8197 672
8198 714
8199 714
8200 714
8201 714
8202 714
8203 714
8204 714
8205 714
8206 798
8207 798
8208 714
8209 798
8210 714
8211 714
8212 714
8213 798
8214 756
8215 714
8216 714
8217 714
8218 714
8219 756
8220 714
8221 714
8222 756
8223 714
8224 714
8225 744
8226 714
8227 714
8228 714
8229 714
8230 714
8231 714
8232 756
8233 714
8234 744
8235 714
8236 756
8237 714
8238 732
8239 798
8240 732
8241 732
8242 714
8243 714
8244 714
8245 756
8246 756
8247 714
8248 714
8249 714
8250 756
8251 756
8252 714
8253 756
8254 714
8255 798
8256 702
8257 798
8258 774
8259 744
8260 744
8261 756
8262 756
8263 798
8264 756
8265 714
8266 744
8267 744
8268 756
8269 756
8270 798
8271 756
8272 756
8273 798
8274 702
8275 756
8276 756
8277 756
8278 756
8279 756
8280 744
8281 756
8282 798
8283 744
8284 798
8285 1236
8286 756
8287 798
8288 756
8289 786
8290 756
8291 756
8292 756
8293 756
8294 756
8295 756
8296 744
8297 756
8298 756
8299 798
8300 756
8301 756
8302 714
8303 756
8304 756
8305 744
8306 756
8307 714
8308 798
8309 756
8310 744
8311 756
8312 756
8313 798
8314 756
8315 756
8316 756
8317 798
8318 756
8319 798
8320 756
8321 798
8322 756
8323 756
8324 798
8325 798
8326 756
8327 840
8328 744
8329 798
8330 744
8331 756
8332 756
8333 756
8334 714
8335 756
8336 756
8337 756
8338 798
8339 756
8340 756
8341 714
8342 756
8343 798
8344 840
8345 798
8346 756
8347 756
8348 756
8349 756
8350 756
8351 714
8352 756
8353 756
8354 756
8355 756
8356 756
8357 786
8358 756
8359 756
8360 756
8361 714
8362 744
8363 756
8364 798
8365 798
8366 756
8367 756
8368 798
8369 798
8370 714
8371 714
8372 714
8373 714
8374 714
8375 714
8376 756
8377 756
8378 714
8379 756
8380 714
8381 756
8382 756
8383 816
8384 756
8385 714
8386 714
8387 774
8388 714
8389 756
8390 714
8391 714
8392 756
8393 774
8394 732
8395 732
8396 732
8397 732
8398 714
8399 714
8400 714
8401 702
8402 714
8403 744
8404 714
8405 714
8406 732
8407 720
8408 774
8409 714
8410 732
8411 732
8412 720
8413 798
8414 672
8415 714
8416 714
8417 744
8418 744
8419 714
8420 774
8421 732
8422 732
8423 714
8424 714
8425 744
8426 714
8427 714
8428 756
8429 714
8430 756
8431 714
8432 714
8433 744
8434 714
8435 714
8436 714
8437 714
8438 762
8439 744
8440 714
8441 714
8442 756
8443 714
8444 714
8445 756
8446 714
8447 714
8448 714
8449 714
8450 798
8451 714
8452 798
8453 756
8454 714
8455 714
8456 714
8457 786
8458 732
8459 714
8460 756
8461 714
8462 714
8463 714
8464 714
8465 714
8466 756
8467 714
8468 756
8469 732
8470 732
8471 702
8472 714
8473 816
8474 756
8475 714
8476 714
8477 672
8478 786
8479 714
8480 774
8481 714
8482 756
8483 744
8484 714
8485 714
8486 714
8487 756
8488 714
8489 714
8490 714
8491 660
8492 714
8493 756
8494 714
8495 744
8496 714
8497 798
8498 744
8499 702
8500 714
8501 714
8502 744
8503 786
8504 786
8505 714
8506 702
8507 714
8508 714
8509 714
8510 756
8511 798
8512 744
8513 714
8514 714
8515 732
8516 714
8517 756
8518 714
8519 714
8520 756
8521 756
8522 714
8523 756
8524 714
8525 756
8526 714
8527 714
8528 756
8529 798
8530 744
8531 714
8532 714
8533 756
8534 714
8535 714
8536 756
8537 714
8538 714
8539 714
8540 714
8541 756
8542 714
8543 714
8544 714
8545 714
8546 714
8547 714
8548 714
8549 714
8550 714
8551 714
8552 756
8553 714
8554 798
8555 714
8556 714
8557 756
8558 714
8559 714
8560 714
8561 756
8562 744
8563 714
8564 714
8565 714
8566 714
8567 714
8568 714
8569 756
8570 756
8571 756
8572 714
8573 714
8574 714
8575 756
8576 714
8577 714
8578 714
8579 714
8580 660
8581 714
8582 714
8583 798
8584 744
8585 672
8586 756
8587 714
8588 744
8589 714
8590 714
8591 786
8592 756
8593 756
8594 882
8595 714
8596 714
8597 756
8598 714
8599 714
8600 714
8601 714
8602 714
8603 714
8604 714
8605 714
8606 714
8607 714
8608 756
8609 714
8610 714
8611 714
8612 714
8613 714
8614 714
8615 756
8616 714
8617 756
8618 798
8619 714
8620 714
8621 756
8622 798
8623 714
8624 714
8625 714
8626 714
8627 714
8628 714
8629 756
8630 714
8631 714
8632 714
8633 714
8634 714
8635 714
8636 756
8637 714
Unexpected message received for job 1043199
8638 714
8639 714
8640 714
8641 798
8642 714
8643 798
8644 714
8645 714
8646 714
8647 798
8648 714
Unexpected message received for job 1043199
8649 714
8650 756
8651 714
8652 714
8653 714
8654 798
8655 714
8656 714
8657 714
8658 756
8659 714
8660 798
8661 714
8662 756
8663 714
8664 756
8665 714
8666 756
8667 756
8668 714
8669 786
8670 756
8671 714
8672 714
8673 714
8674 756
8675 714
8676 714
8677 714
8678 756
8679 714
8680 702
8681 714
8682 714
8683 714
8684 702
8685 714
8686 744
8687 714
8688 786
8689 798
8690 714
8691 714
8692 714
8693 714
8694 714
8695 786
8696 714
8697 714
8698 798
8699 756
8700 744
8701 714
8702 714
8703 714
8704 798
8705 756
8706 714
8707 756
8708 714
8709 714
8710 714
8711 714
8712 786
8713 714
8714 756
8715 714
8716 714
8717 714
8718 714
8719 756
8720 714
8721 702
8722 714
8723 714
8724 714
8725 714
8726 756
8727 756
8728 756
8729 714
8730 756
8731 756
8732 714
8733 702
8734 714
8735 756
8736 756
8737 714
8738 714
8739 756
8740 756
8741 714
8742 714
8743 714
8744 756
8745 756
8746 714
8747 714
8748 714
8749 714
8750 714
8751 744
8752 798
8753 756
8754 714
8755 714
8756 714
8757 714
8758 756
8759 732
8760 714
8761 714
8762 798
8763 756
8764 714
8765 714
8766 756
8767 714
8768 732
8769 756
8770 714
8771 756
8772 756
8773 714
8774 744
8775 714
8776 714
8777 714
8778 714
8779 714
8780 714
8781 714
8782 714
8783 798
8784 714
8785 714
8786 774
8787 714
8788 714
8789 798
8790 714
8791 714
8792 714
8793 714
8794 714
8795 732
8796 714
8797 774
8798 756
8799 714
8800 732
8801 714
8802 714
8803 714
8804 714
8805 714
8806 714
8807 714
8808 744
8809 756
8810 756
8811 714
8812 714
8813 744
8814 756
8815 714
8816 714
8817 714
8818 798
8819 714
8820 798
8821 756
8822 714
8823 714
8824 714
8825 834
8826 702
8827 714
8828 714
8829 714
8830 744
8831 756
8832 756
8833 756
8834 756
8835 714
8836 702
8837 714
8838 714
8839 714
8840 714
8841 756
8842 714
8843 714
8844 714
8845 714
8846 756
8847 714
8848 714
8849 714
8850 714
8851 714
8852 714
8853 714
8854 756
8855 714
8856 714
8857 714
8858 714
8859 756
8860 714
8861 714
8862 714
8863 702
8864 714
8865 798
8866 714
8867 714
8868 714
8869 714
8870 714
8871 756
8872 714
8873 714
8874 714
8875 714
8876 756
8877 714
8878 798
8879 714
8880 714
8881 714
8882 714
8883 672
8884 756
8885 714
8886 714
8887 714
8888 714
8889 756
8890 714
8891 714
8892 756
8893 714
8894 756
8895 756
8896 756
8897 714
8898 690
8899 714
8900 714
8901 714
8902 828
8903 714
8904 714
8905 714
8906 714
8907 756
8908 756
8909 732
8910 732
8911 714
8912 714
8913 714
8914 714
8915 714
8916 714
8917 714
8918 714
8919 714
8920 756
8921 744
8922 714
8923 714
8924 672
8925 756
8926 714
8927 756
8928 714
8929 714
8930 714
8931 714
8932 756
8933 714
8934 756
8935 714
8936 756
8937 714
8938 756
8939 756
8940 756
8941 714
8942 756
8943 756
8944 714
8945 714
8946 744
8947 714
8948 714
8949 714
8950 714
8951 672
8952 714
8953 714
8954 714
8955 714
8956 714
8957 714
8958 714
8959 744
8960 714
8961 714
8962 714
8963 756
8964 732
8965 744
8966 714
8967 744
8968 870
8969 774
8970 756
8971 756
8972 732
8973 714
8974 756
8975 798
8976 714
8977 756
8978 672
8979 756
8980 714
8981 714
8982 798
8983 714
8984 756
8985 756
8986 756
8987 714
8988 714
8989 714
8990 756
8991 714
8992 714
8993 714
8994 756
8995 672
8996 714
8997 756
8998 714
8999 798
9000 714
9001 714
9002 714
9003 714
9004 714
9005 714
9006 714
9007 714
9008 714
9009 714
9010 714
9011 732
9012 714
9013 774
9014 714
9015 714
9016 714
9017 756
9018 714
9019 756
9020 756
9021 756
9022 756
9023 798
9024 744
9025 732
9026 732
9027 714
9028 756
9029 714
9030 714
9031 714
9032 714
9033 714
9034 714
9035 714
9036 714
9037 756
9038 714
9039 714
9040 714
9041 714
9042 756
9043 798
9044 714
9045 756
9046 756
9047 756
9048 714
9049 756
9050 714
9051 714
9052 714
9053 756
9054 714
9055 714
9056 798
9057 714
9058 756
9059 714
9060 756
9061 714
9062 714
9063 714
9064 756
9065 714
9066 798
9067 714
9068 714
9069 714
9070 714
9071 714
9072 756
9073 714
9074 714
9075 714
9076 756
9077 732
9078 714
9079 714
9080 714
9081 714
9082 714
9083 732
9084 714
9085 714
9086 714
9087 714
9088 756
9089 714
9090 714
9091 756
9092 756
9093 714
9094 714
9095 714
9096 756
9097 714
9098 714
9099 756
9100 756
9101 714
9102 702
9103 714
9104 714
9105 714
9106 714
9107 714
9108 702
9109 714
9110 714
9111 774
9112 702
9113 714
9114 702
9115 756
9116 714
9117 702
9118 702
9119 702
9120 714
9121 744
9122 756
9123 744
9124 702
9125 702
9126 756
9127 702
9128 732
9129 714
9130 702
9131 714
9132 714
9133 714
9134 714
9135 714
9136 756
9137 714
9138 714
9139 798
9140 714
9141 714
9142 714
9143 756
9144 714
9145 756
9146 714
9147 702
9148 714
9149 756
9150 756
9151 756
9152 756
9153 672
9154 714
9155 714
9156 756
9157 714
9158 714
9159 744
9160 756
9161 714
9162 714
9163 714
9164 732
9165 714
9166 756
9167 756
9168 672
9169 714
9170 756
9171 714
9172 756
9173 702
9174 702
9175 756
9176 702
9177 702
9178 702
9179 714
9180 756
9181 714
9182 702
9183 756
9184 714
9185 714
9186 714
9187 714
9188 714
9189 756
9190 756
9191 714
9192 714
9193 756
9194 714
9195 714
9196 744
9197 798
9198 714
9199 714
9200 714
9201 714
9202 744
9203 756
9204 720
9205 756
9206 714
9207 672
9208 744
9209 732
9210 714
9211 756
9212 756
9213 714
9214 756
9215 744
9216 744
9217 756
9218 714
9219 714
9220 744
9221 714
9222 714
9223 714
9224 714
9225 672
9226 672
9227 714
9228 756
9229 756
9230 756
9231 756
9232 714
9233 756
9234 714
9235 756
9236 744
9237 756
9238 744
9239 756
9240 756
9241 756
9242 756
9243 744
9244 744
9245 714
9246 798
9247 714
9248 756
9249 714
9250 714
9251 714
9252 714
9253 714
9254 756
9255 714
9256 756
9257 714
9258 714
9259 756
9260 756
9261 756
9262 714
9263 714
9264 756
9265 756
9266 798
9267 714
9268 798
9269 756
9270 798
9271 756
9272 756
9273 756
9274 756
9275 744
9276 798
9277 756
9278 798
9279 786
9280 756
9281 756
9282 714
9283 714
9284 756
9285 756
9286 756
9287 756
9288 798
9289 756
9290 756
9291 756
9292 756
9293 756
9294 756
9295 756
9296 756
9297 840
9298 756
9299 714
9300 756
9301 756
9302 744
9303 756
9304 756
9305 756
9306 756
9307 756
9308 756
9309 756
9310 756
9311 756
9312 756
9313 798
9314 714
9315 756
9316 756
9317 756
9318 756
9319 714
9320 756
9321 756
9322 714
9323 714
9324 714
9325 798
9326 798
9327 756
9328 756
9329 714
9330 798
9331 714
9332 744
9333 798
9334 756
9335 756
9336 756
9337 714
9338 714
9339 714
9340 714
9341 756
9342 714
9343 744
9344 756
9345 756
9346 756
9347 714
9348 756
9349 798
9350 714
9351 756
9352 774
9353 744
9354 756
9355 756
9356 756
9357 756
9358 798
9359 714
9360 744
9361 756
9362 714
9363 756
9364 756
9365 756
9366 744
9367 714
9368 714
9369 756
9370 756
9371 756
9372 756
9373 744
9374 672
9375 732
9376 756
9377 714
9378 714
9379 798
9380 714
9381 756
9382 714
9383 714
9384 714
9385 714
9386 798
9387 744
9388 786
9389 798
9390 744
9391 744
9392 798
9393 744
9394 714
9395 714
9396 714
9397 756
9398 756
9399 744
9400 744
9401 732
9402 744
9403 744
9404 774
9405 744
9406 774
9407 702
9408 714
9409 732
9410 744
9411 744
9412 774
9413 744
9414 774
9415 660
9416 744
9417 732
9418 744
9419 744
9420 786
9421 786
9422 744
9423 702
9424 702
9425 756
9426 702
9427 786
9428 744
9429 744
9430 744
9431 828
9432 744
9433 702
9434 744
9435 702
9436 702
9437 732
9438 744
9439 744
9440 744
9441 744
9442 702
9443 786
9444 744
9445 744
9446 744
9447 744
9448 744
9449 732
9450 744
9451 786
9452 714
9453 744
9454 744
9455 744
9456 744
9457 744
9458 744
9459 714
9460 744
9461 744
9462 744
9463 744
9464 744
9465 744
9466 744
9467 744
9468 744
9469 744
9470 702
9471 744
9472 744
9473 690
9474 744
9475 774
9476 702
9477 744
9478 744
9479 744
9480 744
9481 732
9482 714
9483 744
9484 744
9485 744
9486 744
9487 744
9488 744
9489 744
9490 744
9491 702
9492 744
9493 702
9494 744
9495 744
9496 744
9497 702
9498 744
9499 744
9500 756
9501 744
9502 744
9503 744
9504 828
9505 744
9506 744
9507 744
9508 828
9509 744
9510 744
9511 702
9512 744
9513 774
9514 702
9515 744
9516 786
9517 744
9518 744
9519 786
9520 714
9521 744
9522 744
9523 756
9524 744
9525 744
9526 744
9527 744
9528 744
9529 744
9530 756
9531 744
9532 744
9533 702
9534 702
9535 744
9536 744
9537 786
9538 744
9539 744
9540 786
9541 714
9542 744
9543 744
9544 744
9545 744
9546 744
9547 744
9548 744
9549 744
9550 744
9551 702
9552 702
9553 786
9554 744
9555 744
9556 744
9557 744
9558 786
9559 744
9560 744
9561 744
9562 714
9563 744
9564 744
9565 756
9566 828
9567 744
9568 744
9569 744
9570 702
9571 702
9572 702
9573 744
9574 840
9575 744
9576 744
9577 756
9578 744
9579 744
9580 786
9581 744
9582 702
9583 744
9584 744
9585 786
9586 714
9587 744
9588 744
9589 714
9590 744
9591 744
9592 744
9593 744
9594 756
9595 774
9596 744
9597 714
9598 744
9599 786
9600 756
9601 702
9602 744
9603 702
9604 744
9605 744
9606 744
9607 744
9608 744
9609 744
9610 744
9611 714
9612 714
9613 744
9614 702
9615 714
9616 744
9617 690
9618 744
9619 744
9620 744
9621 786
9622 744
9623 744
9624 744
9625 744
9626 744
9627 744
9628 744
9629 744
9630 786
9631 714
9632 744
9633 744
9634 744
9635 756
9636 744
9637 744
9638 732
9639 744
9640 744
9641 714
9642 744
9643 744
9644 744
9645 702
9646 774
9647 714
9648 744
9649 744
9650 786
9651 732
9652 744
9653 744
9654 744
9655 744
9656 744
9657 744
9658 744
9659 744
9660 744
9661 702
9662 714
9663 744
9664 744
9665 744
9666 744
9667 756
9668 744
9669 774
9670 744
9671 744
9672 744
9673 744
9674 744
9675 744
9676 702
9677 744
9678 744
9679 702
9680 744
9681 744
9682 828
9683 744
9684 702
9685 702
9686 744
9687 786
9688 744
9689 672
9690 744
9691 660
9692 744
9693 702
9694 786
9695 660
9696 660
9697 744
9698 702
9699 744
9700 786
9701 744
9702 702
9703 744
9704 744
9705 744
9706 744
9707 786
9708 744
9709 744
9710 702
9711 702
9712 786
9713 786
9714 744
9715 744
9716 744
9717 744
9718 828
9719 744
9720 744
9721 786
9722 744
9723 702
9724 744
9725 714
9726 744
9727 744
9728 660
9729 714
9730 744
9731 786
9732 744
9733 690
9734 786
9735 744
9736 744
9737 714
9738 744
9739 744
9740 744
9741 702
9742 744
9743 744
9744 744
9745 714
9746 786
9747 786
9748 786
9749 744
9750 744
9751 744
9752 714
9753 744
9754 744
9755 744
9756 744
9757 744
9758 786
9759 744
9760 828
9761 744
9762 744
9763 744
9764 744
9765 720
9766 744
9767 744
9768 744
9769 714
9770 744
9771 744
9772 744
9773 786
9774 786
9775 744
9776 744
9777 744
9778 744
9779 828
9780 744
9781 762
9782 744
9783 786
9784 678
9785 744
9786 744
9787 714
9788 744
9789 702
9790 708
9791 702
9792 714
9793 744
9794 744
9795 714
9796 744
9797 744
9798 744
9799 744
9800 744
9801 744
9802 744
9803 744
9804 744
9805 744
9806 744
9807 744
9808 744
9809 744
9810 672
9811 744
9812 744
9813 744
9814 702
9815 744
9816 744
9817 732
9818 744
9819 750
9820 702
9821 744
9822 744
9823 714
9824 744
9825 744
9826 786
9827 744
9828 786
9829 744
9830 786
9831 744
9832 744
9833 744
9834 744
9835 744
9836 744
9837 744
9838 744
9839 744
9840 744
9841 744
9842 744
9843 744
9844 786
9845 702
9846 744
9847 744
9848 744
9849 786
9850 744
9851 744
9852 744
9853 702
9854 786
9855 744
9856 714
9857 744
9858 714
9859 702
9860 744
9861 702
9862 714
9863 744
9864 786
9865 744
9866 744
9867 714
9868 702
9869 744
9870 744
9871 744
9872 744
9873 744
9874 744
9875 714
9876 744
9877 828
9878 744
9879 744
9880 744
9881 702
9882 786
9883 744
9884 744
9885 744
9886 744
9887 714
9888 744
9889 744
9890 786
9891 714
9892 720
9893 744
9894 714
9895 702
9896 702
9897 702
9898 744
9899 714
9900 744
9901 744
9902 744
9903 744
9904 786
9905 744
9906 744
9907 714
9908 744
9909 786
9910 660
9911 732
9912 702
9913 744
9914 744
9915 744
9916 702
9917 744
9918 744
9919 756
9920 672
9921 744
9922 744
9923 702
9924 786
9925 690
9926 744
9927 744
9928 744
9929 744
9930 840
9931 744
9932 744
9933 744
9934 744
9935 714
9936 732
9937 744
9938 744
9939 846
9940 744
9941 786
9942 702
9943 744
9944 744
9945 744
9946 786
9947 744
9948 744
9949 744
9950 774
9951 744
9952 744
9953 786
9954 744
9955 786
9956 828
9957 756
9958 786
9959 744
9960 744
9961 744
9962 786
9963 774
9964 744
9965 786
9966 774
9967 732
9968 744
9969 744
9970 774
9971 744
9972 732
9973 744
9974 744
9975 804
9976 828
9977 744
9978 744
9979 744
9980 744
9981 744
9982 744
9983 744
9984 798
9985 756
9986 744
9987 744
9988 744
9989 744
9990 786
9991 744
9992 786
9993 786
9994 786
9995 786
9996 798
9997 744
9998 798
9999 846
Record :  630
