0 0
1 1302
2 1350
3 2796
4 1878
5 1830
6 1206
7 1278
8 1632
9 1686
10 2118
11 1908
12 2010
13 1926
14 1956
15 3474
16 2388
17 2892
18 2610
19 2556
20 3438
21 2058
22 3258
23 2424
24 3456
25 2928
26 5070
27 3672
28 4032
29 3510
30 2946
31 354
32 162
33 3534
34 2844
35 4110
36 8082
37 6252
38 4392
39 4770
40 5634
41 5796
42 4734
43 6858
44 6078
45 4614
46 348
47 4128
48 4536
49 5376
50 6090
51 4578
52 162
53 162
54 4698
55 2076
56 7770
57 9000
58 5964
59 6480
60 7092
61 7764
62 5706
63 162
64 162
65 162
66 162
67 162
68 6936
69 5964
70 6600
71 8082
72 5814
73 5838
74 5772
75 162
76 162
77 4758
78 5970
79 5154
80 162
81 162
82 162
83 162
84 162
85 162
86 162
87 162
88 162
89 162
90 162
91 162
92 162
93 162
94 5976
95 162
96 162
97 7344
98 162
99 162
100 162
101 162
102 162
103 162
104 162
105 5694
106 162
107 162
108 162
109 162
110 162
111 162
112 6588
113 162
114 162
115 162
116 162
117 162
118 162
119 162
120 162
121 162
122 162
123 162
124 162
125 8232
126 7782
127 4914
128 162
129 6618
130 8076
131 6918
132 4632
133 6594
134 5466
135 6330
136 6438
137 7704
138 6990
139 7764
140 4908
141 5394
142 5220
143 8418
144 6270
145 7782
146 5574
Unexpected message received for job 1044338
147 7776
Unexpected message received for job 1044338
148 5214
149 7764
150 162
151 162
152 162
153 162
154 162
155 162
156 162
157 162
158 162
159 162
160 162
161 162
162 162
163 162
164 7776
165 162
166 162
167 162
168 162
169 162
170 162
171 162
172 162
173 162
174 162
175 7680
176 7476
177 6276
178 6282
179 5376
180 5934
181 5916
182 7500
183 7464
184 3306
185 6276
186 7482
187 7776
188 7488
189 7776
190 6264
191 7482
192 5532
193 7356
194 4704
195 5544
196 6288
197 7476
198 7788
199 5460
200 7464
201 5910
202 6624
203 5076
204 6144
205 7764
206 6624
207 6270
208 7998
209 7770
210 7776
211 162
212 162
213 162
214 162
215 162
216 162
217 162
218 162
219 162
220 5172
221 7986
222 7782
223 6330
224 6264
225 7992
226 4986
227 6246
228 6588
229 6588
230 5652
231 5220
232 8010
233 7770
234 8100
235 6726
236 5604
237 162
238 162
239 6144
240 162
241 6228
242 2862
243 162
244 162
245 162
246 162
247 162
248 162
249 6900
250 6288
251 5538
252 6522
253 7776
254 7788
255 7458
256 6558
257 4968
258 5766
259 5952
260 6306
261 5286
262 5508
263 7770
264 7764
265 8016
266 7122
267 4782
268 7686
269 162
270 162
271 426
272 7788
273 4266
274 5334
275 8088
276 6624
277 5934
278 7170
279 7776
280 4488
281 6582
282 6246
283 6618
284 7800
285 7470
286 3180
287 5664
288 3516
289 7476
290 5988
291 7188
292 5544
293 6906
294 4830
295 3840
296 5220
297 6654
298 6132
299 162
300 162
301 162
302 162
303 162
304 162
305 162
306 7776
307 4314
308 6672
309 6636
310 6258
311 5994
312 5718
313 4824
314 7782
315 5244
316 6090
317 8088
318 7782
319 7404
320 7740
321 7476
322 7152
323 7782
324 6648
325 6984
326 6978
327 7770
328 6966
329 6564
330 7776
331 5496
332 7476
333 5868
334 4716
335 5958
336 3852
337 7764
338 7452
339 5550
340 6408
341 4710
342 7698
343 5202
344 6282
345 5202
346 162
347 3576
348 7770
349 6528
350 7350
351 7776
352 4920
353 4866
354 6318
355 8406
356 8406
357 6246
358 7476
359 4248
360 5814
361 7044
362 4986
363 5376
364 4608
365 6924
366 8406
367 4890
368 162
369 162
370 162
371 162
372 162
373 6594
374 5622
375 5322
376 3390
377 6600
378 6318
379 7470
380 6294
381 6294
382 7482
383 7500
384 6276
385 3720
386 6192
387 6558
388 7986
389 7764
390 7050
391 5442
392 5736
393 5820
394 4266
395 7782
396 7986
397 6834
398 7764
399 6276
400 7044
401 8070
402 5412
403 6384
404 7764
405 4848
406 4464
407 6240
408 6726
409 7386
410 162
411 162
412 162
413 162
414 162
415 162
416 162
417 5928
418 8004
419 7770
420 7140
421 4578
422 6252
423 5010
424 7686
425 6576
426 6444
427 7482
428 3522
429 6024
430 5736
431 5298
432 6864
433 6156
434 6252
435 5430
436 7488
437 7386
438 6186
439 4788
440 6324
441 4758
442 7668
443 4464
444 6624
445 6000
446 7758
447 7464
448 7470
449 5310
450 162
451 5106
452 162
453 162
454 162
455 162
456 162
457 162
458 4956
459 5196
460 7470
461 6894
462 8070
463 6360
464 6594
465 162
466 162
467 7314
468 162
469 162
470 162
471 162
472 162
473 7788
474 162
475 6246
476 426
477 5694
478 6378
479 7782
480 7770
481 8094
482 6588
483 8418
484 7194
485 5520
486 8310
487 4758
488 7176
489 7296
490 162
491 162
492 162
493 8004
494 6372
495 7686
496 6894
497 3780
498 5766
499 162
500 8088
501 8070
502 162
503 162
504 162
505 162
506 7158
507 162
508 162
509 162
510 7302
511 6402
512 162
513 162
514 7788
515 162
516 162
517 162
518 5256
519 7764
520 7782
521 6576
522 6282
523 4872
524 6666
525 6276
526 6282
527 5598
528 6570
529 7758
Unexpected message received for job 1044338
530 6066
531 7776
Unexpected message received for job 1044338
532 6024
533 4818
534 4746
535 8100
536 7452
537 7776
538 6594
539 7242
540 6264
541 7788
542 6792
543 6606
544 6294
545 7776
546 4728
547 6264
548 7674
549 7674
550 6420
551 6768
552 6294
553 6216
554 6288
555 4794
556 4470
557 5166
558 5958
559 7374
560 6024
561 4794
562 6498
563 6570
564 7788
565 6534
566 6252
567 6264
568 7470
569 8490
570 4764
571 6588
572 6282
573 5826
574 6450
575 7470
576 6582
577 5586
578 7764
579 4356
580 6564
581 7248
582 4998
583 7788
584 7476
585 162
586 162
587 6642
588 7488
589 7788
590 7728
591 6216
592 4440
593 7050
594 7482
595 5280
596 5298
597 7458
598 7776
599 3888
600 5730
601 5448
602 8424
603 6654
604 5802
605 6582
606 6516
607 4926
608 6276
609 6270
610 5988
611 6258
612 7308
613 6846
614 4938
615 6264
616 5358
617 4986
618 6774
619 8280
620 8406
621 6252
622 4878
623 5286
624 7344
625 162
626 162
627 162
628 162
629 162
630 162
631 162
632 162
633 162
634 162
635 162
636 162
637 5940
638 162
639 162
640 162
641 162
642 162
643 5028
644 6822
645 5238
646 7170
647 7776
648 162
649 6294
650 7680
651 7206
652 6060
653 4488
654 5658
655 7440
656 6588
657 5838
658 8094
659 7776
660 7788
661 5850
662 4266
663 6912
664 7296
665 7782
666 4902
667 6264
668 7152
669 5748
670 6030
671 6864
672 6708
673 6240
674 6684
675 5226
676 6276
677 4470
678 8064
679 4260
680 5640
681 6894
682 7290
683 6258
684 5430
685 7482
686 7200
687 7764
688 8400
689 6852
690 444
691 6588
692 7764
693 6816
694 6156
695 6882
696 6264
697 4284
698 4998
699 7368
700 4584
701 4506
702 2982
703 162
704 162
705 162
706 7776
707 6870
708 6486
709 5322
710 4554
711 6870
712 5472
713 7350
714 6264
715 5514
716 6288
717 7158
718 6618
719 7704
720 4692
721 7044
722 5154
723 7770
724 5370
725 7794
726 6624
727 4560
728 6276
729 4986
730 6162
731 4878
732 4956
733 7500
734 5334
735 6246
736 6246
737 4806
738 5076
739 6582
740 7686
741 4758
742 7608
743 4584
744 5496
745 6930
746 6588
747 7698
748 7170
749 5802
750 8412
751 6738
752 6576
753 6876
754 6582
755 6594
756 6576
757 7272
758 6036
759 7488
760 4680
761 4890
762 7308
763 162
764 162
765 7248
766 5586
767 6012
768 7170
769 4134
770 7470
771 6864
772 5640
773 7956
774 6876
775 7482
776 5100
777 6444
778 6252
779 6468
780 3954
781 6252
782 5202
783 5250
784 7050
785 8070
786 8418
787 8406
788 6576
789 6270
790 6012
791 8418
792 8418
793 7482
794 7488
795 6564
796 6144
797 8400
798 5310
799 7770
800 5088
801 8400
802 7470
803 6348
804 5760
805 7980
806 6150
807 5166
808 5826
809 4212
810 6918
811 3954
812 7800
813 6972
814 6942
815 8022
816 6390
817 4650
818 6708
819 7074
820 684
821 6858
822 7200
823 5886
824 6282
825 5976
826 6582
827 6126
828 162
829 162
830 162
831 162
832 5718
833 5898
834 5526
835 5766
836 6828
837 5394
838 6588
839 5442
840 7776
841 5886
842 7152
843 5142
844 7494
845 7470
846 4740
847 5412
848 4944
849 6588
850 7986
851 6018
852 7464
Unexpected message received for job 1044338
853 6750
Unexpected message received for job 1044338
854 5358
855 6882
856 6450
857 7182
858 8004
859 7710
860 7998
861 6864
862 7476
863 7686
864 6570
865 7476
866 5772
867 6306
868 7764
869 7776
870 6276
871 7398
872 7386
873 6246
874 6882
875 7770
876 7788
877 5082
878 7734
879 6246
880 5520
881 6294
882 5436
883 6300
884 7056
885 5172
886 4566
887 5844
888 5760
889 4668
890 7488
891 4836
892 8076
893 5196
894 7404
895 7476
896 5574
897 6816
898 8418
899 5736
900 8418
901 7368
902 6282
903 8268
904 7362
905 8406
906 7668
907 6900
908 7044
909 7152
910 6240
911 7764
912 7176
913 8136
914 7464
915 6606
916 8556
917 7476
918 6282
919 6570
920 5460
921 7482
922 4596
923 8088
924 4566
925 6294
926 7164
927 5352
928 8418
929 6462
930 7782
931 5382
932 6876
933 6870
934 5256
935 7398
936 8214
937 8412
938 7794
939 5718
940 7086
941 7782
942 6234
943 8424
944 6366
945 7884
946 5406
947 6264
948 7476
949 5694
950 6576
951 7110
952 6240
953 3900
954 6870
955 6414
956 6780
957 8388
958 6264
959 6864
960 6888
961 7782
962 6870
963 6906
964 7770
965 6906
966 5634
967 5418
968 6270
969 7980
970 4932
971 6318
972 7488
973 7404
974 5598
975 4842
976 6282
977 5844
978 5424
979 6000
980 7476
981 6294
982 7782
983 7176
984 7692
985 3792
986 162
987 7176
988 3654
989 162
990 162
991 162
992 162
993 7704
994 4422
995 6612
996 6264
997 6270
998 3576
999 7068
1000 6792
1001 5670
1002 5400
1003 6270
1004 7050
1005 6270
1006 5616
1007 6312
1008 7764
1009 5988
1010 5400
1011 6228
1012 6582
1013 8004
1014 6522
1015 6576
1016 7368
1017 6714
1018 6264
1019 6600
1020 7254
1021 6114
1022 7452
1023 5058
1024 5538
1025 6786
1026 6432
1027 162
1028 162
1029 7788
1030 8064
1031 8010
1032 7764
1033 4536
1034 5124
1035 6264
1036 7068
1037 5958
1038 7722
1039 8064
1040 6594
1041 162
1042 162
1043 162
1044 162
1045 162
1046 162
1047 7668
1048 6132
1049 6576
1050 7470
1051 5862
1052 6558
1053 7362
1054 4896
1055 6570
1056 6282
1057 5250
1058 5760
1059 6648
1060 6204
1061 6624
1062 6270
1063 6768
1064 6672
1065 5532
1066 5850
1067 7776
1068 4968
1069 6264
1070 6030
1071 4548
1072 3450
1073 4728
1074 6570
1075 6378
1076 6462
1077 5448
1078 4740
1079 5406
1080 4854
1081 7338
1082 5568
1083 6288
1084 6594
1085 7056
1086 3528
1087 6018
1088 6294
1089 5502
1090 8412
1091 6270
1092 6570
1093 4776
1094 7884
1095 7788
1096 5436
1097 7638
1098 8082
1099 6594
1100 7236
1101 6252
1102 5766
1103 4662
1104 5628
1105 7050
1106 7992
1107 6582
1108 5376
1109 7176
1110 5400
1111 5814
1112 7494
1113 6582
1114 7392
1115 7530
1116 7944
1117 6270
1118 6582
1119 4980
1120 5568
1121 6258
1122 4806
1123 5646
1124 5442
1125 6906
1126 7686
1127 6258
1128 6276
1129 7770
1130 5166
1131 3408
1132 4278
1133 7476
1134 4962
1135 7698
1136 6282
1137 7590
1138 4890
1139 6264
1140 6258
1141 7488
1142 3786
1143 7698
1144 6630
1145 5004
1146 3108
1147 7482
1148 8064
1149 7044
1150 5790
1151 6984
1152 6258
1153 5556
1154 7470
1155 6210
1156 4518
1157 6606
1158 5658
Unexpected message received for job 1044338
1159 7374
Unexpected message received for job 1044338
1160 5958
1161 7764
1162 6108
1163 7788
1164 6468
1165 4986
1166 6780
1167 6786
1168 5130
1169 6276
1170 7794
1171 7782
1172 6978
1173 6912
1174 6594
1175 4122
1176 5328
1177 6288
1178 7776
1179 4968
1180 5658
1181 6036
1182 7356
1183 7722
1184 6582
1185 5466
1186 7350
1187 5184
1188 7386
1189 6978
1190 4194
1191 6270
1192 7764
1193 5424
1194 7470
1195 5148
1196 6972
1197 7806
1198 4776
1199 6426
1200 6366
1201 6792
1202 5394
1203 6636
1204 6846
1205 8136
1206 7392
1207 6282
1208 162
1209 162
1210 162
1211 162
1212 8094
1213 162
1214 162
1215 162
1216 162
1217 162
1218 162
1219 162
1220 7632
1221 4908
1222 6762
1223 7380
1224 5070
1225 6264
1226 6264
1227 5400
1228 7470
1229 5808
1230 5760
1231 4050
1232 6870
1233 5616
1234 7374
1235 162
1236 3414
1237 6768
1238 4386
1239 6360
1240 7464
1241 7788
1242 8076
1243 6258
1244 6288
1245 7464
1246 5304
1247 7674
1248 5646
1249 7440
1250 5766
1251 7488
1252 7494
1253 7758
1254 7476
1255 5100
1256 7764
1257 5514
1258 4296
1259 7038
1260 7386
1261 8070
1262 7764
1263 4860
1264 4002
1265 5616
1266 7782
1267 6762
1268 7788
1269 7200
1270 7458
1271 4176
1272 162
1273 162
1274 162
1275 162
1276 162
1277 162
1278 3492
1279 162
1280 162
1281 5376
1282 6264
1283 6534
1284 162
1285 162
1286 162
1287 6180
1288 6582
1289 162
1290 8082
1291 7494
1292 162
1293 162
1294 6390
1295 7350
1296 6846
1297 4398
1298 7788
1299 162
1300 162
1301 162
1302 7482
1303 5094
1304 4026
1305 4266
1306 7434
1307 7152
1308 8094
1309 8076
1310 3930
1311 6978
1312 4074
1313 6888
1314 4824
1315 5082
1316 6096
1317 2934
1318 7152
1319 7494
1320 8064
1321 6294
1322 5838
1323 7764
1324 7788
1325 4830
1326 5028
1327 7464
1328 6594
1329 6390
1330 7776
1331 6012
1332 6288
1333 6864
1334 6282
1335 7482
1336 5736
1337 5946
1338 6864
1339 7464
1340 7992
1341 4992
1342 6138
1343 7464
1344 7410
1345 5514
1346 7464
1347 6000
1348 6576
1349 6174
1350 7476
1351 6354
1352 7692
1353 8172
1354 6246
1355 7764
1356 5952
1357 7458
1358 5964
1359 4206
1360 4980
1361 5496
1362 5466
1363 4830
1364 6564
1365 6750
1366 7380
1367 6288
1368 8412
1369 6222
1370 5712
1371 4734
1372 5682
1373 7260
1374 4932
1375 6282
1376 6264
1377 4320
1378 6624
1379 5634
1380 6438
1381 6864
1382 4650
1383 7164
1384 8406
1385 5412
1386 5682
1387 8094
1388 7470
1389 7026
1390 7074
1391 6900
1392 7848
1393 5628
1394 6870
1395 7776
1396 162
1397 162
1398 162
1399 162
1400 162
1401 162
1402 162
1403 162
1404 162
1405 162
1406 162
1407 162
1408 6258
1409 4776
1410 7770
1411 6096
1412 5010
1413 5166
1414 5256
1415 7608
1416 7350
1417 5682
1418 6324
1419 5772
1420 3270
1421 6042
1422 7464
1423 6894
1424 3858
1425 6270
1426 6858
1427 5682
1428 7056
1429 6492
1430 7068
1431 5910
1432 5730
1433 6984
1434 5694
1435 6552
1436 7494
1437 6246
1438 6516
1439 5598
1440 8238
1441 3642
1442 6312
1443 7302
1444 7788
1445 8994
1446 6516
1447 8088
1448 7770
1449 8070
1450 4398
1451 7692
1452 6918
1453 7140
1454 6036
1455 3450
1456 6336
1457 5484
1458 7284
1459 8082
1460 7482
1461 7464
1462 8094
1463 7782
1464 7710
1465 6726
1466 5496
1467 6720
1468 6270
1469 6888
1470 5466
1471 7782
1472 6522
1473 4854
1474 162
1475 4896
1476 3126
1477 6264
1478 3468
1479 162
1480 162
1481 162
1482 5190
1483 7896
1484 7770
1485 8100
1486 162
1487 162
1488 162
1489 5976
1490 162
1491 162
1492 8010
1493 162
1494 7716
1495 162
1496 162
1497 162
1498 162
1499 8088
1500 162
1501 162
1502 162
1503 162
1504 6912
1505 162
1506 216
1507 162
1508 162
1509 162
1510 162
1511 6264
1512 162
1513 162
1514 162
1515 162
1516 162
1517 162
1518 162
1519 162
1520 4854
1521 162
1522 162
1523 162
1524 162
1525 162
1526 162
1527 162
1528 162
1529 162
1530 7776
1531 162
1532 162
1533 7998
1534 7764
1535 162
Unexpected message received for job 1044338
1536 6900
Unexpected message received for job 1044338
1537 7464
1538 6822
1539 162
1540 162
1541 162
1542 5208
1543 162
1544 162
1545 162
1546 5982
1547 4590
1548 6978
1549 7476
1550 6288
1551 6924
1552 6294
1553 5490
1554 7464
1555 6624
1556 4728
1557 162
1558 7788
1559 7764
1560 162
1561 5958
1562 162
1563 162
1564 6894
1565 4680
1566 5388
1567 7998
1568 6906
1569 4986
1570 4836
1571 4842
1572 6582
1573 6780
1574 5214
1575 7356
1576 6630
1577 5880
1578 6396
1579 8064
1580 4380
1581 7770
1582 6000
1583 6600
1584 6018
1585 4818
1586 7044
1587 7782
1588 7290
1589 5640
1590 7284
1591 6282
1592 6090
1593 6594
1594 6264
1595 5448
1596 6426
1597 4512
1598 6306
1599 6288
1600 7782
1601 5406
1602 7182
1603 6972
1604 6246
1605 6252
1606 6732
1607 5382
1608 6894
1609 6270
1610 6252
1611 7776
1612 6210
1613 5052
1614 7752
1615 4014
1616 6276
1617 5466
1618 4572
1619 162
1620 4824
1621 7362
1622 5880
1623 5472
1624 6798
1625 4008
1626 8406
1627 7782
1628 7782
1629 7788
1630 5502
1631 6246
1632 7170
1633 7494
1634 6378
1635 7488
1636 6888
1637 8412
1638 5322
1639 8430
1640 4392
1641 6276
1642 7782
1643 6222
1644 5532
1645 6174
1646 4800
1647 5382
1648 7608
1649 7488
1650 8070
1651 6888
1652 5550
1653 4260
1654 7992
1655 6246
1656 6612
1657 7062
1658 6270
1659 5196
1660 7992
1661 5514
1662 7770
1663 5634
1664 7470
1665 7986
1666 5124
1667 7062
1668 5202
1669 5304
1670 7470
1671 4314
1672 7698
1673 6738
1674 4710
1675 6360
1676 7770
1677 7134
1678 6462
1679 5406
1680 5508
1681 6258
1682 8394
1683 6744
1684 7794
1685 6870
1686 7170
1687 6894
1688 4398
1689 6936
1690 7782
1691 162
1692 5550
1693 162
1694 162
1695 162
1696 5328
1697 162
1698 162
1699 162
1700 7008
1701 3438
1702 6276
1703 4536
1704 7416
1705 6270
1706 6042
1707 4530
1708 6684
1709 7764
1710 4428
1711 6066
1712 7374
1713 7668
1714 6252
1715 6138
1716 7782
1717 7662
1718 6252
1719 7104
1720 7398
1721 4698
1722 5688
1723 7140
1724 6132
1725 4818
1726 5280
1727 5952
1728 5286
1729 7086
1730 5418
1731 7482
1732 5748
1733 6858
1734 8100
1735 7488
1736 5862
1737 7476
1738 7776
1739 7068
1740 5160
1741 6138
1742 4986
1743 5958
1744 5646
1745 7854
1746 5820
1747 7782
1748 7350
1749 7362
1750 5694
1751 7476
1752 4200
1753 6612
1754 7158
1755 6576
1756 7770
1757 7056
1758 4566
1759 6420
1760 6864
1761 8262
1762 6228
1763 5790
1764 7512
1765 5892
1766 5610
1767 6918
1768 7188
1769 7788
1770 8412
1771 6282
1772 5928
1773 7374
1774 6396
1775 7782
1776 7488
1777 6888
1778 6732
1779 3720
1780 4524
1781 7368
1782 4848
1783 7548
1784 7686
1785 5526
1786 5142
1787 3876
1788 6576
1789 6864
1790 7122
1791 7596
1792 7692
1793 4962
1794 7776
1795 7776
1796 162
1797 7704
1798 4740
1799 5082
1800 7698
1801 5676
1802 6882
1803 5568
1804 6612
1805 4938
1806 8412
1807 7050
1808 6366
1809 8100
1810 6870
1811 6714
1812 4806
1813 5856
1814 4962
1815 6282
1816 7146
1817 8400
1818 4248
1819 5550
1820 6582
1821 5466
1822 8088
1823 6360
1824 8064
1825 6858
1826 7488
1827 8214
1828 6642
1829 7758
1830 8094
1831 4998
1832 7116
1833 3336
1834 7782
1835 6576
1836 5694
1837 6588
1838 5976
1839 6264
1840 7464
1841 4224
1842 7362
1843 7770
1844 4734
1845 5214
1846 6642
1847 5952
Unexpected message received for job 1044338
1848 5628
1849 6234
1850 6660
1851 6516
1852 6534
1853 7110
1854 4962
1855 5196
1856 5700
1857 5394
1858 6954
1859 6048
1860 6528
1861 6264
1862 6276
1863 6570
1864 7482
1865 4734
1866 6714
1867 8406
1868 5136
1869 6582
1870 6576
1871 5514
1872 5310
1873 5454
1874 6264
1875 5226
1876 6282
1877 8406
1878 3744
1879 8070
1880 5814
1881 5880
1882 6252
1883 6252
1884 7164
1885 7470
1886 8430
1887 6516
1888 6564
1889 5538
1890 4638
1891 6246
1892 4392
1893 5628
1894 5442
1895 4680
1896 6282
1897 6630
1898 6894
1899 5820
1900 6546
1901 7782
1902 7980
1903 4836
1904 4284
1905 7362
1906 7794
1907 5652
1908 6246
1909 5064
1910 6276
1911 5244
1912 4980
1913 8412
1914 7782
1915 6288
1916 6018
1917 7764
1918 5784
1919 6276
1920 4932
1921 5604
1922 7764
1923 6882
1924 4458
1925 6276
1926 6000
1927 3792
1928 5280
1929 7656
1930 6258
1931 6594
1932 8088
1933 7728
1934 6588
1935 6858
1936 7770
1937 7782
1938 7446
1939 7482
1940 5724
1941 6486
1942 162
1943 162
1944 162
1945 4794
1946 7446
1947 7350
1948 7476
1949 6882
1950 4860
1951 4734
1952 7764
1953 4878
1954 4704
1955 6576
1956 5670
1957 5604
1958 7452
1959 7464
1960 7164
1961 6588
1962 7380
1963 6006
1964 7788
1965 5790
1966 7482
1967 7788
1968 5280
1969 6192
1970 7458
1971 7350
1972 6264
1973 5658
1974 6858
1975 6684
1976 6870
1977 7458
1978 7326
1979 5670
1980 7380
1981 7452
1982 7476
1983 5580
1984 5694
1985 6252
1986 7770
1987 5988
1988 8250
1989 7092
1990 6342
1991 6258
1992 5556
1993 7776
1994 7476
1995 7116
1996 7452
1997 5250
1998 6864
1999 6258
2000 7500
2001 7572
2002 5610
2003 7476
2004 5412
2005 4578
2006 6858
2007 8394
2008 7782
2009 8412
2010 7482
2011 7746
2012 6564
2013 7170
2014 7464
2015 5196
2016 7476
2017 3468
2018 8412
2019 3402
2020 6258
2021 7758
2022 8412
2023 5376
2024 6276
2025 5106
2026 5976
2027 7680
2028 5022
2029 6576
2030 7782
2031 6018
2032 6564
2033 4878
2034 7386
2035 6258
2036 6288
2037 4824
2038 6276
2039 6246
2040 6318
2041 7770
2042 7782
2043 7776
2044 7476
2045 5526
2046 5634
2047 7050
2048 6264
2049 7764
2050 7776
2051 5196
2052 4350
2053 6606
2054 4800
2055 7404
2056 6672
2057 4542
2058 4638
2059 6582
2060 6276
2061 8394
2062 6270
2063 5580
2064 4974
2065 6282
2066 6324
2067 162
2068 162
2069 162
2070 162
2071 162
2072 162
2073 8076
2074 6414
2075 7374
2076 5406
2077 6570
2078 5544
2079 6018
2080 5952
2081 4716
2082 5388
2083 5556
2084 6210
2085 6258
2086 6102
2087 6702
2088 3846
2089 6276
2090 6582
2091 6624
2092 6264
2093 7284
2094 6246
2095 6594
2096 5274
2097 6258
2098 5646
2099 6042
2100 6828
2101 4872
2102 6282
2103 4764
2104 7770
2105 4890
2106 162
2107 162
2108 162
2109 162
2110 162
2111 162
2112 6024
2113 162
2114 162
2115 162
2116 162
2117 6576
2118 6252
2119 7056
2120 7050
2121 5394
2122 6300
2123 162
2124 162
2125 7758
2126 162
2127 7698
2128 162
2129 7476
2130 162
2131 6282
2132 5454
2133 162
2134 162
2135 162
2136 6942
2137 8430
2138 6300
2139 7992
2140 4902
2141 7530
2142 3804
2143 5598
2144 4368
2145 4062
2146 5778
2147 7686
2148 6252
2149 7692
2150 6570
2151 5778
2152 8094
2153 6894
2154 4596
2155 6276
2156 7182
2157 5604
2158 7680
2159 7704
2160 5034
2161 4668
2162 5688
2163 6294
2164 6588
2165 7188
2166 6270
2167 6270
2168 6282
2169 7110
2170 7164
2171 6594
2172 6258
Unexpected message received for job 1044338
2173 7068
Unexpected message received for job 1044338
2174 6270
2175 7776
2176 6228
2177 6576
2178 6282
2179 6912
2180 7002
2181 7452
2182 7662
2183 8412
2184 6198
2185 6900
2186 5394
2187 7182
2188 8406
2189 7452
2190 8418
2191 6276
2192 7476
2193 7074
2194 6504
2195 7452
2196 4392
2197 7770
2198 6270
2199 6288
2200 6822
2201 7470
2202 5154
2203 7482
2204 7470
2205 7386
2206 8400
2207 7986
2208 6402
2209 4896
2210 6894
2211 7674
2212 6504
2213 5004
2214 6414
2215 7392
2216 7680
2217 6264
2218 6246
2219 8076
2220 5256
2221 7068
2222 7002
2223 6684
2224 6162
2225 7248
2226 6906
2227 7728
2228 7176
2229 4842
2230 6282
2231 7542
2232 5388
2233 7164
2234 6978
2235 6570
2236 8406
2237 8088
2238 5112
2239 6354
2240 7344
2241 6540
2242 6732
2243 6576
2244 7770
2245 6870
2246 7482
2247 7782
2248 8400
2249 4752
2250 7452
2251 7452
2252 5340
2253 7788
2254 7770
2255 5766
2256 6276
2257 6372
2258 6012
2259 7854
2260 7422
2261 6252
2262 6594
2263 7098
2264 7128
2265 6732
2266 7788
2267 7464
2268 7476
2269 6456
2270 7068
2271 6606
2272 7470
2273 5352
2274 6276
2275 7464
2276 7470
2277 4386
2278 7626
2279 7158
2280 6258
2281 7092
2282 7782
2283 7770
2284 6876
2285 8430
2286 7476
2287 7632
2288 7476
2289 6228
2290 5406
2291 7470
2292 7362
2293 7206
2294 5658
2295 5778
2296 7068
2297 6906
2298 5010
2299 5868
2300 6258
2301 8394
2302 7782
2303 6144
2304 7770
2305 6306
2306 4872
2307 5598
2308 6888
2309 5982
2310 5514
2311 3246
2312 4896
2313 162
2314 162
2315 6936
2316 162
2317 162
2318 162
2319 162
2320 162
2321 162
2322 6258
2323 6906
2324 6786
2325 7074
2326 162
2327 162
2328 4524
2329 6108
2330 7344
2331 7464
2332 6654
2333 5586
2334 6276
2335 8394
2336 4800
2337 8088
2338 5442
2339 5388
2340 6552
2341 6270
2342 5820
2343 7782
2344 6588
2345 4260
2346 5076
2347 6600
2348 5082
2349 7200
2350 7698
2351 4608
2352 5916
2353 6738
2354 6678
2355 6264
2356 5304
2357 7782
2358 7362
2359 162
2360 162
2361 162
2362 162
2363 162
2364 162
2365 6444
2366 162
2367 162
2368 162
2369 162
2370 162
2371 162
2372 162
2373 162
2374 216
2375 162
2376 162
2377 162
2378 162
2379 162
2380 162
2381 5652
2382 6240
2383 162
2384 162
2385 162
2386 7038
2387 162
2388 162
2389 162
2390 162
2391 162
2392 162
2393 162
2394 162
2395 162
2396 162
2397 162
2398 162
2399 162
2400 162
2401 162
2402 162
2403 3882
2404 6714
2405 162
2406 162
2407 162
2408 162
2409 7782
2410 6678
2411 6276
2412 7782
2413 6576
2414 7782
2415 7914
2416 8898
2417 7788
2418 7692
2419 6792
2420 7056
2421 7062
2422 7920
2423 6582
2424 6564
2425 6456
2426 7776
2427 7782
2428 6246
2429 5478
2430 8016
2431 4548
2432 7758
2433 7770
2434 7794
2435 7782
2436 7776
2437 4260
2438 5994
2439 8004
2440 5148
2441 6612
2442 6276
2443 6258
2444 7998
2445 7482
2446 7782
2447 5970
2448 7788
2449 4482
2450 4182
2451 7764
2452 6888
2453 6570
2454 5274
2455 5280
2456 6306
2457 6036
2458 6012
2459 6582
2460 6342
2461 7770
2462 6576
2463 7464
2464 8166
2465 8400
2466 7488
2467 4680
2468 7704
2469 7476
2470 7446
2471 7176
2472 5376
2473 6132
2474 5442
2475 7392
2476 6270
2477 5022
2478 5760
2479 7770
2480 7722
2481 5322
2482 6204
2483 5010
2484 7176
2485 7782
2486 4164
2487 5442
2488 7986
2489 5508
2490 5850
2491 7704
2492 6276
2493 6594
2494 7764
2495 4776
2496 5226
2497 6828
2498 5112
2499 4986
2500 6270
2501 5244
2502 4248
2503 4380
2504 6582
2505 6258
2506 6912
2507 6006
2508 7488
2509 6270
2510 8094
Unexpected message received for job 1044338
2511 5466
2512 4656
Unexpected message received for job 1044338
2513 7170
2514 7392
2515 3438
2516 7458
2517 7776
2518 4872
2519 6570
2520 7068
2521 7764
2522 6876
2523 5802
2524 7470
2525 7470
2526 7782
2527 8004
2528 5568
2529 6564
2530 7620
2531 6636
2532 6594
2533 6282
2534 5802
2535 5868
2536 8394
2537 6234
2538 7134
2539 7452
2540 5658
2541 7464
2542 7764
2543 5730
2544 6264
2545 5484
2546 7770
2547 5322
2548 7782
2549 7482
2550 5022
2551 6288
2552 7470
2553 7344
2554 5238
2555 3498
2556 6258
2557 6294
2558 5202
2559 162
2560 162
2561 162
2562 162
2563 162
2564 162
2565 162
2566 162
2567 162
2568 162
2569 162
2570 162
2571 162
2572 162
2573 162
2574 162
2575 162
2576 5964
2577 7692
2578 7164
2579 7548
2580 7788
2581 6120
2582 7080
2583 7782
2584 6270
2585 7512
2586 7788
2587 7344
2588 7176
2589 5382
2590 4554
2591 6570
2592 5442
2593 5094
2594 4662
2595 6732
2596 8412
2597 6270
2598 6180
2599 7788
2600 5922
2601 7044
2602 6672
2603 6258
2604 7782
2605 6426
2606 3954
2607 7764
2608 4704
2609 7494
2610 6276
2611 7770
2612 6684
2613 6030
2614 7788
2615 6048
2616 6270
2617 7788
2618 8004
2619 7782
2620 4944
2621 4506
2622 7788
2623 162
2624 162
2625 162
2626 5958
2627 7776
2628 6216
2629 5772
2630 7494
2631 6240
2632 6372
2633 6894
2634 8388
2635 7416
2636 9156
2637 7692
2638 6270
2639 4746
2640 6684
2641 4596
2642 5898
2643 6024
2644 6552
2645 4596
2646 8076
2647 5838
2648 5034
2649 6606
2650 6570
2651 8190
2652 5478
2653 7470
2654 7488
2655 7974
2656 6246
2657 5028
2658 6246
2659 7170
2660 7476
2661 6042
2662 5952
2663 6774
2664 6744
2665 6360
2666 7680
2667 7374
2668 7686
2669 7704
2670 3846
2671 7458
2672 6276
2673 6684
2674 7476
2675 6864
2676 4824
2677 6588
2678 6570
2679 6588
2680 6588
2681 5910
2682 7470
2683 7470
2684 8082
2685 5592
2686 7782
2687 7770
2688 6270
2689 6006
2690 4158
2691 5580
2692 6480
2693 4314
2694 5772
2695 7776
2696 6270
2697 3414
2698 6282
2699 6012
2700 6354
2701 6246
2702 5844
2703 6660
2704 5844
2705 5010
2706 3462
2707 5718
2708 6270
2709 8394
2710 7044
2711 8418
2712 5004
2713 6264
2714 8088
2715 5652
2716 4422
2717 6792
2718 6636
2719 3828
2720 5766
2721 6252
2722 6906
2723 6258
2724 6270
2725 6864
2726 7152
2727 4842
2728 7782
2729 7782
2730 7470
2731 6258
2732 5082
2733 6288
2734 8082
2735 6594
2736 5148
2737 7680
2738 5160
2739 5256
2740 5838
2741 6258
2742 5754
2743 3648
2744 4788
2745 6570
2746 4752
2747 7482
2748 6390
2749 6270
2750 4962
2751 6594
2752 6342
2753 3600
2754 4410
2755 6558
2756 5748
2757 6288
2758 3678
2759 6264
2760 5466
2761 6252
2762 5040
2763 7338
2764 5472
2765 7152
2766 8394
2767 4482
2768 7470
2769 6552
2770 4890
2771 5460
2772 4440
2773 4740
2774 4098
2775 6570
2776 7992
2777 6438
2778 7290
2779 7350
2780 7350
2781 4782
2782 6282
2783 5604
2784 6870
2785 7764
2786 6288
2787 6282
2788 4380
2789 8004
2790 7500
2791 8058
2792 7764
2793 6888
2794 8400
2795 7344
2796 7362
2797 4698
2798 7188
2799 6342
2800 5658
2801 5724
2802 7458
2803 5970
2804 4716
2805 8124
2806 6588
2807 7770
2808 7812
2809 6252
2810 6582
2811 6972
2812 7788
2813 6588
2814 4866
2815 6138
2816 7500
2817 7788
2818 7452
2819 6288
2820 4284
Unexpected message received for job 1044338
2821 4848
Unexpected message received for job 1044338
2822 7362
2823 7686
2824 7782
2825 162
2826 7770
2827 7776
2828 4146
2829 6264
2830 5538
2831 5766
2832 6564
2833 5970
2834 7782
2835 5436
2836 8406
2837 8406
2838 5916
2839 4914
2840 5304
2841 7170
2842 7362
2843 6276
2844 7470
2845 6264
2846 6270
2847 4350
2848 8412
2849 7470
2850 5136
2851 7272
2852 8076
2853 4668
2854 5616
2855 7164
2856 7770
2857 6264
2858 4620
2859 7464
2860 6258
2861 4638
2862 4656
2863 6276
2864 5190
2865 6132
2866 7476
2867 7248
2868 6906
2869 4944
2870 8094
2871 6276
2872 6438
2873 6900
2874 6474
2875 5844
2876 7374
2877 5022
2878 7374
2879 7356
2880 7464
2881 5892
2882 7206
2883 5124
2884 5214
2885 6282
2886 162
2887 162
2888 7782
2889 6630
2890 6828
2891 6882
2892 4026
2893 6870
2894 6246
2895 6348
2896 7488
2897 7344
2898 6048
2899 6258
2900 6294
2901 7998
2902 7152
2903 6954
2904 5586
2905 6522
2906 5874
2907 6576
2908 7488
2909 6600
2910 6276
2911 4986
2912 6240
2913 8064
2914 7776
2915 5532
2916 5328
2917 6588
2918 6990
2919 7854
2920 7476
2921 8400
2922 7842
2923 7776
2924 7668
2925 7788
2926 6594
2927 4794
2928 7704
2929 5994
2930 7680
2931 5862
2932 7374
2933 5646
2934 5970
2935 7050
2936 5424
2937 4776
2938 5640
2939 7770
2940 6636
2941 5274
2942 7368
2943 7386
2944 162
2945 162
2946 162
2947 6648
2948 6162
2949 162
2950 162
2951 162
2952 162
2953 7998
2954 162
2955 162
2956 162
2957 6894
2958 162
2959 7782
2960 7788
2961 5562
2962 7308
2963 8064
2964 7476
2965 6252
2966 162
2967 162
2968 162
2969 6252
2970 162
2971 162
2972 162
2973 162
2974 162
2975 7152
2976 7452
2977 4284
2978 5784
2979 5274
2980 5460
2981 5016
2982 7452
2983 6276
2984 6870
2985 5844
2986 7404
2987 6690
2988 6282
2989 6576
2990 6354
2991 8094
2992 6090
2993 8064
2994 6288
2995 7122
2996 7488
2997 6888
2998 7770
2999 7242
3000 8070
3001 6564
3002 6048
3003 6276
3004 6060
3005 5292
3006 6216
3007 4980
3008 5274
3009 5016
3010 6696
3011 8010
3012 4794
3013 7362
3014 5910
3015 4722
3016 6546
3017 6570
3018 4908
3019 6252
3020 5298
3021 6870
3022 4662
3023 6282
3024 6144
3025 7368
3026 8070
3027 6588
3028 6570
3029 7680
3030 6282
3031 6738
3032 8238
3033 7482
3034 6582
3035 7176
3036 8064
3037 8076
3038 5640
3039 4920
3040 5352
3041 6126
3042 5334
3043 5898
3044 6882
3045 162
3046 162
3047 162
3048 162
3049 5040
3050 162
3051 162
3052 8016
3053 7488
3054 7770
3055 6270
3056 6024
3057 4482
3058 6264
3059 6894
3060 6582
3061 162
3062 7326
3063 7788
3064 5208
3065 4014
3066 7008
3067 6918
3068 5628
3069 6912
3070 6906
3071 4662
3072 4974
3073 4776
3074 5976
3075 6300
3076 5670
3077 6570
3078 5988
3079 6552
3080 7776
3081 7782
3082 6576
3083 4932
3084 8070
3085 6162
3086 7476
3087 7776
3088 6564
3089 6132
3090 5724
3091 4494
3092 6378
3093 5880
3094 8412
3095 5652
3096 8694
3097 6282
3098 6276
3099 5724
3100 7788
3101 8064
3102 6744
3103 5622
3104 7152
3105 8064
3106 5946
3107 4674
3108 6192
3109 7398
3110 4542
3111 6570
3112 7578
3113 7992
3114 4878
3115 7800
3116 5454
3117 162
3118 162
3119 162
3120 162
3121 162
3122 162
3123 162
3124 162
3125 162
3126 5934
3127 162
3128 6780
3129 162
3130 162
3131 162
3132 162
3133 162
3134 162
3135 162
3136 162
3137 162
3138 162
3139 162
3140 162
3141 162
3142 162
3143 162
3144 5820
3145 162
3146 5664
3147 162
3148 162
3149 5976
3150 162
3151 162
3152 162
3153 162
3154 162
3155 162
3156 162
3157 162
3158 162
3159 162
3160 8010
3161 162
3162 6588
3163 162
3164 162
3165 162
3166 162
3167 162
3168 162
3169 162
3170 162
3171 162
3172 162
3173 4068
3174 162
3175 162
3176 162
3177 162
3178 162
3179 162
3180 162
3181 162
3182 5472
3183 4602
3184 162
3185 162
3186 162
3187 162
3188 6474
3189 6354
3190 5832
Unexpected message received for job 1044338
3191 7464
Unexpected message received for job 1044338
3192 6588
3193 162
3194 162
3195 162
3196 162
3197 162
3198 162
3199 162
3200 162
3201 5874
3202 6576
3203 7560
3204 162
3205 162
3206 162
3207 162
3208 162
3209 162
3210 162
3211 7788
3212 162
3213 162
3214 162
3215 162
3216 162
3217 7704
3218 5082
3219 4998
3220 8094
3221 8412
3222 6300
3223 162
3224 162
3225 162
3226 162
3227 162
3228 162
3229 4590
3230 7770
3231 6552
3232 354
3233 162
3234 162
3235 162
3236 162
3237 162
3238 162
3239 7146
3240 4182
3241 6474
3242 5634
3243 7458
3244 5604
3245 5430
3246 6270
3247 5034
3248 6966
3249 7764
3250 6288
3251 7770
3252 5436
3253 8076
3254 7476
3255 7758
3256 6348
3257 4464
3258 4710
3259 5922
3260 6258
3261 8406
3262 8400
3263 6198
3264 4764
3265 3258
3266 6384
3267 5928
3268 6258
3269 7356
3270 7074
3271 6288
3272 4836
3273 4692
3274 5730
3275 7176
3276 6552
3277 8010
3278 4998
3279 7356
3280 6888
3281 7986
3282 6060
3283 5094
3284 4776
3285 6744
3286 5538
3287 7788
3288 7296
3289 6270
3290 7992
3291 7764
3292 6078
3293 5904
3294 6258
3295 6630
3296 5154
3297 6222
3298 4506
3299 5844
3300 7470
3301 7776
3302 7488
3303 6348
3304 7470
3305 7470
3306 6588
3307 7482
3308 7476
3309 4872
3310 5016
3311 5610
3312 4452
3313 4680
3314 4542
3315 4092
3316 6978
3317 7776
3318 5100
3319 3372
3320 7476
3321 7488
3322 7788
3323 6108
3324 5712
3325 7404
3326 7608
3327 7488
3328 5022
3329 162
3330 162
3331 162
3332 162
3333 162
3334 6804
3335 162
3336 7674
3337 162
3338 162
3339 162
3340 162
3341 162
3342 162
3343 7782
3344 7680
3345 7770
3346 7788
3347 7620
3348 4656
3349 6258
3350 5580
3351 4230
3352 8070
3353 8400
3354 4674
3355 6282
3356 7470
3357 4626
3358 4656
3359 7482
3360 7146
3361 6906
3362 4710
3363 5148
3364 5112
3365 7776
3366 8022
3367 7770
3368 7956
3369 162
3370 162
3371 7992
3372 8406
3373 5310
3374 6372
3375 7626
3376 5070
3377 4908
3378 7044
3379 6138
3380 5460
3381 5892
3382 162
3383 162
3384 4986
3385 3972
3386 5148
3387 6654
3388 7668
3389 6282
3390 6978
3391 5472
3392 7098
3393 6522
3394 8526
3395 8424
3396 7470
3397 6906
3398 8412
3399 6264
3400 6822
3401 6912
3402 162
3403 162
3404 162
3405 5340
3406 162
3407 162
3408 5682
3409 162
3410 162
3411 5766
3412 162
3413 162
3414 162
3415 162
3416 162
3417 162
3418 5460
3419 162
3420 8016
3421 162
3422 162
3423 162
3424 8076
3425 5016
3426 5124
3427 162
3428 162
3429 162
3430 162
3431 7782
3432 7782
3433 5934
3434 5130
3435 6642
3436 4758
3437 8088
3438 4962
3439 7770
3440 162
3441 162
3442 8082
3443 5574
3444 4926
3445 8238
3446 6516
3447 5016
3448 6234
3449 162
3450 162
3451 162
3452 162
3453 7260
3454 7398
3455 162
3456 162
3457 162
3458 162
3459 162
3460 162
3461 162
3462 162
3463 7482
3464 7464
3465 7458
3466 8016
3467 6276
3468 6300
3469 5178
3470 5052
3471 6588
3472 162
3473 162
3474 162
3475 4428
3476 6252
3477 7482
3478 7494
3479 6072
3480 6888
3481 7488
3482 4908
3483 8070
3484 6594
3485 6156
3486 6138
3487 6150
3488 5700
3489 7476
3490 6582
3491 6294
3492 6264
3493 6876
3494 7368
3495 4290
3496 7776
3497 6012
3498 7782
3499 6024
3500 7356
3501 7782
3502 6204
3503 5160
3504 5874
3505 7488
3506 6294
3507 4440
3508 5562
3509 7692
3510 8010
3511 8070
3512 8004
3513 5394
3514 7770
3515 5604
3516 6954
3517 4650
3518 4476
3519 7788
3520 6714
3521 7770
3522 5862
3523 7170
3524 5946
3525 6876
3526 7152
3527 7770
3528 5958
3529 8082
3530 8082
3531 6678
3532 5094
3533 7374
3534 6156
3535 7770
3536 7776
3537 6402
3538 7974
3539 6912
3540 7716
3541 7782
3542 5040
3543 5394
3544 7788
3545 6276
3546 162
3547 162
3548 162
3549 162
3550 7776
3551 7782
3552 8082
3553 4914
3554 6588
3555 4368
3556 6012
3557 6324
3558 7398
3559 6756
3560 7470
3561 5478
3562 6282
3563 3732
3564 444
3565 6264
3566 8412
3567 4884
Unexpected message received for job 1044338
3568 6420
Unexpected message received for job 1044338
3569 6444
3570 6582
3571 5418
3572 6336
3573 5052
3574 6084
3575 7770
3576 6738
3577 7686
3578 3972
3579 6576
3580 6060
3581 6210
3582 4446
3583 6822
3584 6882
3585 6282
3586 8406
3587 4536
3588 4500
3589 6594
3590 6570
3591 7740
3592 8076
3593 6864
3594 6624
3595 6294
3596 6636
3597 7782
3598 4992
3599 8394
3600 6492
3601 5364
3602 5544
3603 7776
3604 6864
3605 4962
3606 7722
3607 5346
3608 4806
3609 6264
3610 7764
3611 6402
3612 7458
3613 5478
3614 7476
3615 4734
3616 6876
3617 8076
3618 6576
3619 4926
3620 7794
3621 6264
3622 5418
3623 5010
3624 5982
3625 5220
3626 5214
3627 7806
3628 6348
3629 4908
3630 6282
3631 6264
3632 6792
3633 6810
3634 5544
3635 7494
3636 6126
3637 6972
3638 8394
3639 6954
3640 6264
3641 5952
3642 7332
3643 6588
3644 8070
3645 6072
3646 6666
3647 5148
3648 6558
3649 4734
3650 6786
3651 4638
3652 7464
3653 6180
3654 5118
3655 6534
3656 5262
3657 8382
3658 5976
3659 162
3660 7482
3661 162
3662 162
3663 8058
3664 5148
3665 4896
3666 5646
3667 7554
3668 4824
3669 6294
3670 7788
3671 5838
3672 6996
3673 8070
3674 4458
3675 6300
3676 7788
3677 5610
3678 7476
3679 6570
3680 7770
3681 162
3682 162
3683 162
3684 162
3685 162
3686 162
3687 4992
3688 6846
3689 4416
3690 162
3691 162
3692 162
3693 4836
3694 4812
3695 5652
3696 6156
3697 6978
3698 7290
3699 4548
3700 5586
3701 7776
3702 7728
3703 7800
3704 6852
3705 7896
3706 7038
3707 6174
3708 7494
3709 3906
3710 5082
3711 7776
3712 8058
3713 8082
3714 7446
3715 6132
3716 5298
3717 4998
3718 8016
3719 7770
3720 4470
3721 4530
3722 4884
3723 7476
3724 8010
3725 5424
3726 6684
3727 6534
3728 6264
3729 3672
3730 6312
3731 5778
3732 6594
3733 6960
3734 4962
3735 7044
3736 6264
3737 7788
3738 7776
3739 7770
3740 6600
3741 6744
3742 6594
3743 7698
3744 6282
3745 7386
3746 2724
3747 6354
3748 8400
3749 5478
3750 5196
3751 1014
3752 7488
3753 7464
3754 6282
3755 6624
3756 6294
3757 3540
3758 7188
3759 6162
3760 6252
3761 7764
3762 7392
3763 7710
3764 6990
3765 6666
3766 4650
3767 5226
3768 6240
3769 5886
3770 162
3771 5802
3772 162
3773 162
3774 5958
3775 5478
3776 162
3777 162
3778 162
3779 162
3780 162
3781 162
3782 162
3783 162
3784 162
3785 5208
3786 4896
3787 162
3788 162
3789 162
3790 162
3791 162
3792 162
3793 5556
3794 162
3795 162
3796 162
3797 162
3798 162
3799 162
3800 162
3801 162
3802 162
3803 162
3804 6624
3805 162
3806 162
3807 162
3808 162
3809 162
3810 162
3811 162
3812 162
3813 162
3814 162
3815 162
3816 162
3817 162
3818 162
3819 162
3820 162
3821 162
3822 162
3823 162
3824 162
3825 162
3826 162
3827 162
3828 6576
3829 162
3830 6180
3831 162
3832 162
3833 162
3834 6246
3835 162
3836 162
3837 6336
3838 162
3839 162
3840 162
3841 162
3842 5868
3843 162
3844 162
3845 6006
3846 162
3847 162
3848 162
3849 162
3850 162
3851 6846
3852 6906
3853 162
3854 162
3855 162
3856 162
3857 162
3858 162
3859 7998
3860 7758
3861 7464
3862 6822
3863 7092
3864 7764
3865 7356
3866 5262
3867 7788
3868 7116
3869 4626
3870 7764
3871 7122
3872 7788
3873 7470
3874 7464
3875 7182
3876 6594
3877 162
3878 5988
3879 162
3880 5862
3881 162
3882 5148
3883 6246
3884 4482
3885 7272
3886 7464
3887 7362
3888 6624
3889 7464
3890 7488
3891 7704
3892 4332
3893 2112
3894 7386
3895 7038
3896 6588
3897 7992
3898 7788
3899 6894
3900 7770
3901 7356
3902 5316
3903 7044
3904 6264
3905 6252
3906 162
3907 162
3908 162
3909 162
3910 162
3911 8010
3912 162
3913 162
3914 162
3915 162
3916 162
3917 5238
3918 162
3919 162
3920 162
3921 162
3922 162
3923 162
3924 162
3925 162
3926 162
3927 162
3928 162
3929 162
3930 162
3931 162
3932 162
3933 162
3934 162
3935 5958
3936 7158
3937 6870
3938 162
3939 5988
3940 8004
3941 6582
3942 162
3943 4806
3944 4974
3945 5784
3946 4344
3947 7782
3948 5142
3949 6018
3950 5238
3951 6510
3952 6072
3953 6378
3954 7770
3955 7062
3956 5232
3957 5520
3958 6288
3959 7458
3960 5412
3961 7458
3962 7476
3963 5040
3964 6246
3965 5868
3966 7038
3967 6744
3968 7782
3969 6240
3970 7782
3971 7458
3972 8394
3973 6258
3974 8400
Unexpected message received for job 1044338
Unexpected message received for job 1044338
3975 6870
3976 6906
3977 7680
3978 5100
3979 7902
3980 5184
3981 5814
3982 7488
3983 8094
3984 6312
3985 4572
3986 7782
3987 7470
3988 7248
3989 5628
3990 7758
3991 6006
3992 4830
3993 8076
3994 3690
3995 6588
3996 7080
3997 5826
3998 5256
3999 8412
4000 8412
4001 6888
4002 6492
4003 8412
4004 7674
4005 5538
4006 8406
4007 6294
4008 7368
4009 5586
4010 6276
4011 8136
4012 5118
4013 7884
4014 6576
4015 6270
4016 8424
4017 6588
4018 5286
4019 6018
4020 7458
4021 5688
4022 384
4023 6576
4024 8076
4025 8340
4026 6276
4027 7044
4028 7470
4029 6402
4030 6432
4031 7362
4032 7782
4033 8418
4034 5016
4035 7488
4036 7464
4037 6624
4038 5664
4039 6732
4040 7476
4041 6732
4042 6588
4043 5556
4044 7794
4045 5514
4046 6702
4047 5844
4048 8082
4049 7488
4050 4746
4051 5838
4052 6450
4053 6372
4054 7488
4055 7062
4056 5550
4057 7776
4058 7194
4059 6570
4060 6864
4061 5268
4062 5514
4063 7488
4064 6606
4065 8388
4066 7434
4067 8082
4068 7386
4069 8394
4070 6156
4071 7164
4072 6498
4073 7452
4074 4506
4075 5130
4076 6258
4077 6126
4078 3660
4079 5922
4080 7176
4081 8400
4082 7764
4083 6894
4084 4404
4085 7440
4086 7224
4087 4740
4088 6294
4089 6294
4090 6294
4091 5688
4092 6900
4093 8418
4094 6594
4095 9000
4096 7770
4097 5310
4098 5844
4099 6270
4100 5808
4101 4650
4102 7452
4103 7764
4104 7680
4105 5832
4106 7782
4107 7788
4108 6570
4109 6042
4110 6510
4111 564
4112 7482
4113 6264
4114 6624
4115 6906
4116 162
4117 4806
4118 6360
4119 4872
4120 5946
4121 5256
4122 6570
4123 7158
4124 5496
4125 8040
4126 7392
4127 5136
4128 4500
4129 6288
4130 7482
4131 5784
4132 7380
4133 7452
4134 4956
4135 4920
4136 7776
4137 8082
4138 162
4139 162
4140 162
4141 162
4142 162
4143 162
4144 162
4145 162
4146 162
4147 162
4148 162
4149 162
4150 162
4151 162
4152 162
4153 162
4154 162
4155 8070
4156 162
4157 162
4158 162
4159 162
4160 4806
4161 162
4162 162
4163 162
4164 6144
4165 8100
4166 6714
4167 7050
4168 162
4169 162
4170 162
4171 162
4172 6282
4173 5070
4174 6270
4175 7056
4176 6300
4177 7158
4178 4326
4179 6282
4180 4860
4181 5448
4182 5676
4183 5586
4184 5646
4185 8070
4186 4458
4187 7290
4188 7476
4189 6264
4190 7404
4191 8400
4192 5526
4193 7482
4194 6330
4195 5418
4196 5826
4197 7044
4198 7464
4199 7302
4200 6264
4201 162
4202 162
4203 162
4204 162
4205 162
4206 6594
4207 162
4208 162
4209 162
4210 4974
4211 162
4212 162
4213 162
4214 162
4215 162
4216 5088
4217 5364
4218 6288
4219 162
4220 162
4221 162
4222 162
4223 5664
4224 162
4225 162
4226 162
4227 162
4228 162
4229 162
4230 7770
4231 7788
4232 6144
4233 7482
4234 7710
4235 6288
4236 7458
4237 7476
4238 6588
4239 7452
4240 4998
4241 7470
4242 6750
4243 6510
4244 8076
4245 4920
4246 162
4247 6870
4248 162
4249 162
4250 162
4251 6762
4252 162
4253 162
4254 162
4255 162
4256 6156
4257 4512
4258 5070
4259 5904
4260 6252
4261 6012
4262 7620
4263 6954
4264 8424
4265 8064
4266 6888
4267 6312
4268 4440
4269 6984
4270 5538
4271 7998
4272 7776
4273 5628
4274 5676
4275 5034
4276 6210
4277 6282
4278 7680
4279 5166
4280 6612
4281 6240
4282 7944
4283 5502
4284 7488
4285 5670
4286 5010
4287 7716
4288 6270
4289 7686
4290 6678
4291 7770
4292 5742
4293 7350
4294 7680
4295 7368
4296 7782
4297 6276
4298 7482
4299 7350
4300 5670
4301 5508
4302 6264
4303 4908
4304 7362
4305 7362
4306 7794
4307 8004
4308 6282
4309 6708
4310 6168
4311 6264
4312 6300
4313 6852
Unexpected message received for job 1044338
4314 8418
Unexpected message received for job 1044338
4315 8400
4316 6906
4317 5280
4318 5844
4319 6864
4320 7788
4321 7764
4322 8010
4323 6846
4324 6906
4325 6234
4326 7050
4327 6024
4328 5532
4329 7998
4330 6264
4331 7050
4332 7998
4333 5154
4334 7986
4335 4974
4336 8010
4337 5376
4338 7764
4339 7770
4340 7470
4341 7314
4342 7764
4343 7782
4344 4746
4345 6270
4346 5604
4347 7788
4348 6594
4349 7314
4350 4548
4351 7374
4352 6264
4353 7770
4354 5382
4355 6630
4356 7452
4357 6198
4358 7224
4359 6618
4360 7344
4361 7176
4362 5046
4363 4452
4364 7086
4365 8418
4366 7044
4367 6270
4368 6624
4369 7128
4370 6966
4371 8334
4372 6264
4373 7482
4374 5358
4375 6900
4376 6150
4377 5604
4378 3384
4379 6240
4380 7152
4381 7470
4382 3474
4383 4692
4384 6486
4385 6264
4386 4122
4387 5658
4388 7464
4389 6846
4390 6582
4391 6348
4392 6600
4393 7986
4394 8010
4395 7782
4396 7470
4397 7998
4398 5052
4399 7764
4400 4836
4401 7368
4402 7476
4403 6570
4404 6312
4405 6642
4406 8412
4407 7476
4408 6624
4409 6690
4410 7176
4411 7368
4412 5502
4413 5136
4414 7488
4415 8412
4416 6858
4417 5856
4418 7476
4419 6582
4420 8064
4421 6360
4422 7794
4423 4782
4424 7788
4425 6582
4426 6966
4427 6594
4428 4440
4429 162
4430 162
4431 162
4432 162
4433 162
4434 162
4435 162
4436 162
4437 162
4438 162
4439 162
4440 162
4441 3870
4442 5952
4443 6288
4444 7368
4445 6534
4446 7596
4447 7782
4448 7764
4449 7782
4450 6924
4451 5286
4452 6894
4453 4494
4454 5058
4455 6504
4456 4980
4457 6246
4458 6126
4459 6252
4460 8070
4461 7458
4462 6594
4463 8076
4464 5736
4465 7494
4466 6762
4467 7356
4468 7782
4469 3882
4470 4776
4471 8418
4472 6576
4473 6942
4474 6012
4475 6252
4476 6576
4477 7992
4478 7980
4479 5562
4480 5358
4481 7794
4482 7470
4483 6906
4484 8088
4485 7074
4486 4932
4487 162
4488 5976
4489 5952
4490 7176
4491 7482
4492 6270
4493 6288
4494 4980
4495 3270
4496 5478
4497 5424
4498 3726
4499 4056
4500 4692
4501 6300
4502 5832
4503 6738
4504 6570
4505 7404
4506 7494
4507 8400
4508 4464
4509 7512
4510 8076
4511 7782
4512 7062
4513 6900
4514 8016
4515 6180
4516 4920
4517 7482
4518 4164
4519 6546
4520 5082
4521 8256
4522 6300
4523 6240
4524 7452
4525 6606
4526 6360
4527 8412
4528 8394
4529 8394
4530 7164
4531 7788
4532 6018
4533 6630
4534 7170
4535 4782
4536 5220
4537 7110
4538 6258
4539 6306
4540 4812
4541 4428
4542 7056
4543 7452
4544 6270
4545 5514
4546 6270
4547 6576
4548 6588
4549 7764
4550 4926
4551 5328
4552 6288
4553 7704
4554 162
4555 162
4556 162
4557 162
4558 7170
4559 162
4560 162
4561 162
4562 162
4563 162
4564 162
4565 162
4566 162
4567 5046
4568 6696
4569 6570
4570 8064
4571 162
4572 162
4573 6264
4574 162
4575 162
4576 162
4577 5010
4578 162
4579 6588
4580 162
4581 162
4582 162
4583 162
4584 162
4585 7698
4586 7794
4587 162
4588 162
4589 162
4590 162
4591 162
4592 6912
4593 162
4594 162
4595 162
4596 162
4597 162
4598 6126
4599 162
4600 162
4601 162
4602 162
4603 162
4604 162
4605 162
4606 162
4607 162
4608 8082
4609 162
4610 162
4611 162
4612 162
4613 162
4614 162
4615 162
4616 162
4617 162
4618 6588
4619 7770
4620 7470
4621 6270
4622 6594
4623 7764
4624 6480
4625 6300
4626 5442
4627 7170
4628 7770
4629 6666
4630 7356
4631 7776
4632 6582
4633 6282
4634 6264
4635 7158
4636 6012
4637 7770
4638 6864
4639 7764
4640 7770
4641 6120
4642 7776
4643 7980
4644 5400
4645 6984
4646 6888
4647 6504
4648 6030
4649 5970
4650 6618
4651 6246
4652 162
4653 6264
4654 8232
4655 5598
4656 4164
4657 6384
4658 7194
4659 7788
4660 6456
4661 5520
Unexpected message received for job 1044338
4662 6276
Unexpected message received for job 1044338
4663 5592
4664 4770
4665 7332
4666 7176
4667 7770
4668 7098
4669 7794
4670 6594
4671 7476
4672 8088
4673 6372
4674 5532
4675 6282
4676 6588
4677 6300
4678 5856
4679 8388
4680 4566
4681 6762
4682 5244
4683 6282
4684 5544
4685 6252
4686 8394
4687 4704
4688 4932
4689 8088
4690 5136
4691 5316
4692 7992
4693 7062
4694 5712
4695 7110
4696 6114
4697 7764
4698 4794
4699 7794
4700 6432
4701 4632
4702 6282
4703 8040
4704 8388
4705 6918
4706 6900
4707 5298
4708 6252
4709 5874
4710 8082
4711 162
4712 162
4713 162
4714 162
4715 162
4716 162
4717 162
4718 7032
4719 8082
4720 162
4721 162
4722 5220
4723 162
4724 162
4725 6264
4726 162
4727 162
4728 162
4729 162
4730 162
4731 5964
4732 3702
4733 6270
4734 6078
4735 5970
4736 7788
4737 6570
4738 7494
4739 6264
4740 162
4741 5970
4742 6798
4743 7770
4744 4866
4745 7764
4746 5844
4747 5334
4748 6288
4749 5496
4750 5166
4751 6834
4752 7788
4753 7362
4754 7182
4755 5562
4756 5616
4757 5820
4758 8082
4759 5334
4760 5514
4761 8418
4762 6246
4763 6264
4764 7350
4765 4458
4766 6660
4767 6588
4768 7782
4769 5190
4770 5916
4771 6282
4772 6552
4773 7506
4774 4656
4775 7788
4776 7698
4777 8400
4778 5256
4779 6600
4780 8088
4781 7470
4782 6606
4783 5124
4784 8394
4785 7782
4786 5592
4787 5514
4788 8382
4789 6858
4790 5994
4791 5184
4792 6312
4793 7482
4794 5622
4795 5958
4796 6282
4797 6060
4798 6864
4799 7470
4800 5556
4801 7776
4802 7224
4803 6528
4804 8088
4805 6174
4806 6252
4807 6258
4808 7794
4809 7698
4810 7776
4811 7986
4812 8004
4813 7992
4814 7482
4815 6270
4816 6588
4817 7986
4818 4740
4819 4524
4820 4938
4821 7464
4822 6594
4823 3102
4824 4704
4825 5508
4826 8082
4827 6570
4828 7782
4829 7482
4830 7320
4831 5640
4832 7176
4833 8070
4834 5016
4835 4752
4836 7476
4837 6576
4838 5796
4839 7458
4840 5826
4841 6918
4842 6504
4843 6444
4844 7362
4845 8430
4846 7380
4847 8010
4848 6876
4849 7272
4850 6588
4851 7770
4852 6258
4853 7764
4854 6246
4855 7170
4856 4770
4857 6378
4858 6582
4859 5220
4860 6426
4861 6870
4862 5496
4863 6288
4864 6390
4865 6288
4866 6282
4867 5520
4868 5106
4869 6576
4870 4950
4871 7356
4872 6888
4873 4302
4874 4326
4875 6960
4876 5976
4877 6264
4878 6018
4879 5886
4880 7464
4881 6246
4882 5748
4883 7602
4884 5394
4885 7764
4886 3720
4887 6540
4888 8400
4889 6354
4890 5760
4891 7458
4892 3822
4893 4884
4894 6264
4895 4932
4896 6192
4897 4698
4898 8394
4899 6654
4900 7224
4901 5160
4902 6288
4903 4716
4904 5712
4905 5616
4906 7458
4907 7158
4908 8400
4909 5364
4910 5628
4911 5898
4912 7164
4913 7392
4914 4998
4915 6606
4916 7422
4917 5724
4918 8154
4919 6648
4920 5664
4921 6012
4922 5334
4923 4902
4924 7776
4925 162
4926 4758
4927 5100
4928 6012
4929 6912
4930 6570
4931 7974
4932 6288
4933 7044
4934 7014
4935 5286
4936 6576
4937 8076
4938 7782
4939 6618
4940 7764
4941 7770
4942 6882
4943 6282
4944 4866
4945 6072
4946 8406
4947 7452
4948 7764
4949 8088
4950 5190
4951 5844
4952 7476
4953 5766
4954 4548
4955 7776
4956 5526
4957 5358
4958 8406
4959 4878
4960 4950
4961 6546
4962 4488
4963 6288
4964 6264
4965 4878
4966 6270
4967 5724
4968 7596
4969 5850
Unexpected message received for job 1044338
4970 8412
Unexpected message received for job 1044338
4971 4908
4972 4500
4973 7488
4974 5874
4975 6930
4976 5034
4977 5400
4978 5418
4979 7776
4980 8808
4981 6570
4982 8484
4983 6630
4984 9012
4985 7788
4986 5544
4987 7758
4988 8694
4989 5556
4990 7770
4991 7782
4992 3990
4993 5940
4994 6786
4995 4806
4996 4098
4997 5112
4998 6636
4999 6852
5000 7458
5001 7488
5002 5970
5003 7776
5004 7458
5005 6246
5006 7764
5007 6246
5008 5106
5009 6378
5010 6870
5011 4698
5012 6636
5013 5532
5014 7464
5015 7470
5016 7566
5017 7458
5018 3942
5019 6264
5020 4848
5021 7782
5022 6240
5023 7044
5024 7494
5025 7158
5026 6570
5027 7152
5028 6624
5029 4464
5030 6738
5031 5022
5032 6090
5033 7356
5034 5832
5035 6024
5036 5400
5037 7770
5038 6354
5039 8130
5040 6336
5041 6132
5042 6660
5043 6132
5044 4662
5045 5820
5046 6276
5047 7770
5048 6912
5049 5478
5050 6360
5051 4530
5052 5466
5053 5850
5054 5856
5055 6570
5056 5052
5057 7764
5058 4362
5059 3810
5060 6582
5061 6378
5062 5982
5063 6438
5064 7482
5065 7464
5066 3774
5067 6288
5068 4494
5069 6792
5070 8010
5071 6294
5072 6390
5073 4944
5074 7488
5075 7494
5076 6246
5077 6336
5078 6084
5079 7470
5080 7398
5081 4722
5082 7794
5083 5238
5084 7776
5085 7470
5086 6540
5087 5214
5088 6288
5089 5748
5090 5700
5091 6990
5092 7356
5093 6972
5094 7536
5095 5808
5096 6012
5097 4746
5098 6174
5099 6258
5100 5442
5101 7458
5102 5124
5103 7764
5104 4014
5105 4752
5106 7398
5107 6588
5108 4932
5109 5202
5110 6270
5111 6312
5112 6534
5113 4836
5114 6570
5115 7692
5116 6282
5117 6750
5118 7698
5119 6258
5120 7740
5121 6558
5122 7770
5123 8400
5124 7122
5125 7176
5126 5112
5127 7218
5128 7476
5129 6888
5130 7770
5131 6066
5132 6264
5133 7254
5134 6900
5135 7062
5136 6576
5137 6594
5138 5052
5139 6270
5140 6258
5141 6642
5142 7212
5143 8082
5144 5580
5145 162
5146 162
5147 162
5148 162
5149 5976
5150 5820
5151 6312
5152 5430
5153 6828
5154 7806
5155 7392
5156 5622
5157 7350
5158 6636
5159 7476
5160 6894
5161 5016
5162 7776
5163 5424
5164 7770
5165 5034
5166 5424
5167 7164
5168 7788
5169 6282
5170 6264
5171 6282
5172 7254
5173 6264
5174 7416
5175 8088
5176 5400
5177 6372
5178 7590
5179 8028
5180 6570
5181 7668
5182 7380
5183 4950
5184 6288
5185 7254
5186 6582
5187 7362
5188 5154
5189 6834
5190 4920
5191 6288
5192 6978
5193 6270
5194 5652
5195 5466
5196 4164
5197 7356
5198 5808
5199 6036
5200 5220
5201 6162
5202 5634
5203 6264
5204 6684
5205 6816
5206 7266
5207 7350
5208 5148
5209 8082
5210 8088
5211 5640
5212 6378
5213 6372
5214 6300
5215 5526
5216 8070
5217 6780
5218 6486
5219 8070
5220 5568
5221 8082
5222 4194
5223 5964
5224 4716
5225 8076
5226 8076
5227 4692
5228 7494
5229 8094
5230 7998
5231 4482
5232 6876
5233 6144
5234 7200
5235 5502
5236 8070
5237 7782
5238 8154
5239 7770
5240 5496
5241 4542
5242 7290
5243 7794
5244 5076
5245 7686
5246 6846
5247 6264
5248 6558
5249 7470
5250 7470
5251 7170
5252 7908
5253 4446
5254 6708
5255 7776
5256 162
5257 4896
5258 162
5259 162
5260 162
5261 162
5262 6594
5263 7764
5264 4686
5265 6240
Unexpected message received for job 1044338
5266 6252
Unexpected message received for job 1044338
5267 6582
5268 4752
5269 6264
5270 6276
5271 7782
5272 5520
5273 4428
5274 4578
5275 6678
5276 6276
5277 7176
5278 6066
5279 6822
5280 5880
5281 4650
5282 6402
5283 8400
5284 7680
5285 6246
5286 6738
5287 7542
5288 8394
5289 6888
5290 4992
5291 5340
5292 6486
5293 6906
5294 6258
5295 6594
5296 6912
5297 5970
5298 7770
5299 5046
5300 5076
5301 6258
5302 7062
5303 4158
5304 7452
5305 7788
5306 7782
5307 7188
5308 6894
5309 6264
5310 5202
5311 6090
5312 7392
5313 4920
5314 6852
5315 5646
5316 7470
5317 7056
5318 6378
5319 6306
5320 4674
5321 5760
5322 4512
5323 6276
5324 7200
5325 7800
5326 6282
5327 7482
5328 7098
5329 6096
5330 7464
5331 7986
5332 7464
5333 5940
5334 7350
5335 5424
5336 6276
5337 3858
5338 6324
5339 6030
5340 4020
5341 7698
5342 4332
5343 5490
5344 7758
5345 6120
5346 6288
5347 6276
5348 6894
5349 7362
5350 4026
5351 6582
5352 7182
5353 6864
5354 6258
5355 7476
5356 7770
5357 6582
5358 4896
5359 7782
5360 7794
5361 7458
5362 6258
5363 6846
5364 6192
5365 6240
5366 4830
5367 6276
5368 4764
5369 6132
5370 162
5371 162
5372 162
5373 162
5374 162
5375 162
5376 162
5377 162
5378 7476
5379 162
5380 162
5381 6336
5382 162
5383 162
5384 162
5385 162
5386 162
5387 162
5388 162
5389 162
5390 162
5391 162
5392 4716
5393 162
5394 162
5395 5382
5396 7704
5397 6576
5398 5322
5399 8412
5400 7050
5401 8400
5402 5430
5403 8358
5404 4560
5405 5112
5406 6912
5407 7020
5408 6474
5409 6264
5410 6282
5411 7530
5412 6984
5413 7332
5414 7062
5415 7764
5416 6696
5417 7470
5418 6642
5419 6330
5420 7776
5421 5442
5422 7776
5423 6264
5424 5652
5425 6588
5426 7758
5427 6210
5428 7170
5429 6024
5430 5748
5431 7764
5432 5580
5433 7380
5434 6486
5435 6252
5436 7158
5437 5052
5438 8070
5439 5418
5440 6906
5441 7776
5442 6006
5443 6276
5444 6582
5445 5646
5446 7458
5447 5946
5448 4104
5449 4926
5450 6882
5451 7458
5452 7446
5453 6378
5454 6246
5455 6906
5456 4884
5457 6276
5458 6564
5459 7458
5460 5538
5461 5628
5462 4896
5463 7344
5464 4698
5465 7788
5466 3720
5467 5628
5468 5658
5469 8010
5470 6270
5471 6564
5472 7770
5473 5346
5474 8106
5475 6678
5476 5166
5477 5826
5478 7188
5479 7770
5480 6276
5481 5538
5482 4680
5483 5706
5484 5874
5485 7470
5486 6624
5487 8406
5488 7626
5489 6252
5490 6438
5491 5538
5492 6618
5493 7488
5494 7788
5495 6276
5496 6312
5497 4206
5498 7482
5499 7788
5500 5562
5501 5658
5502 7704
5503 6012
5504 5652
5505 6264
5506 7074
5507 6888
5508 5598
5509 5802
5510 3330
5511 7782
5512 6756
5513 6630
5514 6858
5515 8412
5516 6282
5517 4308
5518 6114
5519 6300
5520 6444
5521 7788
5522 7350
5523 6588
5524 5532
5525 3450
5526 4884
5527 6288
5528 4908
5529 7476
5530 4752
5531 5442
5532 162
5533 162
5534 162
5535 162
5536 162
5537 162
5538 7782
5539 5244
5540 5472
5541 7476
5542 162
5543 162
5544 162
5545 162
5546 162
5547 162
5548 162
5549 162
5550 162
5551 8082
5552 4476
5553 7992
5554 4788
5555 4866
5556 7506
5557 6438
5558 7776
5559 6186
5560 6576
5561 7494
5562 6432
5563 4920
5564 7116
5565 6864
5566 5754
5567 7764
5568 8088
5569 3972
5570 5226
5571 7080
5572 5562
5573 4392
5574 4596
5575 6246
5576 6864
5577 4944
5578 6570
5579 7050
5580 6876
5581 7482
5582 6288
5583 6252
5584 5112
5585 7506
5586 6108
5587 6258
5588 7128
5589 4788
5590 6384
5591 4302
5592 5058
5593 6300
5594 7368
5595 4452
5596 6576
5597 5388
Unexpected message received for job 1044338
5598 6726
Unexpected message received for job 1044338
5599 6942
5600 6024
5601 6576
5602 7200
5603 5274
5604 8064
5605 4536
5606 5718
5607 6240
5608 5496
5609 6456
5610 6264
5611 5322
5612 5628
5613 6252
5614 4464
5615 7368
5616 7764
5617 6288
5618 7350
5619 4566
5620 162
5621 162
5622 7788
5623 6252
5624 5832
5625 7794
5626 7152
5627 7374
5628 8406
5629 6240
5630 7494
5631 7356
5632 4680
5633 7356
5634 6096
5635 6876
5636 8412
5637 7044
5638 4566
5639 6870
5640 6048
5641 6594
5642 6258
5643 7326
5644 7458
5645 7344
5646 6246
5647 5970
5648 5436
5649 8406
5650 3924
5651 5604
5652 7482
5653 6264
5654 6282
5655 7368
5656 5406
5657 7470
5658 5868
5659 7470
5660 5622
5661 8076
5662 7212
5663 7110
5664 4908
5665 6258
5666 7626
5667 4668
5668 5982
5669 5124
5670 7524
5671 7164
5672 6690
5673 6516
5674 7494
5675 6258
5676 6918
5677 7770
5678 4332
5679 6264
5680 7488
5681 6312
5682 7170
5683 7458
5684 7476
5685 6234
5686 7182
5687 7056
5688 6576
5689 8400
5690 6612
5691 4914
5692 4950
5693 6252
5694 4824
5695 7092
5696 5244
5697 4002
5698 7170
5699 8424
5700 4986
5701 6378
5702 7470
5703 5598
5704 6288
5705 6888
5706 5058
5707 8010
5708 7452
5709 7650
5710 5406
5711 7362
5712 5346
5713 5322
5714 6270
5715 7458
5716 7356
5717 4578
5718 6276
5719 6294
5720 7674
5721 7392
5722 7212
5723 7668
5724 6852
5725 7170
5726 7776
5727 8010
5728 6294
5729 7464
5730 4932
5731 7986
5732 7176
5733 7182
5734 6582
5735 6372
5736 5274
5737 258
5738 6888
5739 5274
5740 7788
5741 5448
5742 4614
5743 5658
5744 6162
5745 4524
5746 6276
5747 4248
5748 5748
5749 7446
5750 5592
5751 6264
5752 6270
5753 4404
5754 6240
5755 6018
5756 6276
5757 3516
5758 7788
5759 6858
5760 7782
5761 4212
5762 5166
5763 7374
5764 4854
5765 7062
5766 7782
5767 6276
5768 6372
5769 5148
5770 4674
5771 5232
5772 7770
5773 7026
5774 4548
5775 5580
5776 6582
5777 6888
5778 4938
5779 8412
5780 6888
5781 7380
5782 5016
5783 7368
5784 7782
5785 7986
5786 5922
5787 6516
5788 6864
5789 4206
5790 7794
5791 4434
5792 5934
5793 6270
5794 6276
5795 7794
5796 6096
5797 6240
5798 7392
5799 6150
5800 8082
5801 7464
5802 8388
5803 6396
5804 7998
5805 7692
5806 7476
5807 6900
5808 7776
5809 6048
5810 7764
5811 7020
5812 6780
5813 6294
5814 6576
5815 7488
5816 4578
5817 7500
5818 6408
5819 6360
5820 3768
5821 6816
5822 4860
5823 7254
5824 5610
5825 6426
5826 8076
5827 8418
5828 5490
5829 5778
5830 7782
5831 162
5832 162
5833 162
5834 162
5835 162
5836 162
5837 162
5838 4272
5839 8064
5840 6588
5841 162
5842 162
5843 7716
5844 5178
5845 162
5846 6126
5847 162
5848 162
5849 162
5850 162
5851 5652
5852 162
5853 5898
5854 8070
5855 7248
5856 7386
5857 7776
5858 6774
5859 7458
5860 8262
5861 7458
5862 5424
5863 5412
5864 6852
5865 5382
5866 6168
5867 4824
5868 6252
5869 7068
5870 7776
5871 7710
5872 7470
5873 4200
5874 8406
5875 7272
5876 7704
5877 6576
5878 6258
5879 6000
5880 5238
5881 5970
5882 6252
5883 7638
5884 7470
5885 7368
5886 6168
5887 5994
5888 5730
5889 7446
5890 5364
5891 7074
5892 5748
5893 162
5894 162
5895 6576
5896 6264
5897 7788
5898 162
5899 6240
5900 5592
5901 162
5902 162
5903 162
5904 5838
5905 162
5906 7770
5907 162
5908 162
5909 162
5910 162
5911 162
5912 162
5913 162
5914 162
5915 162
5916 162
5917 162
5918 162
5919 162
5920 7470
Unexpected message received for job 1044338
5921 6258
5922 7470
Unexpected message received for job 1044338
5923 5118
5924 6744
5925 9462
5926 6318
5927 7302
5928 5334
5929 7782
5930 8406
5931 5358
5932 5622
5933 5658
5934 7758
5935 7770
5936 6258
5937 6684
5938 4512
5939 7788
5940 7452
5941 7470
5942 4260
5943 5562
5944 7770
5945 7776
5946 5958
5947 7464
5948 5202
5949 5046
5950 5682
5951 5586
5952 7476
5953 6828
5954 7470
5955 5574
5956 7788
5957 6462
5958 7518
5959 6576
5960 4860
5961 7182
5962 7506
5963 5670
5964 6888
5965 7470
5966 7770
5967 7986
5968 6360
5969 4680
5970 5454
5971 5880
5972 7776
5973 7308
5974 8400
5975 6906
5976 6798
5977 7794
5978 5952
5979 6888
5980 6192
5981 6414
5982 6480
5983 6282
5984 174
5985 6912
5986 7482
5987 7764
5988 6810
5989 5382
5990 5088
5991 7788
5992 6264
5993 6258
5994 5460
5995 7482
5996 7764
5997 4116
5998 7776
5999 7464
6000 7770
6001 5742
6002 4818
6003 5844
6004 6558
6005 7782
6006 4902
6007 6360
6008 5466
6009 7362
6010 8244
6011 4464
6012 4602
6013 6276
6014 6264
6015 5880
6016 6864
6017 7470
6018 6600
6019 6258
6020 6576
6021 162
6022 162
6023 162
6024 162
6025 162
6026 162
6027 162
6028 162
6029 162
6030 6570
6031 5976
6032 6450
6033 5610
6034 7374
6035 7776
6036 6264
6037 5502
6038 6570
6039 7044
6040 6282
6041 5334
6042 8076
6043 5748
6044 7686
6045 7056
6046 5658
6047 7074
6048 6522
6049 7464
6050 7344
6051 8178
6052 5574
6053 6582
6054 4722
6055 7470
6056 7992
6057 4872
6058 5730
6059 7518
6060 7794
6061 7164
6062 7152
6063 6270
6064 4404
6065 7476
6066 6264
6067 6270
6068 6258
6069 7092
6070 6882
6071 8418
6072 6618
6073 5898
6074 7488
6075 5454
6076 7764
6077 6246
6078 7488
6079 6570
6080 4812
6081 4416
6082 4920
6083 7458
6084 7782
6085 6024
6086 7470
6087 6642
6088 7764
6089 8268
6090 4470
6091 6540
6092 7776
6093 5430
6094 7686
6095 6888
6096 5034
6097 6150
6098 5436
6099 6870
6100 7164
6101 6138
6102 5592
6103 7344
6104 6246
6105 8400
6106 7782
6107 8004
6108 5232
6109 6900
6110 4890
6111 7464
6112 5400
6113 4914
6114 6480
6115 6258
6116 6576
6117 7344
6118 6468
6119 6288
6120 6258
6121 7464
6122 7368
6123 4494
6124 5982
6125 5256
6126 7470
6127 5592
6128 5172
6129 4704
6130 7344
6131 8412
6132 7476
6133 6924
6134 7350
6135 7158
6136 7470
6137 7074
6138 4392
6139 4560
6140 7362
6141 7452
6142 6582
6143 6588
6144 5436
6145 7380
6146 5052
6147 5400
6148 7344
6149 6906
6150 5418
6151 7776
6152 7482
6153 6588
6154 7356
6155 7368
6156 8406
6157 3906
6158 6624
6159 7368
6160 6264
6161 7362
6162 5616
6163 7782
6164 6738
6165 6630
6166 6738
6167 6570
6168 4638
6169 8082
6170 6174
6171 7356
6172 6048
6173 6738
6174 8076
6175 8076
6176 8088
6177 8136
6178 7308
6179 5490
6180 6570
6181 6792
6182 6570
6183 5424
6184 5706
6185 4518
6186 5778
6187 4230
6188 6270
6189 5670
6190 6588
6191 5496
6192 6030
6193 5976
6194 5694
6195 6018
6196 6396
6197 6372
6198 4920
6199 162
6200 162
6201 7494
6202 7794
6203 5358
6204 7494
6205 5850
6206 7098
6207 5226
6208 4986
6209 4710
6210 5070
6211 6270
6212 8316
6213 6672
6214 5646
6215 6750
6216 6288
6217 6282
6218 6810
6219 7770
6220 7164
Unexpected message received for job 1044338
6221 5832
Unexpected message received for job 1044338
6222 7782
6223 6258
6224 6030
6225 4674
6226 7620
6227 5106
6228 3990
6229 7344
6230 4866
6231 7350
6232 8094
6233 162
6234 162
6235 162
6236 162
6237 162
6238 5250
6239 162
6240 162
6241 5856
6242 7044
6243 6636
6244 6288
6245 6258
6246 6564
6247 7506
6248 162
6249 162
6250 162
6251 162
6252 162
6253 5706
6254 162
6255 5724
6256 3282
6257 3474
6258 5568
6259 8412
6260 7212
6261 7362
6262 6348
6263 6360
6264 6228
6265 162
6266 162
6267 162
6268 5652
6269 6576
6270 162
6271 162
6272 5688
6273 6552
6274 162
6275 162
6276 7776
6277 6894
6278 7776
6279 7188
6280 4200
6281 8100
6282 6582
6283 7368
6284 7776
6285 6906
6286 6888
6287 7152
6288 7164
6289 7470
6290 6240
6291 7380
6292 6258
6293 4890
6294 7770
6295 4932
6296 6768
6297 5778
6298 5604
6299 5436
6300 6558
6301 5460
6302 7494
6303 6210
6304 5592
6305 8400
6306 7782
6307 4518
6308 6276
6309 8388
6310 5022
6311 6312
6312 6588
6313 6618
6314 5610
6315 6528
6316 7152
6317 6648
6318 5412
6319 6270
6320 7986
6321 6450
6322 5760
6323 5400
6324 4938
6325 5730
6326 5052
6327 4524
6328 7482
6329 5526
6330 8094
6331 3990
6332 7476
6333 6900
6334 8064
6335 6426
6336 7680
6337 6636
6338 7368
6339 8412
6340 7770
6341 6984
6342 6546
6343 5640
6344 4932
6345 7764
6346 7758
6347 4104
6348 4800
6349 4842
6350 6564
6351 7146
6352 5658
6353 7788
6354 8412
6355 7452
6356 4098
6357 5976
6358 6546
6359 6258
6360 7488
6361 7770
6362 4194
6363 5022
6364 7998
6365 7770
6366 4578
6367 6576
6368 7992
6369 5016
6370 7758
6371 4860
6372 7770
6373 6732
6374 5940
6375 7410
6376 7656
6377 5262
6378 7068
6379 6270
6380 7788
6381 6894
6382 7716
6383 5688
6384 4818
6385 5598
6386 7788
6387 7044
6388 7350
6389 6870
6390 6246
6391 7416
6392 6564
6393 7356
6394 7050
6395 7374
6396 4776
6397 4146
6398 4986
6399 7782
6400 6882
6401 7206
6402 5178
6403 7770
6404 7398
6405 6252
6406 6990
6407 5304
6408 4260
6409 5448
6410 6600
6411 7680
6412 6534
6413 5568
6414 7476
6415 6258
6416 7734
6417 5364
6418 6036
6419 5676
6420 4362
6421 5712
6422 6996
6423 6882
6424 6936
6425 6288
6426 6018
6427 4188
6428 5286
6429 6384
6430 4632
6431 7764
6432 162
6433 162
6434 162
6435 162
6436 162
6437 162
6438 7782
6439 7710
6440 5940
6441 5256
6442 7488
6443 5676
6444 5352
6445 7392
6446 3936
6447 6564
6448 162
6449 162
6450 7788
6451 6588
6452 6306
6453 6432
6454 6258
6455 7476
6456 6246
6457 7182
6458 8412
6459 7374
6460 6588
6461 6138
6462 7482
6463 6276
6464 6588
6465 7476
6466 6918
6467 5946
6468 5394
6469 6258
6470 4284
6471 7764
6472 7782
6473 7782
6474 6888
6475 7764
6476 6288
6477 7692
6478 6366
6479 4164
6480 7758
6481 4494
6482 5472
6483 6366
6484 7056
6485 5670
6486 5760
6487 5622
6488 4818
6489 4446
6490 5640
6491 6294
6492 8382
6493 5946
6494 5736
6495 4680
6496 7374
6497 4494
6498 4902
6499 8076
6500 3606
6501 4764
6502 6054
6503 7476
6504 6282
6505 4566
6506 6756
6507 4272
6508 7152
6509 3702
6510 5178
6511 5142
6512 7782
6513 162
6514 162
6515 6228
6516 162
6517 162
6518 162
6519 162
6520 162
6521 162
6522 162
6523 5346
6524 7794
6525 162
6526 162
6527 162
6528 6888
6529 6270
6530 162
6531 162
6532 162
6533 162
6534 162
6535 162
6536 162
6537 162
6538 162
6539 162
6540 162
6541 162
6542 162
6543 162
6544 162
6545 162
6546 162
6547 162
6548 162
6549 8082
6550 162
6551 162
6552 162
6553 6516
6554 162
6555 162
6556 7068
6557 6252
6558 162
6559 162
6560 162
6561 162
6562 162
6563 6912
6564 6288
6565 6144
6566 4944
6567 6912
6568 162
6569 162
6570 7632
6571 162
6572 162
6573 162
6574 162
6575 162
6576 162
6577 162
6578 162
6579 162
6580 4344
6581 162
6582 162
6583 162
6584 162
6585 7764
6586 162
6587 162
6588 162
6589 6258
6590 6126
6591 162
6592 162
6593 162
6594 5052
6595 162
6596 162
6597 5940
6598 6600
6599 162
6600 162
6601 6258
6602 7770
6603 7788
6604 7500
6605 7686
6606 6894
Unexpected message received for job 1044338
6607 6606
Unexpected message received for job 1044338
6608 6594
6609 7350
6610 8418
6611 6576
6612 6858
6613 6372
6614 7242
6615 7938
6616 6576
6617 7764
6618 7464
6619 6294
6620 6054
6621 4560
6622 7770
6623 7458
6624 6900
6625 7212
6626 8100
6627 7170
6628 6258
6629 6330
6630 6846
6631 7536
6632 5772
6633 7998
6634 6630
6635 6564
6636 7080
6637 6576
6638 6612
6639 5388
6640 6582
6641 6276
6642 5544
6643 4800
6644 6624
6645 4260
6646 6426
6647 7782
6648 6474
6649 3312
6650 8004
6651 7152
6652 6630
6653 6240
6654 5556
6655 7788
6656 5586
6657 5988
6658 8412
6659 4848
6660 8064
6661 4290
6662 5070
6663 4944
6664 6036
6665 5838
6666 6018
6667 7674
6668 6666
6669 5154
6670 7056
6671 7806
6672 6252
6673 7344
6674 6972
6675 5910
6676 7662
6677 888
6678 7782
6679 6450
6680 7164
6681 5520
6682 7458
6683 7794
6684 6798
6685 6186
6686 4752
6687 7782
6688 4464
6689 6240
6690 5166
6691 7182
6692 6360
6693 5634
6694 6354
6695 6570
6696 7992
6697 6594
6698 6018
6699 4554
6700 5562
6701 6756
6702 5238
6703 6264
6704 6390
6705 6336
6706 6882
6707 5424
6708 8412
6709 6474
6710 5880
6711 7776
6712 5208
6713 7986
6714 7698
6715 4824
6716 6498
6717 7152
6718 5082
6719 5538
6720 5844
6721 5436
6722 6000
6723 6720
6724 8406
6725 7770
6726 7242
6727 7470
6728 6978
6729 6732
6730 7740
6731 7176
6732 6750
6733 6684
6734 7458
6735 8070
6736 8082
6737 8232
6738 6600
6739 7692
6740 7758
6741 474
6742 5388
6743 6240
6744 8082
6745 8394
6746 8076
6747 6588
6748 6264
6749 6582
6750 6582
6751 8082
6752 6240
6753 7500
6754 8088
6755 6288
6756 7500
6757 7494
6758 5130
6759 5904
6760 8274
6761 4872
6762 162
6763 162
6764 162
6765 6162
6766 162
6767 162
6768 162
6769 7770
6770 162
6771 162
6772 162
6773 8058
6774 162
6775 162
6776 162
6777 162
6778 4836
6779 162
6780 162
6781 6576
6782 162
6783 5058
6784 162
6785 162
6786 162
6787 6774
6788 162
6789 7764
6790 162
6791 162
6792 162
6793 6648
6794 162
6795 162
6796 162
6797 6882
6798 162
6799 162
6800 7464
6801 162
6802 162
6803 162
6804 162
6805 8088
6806 162
6807 162
6808 162
6809 162
6810 162
6811 162
6812 162
6813 162
6814 162
6815 162
6816 3906
6817 4464
6818 4524
6819 162
6820 7782
6821 5718
6822 5616
6823 162
6824 162
6825 7482
6826 162
6827 162
6828 162
6829 162
6830 5556
6831 162
6832 162
6833 162
6834 162
6835 162
6836 162
6837 162
6838 162
6839 162
6840 7608
6841 6258
6842 6258
6843 162
6844 162
6845 162
6846 162
6847 162
6848 162
6849 7986
6850 162
6851 162
6852 6276
6853 162
6854 162
6855 162
6856 162
6857 162
6858 162
6859 162
6860 162
6861 6594
6862 162
6863 5052
6864 6252
6865 6258
6866 5130
6867 4920
6868 7662
6869 6090
6870 4536
6871 8388
6872 6282
6873 7476
6874 6252
6875 6876
6876 7764
6877 6288
6878 6270
6879 5520
6880 5616
6881 7482
6882 7080
6883 5958
6884 6282
6885 7764
6886 6252
6887 7710
6888 5952
6889 7194
6890 4998
6891 6252
6892 6174
6893 4728
6894 8094
6895 8088
6896 6552
6897 6270
6898 7992
6899 6828
6900 7362
6901 5304
6902 162
6903 162
6904 162
6905 7992
6906 7638
6907 7458
6908 5550
6909 4920
6910 5958
6911 6396
6912 5736
6913 162
6914 162
6915 3246
6916 162
6917 162
6918 162
6919 162
6920 162
6921 162
6922 162
6923 162
6924 162
6925 162
6926 162
6927 162
6928 6612
6929 7074
6930 5106
6931 4692
6932 7680
6933 7764
6934 6894
6935 6594
6936 162
6937 162
6938 7464
6939 7488
6940 7794
6941 6444
6942 8394
6943 5040
6944 6768
6945 7356
6946 6240
6947 6282
6948 8058
6949 6666
6950 6288
6951 7470
6952 8400
6953 7458
6954 6870
6955 7680
6956 5502
6957 5280
6958 7350
6959 5364
6960 5250
6961 7386
6962 3492
6963 7524
6964 6588
6965 7458
6966 3870
6967 7464
6968 4710
6969 7680
6970 5940
6971 7176
6972 4296
6973 7782
6974 5442
6975 6582
6976 6372
6977 8094
6978 5952
6979 7092
6980 6264
6981 7698
6982 7686
6983 6288
6984 4860
6985 162
6986 3996
Unexpected message received for job 1044338
6987 7782
6988 162
6989 162
6990 162
6991 162
6992 162
6993 162
Unexpected message received for job 1044338
6994 7644
6995 5880
6996 4002
6997 7200
6998 7458
6999 5124
7000 8094
7001 7236
7002 4008
7003 7716
7004 7464
7005 4722
7006 7464
7007 6264
7008 5094
7009 7056
7010 5688
7011 6108
7012 6252
7013 7068
7014 5496
7015 5496
7016 7470
7017 8340
7018 3408
7019 5364
7020 6216
7021 6906
7022 7056
7023 6426
7024 7248
7025 7608
7026 8088
7027 8112
7028 7566
7029 6168
7030 7128
7031 6540
7032 7770
7033 5910
7034 7008
7035 7788
7036 7788
7037 7356
7038 5952
7039 6990
7040 6876
7041 5700
7042 162
7043 162
7044 162
7045 162
7046 162
7047 162
7048 162
7049 162
7050 8088
7051 5784
7052 6582
7053 7506
7054 7482
7055 4440
7056 7770
7057 5484
7058 5898
7059 5952
7060 6912
7061 6042
7062 6180
7063 7470
7064 7788
7065 7764
7066 7200
7067 8412
7068 5802
7069 4404
7070 6282
7071 6252
7072 7494
7073 8412
7074 7788
7075 4974
7076 7458
7077 5418
7078 5394
7079 6264
7080 6774
7081 6936
7082 4644
7083 7458
7084 6756
7085 7770
7086 6498
7087 7782
7088 5526
7089 5040
7090 7470
7091 5226
7092 7458
7093 7452
7094 7464
7095 5640
7096 4908
7097 7152
7098 4908
7099 7788
7100 4926
7101 7104
7102 5556
7103 8388
7104 6294
7105 7692
7106 6816
7107 7770
7108 5028
7109 5058
7110 5316
7111 6810
7112 5640
7113 7464
7114 6276
7115 4578
7116 6042
7117 5442
7118 7692
7119 6582
7120 7680
7121 7458
7122 7344
7123 7002
7124 7692
7125 7356
7126 4494
7127 6270
7128 6594
7129 7524
7130 6276
7131 6972
7132 7686
7133 7680
7134 8568
7135 7680
7136 5160
7137 7674
7138 6798
7139 5862
7140 7662
7141 4644
7142 6570
7143 7206
7144 6282
7145 6594
7146 7686
7147 7368
7148 4020
7149 7368
7150 6570
7151 5730
7152 7170
7153 7458
7154 6906
7155 7158
7156 6642
7157 7476
7158 7470
7159 7488
7160 4320
7161 162
7162 7062
7163 5118
7164 4176
7165 6852
7166 6810
7167 6588
7168 8400
7169 7782
7170 7194
7171 6114
7172 4530
7173 6270
7174 5826
7175 7788
7176 6936
7177 7776
7178 7182
7179 6072
7180 7794
7181 6276
7182 5640
7183 4884
7184 6246
7185 162
7186 162
7187 5220
7188 6870
7189 162
7190 7458
7191 7764
7192 8064
7193 6264
7194 7776
7195 6708
7196 6924
7197 6294
7198 8154
7199 5568
7200 8388
7201 5376
7202 7788
7203 6522
7204 5646
7205 6204
7206 3696
7207 6060
7208 4638
7209 8418
7210 5436
7211 6276
7212 6864
7213 5034
7214 5646
7215 7782
7216 4680
7217 4962
7218 4638
7219 6708
7220 4500
7221 4968
7222 4920
7223 6450
7224 5502
7225 5622
7226 6138
7227 6090
7228 7488
7229 8412
7230 7458
7231 4482
7232 6582
7233 4602
7234 7044
7235 7782
7236 7938
7237 6354
7238 7362
7239 6576
7240 6372
7241 7080
7242 7788
7243 7794
7244 6624
7245 7764
7246 7758
7247 6978
7248 6918
7249 5544
7250 4854
7251 6156
7252 162
7253 8004
7254 6570
7255 6372
7256 5526
7257 5298
7258 5022
7259 162
7260 162
7261 162
7262 162
7263 5166
7264 162
7265 5736
7266 162
7267 7986
7268 3948
7269 162
7270 162
7271 162
7272 162
7273 162
7274 162
7275 162
7276 6534
7277 6540
7278 162
7279 6216
7280 162
7281 6024
7282 162
7283 4716
7284 6846
7285 7980
7286 5304
7287 8400
7288 6270
7289 6270
7290 5436
7291 6372
7292 162
7293 4950
7294 5514
7295 3528
7296 6300
7297 5652
7298 7386
7299 6270
7300 7044
7301 162
7302 162
7303 162
7304 162
7305 162
7306 4512
7307 7986
7308 7482
7309 6264
7310 162
7311 162
7312 5358
7313 162
7314 162
7315 7074
7316 8082
7317 6594
7318 5844
7319 6384
7320 162
7321 162
7322 162
7323 7278
Unexpected message received for job 1044338
7324 6450
Unexpected message received for job 1044338
7325 6576
7326 8406
7327 8070
7328 7176
7329 5610
7330 6288
7331 5652
7332 6558
7333 7800
7334 7788
7335 5436
7336 6858
7337 7488
7338 7482
7339 6576
7340 6138
7341 5940
7342 6054
7343 8292
7344 6006
7345 7398
7346 5598
7347 3606
7348 7770
7349 7038
7350 6270
7351 5424
7352 7848
7353 6270
7354 7494
7355 7050
7356 5778
7357 5532
7358 5616
7359 5616
7360 7458
7361 4680
7362 8076
7363 6138
7364 5310
7365 6288
7366 6378
7367 6006
7368 4992
7369 7770
7370 7770
7371 5250
7372 7152
7373 8076
7374 7488
7375 6324
7376 6582
7377 5172
7378 6378
7379 6576
7380 4224
7381 6324
7382 6864
7383 7782
7384 6546
7385 8406
7386 5538
7387 6336
7388 5376
7389 5856
7390 6366
7391 6408
7392 6570
7393 4854
7394 4668
7395 4926
7396 6678
7397 6282
7398 8406
7399 7470
7400 4914
7401 7068
7402 6246
7403 5406
7404 8394
7405 7470
7406 162
7407 162
7408 162
7409 162
7410 162
7411 162
7412 162
7413 162
7414 5070
7415 5748
7416 162
7417 162
7418 162
7419 162
7420 162
7421 162
7422 162
7423 162
7424 162
7425 162
7426 888
7427 162
7428 162
7429 162
7430 162
7431 6624
7432 162
7433 6450
7434 162
7435 162
7436 162
7437 7776
7438 7476
7439 7476
7440 7494
7441 8394
7442 5280
7443 8094
7444 6402
7445 162
7446 6486
7447 5334
7448 5052
7449 7746
7450 7464
7451 7770
7452 5514
7453 6582
7454 8082
7455 7308
7456 162
7457 6948
7458 6564
7459 6360
7460 7458
7461 7782
7462 7392
7463 5586
7464 6612
7465 6750
7466 5910
7467 7494
7468 4806
7469 5070
7470 5058
7471 7788
7472 7266
7473 6372
7474 6648
7475 6630
7476 4872
7477 7962
7478 2892
7479 8082
7480 7482
7481 7044
7482 6294
7483 4482
7484 6384
7485 5304
7486 5370
7487 7806
7488 6294
7489 5472
7490 5892
7491 6576
7492 7188
7493 6150
7494 8388
7495 6576
7496 7470
7497 7350
7498 6264
7499 5220
7500 7464
7501 7344
7502 7344
7503 5910
7504 7470
7505 6060
7506 6264
7507 6678
7508 7152
7509 6252
7510 6534
7511 7776
7512 5370
7513 7188
7514 7818
7515 7686
7516 8394
7517 5130
7518 6618
7519 5844
7520 6270
7521 6048
7522 6264
7523 6258
7524 6276
7525 6858
7526 6564
7527 4902
7528 6582
7529 7770
7530 7062
7531 7992
7532 7182
7533 6486
7534 5514
7535 7998
7536 6372
7537 6024
7538 6882
7539 6240
7540 7608
7541 5088
7542 6276
7543 7548
7544 6654
7545 3354
7546 5142
7547 6264
7548 5388
7549 5946
7550 5292
7551 5094
7552 8076
7553 162
7554 162
7555 162
7556 162
7557 162
7558 162
7559 162
7560 162
7561 6294
7562 6246
7563 5982
7564 8094
7565 5580
7566 7158
7567 4224
7568 6168
7569 6354
7570 5742
7571 6294
7572 7602
7573 7998
7574 7074
7575 6246
7576 7452
7577 5298
7578 7788
7579 5682
7580 3720
7581 6810
7582 5184
7583 7674
7584 8394
7585 8418
7586 8412
7587 8400
7588 6126
7589 5166
7590 8394
7591 7992
7592 4434
7593 3108
7594 7776
7595 5844
7596 3540
7597 4908
7598 4602
7599 4836
7600 6630
7601 7776
7602 6444
7603 7476
7604 7176
7605 6582
7606 6894
7607 7992
7608 7788
7609 5550
7610 6090
7611 6264
7612 6936
7613 7482
7614 7782
7615 4698
7616 7776
7617 7476
7618 162
7619 162
7620 162
7621 162
7622 162
7623 162
7624 162
7625 162
7626 162
7627 162
7628 162
7629 8100
7630 162
7631 7842
7632 5976
7633 7476
7634 6582
7635 6264
7636 6576
7637 7584
7638 7464
7639 6252
7640 6546
7641 6684
7642 5628
7643 7188
7644 7692
7645 7680
7646 7716
7647 7542
7648 7590
7649 162
7650 162
7651 162
7652 162
7653 162
7654 162
7655 162
7656 162
7657 162
7658 162
7659 162
7660 8088
7661 162
7662 162
7663 162
7664 162
7665 162
7666 162
7667 162
7668 162
7669 162
7670 162
7671 162
7672 6588
7673 162
7674 162
7675 7002
7676 162
7677 162
7678 162
7679 162
7680 162
7681 162
7682 162
7683 162
7684 162
7685 162
7686 162
7687 162
7688 162
7689 162
7690 8082
7691 162
7692 6252
7693 5448
Unexpected message received for job 1044338
7694 6570
Unexpected message received for job 1044338
7695 5562
7696 5964
7697 7266
7698 5526
7699 6096
7700 5334
7701 7044
7702 6570
7703 7680
7704 7374
7705 8118
7706 7068
7707 5190
7708 4680
7709 6078
7710 3708
7711 162
7712 162
7713 162
7714 162
7715 162
7716 7938
7717 7764
7718 162
7719 162
7720 162
7721 162
7722 162
7723 7020
7724 6570
7725 8070
7726 162
7727 162
7728 5724
7729 6894
7730 7776
7731 162
7732 6132
7733 8418
7734 4716
7735 8250
7736 7170
7737 7770
7738 5994
7739 7782
7740 6120
7741 7566
7742 7662
7743 7458
7744 6576
7745 6282
7746 7482
7747 7374
7748 7680
7749 6888
7750 7530
7751 6060
7752 6612
7753 7464
7754 162
7755 162
7756 3426
7757 7374
7758 6276
7759 5154
7760 4800
7761 6480
7762 6948
7763 162
7764 162
7765 162
7766 162
7767 162
7768 162
7769 162
7770 162
7771 162
7772 162
7773 426
7774 162
7775 162
7776 162
7777 162
7778 162
7779 162
7780 162
7781 162
7782 162
7783 162
7784 162
7785 162
7786 162
7787 162
7788 162
7789 162
7790 162
7791 7146
7792 6570
7793 6618
7794 6888
7795 7476
7796 5208
7797 6864
7798 6120
7799 8070
7800 7464
7801 6150
7802 5706
7803 8406
7804 8010
7805 8418
7806 6426
7807 5052
7808 6246
7809 5400
7810 5478
7811 7794
7812 6294
7813 4764
7814 5838
7815 5358
7816 6906
7817 8088
7818 5412
7819 6366
7820 7764
7821 8082
7822 7770
7823 6792
7824 6612
7825 3690
7826 6798
7827 6264
7828 6684
7829 6252
7830 6660
7831 7476
7832 5640
7833 7104
7834 162
7835 426
7836 162
7837 162
7838 162
7839 162
7840 162
7841 162
7842 162
7843 162
7844 5418
7845 162
7846 8100
7847 162
7848 162
7849 4068
7850 4770
7851 5334
7852 8082
7853 3720
7854 7176
7855 7878
7856 4044
7857 5688
7858 6882
7859 162
7860 162
7861 6624
7862 6810
7863 6288
7864 7368
7865 6912
7866 6906
7867 6396
7868 5538
7869 7362
7870 5946
7871 6252
7872 6582
7873 5736
7874 6012
7875 6564
7876 7776
7877 7788
7878 6888
7879 6858
7880 7482
7881 7332
7882 5286
7883 162
7884 162
7885 162
7886 5856
7887 6270
7888 162
7889 162
7890 162
7891 162
7892 162
7893 7776
7894 7728
7895 162
7896 162
7897 162
7898 162
7899 162
7900 162
7901 4818
7902 6378
7903 7140
7904 4080
7905 5262
7906 4824
7907 6276
7908 7446
7909 6564
7910 5958
7911 6276
7912 8088
7913 8418
7914 6300
7915 6288
7916 7506
7917 7998
7918 6264
7919 8070
7920 162
7921 162
7922 5904
7923 5616
7924 7788
7925 7458
7926 6246
7927 6372
7928 8088
7929 6570
7930 6414
7931 5982
7932 4794
7933 7362
7934 6984
7935 6270
7936 5406
7937 6462
7938 6012
7939 4548
7940 6276
7941 6312
7942 5058
7943 6906
7944 4590
7945 4800
7946 4080
7947 3840
7948 4848
7949 5232
7950 6312
7951 5166
7952 7770
7953 7050
7954 8088
7955 5670
7956 5364
7957 8106
7958 4656
7959 5550
7960 3516
7961 6090
7962 5952
7963 8082
7964 3846
7965 7056
7966 8010
7967 7470
7968 7050
7969 5328
7970 7770
7971 6582
7972 7998
7973 8058
7974 4962
7975 6252
7976 162
7977 162
7978 162
7979 162
7980 8088
7981 6576
7982 6600
7983 7380
7984 5286
7985 6108
7986 8082
7987 4938
7988 5802
7989 7566
7990 7458
7991 7878
7992 7470
7993 6270
7994 6462
7995 7410
7996 5388
7997 5238
7998 4638
7999 3840
8000 6270
8001 4140
8002 162
8003 162
8004 162
8005 162
8006 162
8007 6954
8008 162
8009 162
8010 162
8011 162
8012 162
8013 162
8014 162
8015 7986
8016 7998
8017 5388
8018 8244
8019 5652
8020 7482
8021 5112
8022 5244
8023 4032
8024 7158
8025 4710
8026 6054
8027 5964
8028 7458
8029 4554
8030 4746
8031 6576
8032 5778
8033 6780
8034 5892
8035 5202
8036 6066
8037 8070
8038 8412
8039 7776
8040 6264
8041 6672
8042 8064
8043 6264
8044 7788
8045 7362
8046 8400
8047 7476
8048 6654
8049 4968
8050 6288
8051 5586
8052 7680
8053 4446
8054 5364
8055 7242
8056 7458
8057 5070
8058 5220
8059 7470
8060 5982
8061 4086
8062 7464
8063 6672
8064 6204
8065 5688
8066 6282
8067 5100
8068 5634
8069 7458
8070 6486
Unexpected message received for job 1044338
8071 5328
Unexpected message received for job 1044338
8072 8406
8073 8094
8074 6894
8075 5424
8076 6894
8077 6390
8078 8070
8079 7710
8080 5682
8081 7764
8082 8076
8083 7998
8084 5376
8085 5472
8086 5952
8087 6750
8088 7218
8089 6558
8090 5148
8091 8100
8092 6150
8093 6276
8094 6768
8095 5586
8096 7272
8097 7770
8098 7992
8099 6366
8100 8082
8101 8094
8102 4836
8103 6288
8104 5010
8105 7554
8106 6168
8107 7350
8108 6312
8109 162
8110 8082
8111 7998
8112 5502
8113 7116
8114 9648
8115 4158
8116 6870
8117 5622
8118 5850
8119 4752
8120 6900
8121 6252
8122 6894
8123 6252
8124 4974
8125 7128
8126 7824
8127 5568
8128 6912
8129 5802
8130 5556
8131 4854
8132 7788
8133 6864
8134 8418
8135 7158
8136 7458
8137 6276
8138 6264
8139 6432
8140 7452
8141 6138
8142 6576
8143 6252
8144 6468
8145 4764
8146 6864
8147 5610
8148 7776
8149 5574
8150 5988
8151 6246
8152 6264
8153 7488
8154 7776
8155 7368
8156 3930
8157 7470
8158 7494
8159 5490
8160 6312
8161 8412
8162 7722
8163 6264
8164 7386
8165 8088
8166 7182
8167 7458
8168 7230
8169 5130
8170 162
8171 162
8172 162
8173 8094
8174 6024
8175 162
8176 162
8177 162
8178 162
8179 162
8180 162
8181 162
8182 6888
8183 162
8184 162
8185 162
8186 7470
8187 162
8188 162
8189 162
8190 162
8191 162
8192 162
8193 6804
8194 162
8195 162
8196 6072
8197 162
8198 162
8199 6924
8200 6576
8201 162
8202 162
8203 162
8204 162
8205 5286
8206 4860
8207 6240
8208 7404
8209 162
8210 162
8211 162
8212 162
8213 162
8214 8082
8215 5652
8216 7488
8217 9420
8218 6570
8219 162
8220 7464
8221 162
8222 5154
8223 5454
8224 162
8225 6696
8226 162
8227 6594
8228 162
8229 162
8230 162
8231 162
8232 162
8233 162
8234 8088
8235 162
8236 162
8237 162
8238 8004
8239 162
8240 6378
8241 162
8242 162
8243 5982
8244 162
8245 162
8246 162
8247 5634
8248 7464
8249 7392
8250 7164
8251 7404
8252 8082
8253 7770
8254 4692
8255 5136
8256 6264
8257 5976
8258 7788
8259 6906
8260 5274
8261 6264
8262 6126
8263 5262
8264 7422
8265 7470
8266 7488
8267 6594
8268 6588
8269 7050
8270 4524
8271 6444
8272 6270
8273 4842
8274 5832
8275 6282
8276 5700
8277 7272
8278 6324
8279 6906
8280 7146
8281 3342
8282 4764
8283 4182
8284 6594
8285 4410
8286 7494
8287 6576
8288 7494
8289 7344
8290 5820
8291 6912
8292 3864
8293 6732
8294 6576
8295 5730
8296 5286
8297 5328
8298 4776
8299 7782
8300 8076
8301 4962
8302 7512
8303 6540
8304 7392
8305 6276
8306 5676
8307 4914
8308 6258
8309 6966
8310 8082
8311 6270
8312 5796
8313 7470
8314 5562
8315 5208
8316 5946
8317 8064
Unexpected message received for job 1044338
8318 7722
8319 5976
8320 5196
8321 7098
8322 4854
8323 7122
8324 5610
8325 7476
8326 7782
8327 6552
8328 7062
8329 4908
8330 8412
8331 7266
8332 5556
8333 6054
8334 7770
8335 6258
8336 6270
8337 6810
8338 5454
8339 6558
8340 8244
8341 6282
8342 6276
8343 6396
8344 4278
8345 7482
8346 8076
8347 162
8348 162
8349 162
8350 162
8351 6576
8352 4506
8353 6264
8354 5538
8355 6048
8356 162
8357 162
8358 162
8359 162
8360 162
8361 162
8362 162
8363 162
8364 162
8365 162
8366 162
8367 162
8368 6258
8369 162
8370 162
8371 162
8372 5160
8373 6120
8374 4008
8375 6780
8376 6264
8377 162
8378 162
8379 7086
8380 162
8381 162
8382 162
8383 162
8384 162
8385 6126
8386 162
8387 162
8388 162
8389 162
8390 162
8391 162
8392 162
8393 162
8394 162
8395 162
8396 162
8397 5976
8398 162
8399 162
8400 7530
8401 7770
8402 162
8403 162
8404 162
8405 162
8406 162
8407 162
8408 6246
8409 6270
8410 6138
8411 5886
8412 7644
8413 162
8414 162
8415 162
8416 162
8417 162
8418 162
8419 7752
8420 7452
8421 6174
8422 5334
8423 5004
8424 7206
8425 6954
8426 6888
8427 7380
8428 7362
8429 7362
8430 7176
8431 5532
8432 8418
8433 5244
8434 6864
8435 7470
8436 4860
8437 7782
8438 5214
8439 7464
8440 8406
8441 4740
8442 7764
8443 7344
8444 7476
8445 4368
8446 162
8447 162
8448 162
8449 162
8450 162
8451 5940
8452 162
8453 162
8454 162
8455 162
8456 162
8457 162
8458 162
8459 162
8460 162
8461 7776
8462 5508
8463 6252
8464 3816
8465 3492
8466 4344
8467 5388
8468 7494
8469 5442
8470 5112
Unexpected message received for job 1044338
8471 6924
8472 5508
Unexpected message received for job 1044338
8473 5082
8474 5022
8475 7110
8476 5952
8477 8394
8478 7776
8479 6270
8480 6204
8481 7788
8482 6438
8483 6270
8484 6264
8485 7434
8486 7386
8487 6288
8488 7464
8489 7164
8490 5544
8491 6246
8492 7464
8493 4500
8494 6984
8495 6576
8496 6264
8497 5532
8498 6366
8499 5796
8500 4752
8501 6372
8502 8082
8503 8082
8504 7494
8505 6264
8506 6570
8507 8070
8508 6252
8509 6348
8510 4530
8511 6048
8512 7776
8513 7476
8514 5580
8515 6486
8516 5460
8517 5718
8518 4812
8519 6264
8520 162
8521 162
8522 162
8523 162
8524 162
8525 162
8526 162
8527 162
8528 162
8529 162
8530 8082
8531 7476
8532 6294
8533 4500
8534 8394
8535 5328
8536 5046
8537 6690
8538 162
8539 162
8540 162
8541 162
8542 7776
8543 162
8544 162
8545 162
8546 162
8547 162
8548 162
8549 162
8550 162
8551 162
8552 162
8553 162
8554 162
8555 162
8556 5304
8557 162
8558 162
8559 162
8560 5172
8561 162
8562 162
8563 162
8564 162
8565 162
8566 162
8567 5976
8568 162
8569 162
8570 162
8571 162
8572 6270
8573 162
8574 162
8575 162
8576 8442
8577 9030
8578 162
8579 162
8580 162
8581 7782
8582 162
8583 162
8584 5496
8585 162
8586 162
8587 8088
8588 162
8589 162
8590 162
8591 162
8592 162
8593 162
8594 162
8595 162
8596 162
8597 162
8598 162
8599 162
8600 162
8601 162
8602 7764
8603 162
8604 4422
8605 162
8606 162
8607 162
8608 7104
8609 8094
8610 162
8611 162
8612 7374
8613 6570
8614 6612
8615 5214
8616 6054
8617 6270
8618 6576
8619 7476
8620 7104
8621 5340
8622 162
8623 5652
8624 6630
8625 5442
8626 6144
8627 7476
8628 5490
8629 6276
8630 162
8631 162
8632 162
8633 7986
8634 7896
8635 6732
8636 7482
8637 7356
8638 6174
8639 7452
8640 6774
8641 7470
8642 4926
8643 6456
8644 6834
8645 5346
8646 6264
8647 6270
8648 8394
8649 7782
8650 6864
8651 7470
8652 6222
8653 7476
8654 7272
8655 5940
8656 5598
8657 5676
8658 5046
8659 438
8660 4632
8661 6030
8662 7764
8663 162
8664 162
8665 162
8666 162
8667 162
8668 162
8669 162
8670 6576
8671 7698
8672 5460
8673 4818
8674 6270
8675 4482
8676 7788
8677 7764
8678 6858
8679 6588
8680 7032
8681 4398
8682 7764
8683 6252
8684 5928
8685 6246
8686 6582
8687 7494
8688 6780
8689 7416
8690 5052
8691 7494
8692 7680
8693 6588
8694 7992
8695 6600
8696 6252
8697 3594
8698 8076
8699 6450
8700 7074
8701 5940
8702 6612
8703 8088
8704 4716
8705 6264
8706 7050
8707 6240
8708 6612
8709 5016
8710 6600
8711 162
8712 7782
8713 162
8714 162
8715 162
8716 162
8717 162
8718 162
8719 162
8720 162
8721 162
8722 5190
8723 5670
8724 6264
8725 7494
8726 5142
8727 5928
8728 8076
8729 6588
8730 6906
8731 5202
8732 5370
8733 7782
8734 7770
8735 5016
8736 7326
8737 5838
8738 6576
8739 7980
8740 6852
8741 7788
8742 6612
8743 7482
8744 7704
8745 7770
8746 7542
8747 6654
8748 7794
8749 5028
8750 4818
8751 7782
8752 6006
8753 5682
8754 3294
8755 4860
8756 6588
8757 8064
8758 8790
8759 8082
8760 7452
8761 5310
8762 5658
8763 6276
8764 7758
8765 7182
8766 5028
8767 5922
8768 5118
8769 6588
8770 4278
8771 7680
8772 4902
8773 7368
8774 6360
8775 6870
8776 6288
8777 6912
8778 7776
8779 8526
8780 6852
8781 7770
8782 5916
8783 5922
8784 7788
8785 7008
8786 6468
8787 6510
8788 7470
8789 7782
8790 5436
8791 6288
8792 6858
8793 6054
8794 7788
8795 7770
8796 6588
8797 6660
8798 8094
8799 6588
8800 4986
8801 5988
8802 6438
8803 6126
8804 7218
8805 5940
8806 7782
8807 7488
8808 7368
8809 7470
8810 7626
8811 3930
8812 7848
8813 7188
8814 6258
8815 6252
8816 6384
8817 6270
8818 6282
8819 3906
8820 162
8821 162
8822 4740
8823 162
8824 7770
8825 4806
8826 5094
8827 7398
8828 4944
8829 7176
8830 7374
8831 6336
8832 7692
8833 6918
8834 7404
8835 7764
8836 3900
8837 6888
8838 4518
8839 7824
8840 6276
8841 7476
8842 5022
8843 6900
8844 4782
8845 5676
Unexpected message received for job 1044338
8846 6246
Unexpected message received for job 1044338
8847 7890
8848 7470
8849 7458
8850 7464
8851 8076
8852 5634
8853 6252
8854 5496
8855 3294
8856 6540
8857 6276
8858 3546
8859 6036
8860 6528
8861 7470
8862 6432
8863 6534
8864 7782
8865 8010
8866 7182
8867 7374
8868 7782
8869 6912
8870 7770
8871 7998
8872 7776
8873 5196
8874 7044
8875 4782
8876 6738
8877 4962
8878 8004
8879 6894
8880 7782
8881 5196
8882 6498
8883 7992
8884 6498
8885 234
8886 6978
8887 6588
8888 7170
8889 7716
8890 5466
8891 4944
8892 4998
8893 7488
8894 7764
8895 6870
8896 6504
8897 5484
8898 5994
8899 5496
8900 6288
8901 7464
8902 6276
8903 6882
8904 6264
8905 6870
8906 7158
8907 6282
8908 162
8909 162
8910 5880
8911 7440
8912 6540
8913 8070
8914 6576
8915 6534
8916 264
8917 6078
8918 6030
8919 6186
8920 7188
8921 6192
8922 7278
8923 7470
8924 7482
8925 6624
8926 6252
8927 6414
8928 7482
8929 5496
8930 5952
8931 7164
8932 6372
8933 7770
8934 7770
8935 162
8936 162
8937 162
8938 162
8939 162
8940 162
8941 7980
8942 8070
8943 5508
8944 7758
8945 8094
8946 7698
8947 6270
8948 6648
8949 5526
8950 7494
8951 8082
8952 7356
8953 6270
8954 6600
8955 7698
8956 5358
8957 6912
8958 6276
8959 6252
8960 162
8961 5190
8962 7464
8963 5094
8964 5418
8965 6330
8966 6270
8967 6426
8968 7686
8969 6030
8970 7788
8971 5070
8972 5538
8973 7782
8974 5112
8975 7476
8976 6870
8977 6732
8978 6870
8979 6774
8980 6264
8981 4752
8982 6564
8983 6594
8984 7980
8985 6744
8986 7992
8987 4500
8988 6264
8989 7800
8990 4932
8991 7992
8992 4548
8993 7386
8994 5322
8995 7470
8996 7488
8997 4206
8998 5640
8999 7038
9000 5394
9001 7182
9002 3870
9003 6276
9004 5256
9005 4764
9006 7056
9007 6588
9008 7788
9009 6564
9010 7770
9011 6372
9012 6246
9013 6288
9014 6030
9015 7356
9016 6870
9017 6276
9018 6888
9019 5676
9020 6246
9021 4080
9022 7392
9023 6282
9024 8058
9025 7992
9026 6282
9027 4992
9028 8394
9029 6282
9030 6582
9031 7392
9032 162
9033 162
9034 4968
9035 5058
9036 7782
9037 7164
9038 5376
9039 8082
9040 6318
9041 6276
9042 7482
9043 7188
9044 5016
9045 4866
9046 6306
9047 6426
9048 4446
9049 5502
9050 5166
9051 4692
9052 6312
9053 6564
9054 8076
9055 5856
9056 4830
9057 5292
9058 6882
9059 7854
9060 6696
9061 7476
9062 7356
9063 7488
9064 8076
9065 7164
9066 7464
9067 162
9068 5250
9069 162
9070 162
9071 162
9072 162
9073 162
9074 162
9075 6444
9076 4416
9077 5622
9078 5454
9079 5808
9080 5946
9081 6570
9082 7776
9083 8412
9084 5694
9085 5064
9086 7782
9087 5538
9088 6288
9089 6372
9090 4956
9091 6900
9092 7764
9093 4848
9094 7776
9095 7764
9096 6582
9097 7758
9098 5652
9099 7764
9100 7998
9101 8016
9102 7656
9103 6798
9104 6492
9105 6570
9106 6258
9107 5544
9108 6480
9109 7692
9110 5022
9111 8742
9112 4980
9113 6744
9114 7482
9115 6102
9116 5520
9117 7980
9118 6264
9119 7350
9120 5178
9121 4668
9122 7476
9123 7782
9124 4530
9125 5412
9126 6522
9127 6270
9128 4578
9129 5670
9130 4170
9131 6270
9132 5682
9133 7800
9134 6252
9135 4686
9136 6816
9137 6258
9138 162
9139 162
9140 162
9141 162
9142 6342
9143 162
9144 162
9145 162
9146 162
9147 6114
9148 162
9149 162
9150 162
9151 162
9152 162
9153 162
9154 162
9155 162
9156 162
9157 162
9158 162
9159 162
9160 162
9161 162
9162 162
9163 162
9164 162
9165 162
9166 162
9167 162
9168 5700
9169 7764
9170 162
9171 7776
9172 5832
9173 6252
9174 4980
9175 7764
9176 7782
9177 6936
9178 6534
Unexpected message received for job 1044338
9179 6858
9180 6768
Unexpected message received for job 1044338
9181 7770
9182 162
9183 5958
9184 6282
9185 6600
9186 4944
9187 6384
9188 162
9189 162
9190 162
9191 162
9192 162
9193 162
9194 5976
9195 5892
9196 8088
9197 6822
9198 5184
9199 7362
9200 6624
9201 8058
9202 6540
9203 7770
9204 6246
9205 5262
9206 6984
9207 5430
9208 7050
9209 162
9210 162
9211 6570
9212 4884
9213 8100
9214 6876
9215 7356
9216 7050
9217 4344
9218 6270
9219 6276
9220 7386
9221 6276
9222 6276
9223 8418
9224 5520
9225 5844
9226 6186
9227 162
9228 162
9229 162
9230 162
9231 5346
9232 5598
9233 7776
9234 7176
9235 4314
9236 6018
9237 4392
9238 6582
9239 6612
9240 6876
9241 6186
9242 6270
9243 6264
9244 6258
9245 4794
9246 6276
9247 5022
9248 5670
9249 5688
9250 6390
9251 6138
9252 6396
9253 5376
9254 6216
9255 7788
9256 6546
9257 6012
9258 7266
9259 7362
9260 162
9261 162
9262 6534
9263 4560
9264 7776
9265 8412
9266 6534
9267 5808
9268 4980
9269 6072
9270 4290
9271 7074
9272 6300
9273 5280
9274 5130
9275 6768
9276 6570
9277 5988
9278 8004
9279 8406
9280 6282
9281 6012
9282 6060
9283 5772
9284 5544
9285 5964
9286 7458
9287 5070
9288 8082
9289 162
9290 162
9291 162
9292 7788
9293 8070
9294 162
9295 162
9296 162
9297 6588
9298 162
9299 162
9300 7392
9301 162
9302 6132
9303 7764
9304 7278
9305 6744
9306 6966
9307 7560
9308 5460
9309 8010
9310 5100
9311 7998
9312 5556
9313 7050
9314 6990
9315 6570
9316 3816
9317 7482
9318 8010
9319 162
9320 162
9321 6192
9322 5550
9323 7002
9324 8406
9325 7050
9326 8004
9327 6180
9328 7062
9329 7776
9330 8010
9331 7038
9332 7494
9333 5118
9334 7998
9335 6576
9336 6264
9337 5160
9338 6576
9339 6258
9340 7158
9341 6834
9342 6276
9343 4950
9344 7410
9345 5082
9346 6276
9347 6258
9348 7776
9349 7380
9350 8064
9351 4866
9352 4722
9353 7488
9354 8058
9355 7458
9356 6570
9357 5706
9358 7776
9359 8418
9360 6888
9361 162
9362 162
9363 162
9364 162
9365 162
9366 162
9367 162
9368 162
9369 162
9370 162
9371 162
9372 162
9373 4776
9374 162
9375 6570
9376 162
9377 162
9378 5310
9379 7932
9380 6270
9381 6648
9382 7086
9383 7482
9384 5640
9385 6576
9386 6324
9387 5778
9388 7572
9389 4338
9390 6264
9391 5940
9392 4470
9393 6576
9394 6312
9395 6294
9396 5982
9397 7488
9398 6846
9399 6264
9400 6870
9401 7674
9402 5250
9403 5010
9404 162
9405 162
9406 162
9407 162
9408 6432
9409 6588
9410 6276
9411 7368
9412 4824
9413 6024
9414 6252
9415 4842
9416 6024
9417 5022
9418 4638
9419 5982
9420 7284
9421 7482
9422 6318
9423 6858
9424 4608
9425 6588
9426 5682
9427 7116
9428 6018
9429 6990
9430 7056
9431 5484
9432 4458
9433 5778
9434 4260
9435 5652
9436 5976
9437 6276
9438 7488
9439 7470
9440 6276
9441 7014
9442 5016
9443 3588
9444 3474
9445 6528
9446 8346
9447 5046
9448 6288
9449 6258
9450 4536
9451 5670
9452 6576
9453 6972
9454 6282
9455 4368
9456 5220
9457 7794
9458 7764
9459 4602
9460 6576
9461 7668
9462 5376
9463 6588
9464 5388
9465 5466
9466 7776
9467 7248
9468 3150
9469 5250
9470 4914
9471 6264
9472 5190
9473 7458
9474 5160
9475 5286
9476 7500
9477 5238
9478 4668
9479 7764
9480 5496
9481 6870
9482 7914
9483 6588
9484 6288
9485 5892
9486 162
9487 162
9488 162
9489 6288
9490 162
9491 162
9492 162
9493 162
9494 162
9495 162
9496 7482
9497 7986
9498 7470
9499 7770
9500 6594
9501 5658
9502 7458
9503 162
9504 162
9505 162
9506 162
9507 5106
9508 162
9509 162
9510 162
9511 162
9512 162
9513 162
9514 162
9515 5982
9516 5676
9517 7770
9518 162
9519 162
9520 162
9521 162
9522 162
9523 162
9524 162
9525 162
9526 162
9527 162
9528 162
9529 162
9530 7788
9531 162
9532 162
9533 162
9534 162
9535 162
9536 162
9537 162
9538 162
9539 162
9540 162
9541 162
9542 162
9543 5256
9544 7770
9545 162
9546 162
9547 8004
9548 7992
9549 6570
9550 6834
9551 7470
9552 5058
9553 6546
9554 7500
9555 162
Unexpected message received for job 1044338
9556 5124
9557 6282
Unexpected message received for job 1044338
9558 7464
9559 7458
9560 5436
9561 5040
9562 4380
9563 5610
9564 6018
9565 8430
9566 5628
9567 7788
9568 8400
9569 6804
9570 6258
9571 5226
9572 6246
9573 5544
9574 7314
9575 4788
9576 6252
9577 7764
9578 6468
9579 6756
9580 6774
9581 7470
9582 6588
9583 7032
9584 6870
9585 6642
9586 6360
9587 7764
9588 5664
9589 5652
9590 7770
9591 6588
9592 7452
9593 6084
9594 8070
9595 8400
9596 7350
9597 5514
9598 8082
9599 6264
9600 6246
9601 4518
9602 6252
9603 5064
9604 7464
9605 5964
9606 7680
9607 5310
9608 7698
9609 5640
9610 4950
9611 5910
9612 4110
9613 4854
9614 6582
9615 7566
9616 7578
9617 7776
9618 6258
9619 7776
9620 5520
9621 6258
9622 6612
9623 6270
9624 6978
9625 6810
9626 6228
9627 6882
9628 7674
9629 6390
9630 7500
9631 7470
9632 5298
9633 6018
9634 5658
9635 6594
9636 6360
9637 6264
9638 5454
9639 4098
9640 6738
9641 8082
9642 4254
9643 7788
9644 5772
9645 7392
9646 5712
9647 5970
9648 6918
9649 6288
9650 6276
9651 5634
9652 4518
9653 4908
9654 7470
9655 5466
9656 7488
9657 3876
9658 6582
9659 6120
9660 5418
9661 7350
9662 4974
9663 7494
9664 7764
9665 4500
9666 5412
9667 5904
9668 4530
9669 7776
9670 5550
9671 6174
9672 6252
9673 5616
9674 4548
9675 8346
9676 6036
9677 6258
9678 6120
9679 7476
9680 6588
9681 7464
9682 7482
9683 5538
9684 5682
9685 6138
9686 7170
9687 8406
9688 5574
9689 5700
9690 4980
9691 7494
9692 4530
9693 7476
9694 4938
9695 6264
9696 8406
9697 6282
9698 6264
9699 7776
9700 6276
9701 7764
9702 4662
9703 7056
9704 5406
9705 6210
9706 7764
9707 5454
9708 8400
9709 7074
9710 6288
9711 6870
9712 7128
9713 7398
9714 7548
9715 8118
9716 6276
9717 4836
9718 5394
9719 7386
9720 8412
9721 7356
9722 5010
9723 4686
9724 4290
9725 5598
9726 8334
9727 4146
9728 8412
9729 7050
9730 7032
9731 162
9732 162
9733 5502
9734 7800
9735 7476
9736 5862
9737 7776
9738 7482
9739 7482
9740 6360
9741 7986
9742 5856
9743 4998
9744 6054
9745 8088
9746 6288
9747 5964
9748 5148
9749 5118
9750 8070
9751 6576
9752 6282
9753 7488
9754 4404
9755 5982
9756 4392
9757 4662
9758 5688
9759 162
9760 6576
9761 162
9762 162
9763 162
9764 162
9765 162
9766 162
9767 7992
9768 162
9769 162
9770 162
9771 162
9772 162
9773 162
9774 162
9775 162
9776 162
9777 162
9778 162
9779 162
9780 6264
9781 7782
9782 162
9783 162
9784 5196
9785 162
9786 162
9787 6888
9788 162
9789 162
9790 162
9791 162
9792 162
9793 162
9794 162
9795 162
9796 162
9797 162
9798 162
9799 5022
9800 5196
9801 162
9802 162
9803 162
9804 162
9805 162
9806 162
9807 162
9808 162
9809 8082
9810 162
9811 162
9812 162
9813 162
9814 7392
9815 6906
9816 162
9817 7080
9818 162
9819 162
9820 162
9821 162
9822 162
9823 162
9824 162
9825 7788
9826 162
9827 162
9828 162
9829 162
9830 162
9831 5412
9832 5742
9833 162
9834 162
9835 162
9836 162
9837 7788
9838 6438
9839 7764
9840 7200
9841 162
9842 162
9843 162
9844 162
9845 162
9846 7698
9847 162
9848 162
9849 162
9850 162
9851 4152
9852 162
9853 162
9854 7758
9855 7164
9856 6258
9857 6354
9858 8256
9859 6588
9860 7488
9861 6252
9862 6288
9863 7452
9864 7056
9865 7776
9866 7716
9867 5214
9868 162
9869 6768
9870 6588
9871 7788
9872 6276
9873 8394
9874 7344
9875 6600
9876 7188
9877 7794
9878 8076
9879 7464
9880 6186
9881 6576
9882 5544
9883 8082
9884 7470
9885 6282
9886 162
9887 162
9888 162
9889 162
9890 7482
9891 7488
9892 7098
9893 4860
9894 162
9895 162
9896 7092
9897 7476
9898 7002
9899 7788
9900 7110
9901 8400
9902 7392
9903 7152
9904 6012
9905 5742
9906 6588
9907 7464
9908 6486
9909 7536
9910 7782
9911 8088
9912 7494
9913 6882
9914 5832
9915 3618
9916 6252
9917 7776
9918 6492
9919 4542
9920 7686
9921 6294
9922 4374
Unexpected message received for job 1044338
9923 4746
Unexpected message received for job 1044338
9924 7776
9925 4926
9926 6288
9927 7458
9928 6246
9929 7776
9930 6978
9931 7752
9932 6906
9933 7800
9934 6696
9935 4896
9936 7434
9937 7782
9938 7710
9939 7476
9940 4380
9941 7452
9942 4098
9943 4884
9944 7452
9945 6282
9946 4872
9947 5490
9948 4914
9949 3672
9950 6246
9951 7038
9952 6564
9953 7464
9954 5862
9955 6270
9956 7770
9957 7764
9958 3642
9959 5400
9960 4134
9961 4644
9962 5598
9963 7500
9964 6048
9965 7476
9966 6498
9967 7794
9968 5544
9969 6594
9970 5598
9971 6966
9972 7998
9973 7986
9974 7068
9975 5664
9976 8100
9977 6276
9978 7368
9979 6876
9980 4872
9981 6282
9982 7152
9983 8976
9984 6252
9985 5724
9986 4338
9987 4338
9988 3474
9989 6264
9990 5340
9991 8412
9992 4902
9993 6870
9994 7782
9995 6744
9996 5040
9997 8088
9998 8088
9999 8400
Record :  1206
