 Retrying in 1 seconds
Episode: 0 | Time: 0
/cs/home/psyfm4/miniconda3/lib/python3.12/site-packages/sumo/tools/traci/main.py:198: UserWarning: API change now handles step as floating point seconds
  connection.check().simulationStep(step)
Episode: 1 | Time: 2225
Episode: 2 | Time: 1950
Episode: 3 | Time: 1775
Episode: 4 | Time: 550
Episode: 5 | Time: 1875
Episode: 6 | Time: 2300
Episode: 7 | Time: 1825
Episode: 8 | Time: 3750
Episode: 9 | Time: 2725
Episode: 10 | Time: 2575
Episode: 11 | Time: 3550
Episode: 12 | Time: 4800
Episode: 13 | Time: 7275
Episode: 14 | Time: 4600
Episode: 15 | Time: 4675
Episode: 16 | Time: 3550
Episode: 17 | Time: 5900
Episode: 18 | Time: 5475
Episode: 19 | Time: 2900
Episode: 20 | Time: 5575
Episode: 21 | Time: 5850
Episode: 22 | Time: 10250
Episode: 23 | Time: 4600
Episode: 24 | Time: 7325
Episode: 25 | Time: 6225
Episode: 26 | Time: 7800
Episode: 27 | Time: 9700
Episode: 28 | Time: 8175
Episode: 29 | Time: 7750
Episode: 30 | Time: 5650
Episode: 31 | Time: 7925
Episode: 32 | Time: 5975
Episode: 33 | Time: 4475
Episode: 34 | Time: 3900
Episode: 35 | Time: 7275
Episode: 36 | Time: 6675
Episode: 37 | Time: 4700
Episode: 38 | Time: 6750
Episode: 39 | Time: 4600
Episode: 40 | Time: 4325
Episode: 41 | Time: 7475
Episode: 42 | Time: 8650
Episode: 43 | Time: 8250
Episode: 44 | Time: 7575
Episode: 45 | Time: 4925
Episode: 46 | Time: 5100
Episode: 47 | Time: 3900
Episode: 48 | Time: 10350
Episode: 49 | Time: 8600
Episode: 50 | Time: 5625
Episode: 51 | Time: 3050
Episode: 52 | Time: 8575
Episode: 53 | Time: 1300
Episode: 54 | Time: 6725
Episode: 55 | Time: 7550
Episode: 56 | Time: 4525
Episode: 57 | Time: 2975
Episode: 58 | Time: 6175
Episode: 59 | Time: 5200
Episode: 60 | Time: 6425
Episode: 61 | Time: 8150
Episode: 62 | Time: 8000
Episode: 63 | Time: 5300
Episode: 64 | Time: 7500
Episode: 65 | Time: 4550
Episode: 66 | Time: 8600
Episode: 67 | Time: 7025
Episode: 68 | Time: 5600
Episode: 69 | Time: 6950
Episode: 70 | Time: 6825
Episode: 71 | Time: 6125
Episode: 72 | Time: 8825
Episode: 73 | Time: 3950
Episode: 74 | Time: 6850
Episode: 75 | Time: 2875
Episode: 76 | Time: 3575
Episode: 77 | Time: 5300
Episode: 78 | Time: 6800
Episode: 79 | Time: 6750
Episode: 80 | Time: 350
Episode: 81 | Time: 6000
Episode: 82 | Time: 5650
Episode: 83 | Time: 6975
Episode: 84 | Time: 4175
Episode: 85 | Time: 7800
Episode: 86 | Time: 3025
Episode: 87 | Time: 4150
Episode: 88 | Time: 7100
Episode: 89 | Time: 5100
Episode: 90 | Time: 5850
Episode: 91 | Time: 7950
Episode: 92 | Time: 5425
Episode: 93 | Time: 7825
Episode: 94 | Time: 825
Episode: 95 | Time: 4150
Episode: 96 | Time: 5850
Episode: 97 | Time: 4000
Episode: 98 | Time: 6775
Episode: 99 | Time: 2950
Episode: 100 | Time: 6775
Episode: 101 | Time: 2275
Episode: 102 | Time: 3325
Episode: 103 | Time: 975
Episode: 104 | Time: 2800
Episode: 105 | Time: 4625
Episode: 106 | Time: 4125
Episode: 107 | Time: 6475
Episode: 108 | Time: 4025
Episode: 109 | Time: 5500
Episode: 110 | Time: 6350
Episode: 111 | Time: 2925
Episode: 112 | Time: 4200
Episode: 113 | Time: 7150
Episode: 114 | Time: 7300
Episode: 115 | Time: 3450
Episode: 116 | Time: 6750
Episode: 117 | Time: 4900
Episode: 118 | Time: 2850
Episode: 119 | Time: 3700
Episode: 120 | Time: 6650
Episode: 121 | Time: 7150
Episode: 122 | Time: 2900
Episode: 123 | Time: 3850
Episode: 124 | Time: 3800
Episode: 125 | Time: 6175
Episode: 126 | Time: 2025
Episode: 127 | Time: 3725
Episode: 128 | Time: 3925
Episode: 129 | Time: 5475
Episode: 130 | Time: 6500
Episode: 131 | Time: 5600
Episode: 132 | Time: 7375
Episode: 133 | Time: 3825
Episode: 134 | Time: 3575
Episode: 135 | Time: 6900
Episode: 136 | Time: 2725
Episode: 137 | Time: 2100
Episode: 138 | Time: 1450
Episode: 139 | Time: 1500
Episode: 140 | Time: 1150
Episode: 141 | Time: 6000
Episode: 142 | Time: 1525
Episode: 143 | Time: 1525
Episode: 144 | Time: 1425
Episode: 145 | Time: 1275
Episode: 146 | Time: 1625
Episode: 147 | Time: 1700
Episode: 148 | Time: 2700
Episode: 149 | Time: 1325
Episode: 150 | Time: 1650
Episode: 151 | Time: 2575
Episode: 152 | Time: 250
Episode: 153 | Time: 2400
Episode: 154 | Time: 2550
Episode: 155 | Time: 2050
Episode: 156 | Time: 6100
Episode: 157 | Time: 6500
Episode: 158 | Time: 3300
Episode: 159 | Time: 6925
Episode: 160 | Time: 3475
Episode: 161 | Time: 2425
Episode: 162 | Time: 850
Episode: 163 | Time: 825
Episode: 164 | Time: 3700
Episode: 165 | Time: 7775
Episode: 166 | Time: 4425
Episode: 167 | Time: 5975
Episode: 168 | Time: 3225
Episode: 169 | Time: 5825
Episode: 170 | Time: 5850
Episode: 171 | Time: 5350
Episode: 172 | Time: 1650
Episode: 173 | Time: 1850
Episode: 174 | Time: 1425
Episode: 175 | Time: 1225
Episode: 176 | Time: 2150
Episode: 177 | Time: 1275
Episode: 178 | Time: 1750
Episode: 179 | Time: 1450
Episode: 180 | Time: 1200
Episode: 181 | Time: 1500
Episode: 182 | Time: 1225
Episode: 183 | Time: 2025
Episode: 184 | Time: 1200
Episode: 185 | Time: 1350
Episode: 186 | Time: 1550
Episode: 187 | Time: 1275
Episode: 188 | Time: 1475
Episode: 189 | Time: 1675
Episode: 190 | Time: 1825
Episode: 191 | Time: 1275
Episode: 192 | Time: 1525
Episode: 193 | Time: 1400
Episode: 194 | Time: 2625
Episode: 195 | Time: 1175
Episode: 196 | Time: 1150
Episode: 197 | Time: 1725
Episode: 198 | Time: 1225
Episode: 199 | Time: 1275
Episode: 200 | Time: 1350
Episode: 201 | Time: 1325
Episode: 202 | Time: 1350
Episode: 203 | Time: 1525
Episode: 204 | Time: 1800
Episode: 205 | Time: 1325
Episode: 206 | Time: 2000
Episode: 207 | Time: 1500
Episode: 208 | Time: 1475
Episode: 209 | Time: 2600
Episode: 210 | Time: 1375
Episode: 211 | Time: 1425
Episode: 212 | Time: 1425
Episode: 213 | Time: 1200
Episode: 214 | Time: 2225
Episode: 215 | Time: 1575
Episode: 216 | Time: 1275
Episode: 217 | Time: 1550
Episode: 218 | Time: 1325
Episode: 219 | Time: 1375
Episode: 220 | Time: 1350
Episode: 221 | Time: 1925
Episode: 222 | Time: 1575
Episode: 223 | Time: 1175
Episode: 224 | Time: 1275
Episode: 225 | Time: 1225
Episode: 226 | Time: 1275
Episode: 227 | Time: 1500
Episode: 228 | Time: 1600
Episode: 229 | Time: 1550
Episode: 230 | Time: 1275
Episode: 231 | Time: 1550
Episode: 232 | Time: 2025
Episode: 233 | Time: 1700
Episode: 234 | Time: 1775
Episode: 235 | Time: 1325
Episode: 236 | Time: 1275
Episode: 237 | Time: 1925
Episode: 238 | Time: 1550
Episode: 239 | Time: 1550
Episode: 240 | Time: 1550
Episode: 241 | Time: 1575
Episode: 242 | Time: 1450
Episode: 243 | Time: 1250
Episode: 244 | Time: 1600
Episode: 245 | Time: 1775
Episode: 246 | Time: 1400
Episode: 247 | Time: 2225
Episode: 248 | Time: 1400
Episode: 249 | Time: 1375
Episode: 250 | Time: 1325
Episode: 251 | Time: 1350
Episode: 252 | Time: 1950
Episode: 253 | Time: 1825
Episode: 254 | Time: 1150
Episode: 255 | Time: 1275
Episode: 256 | Time: 1350
Episode: 257 | Time: 1400
Episode: 258 | Time: 1400
Episode: 259 | Time: 1625
Episode: 260 | Time: 1325
Episode: 261 | Time: 1500
Episode: 262 | Time: 1250
Episode: 263 | Time: 1300
Episode: 264 | Time: 1575
Episode: 265 | Time: 1275
Episode: 266 | Time: 1225
Episode: 267 | Time: 1350
Episode: 268 | Time: 1225
Episode: 269 | Time: 250
Episode: 270 | Time: 1125
Episode: 271 | Time: 1250
Episode: 272 | Time: 2050
Episode: 273 | Time: 1325
Episode: 274 | Time: 1750
Episode: 275 | Time: 1500
Episode: 276 | Time: 1275
Episode: 277 | Time: 1750
Episode: 278 | Time: 1225
Episode: 279 | Time: 1250
Episode: 280 | Time: 1500
Episode: 281 | Time: 1200
Episode: 282 | Time: 1225
Episode: 283 | Time: 1625
Episode: 284 | Time: 2150
Episode: 285 | Time: 1200
Episode: 286 | Time: 1775
Episode: 287 | Time: 1325
Episode: 288 | Time: 1275
Episode: 289 | Time: 2000
Episode: 290 | Time: 1425
Episode: 291 | Time: 2700
Episode: 292 | Time: 1475
Episode: 293 | Time: 1550
Episode: 294 | Time: 1200
Episode: 295 | Time: 1625
Episode: 296 | Time: 1750
Episode: 297 | Time: 1650
Episode: 298 | Time: 2550
Episode: 299 | Time: 1350
Episode: 300 | Time: 1800
Episode: 301 | Time: 1775
Episode: 302 | Time: 1125
Episode: 303 | Time: 1350
Episode: 304 | Time: 1425
Episode: 305 | Time: 1700
Episode: 306 | Time: 1275
Episode: 307 | Time: 1525
Episode: 308 | Time: 1450
Episode: 309 | Time: 1200
Episode: 310 | Time: 1975
Episode: 311 | Time: 1175
Unexpected message received for job 1052247
Episode: 312 | Time: 1200
Episode: 313 | Time: 1200
Episode: 314 | Time: 1125
Episode: 315 | Time: 1425
Episode: 316 | Time: 1175
Episode: 317 | Time: 1075
Episode: 318 | Time: 1150
Episode: 319 | Time: 1400
Unexpected message received for job 1052247
Episode: 320 | Time: 1325
Episode: 321 | Time: 1275
Episode: 322 | Time: 1400
Episode: 323 | Time: 1325
Episode: 324 | Time: 1150
Episode: 325 | Time: 1450
Episode: 326 | Time: 1450
Episode: 327 | Time: 1200
Episode: 328 | Time: 1300
Episode: 329 | Time: 2000
Episode: 330 | Time: 1375
Episode: 331 | Time: 1225
Episode: 332 | Time: 1250
Episode: 333 | Time: 1450
Episode: 334 | Time: 1425
Episode: 335 | Time: 2325
Episode: 336 | Time: 1125
Episode: 337 | Time: 1550
Episode: 338 | Time: 2025
Episode: 339 | Time: 875
Episode: 340 | Time: 1400
Episode: 341 | Time: 1125
Episode: 342 | Time: 1175
Episode: 343 | Time: 1550
Episode: 344 | Time: 1550
Episode: 345 | Time: 1175
Episode: 346 | Time: 1350
Episode: 347 | Time: 1425
Episode: 348 | Time: 1350
Episode: 349 | Time: 1200
Episode: 350 | Time: 2025
Episode: 351 | Time: 1475
Episode: 352 | Time: 1225
Episode: 353 | Time: 1400
Episode: 354 | Time: 1175
Episode: 355 | Time: 1225
Episode: 356 | Time: 700
Episode: 357 | Time: 2300
Episode: 358 | Time: 1650
Episode: 359 | Time: 1450
Episode: 360 | Time: 1500
Episode: 361 | Time: 1200
Episode: 362 | Time: 1250
Episode: 363 | Time: 1125
Episode: 364 | Time: 1150
Episode: 365 | Time: 1150
Episode: 366 | Time: 1175
Episode: 367 | Time: 2050
Episode: 368 | Time: 1800
Episode: 369 | Time: 1275
Episode: 370 | Time: 1750
Episode: 371 | Time: 1275
Episode: 372 | Time: 1450
Episode: 373 | Time: 1450
Episode: 374 | Time: 1300
Episode: 375 | Time: 1400
Episode: 376 | Time: 1225
Episode: 377 | Time: 1575
Episode: 378 | Time: 1975
Episode: 379 | Time: 1300
Episode: 380 | Time: 1250
Episode: 381 | Time: 1575
Episode: 382 | Time: 1975
Episode: 383 | Time: 1400
Episode: 384 | Time: 1600
Episode: 385 | Time: 1400
Episode: 386 | Time: 1225
Episode: 387 | Time: 1175
Episode: 388 | Time: 1325
Episode: 389 | Time: 1125
Episode: 390 | Time: 1150
Episode: 391 | Time: 1400
Episode: 392 | Time: 1375
Episode: 393 | Time: 1450
Episode: 394 | Time: 1625
Episode: 395 | Time: 1600
Episode: 396 | Time: 1200
Episode: 397 | Time: 1200
Episode: 398 | Time: 1950
Episode: 399 | Time: 1375
Episode: 400 | Time: 1250
Episode: 401 | Time: 1150
Episode: 402 | Time: 1175
Episode: 403 | Time: 1950
Episode: 404 | Time: 1125
Episode: 405 | Time: 1425
Episode: 406 | Time: 2300
Episode: 407 | Time: 2425
Episode: 408 | Time: 1500
Episode: 409 | Time: 1325
Episode: 410 | Time: 1300
Episode: 411 | Time: 1650
Episode: 412 | Time: 700
Episode: 413 | Time: 1250
Episode: 414 | Time: 1575
Episode: 415 | Time: 1850
Episode: 416 | Time: 1825
Episode: 417 | Time: 1200
Episode: 418 | Time: 1400
Episode: 419 | Time: 1175
Episode: 420 | Time: 1275
Episode: 421 | Time: 1300
Episode: 422 | Time: 1175
Episode: 423 | Time: 1450
Episode: 424 | Time: 1525
Episode: 425 | Time: 1500
Episode: 426 | Time: 1300
Episode: 427 | Time: 1275
Episode: 428 | Time: 1425
Episode: 429 | Time: 1550
Episode: 430 | Time: 2025
Episode: 431 | Time: 1450
Episode: 432 | Time: 2000
Episode: 433 | Time: 575
Episode: 434 | Time: 1500
Episode: 435 | Time: 1225
Episode: 436 | Time: 1525
Episode: 437 | Time: 1475
Episode: 438 | Time: 1200
Episode: 439 | Time: 1575
Episode: 440 | Time: 1725
Episode: 441 | Time: 1700
Episode: 442 | Time: 1925
Episode: 443 | Time: 1350
Episode: 444 | Time: 1675
Episode: 445 | Time: 1375
Episode: 446 | Time: 850
Episode: 447 | Time: 1250
Episode: 448 | Time: 1525
Episode: 449 | Time: 1800
Episode: 450 | Time: 1150
Episode: 451 | Time: 1525
Episode: 452 | Time: 1450
Episode: 453 | Time: 1575
Episode: 454 | Time: 1500
Episode: 455 | Time: 1325
Episode: 456 | Time: 1600
Episode: 457 | Time: 1375
Episode: 458 | Time: 1250
Episode: 459 | Time: 1275
Episode: 460 | Time: 1675
Episode: 461 | Time: 1250
Episode: 462 | Time: 1625
Episode: 463 | Time: 1275
Episode: 464 | Time: 1175
Episode: 465 | Time: 1375
Episode: 466 | Time: 1125
Episode: 467 | Time: 1525
Episode: 468 | Time: 1375
Episode: 469 | Time: 1500
Episode: 470 | Time: 2050
Episode: 471 | Time: 550
Episode: 472 | Time: 1475
Episode: 473 | Time: 1525
Episode: 474 | Time: 1925
Episode: 475 | Time: 1125
Episode: 476 | Time: 1425
Episode: 477 | Time: 1475
Episode: 478 | Time: 1475
Episode: 479 | Time: 1525
Episode: 480 | Time: 1250
Episode: 481 | Time: 1750
Episode: 482 | Time: 1475
Episode: 483 | Time: 1450
Episode: 484 | Time: 1750
Episode: 485 | Time: 2000
Episode: 486 | Time: 1875
Episode: 487 | Time: 1450
Episode: 488 | Time: 1675
Episode: 489 | Time: 2200
Episode: 490 | Time: 1425
Episode: 491 | Time: 1625
Episode: 492 | Time: 1325
Episode: 493 | Time: 1175
Episode: 494 | Time: 1350
Episode: 495 | Time: 1450
Episode: 496 | Time: 1425
Episode: 497 | Time: 1700
Episode: 498 | Time: 1350
Episode: 499 | Time: 2200
Episode: 500 | Time: 1875
Episode: 501 | Time: 1575
Episode: 502 | Time: 1400
Episode: 503 | Time: 1650
Episode: 504 | Time: 1475
Episode: 505 | Time: 1700
Episode: 506 | Time: 1200
Episode: 507 | Time: 1775
Episode: 508 | Time: 1200
Episode: 509 | Time: 1200
Episode: 510 | Time: 1550
Episode: 511 | Time: 1250
Episode: 512 | Time: 1525
Episode: 513 | Time: 1225
Episode: 514 | Time: 1325
Episode: 515 | Time: 1725
Episode: 516 | Time: 1350
Episode: 517 | Time: 1275
Episode: 518 | Time: 1250
Episode: 519 | Time: 1325
Episode: 520 | Time: 1250
Episode: 521 | Time: 1150
Episode: 522 | Time: 2200
Episode: 523 | Time: 825
Episode: 524 | Time: 2625
Episode: 525 | Time: 1225
Episode: 526 | Time: 1475
Episode: 527 | Time: 1325
Episode: 528 | Time: 1150
Episode: 529 | Time: 1475
Episode: 530 | Time: 1475
Episode: 531 | Time: 1650
Episode: 532 | Time: 1600
Episode: 533 | Time: 1575
Episode: 534 | Time: 2300
Episode: 535 | Time: 1575
Episode: 536 | Time: 1450
Episode: 537 | Time: 1575
Episode: 538 | Time: 1625
Episode: 539 | Time: 1175
Episode: 540 | Time: 1550
Episode: 541 | Time: 1550
Episode: 542 | Time: 1625
Episode: 543 | Time: 1500
Episode: 544 | Time: 1550
Episode: 545 | Time: 1275
Episode: 546 | Time: 1550
Episode: 547 | Time: 1400
Episode: 548 | Time: 1250
Episode: 549 | Time: 1825
Episode: 550 | Time: 2025
Episode: 551 | Time: 1275
Episode: 552 | Time: 1250
Episode: 553 | Time: 1175
Episode: 554 | Time: 1175
Episode: 555 | Time: 1500
Episode: 556 | Time: 1400
Episode: 557 | Time: 1975
Episode: 558 | Time: 1750
Episode: 559 | Time: 1700
Episode: 560 | Time: 1375
Episode: 561 | Time: 1500
Episode: 562 | Time: 1300
Episode: 563 | Time: 1750
Episode: 564 | Time: 1425
Episode: 565 | Time: 1325
Episode: 566 | Time: 1925
Episode: 567 | Time: 1250
Episode: 568 | Time: 1250
Episode: 569 | Time: 1200
Episode: 570 | Time: 1275
Episode: 571 | Time: 1300
Episode: 572 | Time: 1175
Episode: 573 | Time: 1250
Episode: 574 | Time: 1450
Episode: 575 | Time: 350
Episode: 576 | Time: 1150
Episode: 577 | Time: 1325
Episode: 578 | Time: 1800
Episode: 579 | Time: 1150
Episode: 580 | Time: 1300
Episode: 581 | Time: 1300
Episode: 582 | Time: 1225
Episode: 583 | Time: 1175
Episode: 584 | Time: 1525
Episode: 585 | Time: 1775
Episode: 586 | Time: 1225
Episode: 587 | Time: 1375
Episode: 588 | Time: 1225
Episode: 589 | Time: 1300
Episode: 590 | Time: 1450
Episode: 591 | Time: 1400
Episode: 592 | Time: 1300
Episode: 593 | Time: 1650
Episode: 594 | Time: 1675
Episode: 595 | Time: 1200
Episode: 596 | Time: 1175
Episode: 597 | Time: 1175
Episode: 598 | Time: 1600
Episode: 599 | Time: 1600
Episode: 600 | Time: 1200
Episode: 601 | Time: 1525
Episode: 602 | Time: 1350
Episode: 603 | Time: 1725
Episode: 604 | Time: 1375
Episode: 605 | Time: 1450
Episode: 606 | Time: 1775
Episode: 607 | Time: 1750
Episode: 608 | Time: 1275
Episode: 609 | Time: 1225
Episode: 610 | Time: 1500
Episode: 611 | Time: 1375
Episode: 612 | Time: 1150
Episode: 613 | Time: 1450
Episode: 614 | Time: 1850
Episode: 615 | Time: 1175
Episode: 616 | Time: 1150
Episode: 617 | Time: 1150
Episode: 618 | Time: 1150
Episode: 619 | Time: 1125
Episode: 620 | Time: 1575
Episode: 621 | Time: 1650
Episode: 622 | Time: 2025
Episode: 623 | Time: 1175
Episode: 624 | Time: 1475
Episode: 625 | Time: 1375
Episode: 626 | Time: 1800
Episode: 627 | Time: 1550
Episode: 628 | Time: 1350
Episode: 629 | Time: 1725
Episode: 630 | Time: 1975
Episode: 631 | Time: 1300
Episode: 632 | Time: 1650
Episode: 633 | Time: 1800
Episode: 634 | Time: 1275
Episode: 635 | Time: 1200
Episode: 636 | Time: 625
Episode: 637 | Time: 1725
Episode: 638 | Time: 875
Episode: 639 | Time: 1975
Episode: 640 | Time: 1400
Episode: 641 | Time: 1450
Episode: 642 | Time: 1625
Episode: 643 | Time: 1250
Episode: 644 | Time: 1250
Episode: 645 | Time: 1225
Episode: 646 | Time: 1225
Episode: 647 | Time: 1125
Episode: 648 | Time: 1175
Episode: 649 | Time: 1175
Episode: 650 | Time: 1600
Episode: 651 | Time: 1375
Episode: 652 | Time: 625
Episode: 653 | Time: 1300
Episode: 654 | Time: 1250
Episode: 655 | Time: 2100
Episode: 656 | Time: 1425
Episode: 657 | Time: 2075
Episode: 658 | Time: 1275
Episode: 659 | Time: 1150
Episode: 660 | Time: 1225
Episode: 661 | Time: 1150
Episode: 662 | Time: 2075
Episode: 663 | Time: 1750
Episode: 664 | Time: 1125
Episode: 665 | Time: 1575
Episode: 666 | Time: 1200
Episode: 667 | Time: 1350
Episode: 668 | Time: 1300
Episode: 669 | Time: 1975
Episode: 670 | Time: 1175
Episode: 671 | Time: 1200
Episode: 672 | Time: 1700
Episode: 673 | Time: 1900
Episode: 674 | Time: 1275
Episode: 675 | Time: 1425
Episode: 676 | Time: 1225
Episode: 677 | Time: 2075
Episode: 678 | Time: 1325
Episode: 679 | Time: 1300
Episode: 680 | Time: 1150
Episode: 681 | Time: 1275
Episode: 682 | Time: 1125
Episode: 683 | Time: 1150
Episode: 684 | Time: 1450
Episode: 685 | Time: 1425
Episode: 686 | Time: 1125
Episode: 687 | Time: 1550
Episode: 688 | Time: 675
Episode: 689 | Time: 1950
Episode: 690 | Time: 1175
Episode: 691 | Time: 1425
Episode: 692 | Time: 1725
Episode: 693 | Time: 1275
Episode: 694 | Time: 1225
Episode: 695 | Time: 1225
Episode: 696 | Time: 1200
Episode: 697 | Time: 1350
Episode: 698 | Time: 2300
Episode: 699 | Time: 1175
Episode: 700 | Time: 1175
Episode: 701 | Time: 1725
Episode: 702 | Time: 1150
Episode: 703 | Time: 1650
Episode: 704 | Time: 1275
Episode: 705 | Time: 1500
Episode: 706 | Time: 1350
Episode: 707 | Time: 1075
Episode: 708 | Time: 1400
Episode: 709 | Time: 1475
Episode: 710 | Time: 1375
Episode: 711 | Time: 1600
Episode: 712 | Time: 1400
Episode: 713 | Time: 1200
Episode: 714 | Time: 1150
Episode: 715 | Time: 1900
Episode: 716 | Time: 1500
Episode: 717 | Time: 1150
Episode: 718 | Time: 1425
Episode: 719 | Time: 2175
Episode: 720 | Time: 1475
Episode: 721 | Time: 1300
Episode: 722 | Time: 1525
Episode: 723 | Time: 2000
Episode: 724 | Time: 1325
Episode: 725 | Time: 1475
Episode: 726 | Time: 1200
Episode: 727 | Time: 1600
Episode: 728 | Time: 1125
Episode: 729 | Time: 1425
Episode: 730 | Time: 2025
Episode: 731 | Time: 1450
Episode: 732 | Time: 1125
Episode: 733 | Time: 1200
Episode: 734 | Time: 1275
Episode: 735 | Time: 1700
Episode: 736 | Time: 1775
Episode: 737 | Time: 1200
Episode: 738 | Time: 1200
Episode: 739 | Time: 1200
Episode: 740 | Time: 1775
Episode: 741 | Time: 1225
Episode: 742 | Time: 1525
Episode: 743 | Time: 1350
Episode: 744 | Time: 1325
Episode: 745 | Time: 1425
Episode: 746 | Time: 1300
Episode: 747 | Time: 1250
Episode: 748 | Time: 1325
Episode: 749 | Time: 1175
Episode: 750 | Time: 2000
Episode: 751 | Time: 1575
Episode: 752 | Time: 1250
Episode: 753 | Time: 1125
Episode: 754 | Time: 1250
Episode: 755 | Time: 1350
Episode: 756 | Time: 1200
Episode: 757 | Time: 1375
Episode: 758 | Time: 1475
Episode: 759 | Time: 1100
Episode: 760 | Time: 250
Episode: 761 | Time: 1750
Episode: 762 | Time: 1200
Episode: 763 | Time: 1575
Episode: 764 | Time: 1475
Episode: 765 | Time: 1525
Episode: 766 | Time: 1100
Episode: 767 | Time: 1425
Episode: 768 | Time: 1400
Episode: 769 | Time: 1175
Episode: 770 | Time: 1375
Episode: 771 | Time: 1300
Episode: 772 | Time: 700
Episode: 773 | Time: 1500
Episode: 774 | Time: 1525
Episode: 775 | Time: 1675
Episode: 776 | Time: 1250
Episode: 777 | Time: 1175
Episode: 778 | Time: 1200
Episode: 779 | Time: 1175
Episode: 780 | Time: 1150
Episode: 781 | Time: 1225
Episode: 782 | Time: 1400
Episode: 783 | Time: 1450
Episode: 784 | Time: 1500
Episode: 785 | Time: 1425
Episode: 786 | Time: 1200
Episode: 787 | Time: 1125
Episode: 788 | Time: 1550
Episode: 789 | Time: 1200
Episode: 790 | Time: 1400
Episode: 791 | Time: 1700
Episode: 792 | Time: 1650
Episode: 793 | Time: 1250
Episode: 794 | Time: 1350
Episode: 795 | Time: 1225
Episode: 796 | Time: 1300
Episode: 797 | Time: 2500
Episode: 798 | Time: 1275
Episode: 799 | Time: 1525
Episode: 800 | Time: 1850
Episode: 801 | Time: 1175
Episode: 802 | Time: 1225
Episode: 803 | Time: 250
Episode: 804 | Time: 1150
Episode: 805 | Time: 1600
Episode: 806 | Time: 1400
Episode: 807 | Time: 1275
Episode: 808 | Time: 1225
Episode: 809 | Time: 1650
Episode: 810 | Time: 1125
Episode: 811 | Time: 550
Episode: 812 | Time: 1250
Episode: 813 | Time: 1325
Episode: 814 | Time: 2425
Episode: 815 | Time: 1700
Episode: 816 | Time: 1250
Episode: 817 | Time: 1150
Episode: 818 | Time: 1225
Episode: 819 | Time: 1200
Episode: 820 | Time: 1625
Episode: 821 | Time: 1375
Episode: 822 | Time: 1475
Episode: 823 | Time: 1725
Episode: 824 | Time: 1200
Episode: 825 | Time: 1900
Episode: 826 | Time: 2100
Episode: 827 | Time: 1425
Episode: 828 | Time: 1300
Episode: 829 | Time: 1250
Episode: 830 | Time: 1525
Episode: 831 | Time: 1200
Episode: 832 | Time: 1300
Episode: 833 | Time: 1000
Episode: 834 | Time: 1225
Episode: 835 | Time: 1250
Episode: 836 | Time: 1500
Episode: 837 | Time: 1525
Episode: 838 | Time: 1550
Episode: 839 | Time: 1325
Episode: 840 | Time: 1175
Episode: 841 | Time: 1225
Episode: 842 | Time: 1200
Episode: 843 | Time: 1150
Episode: 844 | Time: 1475
Episode: 845 | Time: 1700
Episode: 846 | Time: 1625
Episode: 847 | Time: 1475
Episode: 848 | Time: 1475
Episode: 849 | Time: 1250
Episode: 850 | Time: 1200
Episode: 851 | Time: 1900
Episode: 852 | Time: 1425
Episode: 853 | Time: 1175
Episode: 854 | Time: 1275
Episode: 855 | Time: 1075
Episode: 856 | Time: 1100
Episode: 857 | Time: 1125
Episode: 858 | Time: 1125
Episode: 859 | Time: 1400
Episode: 860 | Time: 1225
Episode: 861 | Time: 1200
Episode: 862 | Time: 1300
Episode: 863 | Time: 1500
Episode: 864 | Time: 1225
Episode: 865 | Time: 1250
Episode: 866 | Time: 1200
Episode: 867 | Time: 1750
Episode: 868 | Time: 1125
Episode: 869 | Time: 1425
Episode: 870 | Time: 1175
Episode: 871 | Time: 1150
Episode: 872 | Time: 1775
Episode: 873 | Time: 1375
Episode: 874 | Time: 1525
Episode: 875 | Time: 1200
Episode: 876 | Time: 1125
Episode: 877 | Time: 1175
Episode: 878 | Time: 1175
Episode: 879 | Time: 1675
Episode: 880 | Time: 1550
Episode: 881 | Time: 1850
Episode: 882 | Time: 1575
Episode: 883 | Time: 1425
Episode: 884 | Time: 1175
Episode: 885 | Time: 1125
Episode: 886 | Time: 1625
Episode: 887 | Time: 1825
Episode: 888 | Time: 1225
Episode: 889 | Time: 1300
Episode: 890 | Time: 1725
Episode: 891 | Time: 1225
Episode: 892 | Time: 1650
Episode: 893 | Time: 1175
Episode: 894 | Time: 1175
Episode: 895 | Time: 1700
Episode: 896 | Time: 1250
Episode: 897 | Time: 1200
Episode: 898 | Time: 1450
Episode: 899 | Time: 1300
Episode: 900 | Time: 1325
Episode: 901 | Time: 1975
Episode: 902 | Time: 1425
Episode: 903 | Time: 1250
Episode: 904 | Time: 1175
Episode: 905 | Time: 1175
Episode: 906 | Time: 1175
Episode: 907 | Time: 850
Episode: 908 | Time: 1475
Episode: 909 | Time: 1400
Episode: 910 | Time: 1150
Episode: 911 | Time: 1550
Episode: 912 | Time: 1225
Episode: 913 | Time: 1250
Episode: 914 | Time: 1475
Episode: 915 | Time: 1150
Episode: 916 | Time: 1250
Episode: 917 | Time: 1275
Episode: 918 | Time: 1375
Episode: 919 | Time: 1450
Episode: 920 | Time: 1650
Episode: 921 | Time: 1225
Episode: 922 | Time: 1200
Episode: 923 | Time: 1225
Episode: 924 | Time: 1225
Episode: 925 | Time: 1250
Episode: 926 | Time: 1375
Episode: 927 | Time: 1175
Episode: 928 | Time: 700
Episode: 929 | Time: 1200
Episode: 930 | Time: 1350
Episode: 931 | Time: 1150
Episode: 932 | Time: 2150
Episode: 933 | Time: 1375
Episode: 934 | Time: 1600
Episode: 935 | Time: 1475
Episode: 936 | Time: 1225
Episode: 937 | Time: 1225
Episode: 938 | Time: 1150
Episode: 939 | Time: 1400
Episode: 940 | Time: 1350
Episode: 941 | Time: 2025
Episode: 942 | Time: 1375
Episode: 943 | Time: 1200
Episode: 944 | Time: 1425
Episode: 945 | Time: 1275
Episode: 946 | Time: 1200
Episode: 947 | Time: 1600
Episode: 948 | Time: 1200
Episode: 949 | Time: 1325
Episode: 950 | Time: 1150
Episode: 951 | Time: 1150
Episode: 952 | Time: 1300
Episode: 953 | Time: 1400
Episode: 954 | Time: 1150
Episode: 955 | Time: 1400
Episode: 956 | Time: 1675
Episode: 957 | Time: 1275
Episode: 958 | Time: 1300
Episode: 959 | Time: 1175
Episode: 960 | Time: 2225
Episode: 961 | Time: 1200
Episode: 962 | Time: 1250
Episode: 963 | Time: 1250
Episode: 964 | Time: 1225
Episode: 965 | Time: 1625
Episode: 966 | Time: 1550
Episode: 967 | Time: 1200
Episode: 968 | Time: 925
Episode: 969 | Time: 1825
Episode: 970 | Time: 1400
Episode: 971 | Time: 1175
Episode: 972 | Time: 1200
Episode: 973 | Time: 1450
Episode: 974 | Time: 1350
Episode: 975 | Time: 1400
Episode: 976 | Time: 1175
Episode: 977 | Time: 1375
Episode: 978 | Time: 1250
Episode: 979 | Time: 1525
Episode: 980 | Time: 1825
Episode: 981 | Time: 1250
Episode: 982 | Time: 1225
Episode: 983 | Time: 1450
Episode: 984 | Time: 1225
Episode: 985 | Time: 1475
Episode: 986 | Time: 1575
Episode: 987 | Time: 1225
Episode: 988 | Time: 1225
Episode: 989 | Time: 1250
Episode: 990 | Time: 1100
Episode: 991 | Time: 1375
Episode: 992 | Time: 1150
Episode: 993 | Time: 1225
Episode: 994 | Time: 1500
Episode: 995 | Time: 1600
Episode: 996 | Time: 1200
Episode: 997 | Time: 1525
Episode: 998 | Time: 1175
Episode: 999 | Time: 1175
Episode: 1000 | Time: 1150
Episode: 1001 | Time: 2025
Episode: 1002 | Time: 1300
Episode: 1003 | Time: 1175
Episode: 1004 | Time: 1350
Episode: 1005 | Time: 1625
Episode: 1006 | Time: 1100
Episode: 1007 | Time: 1225
Episode: 1008 | Time: 1175
Episode: 1009 | Time: 1400
Episode: 1010 | Time: 1200
Episode: 1011 | Time: 1375
Episode: 1012 | Time: 1150
Episode: 1013 | Time: 1175
Episode: 1014 | Time: 1725
Episode: 1015 | Time: 1100
Episode: 1016 | Time: 1500
Episode: 1017 | Time: 1400
Episode: 1018 | Time: 1175
Episode: 1019 | Time: 1125
Episode: 1020 | Time: 1425
Episode: 1021 | Time: 1450
Episode: 1022 | Time: 1175
Episode: 1023 | Time: 1250
Episode: 1024 | Time: 2300
Episode: 1025 | Time: 1475
Episode: 1026 | Time: 1200
Episode: 1027 | Time: 1250
Episode: 1028 | Time: 1225
Episode: 1029 | Time: 1150
Episode: 1030 | Time: 1200
Episode: 1031 | Time: 1300
Episode: 1032 | Time: 1250
Episode: 1033 | Time: 1700
Episode: 1034 | Time: 1500
Episode: 1035 | Time: 1175
Episode: 1036 | Time: 1150
Episode: 1037 | Time: 1175
Episode: 1038 | Time: 1250
Episode: 1039 | Time: 1225
Episode: 1040 | Time: 1400
Episode: 1041 | Time: 2050
Episode: 1042 | Time: 1225
Episode: 1043 | Time: 725
Episode: 1044 | Time: 1275
Episode: 1045 | Time: 1425
Episode: 1046 | Time: 1225
Episode: 1047 | Time: 1375
Episode: 1048 | Time: 1375
Episode: 1049 | Time: 1400
Episode: 1050 | Time: 1725
Episode: 1051 | Time: 1300
Episode: 1052 | Time: 1175
Episode: 1053 | Time: 1825
Episode: 1054 | Time: 1350
Episode: 1055 | Time: 1325
Episode: 1056 | Time: 1300
Episode: 1057 | Time: 2200
Episode: 1058 | Time: 1575
Episode: 1059 | Time: 1150
Episode: 1060 | Time: 1975
Episode: 1061 | Time: 1200
Episode: 1062 | Time: 1200
Episode: 1063 | Time: 1650
Episode: 1064 | Time: 1525
Episode: 1065 | Time: 1150
Episode: 1066 | Time: 1175
Episode: 1067 | Time: 1750
Episode: 1068 | Time: 1275
Episode: 1069 | Time: 1425
Episode: 1070 | Time: 1350
Episode: 1071 | Time: 1700
Episode: 1072 | Time: 1925
Episode: 1073 | Time: 1300
Episode: 1074 | Time: 1200
Episode: 1075 | Time: 1525
Episode: 1076 | Time: 1175
Episode: 1077 | Time: 1150
Episode: 1078 | Time: 1750
Episode: 1079 | Time: 1125
Episode: 1080 | Time: 1150
Episode: 1081 | Time: 1200
Episode: 1082 | Time: 1375
Episode: 1083 | Time: 1075
Episode: 1084 | Time: 1300
Episode: 1085 | Time: 1925
Episode: 1086 | Time: 1675
Episode: 1087 | Time: 1450
Episode: 1088 | Time: 1150
Episode: 1089 | Time: 1900
Episode: 1090 | Time: 1425
Episode: 1091 | Time: 1875
Episode: 1092 | Time: 1175
Episode: 1093 | Time: 1250
Episode: 1094 | Time: 1150
Episode: 1095 | Time: 1325
Episode: 1096 | Time: 1575
Episode: 1097 | Time: 1425
Episode: 1098 | Time: 1300
Episode: 1099 | Time: 1525
Episode: 1100 | Time: 1425
Episode: 1101 | Time: 1200
Episode: 1102 | Time: 1500
Episode: 1103 | Time: 1525
Episode: 1104 | Time: 1200
Episode: 1105 | Time: 1150
Episode: 1106 | Time: 1525
Episode: 1107 | Time: 1150
Episode: 1108 | Time: 1775
Episode: 1109 | Time: 1450
Episode: 1110 | Time: 1700
Episode: 1111 | Time: 1175
Episode: 1112 | Time: 1175
Episode: 1113 | Time: 1200
Episode: 1114 | Time: 1125
Episode: 1115 | Time: 1375
Episode: 1116 | Time: 1300
Episode: 1117 | Time: 1700
Episode: 1118 | Time: 1450
Episode: 1119 | Time: 1125
Episode: 1120 | Time: 1125
Episode: 1121 | Time: 1625
Episode: 1122 | Time: 1200
Episode: 1123 | Time: 2050
Episode: 1124 | Time: 1450
Episode: 1125 | Time: 1450
Episode: 1126 | Time: 1200
Episode: 1127 | Time: 1425
Episode: 1128 | Time: 1425
Episode: 1129 | Time: 1325
Episode: 1130 | Time: 2125
Episode: 1131 | Time: 1250
Episode: 1132 | Time: 1150
Episode: 1133 | Time: 1075
Episode: 1134 | Time: 1175
Episode: 1135 | Time: 1300
Episode: 1136 | Time: 2025
Episode: 1137 | Time: 1250
Episode: 1138 | Time: 2050
Episode: 1139 | Time: 1275
Episode: 1140 | Time: 1550
Episode: 1141 | Time: 1800
Episode: 1142 | Time: 1125
Episode: 1143 | Time: 1600
Episode: 1144 | Time: 1200
Episode: 1145 | Time: 1550
Episode: 1146 | Time: 1225
Episode: 1147 | Time: 1400
Episode: 1148 | Time: 1975
Episode: 1149 | Time: 1275
Episode: 1150 | Time: 1200
Episode: 1151 | Time: 1800
Episode: 1152 | Time: 1225
Episode: 1153 | Time: 1225
Episode: 1154 | Time: 1175
Episode: 1155 | Time: 1200
Episode: 1156 | Time: 1850
Episode: 1157 | Time: 1225
Episode: 1158 | Time: 1250
Episode: 1159 | Time: 1400
Episode: 1160 | Time: 1325
Episode: 1161 | Time: 1250
Episode: 1162 | Time: 1150
Episode: 1163 | Time: 1500
Episode: 1164 | Time: 1550
Episode: 1165 | Time: 1175
Episode: 1166 | Time: 1150
Episode: 1167 | Time: 825
Episode: 1168 | Time: 1225
Episode: 1169 | Time: 1225
Episode: 1170 | Time: 1725
Episode: 1171 | Time: 1400
Episode: 1172 | Time: 1150
Episode: 1173 | Time: 1375
Episode: 1174 | Time: 1150
Episode: 1175 | Time: 1175
Episode: 1176 | Time: 1875
Episode: 1177 | Time: 1375
Episode: 1178 | Time: 1200
Episode: 1179 | Time: 1225
Episode: 1180 | Time: 1425
Episode: 1181 | Time: 1250
Episode: 1182 | Time: 1750
Episode: 1183 | Time: 1300
Episode: 1184 | Time: 1075
Episode: 1185 | Time: 1225
Episode: 1186 | Time: 1225
Episode: 1187 | Time: 1350
Episode: 1188 | Time: 1175
Episode: 1189 | Time: 1300
Episode: 1190 | Time: 1400
Episode: 1191 | Time: 1350
Episode: 1192 | Time: 1500
Episode: 1193 | Time: 1725
Episode: 1194 | Time: 1150
Episode: 1195 | Time: 1100
Episode: 1196 | Time: 550
Episode: 1197 | Time: 1725
Episode: 1198 | Time: 1275
Episode: 1199 | Time: 1150
Episode: 1200 | Time: 1275
Episode: 1201 | Time: 1175
Episode: 1202 | Time: 1475
Episode: 1203 | Time: 2275
Episode: 1204 | Time: 1200
Episode: 1205 | Time: 1250
Episode: 1206 | Time: 1475
Episode: 1207 | Time: 1400
Episode: 1208 | Time: 1200
Episode: 1209 | Time: 1150
Episode: 1210 | Time: 1300
Episode: 1211 | Time: 1600
Episode: 1212 | Time: 1675
Episode: 1213 | Time: 250
Episode: 1214 | Time: 250
Episode: 1215 | Time: 1900
Episode: 1216 | Time: 1250
Episode: 1217 | Time: 1800
Episode: 1218 | Time: 1450
Episode: 1219 | Time: 1125
Episode: 1220 | Time: 1200
Episode: 1221 | Time: 1750
Episode: 1222 | Time: 1500
Episode: 1223 | Time: 1700
Episode: 1224 | Time: 1400
Episode: 1225 | Time: 1475
Episode: 1226 | Time: 1300
Episode: 1227 | Time: 1825
Episode: 1228 | Time: 1175
Episode: 1229 | Time: 1250
Episode: 1230 | Time: 1250
Episode: 1231 | Time: 1350
Episode: 1232 | Time: 1175
Episode: 1233 | Time: 1125
Episode: 1234 | Time: 1150
Episode: 1235 | Time: 1275
Episode: 1236 | Time: 1100
Episode: 1237 | Time: 1175
Episode: 1238 | Time: 1550
Episode: 1239 | Time: 1200
Episode: 1240 | Time: 1250
Episode: 1241 | Time: 1225
Episode: 1242 | Time: 1200
Episode: 1243 | Time: 1275
Episode: 1244 | Time: 1450
Episode: 1245 | Time: 850
Episode: 1246 | Time: 1150
Episode: 1247 | Time: 1275
Episode: 1248 | Time: 1200
Episode: 1249 | Time: 1250
Episode: 1250 | Time: 1375
Episode: 1251 | Time: 1150
Episode: 1252 | Time: 1150
Episode: 1253 | Time: 1200
Episode: 1254 | Time: 1800
Episode: 1255 | Time: 1375
Episode: 1256 | Time: 1400
Episode: 1257 | Time: 1450
Episode: 1258 | Time: 1400
Episode: 1259 | Time: 1450
Episode: 1260 | Time: 1275
Episode: 1261 | Time: 1475
Episode: 1262 | Time: 1700
Episode: 1263 | Time: 1175
Episode: 1264 | Time: 1200
Episode: 1265 | Time: 1575
Episode: 1266 | Time: 1225
Episode: 1267 | Time: 1850
Episode: 1268 | Time: 1400
Episode: 1269 | Time: 1725
Episode: 1270 | Time: 1250
Episode: 1271 | Time: 1250
Episode: 1272 | Time: 1200
Episode: 1273 | Time: 1300
Episode: 1274 | Time: 1200
Episode: 1275 | Time: 1175
Episode: 1276 | Time: 1150
Episode: 1277 | Time: 1225
Episode: 1278 | Time: 1425
Episode: 1279 | Time: 250
Episode: 1280 | Time: 1750
Episode: 1281 | Time: 1475
Episode: 1282 | Time: 1450
Episode: 1283 | Time: 1550
Episode: 1284 | Time: 1150
Episode: 1285 | Time: 1375
Episode: 1286 | Time: 1225
Episode: 1287 | Time: 2275
Episode: 1288 | Time: 1250
Episode: 1289 | Time: 1150
Episode: 1290 | Time: 1350
Episode: 1291 | Time: 1275
Episode: 1292 | Time: 1200
Episode: 1293 | Time: 1925
Episode: 1294 | Time: 1175
Episode: 1295 | Time: 1375
Episode: 1296 | Time: 1550
Episode: 1297 | Time: 1225
Episode: 1298 | Time: 1400
Episode: 1299 | Time: 1200
Episode: 1300 | Time: 1375
Episode: 1301 | Time: 1500
Episode: 1302 | Time: 1800
Episode: 1303 | Time: 1625
Episode: 1304 | Time: 1500
Episode: 1305 | Time: 1275
Episode: 1306 | Time: 1450
Episode: 1307 | Time: 1250
Episode: 1308 | Time: 825
Episode: 1309 | Time: 1200
Episode: 1310 | Time: 1400
Episode: 1311 | Time: 1400
Episode: 1312 | Time: 1350
Episode: 1313 | Time: 1225
Episode: 1314 | Time: 1200
Episode: 1315 | Time: 1725
Episode: 1316 | Time: 1150
Episode: 1317 | Time: 1175
Episode: 1318 | Time: 1150
Episode: 1319 | Time: 1350
Episode: 1320 | Time: 1375
Episode: 1321 | Time: 1175
Episode: 1322 | Time: 1700
Episode: 1323 | Time: 1175
Episode: 1324 | Time: 1400
Episode: 1325 | Time: 1450
Episode: 1326 | Time: 1475
Episode: 1327 | Time: 575
Episode: 1328 | Time: 1100
Episode: 1329 | Time: 1150
Episode: 1330 | Time: 1400
Episode: 1331 | Time: 1175
Episode: 1332 | Time: 1450
Episode: 1333 | Time: 1450
Episode: 1334 | Time: 1125
Episode: 1335 | Time: 525
Episode: 1336 | Time: 525
Episode: 1337 | Time: 1125
Episode: 1338 | Time: 1425
Episode: 1339 | Time: 1425
Episode: 1340 | Time: 1225
Episode: 1341 | Time: 1175
Episode: 1342 | Time: 1400
Episode: 1343 | Time: 1450
Episode: 1344 | Time: 1425
Episode: 1345 | Time: 1275
Episode: 1346 | Time: 250
Episode: 1347 | Time: 1125
Episode: 1348 | Time: 1500
Episode: 1349 | Time: 1125
Episode: 1350 | Time: 1150
Episode: 1351 | Time: 1425
Episode: 1352 | Time: 1225
Episode: 1353 | Time: 1650
Episode: 1354 | Time: 1175
Episode: 1355 | Time: 1175
Episode: 1356 | Time: 1525
Episode: 1357 | Time: 2050
Episode: 1358 | Time: 1275
Episode: 1359 | Time: 1200
Episode: 1360 | Time: 1175
Episode: 1361 | Time: 1150
Episode: 1362 | Time: 1400
Episode: 1363 | Time: 1225
Episode: 1364 | Time: 1400
Episode: 1365 | Time: 1250
Episode: 1366 | Time: 1325
Episode: 1367 | Time: 1250
Episode: 1368 | Time: 1325
Episode: 1369 | Time: 1275
Episode: 1370 | Time: 1300
Episode: 1371 | Time: 1175
Episode: 1372 | Time: 1200
Episode: 1373 | Time: 1450
Episode: 1374 | Time: 1325
Episode: 1375 | Time: 1175
Episode: 1376 | Time: 1500
Episode: 1377 | Time: 1900
Episode: 1378 | Time: 1425
Episode: 1379 | Time: 1475
Episode: 1380 | Time: 1300
Episode: 1381 | Time: 1100
Episode: 1382 | Time: 1225
Episode: 1383 | Time: 1125
Episode: 1384 | Time: 1525
Episode: 1385 | Time: 1225
Episode: 1386 | Time: 1225
Episode: 1387 | Time: 1175
Episode: 1388 | Time: 1200
Episode: 1389 | Time: 1150
Episode: 1390 | Time: 1150
Episode: 1391 | Time: 1525
Episode: 1392 | Time: 1150
Episode: 1393 | Time: 1250
Episode: 1394 | Time: 1250
Episode: 1395 | Time: 1125
Episode: 1396 | Time: 1150
Episode: 1397 | Time: 1175
Episode: 1398 | Time: 1200
Episode: 1399 | Time: 1375
Episode: 1400 | Time: 1225
Episode: 1401 | Time: 1200
Episode: 1402 | Time: 1450
Episode: 1403 | Time: 1325
Episode: 1404 | Time: 1225
Episode: 1405 | Time: 1150
Episode: 1406 | Time: 1525
Episode: 1407 | Time: 1750
Episode: 1408 | Time: 1175
Episode: 1409 | Time: 1175
Episode: 1410 | Time: 1125
Episode: 1411 | Time: 1150
Episode: 1412 | Time: 1125
Episode: 1413 | Time: 1650
Episode: 1414 | Time: 1725
Episode: 1415 | Time: 1400
Episode: 1416 | Time: 1650
Episode: 1417 | Time: 1100
Episode: 1418 | Time: 1175
Episode: 1419 | Time: 1200
Episode: 1420 | Time: 1225
Episode: 1421 | Time: 2000
Episode: 1422 | Time: 1200
Episode: 1423 | Time: 1175
Episode: 1424 | Time: 1175
Episode: 1425 | Time: 1200
Episode: 1426 | Time: 1400
Episode: 1427 | Time: 1950
Episode: 1428 | Time: 1150
Episode: 1429 | Time: 1475
Episode: 1430 | Time: 1450
Episode: 1431 | Time: 2000
Episode: 1432 | Time: 1725
Episode: 1433 | Time: 1150
Episode: 1434 | Time: 1875
Episode: 1435 | Time: 1175
Episode: 1436 | Time: 1125
Episode: 1437 | Time: 1275
Episode: 1438 | Time: 1150
Episode: 1439 | Time: 1475
Episode: 1440 | Time: 1475
Episode: 1441 | Time: 1150
Episode: 1442 | Time: 1675
Episode: 1443 | Time: 1175
Episode: 1444 | Time: 1200
Episode: 1445 | Time: 1525
Episode: 1446 | Time: 2025
Episode: 1447 | Time: 1175
Episode: 1448 | Time: 1425
Episode: 1449 | Time: 1225
Episode: 1450 | Time: 1350
Episode: 1451 | Time: 1275
Episode: 1452 | Time: 1325
Episode: 1453 | Time: 1425
Episode: 1454 | Time: 1250
Episode: 1455 | Time: 1150
Episode: 1456 | Time: 1700
Episode: 1457 | Time: 1175
Episode: 1458 | Time: 1250
Episode: 1459 | Time: 1700
Episode: 1460 | Time: 1175
Episode: 1461 | Time: 1150
Episode: 1462 | Time: 1900
Episode: 1463 | Time: 1575
Episode: 1464 | Time: 1275
Episode: 1465 | Time: 1550
Episode: 1466 | Time: 1975
Episode: 1467 | Time: 1150
Episode: 1468 | Time: 1575
Episode: 1469 | Time: 1275
Episode: 1470 | Time: 1475
Episode: 1471 | Time: 1500
Episode: 1472 | Time: 1075
Episode: 1473 | Time: 1150
Episode: 1474 | Time: 875
Episode: 1475 | Time: 1125
Episode: 1476 | Time: 1150
Episode: 1477 | Time: 1175
Episode: 1478 | Time: 1500
Episode: 1479 | Time: 1275
Episode: 1480 | Time: 1250
Episode: 1481 | Time: 1200
Episode: 1482 | Time: 1475
Episode: 1483 | Time: 1475
Episode: 1484 | Time: 2225
Episode: 1485 | Time: 1175
Episode: 1486 | Time: 1175
Episode: 1487 | Time: 1900
Episode: 1488 | Time: 1150
Episode: 1489 | Time: 1275
Episode: 1490 | Time: 1300
Episode: 1491 | Time: 1175
Episode: 1492 | Time: 1300
Episode: 1493 | Time: 1150
Episode: 1494 | Time: 1075
Episode: 1495 | Time: 1975
Episode: 1496 | Time: 1475
Episode: 1497 | Time: 1425
Episode: 1498 | Time: 1150
Episode: 1499 | Time: 525
Episode: 1500 | Time: 1200
Episode: 1501 | Time: 1725
Episode: 1502 | Time: 1100
Episode: 1503 | Time: 1400
Episode: 1504 | Time: 1700
Episode: 1505 | Time: 1375
Episode: 1506 | Time: 1175
Episode: 1507 | Time: 1175
Episode: 1508 | Time: 1125
Episode: 1509 | Time: 1200
Episode: 1510 | Time: 1500
Episode: 1511 | Time: 1125
Episode: 1512 | Time: 1125
Episode: 1513 | Time: 1425
Episode: 1514 | Time: 1175
Episode: 1515 | Time: 1175
Episode: 1516 | Time: 1175
Episode: 1517 | Time: 1200
Episode: 1518 | Time: 1250
Episode: 1519 | Time: 1175
Episode: 1520 | Time: 1600
Episode: 1521 | Time: 1575
Episode: 1522 | Time: 1450
Episode: 1523 | Time: 1150
Episode: 1524 | Time: 1475
Episode: 1525 | Time: 2200
Episode: 1526 | Time: 550
Episode: 1527 | Time: 1325
Episode: 1528 | Time: 1225
Episode: 1529 | Time: 1800
Episode: 1530 | Time: 1250
Episode: 1531 | Time: 1675
Episode: 1532 | Time: 1325
Episode: 1533 | Time: 1750
Episode: 1534 | Time: 1150
Episode: 1535 | Time: 1475
Episode: 1536 | Time: 1225
Episode: 1537 | Time: 1325
Episode: 1538 | Time: 1700
Episode: 1539 | Time: 1450
Episode: 1540 | Time: 1925
Episode: 1541 | Time: 1400
Episode: 1542 | Time: 1325
Episode: 1543 | Time: 1575
Episode: 1544 | Time: 1725
Episode: 1545 | Time: 1475
Episode: 1546 | Time: 2000
Episode: 1547 | Time: 1375
Episode: 1548 | Time: 1800
Episode: 1549 | Time: 1250
Episode: 1550 | Time: 700
Episode: 1551 | Time: 1325
Episode: 1552 | Time: 1450
Episode: 1553 | Time: 1875
Episode: 1554 | Time: 1200
Episode: 1555 | Time: 1325
Episode: 1556 | Time: 1200
Episode: 1557 | Time: 1525
Episode: 1558 | Time: 700
Episode: 1559 | Time: 1725
Episode: 1560 | Time: 1175
Episode: 1561 | Time: 1475
Episode: 1562 | Time: 1700
Episode: 1563 | Time: 1725
Episode: 1564 | Time: 2225
Episode: 1565 | Time: 1175
Episode: 1566 | Time: 2075
Episode: 1567 | Time: 1250
Episode: 1568 | Time: 1300
Episode: 1569 | Time: 1250
Episode: 1570 | Time: 1450
Episode: 1571 | Time: 2225
Episode: 1572 | Time: 1075
Episode: 1573 | Time: 1150
Episode: 1574 | Time: 1200
Episode: 1575 | Time: 1175
Episode: 1576 | Time: 1775
Episode: 1577 | Time: 1125
Episode: 1578 | Time: 1250
Episode: 1579 | Time: 1300
Episode: 1580 | Time: 1675
Episode: 1581 | Time: 1625
Episode: 1582 | Time: 1725
Episode: 1583 | Time: 1275
Episode: 1584 | Time: 1300
Episode: 1585 | Time: 250
Episode: 1586 | Time: 250
Episode: 1587 | Time: 250
Episode: 1588 | Time: 1150
Episode: 1589 | Time: 1800
Episode: 1590 | Time: 1175
Episode: 1591 | Time: 1975
Episode: 1592 | Time: 1600
Episode: 1593 | Time: 1425
Episode: 1594 | Time: 1450
Episode: 1595 | Time: 1200
Episode: 1596 | Time: 1125
Episode: 1597 | Time: 1250
Episode: 1598 | Time: 1250
Episode: 1599 | Time: 1750
Episode: 1600 | Time: 1200
Episode: 1601 | Time: 1425
Episode: 1602 | Time: 575
Episode: 1603 | Time: 1425
Episode: 1604 | Time: 1225
Episode: 1605 | Time: 1275
Episode: 1606 | Time: 1450
Episode: 1607 | Time: 1200
Episode: 1608 | Time: 1150
Episode: 1609 | Time: 1200
Episode: 1610 | Time: 1450
Episode: 1611 | Time: 1450
Episode: 1612 | Time: 1175
Episode: 1613 | Time: 1350
Episode: 1614 | Time: 1500
Episode: 1615 | Time: 1375
Episode: 1616 | Time: 1525
Episode: 1617 | Time: 1150
Episode: 1618 | Time: 1125
Episode: 1619 | Time: 1200
Episode: 1620 | Time: 1275
Episode: 1621 | Time: 1700
Episode: 1622 | Time: 1750
Episode: 1623 | Time: 1150
Episode: 1624 | Time: 1450
Episode: 1625 | Time: 1125
Episode: 1626 | Time: 1125
Episode: 1627 | Time: 1175
Episode: 1628 | Time: 1100
Episode: 1629 | Time: 1175
Episode: 1630 | Time: 1100
Episode: 1631 | Time: 1100
Episode: 1632 | Time: 1425
Episode: 1633 | Time: 1175
Episode: 1634 | Time: 1175
Episode: 1635 | Time: 1100
Episode: 1636 | Time: 675
Episode: 1637 | Time: 1250
Episode: 1638 | Time: 1200
Episode: 1639 | Time: 1825
Episode: 1640 | Time: 1250
Episode: 1641 | Time: 1225
Episode: 1642 | Time: 1175
Episode: 1643 | Time: 1425
Episode: 1644 | Time: 1150
Episode: 1645 | Time: 1450
Episode: 1646 | Time: 1075
Episode: 1647 | Time: 1475
Episode: 1648 | Time: 1400
Episode: 1649 | Time: 1200
Episode: 1650 | Time: 1250
Episode: 1651 | Time: 1625
Episode: 1652 | Time: 1775
Episode: 1653 | Time: 1550
Episode: 1654 | Time: 1425
Episode: 1655 | Time: 1150
Episode: 1656 | Time: 1425
Episode: 1657 | Time: 1500
Episode: 1658 | Time: 1300
Episode: 1659 | Time: 1900
Episode: 1660 | Time: 1225
Episode: 1661 | Time: 2025
Episode: 1662 | Time: 1475
Episode: 1663 | Time: 1550
Episode: 1664 | Time: 1425
Episode: 1665 | Time: 1625
Episode: 1666 | Time: 1200
Episode: 1667 | Time: 1175
Episode: 1668 | Time: 1175
Episode: 1669 | Time: 1175
Episode: 1670 | Time: 1675
Episode: 1671 | Time: 1450
Episode: 1672 | Time: 1325
Episode: 1673 | Time: 1200
Episode: 1674 | Time: 1525
Episode: 1675 | Time: 1150
Episode: 1676 | Time: 2050
Episode: 1677 | Time: 1200
Episode: 1678 | Time: 1550
Episode: 1679 | Time: 1675
Episode: 1680 | Time: 1550
Episode: 1681 | Time: 1275
Episode: 1682 | Time: 1175
Episode: 1683 | Time: 1250
Episode: 1684 | Time: 1375
Episode: 1685 | Time: 1125
Episode: 1686 | Time: 1875
Episode: 1687 | Time: 1150
Episode: 1688 | Time: 1200
Episode: 1689 | Time: 1175
Episode: 1690 | Time: 1500
Episode: 1691 | Time: 1200
Episode: 1692 | Time: 1125
Episode: 1693 | Time: 1750
Episode: 1694 | Time: 1425
Episode: 1695 | Time: 1475
Episode: 1696 | Time: 1900
Episode: 1697 | Time: 1675
Episode: 1698 | Time: 1225
Episode: 1699 | Time: 1525
Episode: 1700 | Time: 1825
Episode: 1701 | Time: 1475
Episode: 1702 | Time: 1150
Episode: 1703 | Time: 1225
Episode: 1704 | Time: 250
Episode: 1705 | Time: 1800
Episode: 1706 | Time: 250
Episode: 1707 | Time: 250
Episode: 1708 | Time: 1500
Episode: 1709 | Time: 1750
Episode: 1710 | Time: 1700
Episode: 1711 | Time: 1175
Episode: 1712 | Time: 1200
Episode: 1713 | Time: 1175
Episode: 1714 | Time: 1475
Episode: 1715 | Time: 1225
Episode: 1716 | Time: 1550
Episode: 1717 | Time: 1350
Episode: 1718 | Time: 975
Episode: 1719 | Time: 1225
Episode: 1720 | Time: 1225
Episode: 1721 | Time: 1200
Episode: 1722 | Time: 1400
Episode: 1723 | Time: 1450
Episode: 1724 | Time: 1375
Episode: 1725 | Time: 1125
Episode: 1726 | Time: 1175
Episode: 1727 | Time: 1175
Episode: 1728 | Time: 1250
Episode: 1729 | Time: 1475
Episode: 1730 | Time: 1225
Episode: 1731 | Time: 1400
Episode: 1732 | Time: 1350
Episode: 1733 | Time: 1400
Episode: 1734 | Time: 1225
Episode: 1735 | Time: 1150
Episode: 1736 | Time: 1200
Episode: 1737 | Time: 1500
Episode: 1738 | Time: 1225
Episode: 1739 | Time: 2300
Episode: 1740 | Time: 1750
Episode: 1741 | Time: 1200
Episode: 1742 | Time: 1775
Episode: 1743 | Time: 1425
Episode: 1744 | Time: 1250
Episode: 1745 | Time: 1150
Episode: 1746 | Time: 1450
Episode: 1747 | Time: 1250
Episode: 1748 | Time: 1750
Episode: 1749 | Time: 1425
Episode: 1750 | Time: 2100
Episode: 1751 | Time: 1400
Unexpected message received for job 1052247
Episode: 1752 | Time: 2050
Episode: 1753 | Time: 1425
Episode: 1754 | Time: 1475
Episode: 1755 | Time: 1800
Unexpected message received for job 1052247
Episode: 1756 | Time: 1750
Episode: 1757 | Time: 550
Episode: 1758 | Time: 1225
Episode: 1759 | Time: 1950
Episode: 1760 | Time: 1675
Episode: 1761 | Time: 1175
Episode: 1762 | Time: 1150
Episode: 1763 | Time: 1475
Episode: 1764 | Time: 1250
Episode: 1765 | Time: 1175
Episode: 1766 | Time: 1175
Episode: 1767 | Time: 1175
Episode: 1768 | Time: 1300
Episode: 1769 | Time: 1375
Episode: 1770 | Time: 1175
Episode: 1771 | Time: 1875
Episode: 1772 | Time: 1725
Episode: 1773 | Time: 1400
Episode: 1774 | Time: 1175
Episode: 1775 | Time: 1125
Episode: 1776 | Time: 1500
Episode: 1777 | Time: 575
Episode: 1778 | Time: 1350
Episode: 1779 | Time: 1525
Episode: 1780 | Time: 1250
Episode: 1781 | Time: 1375
Episode: 1782 | Time: 1850
Episode: 1783 | Time: 1400
Episode: 1784 | Time: 1225
Episode: 1785 | Time: 1475
Episode: 1786 | Time: 1450
Episode: 1787 | Time: 1275
Episode: 1788 | Time: 1200
Episode: 1789 | Time: 1175
Episode: 1790 | Time: 1600
Episode: 1791 | Time: 1150
Episode: 1792 | Time: 1400
Episode: 1793 | Time: 1400
Episode: 1794 | Time: 1150
Episode: 1795 | Time: 1175
Episode: 1796 | Time: 1150
Episode: 1797 | Time: 1425
Episode: 1798 | Time: 1150
Episode: 1799 | Time: 1950
Episode: 1800 | Time: 1200
Episode: 1801 | Time: 1425
Episode: 1802 | Time: 1500
Episode: 1803 | Time: 1225
Episode: 1804 | Time: 1700
Episode: 1805 | Time: 1200
Episode: 1806 | Time: 1975
Episode: 1807 | Time: 1450
Episode: 1808 | Time: 1375
Episode: 1809 | Time: 1700
Episode: 1810 | Time: 1225
Episode: 1811 | Time: 1200
Episode: 1812 | Time: 1200
Episode: 1813 | Time: 1425
Episode: 1814 | Time: 1325
Episode: 1815 | Time: 1275
Episode: 1816 | Time: 1275
Episode: 1817 | Time: 1400
Episode: 1818 | Time: 1200
Episode: 1819 | Time: 1525
Episode: 1820 | Time: 1175
Episode: 1821 | Time: 1250
Episode: 1822 | Time: 1275
Episode: 1823 | Time: 1225
Episode: 1824 | Time: 1250
Episode: 1825 | Time: 1375
Episode: 1826 | Time: 1175
Episode: 1827 | Time: 1225
Episode: 1828 | Time: 1225
Episode: 1829 | Time: 1425
Episode: 1830 | Time: 825
Episode: 1831 | Time: 2000
Episode: 1832 | Time: 1425
Episode: 1833 | Time: 1100
Episode: 1834 | Time: 1300
Episode: 1835 | Time: 1725
Episode: 1836 | Time: 1150
Episode: 1837 | Time: 1125
Episode: 1838 | Time: 1500
Episode: 1839 | Time: 1650
Episode: 1840 | Time: 1650
Episode: 1841 | Time: 1600
Episode: 1842 | Time: 1375
Episode: 1843 | Time: 1425
Episode: 1844 | Time: 1475
Episode: 1845 | Time: 1150
Episode: 1846 | Time: 1500
Episode: 1847 | Time: 1125
Episode: 1848 | Time: 1450
Episode: 1849 | Time: 1750
Episode: 1850 | Time: 1450
Episode: 1851 | Time: 1150
Episode: 1852 | Time: 1500
Episode: 1853 | Time: 1650
Episode: 1854 | Time: 1200
Episode: 1855 | Time: 1400
Episode: 1856 | Time: 1250
Episode: 1857 | Time: 1175
Episode: 1858 | Time: 1175
Episode: 1859 | Time: 1450
Episode: 1860 | Time: 1250
Episode: 1861 | Time: 1625
Episode: 1862 | Time: 1225
Episode: 1863 | Time: 1400
Episode: 1864 | Time: 1150
Episode: 1865 | Time: 1475
Episode: 1866 | Time: 1425
Episode: 1867 | Time: 1450
Episode: 1868 | Time: 1450
Episode: 1869 | Time: 1175
Episode: 1870 | Time: 2000
Episode: 1871 | Time: 1375
Episode: 1872 | Time: 1175
Episode: 1873 | Time: 2050
Episode: 1874 | Time: 575
Episode: 1875 | Time: 1225
Episode: 1876 | Time: 1150
Episode: 1877 | Time: 1200
Episode: 1878 | Time: 1200
Episode: 1879 | Time: 1300
Episode: 1880 | Time: 1275
Episode: 1881 | Time: 1225
Episode: 1882 | Time: 1150
Episode: 1883 | Time: 1225
Episode: 1884 | Time: 1200
Episode: 1885 | Time: 1350
Episode: 1886 | Time: 1450
Episode: 1887 | Time: 2025
Episode: 1888 | Time: 1375
Episode: 1889 | Time: 1400
Episode: 1890 | Time: 1525
Episode: 1891 | Time: 1450
Episode: 1892 | Time: 1450
Episode: 1893 | Time: 1250
Episode: 1894 | Time: 1325
Episode: 1895 | Time: 1125
Episode: 1896 | Time: 1200
Episode: 1897 | Time: 1350
Episode: 1898 | Time: 1225
Episode: 1899 | Time: 1525
Episode: 1900 | Time: 1650
Episode: 1901 | Time: 1450
Episode: 1902 | Time: 1175
Episode: 1903 | Time: 1375
Episode: 1904 | Time: 1700
Episode: 1905 | Time: 1250
Episode: 1906 | Time: 1200
Episode: 1907 | Time: 1175
Episode: 1908 | Time: 2500
Episode: 1909 | Time: 2250
Episode: 1910 | Time: 1225
Episode: 1911 | Time: 1400
Episode: 1912 | Time: 1250
Episode: 1913 | Time: 1450
Episode: 1914 | Time: 1550
Episode: 1915 | Time: 1400
Episode: 1916 | Time: 1350
Episode: 1917 | Time: 1075
Episode: 1918 | Time: 1950
Episode: 1919 | Time: 1600
Episode: 1920 | Time: 1275
Episode: 1921 | Time: 1175
Episode: 1922 | Time: 1175
Episode: 1923 | Time: 1200
Episode: 1924 | Time: 1150
Episode: 1925 | Time: 1125
Episode: 1926 | Time: 1375
Episode: 1927 | Time: 1200
Episode: 1928 | Time: 1625
Episode: 1929 | Time: 1100
Episode: 1930 | Time: 1375
Episode: 1931 | Time: 1700
Episode: 1932 | Time: 1150
Episode: 1933 | Time: 1650
Episode: 1934 | Time: 1425
Episode: 1935 | Time: 1125
Episode: 1936 | Time: 1150
Episode: 1937 | Time: 1425
Episode: 1938 | Time: 1375
Episode: 1939 | Time: 1150
Episode: 1940 | Time: 1250
Episode: 1941 | Time: 1200
Episode: 1942 | Time: 1225
Episode: 1943 | Time: 1175
Episode: 1944 | Time: 1225
Episode: 1945 | Time: 1225
Episode: 1946 | Time: 1500
Episode: 1947 | Time: 1150
Episode: 1948 | Time: 1875
Episode: 1949 | Time: 1150
Episode: 1950 | Time: 1250
Episode: 1951 | Time: 1125
Episode: 1952 | Time: 1375
Episode: 1953 | Time: 1125
Episode: 1954 | Time: 1350
Episode: 1955 | Time: 1325
Episode: 1956 | Time: 1325
Episode: 1957 | Time: 1400
Episode: 1958 | Time: 1275
Episode: 1959 | Time: 1200
Episode: 1960 | Time: 1375
Episode: 1961 | Time: 1250
Episode: 1962 | Time: 1500
Episode: 1963 | Time: 1200
Episode: 1964 | Time: 1350
Episode: 1965 | Time: 1675
Episode: 1966 | Time: 1700
Episode: 1967 | Time: 1225
Episode: 1968 | Time: 1200
Episode: 1969 | Time: 1175
Episode: 1970 | Time: 1225
Episode: 1971 | Time: 1250
Episode: 1972 | Time: 1375
Episode: 1973 | Time: 2000
Episode: 1974 | Time: 1200
Episode: 1975 | Time: 1125
Episode: 1976 | Time: 1600
Episode: 1977 | Time: 1250
Episode: 1978 | Time: 1300
Episode: 1979 | Time: 1150
Episode: 1980 | Time: 1400
Episode: 1981 | Time: 1175
Episode: 1982 | Time: 1200
Episode: 1983 | Time: 1125
Episode: 1984 | Time: 1400
Episode: 1985 | Time: 1975
Episode: 1986 | Time: 1225
Episode: 1987 | Time: 1125
Episode: 1988 | Time: 1625
Episode: 1989 | Time: 1500
Episode: 1990 | Time: 1375
Episode: 1991 | Time: 1975
Episode: 1992 | Time: 1575
Episode: 1993 | Time: 1175
Episode: 1994 | Time: 1800
Episode: 1995 | Time: 1225
Episode: 1996 | Time: 1825
Episode: 1997 | Time: 1425
Episode: 1998 | Time: 1500
Episode: 1999 | Time: 1400
Episode: 2000 | Time: 1475
Episode: 2001 | Time: 1200
Episode: 2002 | Time: 1125
Episode: 2003 | Time: 1550
Episode: 2004 | Time: 1225
Episode: 2005 | Time: 1675
Episode: 2006 | Time: 1100
Episode: 2007 | Time: 1500
Episode: 2008 | Time: 1275
Episode: 2009 | Time: 1200
Episode: 2010 | Time: 1400
Episode: 2011 | Time: 1125
Episode: 2012 | Time: 1225
Episode: 2013 | Time: 1200
Episode: 2014 | Time: 1750
Episode: 2015 | Time: 1450
Episode: 2016 | Time: 1475
Episode: 2017 | Time: 1650
Episode: 2018 | Time: 1200
Episode: 2019 | Time: 1925
Episode: 2020 | Time: 1350
Episode: 2021 | Time: 1450
Episode: 2022 | Time: 1625
Episode: 2023 | Time: 1175
Episode: 2024 | Time: 1475
Episode: 2025 | Time: 1450
Episode: 2026 | Time: 1150
Episode: 2027 | Time: 1125
Episode: 2028 | Time: 1200
Episode: 2029 | Time: 1250
Episode: 2030 | Time: 1775
Episode: 2031 | Time: 1475
Episode: 2032 | Time: 1750
Episode: 2033 | Time: 1200
Episode: 2034 | Time: 1175
Episode: 2035 | Time: 1200
Episode: 2036 | Time: 1175
Episode: 2037 | Time: 1425
Episode: 2038 | Time: 1200
Episode: 2039 | Time: 1225
Episode: 2040 | Time: 1150
Episode: 2041 | Time: 1350
Episode: 2042 | Time: 2150
Episode: 2043 | Time: 1175
Episode: 2044 | Time: 1650
Episode: 2045 | Time: 1150
Episode: 2046 | Time: 1175
Episode: 2047 | Time: 1700
Episode: 2048 | Time: 1625
Episode: 2049 | Time: 1425
Episode: 2050 | Time: 1200
Episode: 2051 | Time: 1250
Episode: 2052 | Time: 1175
Episode: 2053 | Time: 1150
Episode: 2054 | Time: 1150
Episode: 2055 | Time: 1175
Episode: 2056 | Time: 850
Episode: 2057 | Time: 1225
Episode: 2058 | Time: 1650
Episode: 2059 | Time: 1375
Episode: 2060 | Time: 1325
Episode: 2061 | Time: 1150
Episode: 2062 | Time: 1825
Episode: 2063 | Time: 1275
Episode: 2064 | Time: 1375
Episode: 2065 | Time: 1750
Episode: 2066 | Time: 1350
Episode: 2067 | Time: 1475
Episode: 2068 | Time: 1125
Episode: 2069 | Time: 1150
Episode: 2070 | Time: 1100
Episode: 2071 | Time: 1475
Episode: 2072 | Time: 1525
Episode: 2073 | Time: 1275
Episode: 2074 | Time: 1150
Episode: 2075 | Time: 1450
Episode: 2076 | Time: 1250
Episode: 2077 | Time: 1450
Episode: 2078 | Time: 1375
Episode: 2079 | Time: 1475
Episode: 2080 | Time: 1275
Episode: 2081 | Time: 1625
Episode: 2082 | Time: 1175
Episode: 2083 | Time: 1300
Episode: 2084 | Time: 1175
Episode: 2085 | Time: 1400
Episode: 2086 | Time: 1125
Episode: 2087 | Time: 1225
Episode: 2088 | Time: 1475
Episode: 2089 | Time: 1150
Episode: 2090 | Time: 1750
Episode: 2091 | Time: 1350
Episode: 2092 | Time: 1575
Episode: 2093 | Time: 1200
Episode: 2094 | Time: 1475
Episode: 2095 | Time: 1375
Episode: 2096 | Time: 1150
Episode: 2097 | Time: 1225
Episode: 2098 | Time: 1725
Episode: 2099 | Time: 1250
Episode: 2100 | Time: 1175
Episode: 2101 | Time: 1475
Episode: 2102 | Time: 1500
Episode: 2103 | Time: 1300
Episode: 2104 | Time: 1850
Episode: 2105 | Time: 1200
Episode: 2106 | Time: 1700
Episode: 2107 | Time: 1175
Episode: 2108 | Time: 1425
Episode: 2109 | Time: 1250
Episode: 2110 | Time: 1125
Episode: 2111 | Time: 1100
Episode: 2112 | Time: 1325
Episode: 2113 | Time: 1150
Episode: 2114 | Time: 1525
Episode: 2115 | Time: 1400
Episode: 2116 | Time: 1450
Episode: 2117 | Time: 2000
Episode: 2118 | Time: 1125
Episode: 2119 | Time: 1475
Episode: 2120 | Time: 1525
Episode: 2121 | Time: 1225
Episode: 2122 | Time: 1275
Episode: 2123 | Time: 1925
Episode: 2124 | Time: 1150
Episode: 2125 | Time: 250
Episode: 2126 | Time: 1300
Episode: 2127 | Time: 1275
Episode: 2128 | Time: 1150
Episode: 2129 | Time: 1975
Episode: 2130 | Time: 1500
Episode: 2131 | Time: 1400
Episode: 2132 | Time: 1175
Episode: 2133 | Time: 1225
Episode: 2134 | Time: 1100
Episode: 2135 | Time: 1225
Episode: 2136 | Time: 1950
Episode: 2137 | Time: 1675
Episode: 2138 | Time: 1425
Episode: 2139 | Time: 1325
Episode: 2140 | Time: 1450
Episode: 2141 | Time: 1425
Episode: 2142 | Time: 1400
Episode: 2143 | Time: 1175
Episode: 2144 | Time: 1375
Episode: 2145 | Time: 1450
Episode: 2146 | Time: 1475
Episode: 2147 | Time: 1200
Episode: 2148 | Time: 1850
Episode: 2149 | Time: 1500
Episode: 2150 | Time: 1175
Episode: 2151 | Time: 1250
Episode: 2152 | Time: 2175
Episode: 2153 | Time: 1550
Episode: 2154 | Time: 1325
Episode: 2155 | Time: 1200
Episode: 2156 | Time: 1650
Episode: 2157 | Time: 1400
Episode: 2158 | Time: 1525
Episode: 2159 | Time: 1450
Episode: 2160 | Time: 1425
Episode: 2161 | Time: 1400
Episode: 2162 | Time: 1925
Episode: 2163 | Time: 1250
Episode: 2164 | Time: 1525
Episode: 2165 | Time: 1475
Episode: 2166 | Time: 1925
Episode: 2167 | Time: 850
Episode: 2168 | Time: 1475
Episode: 2169 | Time: 1300
Episode: 2170 | Time: 1500
Episode: 2171 | Time: 1175
Episode: 2172 | Time: 2000
Episode: 2173 | Time: 1250
Episode: 2174 | Time: 1225
Episode: 2175 | Time: 575
Episode: 2176 | Time: 1600
Episode: 2177 | Time: 575
Episode: 2178 | Time: 2050
Episode: 2179 | Time: 1175
Episode: 2180 | Time: 1650
Episode: 2181 | Time: 1400
Episode: 2182 | Time: 1175
Episode: 2183 | Time: 1250
Episode: 2184 | Time: 1200
Episode: 2185 | Time: 1200
Episode: 2186 | Time: 1675
Episode: 2187 | Time: 1350
Episode: 2188 | Time: 1225
Episode: 2189 | Time: 1175
Episode: 2190 | Time: 1500
Episode: 2191 | Time: 1200
Episode: 2192 | Time: 1425
Episode: 2193 | Time: 1475
Episode: 2194 | Time: 1950
Episode: 2195 | Time: 1150
Episode: 2196 | Time: 1475
Episode: 2197 | Time: 1175
Episode: 2198 | Time: 1600
Episode: 2199 | Time: 1325
Episode: 2200 | Time: 1125
Episode: 2201 | Time: 1125
Episode: 2202 | Time: 1175
Episode: 2203 | Time: 1550
Episode: 2204 | Time: 1150
Episode: 2205 | Time: 1825
Episode: 2206 | Time: 2125
Episode: 2207 | Time: 1425
Episode: 2208 | Time: 1250
Episode: 2209 | Time: 1275
Episode: 2210 | Time: 1125
Episode: 2211 | Time: 1250
Episode: 2212 | Time: 1125
Episode: 2213 | Time: 900
Episode: 2214 | Time: 1400
Episode: 2215 | Time: 1750
Episode: 2216 | Time: 1125
Episode: 2217 | Time: 1475
Episode: 2218 | Time: 1450
Episode: 2219 | Time: 1525
Episode: 2220 | Time: 1650
Episode: 2221 | Time: 1375
Episode: 2222 | Time: 1225
Episode: 2223 | Time: 1150
Episode: 2224 | Time: 1750
Episode: 2225 | Time: 1250
Episode: 2226 | Time: 1500
Episode: 2227 | Time: 1150
Episode: 2228 | Time: 1150
Episode: 2229 | Time: 1375
Episode: 2230 | Time: 2125
Episode: 2231 | Time: 1650
Episode: 2232 | Time: 1125
Episode: 2233 | Time: 1275
Episode: 2234 | Time: 1425
Episode: 2235 | Time: 1100
Episode: 2236 | Time: 1100
Episode: 2237 | Time: 1125
Episode: 2238 | Time: 1175
Episode: 2239 | Time: 1150
Episode: 2240 | Time: 1100
Episode: 2241 | Time: 2775
Episode: 2242 | Time: 1175
Episode: 2243 | Time: 1225
Episode: 2244 | Time: 1375
Episode: 2245 | Time: 1200
Episode: 2246 | Time: 1725
Episode: 2247 | Time: 1750
Episode: 2248 | Time: 1175
Episode: 2249 | Time: 1150
Episode: 2250 | Time: 1175
Episode: 2251 | Time: 1275
Episode: 2252 | Time: 1100
Episode: 2253 | Time: 2000
Episode: 2254 | Time: 1200
Episode: 2255 | Time: 1275
Episode: 2256 | Time: 1600
Episode: 2257 | Time: 1250
Episode: 2258 | Time: 1375
Episode: 2259 | Time: 1325
Episode: 2260 | Time: 1175
Episode: 2261 | Time: 1200
Episode: 2262 | Time: 1975
Episode: 2263 | Time: 1750
Episode: 2264 | Time: 2175
Episode: 2265 | Time: 1550
Episode: 2266 | Time: 1375
Episode: 2267 | Time: 1325
Episode: 2268 | Time: 1525
Episode: 2269 | Time: 1575
Episode: 2270 | Time: 1575
Episode: 2271 | Time: 1225
Episode: 2272 | Time: 1575
Episode: 2273 | Time: 1800
Episode: 2274 | Time: 1225
Episode: 2275 | Time: 1425
Episode: 2276 | Time: 1375
Episode: 2277 | Time: 1500
Episode: 2278 | Time: 1450
Episode: 2279 | Time: 775
Episode: 2280 | Time: 1850
Episode: 2281 | Time: 1400
Episode: 2282 | Time: 1375
Episode: 2283 | Time: 1175
Episode: 2284 | Time: 1475
Episode: 2285 | Time: 1200
Episode: 2286 | Time: 2025
Episode: 2287 | Time: 1225
Episode: 2288 | Time: 1550
Episode: 2289 | Time: 1125
Episode: 2290 | Time: 1750
Episode: 2291 | Time: 1425
Episode: 2292 | Time: 1200
Episode: 2293 | Time: 1300
Episode: 2294 | Time: 1200
Episode: 2295 | Time: 1200
Episode: 2296 | Time: 1775
Episode: 2297 | Time: 1125
Episode: 2298 | Time: 1700
Episode: 2299 | Time: 1175
Episode: 2300 | Time: 1275
Episode: 2301 | Time: 1125
Episode: 2302 | Time: 1250
Episode: 2303 | Time: 1275
Episode: 2304 | Time: 1225
Episode: 2305 | Time: 1400
Episode: 2306 | Time: 1175
Episode: 2307 | Time: 1375
Episode: 2308 | Time: 1475
Episode: 2309 | Time: 1475
Episode: 2310 | Time: 1700
Episode: 2311 | Time: 1625
Episode: 2312 | Time: 1525
Episode: 2313 | Time: 1550
Episode: 2314 | Time: 1275
Episode: 2315 | Time: 1375
Episode: 2316 | Time: 1200
Episode: 2317 | Time: 1250
Episode: 2318 | Time: 2025
Episode: 2319 | Time: 1275
Episode: 2320 | Time: 1425
Episode: 2321 | Time: 2000
Episode: 2322 | Time: 600
Episode: 2323 | Time: 1225
Episode: 2324 | Time: 1700
Episode: 2325 | Time: 1300
Episode: 2326 | Time: 1175
Episode: 2327 | Time: 1175
Episode: 2328 | Time: 2000
Episode: 2329 | Time: 1500
Episode: 2330 | Time: 1525
Episode: 2331 | Time: 825
Episode: 2332 | Time: 1250
Episode: 2333 | Time: 1175
Episode: 2334 | Time: 1175
Episode: 2335 | Time: 1175
Episode: 2336 | Time: 1200
Episode: 2337 | Time: 1175
Episode: 2338 | Time: 1150
Episode: 2339 | Time: 1175
Episode: 2340 | Time: 1150
Episode: 2341 | Time: 1200
Episode: 2342 | Time: 2125
Episode: 2343 | Time: 1450
Episode: 2344 | Time: 1375
Episode: 2345 | Time: 1300
Episode: 2346 | Time: 1250
Episode: 2347 | Time: 1400
Episode: 2348 | Time: 1225
Episode: 2349 | Time: 1200
Episode: 2350 | Time: 1375
Episode: 2351 | Time: 1300
Episode: 2352 | Time: 1150
Episode: 2353 | Time: 1500
Episode: 2354 | Time: 1450
Episode: 2355 | Time: 2250
Episode: 2356 | Time: 1475
Episode: 2357 | Time: 1250
Episode: 2358 | Time: 1450
Episode: 2359 | Time: 1325
Episode: 2360 | Time: 1275
Episode: 2361 | Time: 1200
Episode: 2362 | Time: 1175
Episode: 2363 | Time: 1925
Episode: 2364 | Time: 1500
Episode: 2365 | Time: 1150
Episode: 2366 | Time: 1300
Episode: 2367 | Time: 1175
Episode: 2368 | Time: 1400
Episode: 2369 | Time: 1200
Episode: 2370 | Time: 1425
Episode: 2371 | Time: 1525
Episode: 2372 | Time: 1425
Episode: 2373 | Time: 1450
Episode: 2374 | Time: 1575
Episode: 2375 | Time: 1575
Episode: 2376 | Time: 1325
Episode: 2377 | Time: 1825
Episode: 2378 | Time: 1400
Episode: 2379 | Time: 1150
Episode: 2380 | Time: 1150
Episode: 2381 | Time: 1200
Episode: 2382 | Time: 550
Episode: 2383 | Time: 1500
Episode: 2384 | Time: 1300
Episode: 2385 | Time: 1150
Episode: 2386 | Time: 1825
Episode: 2387 | Time: 1200
Episode: 2388 | Time: 1175
Episode: 2389 | Time: 1450
Episode: 2390 | Time: 1125
Episode: 2391 | Time: 1200
Episode: 2392 | Time: 1650
Episode: 2393 | Time: 1325
Episode: 2394 | Time: 1650
Episode: 2395 | Time: 1575
Episode: 2396 | Time: 2150
Episode: 2397 | Time: 1500
Episode: 2398 | Time: 1425
Episode: 2399 | Time: 1250
Episode: 2400 | Time: 1275
Episode: 2401 | Time: 1500
Episode: 2402 | Time: 1550
Episode: 2403 | Time: 1275
Episode: 2404 | Time: 1450
Episode: 2405 | Time: 1500
Episode: 2406 | Time: 1800
Episode: 2407 | Time: 1150
Episode: 2408 | Time: 1275
Episode: 2409 | Time: 1825
Episode: 2410 | Time: 1500
Episode: 2411 | Time: 2075
Episode: 2412 | Time: 1250
Episode: 2413 | Time: 1550
Episode: 2414 | Time: 1550
Episode: 2415 | Time: 1675
Episode: 2416 | Time: 1425
Episode: 2417 | Time: 1825
Episode: 2418 | Time: 700
Episode: 2419 | Time: 550
Episode: 2420 | Time: 1375
Episode: 2421 | Time: 1575
Episode: 2422 | Time: 1625
Episode: 2423 | Time: 1450
Episode: 2424 | Time: 1150
Episode: 2425 | Time: 1500
Episode: 2426 | Time: 1175
Episode: 2427 | Time: 1175
Episode: 2428 | Time: 1725
Episode: 2429 | Time: 1200
Episode: 2430 | Time: 1725
Episode: 2431 | Time: 1200
Episode: 2432 | Time: 1125
Episode: 2433 | Time: 1875
Episode: 2434 | Time: 1200
Episode: 2435 | Time: 1250
Episode: 2436 | Time: 1575
Episode: 2437 | Time: 1175
Episode: 2438 | Time: 1175
Episode: 2439 | Time: 850
Episode: 2440 | Time: 1725
Episode: 2441 | Time: 1775
Episode: 2442 | Time: 1725
Episode: 2443 | Time: 1225
Episode: 2444 | Time: 550
Episode: 2445 | Time: 1250
Episode: 2446 | Time: 1100
Episode: 2447 | Time: 1250
Episode: 2448 | Time: 1200
Episode: 2449 | Time: 1175
Episode: 2450 | Time: 1375
Episode: 2451 | Time: 1525
Episode: 2452 | Time: 1225
Episode: 2453 | Time: 1225
Episode: 2454 | Time: 1275
Episode: 2455 | Time: 1175
Episode: 2456 | Time: 1725
Episode: 2457 | Time: 1150
Episode: 2458 | Time: 1475
Episode: 2459 | Time: 1975
Episode: 2460 | Time: 1475
Episode: 2461 | Time: 1450
Episode: 2462 | Time: 1275
Episode: 2463 | Time: 1525
Episode: 2464 | Time: 1950
Episode: 2465 | Time: 1350
Episode: 2466 | Time: 1350
Episode: 2467 | Time: 1125
Episode: 2468 | Time: 1225
Episode: 2469 | Time: 1300
Episode: 2470 | Time: 1275
Episode: 2471 | Time: 1325
Episode: 2472 | Time: 1150
Episode: 2473 | Time: 1450
Episode: 2474 | Time: 1175
Episode: 2475 | Time: 1175
Episode: 2476 | Time: 1750
Episode: 2477 | Time: 1250
Episode: 2478 | Time: 1225
Episode: 2479 | Time: 1250
Episode: 2480 | Time: 1175
Episode: 2481 | Time: 1350
Episode: 2482 | Time: 1150
Episode: 2483 | Time: 575
Episode: 2484 | Time: 1475
Episode: 2485 | Time: 2200
Episode: 2486 | Time: 1950
Episode: 2487 | Time: 1200
Episode: 2488 | Time: 1625
Episode: 2489 | Time: 1250
Episode: 2490 | Time: 1525
Episode: 2491 | Time: 1275
Episode: 2492 | Time: 1150
Episode: 2493 | Time: 1775
Episode: 2494 | Time: 1150
Episode: 2495 | Time: 1425
Episode: 2496 | Time: 1225
Episode: 2497 | Time: 1225
Episode: 2498 | Time: 1200
Episode: 2499 | Time: 1475
Episode: 2500 | Time: 1175
Episode: 2501 | Time: 1725
Episode: 2502 | Time: 1400
Episode: 2503 | Time: 1650
Episode: 2504 | Time: 1075
Episode: 2505 | Time: 1200
Episode: 2506 | Time: 1175
Episode: 2507 | Time: 925
Episode: 2508 | Time: 1375
Episode: 2509 | Time: 1500
Episode: 2510 | Time: 1525
Episode: 2511 | Time: 1300
Episode: 2512 | Time: 1450
Episode: 2513 | Time: 1900
Episode: 2514 | Time: 1175
Episode: 2515 | Time: 1450
Episode: 2516 | Time: 1400
Episode: 2517 | Time: 1250
Episode: 2518 | Time: 1150
Episode: 2519 | Time: 1875
Episode: 2520 | Time: 1225
Episode: 2521 | Time: 1100
Episode: 2522 | Time: 1175
Episode: 2523 | Time: 1200
Episode: 2524 | Time: 1700
Episode: 2525 | Time: 1125
Episode: 2526 | Time: 1200
Episode: 2527 | Time: 1200
Episode: 2528 | Time: 1200
Episode: 2529 | Time: 1250
Episode: 2530 | Time: 1700
Episode: 2531 | Time: 1125
Episode: 2532 | Time: 1225
Episode: 2533 | Time: 1150
Episode: 2534 | Time: 1150
Episode: 2535 | Time: 1125
Episode: 2536 | Time: 1350
Episode: 2537 | Time: 1175
Episode: 2538 | Time: 1075
Episode: 2539 | Time: 1200
Episode: 2540 | Time: 1325
Episode: 2541 | Time: 1575
Episode: 2542 | Time: 1175
Episode: 2543 | Time: 1125
Episode: 2544 | Time: 1450
Episode: 2545 | Time: 1150
Episode: 2546 | Time: 250
Episode: 2547 | Time: 1425
Episode: 2548 | Time: 1400
Episode: 2549 | Time: 1175
Episode: 2550 | Time: 1200
Episode: 2551 | Time: 1150
Episode: 2552 | Time: 1100
Episode: 2553 | Time: 1750
Episode: 2554 | Time: 1375
Episode: 2555 | Time: 1475
Episode: 2556 | Time: 1325
Episode: 2557 | Time: 2175
Episode: 2558 | Time: 1200
Episode: 2559 | Time: 1550
Episode: 2560 | Time: 1675
Episode: 2561 | Time: 1175
Episode: 2562 | Time: 1125
Episode: 2563 | Time: 1225
Episode: 2564 | Time: 1200
Episode: 2565 | Time: 1125
Episode: 2566 | Time: 1175
Episode: 2567 | Time: 1150
Episode: 2568 | Time: 1400
Episode: 2569 | Time: 1750
Episode: 2570 | Time: 1825
Episode: 2571 | Time: 1300
Episode: 2572 | Time: 1125
Episode: 2573 | Time: 1375
Episode: 2574 | Time: 1425
Episode: 2575 | Time: 1675
Episode: 2576 | Time: 1225
Episode: 2577 | Time: 1475
Episode: 2578 | Time: 1175
Episode: 2579 | Time: 1175
Episode: 2580 | Time: 1475
Episode: 2581 | Time: 1300
Episode: 2582 | Time: 1375
Episode: 2583 | Time: 1350
Episode: 2584 | Time: 1275
Episode: 2585 | Time: 1725
Episode: 2586 | Time: 1175
Episode: 2587 | Time: 1675
Episode: 2588 | Time: 1225
Episode: 2589 | Time: 1425
Episode: 2590 | Time: 1225
Episode: 2591 | Time: 1650
Episode: 2592 | Time: 1425
Episode: 2593 | Time: 1500
Episode: 2594 | Time: 1225
Episode: 2595 | Time: 1900
Episode: 2596 | Time: 1325
Episode: 2597 | Time: 1225
Episode: 2598 | Time: 1575
Episode: 2599 | Time: 1400
Episode: 2600 | Time: 1100
Episode: 2601 | Time: 1200
Episode: 2602 | Time: 1425
Episode: 2603 | Time: 1375
Episode: 2604 | Time: 1275
Episode: 2605 | Time: 1175
Episode: 2606 | Time: 1300
Episode: 2607 | Time: 1200
Episode: 2608 | Time: 375
Episode: 2609 | Time: 1150
Episode: 2610 | Time: 1175
Episode: 2611 | Time: 1225
Episode: 2612 | Time: 1225
Episode: 2613 | Time: 1225
Episode: 2614 | Time: 1225
Episode: 2615 | Time: 1325
Episode: 2616 | Time: 1175
Episode: 2617 | Time: 850
Episode: 2618 | Time: 1200
Episode: 2619 | Time: 1500
Episode: 2620 | Time: 1575
Episode: 2621 | Time: 1975
Episode: 2622 | Time: 1700
Episode: 2623 | Time: 1175
Episode: 2624 | Time: 1450
Episode: 2625 | Time: 2000
Episode: 2626 | Time: 1725
Episode: 2627 | Time: 1625
Episode: 2628 | Time: 1775
Episode: 2629 | Time: 1450
Episode: 2630 | Time: 2000
Episode: 2631 | Time: 1225
Episode: 2632 | Time: 2125
Episode: 2633 | Time: 1375
Episode: 2634 | Time: 1350
Episode: 2635 | Time: 1225
Episode: 2636 | Time: 1200
Episode: 2637 | Time: 1200
Episode: 2638 | Time: 1200
Episode: 2639 | Time: 1475
Episode: 2640 | Time: 1300
Episode: 2641 | Time: 1275
Episode: 2642 | Time: 1400
Episode: 2643 | Time: 1125
Episode: 2644 | Time: 1100
Episode: 2645 | Time: 1200
Episode: 2646 | Time: 2325
Episode: 2647 | Time: 1350
Episode: 2648 | Time: 2050
Episode: 2649 | Time: 1775
Episode: 2650 | Time: 1900
Episode: 2651 | Time: 1575
Episode: 2652 | Time: 1800
Episode: 2653 | Time: 1950
Episode: 2654 | Time: 1400
Episode: 2655 | Time: 1250
Episode: 2656 | Time: 1350
Episode: 2657 | Time: 2225
Episode: 2658 | Time: 1200
Episode: 2659 | Time: 1400
Episode: 2660 | Time: 1175
Episode: 2661 | Time: 1525
Episode: 2662 | Time: 1200
Episode: 2663 | Time: 1200
Episode: 2664 | Time: 1975
Episode: 2665 | Time: 1150
Episode: 2666 | Time: 1350
Episode: 2667 | Time: 1225
Episode: 2668 | Time: 1425
Episode: 2669 | Time: 1375
Episode: 2670 | Time: 1250
Episode: 2671 | Time: 1500
Episode: 2672 | Time: 1250
Episode: 2673 | Time: 1100
Episode: 2674 | Time: 1700
Episode: 2675 | Time: 1725
Episode: 2676 | Time: 1650
Episode: 2677 | Time: 1175
Episode: 2678 | Time: 1175
Episode: 2679 | Time: 1525
Episode: 2680 | Time: 1175
Episode: 2681 | Time: 1325
Episode: 2682 | Time: 1350
Episode: 2683 | Time: 1200
Episode: 2684 | Time: 1250
Episode: 2685 | Time: 1400
Episode: 2686 | Time: 2275
Episode: 2687 | Time: 1100
Episode: 2688 | Time: 1175
Episode: 2689 | Time: 1700
Episode: 2690 | Time: 1475
Episode: 2691 | Time: 1775
Episode: 2692 | Time: 1325
Episode: 2693 | Time: 1150
Episode: 2694 | Time: 1100
Episode: 2695 | Time: 1125
Episode: 2696 | Time: 1975
Episode: 2697 | Time: 1225
Episode: 2698 | Time: 1700
Episode: 2699 | Time: 1275
Episode: 2700 | Time: 1175
Episode: 2701 | Time: 1175
Episode: 2702 | Time: 1400
Episode: 2703 | Time: 1125
Episode: 2704 | Time: 1150
Episode: 2705 | Time: 1425
Episode: 2706 | Time: 1175
Episode: 2707 | Time: 1400
Episode: 2708 | Time: 1400
Episode: 2709 | Time: 525
Episode: 2710 | Time: 1100
Episode: 2711 | Time: 1750
Episode: 2712 | Time: 1550
Episode: 2713 | Time: 1125
Episode: 2714 | Time: 1125
Episode: 2715 | Time: 2200
Episode: 2716 | Time: 1175
Episode: 2717 | Time: 1925
Episode: 2718 | Time: 1775
Episode: 2719 | Time: 1225
Episode: 2720 | Time: 1450
Episode: 2721 | Time: 1225
Episode: 2722 | Time: 1075
Episode: 2723 | Time: 1125
Episode: 2724 | Time: 1475
Episode: 2725 | Time: 1250
Episode: 2726 | Time: 1200
Episode: 2727 | Time: 1250
Episode: 2728 | Time: 1275
Episode: 2729 | Time: 1175
Episode: 2730 | Time: 1150
Episode: 2731 | Time: 1200
Episode: 2732 | Time: 1175
Episode: 2733 | Time: 1300
Episode: 2734 | Time: 1125
Episode: 2735 | Time: 1200
Episode: 2736 | Time: 1200
Episode: 2737 | Time: 1500
Episode: 2738 | Time: 1200
Episode: 2739 | Time: 1175
Episode: 2740 | Time: 1125
Episode: 2741 | Time: 1150
Episode: 2742 | Time: 1150
Episode: 2743 | Time: 1450
Episode: 2744 | Time: 1225
Episode: 2745 | Time: 1275
Episode: 2746 | Time: 1400
Episode: 2747 | Time: 1100
Episode: 2748 | Time: 1700
Episode: 2749 | Time: 2025
Episode: 2750 | Time: 1150
Episode: 2751 | Time: 1450
Episode: 2752 | Time: 1175
Episode: 2753 | Time: 1475
Episode: 2754 | Time: 1200
Episode: 2755 | Time: 1150
Episode: 2756 | Time: 1100
Episode: 2757 | Time: 1175
Episode: 2758 | Time: 1425
Episode: 2759 | Time: 1300
Episode: 2760 | Time: 1350
Episode: 2761 | Time: 1350
Episode: 2762 | Time: 1525
Episode: 2763 | Time: 1875
Episode: 2764 | Time: 575
Episode: 2765 | Time: 1475
Episode: 2766 | Time: 2000
Episode: 2767 | Time: 1675
Episode: 2768 | Time: 1425
Episode: 2769 | Time: 1650
Episode: 2770 | Time: 2025
Episode: 2771 | Time: 1450
Episode: 2772 | Time: 1300
Episode: 2773 | Time: 1150
Episode: 2774 | Time: 1425
Episode: 2775 | Time: 1300
Episode: 2776 | Time: 2025
Episode: 2777 | Time: 1300
Episode: 2778 | Time: 1375
Episode: 2779 | Time: 1175
Episode: 2780 | Time: 1450
Episode: 2781 | Time: 1400
Episode: 2782 | Time: 1525
Episode: 2783 | Time: 1250
Episode: 2784 | Time: 1275
Episode: 2785 | Time: 1375
Episode: 2786 | Time: 1275
Episode: 2787 | Time: 1150
Episode: 2788 | Time: 1175
Episode: 2789 | Time: 1975
Episode: 2790 | Time: 1275
Episode: 2791 | Time: 1325
Episode: 2792 | Time: 1150
Episode: 2793 | Time: 1175
Episode: 2794 | Time: 1300
Episode: 2795 | Time: 1325
Episode: 2796 | Time: 1400
Episode: 2797 | Time: 1200
Episode: 2798 | Time: 1350
Episode: 2799 | Time: 1175
Episode: 2800 | Time: 1775
Episode: 2801 | Time: 2300
Episode: 2802 | Time: 1150
Episode: 2803 | Time: 1125
Episode: 2804 | Time: 1725
Episode: 2805 | Time: 1525
Episode: 2806 | Time: 1350
Episode: 2807 | Time: 1675
Episode: 2808 | Time: 1425
Episode: 2809 | Time: 1075
Episode: 2810 | Time: 2000
Episode: 2811 | Time: 1425
Episode: 2812 | Time: 1475
Episode: 2813 | Time: 1150
Episode: 2814 | Time: 1200
Episode: 2815 | Time: 1200
Episode: 2816 | Time: 1500
Episode: 2817 | Time: 1200
Episode: 2818 | Time: 1450
Episode: 2819 | Time: 1475
Episode: 2820 | Time: 1400
Episode: 2821 | Time: 1400
Episode: 2822 | Time: 1150
Episode: 2823 | Time: 1275
Episode: 2824 | Time: 1575
Episode: 2825 | Time: 1100
Episode: 2826 | Time: 1150
Episode: 2827 | Time: 1450
Episode: 2828 | Time: 1175
Episode: 2829 | Time: 1225
Episode: 2830 | Time: 1250
Episode: 2831 | Time: 1550
Episode: 2832 | Time: 1450
Episode: 2833 | Time: 1150
Episode: 2834 | Time: 1725
Episode: 2835 | Time: 1325
Episode: 2836 | Time: 1600
Episode: 2837 | Time: 1475
Episode: 2838 | Time: 825
Episode: 2839 | Time: 1225
Episode: 2840 | Time: 1300
Episode: 2841 | Time: 2050
Episode: 2842 | Time: 1200
Episode: 2843 | Time: 1275
Episode: 2844 | Time: 1275
Episode: 2845 | Time: 1475
Episode: 2846 | Time: 1225
Episode: 2847 | Time: 1650
Episode: 2848 | Time: 1275
Episode: 2849 | Time: 1175
Episode: 2850 | Time: 1250
Episode: 2851 | Time: 1725
Episode: 2852 | Time: 1175
Episode: 2853 | Time: 1475
Episode: 2854 | Time: 1225
Episode: 2855 | Time: 1175
Episode: 2856 | Time: 1425
Episode: 2857 | Time: 1125
Episode: 2858 | Time: 1475
Episode: 2859 | Time: 1400
Episode: 2860 | Time: 1200
Episode: 2861 | Time: 1425
Episode: 2862 | Time: 1400
Episode: 2863 | Time: 250
Episode: 2864 | Time: 1300
Episode: 2865 | Time: 1725
Episode: 2866 | Time: 1625
Episode: 2867 | Time: 825
Episode: 2868 | Time: 1200
Episode: 2869 | Time: 1150
Episode: 2870 | Time: 1325
Episode: 2871 | Time: 1200
Episode: 2872 | Time: 1425
Episode: 2873 | Time: 1400
Episode: 2874 | Time: 1575
Episode: 2875 | Time: 1150
Episode: 2876 | Time: 1400
Episode: 2877 | Time: 1275
Episode: 2878 | Time: 1500
Episode: 2879 | Time: 1475
Episode: 2880 | Time: 1125
Episode: 2881 | Time: 1225
Episode: 2882 | Time: 1200
Episode: 2883 | Time: 775
Episode: 2884 | Time: 1500
Episode: 2885 | Time: 1425
Episode: 2886 | Time: 1125
Episode: 2887 | Time: 1300
Episode: 2888 | Time: 1175
Episode: 2889 | Time: 1275
Episode: 2890 | Time: 1150
Episode: 2891 | Time: 1175
Episode: 2892 | Time: 1175
Episode: 2893 | Time: 1300
Episode: 2894 | Time: 1175
Episode: 2895 | Time: 1150
Episode: 2896 | Time: 1575
Episode: 2897 | Time: 1425
Episode: 2898 | Time: 1175
Episode: 2899 | Time: 1225
Episode: 2900 | Time: 1175
Episode: 2901 | Time: 1850
Episode: 2902 | Time: 1250
Episode: 2903 | Time: 1425
Episode: 2904 | Time: 1650
Episode: 2905 | Time: 1775
Episode: 2906 | Time: 1800
Episode: 2907 | Time: 1300
Episode: 2908 | Time: 1750
Episode: 2909 | Time: 1825
Episode: 2910 | Time: 1325
Episode: 2911 | Time: 1250
Episode: 2912 | Time: 1425
Episode: 2913 | Time: 1250
Episode: 2914 | Time: 1125
Episode: 2915 | Time: 1700
Episode: 2916 | Time: 1375
Episode: 2917 | Time: 1750
Episode: 2918 | Time: 1175
Episode: 2919 | Time: 1450
Episode: 2920 | Time: 1425
Episode: 2921 | Time: 1150
Episode: 2922 | Time: 1325
Episode: 2923 | Time: 1275
Episode: 2924 | Time: 1250
Episode: 2925 | Time: 1225
Episode: 2926 | Time: 1700
Episode: 2927 | Time: 1975
Episode: 2928 | Time: 1400
Episode: 2929 | Time: 1125
Episode: 2930 | Time: 1150
Episode: 2931 | Time: 1300
Episode: 2932 | Time: 1675
Episode: 2933 | Time: 1200
Episode: 2934 | Time: 1100
Episode: 2935 | Time: 1600
Episode: 2936 | Time: 1150
Episode: 2937 | Time: 1125
Episode: 2938 | Time: 1175
Episode: 2939 | Time: 1175
Episode: 2940 | Time: 1275
Episode: 2941 | Time: 1375
Episode: 2942 | Time: 1125
Episode: 2943 | Time: 1525
Episode: 2944 | Time: 2100
Episode: 2945 | Time: 1425
Episode: 2946 | Time: 1125
Episode: 2947 | Time: 1450
Episode: 2948 | Time: 1275
Episode: 2949 | Time: 1475
Episode: 2950 | Time: 1200
Episode: 2951 | Time: 1150
Episode: 2952 | Time: 1125
Episode: 2953 | Time: 1175
Episode: 2954 | Time: 1175
Episode: 2955 | Time: 1725
Episode: 2956 | Time: 1475
Episode: 2957 | Time: 1975
Episode: 2958 | Time: 1400
Episode: 2959 | Time: 1450
Episode: 2960 | Time: 1775
Episode: 2961 | Time: 1150
Episode: 2962 | Time: 1425
Episode: 2963 | Time: 1500
Episode: 2964 | Time: 2000
Episode: 2965 | Time: 1700
Episode: 2966 | Time: 1675
Episode: 2967 | Time: 1125
Episode: 2968 | Time: 1225
Episode: 2969 | Time: 1150
Episode: 2970 | Time: 1350
Episode: 2971 | Time: 1150
Episode: 2972 | Time: 1200
Episode: 2973 | Time: 1200
Episode: 2974 | Time: 1025
Episode: 2975 | Time: 1400
Episode: 2976 | Time: 1125
Episode: 2977 | Time: 1350
Episode: 2978 | Time: 1200
Episode: 2979 | Time: 1825
Episode: 2980 | Time: 1200
Episode: 2981 | Time: 1725
Episode: 2982 | Time: 1450
Episode: 2983 | Time: 1350
Episode: 2984 | Time: 1425
Episode: 2985 | Time: 1850
Episode: 2986 | Time: 1925
Episode: 2987 | Time: 1275
Episode: 2988 | Time: 1150
Episode: 2989 | Time: 1375
Episode: 2990 | Time: 1175
Episode: 2991 | Time: 2025
Episode: 2992 | Time: 1250
Episode: 2993 | Time: 1825
Episode: 2994 | Time: 1400
Episode: 2995 | Time: 1900
Episode: 2996 | Time: 1375
Episode: 2997 | Time: 1200
Episode: 2998 | Time: 1150
Episode: 2999 | Time: 700
Record: 1075
Error: tcpip::Socket::recvAndCheck @ recv: peer shutdown
Quitting (on error).
